#                                                                                                             --- full sequence --- -------------- this domain -------------   hmm coord   ali coord   env coord
# target name                                         accession   tlen query name           accession   qlen   E-value  score  bias   #  of  c-Evalue  i-Evalue  score  bias  from    to  from    to  from    to  acc description of target
#                                 ------------------- ---------- ----- -------------------- ---------- ----- --------- ------ ----- --- --- --------- --------- ------ ----- ----- ----- ----- ----- ----- ----- ---- ---------------------
KC951854.1_Goatpox_virus_FZ_China_10_Jan_2012_goat_70 -           1286 10at10240            -           1113         0 1691.0  54.0   1   1         0         0 1680.8  54.0     1  1105     1  1261     1  1269 0.90 # 59702 # 63559 # 1 # ID=11_70;partial=00;start_type=ATG;rbs_motif=AAAAAA;rbs_spacer=13bp;gc_cont=0.290
MH381810.1_Goatpox_virus_AV41_China_Jan_2018_goat_70  -           1286 10at10240            -           1113         0 1691.0  54.0   1   1         0         0 1680.8  54.0     1  1105     1  1261     1  1269 0.90 # 59730 # 63587 # 1 # ID=9_70;partial=00;start_type=ATG;rbs_motif=AAAAAA;rbs_spacer=13bp;gc_cont=0.290
MN072620.1_Goatpox_virus_India_goat_69                -           1286 10at10240            -           1113         0 1691.0  54.0   1   1         0         0 1680.8  54.0     1  1105     1  1261     1  1269 0.90 # 59832 # 63689 # 1 # ID=8_69;partial=00;start_type=ATG;rbs_motif=AAAAAA;rbs_spacer=13bp;gc_cont=0.289
MN072621.1_Goatpox_virus_Vietnam_goat_70              -           1286 10at10240            -           1113         0 1691.0  54.0   1   1         0         0 1680.8  54.0     1  1105     1  1261     1  1269 0.90 # 59813 # 63670 # 1 # ID=7_70;partial=00;start_type=ATG;rbs_motif=AAAAAA;rbs_spacer=13bp;gc_cont=0.290
MW020570.1_Goatpox_virus_V103_goat_69                 -           1286 10at10240            -           1113         0 1691.0  54.0   1   1         0         0 1680.8  54.0     1  1105     1  1261     1  1269 0.90 # 59921 # 63778 # 1 # ID=2_69;partial=00;start_type=ATG;rbs_motif=AAAAAA;rbs_spacer=13bp;gc_cont=0.289
MN072623.1_Goatpox_virus_Oman_goat_67                 -           1286 10at10240            -           1113         0 1690.9  54.2   1   1         0         0 1680.8  54.2     1  1105     1  1261     1  1269 0.90 # 59747 # 63604 # 1 # ID=5_67;partial=00;start_type=ATG;rbs_motif=AAAAAA;rbs_spacer=13bp;gc_cont=0.288
MN072624.1_Goatpox_virus_Sudan_goat_68                -           1286 10at10240            -           1113         0 1690.9  54.2   1   1         0         0 1680.8  54.2     1  1105     1  1261     1  1269 0.90 # 59776 # 63633 # 1 # ID=4_68;partial=00;start_type=ATG;rbs_motif=AAAAAA;rbs_spacer=13bp;gc_cont=0.287
MN072625.1_Goatpox_virus_Yemen_goat_69                -           1286 10at10240            -           1113         0 1690.9  54.2   1   1         0         0 1680.8  54.2     1  1105     1  1261     1  1269 0.90 # 59849 # 63706 # 1 # ID=3_69;partial=00;start_type=ATG;rbs_motif=AAAAAA;rbs_spacer=13bp;gc_cont=0.287
AY077835.1_Goatpox_virus_Pellor_2000_70               -           1286 10at10240            -           1113         0 1690.9  54.0   1   1         0         0 1680.8  54.0     1  1105     1  1261     1  1269 0.90 # 59406 # 63263 # 1 # ID=13_70;partial=00;start_type=ATG;rbs_motif=AAAAAA;rbs_spacer=13bp;gc_cont=0.288
AY077836.1_Goatpox_virus_G20_LKV_2000_71              -           1286 10at10240            -           1113         0 1690.9  54.0   1   1         0         0 1680.8  54.0     1  1105     1  1261     1  1269 0.90 # 59469 # 63326 # 1 # ID=12_71;partial=00;start_type=ATG;rbs_motif=AAAAAA;rbs_spacer=13bp;gc_cont=0.288
KX576657.1_Goatpox_virus_Gorgan_Iran_1965_goat_70     -           1286 10at10240            -           1113         0 1690.9  54.0   1   1         0         0 1680.8  54.0     1  1105     1  1261     1  1269 0.90 # 59530 # 63387 # 1 # ID=10_70;partial=00;start_type=ATG;rbs_motif=AAAAAA;rbs_spacer=13bp;gc_cont=0.288
MN072622.1_Goatpox_virus_Turkey_goat_68               -           1286 10at10240            -           1113         0 1690.9  54.0   1   1         0         0 1680.8  54.0     1  1105     1  1261     1  1269 0.90 # 59586 # 63443 # 1 # ID=6_68;partial=00;start_type=ATG;rbs_motif=AAAAAA;rbs_spacer=13bp;gc_cont=0.289
NC_004003.1_Goatpox_virus_Pellor_2000_70              -           1286 10at10240            -           1113         0 1690.9  54.0   1   1         0         0 1680.8  54.0     1  1105     1  1261     1  1269 0.90 # 59406 # 63263 # 1 # ID=1_70;partial=00;start_type=ATG;rbs_motif=AAAAAA;rbs_spacer=13bp;gc_cont=0.288
#
# Program:         hmmsearch
# Version:         3.3.2 (Nov 2020)
# Pipeline mode:   SEARCH
# Query file:      /mnt/lustre/RDS-live/downing/LSDV_PVG/GOATPOXVIRUS/busco_downloads/lineages/poxviridae_odb10/hmms/10at10240.hmm
# Target file:     /mnt/lustre/RDS-live/downing/LSDV_PVG/GOATPOXVIRUS/BUSCO/prodigal_output/predicted_genes/predicted.faa
# Option settings: hmmsearch --domtblout /mnt/lustre/RDS-live/downing/LSDV_PVG/GOATPOXVIRUS/BUSCO/run_poxviridae_odb10/hmmer_output/10at10240.out --cpu 1 /mnt/lustre/RDS-live/downing/LSDV_PVG/GOATPOXVIRUS/busco_downloads/lineages/poxviridae_odb10/hmms/10at10240.hmm /mnt/lustre/RDS-live/downing/LSDV_PVG/GOATPOXVIRUS/BUSCO/prodigal_output/predicted_genes/predicted.faa 
# Current dir:     /mnt/lustre/RDS-live/downing/LSDV_PVG/GOATPOXVIRUS
# Date:            Tue Apr 16 16:00:26 2024
# [ok]
