#                                                                                                             --- full sequence --- -------------- this domain -------------   hmm coord   ali coord   env coord
# target name                                         accession   tlen query name           accession   qlen   E-value  score  bias   #  of  c-Evalue  i-Evalue  score  bias  from    to  from    to  from    to  acc description of target
#                                 ------------------- ---------- ----- -------------------- ---------- ----- --------- ------ ----- --- --- --------- --------- ------ ----- ----- ----- ----- ----- ----- ----- ---- ---------------------
AY077835.1_Goatpox_virus_Pellor_2000_89               -            550 118at10240           -            455  4.3e-180  595.8  35.9   1   1  3.1e-181  4.7e-179  592.4  35.9     1   455     1   547     1   547 0.87 # 83567 # 85216 # -1 # ID=13_89;partial=00;start_type=ATG;rbs_motif=None;rbs_spacer=None;gc_cont=0.295
AY077836.1_Goatpox_virus_G20_LKV_2000_90              -            550 118at10240           -            455  4.3e-180  595.8  35.9   1   1  3.1e-181  4.7e-179  592.4  35.9     1   455     1   547     1   547 0.87 # 83630 # 85279 # -1 # ID=12_90;partial=00;start_type=ATG;rbs_motif=None;rbs_spacer=None;gc_cont=0.295
KC951854.1_Goatpox_virus_FZ_China_10_Jan_2012_goat_89 -            550 118at10240           -            455  4.3e-180  595.8  35.9   1   1  3.1e-181  4.7e-179  592.4  35.9     1   455     1   547     1   547 0.87 # 83845 # 85494 # -1 # ID=11_89;partial=00;start_type=ATG;rbs_motif=None;rbs_spacer=None;gc_cont=0.295
KX576657.1_Goatpox_virus_Gorgan_Iran_1965_goat_89     -            550 118at10240           -            455  4.3e-180  595.8  35.9   1   1  3.1e-181  4.7e-179  592.4  35.9     1   455     1   547     1   547 0.87 # 83691 # 85340 # -1 # ID=10_89;partial=00;start_type=ATG;rbs_motif=None;rbs_spacer=None;gc_cont=0.295
MH381810.1_Goatpox_virus_AV41_China_Jan_2018_goat_89  -            550 118at10240           -            455  4.3e-180  595.8  35.9   1   1  3.1e-181  4.7e-179  592.4  35.9     1   455     1   547     1   547 0.87 # 83874 # 85523 # -1 # ID=9_89;partial=00;start_type=ATG;rbs_motif=None;rbs_spacer=None;gc_cont=0.295
MN072620.1_Goatpox_virus_India_goat_88                -            550 118at10240           -            455  4.3e-180  595.8  35.9   1   1  3.1e-181  4.7e-179  592.4  35.9     1   455     1   547     1   547 0.87 # 83964 # 85613 # -1 # ID=8_88;partial=00;start_type=ATG;rbs_motif=None;rbs_spacer=None;gc_cont=0.295
MN072621.1_Goatpox_virus_Vietnam_goat_89              -            550 118at10240           -            455  4.3e-180  595.8  35.9   1   1  3.1e-181  4.7e-179  592.4  35.9     1   455     1   547     1   547 0.87 # 83934 # 85583 # -1 # ID=7_89;partial=00;start_type=ATG;rbs_motif=None;rbs_spacer=None;gc_cont=0.295
MN072622.1_Goatpox_virus_Turkey_goat_87               -            550 118at10240           -            455  4.3e-180  595.8  35.9   1   1  3.1e-181  4.7e-179  592.4  35.9     1   455     1   547     1   547 0.87 # 83735 # 85384 # -1 # ID=6_87;partial=00;start_type=ATG;rbs_motif=None;rbs_spacer=None;gc_cont=0.295
MW020570.1_Goatpox_virus_V103_goat_88                 -            550 118at10240           -            455  4.3e-180  595.8  35.9   1   1  3.1e-181  4.7e-179  592.4  35.9     1   455     1   547     1   547 0.87 # 84053 # 85702 # -1 # ID=2_88;partial=00;start_type=ATG;rbs_motif=None;rbs_spacer=None;gc_cont=0.295
NC_004003.1_Goatpox_virus_Pellor_2000_89              -            550 118at10240           -            455  4.3e-180  595.8  35.9   1   1  3.1e-181  4.7e-179  592.4  35.9     1   455     1   547     1   547 0.87 # 83567 # 85216 # -1 # ID=1_89;partial=00;start_type=ATG;rbs_motif=None;rbs_spacer=None;gc_cont=0.295
MN072623.1_Goatpox_virus_Oman_goat_86                 -            550 118at10240           -            455  5.2e-180  595.5  36.1   1   1  3.8e-181  5.7e-179  592.1  36.1     1   455     1   547     1   547 0.87 # 83881 # 85530 # -1 # ID=5_86;partial=00;start_type=ATG;rbs_motif=None;rbs_spacer=None;gc_cont=0.293
MN072624.1_Goatpox_virus_Sudan_goat_87                -            550 118at10240           -            455  5.2e-180  595.5  36.1   1   1  3.8e-181  5.7e-179  592.1  36.1     1   455     1   547     1   547 0.87 # 83915 # 85564 # -1 # ID=4_87;partial=00;start_type=ATG;rbs_motif=None;rbs_spacer=None;gc_cont=0.293
MN072625.1_Goatpox_virus_Yemen_goat_88                -            550 118at10240           -            455  5.2e-180  595.5  36.1   1   1  3.8e-181  5.7e-179  592.1  36.1     1   455     1   547     1   547 0.87 # 83983 # 85632 # -1 # ID=3_88;partial=00;start_type=ATG;rbs_motif=None;rbs_spacer=None;gc_cont=0.294
#
# Program:         hmmsearch
# Version:         3.3.2 (Nov 2020)
# Pipeline mode:   SEARCH
# Query file:      /mnt/lustre/RDS-live/downing/LSDV_PVG/GOATPOXVIRUS/busco_downloads/lineages/poxviridae_odb10/hmms/118at10240.hmm
# Target file:     /mnt/lustre/RDS-live/downing/LSDV_PVG/GOATPOXVIRUS/BUSCO/prodigal_output/predicted_genes/predicted.faa
# Option settings: hmmsearch --domtblout /mnt/lustre/RDS-live/downing/LSDV_PVG/GOATPOXVIRUS/BUSCO/run_poxviridae_odb10/hmmer_output/118at10240.out --cpu 1 /mnt/lustre/RDS-live/downing/LSDV_PVG/GOATPOXVIRUS/busco_downloads/lineages/poxviridae_odb10/hmms/118at10240.hmm /mnt/lustre/RDS-live/downing/LSDV_PVG/GOATPOXVIRUS/BUSCO/prodigal_output/predicted_genes/predicted.faa 
# Current dir:     /mnt/lustre/RDS-live/downing/LSDV_PVG/GOATPOXVIRUS
# Date:            Tue Apr 16 16:00:27 2024
# [ok]
