#                                                                                                              --- full sequence --- -------------- this domain -------------   hmm coord   ali coord   env coord
# target name                                          accession   tlen query name           accession   qlen   E-value  score  bias   #  of  c-Evalue  i-Evalue  score  bias  from    to  from    to  from    to  acc description of target
#                                  ------------------- ---------- ----- -------------------- ---------- ----- --------- ------ ----- --- --- --------- --------- ------ ----- ----- ----- ----- ----- ----- ----- ---- ---------------------
KC951854.1_Goatpox_virus_FZ_China_10_Jan_2012_goat_114 -           1157 14at10240            -           1026         0 1704.1  35.4   1   1         0         0 1703.8  35.4     1  1021     1  1131     1  1135 0.94 # 106529 # 109999 # 1 # ID=11_114;partial=00;start_type=ATG;rbs_motif=AAAAAA;rbs_spacer=15bp;gc_cont=0.301
MH381810.1_Goatpox_virus_AV41_China_Jan_2018_goat_114  -           1157 14at10240            -           1026         0 1704.1  35.4   1   1         0         0 1703.8  35.4     1  1021     1  1131     1  1135 0.94 # 106558 # 110028 # 1 # ID=9_114;partial=00;start_type=ATG;rbs_motif=AAAAAA;rbs_spacer=15bp;gc_cont=0.301
MN072620.1_Goatpox_virus_India_goat_113                -           1157 14at10240            -           1026         0 1704.1  35.4   1   1         0         0 1703.8  35.4     1  1021     1  1131     1  1135 0.94 # 106651 # 110121 # 1 # ID=8_113;partial=00;start_type=ATG;rbs_motif=AAAAAA;rbs_spacer=15bp;gc_cont=0.301
MN072621.1_Goatpox_virus_Vietnam_goat_114              -           1157 14at10240            -           1026         0 1704.1  35.4   1   1         0         0 1703.8  35.4     1  1021     1  1131     1  1135 0.94 # 106619 # 110089 # 1 # ID=7_114;partial=00;start_type=ATG;rbs_motif=AAAAAA;rbs_spacer=15bp;gc_cont=0.301
MW020570.1_Goatpox_virus_V103_goat_113                 -           1157 14at10240            -           1026         0 1704.1  35.4   1   1         0         0 1703.8  35.4     1  1021     1  1131     1  1135 0.94 # 106740 # 110210 # 1 # ID=2_113;partial=00;start_type=ATG;rbs_motif=AAAAAA;rbs_spacer=15bp;gc_cont=0.301
AY077835.1_Goatpox_virus_Pellor_2000_114               -           1157 14at10240            -           1026         0 1703.8  35.1   1   1         0         0 1703.6  35.1     1  1021     1  1131     1  1135 0.94 # 106252 # 109722 # 1 # ID=13_114;partial=00;start_type=ATG;rbs_motif=AAAAAA;rbs_spacer=15bp;gc_cont=0.300
AY077836.1_Goatpox_virus_G20_LKV_2000_115              -           1157 14at10240            -           1026         0 1703.8  35.1   1   1         0         0 1703.6  35.1     1  1021     1  1131     1  1135 0.94 # 106315 # 109785 # 1 # ID=12_115;partial=00;start_type=ATG;rbs_motif=AAAAAA;rbs_spacer=15bp;gc_cont=0.300
KX576657.1_Goatpox_virus_Gorgan_Iran_1965_goat_114     -           1157 14at10240            -           1026         0 1703.8  35.1   1   1         0         0 1703.6  35.1     1  1021     1  1131     1  1135 0.94 # 106376 # 109846 # 1 # ID=10_114;partial=00;start_type=ATG;rbs_motif=AAAAAA;rbs_spacer=15bp;gc_cont=0.300
MN072622.1_Goatpox_virus_Turkey_goat_112               -           1157 14at10240            -           1026         0 1703.8  35.1   1   1         0         0 1703.6  35.1     1  1021     1  1131     1  1135 0.94 # 106421 # 109891 # 1 # ID=6_112;partial=00;start_type=ATG;rbs_motif=AAAAAA;rbs_spacer=15bp;gc_cont=0.300
NC_004003.1_Goatpox_virus_Pellor_2000_114              -           1157 14at10240            -           1026         0 1703.8  35.1   1   1         0         0 1703.6  35.1     1  1021     1  1131     1  1135 0.94 # 106252 # 109722 # 1 # ID=1_114;partial=00;start_type=ATG;rbs_motif=AAAAAA;rbs_spacer=15bp;gc_cont=0.300
MN072624.1_Goatpox_virus_Sudan_goat_112                -           1157 14at10240            -           1026         0 1703.1  35.0   1   1         0         0 1702.8  35.0     1  1021     1  1131     1  1135 0.94 # 106611 # 110081 # 1 # ID=4_112;partial=00;start_type=ATG;rbs_motif=AAAAAA;rbs_spacer=15bp;gc_cont=0.298
MN072623.1_Goatpox_virus_Oman_goat_111                 -           1157 14at10240            -           1026         0 1701.8  35.0   1   1         0         0 1701.5  35.0     1  1021     1  1131     1  1135 0.94 # 106576 # 110046 # 1 # ID=5_111;partial=00;start_type=ATG;rbs_motif=AAAAAA;rbs_spacer=15bp;gc_cont=0.296
MN072625.1_Goatpox_virus_Yemen_goat_113                -           1157 14at10240            -           1026         0 1701.8  35.0   1   1         0         0 1701.5  35.0     1  1021     1  1131     1  1135 0.94 # 106677 # 110147 # 1 # ID=3_113;partial=00;start_type=ATG;rbs_motif=AAAAAA;rbs_spacer=15bp;gc_cont=0.297
#
# Program:         hmmsearch
# Version:         3.3.2 (Nov 2020)
# Pipeline mode:   SEARCH
# Query file:      /mnt/lustre/RDS-live/downing/LSDV_PVG/GOATPOXVIRUS/busco_downloads/lineages/poxviridae_odb10/hmms/14at10240.hmm
# Target file:     /mnt/lustre/RDS-live/downing/LSDV_PVG/GOATPOXVIRUS/BUSCO/prodigal_output/predicted_genes/predicted.faa
# Option settings: hmmsearch --domtblout /mnt/lustre/RDS-live/downing/LSDV_PVG/GOATPOXVIRUS/BUSCO/run_poxviridae_odb10/hmmer_output/14at10240.out --cpu 1 /mnt/lustre/RDS-live/downing/LSDV_PVG/GOATPOXVIRUS/busco_downloads/lineages/poxviridae_odb10/hmms/14at10240.hmm /mnt/lustre/RDS-live/downing/LSDV_PVG/GOATPOXVIRUS/BUSCO/prodigal_output/predicted_genes/predicted.faa 
# Current dir:     /mnt/lustre/RDS-live/downing/LSDV_PVG/GOATPOXVIRUS
# Date:            Tue Apr 16 16:00:27 2024
# [ok]
