#                                                                                                              --- full sequence --- -------------- this domain -------------   hmm coord   ali coord   env coord
# target name                                          accession   tlen query name           accession   qlen   E-value  score  bias   #  of  c-Evalue  i-Evalue  score  bias  from    to  from    to  from    to  acc description of target
#                                  ------------------- ---------- ----- -------------------- ---------- ----- --------- ------ ----- --- --- --------- --------- ------ ----- ----- ----- ----- ----- ----- ----- ---- ---------------------
AY077835.1_Goatpox_virus_Pellor_2000_106               -            378 159at10240           -            255   6.9e-91  300.9  29.7   1   3     7e-11   5.3e-09   32.6   0.0    10    57    52   106    46   112 0.82 # 99529 # 100662 # -1 # ID=13_106;partial=00;start_type=ATG;rbs_motif=None;rbs_spacer=None;gc_cont=0.249
AY077835.1_Goatpox_virus_Pellor_2000_106               -            378 159at10240           -            255   6.9e-91  300.9  29.7   2   3   4.1e-81   3.1e-79  262.7  21.7    53   235   119   317   114   323 0.92 # 99529 # 100662 # -1 # ID=13_106;partial=00;start_type=ATG;rbs_motif=None;rbs_spacer=None;gc_cont=0.249
AY077835.1_Goatpox_virus_Pellor_2000_106               -            378 159at10240           -            255   6.9e-91  300.9  29.7   3   3   0.00059     0.045    9.9   0.2   235   255   347   367   334   367 0.89 # 99529 # 100662 # -1 # ID=13_106;partial=00;start_type=ATG;rbs_motif=None;rbs_spacer=None;gc_cont=0.249
AY077836.1_Goatpox_virus_G20_LKV_2000_107              -            378 159at10240           -            255   6.9e-91  300.9  29.7   1   3     7e-11   5.3e-09   32.6   0.0    10    57    52   106    46   112 0.82 # 99592 # 100725 # -1 # ID=12_107;partial=00;start_type=ATG;rbs_motif=None;rbs_spacer=None;gc_cont=0.249
AY077836.1_Goatpox_virus_G20_LKV_2000_107              -            378 159at10240           -            255   6.9e-91  300.9  29.7   2   3   4.1e-81   3.1e-79  262.7  21.7    53   235   119   317   114   323 0.92 # 99592 # 100725 # -1 # ID=12_107;partial=00;start_type=ATG;rbs_motif=None;rbs_spacer=None;gc_cont=0.249
AY077836.1_Goatpox_virus_G20_LKV_2000_107              -            378 159at10240           -            255   6.9e-91  300.9  29.7   3   3   0.00059     0.045    9.9   0.2   235   255   347   367   334   367 0.89 # 99592 # 100725 # -1 # ID=12_107;partial=00;start_type=ATG;rbs_motif=None;rbs_spacer=None;gc_cont=0.249
KX576657.1_Goatpox_virus_Gorgan_Iran_1965_goat_106     -            378 159at10240           -            255   6.9e-91  300.9  29.7   1   3     7e-11   5.3e-09   32.6   0.0    10    57    52   106    46   112 0.82 # 99653 # 100786 # -1 # ID=10_106;partial=00;start_type=ATG;rbs_motif=None;rbs_spacer=None;gc_cont=0.249
KX576657.1_Goatpox_virus_Gorgan_Iran_1965_goat_106     -            378 159at10240           -            255   6.9e-91  300.9  29.7   2   3   4.1e-81   3.1e-79  262.7  21.7    53   235   119   317   114   323 0.92 # 99653 # 100786 # -1 # ID=10_106;partial=00;start_type=ATG;rbs_motif=None;rbs_spacer=None;gc_cont=0.249
KX576657.1_Goatpox_virus_Gorgan_Iran_1965_goat_106     -            378 159at10240           -            255   6.9e-91  300.9  29.7   3   3   0.00059     0.045    9.9   0.2   235   255   347   367   334   367 0.89 # 99653 # 100786 # -1 # ID=10_106;partial=00;start_type=ATG;rbs_motif=None;rbs_spacer=None;gc_cont=0.249
MN072622.1_Goatpox_virus_Turkey_goat_104               -            378 159at10240           -            255   6.9e-91  300.9  29.7   1   3     7e-11   5.3e-09   32.6   0.0    10    57    52   106    46   112 0.82 # 99698 # 100831 # -1 # ID=6_104;partial=00;start_type=ATG;rbs_motif=None;rbs_spacer=None;gc_cont=0.249
MN072622.1_Goatpox_virus_Turkey_goat_104               -            378 159at10240           -            255   6.9e-91  300.9  29.7   2   3   4.1e-81   3.1e-79  262.7  21.7    53   235   119   317   114   323 0.92 # 99698 # 100831 # -1 # ID=6_104;partial=00;start_type=ATG;rbs_motif=None;rbs_spacer=None;gc_cont=0.249
MN072622.1_Goatpox_virus_Turkey_goat_104               -            378 159at10240           -            255   6.9e-91  300.9  29.7   3   3   0.00059     0.045    9.9   0.2   235   255   347   367   334   367 0.89 # 99698 # 100831 # -1 # ID=6_104;partial=00;start_type=ATG;rbs_motif=None;rbs_spacer=None;gc_cont=0.249
NC_004003.1_Goatpox_virus_Pellor_2000_106              -            378 159at10240           -            255   6.9e-91  300.9  29.7   1   3     7e-11   5.3e-09   32.6   0.0    10    57    52   106    46   112 0.82 # 99529 # 100662 # -1 # ID=1_106;partial=00;start_type=ATG;rbs_motif=None;rbs_spacer=None;gc_cont=0.249
NC_004003.1_Goatpox_virus_Pellor_2000_106              -            378 159at10240           -            255   6.9e-91  300.9  29.7   2   3   4.1e-81   3.1e-79  262.7  21.7    53   235   119   317   114   323 0.92 # 99529 # 100662 # -1 # ID=1_106;partial=00;start_type=ATG;rbs_motif=None;rbs_spacer=None;gc_cont=0.249
NC_004003.1_Goatpox_virus_Pellor_2000_106              -            378 159at10240           -            255   6.9e-91  300.9  29.7   3   3   0.00059     0.045    9.9   0.2   235   255   347   367   334   367 0.89 # 99529 # 100662 # -1 # ID=1_106;partial=00;start_type=ATG;rbs_motif=None;rbs_spacer=None;gc_cont=0.249
KC951854.1_Goatpox_virus_FZ_China_10_Jan_2012_goat_106 -            378 159at10240           -            255   7.3e-91  300.9  29.4   1   3   9.1e-11   6.9e-09   32.2   0.0    10    57    52   106    46   112 0.82 # 99806 # 100939 # -1 # ID=11_106;partial=00;start_type=ATG;rbs_motif=None;rbs_spacer=None;gc_cont=0.250
KC951854.1_Goatpox_virus_FZ_China_10_Jan_2012_goat_106 -            378 159at10240           -            255   7.3e-91  300.9  29.4   2   3   4.1e-81   3.1e-79  262.7  21.7    53   235   119   317   114   323 0.92 # 99806 # 100939 # -1 # ID=11_106;partial=00;start_type=ATG;rbs_motif=None;rbs_spacer=None;gc_cont=0.250
KC951854.1_Goatpox_virus_FZ_China_10_Jan_2012_goat_106 -            378 159at10240           -            255   7.3e-91  300.9  29.4   3   3   0.00059     0.045    9.9   0.2   235   255   347   367   334   367 0.89 # 99806 # 100939 # -1 # ID=11_106;partial=00;start_type=ATG;rbs_motif=None;rbs_spacer=None;gc_cont=0.250
MH381810.1_Goatpox_virus_AV41_China_Jan_2018_goat_106  -            378 159at10240           -            255   7.3e-91  300.9  29.4   1   3   9.1e-11   6.9e-09   32.2   0.0    10    57    52   106    46   112 0.82 # 99835 # 100968 # -1 # ID=9_106;partial=00;start_type=ATG;rbs_motif=None;rbs_spacer=None;gc_cont=0.250
MH381810.1_Goatpox_virus_AV41_China_Jan_2018_goat_106  -            378 159at10240           -            255   7.3e-91  300.9  29.4   2   3   4.1e-81   3.1e-79  262.7  21.7    53   235   119   317   114   323 0.92 # 99835 # 100968 # -1 # ID=9_106;partial=00;start_type=ATG;rbs_motif=None;rbs_spacer=None;gc_cont=0.250
MH381810.1_Goatpox_virus_AV41_China_Jan_2018_goat_106  -            378 159at10240           -            255   7.3e-91  300.9  29.4   3   3   0.00059     0.045    9.9   0.2   235   255   347   367   334   367 0.89 # 99835 # 100968 # -1 # ID=9_106;partial=00;start_type=ATG;rbs_motif=None;rbs_spacer=None;gc_cont=0.250
MN072620.1_Goatpox_virus_India_goat_105                -            378 159at10240           -            255   7.3e-91  300.9  29.4   1   3   9.1e-11   6.9e-09   32.2   0.0    10    57    52   106    46   112 0.82 # 99928 # 101061 # -1 # ID=8_105;partial=00;start_type=ATG;rbs_motif=None;rbs_spacer=None;gc_cont=0.250
MN072620.1_Goatpox_virus_India_goat_105                -            378 159at10240           -            255   7.3e-91  300.9  29.4   2   3   4.1e-81   3.1e-79  262.7  21.7    53   235   119   317   114   323 0.92 # 99928 # 101061 # -1 # ID=8_105;partial=00;start_type=ATG;rbs_motif=None;rbs_spacer=None;gc_cont=0.250
MN072620.1_Goatpox_virus_India_goat_105                -            378 159at10240           -            255   7.3e-91  300.9  29.4   3   3   0.00059     0.045    9.9   0.2   235   255   347   367   334   367 0.89 # 99928 # 101061 # -1 # ID=8_105;partial=00;start_type=ATG;rbs_motif=None;rbs_spacer=None;gc_cont=0.250
MN072621.1_Goatpox_virus_Vietnam_goat_106              -            378 159at10240           -            255   7.3e-91  300.9  29.4   1   3   9.1e-11   6.9e-09   32.2   0.0    10    57    52   106    46   112 0.82 # 99896 # 101029 # -1 # ID=7_106;partial=00;start_type=ATG;rbs_motif=None;rbs_spacer=None;gc_cont=0.250
MN072621.1_Goatpox_virus_Vietnam_goat_106              -            378 159at10240           -            255   7.3e-91  300.9  29.4   2   3   4.1e-81   3.1e-79  262.7  21.7    53   235   119   317   114   323 0.92 # 99896 # 101029 # -1 # ID=7_106;partial=00;start_type=ATG;rbs_motif=None;rbs_spacer=None;gc_cont=0.250
MN072621.1_Goatpox_virus_Vietnam_goat_106              -            378 159at10240           -            255   7.3e-91  300.9  29.4   3   3   0.00059     0.045    9.9   0.2   235   255   347   367   334   367 0.89 # 99896 # 101029 # -1 # ID=7_106;partial=00;start_type=ATG;rbs_motif=None;rbs_spacer=None;gc_cont=0.250
MW020570.1_Goatpox_virus_V103_goat_105                 -            378 159at10240           -            255   7.3e-91  300.9  29.4   1   3   9.1e-11   6.9e-09   32.2   0.0    10    57    52   106    46   112 0.82 # 100017 # 101150 # -1 # ID=2_105;partial=00;start_type=ATG;rbs_motif=None;rbs_spacer=None;gc_cont=0.250
MW020570.1_Goatpox_virus_V103_goat_105                 -            378 159at10240           -            255   7.3e-91  300.9  29.4   2   3   4.1e-81   3.1e-79  262.7  21.7    53   235   119   317   114   323 0.92 # 100017 # 101150 # -1 # ID=2_105;partial=00;start_type=ATG;rbs_motif=None;rbs_spacer=None;gc_cont=0.250
MW020570.1_Goatpox_virus_V103_goat_105                 -            378 159at10240           -            255   7.3e-91  300.9  29.4   3   3   0.00059     0.045    9.9   0.2   235   255   347   367   334   367 0.89 # 100017 # 101150 # -1 # ID=2_105;partial=00;start_type=ATG;rbs_motif=None;rbs_spacer=None;gc_cont=0.250
MN072623.1_Goatpox_virus_Oman_goat_103                 -            378 159at10240           -            255   7.6e-91  300.8  30.4   1   3   9.1e-11   6.9e-09   32.2   0.0    10    57    52   106    46   112 0.82 # 99857 # 100990 # -1 # ID=5_103;partial=00;start_type=ATG;rbs_motif=None;rbs_spacer=None;gc_cont=0.251
MN072623.1_Goatpox_virus_Oman_goat_103                 -            378 159at10240           -            255   7.6e-91  300.8  30.4   2   3   4.3e-81   3.3e-79  262.7  22.7    53   235   119   317   114   323 0.91 # 99857 # 100990 # -1 # ID=5_103;partial=00;start_type=ATG;rbs_motif=None;rbs_spacer=None;gc_cont=0.251
MN072623.1_Goatpox_virus_Oman_goat_103                 -            378 159at10240           -            255   7.6e-91  300.8  30.4   3   3   0.00059     0.045    9.9   0.2   235   255   347   367   334   367 0.89 # 99857 # 100990 # -1 # ID=5_103;partial=00;start_type=ATG;rbs_motif=None;rbs_spacer=None;gc_cont=0.251
MN072625.1_Goatpox_virus_Yemen_goat_105                -            378 159at10240           -            255   7.6e-91  300.8  30.4   1   3   9.1e-11   6.9e-09   32.2   0.0    10    57    52   106    46   112 0.82 # 99958 # 101091 # -1 # ID=3_105;partial=00;start_type=ATG;rbs_motif=None;rbs_spacer=None;gc_cont=0.251
MN072625.1_Goatpox_virus_Yemen_goat_105                -            378 159at10240           -            255   7.6e-91  300.8  30.4   2   3   4.3e-81   3.3e-79  262.7  22.7    53   235   119   317   114   323 0.91 # 99958 # 101091 # -1 # ID=3_105;partial=00;start_type=ATG;rbs_motif=None;rbs_spacer=None;gc_cont=0.251
MN072625.1_Goatpox_virus_Yemen_goat_105                -            378 159at10240           -            255   7.6e-91  300.8  30.4   3   3   0.00059     0.045    9.9   0.2   235   255   347   367   334   367 0.89 # 99958 # 101091 # -1 # ID=3_105;partial=00;start_type=ATG;rbs_motif=None;rbs_spacer=None;gc_cont=0.251
MN072624.1_Goatpox_virus_Sudan_goat_104                -            378 159at10240           -            255   2.8e-90  298.9  29.9   1   3   9.1e-11   6.9e-09   32.2   0.0    10    57    52   106    46   112 0.82 # 99888 # 101021 # -1 # ID=4_104;partial=00;start_type=ATG;rbs_motif=None;rbs_spacer=None;gc_cont=0.250
MN072624.1_Goatpox_virus_Sudan_goat_104                -            378 159at10240           -            255   2.8e-90  298.9  29.9   2   3   1.6e-80   1.2e-78  260.8  22.2    53   235   119   317   114   323 0.91 # 99888 # 101021 # -1 # ID=4_104;partial=00;start_type=ATG;rbs_motif=None;rbs_spacer=None;gc_cont=0.250
MN072624.1_Goatpox_virus_Sudan_goat_104                -            378 159at10240           -            255   2.8e-90  298.9  29.9   3   3   0.00059     0.045    9.9   0.2   235   255   347   367   334   367 0.89 # 99888 # 101021 # -1 # ID=4_104;partial=00;start_type=ATG;rbs_motif=None;rbs_spacer=None;gc_cont=0.250
KC951854.1_Goatpox_virus_FZ_China_10_Jan_2012_goat_69  -            134 159at10240           -            255   5.4e-07   26.0   5.1   1   1   8.9e-09   6.8e-07   25.7   5.1   151   235     3    90     1   100 0.85 # 59212 # 59613 # -1 # ID=11_69;partial=00;start_type=ATG;rbs_motif=TTTT;rbs_spacer=15bp;gc_cont=0.249
MN072620.1_Goatpox_virus_India_goat_68                 -            134 159at10240           -            255   5.4e-07   26.0   5.1   1   1   8.9e-09   6.8e-07   25.7   5.1   151   235     3    90     1   100 0.85 # 59344 # 59745 # -1 # ID=8_68;partial=00;start_type=ATG;rbs_motif=TTTT;rbs_spacer=15bp;gc_cont=0.249
MN072621.1_Goatpox_virus_Vietnam_goat_69               -            134 159at10240           -            255   5.4e-07   26.0   5.1   1   1   8.9e-09   6.8e-07   25.7   5.1   151   235     3    90     1   100 0.85 # 59323 # 59724 # -1 # ID=7_69;partial=00;start_type=ATG;rbs_motif=TTTT;rbs_spacer=15bp;gc_cont=0.249
MW020570.1_Goatpox_virus_V103_goat_68                  -            134 159at10240           -            255   5.4e-07   26.0   5.1   1   1   8.9e-09   6.8e-07   25.7   5.1   151   235     3    90     1   100 0.85 # 59433 # 59834 # -1 # ID=2_68;partial=00;start_type=ATG;rbs_motif=TTTT;rbs_spacer=15bp;gc_cont=0.249
AY077835.1_Goatpox_virus_Pellor_2000_69                -            134 159at10240           -            255   5.9e-07   25.9   5.2   1   1   9.6e-09   7.3e-07   25.6   5.2   151   234     3    89     1    99 0.85 # 58919 # 59320 # -1 # ID=13_69;partial=00;start_type=ATG;rbs_motif=TTTT;rbs_spacer=15bp;gc_cont=0.254
AY077836.1_Goatpox_virus_G20_LKV_2000_70               -            134 159at10240           -            255   5.9e-07   25.9   5.2   1   1   9.6e-09   7.3e-07   25.6   5.2   151   234     3    89     1    99 0.85 # 58982 # 59383 # -1 # ID=12_70;partial=00;start_type=ATG;rbs_motif=TTTT;rbs_spacer=15bp;gc_cont=0.254
KX576657.1_Goatpox_virus_Gorgan_Iran_1965_goat_69      -            134 159at10240           -            255   5.9e-07   25.9   5.2   1   1   9.6e-09   7.3e-07   25.6   5.2   151   234     3    89     1    99 0.85 # 59043 # 59444 # -1 # ID=10_69;partial=00;start_type=ATG;rbs_motif=TTTT;rbs_spacer=15bp;gc_cont=0.254
MN072622.1_Goatpox_virus_Turkey_goat_67                -            134 159at10240           -            255   5.9e-07   25.9   5.2   1   1   9.6e-09   7.3e-07   25.6   5.2   151   234     3    89     1    99 0.85 # 59098 # 59499 # -1 # ID=6_67;partial=00;start_type=ATG;rbs_motif=TTTT;rbs_spacer=15bp;gc_cont=0.254
MN072623.1_Goatpox_virus_Oman_goat_66                  -            134 159at10240           -            255   5.9e-07   25.9   5.2   1   1   9.6e-09   7.3e-07   25.6   5.2   151   234     3    89     1    99 0.85 # 59256 # 59657 # -1 # ID=5_66;partial=00;start_type=ATG;rbs_motif=TTTT;rbs_spacer=15bp;gc_cont=0.246
MN072624.1_Goatpox_virus_Sudan_goat_67                 -            134 159at10240           -            255   5.9e-07   25.9   5.2   1   1   9.6e-09   7.3e-07   25.6   5.2   151   234     3    89     1    99 0.85 # 59286 # 59687 # -1 # ID=4_67;partial=00;start_type=ATG;rbs_motif=TTTT;rbs_spacer=15bp;gc_cont=0.249
NC_004003.1_Goatpox_virus_Pellor_2000_69               -            134 159at10240           -            255   5.9e-07   25.9   5.2   1   1   9.6e-09   7.3e-07   25.6   5.2   151   234     3    89     1    99 0.85 # 58919 # 59320 # -1 # ID=1_69;partial=00;start_type=ATG;rbs_motif=TTTT;rbs_spacer=15bp;gc_cont=0.254
MN072625.1_Goatpox_virus_Yemen_goat_68                 -            134 159at10240           -            255   6.3e-07   25.8   5.5   1   1     1e-08   7.8e-07   25.5   5.5   151   234     3    89     1    99 0.85 # 59357 # 59758 # -1 # ID=3_68;partial=00;start_type=ATG;rbs_motif=TTTT;rbs_spacer=15bp;gc_cont=0.244
MH381810.1_Goatpox_virus_AV41_China_Jan_2018_goat_69   -            134 159at10240           -            255   7.9e-07   25.5   5.4   1   1   1.3e-08     1e-06   25.1   5.4   151   234     3    89     1   100 0.85 # 59241 # 59642 # -1 # ID=9_69;partial=00;start_type=ATG;rbs_motif=TTTT;rbs_spacer=15bp;gc_cont=0.246
#
# Program:         hmmsearch
# Version:         3.3.2 (Nov 2020)
# Pipeline mode:   SEARCH
# Query file:      /mnt/lustre/RDS-live/downing/LSDV_PVG/GOATPOXVIRUS/busco_downloads/lineages/poxviridae_odb10/hmms/159at10240.hmm
# Target file:     /mnt/lustre/RDS-live/downing/LSDV_PVG/GOATPOXVIRUS/BUSCO/prodigal_output/predicted_genes/predicted.faa
# Option settings: hmmsearch --domtblout /mnt/lustre/RDS-live/downing/LSDV_PVG/GOATPOXVIRUS/BUSCO/run_poxviridae_odb10/hmmer_output/159at10240.out --cpu 1 /mnt/lustre/RDS-live/downing/LSDV_PVG/GOATPOXVIRUS/busco_downloads/lineages/poxviridae_odb10/hmms/159at10240.hmm /mnt/lustre/RDS-live/downing/LSDV_PVG/GOATPOXVIRUS/BUSCO/prodigal_output/predicted_genes/predicted.faa 
# Current dir:     /mnt/lustre/RDS-live/downing/LSDV_PVG/GOATPOXVIRUS
# Date:            Tue Apr 16 16:00:27 2024
# [ok]
