#                                                                                                             --- full sequence --- -------------- this domain -------------   hmm coord   ali coord   env coord
# target name                                         accession   tlen query name           accession   qlen   E-value  score  bias   #  of  c-Evalue  i-Evalue  score  bias  from    to  from    to  from    to  acc description of target
#                                 ------------------- ---------- ----- -------------------- ---------- ----- --------- ------ ----- --- --- --------- --------- ------ ----- ----- ----- ----- ----- ----- ----- ---- ---------------------
AY077835.1_Goatpox_virus_Pellor_2000_39               -           1011 22at10240            -            777  9.5e-292  966.6  79.6   1   5   1.7e-09   2.6e-07   25.9   0.2     1    36     1    42     1    75 0.84 # 31712 # 34744 # -1 # ID=13_39;partial=00;start_type=ATG;rbs_motif=TTATT;rbs_spacer=14bp;gc_cont=0.269
AY077835.1_Goatpox_virus_Pellor_2000_39               -           1011 22at10240            -            777  9.5e-292  966.6  79.6   2   5   2.7e-31   4.1e-29   98.0   5.3    52   138   102   211    86   216 0.82 # 31712 # 34744 # -1 # ID=13_39;partial=00;start_type=ATG;rbs_motif=TTATT;rbs_spacer=14bp;gc_cont=0.269
AY077835.1_Goatpox_virus_Pellor_2000_39               -           1011 22at10240            -            777  9.5e-292  966.6  79.6   3   5   9.2e-52   1.4e-49  165.7  13.9   136   313   233   434   227   436 0.83 # 31712 # 34744 # -1 # ID=13_39;partial=00;start_type=ATG;rbs_motif=TTATT;rbs_spacer=14bp;gc_cont=0.269
AY077835.1_Goatpox_virus_Pellor_2000_39               -           1011 22at10240            -            777  9.5e-292  966.6  79.6   4   5  6.1e-129  9.3e-127  421.0  15.3   278   544   427   711   417   730 0.92 # 31712 # 34744 # -1 # ID=13_39;partial=00;start_type=ATG;rbs_motif=TTATT;rbs_spacer=14bp;gc_cont=0.269
AY077835.1_Goatpox_virus_Pellor_2000_39               -           1011 22at10240            -            777  9.5e-292  966.6  79.6   5   5   8.4e-85   1.3e-82  275.0  19.4   549   777   744  1010   732  1010 0.86 # 31712 # 34744 # -1 # ID=13_39;partial=00;start_type=ATG;rbs_motif=TTATT;rbs_spacer=14bp;gc_cont=0.269
AY077836.1_Goatpox_virus_G20_LKV_2000_40              -           1011 22at10240            -            777  9.5e-292  966.6  79.6   1   5   1.7e-09   2.6e-07   25.9   0.2     1    36     1    42     1    75 0.84 # 31775 # 34807 # -1 # ID=12_40;partial=00;start_type=ATG;rbs_motif=TTATT;rbs_spacer=14bp;gc_cont=0.269
AY077836.1_Goatpox_virus_G20_LKV_2000_40              -           1011 22at10240            -            777  9.5e-292  966.6  79.6   2   5   2.7e-31   4.1e-29   98.0   5.3    52   138   102   211    86   216 0.82 # 31775 # 34807 # -1 # ID=12_40;partial=00;start_type=ATG;rbs_motif=TTATT;rbs_spacer=14bp;gc_cont=0.269
AY077836.1_Goatpox_virus_G20_LKV_2000_40              -           1011 22at10240            -            777  9.5e-292  966.6  79.6   3   5   9.2e-52   1.4e-49  165.7  13.9   136   313   233   434   227   436 0.83 # 31775 # 34807 # -1 # ID=12_40;partial=00;start_type=ATG;rbs_motif=TTATT;rbs_spacer=14bp;gc_cont=0.269
AY077836.1_Goatpox_virus_G20_LKV_2000_40              -           1011 22at10240            -            777  9.5e-292  966.6  79.6   4   5  6.1e-129  9.3e-127  421.0  15.3   278   544   427   711   417   730 0.92 # 31775 # 34807 # -1 # ID=12_40;partial=00;start_type=ATG;rbs_motif=TTATT;rbs_spacer=14bp;gc_cont=0.269
AY077836.1_Goatpox_virus_G20_LKV_2000_40              -           1011 22at10240            -            777  9.5e-292  966.6  79.6   5   5   8.4e-85   1.3e-82  275.0  19.4   549   777   744  1010   732  1010 0.86 # 31775 # 34807 # -1 # ID=12_40;partial=00;start_type=ATG;rbs_motif=TTATT;rbs_spacer=14bp;gc_cont=0.269
KX576657.1_Goatpox_virus_Gorgan_Iran_1965_goat_39     -           1011 22at10240            -            777  9.5e-292  966.6  79.6   1   5   1.7e-09   2.6e-07   25.9   0.2     1    36     1    42     1    75 0.84 # 31836 # 34868 # -1 # ID=10_39;partial=00;start_type=ATG;rbs_motif=TTATT;rbs_spacer=14bp;gc_cont=0.269
KX576657.1_Goatpox_virus_Gorgan_Iran_1965_goat_39     -           1011 22at10240            -            777  9.5e-292  966.6  79.6   2   5   2.7e-31   4.1e-29   98.0   5.3    52   138   102   211    86   216 0.82 # 31836 # 34868 # -1 # ID=10_39;partial=00;start_type=ATG;rbs_motif=TTATT;rbs_spacer=14bp;gc_cont=0.269
KX576657.1_Goatpox_virus_Gorgan_Iran_1965_goat_39     -           1011 22at10240            -            777  9.5e-292  966.6  79.6   3   5   9.2e-52   1.4e-49  165.7  13.9   136   313   233   434   227   436 0.83 # 31836 # 34868 # -1 # ID=10_39;partial=00;start_type=ATG;rbs_motif=TTATT;rbs_spacer=14bp;gc_cont=0.269
KX576657.1_Goatpox_virus_Gorgan_Iran_1965_goat_39     -           1011 22at10240            -            777  9.5e-292  966.6  79.6   4   5  6.1e-129  9.3e-127  421.0  15.3   278   544   427   711   417   730 0.92 # 31836 # 34868 # -1 # ID=10_39;partial=00;start_type=ATG;rbs_motif=TTATT;rbs_spacer=14bp;gc_cont=0.269
KX576657.1_Goatpox_virus_Gorgan_Iran_1965_goat_39     -           1011 22at10240            -            777  9.5e-292  966.6  79.6   5   5   8.4e-85   1.3e-82  275.0  19.4   549   777   744  1010   732  1010 0.86 # 31836 # 34868 # -1 # ID=10_39;partial=00;start_type=ATG;rbs_motif=TTATT;rbs_spacer=14bp;gc_cont=0.269
MN072622.1_Goatpox_virus_Turkey_goat_37               -           1011 22at10240            -            777  9.5e-292  966.6  79.6   1   5   1.7e-09   2.6e-07   25.9   0.2     1    36     1    42     1    75 0.84 # 31890 # 34922 # -1 # ID=6_37;partial=00;start_type=ATG;rbs_motif=TTATT;rbs_spacer=14bp;gc_cont=0.270
MN072622.1_Goatpox_virus_Turkey_goat_37               -           1011 22at10240            -            777  9.5e-292  966.6  79.6   2   5   2.7e-31   4.1e-29   98.0   5.3    52   138   102   211    86   216 0.82 # 31890 # 34922 # -1 # ID=6_37;partial=00;start_type=ATG;rbs_motif=TTATT;rbs_spacer=14bp;gc_cont=0.270
MN072622.1_Goatpox_virus_Turkey_goat_37               -           1011 22at10240            -            777  9.5e-292  966.6  79.6   3   5   9.2e-52   1.4e-49  165.7  13.9   136   313   233   434   227   436 0.83 # 31890 # 34922 # -1 # ID=6_37;partial=00;start_type=ATG;rbs_motif=TTATT;rbs_spacer=14bp;gc_cont=0.270
MN072622.1_Goatpox_virus_Turkey_goat_37               -           1011 22at10240            -            777  9.5e-292  966.6  79.6   4   5  6.1e-129  9.3e-127  421.0  15.3   278   544   427   711   417   730 0.92 # 31890 # 34922 # -1 # ID=6_37;partial=00;start_type=ATG;rbs_motif=TTATT;rbs_spacer=14bp;gc_cont=0.270
MN072622.1_Goatpox_virus_Turkey_goat_37               -           1011 22at10240            -            777  9.5e-292  966.6  79.6   5   5   8.4e-85   1.3e-82  275.0  19.4   549   777   744  1010   732  1010 0.86 # 31890 # 34922 # -1 # ID=6_37;partial=00;start_type=ATG;rbs_motif=TTATT;rbs_spacer=14bp;gc_cont=0.270
NC_004003.1_Goatpox_virus_Pellor_2000_39              -           1011 22at10240            -            777  9.5e-292  966.6  79.6   1   5   1.7e-09   2.6e-07   25.9   0.2     1    36     1    42     1    75 0.84 # 31712 # 34744 # -1 # ID=1_39;partial=00;start_type=ATG;rbs_motif=TTATT;rbs_spacer=14bp;gc_cont=0.269
NC_004003.1_Goatpox_virus_Pellor_2000_39              -           1011 22at10240            -            777  9.5e-292  966.6  79.6   2   5   2.7e-31   4.1e-29   98.0   5.3    52   138   102   211    86   216 0.82 # 31712 # 34744 # -1 # ID=1_39;partial=00;start_type=ATG;rbs_motif=TTATT;rbs_spacer=14bp;gc_cont=0.269
NC_004003.1_Goatpox_virus_Pellor_2000_39              -           1011 22at10240            -            777  9.5e-292  966.6  79.6   3   5   9.2e-52   1.4e-49  165.7  13.9   136   313   233   434   227   436 0.83 # 31712 # 34744 # -1 # ID=1_39;partial=00;start_type=ATG;rbs_motif=TTATT;rbs_spacer=14bp;gc_cont=0.269
NC_004003.1_Goatpox_virus_Pellor_2000_39              -           1011 22at10240            -            777  9.5e-292  966.6  79.6   4   5  6.1e-129  9.3e-127  421.0  15.3   278   544   427   711   417   730 0.92 # 31712 # 34744 # -1 # ID=1_39;partial=00;start_type=ATG;rbs_motif=TTATT;rbs_spacer=14bp;gc_cont=0.269
NC_004003.1_Goatpox_virus_Pellor_2000_39              -           1011 22at10240            -            777  9.5e-292  966.6  79.6   5   5   8.4e-85   1.3e-82  275.0  19.4   549   777   744  1010   732  1010 0.86 # 31712 # 34744 # -1 # ID=1_39;partial=00;start_type=ATG;rbs_motif=TTATT;rbs_spacer=14bp;gc_cont=0.269
MN072623.1_Goatpox_virus_Oman_goat_36                 -           1011 22at10240            -            777    1e-291  966.5  77.7   1   5   1.4e-09   2.2e-07   26.2   0.2     1    36     1    42     1    77 0.83 # 32045 # 35077 # -1 # ID=5_36;partial=00;start_type=ATG;rbs_motif=TTATT;rbs_spacer=14bp;gc_cont=0.269
MN072623.1_Goatpox_virus_Oman_goat_36                 -           1011 22at10240            -            777    1e-291  966.5  77.7   2   5   1.3e-30   1.9e-28   95.8   5.7    52   138   102   211    84   216 0.82 # 32045 # 35077 # -1 # ID=5_36;partial=00;start_type=ATG;rbs_motif=TTATT;rbs_spacer=14bp;gc_cont=0.269
MN072623.1_Goatpox_virus_Oman_goat_36                 -           1011 22at10240            -            777    1e-291  966.5  77.7   3   5   1.5e-51   2.3e-49  165.0  12.8   136   309   233   430   227   435 0.79 # 32045 # 35077 # -1 # ID=5_36;partial=00;start_type=ATG;rbs_motif=TTATT;rbs_spacer=14bp;gc_cont=0.269
MN072623.1_Goatpox_virus_Oman_goat_36                 -           1011 22at10240            -            777    1e-291  966.5  77.7   4   5  3.1e-129  4.7e-127  421.9  15.3   278   544   427   711   416   724 0.92 # 32045 # 35077 # -1 # ID=5_36;partial=00;start_type=ATG;rbs_motif=TTATT;rbs_spacer=14bp;gc_cont=0.269
MN072623.1_Goatpox_virus_Oman_goat_36                 -           1011 22at10240            -            777    1e-291  966.5  77.7   5   5   2.9e-85   4.4e-83  276.5  17.4   544   777   739  1010   732  1010 0.86 # 32045 # 35077 # -1 # ID=5_36;partial=00;start_type=ATG;rbs_motif=TTATT;rbs_spacer=14bp;gc_cont=0.269
MN072624.1_Goatpox_virus_Sudan_goat_37                -           1011 22at10240            -            777    1e-291  966.5  77.7   1   5   1.4e-09   2.2e-07   26.2   0.2     1    36     1    42     1    77 0.83 # 32063 # 35095 # -1 # ID=4_37;partial=00;start_type=ATG;rbs_motif=TTATT;rbs_spacer=14bp;gc_cont=0.269
MN072624.1_Goatpox_virus_Sudan_goat_37                -           1011 22at10240            -            777    1e-291  966.5  77.7   2   5   1.3e-30   1.9e-28   95.8   5.7    52   138   102   211    84   216 0.82 # 32063 # 35095 # -1 # ID=4_37;partial=00;start_type=ATG;rbs_motif=TTATT;rbs_spacer=14bp;gc_cont=0.269
MN072624.1_Goatpox_virus_Sudan_goat_37                -           1011 22at10240            -            777    1e-291  966.5  77.7   3   5   1.5e-51   2.3e-49  165.0  12.8   136   309   233   430   227   435 0.79 # 32063 # 35095 # -1 # ID=4_37;partial=00;start_type=ATG;rbs_motif=TTATT;rbs_spacer=14bp;gc_cont=0.269
MN072624.1_Goatpox_virus_Sudan_goat_37                -           1011 22at10240            -            777    1e-291  966.5  77.7   4   5  3.1e-129  4.7e-127  421.9  15.3   278   544   427   711   416   724 0.92 # 32063 # 35095 # -1 # ID=4_37;partial=00;start_type=ATG;rbs_motif=TTATT;rbs_spacer=14bp;gc_cont=0.269
MN072624.1_Goatpox_virus_Sudan_goat_37                -           1011 22at10240            -            777    1e-291  966.5  77.7   5   5   2.9e-85   4.4e-83  276.5  17.4   544   777   739  1010   732  1010 0.86 # 32063 # 35095 # -1 # ID=4_37;partial=00;start_type=ATG;rbs_motif=TTATT;rbs_spacer=14bp;gc_cont=0.269
MN072625.1_Goatpox_virus_Yemen_goat_38                -           1011 22at10240            -            777    1e-291  966.5  77.7   1   5   1.4e-09   2.2e-07   26.2   0.2     1    36     1    42     1    77 0.83 # 32150 # 35182 # -1 # ID=3_38;partial=00;start_type=ATG;rbs_motif=TTATT;rbs_spacer=14bp;gc_cont=0.269
MN072625.1_Goatpox_virus_Yemen_goat_38                -           1011 22at10240            -            777    1e-291  966.5  77.7   2   5   1.3e-30   1.9e-28   95.8   5.7    52   138   102   211    84   216 0.82 # 32150 # 35182 # -1 # ID=3_38;partial=00;start_type=ATG;rbs_motif=TTATT;rbs_spacer=14bp;gc_cont=0.269
MN072625.1_Goatpox_virus_Yemen_goat_38                -           1011 22at10240            -            777    1e-291  966.5  77.7   3   5   1.5e-51   2.3e-49  165.0  12.8   136   309   233   430   227   435 0.79 # 32150 # 35182 # -1 # ID=3_38;partial=00;start_type=ATG;rbs_motif=TTATT;rbs_spacer=14bp;gc_cont=0.269
MN072625.1_Goatpox_virus_Yemen_goat_38                -           1011 22at10240            -            777    1e-291  966.5  77.7   4   5  3.1e-129  4.7e-127  421.9  15.3   278   544   427   711   416   724 0.92 # 32150 # 35182 # -1 # ID=3_38;partial=00;start_type=ATG;rbs_motif=TTATT;rbs_spacer=14bp;gc_cont=0.269
MN072625.1_Goatpox_virus_Yemen_goat_38                -           1011 22at10240            -            777    1e-291  966.5  77.7   5   5   2.9e-85   4.4e-83  276.5  17.4   544   777   739  1010   732  1010 0.86 # 32150 # 35182 # -1 # ID=3_38;partial=00;start_type=ATG;rbs_motif=TTATT;rbs_spacer=14bp;gc_cont=0.269
MN072620.1_Goatpox_virus_India_goat_38                -           1011 22at10240            -            777    2e-291  965.5  80.0   1   5   1.4e-09   2.1e-07   26.2   0.2     1    36     1    42     1    80 0.83 # 32117 # 35149 # -1 # ID=8_38;partial=00;start_type=ATG;rbs_motif=TTATT;rbs_spacer=14bp;gc_cont=0.270
MN072620.1_Goatpox_virus_India_goat_38                -           1011 22at10240            -            777    2e-291  965.5  80.0   2   5   2.4e-31   3.6e-29   98.3   5.5    52   138   102   211    84   216 0.82 # 32117 # 35149 # -1 # ID=8_38;partial=00;start_type=ATG;rbs_motif=TTATT;rbs_spacer=14bp;gc_cont=0.270
MN072620.1_Goatpox_virus_India_goat_38                -           1011 22at10240            -            777    2e-291  965.5  80.0   3   5     1e-51   1.6e-49  165.6  14.0   136   313   233   434   227   436 0.82 # 32117 # 35149 # -1 # ID=8_38;partial=00;start_type=ATG;rbs_motif=TTATT;rbs_spacer=14bp;gc_cont=0.270
MN072620.1_Goatpox_virus_India_goat_38                -           1011 22at10240            -            777    2e-291  965.5  80.0   4   5  6.5e-129  9.9e-127  420.9  15.3   278   544   427   711   417   725 0.92 # 32117 # 35149 # -1 # ID=8_38;partial=00;start_type=ATG;rbs_motif=TTATT;rbs_spacer=14bp;gc_cont=0.270
MN072620.1_Goatpox_virus_India_goat_38                -           1011 22at10240            -            777    2e-291  965.5  80.0   5   5   2.4e-84   3.7e-82  273.5  19.7   545   777   740  1010   732  1010 0.85 # 32117 # 35149 # -1 # ID=8_38;partial=00;start_type=ATG;rbs_motif=TTATT;rbs_spacer=14bp;gc_cont=0.270
MW020570.1_Goatpox_virus_V103_goat_38                 -           1011 22at10240            -            777    2e-291  965.5  80.0   1   5   1.4e-09   2.1e-07   26.2   0.2     1    36     1    42     1    80 0.83 # 32206 # 35238 # -1 # ID=2_38;partial=00;start_type=ATG;rbs_motif=TTATT;rbs_spacer=14bp;gc_cont=0.270
MW020570.1_Goatpox_virus_V103_goat_38                 -           1011 22at10240            -            777    2e-291  965.5  80.0   2   5   2.4e-31   3.6e-29   98.3   5.5    52   138   102   211    84   216 0.82 # 32206 # 35238 # -1 # ID=2_38;partial=00;start_type=ATG;rbs_motif=TTATT;rbs_spacer=14bp;gc_cont=0.270
MW020570.1_Goatpox_virus_V103_goat_38                 -           1011 22at10240            -            777    2e-291  965.5  80.0   3   5     1e-51   1.6e-49  165.6  14.0   136   313   233   434   227   436 0.82 # 32206 # 35238 # -1 # ID=2_38;partial=00;start_type=ATG;rbs_motif=TTATT;rbs_spacer=14bp;gc_cont=0.270
MW020570.1_Goatpox_virus_V103_goat_38                 -           1011 22at10240            -            777    2e-291  965.5  80.0   4   5  6.5e-129  9.9e-127  420.9  15.3   278   544   427   711   417   725 0.92 # 32206 # 35238 # -1 # ID=2_38;partial=00;start_type=ATG;rbs_motif=TTATT;rbs_spacer=14bp;gc_cont=0.270
MW020570.1_Goatpox_virus_V103_goat_38                 -           1011 22at10240            -            777    2e-291  965.5  80.0   5   5   2.4e-84   3.7e-82  273.5  19.7   545   777   740  1010   732  1010 0.85 # 32206 # 35238 # -1 # ID=2_38;partial=00;start_type=ATG;rbs_motif=TTATT;rbs_spacer=14bp;gc_cont=0.270
KC951854.1_Goatpox_virus_FZ_China_10_Jan_2012_goat_39 -           1011 22at10240            -            777  3.6e-291  964.6  80.0   1   5   1.4e-09   2.1e-07   26.2   0.2     1    36     1    42     1    80 0.83 # 31989 # 35021 # -1 # ID=11_39;partial=00;start_type=ATG;rbs_motif=TTATT;rbs_spacer=14bp;gc_cont=0.270
KC951854.1_Goatpox_virus_FZ_China_10_Jan_2012_goat_39 -           1011 22at10240            -            777  3.6e-291  964.6  80.0   2   5   2.4e-31   3.6e-29   98.3   5.5    52   138   102   211    84   216 0.82 # 31989 # 35021 # -1 # ID=11_39;partial=00;start_type=ATG;rbs_motif=TTATT;rbs_spacer=14bp;gc_cont=0.270
KC951854.1_Goatpox_virus_FZ_China_10_Jan_2012_goat_39 -           1011 22at10240            -            777  3.6e-291  964.6  80.0   3   5     1e-51   1.6e-49  165.6  14.0   136   313   233   434   227   436 0.82 # 31989 # 35021 # -1 # ID=11_39;partial=00;start_type=ATG;rbs_motif=TTATT;rbs_spacer=14bp;gc_cont=0.270
KC951854.1_Goatpox_virus_FZ_China_10_Jan_2012_goat_39 -           1011 22at10240            -            777  3.6e-291  964.6  80.0   4   5  1.2e-128  1.8e-126  420.0  15.3   278   544   427   711   417   725 0.92 # 31989 # 35021 # -1 # ID=11_39;partial=00;start_type=ATG;rbs_motif=TTATT;rbs_spacer=14bp;gc_cont=0.270
KC951854.1_Goatpox_virus_FZ_China_10_Jan_2012_goat_39 -           1011 22at10240            -            777  3.6e-291  964.6  80.0   5   5   2.4e-84   3.7e-82  273.5  19.7   545   777   740  1010   732  1010 0.85 # 31989 # 35021 # -1 # ID=11_39;partial=00;start_type=ATG;rbs_motif=TTATT;rbs_spacer=14bp;gc_cont=0.270
MH381810.1_Goatpox_virus_AV41_China_Jan_2018_goat_39  -           1011 22at10240            -            777  3.6e-291  964.6  80.0   1   5   1.4e-09   2.1e-07   26.2   0.2     1    36     1    42     1    80 0.83 # 32022 # 35054 # -1 # ID=9_39;partial=00;start_type=ATG;rbs_motif=TTATT;rbs_spacer=14bp;gc_cont=0.270
MH381810.1_Goatpox_virus_AV41_China_Jan_2018_goat_39  -           1011 22at10240            -            777  3.6e-291  964.6  80.0   2   5   2.4e-31   3.6e-29   98.3   5.5    52   138   102   211    84   216 0.82 # 32022 # 35054 # -1 # ID=9_39;partial=00;start_type=ATG;rbs_motif=TTATT;rbs_spacer=14bp;gc_cont=0.270
MH381810.1_Goatpox_virus_AV41_China_Jan_2018_goat_39  -           1011 22at10240            -            777  3.6e-291  964.6  80.0   3   5     1e-51   1.6e-49  165.6  14.0   136   313   233   434   227   436 0.82 # 32022 # 35054 # -1 # ID=9_39;partial=00;start_type=ATG;rbs_motif=TTATT;rbs_spacer=14bp;gc_cont=0.270
MH381810.1_Goatpox_virus_AV41_China_Jan_2018_goat_39  -           1011 22at10240            -            777  3.6e-291  964.6  80.0   4   5  1.2e-128  1.8e-126  420.0  15.3   278   544   427   711   417   725 0.92 # 32022 # 35054 # -1 # ID=9_39;partial=00;start_type=ATG;rbs_motif=TTATT;rbs_spacer=14bp;gc_cont=0.270
MH381810.1_Goatpox_virus_AV41_China_Jan_2018_goat_39  -           1011 22at10240            -            777  3.6e-291  964.6  80.0   5   5   2.4e-84   3.7e-82  273.5  19.7   545   777   740  1010   732  1010 0.85 # 32022 # 35054 # -1 # ID=9_39;partial=00;start_type=ATG;rbs_motif=TTATT;rbs_spacer=14bp;gc_cont=0.270
MN072621.1_Goatpox_virus_Vietnam_goat_39              -           1011 22at10240            -            777  3.6e-291  964.6  80.0   1   5   1.4e-09   2.1e-07   26.2   0.2     1    36     1    42     1    80 0.83 # 32101 # 35133 # -1 # ID=7_39;partial=00;start_type=ATG;rbs_motif=TTATT;rbs_spacer=14bp;gc_cont=0.270
MN072621.1_Goatpox_virus_Vietnam_goat_39              -           1011 22at10240            -            777  3.6e-291  964.6  80.0   2   5   2.4e-31   3.6e-29   98.3   5.5    52   138   102   211    84   216 0.82 # 32101 # 35133 # -1 # ID=7_39;partial=00;start_type=ATG;rbs_motif=TTATT;rbs_spacer=14bp;gc_cont=0.270
MN072621.1_Goatpox_virus_Vietnam_goat_39              -           1011 22at10240            -            777  3.6e-291  964.6  80.0   3   5     1e-51   1.6e-49  165.6  14.0   136   313   233   434   227   436 0.82 # 32101 # 35133 # -1 # ID=7_39;partial=00;start_type=ATG;rbs_motif=TTATT;rbs_spacer=14bp;gc_cont=0.270
MN072621.1_Goatpox_virus_Vietnam_goat_39              -           1011 22at10240            -            777  3.6e-291  964.6  80.0   4   5  1.2e-128  1.8e-126  420.0  15.3   278   544   427   711   417   725 0.92 # 32101 # 35133 # -1 # ID=7_39;partial=00;start_type=ATG;rbs_motif=TTATT;rbs_spacer=14bp;gc_cont=0.270
MN072621.1_Goatpox_virus_Vietnam_goat_39              -           1011 22at10240            -            777  3.6e-291  964.6  80.0   5   5   2.4e-84   3.7e-82  273.5  19.7   545   777   740  1010   732  1010 0.85 # 32101 # 35133 # -1 # ID=7_39;partial=00;start_type=ATG;rbs_motif=TTATT;rbs_spacer=14bp;gc_cont=0.270
#
# Program:         hmmsearch
# Version:         3.3.2 (Nov 2020)
# Pipeline mode:   SEARCH
# Query file:      /mnt/lustre/RDS-live/downing/LSDV_PVG/GOATPOXVIRUS/busco_downloads/lineages/poxviridae_odb10/hmms/22at10240.hmm
# Target file:     /mnt/lustre/RDS-live/downing/LSDV_PVG/GOATPOXVIRUS/BUSCO/prodigal_output/predicted_genes/predicted.faa
# Option settings: hmmsearch --domtblout /mnt/lustre/RDS-live/downing/LSDV_PVG/GOATPOXVIRUS/BUSCO/run_poxviridae_odb10/hmmer_output/22at10240.out --cpu 1 /mnt/lustre/RDS-live/downing/LSDV_PVG/GOATPOXVIRUS/busco_downloads/lineages/poxviridae_odb10/hmms/22at10240.hmm /mnt/lustre/RDS-live/downing/LSDV_PVG/GOATPOXVIRUS/BUSCO/prodigal_output/predicted_genes/predicted.faa 
# Current dir:     /mnt/lustre/RDS-live/downing/LSDV_PVG/GOATPOXVIRUS
# Date:            Tue Apr 16 16:00:27 2024
# [ok]
