#                                                                                                              --- full sequence --- -------------- this domain -------------   hmm coord   ali coord   env coord
# target name                                          accession   tlen query name           accession   qlen   E-value  score  bias   #  of  c-Evalue  i-Evalue  score  bias  from    to  from    to  from    to  acc description of target
#                                  ------------------- ---------- ----- -------------------- ---------- ----- --------- ------ ----- --- --- --------- --------- ------ ----- ----- ----- ----- ----- ----- ----- ---- ---------------------
MN072624.1_Goatpox_virus_Sudan_goat_57                 -            337 269at10240           -            259   8.6e-69  228.4  24.7   1   1   3.2e-70   1.7e-68  227.4  24.7     8   259    20   336    15   336 0.80 # 51900 # 52910 # 1 # ID=4_57;partial=00;start_type=ATG;rbs_motif=None;rbs_spacer=None;gc_cont=0.252
MN072623.1_Goatpox_virus_Oman_goat_56                  -            337 269at10240           -            259   9.5e-69  228.2  24.9   1   1   3.6e-70   1.9e-68  227.2  24.9     8   259    20   336    15   336 0.80 # 51870 # 52880 # 1 # ID=5_56;partial=00;start_type=ATG;rbs_motif=None;rbs_spacer=None;gc_cont=0.250
MN072625.1_Goatpox_virus_Yemen_goat_58                 -            337 269at10240           -            259   9.5e-69  228.2  24.9   1   1   3.6e-70   1.9e-68  227.2  24.9     8   259    20   336    15   336 0.80 # 51976 # 52986 # 1 # ID=3_58;partial=00;start_type=ATG;rbs_motif=None;rbs_spacer=None;gc_cont=0.250
KC951854.1_Goatpox_virus_FZ_China_10_Jan_2012_goat_59  -            337 269at10240           -            259   1.2e-68  227.9  24.4   1   1   4.5e-70   2.4e-68  226.9  24.4     8   259    20   336    15   336 0.80 # 51820 # 52830 # 1 # ID=11_59;partial=00;start_type=ATG;rbs_motif=None;rbs_spacer=None;gc_cont=0.252
MN072620.1_Goatpox_virus_India_goat_58                 -            337 269at10240           -            259   1.2e-68  227.9  24.4   1   1   4.5e-70   2.4e-68  226.9  24.4     8   259    20   336    15   336 0.80 # 51947 # 52957 # 1 # ID=8_58;partial=00;start_type=ATG;rbs_motif=None;rbs_spacer=None;gc_cont=0.252
MN072621.1_Goatpox_virus_Vietnam_goat_59               -            337 269at10240           -            259   1.2e-68  227.9  24.4   1   1   4.5e-70   2.4e-68  226.9  24.4     8   259    20   336    15   336 0.80 # 51931 # 52941 # 1 # ID=7_59;partial=00;start_type=ATG;rbs_motif=None;rbs_spacer=None;gc_cont=0.252
MW020570.1_Goatpox_virus_V103_goat_58                  -            337 269at10240           -            259   1.2e-68  227.9  24.4   1   1   4.5e-70   2.4e-68  226.9  24.4     8   259    20   336    15   336 0.80 # 52036 # 53046 # 1 # ID=2_58;partial=00;start_type=ATG;rbs_motif=None;rbs_spacer=None;gc_cont=0.252
AY077835.1_Goatpox_virus_Pellor_2000_59                -            337 269at10240           -            259   1.4e-68  227.6  24.8   1   1   5.6e-70     3e-68  226.6  24.8     8   259    20   336    16   336 0.80 # 51539 # 52549 # 1 # ID=13_59;partial=00;start_type=ATG;rbs_motif=None;rbs_spacer=None;gc_cont=0.252
AY077836.1_Goatpox_virus_G20_LKV_2000_60               -            337 269at10240           -            259   1.4e-68  227.6  24.8   1   1   5.6e-70     3e-68  226.6  24.8     8   259    20   336    16   336 0.80 # 51602 # 52612 # 1 # ID=12_60;partial=00;start_type=ATG;rbs_motif=None;rbs_spacer=None;gc_cont=0.252
KX576657.1_Goatpox_virus_Gorgan_Iran_1965_goat_59      -            337 269at10240           -            259   1.4e-68  227.6  24.8   1   1   5.6e-70     3e-68  226.6  24.8     8   259    20   336    16   336 0.80 # 51663 # 52673 # 1 # ID=10_59;partial=00;start_type=ATG;rbs_motif=None;rbs_spacer=None;gc_cont=0.252
MN072622.1_Goatpox_virus_Turkey_goat_57                -            337 269at10240           -            259   1.4e-68  227.6  24.8   1   1   5.6e-70     3e-68  226.6  24.8     8   259    20   336    16   336 0.80 # 51717 # 52727 # 1 # ID=6_57;partial=00;start_type=ATG;rbs_motif=None;rbs_spacer=None;gc_cont=0.252
NC_004003.1_Goatpox_virus_Pellor_2000_59               -            337 269at10240           -            259   1.4e-68  227.6  24.8   1   1   5.6e-70     3e-68  226.6  24.8     8   259    20   336    16   336 0.80 # 51539 # 52549 # 1 # ID=1_59;partial=00;start_type=ATG;rbs_motif=None;rbs_spacer=None;gc_cont=0.252
MH381810.1_Goatpox_virus_AV41_China_Jan_2018_goat_59   -            337 269at10240           -            259   7.8e-68  225.2  24.2   1   1   2.9e-69   1.6e-67  224.2  24.2     8   259    20   336    15   336 0.80 # 51850 # 52860 # 1 # ID=9_59;partial=00;start_type=ATG;rbs_motif=None;rbs_spacer=None;gc_cont=0.251
AY077835.1_Goatpox_virus_Pellor_2000_106               -            378 269at10240           -            259   1.3e-09   34.4  17.5   1   2       6.5   3.4e+02   -3.0   0.1   188   197    56    65    19    85 0.58 # 99529 # 100662 # -1 # ID=13_106;partial=00;start_type=ATG;rbs_motif=None;rbs_spacer=None;gc_cont=0.249
AY077835.1_Goatpox_virus_Pellor_2000_106               -            378 269at10240           -            259   1.3e-09   34.4  17.5   2   2   2.5e-11   1.3e-09   34.4  17.5    80   233   162   321   124   335 0.86 # 99529 # 100662 # -1 # ID=13_106;partial=00;start_type=ATG;rbs_motif=None;rbs_spacer=None;gc_cont=0.249
AY077836.1_Goatpox_virus_G20_LKV_2000_107              -            378 269at10240           -            259   1.3e-09   34.4  17.5   1   2       6.5   3.4e+02   -3.0   0.1   188   197    56    65    19    85 0.58 # 99592 # 100725 # -1 # ID=12_107;partial=00;start_type=ATG;rbs_motif=None;rbs_spacer=None;gc_cont=0.249
AY077836.1_Goatpox_virus_G20_LKV_2000_107              -            378 269at10240           -            259   1.3e-09   34.4  17.5   2   2   2.5e-11   1.3e-09   34.4  17.5    80   233   162   321   124   335 0.86 # 99592 # 100725 # -1 # ID=12_107;partial=00;start_type=ATG;rbs_motif=None;rbs_spacer=None;gc_cont=0.249
KC951854.1_Goatpox_virus_FZ_China_10_Jan_2012_goat_106 -            378 269at10240           -            259   1.3e-09   34.4  17.5   1   2       7.9   4.2e+02   -3.3   0.1   188   197    56    65    20    79 0.55 # 99806 # 100939 # -1 # ID=11_106;partial=00;start_type=ATG;rbs_motif=None;rbs_spacer=None;gc_cont=0.250
KC951854.1_Goatpox_virus_FZ_China_10_Jan_2012_goat_106 -            378 269at10240           -            259   1.3e-09   34.4  17.5   2   2   2.5e-11   1.3e-09   34.4  17.5    80   233   162   321   124   335 0.86 # 99806 # 100939 # -1 # ID=11_106;partial=00;start_type=ATG;rbs_motif=None;rbs_spacer=None;gc_cont=0.250
KX576657.1_Goatpox_virus_Gorgan_Iran_1965_goat_106     -            378 269at10240           -            259   1.3e-09   34.4  17.5   1   2       6.5   3.4e+02   -3.0   0.1   188   197    56    65    19    85 0.58 # 99653 # 100786 # -1 # ID=10_106;partial=00;start_type=ATG;rbs_motif=None;rbs_spacer=None;gc_cont=0.249
KX576657.1_Goatpox_virus_Gorgan_Iran_1965_goat_106     -            378 269at10240           -            259   1.3e-09   34.4  17.5   2   2   2.5e-11   1.3e-09   34.4  17.5    80   233   162   321   124   335 0.86 # 99653 # 100786 # -1 # ID=10_106;partial=00;start_type=ATG;rbs_motif=None;rbs_spacer=None;gc_cont=0.249
MH381810.1_Goatpox_virus_AV41_China_Jan_2018_goat_106  -            378 269at10240           -            259   1.3e-09   34.4  17.5   1   2       7.9   4.2e+02   -3.3   0.1   188   197    56    65    20    79 0.55 # 99835 # 100968 # -1 # ID=9_106;partial=00;start_type=ATG;rbs_motif=None;rbs_spacer=None;gc_cont=0.250
MH381810.1_Goatpox_virus_AV41_China_Jan_2018_goat_106  -            378 269at10240           -            259   1.3e-09   34.4  17.5   2   2   2.5e-11   1.3e-09   34.4  17.5    80   233   162   321   124   335 0.86 # 99835 # 100968 # -1 # ID=9_106;partial=00;start_type=ATG;rbs_motif=None;rbs_spacer=None;gc_cont=0.250
MN072620.1_Goatpox_virus_India_goat_105                -            378 269at10240           -            259   1.3e-09   34.4  17.5   1   2       7.9   4.2e+02   -3.3   0.1   188   197    56    65    20    79 0.55 # 99928 # 101061 # -1 # ID=8_105;partial=00;start_type=ATG;rbs_motif=None;rbs_spacer=None;gc_cont=0.250
MN072620.1_Goatpox_virus_India_goat_105                -            378 269at10240           -            259   1.3e-09   34.4  17.5   2   2   2.5e-11   1.3e-09   34.4  17.5    80   233   162   321   124   335 0.86 # 99928 # 101061 # -1 # ID=8_105;partial=00;start_type=ATG;rbs_motif=None;rbs_spacer=None;gc_cont=0.250
MN072621.1_Goatpox_virus_Vietnam_goat_106              -            378 269at10240           -            259   1.3e-09   34.4  17.5   1   2       7.9   4.2e+02   -3.3   0.1   188   197    56    65    20    79 0.55 # 99896 # 101029 # -1 # ID=7_106;partial=00;start_type=ATG;rbs_motif=None;rbs_spacer=None;gc_cont=0.250
MN072621.1_Goatpox_virus_Vietnam_goat_106              -            378 269at10240           -            259   1.3e-09   34.4  17.5   2   2   2.5e-11   1.3e-09   34.4  17.5    80   233   162   321   124   335 0.86 # 99896 # 101029 # -1 # ID=7_106;partial=00;start_type=ATG;rbs_motif=None;rbs_spacer=None;gc_cont=0.250
MN072622.1_Goatpox_virus_Turkey_goat_104               -            378 269at10240           -            259   1.3e-09   34.4  17.5   1   2       6.5   3.4e+02   -3.0   0.1   188   197    56    65    19    85 0.58 # 99698 # 100831 # -1 # ID=6_104;partial=00;start_type=ATG;rbs_motif=None;rbs_spacer=None;gc_cont=0.249
MN072622.1_Goatpox_virus_Turkey_goat_104               -            378 269at10240           -            259   1.3e-09   34.4  17.5   2   2   2.5e-11   1.3e-09   34.4  17.5    80   233   162   321   124   335 0.86 # 99698 # 100831 # -1 # ID=6_104;partial=00;start_type=ATG;rbs_motif=None;rbs_spacer=None;gc_cont=0.249
MW020570.1_Goatpox_virus_V103_goat_105                 -            378 269at10240           -            259   1.3e-09   34.4  17.5   1   2       7.9   4.2e+02   -3.3   0.1   188   197    56    65    20    79 0.55 # 100017 # 101150 # -1 # ID=2_105;partial=00;start_type=ATG;rbs_motif=None;rbs_spacer=None;gc_cont=0.250
MW020570.1_Goatpox_virus_V103_goat_105                 -            378 269at10240           -            259   1.3e-09   34.4  17.5   2   2   2.5e-11   1.3e-09   34.4  17.5    80   233   162   321   124   335 0.86 # 100017 # 101150 # -1 # ID=2_105;partial=00;start_type=ATG;rbs_motif=None;rbs_spacer=None;gc_cont=0.250
NC_004003.1_Goatpox_virus_Pellor_2000_106              -            378 269at10240           -            259   1.3e-09   34.4  17.5   1   2       6.5   3.4e+02   -3.0   0.1   188   197    56    65    19    85 0.58 # 99529 # 100662 # -1 # ID=1_106;partial=00;start_type=ATG;rbs_motif=None;rbs_spacer=None;gc_cont=0.249
NC_004003.1_Goatpox_virus_Pellor_2000_106              -            378 269at10240           -            259   1.3e-09   34.4  17.5   2   2   2.5e-11   1.3e-09   34.4  17.5    80   233   162   321   124   335 0.86 # 99529 # 100662 # -1 # ID=1_106;partial=00;start_type=ATG;rbs_motif=None;rbs_spacer=None;gc_cont=0.249
MN072624.1_Goatpox_virus_Sudan_goat_104                -            378 269at10240           -            259   5.1e-09   32.5  17.9   1   2       7.9   4.2e+02   -3.3   0.1   188   197    56    65    20    79 0.55 # 99888 # 101021 # -1 # ID=4_104;partial=00;start_type=ATG;rbs_motif=None;rbs_spacer=None;gc_cont=0.250
MN072624.1_Goatpox_virus_Sudan_goat_104                -            378 269at10240           -            259   5.1e-09   32.5  17.9   2   2   9.5e-11   5.1e-09   32.5  17.9    80   233   162   321   121   335 0.84 # 99888 # 101021 # -1 # ID=4_104;partial=00;start_type=ATG;rbs_motif=None;rbs_spacer=None;gc_cont=0.250
MN072625.1_Goatpox_virus_Yemen_goat_68                 -            134 269at10240           -            259   2.7e-06   23.5   2.8   1   1   5.9e-08   3.1e-06   23.3   2.8   154   228    14    91     3   124 0.72 # 59357 # 59758 # -1 # ID=3_68;partial=00;start_type=ATG;rbs_motif=TTTT;rbs_spacer=15bp;gc_cont=0.244
KC951854.1_Goatpox_virus_FZ_China_10_Jan_2012_goat_69  -            134 269at10240           -            259   3.4e-06   23.2   2.3   1   1   7.3e-08   3.9e-06   23.0   2.3   154   228    14    91     3   131 0.72 # 59212 # 59613 # -1 # ID=11_69;partial=00;start_type=ATG;rbs_motif=TTTT;rbs_spacer=15bp;gc_cont=0.249
MN072620.1_Goatpox_virus_India_goat_68                 -            134 269at10240           -            259   3.4e-06   23.2   2.3   1   1   7.3e-08   3.9e-06   23.0   2.3   154   228    14    91     3   131 0.72 # 59344 # 59745 # -1 # ID=8_68;partial=00;start_type=ATG;rbs_motif=TTTT;rbs_spacer=15bp;gc_cont=0.249
MN072621.1_Goatpox_virus_Vietnam_goat_69               -            134 269at10240           -            259   3.4e-06   23.2   2.3   1   1   7.3e-08   3.9e-06   23.0   2.3   154   228    14    91     3   131 0.72 # 59323 # 59724 # -1 # ID=7_69;partial=00;start_type=ATG;rbs_motif=TTTT;rbs_spacer=15bp;gc_cont=0.249
MW020570.1_Goatpox_virus_V103_goat_68                  -            134 269at10240           -            259   3.4e-06   23.2   2.3   1   1   7.3e-08   3.9e-06   23.0   2.3   154   228    14    91     3   131 0.72 # 59433 # 59834 # -1 # ID=2_68;partial=00;start_type=ATG;rbs_motif=TTTT;rbs_spacer=15bp;gc_cont=0.249
MH381810.1_Goatpox_virus_AV41_China_Jan_2018_goat_69   -            134 269at10240           -            259   4.5e-06   22.8   2.6   1   1   9.7e-08   5.2e-06   22.6   2.6   154   227    14    90     3   130 0.72 # 59241 # 59642 # -1 # ID=9_69;partial=00;start_type=ATG;rbs_motif=TTTT;rbs_spacer=15bp;gc_cont=0.246
AY077835.1_Goatpox_virus_Pellor_2000_69                -            134 269at10240           -            259   4.8e-06   22.7   2.6   1   1     1e-07   5.6e-06   22.5   2.6   154   228    14    91     3   124 0.72 # 58919 # 59320 # -1 # ID=13_69;partial=00;start_type=ATG;rbs_motif=TTTT;rbs_spacer=15bp;gc_cont=0.254
AY077836.1_Goatpox_virus_G20_LKV_2000_70               -            134 269at10240           -            259   4.8e-06   22.7   2.6   1   1     1e-07   5.6e-06   22.5   2.6   154   228    14    91     3   124 0.72 # 58982 # 59383 # -1 # ID=12_70;partial=00;start_type=ATG;rbs_motif=TTTT;rbs_spacer=15bp;gc_cont=0.254
KX576657.1_Goatpox_virus_Gorgan_Iran_1965_goat_69      -            134 269at10240           -            259   4.8e-06   22.7   2.6   1   1     1e-07   5.6e-06   22.5   2.6   154   228    14    91     3   124 0.72 # 59043 # 59444 # -1 # ID=10_69;partial=00;start_type=ATG;rbs_motif=TTTT;rbs_spacer=15bp;gc_cont=0.254
MN072622.1_Goatpox_virus_Turkey_goat_67                -            134 269at10240           -            259   4.8e-06   22.7   2.6   1   1     1e-07   5.6e-06   22.5   2.6   154   228    14    91     3   124 0.72 # 59098 # 59499 # -1 # ID=6_67;partial=00;start_type=ATG;rbs_motif=TTTT;rbs_spacer=15bp;gc_cont=0.254
MN072623.1_Goatpox_virus_Oman_goat_66                  -            134 269at10240           -            259   4.8e-06   22.7   2.6   1   1     1e-07   5.6e-06   22.5   2.6   154   228    14    91     3   124 0.72 # 59256 # 59657 # -1 # ID=5_66;partial=00;start_type=ATG;rbs_motif=TTTT;rbs_spacer=15bp;gc_cont=0.246
MN072624.1_Goatpox_virus_Sudan_goat_67                 -            134 269at10240           -            259   4.8e-06   22.7   2.6   1   1     1e-07   5.6e-06   22.5   2.6   154   228    14    91     3   124 0.72 # 59286 # 59687 # -1 # ID=4_67;partial=00;start_type=ATG;rbs_motif=TTTT;rbs_spacer=15bp;gc_cont=0.249
NC_004003.1_Goatpox_virus_Pellor_2000_69               -            134 269at10240           -            259   4.8e-06   22.7   2.6   1   1     1e-07   5.6e-06   22.5   2.6   154   228    14    91     3   124 0.72 # 58919 # 59320 # -1 # ID=1_69;partial=00;start_type=ATG;rbs_motif=TTTT;rbs_spacer=15bp;gc_cont=0.254
#
# Program:         hmmsearch
# Version:         3.3.2 (Nov 2020)
# Pipeline mode:   SEARCH
# Query file:      /mnt/lustre/RDS-live/downing/LSDV_PVG/GOATPOXVIRUS/busco_downloads/lineages/poxviridae_odb10/hmms/269at10240.hmm
# Target file:     /mnt/lustre/RDS-live/downing/LSDV_PVG/GOATPOXVIRUS/BUSCO/prodigal_output/predicted_genes/predicted.faa
# Option settings: hmmsearch --domtblout /mnt/lustre/RDS-live/downing/LSDV_PVG/GOATPOXVIRUS/BUSCO/run_poxviridae_odb10/hmmer_output/269at10240.out --cpu 1 /mnt/lustre/RDS-live/downing/LSDV_PVG/GOATPOXVIRUS/busco_downloads/lineages/poxviridae_odb10/hmms/269at10240.hmm /mnt/lustre/RDS-live/downing/LSDV_PVG/GOATPOXVIRUS/BUSCO/prodigal_output/predicted_genes/predicted.faa 
# Current dir:     /mnt/lustre/RDS-live/downing/LSDV_PVG/GOATPOXVIRUS
# Date:            Tue Apr 16 16:00:27 2024
# [ok]
