#                                                                                                             --- full sequence --- -------------- this domain -------------   hmm coord   ali coord   env coord
# target name                                         accession   tlen query name           accession   qlen   E-value  score  bias   #  of  c-Evalue  i-Evalue  score  bias  from    to  from    to  from    to  acc description of target
#                                 ------------------- ---------- ----- -------------------- ---------- ----- --------- ------ ----- --- --- --------- --------- ------ ----- ----- ----- ----- ----- ----- ----- ---- ---------------------
AY077835.1_Goatpox_virus_Pellor_2000_76               -            318 279at10240           -            258  6.4e-105  347.1  21.1   1   1  7.6e-107  1.2e-104  346.2  21.1     2   257     9   311     8   312 0.88 # 68667 # 69620 # 1 # ID=13_76;partial=00;start_type=ATG;rbs_motif=TTTT;rbs_spacer=14bp;gc_cont=0.239
AY077836.1_Goatpox_virus_G20_LKV_2000_77              -            318 279at10240           -            258  6.4e-105  347.1  21.1   1   1  7.6e-107  1.2e-104  346.2  21.1     2   257     9   311     8   312 0.88 # 68730 # 69683 # 1 # ID=12_77;partial=00;start_type=ATG;rbs_motif=TTTT;rbs_spacer=14bp;gc_cont=0.239
KC951854.1_Goatpox_virus_FZ_China_10_Jan_2012_goat_76 -            318 279at10240           -            258  6.4e-105  347.1  21.1   1   1  7.6e-107  1.2e-104  346.2  21.1     2   257     9   311     8   312 0.88 # 68943 # 69896 # 1 # ID=11_76;partial=00;start_type=ATG;rbs_motif=TTTT;rbs_spacer=14bp;gc_cont=0.238
KX576657.1_Goatpox_virus_Gorgan_Iran_1965_goat_76     -            318 279at10240           -            258  6.4e-105  347.1  21.1   1   1  7.6e-107  1.2e-104  346.2  21.1     2   257     9   311     8   312 0.88 # 68791 # 69744 # 1 # ID=10_76;partial=00;start_type=ATG;rbs_motif=TTTT;rbs_spacer=14bp;gc_cont=0.239
MH381810.1_Goatpox_virus_AV41_China_Jan_2018_goat_76  -            318 279at10240           -            258  6.4e-105  347.1  21.1   1   1  7.6e-107  1.2e-104  346.2  21.1     2   257     9   311     8   312 0.88 # 68971 # 69924 # 1 # ID=9_76;partial=00;start_type=ATG;rbs_motif=TTTT;rbs_spacer=14bp;gc_cont=0.238
MN072620.1_Goatpox_virus_India_goat_75                -            318 279at10240           -            258  6.4e-105  347.1  21.1   1   1  7.6e-107  1.2e-104  346.2  21.1     2   257     9   311     8   312 0.88 # 69061 # 70014 # 1 # ID=8_75;partial=00;start_type=ATG;rbs_motif=TTTT;rbs_spacer=14bp;gc_cont=0.238
MN072621.1_Goatpox_virus_Vietnam_goat_76              -            318 279at10240           -            258  6.4e-105  347.1  21.1   1   1  7.6e-107  1.2e-104  346.2  21.1     2   257     9   311     8   312 0.88 # 69030 # 69983 # 1 # ID=7_76;partial=00;start_type=ATG;rbs_motif=TTTT;rbs_spacer=14bp;gc_cont=0.238
MN072622.1_Goatpox_virus_Turkey_goat_74               -            318 279at10240           -            258  6.4e-105  347.1  21.1   1   1  7.6e-107  1.2e-104  346.2  21.1     2   257     9   311     8   312 0.88 # 68832 # 69785 # 1 # ID=6_74;partial=00;start_type=ATG;rbs_motif=TTTT;rbs_spacer=14bp;gc_cont=0.239
MW020570.1_Goatpox_virus_V103_goat_75                 -            318 279at10240           -            258  6.4e-105  347.1  21.1   1   1  7.6e-107  1.2e-104  346.2  21.1     2   257     9   311     8   312 0.88 # 69150 # 70103 # 1 # ID=2_75;partial=00;start_type=ATG;rbs_motif=TTTT;rbs_spacer=14bp;gc_cont=0.238
NC_004003.1_Goatpox_virus_Pellor_2000_76              -            318 279at10240           -            258  6.4e-105  347.1  21.1   1   1  7.6e-107  1.2e-104  346.2  21.1     2   257     9   311     8   312 0.88 # 68667 # 69620 # 1 # ID=1_76;partial=00;start_type=ATG;rbs_motif=TTTT;rbs_spacer=14bp;gc_cont=0.239
MN072623.1_Goatpox_virus_Oman_goat_73                 -            318 279at10240           -            258  6.5e-105  347.0  20.6   1   1  7.8e-107  1.2e-104  346.2  20.6     2   257     9   311     8   312 0.88 # 68979 # 69932 # 1 # ID=5_73;partial=00;start_type=ATG;rbs_motif=TTTT;rbs_spacer=14bp;gc_cont=0.241
MN072624.1_Goatpox_virus_Sudan_goat_74                -            318 279at10240           -            258  6.5e-105  347.0  20.6   1   1  7.8e-107  1.2e-104  346.2  20.6     2   257     9   311     8   312 0.88 # 69014 # 69967 # 1 # ID=4_74;partial=00;start_type=ATG;rbs_motif=TTTT;rbs_spacer=14bp;gc_cont=0.242
MN072625.1_Goatpox_virus_Yemen_goat_75                -            318 279at10240           -            258  6.5e-105  347.0  20.6   1   1  7.8e-107  1.2e-104  346.2  20.6     2   257     9   311     8   312 0.88 # 69081 # 70034 # 1 # ID=3_75;partial=00;start_type=ATG;rbs_motif=TTTT;rbs_spacer=14bp;gc_cont=0.241
#
# Program:         hmmsearch
# Version:         3.3.2 (Nov 2020)
# Pipeline mode:   SEARCH
# Query file:      /mnt/lustre/RDS-live/downing/LSDV_PVG/GOATPOXVIRUS/busco_downloads/lineages/poxviridae_odb10/hmms/279at10240.hmm
# Target file:     /mnt/lustre/RDS-live/downing/LSDV_PVG/GOATPOXVIRUS/BUSCO/prodigal_output/predicted_genes/predicted.faa
# Option settings: hmmsearch --domtblout /mnt/lustre/RDS-live/downing/LSDV_PVG/GOATPOXVIRUS/BUSCO/run_poxviridae_odb10/hmmer_output/279at10240.out --cpu 1 /mnt/lustre/RDS-live/downing/LSDV_PVG/GOATPOXVIRUS/busco_downloads/lineages/poxviridae_odb10/hmms/279at10240.hmm /mnt/lustre/RDS-live/downing/LSDV_PVG/GOATPOXVIRUS/BUSCO/prodigal_output/predicted_genes/predicted.faa 
# Current dir:     /mnt/lustre/RDS-live/downing/LSDV_PVG/GOATPOXVIRUS
# Date:            Tue Apr 16 16:00:27 2024
# [ok]
