#                                                                                                             --- full sequence --- -------------- this domain -------------   hmm coord   ali coord   env coord
# target name                                         accession   tlen query name           accession   qlen   E-value  score  bias   #  of  c-Evalue  i-Evalue  score  bias  from    to  from    to  from    to  acc description of target
#                                 ------------------- ---------- ----- -------------------- ---------- ----- --------- ------ ----- --- --- --------- --------- ------ ----- ----- ----- ----- ----- ----- ----- ---- ---------------------
AY077835.1_Goatpox_virus_Pellor_2000_60               -            246 416at10240           -            205   1.4e-86  286.4  22.3   1   1   4.3e-87   3.3e-85  281.9  22.3     1   205     1   237     1   237 0.92 # 52550 # 53287 # 1 # ID=13_60;partial=00;start_type=ATG;rbs_motif=None;rbs_spacer=None;gc_cont=0.306
AY077836.1_Goatpox_virus_G20_LKV_2000_61              -            246 416at10240           -            205   1.4e-86  286.4  22.3   1   1   4.3e-87   3.3e-85  281.9  22.3     1   205     1   237     1   237 0.92 # 52613 # 53350 # 1 # ID=12_61;partial=00;start_type=ATG;rbs_motif=None;rbs_spacer=None;gc_cont=0.306
KX576657.1_Goatpox_virus_Gorgan_Iran_1965_goat_60     -            246 416at10240           -            205   1.4e-86  286.4  22.3   1   1   4.3e-87   3.3e-85  281.9  22.3     1   205     1   237     1   237 0.92 # 52674 # 53411 # 1 # ID=10_60;partial=00;start_type=ATG;rbs_motif=None;rbs_spacer=None;gc_cont=0.306
MN072620.1_Goatpox_virus_India_goat_59                -            246 416at10240           -            205   1.4e-86  286.4  22.3   1   1   4.3e-87   3.3e-85  281.9  22.3     1   205     1   237     1   237 0.92 # 52958 # 53695 # 1 # ID=8_59;partial=00;start_type=ATG;rbs_motif=None;rbs_spacer=None;gc_cont=0.304
MN072622.1_Goatpox_virus_Turkey_goat_58               -            246 416at10240           -            205   1.4e-86  286.4  22.3   1   1   4.3e-87   3.3e-85  281.9  22.3     1   205     1   237     1   237 0.92 # 52728 # 53465 # 1 # ID=6_58;partial=00;start_type=ATG;rbs_motif=None;rbs_spacer=None;gc_cont=0.306
MW020570.1_Goatpox_virus_V103_goat_59                 -            246 416at10240           -            205   1.4e-86  286.4  22.3   1   1   4.3e-87   3.3e-85  281.9  22.3     1   205     1   237     1   237 0.92 # 53047 # 53784 # 1 # ID=2_59;partial=00;start_type=ATG;rbs_motif=None;rbs_spacer=None;gc_cont=0.304
NC_004003.1_Goatpox_virus_Pellor_2000_60              -            246 416at10240           -            205   1.4e-86  286.4  22.3   1   1   4.3e-87   3.3e-85  281.9  22.3     1   205     1   237     1   237 0.92 # 52550 # 53287 # 1 # ID=1_60;partial=00;start_type=ATG;rbs_motif=None;rbs_spacer=None;gc_cont=0.306
MN072623.1_Goatpox_virus_Oman_goat_57                 -            246 416at10240           -            205   3.5e-86  285.1  21.7   1   1   9.8e-87   7.4e-85  280.7  21.7     1   205     1   237     1   237 0.92 # 52881 # 53618 # 1 # ID=5_57;partial=00;start_type=ATG;rbs_motif=None;rbs_spacer=None;gc_cont=0.308
MN072624.1_Goatpox_virus_Sudan_goat_58                -            246 416at10240           -            205   3.5e-86  285.1  21.7   1   1   9.8e-87   7.4e-85  280.7  21.7     1   205     1   237     1   237 0.92 # 52911 # 53648 # 1 # ID=4_58;partial=00;start_type=ATG;rbs_motif=None;rbs_spacer=None;gc_cont=0.306
MN072625.1_Goatpox_virus_Yemen_goat_59                -            246 416at10240           -            205   3.5e-86  285.1  21.7   1   1   9.8e-87   7.4e-85  280.7  21.7     1   205     1   237     1   237 0.92 # 52987 # 53724 # 1 # ID=3_59;partial=00;start_type=ATG;rbs_motif=None;rbs_spacer=None;gc_cont=0.308
KC951854.1_Goatpox_virus_FZ_China_10_Jan_2012_goat_60 -            246 416at10240           -            205   7.7e-86  284.0  22.1   1   1   2.4e-86   1.8e-84  279.5  22.1     1   205     1   237     1   237 0.92 # 52831 # 53568 # 1 # ID=11_60;partial=00;start_type=ATG;rbs_motif=None;rbs_spacer=None;gc_cont=0.302
MH381810.1_Goatpox_virus_AV41_China_Jan_2018_goat_60  -            246 416at10240           -            205   7.7e-86  284.0  22.1   1   1   2.4e-86   1.8e-84  279.5  22.1     1   205     1   237     1   237 0.92 # 52861 # 53598 # 1 # ID=9_60;partial=00;start_type=ATG;rbs_motif=None;rbs_spacer=None;gc_cont=0.302
MN072621.1_Goatpox_virus_Vietnam_goat_60              -            246 416at10240           -            205   7.7e-86  284.0  22.1   1   1   2.4e-86   1.8e-84  279.5  22.1     1   205     1   237     1   237 0.92 # 52942 # 53679 # 1 # ID=7_60;partial=00;start_type=ATG;rbs_motif=None;rbs_spacer=None;gc_cont=0.302
MN072622.1_Goatpox_virus_Turkey_goat_20               -            217 416at10240           -            205   8.1e-15   52.0   2.3   1   1   1.3e-16     1e-14   51.7   2.3    28   157    27   158     1   181 0.79 # 15633 # 16283 # -1 # ID=6_20;partial=00;start_type=ATG;rbs_motif=TTTT;rbs_spacer=14bp;gc_cont=0.250
KC951854.1_Goatpox_virus_FZ_China_10_Jan_2012_goat_22 -            217 416at10240           -            205   8.9e-15   51.9   2.3   1   1   1.5e-16   1.1e-14   51.6   2.3    28   157    27   158     1   181 0.79 # 15732 # 16382 # -1 # ID=11_22;partial=00;start_type=ATG;rbs_motif=TTTT;rbs_spacer=14bp;gc_cont=0.250
MH381810.1_Goatpox_virus_AV41_China_Jan_2018_goat_22  -            217 416at10240           -            205   8.9e-15   51.9   2.3   1   1   1.5e-16   1.1e-14   51.6   2.3    28   157    27   158     1   181 0.79 # 15734 # 16384 # -1 # ID=9_22;partial=00;start_type=ATG;rbs_motif=TTTT;rbs_spacer=14bp;gc_cont=0.250
MN072620.1_Goatpox_virus_India_goat_22                -            217 416at10240           -            205   8.9e-15   51.9   2.3   1   1   1.5e-16   1.1e-14   51.6   2.3    28   157    27   158     1   181 0.79 # 15823 # 16473 # -1 # ID=8_22;partial=00;start_type=ATG;rbs_motif=TTTT;rbs_spacer=14bp;gc_cont=0.250
MN072621.1_Goatpox_virus_Vietnam_goat_22              -            217 416at10240           -            205   8.9e-15   51.9   2.3   1   1   1.5e-16   1.1e-14   51.6   2.3    28   157    27   158     1   181 0.79 # 15813 # 16463 # -1 # ID=7_22;partial=00;start_type=ATG;rbs_motif=TTTT;rbs_spacer=14bp;gc_cont=0.250
MW020570.1_Goatpox_virus_V103_goat_22                 -            217 416at10240           -            205   8.9e-15   51.9   2.3   1   1   1.5e-16   1.1e-14   51.6   2.3    28   157    27   158     1   181 0.79 # 15912 # 16562 # -1 # ID=2_22;partial=00;start_type=ATG;rbs_motif=TTTT;rbs_spacer=14bp;gc_cont=0.250
AY077835.1_Goatpox_virus_Pellor_2000_22               -            217 416at10240           -            205   1.7e-14   51.0   2.3   1   1   2.8e-16   2.1e-14   50.6   2.3    28   157    27   158     1   181 0.79 # 15447 # 16097 # -1 # ID=13_22;partial=00;start_type=ATG;rbs_motif=TTTT;rbs_spacer=14bp;gc_cont=0.252
AY077836.1_Goatpox_virus_G20_LKV_2000_23              -            217 416at10240           -            205   1.7e-14   51.0   2.3   1   1   2.8e-16   2.1e-14   50.6   2.3    28   157    27   158     1   181 0.79 # 15510 # 16160 # -1 # ID=12_23;partial=00;start_type=ATG;rbs_motif=TTTT;rbs_spacer=14bp;gc_cont=0.252
KX576657.1_Goatpox_virus_Gorgan_Iran_1965_goat_22     -            217 416at10240           -            205   1.7e-14   51.0   2.3   1   1   2.8e-16   2.1e-14   50.6   2.3    28   157    27   158     1   181 0.79 # 15571 # 16221 # -1 # ID=10_22;partial=00;start_type=ATG;rbs_motif=TTTT;rbs_spacer=14bp;gc_cont=0.252
NC_004003.1_Goatpox_virus_Pellor_2000_22              -            217 416at10240           -            205   1.7e-14   51.0   2.3   1   1   2.8e-16   2.1e-14   50.6   2.3    28   157    27   158     1   181 0.79 # 15447 # 16097 # -1 # ID=1_22;partial=00;start_type=ATG;rbs_motif=TTTT;rbs_spacer=14bp;gc_cont=0.252
MN072623.1_Goatpox_virus_Oman_goat_20                 -            217 416at10240           -            205   4.9e-14   49.5   2.0   1   1     8e-16   6.1e-14   49.1   2.0    28   157    27   158     1   181 0.79 # 15865 # 16515 # -1 # ID=5_20;partial=00;start_type=ATG;rbs_motif=TTTT;rbs_spacer=14bp;gc_cont=0.247
MN072624.1_Goatpox_virus_Sudan_goat_20                -            217 416at10240           -            205   4.9e-14   49.5   2.0   1   1     8e-16   6.1e-14   49.1   2.0    28   157    27   158     1   181 0.79 # 15779 # 16429 # -1 # ID=4_20;partial=00;start_type=ATG;rbs_motif=TTTT;rbs_spacer=14bp;gc_cont=0.247
MN072625.1_Goatpox_virus_Yemen_goat_21                -            217 416at10240           -            205   4.9e-14   49.5   2.0   1   1     8e-16   6.1e-14   49.1   2.0    28   157    27   158     1   181 0.79 # 15866 # 16516 # -1 # ID=3_21;partial=00;start_type=ATG;rbs_motif=TTTT;rbs_spacer=14bp;gc_cont=0.247
#
# Program:         hmmsearch
# Version:         3.3.2 (Nov 2020)
# Pipeline mode:   SEARCH
# Query file:      /mnt/lustre/RDS-live/downing/LSDV_PVG/GOATPOXVIRUS/busco_downloads/lineages/poxviridae_odb10/hmms/416at10240.hmm
# Target file:     /mnt/lustre/RDS-live/downing/LSDV_PVG/GOATPOXVIRUS/BUSCO/prodigal_output/predicted_genes/predicted.faa
# Option settings: hmmsearch --domtblout /mnt/lustre/RDS-live/downing/LSDV_PVG/GOATPOXVIRUS/BUSCO/run_poxviridae_odb10/hmmer_output/416at10240.out --cpu 1 /mnt/lustre/RDS-live/downing/LSDV_PVG/GOATPOXVIRUS/busco_downloads/lineages/poxviridae_odb10/hmms/416at10240.hmm /mnt/lustre/RDS-live/downing/LSDV_PVG/GOATPOXVIRUS/BUSCO/prodigal_output/predicted_genes/predicted.faa 
# Current dir:     /mnt/lustre/RDS-live/downing/LSDV_PVG/GOATPOXVIRUS
# Date:            Tue Apr 16 16:00:27 2024
# [ok]
