#                                                                                                             --- full sequence --- -------------- this domain -------------   hmm coord   ali coord   env coord
# target name                                         accession   tlen query name           accession   qlen   E-value  score  bias   #  of  c-Evalue  i-Evalue  score  bias  from    to  from    to  from    to  acc description of target
#                                 ------------------- ---------- ----- -------------------- ---------- ----- --------- ------ ----- --- --- --------- --------- ------ ----- ----- ----- ----- ----- ----- ----- ---- ---------------------
MN072623.1_Goatpox_virus_Oman_goat_79                 -            787 43at10240            -            648  8.6e-255  843.8  40.2   1   3     8e-21   1.2e-18   63.6   1.2     1    89    10   109    10   112 0.90 # 74817 # 77177 # 1 # ID=5_79;partial=00;start_type=ATG;rbs_motif=None;rbs_spacer=None;gc_cont=0.271
MN072623.1_Goatpox_virus_Oman_goat_79                 -            787 43at10240            -            648  8.6e-255  843.8  40.2   2   3   6.1e-37   9.2e-35  116.8   3.2    73   174   112   227   106   234 0.86 # 74817 # 77177 # 1 # ID=5_79;partial=00;start_type=ATG;rbs_motif=None;rbs_spacer=None;gc_cont=0.271
MN072623.1_Goatpox_virus_Oman_goat_79                 -            787 43at10240            -            648  8.6e-255  843.8  40.2   3   3  1.2e-205  1.9e-203  674.2  21.6   174   647   255   784   237   785 0.89 # 74817 # 77177 # 1 # ID=5_79;partial=00;start_type=ATG;rbs_motif=None;rbs_spacer=None;gc_cont=0.271
MN072624.1_Goatpox_virus_Sudan_goat_80                -            787 43at10240            -            648  8.6e-255  843.8  40.2   1   3     8e-21   1.2e-18   63.6   1.2     1    89    10   109    10   112 0.90 # 74851 # 77211 # 1 # ID=4_80;partial=00;start_type=ATG;rbs_motif=None;rbs_spacer=None;gc_cont=0.271
MN072624.1_Goatpox_virus_Sudan_goat_80                -            787 43at10240            -            648  8.6e-255  843.8  40.2   2   3   6.1e-37   9.2e-35  116.8   3.2    73   174   112   227   106   234 0.86 # 74851 # 77211 # 1 # ID=4_80;partial=00;start_type=ATG;rbs_motif=None;rbs_spacer=None;gc_cont=0.271
MN072624.1_Goatpox_virus_Sudan_goat_80                -            787 43at10240            -            648  8.6e-255  843.8  40.2   3   3  1.2e-205  1.9e-203  674.2  21.6   174   647   255   784   237   785 0.89 # 74851 # 77211 # 1 # ID=4_80;partial=00;start_type=ATG;rbs_motif=None;rbs_spacer=None;gc_cont=0.271
MN072625.1_Goatpox_virus_Yemen_goat_81                -            787 43at10240            -            648  8.6e-255  843.8  40.2   1   3     8e-21   1.2e-18   63.6   1.2     1    89    10   109    10   112 0.90 # 74919 # 77279 # 1 # ID=3_81;partial=00;start_type=ATG;rbs_motif=None;rbs_spacer=None;gc_cont=0.271
MN072625.1_Goatpox_virus_Yemen_goat_81                -            787 43at10240            -            648  8.6e-255  843.8  40.2   2   3   6.1e-37   9.2e-35  116.8   3.2    73   174   112   227   106   234 0.86 # 74919 # 77279 # 1 # ID=3_81;partial=00;start_type=ATG;rbs_motif=None;rbs_spacer=None;gc_cont=0.271
MN072625.1_Goatpox_virus_Yemen_goat_81                -            787 43at10240            -            648  8.6e-255  843.8  40.2   3   3  1.2e-205  1.9e-203  674.2  21.6   174   647   255   784   237   785 0.89 # 74919 # 77279 # 1 # ID=3_81;partial=00;start_type=ATG;rbs_motif=None;rbs_spacer=None;gc_cont=0.271
AY077835.1_Goatpox_virus_Pellor_2000_82               -            787 43at10240            -            648  9.9e-255  843.6  41.0   1   2   7.3e-21   1.1e-18   63.7   1.2     1    89    10   109    10   115 0.90 # 74503 # 76863 # 1 # ID=13_82;partial=00;start_type=ATG;rbs_motif=None;rbs_spacer=None;gc_cont=0.272
AY077835.1_Goatpox_virus_Pellor_2000_82               -            787 43at10240            -            648  9.9e-255  843.6  41.0   2   2    1e-236  1.6e-234  776.9  33.3    73   647   112   784   106   785 0.87 # 74503 # 76863 # 1 # ID=13_82;partial=00;start_type=ATG;rbs_motif=None;rbs_spacer=None;gc_cont=0.272
AY077836.1_Goatpox_virus_G20_LKV_2000_83              -            787 43at10240            -            648  9.9e-255  843.6  41.0   1   2   7.3e-21   1.1e-18   63.7   1.2     1    89    10   109    10   115 0.90 # 74566 # 76926 # 1 # ID=12_83;partial=00;start_type=ATG;rbs_motif=None;rbs_spacer=None;gc_cont=0.272
AY077836.1_Goatpox_virus_G20_LKV_2000_83              -            787 43at10240            -            648  9.9e-255  843.6  41.0   2   2    1e-236  1.6e-234  776.9  33.3    73   647   112   784   106   785 0.87 # 74566 # 76926 # 1 # ID=12_83;partial=00;start_type=ATG;rbs_motif=None;rbs_spacer=None;gc_cont=0.272
KC951854.1_Goatpox_virus_FZ_China_10_Jan_2012_goat_82 -            787 43at10240            -            648  9.9e-255  843.6  41.0   1   2   7.3e-21   1.1e-18   63.7   1.2     1    89    10   109    10   115 0.90 # 74781 # 77141 # 1 # ID=11_82;partial=00;start_type=ATG;rbs_motif=None;rbs_spacer=None;gc_cont=0.274
KC951854.1_Goatpox_virus_FZ_China_10_Jan_2012_goat_82 -            787 43at10240            -            648  9.9e-255  843.6  41.0   2   2    1e-236  1.6e-234  776.9  33.3    73   647   112   784   106   785 0.87 # 74781 # 77141 # 1 # ID=11_82;partial=00;start_type=ATG;rbs_motif=None;rbs_spacer=None;gc_cont=0.274
KX576657.1_Goatpox_virus_Gorgan_Iran_1965_goat_82     -            787 43at10240            -            648  9.9e-255  843.6  41.0   1   2   7.3e-21   1.1e-18   63.7   1.2     1    89    10   109    10   115 0.90 # 74627 # 76987 # 1 # ID=10_82;partial=00;start_type=ATG;rbs_motif=None;rbs_spacer=None;gc_cont=0.272
KX576657.1_Goatpox_virus_Gorgan_Iran_1965_goat_82     -            787 43at10240            -            648  9.9e-255  843.6  41.0   2   2    1e-236  1.6e-234  776.9  33.3    73   647   112   784   106   785 0.87 # 74627 # 76987 # 1 # ID=10_82;partial=00;start_type=ATG;rbs_motif=None;rbs_spacer=None;gc_cont=0.272
MH381810.1_Goatpox_virus_AV41_China_Jan_2018_goat_82  -            787 43at10240            -            648  9.9e-255  843.6  41.0   1   2   7.3e-21   1.1e-18   63.7   1.2     1    89    10   109    10   115 0.90 # 74810 # 77170 # 1 # ID=9_82;partial=00;start_type=ATG;rbs_motif=None;rbs_spacer=None;gc_cont=0.274
MH381810.1_Goatpox_virus_AV41_China_Jan_2018_goat_82  -            787 43at10240            -            648  9.9e-255  843.6  41.0   2   2    1e-236  1.6e-234  776.9  33.3    73   647   112   784   106   785 0.87 # 74810 # 77170 # 1 # ID=9_82;partial=00;start_type=ATG;rbs_motif=None;rbs_spacer=None;gc_cont=0.274
MN072620.1_Goatpox_virus_India_goat_81                -            787 43at10240            -            648  9.9e-255  843.6  41.0   1   2   7.3e-21   1.1e-18   63.7   1.2     1    89    10   109    10   115 0.90 # 74900 # 77260 # 1 # ID=8_81;partial=00;start_type=ATG;rbs_motif=None;rbs_spacer=None;gc_cont=0.274
MN072620.1_Goatpox_virus_India_goat_81                -            787 43at10240            -            648  9.9e-255  843.6  41.0   2   2    1e-236  1.6e-234  776.9  33.3    73   647   112   784   106   785 0.87 # 74900 # 77260 # 1 # ID=8_81;partial=00;start_type=ATG;rbs_motif=None;rbs_spacer=None;gc_cont=0.274
MN072621.1_Goatpox_virus_Vietnam_goat_82              -            787 43at10240            -            648  9.9e-255  843.6  41.0   1   2   7.3e-21   1.1e-18   63.7   1.2     1    89    10   109    10   115 0.90 # 74870 # 77230 # 1 # ID=7_82;partial=00;start_type=ATG;rbs_motif=None;rbs_spacer=None;gc_cont=0.274
MN072621.1_Goatpox_virus_Vietnam_goat_82              -            787 43at10240            -            648  9.9e-255  843.6  41.0   2   2    1e-236  1.6e-234  776.9  33.3    73   647   112   784   106   785 0.87 # 74870 # 77230 # 1 # ID=7_82;partial=00;start_type=ATG;rbs_motif=None;rbs_spacer=None;gc_cont=0.274
MN072622.1_Goatpox_virus_Turkey_goat_80               -            787 43at10240            -            648  9.9e-255  843.6  41.0   1   2   7.3e-21   1.1e-18   63.7   1.2     1    89    10   109    10   115 0.90 # 74671 # 77031 # 1 # ID=6_80;partial=00;start_type=ATG;rbs_motif=None;rbs_spacer=None;gc_cont=0.272
MN072622.1_Goatpox_virus_Turkey_goat_80               -            787 43at10240            -            648  9.9e-255  843.6  41.0   2   2    1e-236  1.6e-234  776.9  33.3    73   647   112   784   106   785 0.87 # 74671 # 77031 # 1 # ID=6_80;partial=00;start_type=ATG;rbs_motif=None;rbs_spacer=None;gc_cont=0.272
MW020570.1_Goatpox_virus_V103_goat_81                 -            787 43at10240            -            648  9.9e-255  843.6  41.0   1   2   7.3e-21   1.1e-18   63.7   1.2     1    89    10   109    10   115 0.90 # 74989 # 77349 # 1 # ID=2_81;partial=00;start_type=ATG;rbs_motif=None;rbs_spacer=None;gc_cont=0.274
MW020570.1_Goatpox_virus_V103_goat_81                 -            787 43at10240            -            648  9.9e-255  843.6  41.0   2   2    1e-236  1.6e-234  776.9  33.3    73   647   112   784   106   785 0.87 # 74989 # 77349 # 1 # ID=2_81;partial=00;start_type=ATG;rbs_motif=None;rbs_spacer=None;gc_cont=0.274
NC_004003.1_Goatpox_virus_Pellor_2000_82              -            787 43at10240            -            648  9.9e-255  843.6  41.0   1   2   7.3e-21   1.1e-18   63.7   1.2     1    89    10   109    10   115 0.90 # 74503 # 76863 # 1 # ID=1_82;partial=00;start_type=ATG;rbs_motif=None;rbs_spacer=None;gc_cont=0.272
NC_004003.1_Goatpox_virus_Pellor_2000_82              -            787 43at10240            -            648  9.9e-255  843.6  41.0   2   2    1e-236  1.6e-234  776.9  33.3    73   647   112   784   106   785 0.87 # 74503 # 76863 # 1 # ID=1_82;partial=00;start_type=ATG;rbs_motif=None;rbs_spacer=None;gc_cont=0.272
#
# Program:         hmmsearch
# Version:         3.3.2 (Nov 2020)
# Pipeline mode:   SEARCH
# Query file:      /mnt/lustre/RDS-live/downing/LSDV_PVG/GOATPOXVIRUS/busco_downloads/lineages/poxviridae_odb10/hmms/43at10240.hmm
# Target file:     /mnt/lustre/RDS-live/downing/LSDV_PVG/GOATPOXVIRUS/BUSCO/prodigal_output/predicted_genes/predicted.faa
# Option settings: hmmsearch --domtblout /mnt/lustre/RDS-live/downing/LSDV_PVG/GOATPOXVIRUS/BUSCO/run_poxviridae_odb10/hmmer_output/43at10240.out --cpu 1 /mnt/lustre/RDS-live/downing/LSDV_PVG/GOATPOXVIRUS/busco_downloads/lineages/poxviridae_odb10/hmms/43at10240.hmm /mnt/lustre/RDS-live/downing/LSDV_PVG/GOATPOXVIRUS/BUSCO/prodigal_output/predicted_genes/predicted.faa 
# Current dir:     /mnt/lustre/RDS-live/downing/LSDV_PVG/GOATPOXVIRUS
# Date:            Tue Apr 16 16:00:28 2024
# [ok]
