#                                                                                                             --- full sequence --- -------------- this domain -------------   hmm coord   ali coord   env coord
# target name                                         accession   tlen query name           accession   qlen   E-value  score  bias   #  of  c-Evalue  i-Evalue  score  bias  from    to  from    to  from    to  acc description of target
#                                 ------------------- ---------- ----- -------------------- ---------- ----- --------- ------ ----- --- --- --------- --------- ------ ----- ----- ----- ----- ----- ----- ----- ---- ---------------------
AY077835.1_Goatpox_virus_Pellor_2000_91               -            228 440at10240           -            196   6.1e-87  287.4  23.5   1   1   4.6e-89     7e-87  287.2  23.5     2   184    16   202    15   227 0.90 # 85725 # 86408 # -1 # ID=13_91;partial=00;start_type=ATG;rbs_motif=AAAA;rbs_spacer=14bp;gc_cont=0.232
AY077836.1_Goatpox_virus_G20_LKV_2000_92              -            228 440at10240           -            196   6.1e-87  287.4  23.5   1   1   4.6e-89     7e-87  287.2  23.5     2   184    16   202    15   227 0.90 # 85788 # 86471 # -1 # ID=12_92;partial=00;start_type=ATG;rbs_motif=AAAA;rbs_spacer=14bp;gc_cont=0.232
KC951854.1_Goatpox_virus_FZ_China_10_Jan_2012_goat_91 -            228 440at10240           -            196   6.1e-87  287.4  23.5   1   1   4.6e-89     7e-87  287.2  23.5     2   184    16   202    15   227 0.90 # 86003 # 86686 # -1 # ID=11_91;partial=00;start_type=ATG;rbs_motif=AAAA;rbs_spacer=14bp;gc_cont=0.231
KX576657.1_Goatpox_virus_Gorgan_Iran_1965_goat_91     -            228 440at10240           -            196   6.1e-87  287.4  23.5   1   1   4.6e-89     7e-87  287.2  23.5     2   184    16   202    15   227 0.90 # 85849 # 86532 # -1 # ID=10_91;partial=00;start_type=ATG;rbs_motif=AAAA;rbs_spacer=14bp;gc_cont=0.232
MH381810.1_Goatpox_virus_AV41_China_Jan_2018_goat_91  -            228 440at10240           -            196   6.1e-87  287.4  23.5   1   1   4.6e-89     7e-87  287.2  23.5     2   184    16   202    15   227 0.90 # 86032 # 86715 # -1 # ID=9_91;partial=00;start_type=ATG;rbs_motif=AAAA;rbs_spacer=14bp;gc_cont=0.231
MN072621.1_Goatpox_virus_Vietnam_goat_91              -            228 440at10240           -            196   6.1e-87  287.4  23.5   1   1   4.6e-89     7e-87  287.2  23.5     2   184    16   202    15   227 0.90 # 86092 # 86775 # -1 # ID=7_91;partial=00;start_type=ATG;rbs_motif=AAAA;rbs_spacer=14bp;gc_cont=0.231
NC_004003.1_Goatpox_virus_Pellor_2000_91              -            228 440at10240           -            196   6.1e-87  287.4  23.5   1   1   4.6e-89     7e-87  287.2  23.5     2   184    16   202    15   227 0.90 # 85725 # 86408 # -1 # ID=1_91;partial=00;start_type=ATG;rbs_motif=AAAA;rbs_spacer=14bp;gc_cont=0.232
MN072623.1_Goatpox_virus_Oman_goat_88                 -            228 440at10240           -            196   7.5e-87  287.1  23.8   1   1   5.7e-89   8.7e-87  286.9  23.8     2   184    16   202    15   227 0.90 # 86039 # 86722 # -1 # ID=5_88;partial=00;start_type=ATG;rbs_motif=AAAA;rbs_spacer=14bp;gc_cont=0.230
MN072624.1_Goatpox_virus_Sudan_goat_89                -            228 440at10240           -            196   7.5e-87  287.1  23.8   1   1   5.7e-89   8.7e-87  286.9  23.8     2   184    16   202    15   227 0.90 # 86073 # 86756 # -1 # ID=4_89;partial=00;start_type=ATG;rbs_motif=AAAA;rbs_spacer=14bp;gc_cont=0.230
MN072625.1_Goatpox_virus_Yemen_goat_90                -            228 440at10240           -            196   7.5e-87  287.1  23.8   1   1   5.7e-89   8.7e-87  286.9  23.8     2   184    16   202    15   227 0.90 # 86141 # 86824 # -1 # ID=3_90;partial=00;start_type=ATG;rbs_motif=AAAA;rbs_spacer=14bp;gc_cont=0.230
MN072620.1_Goatpox_virus_India_goat_90                -            228 440at10240           -            196   8.8e-87  286.9  23.6   1   1   6.7e-89     1e-86  286.7  23.6     2   184    16   202    15   227 0.90 # 86122 # 86805 # -1 # ID=8_90;partial=00;start_type=ATG;rbs_motif=AAAA;rbs_spacer=14bp;gc_cont=0.230
MW020570.1_Goatpox_virus_V103_goat_90                 -            228 440at10240           -            196   8.8e-87  286.9  23.6   1   1   6.7e-89     1e-86  286.7  23.6     2   184    16   202    15   227 0.90 # 86211 # 86894 # -1 # ID=2_90;partial=00;start_type=ATG;rbs_motif=AAAA;rbs_spacer=14bp;gc_cont=0.230
MN072622.1_Goatpox_virus_Turkey_goat_89               -            228 440at10240           -            196   1.8e-86  285.9  24.7   1   1   1.4e-88   2.1e-86  285.7  24.7     2   184    16   202    15   227 0.90 # 85893 # 86576 # -1 # ID=6_89;partial=00;start_type=ATG;rbs_motif=AAAA;rbs_spacer=14bp;gc_cont=0.231
#
# Program:         hmmsearch
# Version:         3.3.2 (Nov 2020)
# Pipeline mode:   SEARCH
# Query file:      /mnt/lustre/RDS-live/downing/LSDV_PVG/GOATPOXVIRUS/busco_downloads/lineages/poxviridae_odb10/hmms/440at10240.hmm
# Target file:     /mnt/lustre/RDS-live/downing/LSDV_PVG/GOATPOXVIRUS/BUSCO/prodigal_output/predicted_genes/predicted.faa
# Option settings: hmmsearch --domtblout /mnt/lustre/RDS-live/downing/LSDV_PVG/GOATPOXVIRUS/BUSCO/run_poxviridae_odb10/hmmer_output/440at10240.out --cpu 1 /mnt/lustre/RDS-live/downing/LSDV_PVG/GOATPOXVIRUS/busco_downloads/lineages/poxviridae_odb10/hmms/440at10240.hmm /mnt/lustre/RDS-live/downing/LSDV_PVG/GOATPOXVIRUS/BUSCO/prodigal_output/predicted_genes/predicted.faa 
# Current dir:     /mnt/lustre/RDS-live/downing/LSDV_PVG/GOATPOXVIRUS
# Date:            Tue Apr 16 16:00:28 2024
# [ok]
