#                                                                                                             --- full sequence --- -------------- this domain -------------   hmm coord   ali coord   env coord
# target name                                         accession   tlen query name           accession   qlen   E-value  score  bias   #  of  c-Evalue  i-Evalue  score  bias  from    to  from    to  from    to  acc description of target
#                                 ------------------- ---------- ----- -------------------- ---------- ----- --------- ------ ----- --- --- --------- --------- ------ ----- ----- ----- ----- ----- ----- ----- ---- ---------------------
AY077835.1_Goatpox_virus_Pellor_2000_68               -            334 455at10240           -            249  1.5e-100  332.4   7.0   1   1  2.1e-102  3.2e-100  331.3   7.0     1   249     1   296     1   296 0.88 # 57440 # 58441 # 1 # ID=13_68;partial=00;start_type=ATG;rbs_motif=AACAA;rbs_spacer=14bp;gc_cont=0.266
AY077836.1_Goatpox_virus_G20_LKV_2000_69              -            334 455at10240           -            249  1.5e-100  332.4   7.0   1   1  2.1e-102  3.2e-100  331.3   7.0     1   249     1   296     1   296 0.88 # 57503 # 58504 # 1 # ID=12_69;partial=00;start_type=ATG;rbs_motif=AACAA;rbs_spacer=14bp;gc_cont=0.266
KC951854.1_Goatpox_virus_FZ_China_10_Jan_2012_goat_68 -            334 455at10240           -            249  1.5e-100  332.4   7.0   1   1  2.1e-102  3.2e-100  331.3   7.0     1   249     1   296     1   296 0.88 # 57733 # 58734 # 1 # ID=11_68;partial=00;start_type=ATG;rbs_motif=AACAA;rbs_spacer=14bp;gc_cont=0.265
KX576657.1_Goatpox_virus_Gorgan_Iran_1965_goat_68     -            334 455at10240           -            249  1.5e-100  332.4   7.0   1   1  2.1e-102  3.2e-100  331.3   7.0     1   249     1   296     1   296 0.88 # 57564 # 58565 # 1 # ID=10_68;partial=00;start_type=ATG;rbs_motif=AACAA;rbs_spacer=14bp;gc_cont=0.266
MH381810.1_Goatpox_virus_AV41_China_Jan_2018_goat_68  -            334 455at10240           -            249  1.5e-100  332.4   7.0   1   1  2.1e-102  3.2e-100  331.3   7.0     1   249     1   296     1   296 0.88 # 57762 # 58763 # 1 # ID=9_68;partial=00;start_type=ATG;rbs_motif=AACAA;rbs_spacer=14bp;gc_cont=0.265
MN072620.1_Goatpox_virus_India_goat_67                -            334 455at10240           -            249  1.5e-100  332.4   7.0   1   1  2.1e-102  3.2e-100  331.3   7.0     1   249     1   296     1   296 0.88 # 57865 # 58866 # 1 # ID=8_67;partial=00;start_type=ATG;rbs_motif=AACAA;rbs_spacer=14bp;gc_cont=0.265
MN072621.1_Goatpox_virus_Vietnam_goat_68              -            334 455at10240           -            249  1.5e-100  332.4   7.0   1   1  2.1e-102  3.2e-100  331.3   7.0     1   249     1   296     1   296 0.88 # 57844 # 58845 # 1 # ID=7_68;partial=00;start_type=ATG;rbs_motif=AACAA;rbs_spacer=14bp;gc_cont=0.265
MN072622.1_Goatpox_virus_Turkey_goat_66               -            334 455at10240           -            249  1.5e-100  332.4   7.0   1   1  2.1e-102  3.2e-100  331.3   7.0     1   249     1   296     1   296 0.88 # 57619 # 58620 # 1 # ID=6_66;partial=00;start_type=ATG;rbs_motif=AACAA;rbs_spacer=14bp;gc_cont=0.266
MN072623.1_Goatpox_virus_Oman_goat_65                 -            334 455at10240           -            249  1.5e-100  332.4   7.0   1   1  2.1e-102  3.2e-100  331.3   7.0     1   249     1   296     1   296 0.88 # 57777 # 58778 # 1 # ID=5_65;partial=00;start_type=ATG;rbs_motif=AACAA;rbs_spacer=14bp;gc_cont=0.266
MN072624.1_Goatpox_virus_Sudan_goat_66                -            334 455at10240           -            249  1.5e-100  332.4   7.0   1   1  2.1e-102  3.2e-100  331.3   7.0     1   249     1   296     1   296 0.88 # 57807 # 58808 # 1 # ID=4_66;partial=00;start_type=ATG;rbs_motif=AACAA;rbs_spacer=14bp;gc_cont=0.266
MN072625.1_Goatpox_virus_Yemen_goat_67                -            334 455at10240           -            249  1.5e-100  332.4   7.0   1   1  2.1e-102  3.2e-100  331.3   7.0     1   249     1   296     1   296 0.88 # 57878 # 58879 # 1 # ID=3_67;partial=00;start_type=ATG;rbs_motif=AACAA;rbs_spacer=14bp;gc_cont=0.266
MW020570.1_Goatpox_virus_V103_goat_67                 -            334 455at10240           -            249  1.5e-100  332.4   7.0   1   1  2.1e-102  3.2e-100  331.3   7.0     1   249     1   296     1   296 0.88 # 57954 # 58955 # 1 # ID=2_67;partial=00;start_type=ATG;rbs_motif=AACAA;rbs_spacer=14bp;gc_cont=0.265
NC_004003.1_Goatpox_virus_Pellor_2000_68              -            334 455at10240           -            249  1.5e-100  332.4   7.0   1   1  2.1e-102  3.2e-100  331.3   7.0     1   249     1   296     1   296 0.88 # 57440 # 58441 # 1 # ID=1_68;partial=00;start_type=ATG;rbs_motif=AACAA;rbs_spacer=14bp;gc_cont=0.266
#
# Program:         hmmsearch
# Version:         3.3.2 (Nov 2020)
# Pipeline mode:   SEARCH
# Query file:      /mnt/lustre/RDS-live/downing/LSDV_PVG/GOATPOXVIRUS/busco_downloads/lineages/poxviridae_odb10/hmms/455at10240.hmm
# Target file:     /mnt/lustre/RDS-live/downing/LSDV_PVG/GOATPOXVIRUS/BUSCO/prodigal_output/predicted_genes/predicted.faa
# Option settings: hmmsearch --domtblout /mnt/lustre/RDS-live/downing/LSDV_PVG/GOATPOXVIRUS/BUSCO/run_poxviridae_odb10/hmmer_output/455at10240.out --cpu 1 /mnt/lustre/RDS-live/downing/LSDV_PVG/GOATPOXVIRUS/busco_downloads/lineages/poxviridae_odb10/hmms/455at10240.hmm /mnt/lustre/RDS-live/downing/LSDV_PVG/GOATPOXVIRUS/BUSCO/prodigal_output/predicted_genes/predicted.faa 
# Current dir:     /mnt/lustre/RDS-live/downing/LSDV_PVG/GOATPOXVIRUS
# Date:            Tue Apr 16 16:00:28 2024
# [ok]
