#                                                                                                             --- full sequence --- -------------- this domain -------------   hmm coord   ali coord   env coord
# target name                                         accession   tlen query name           accession   qlen   E-value  score  bias   #  of  c-Evalue  i-Evalue  score  bias  from    to  from    to  from    to  acc description of target
#                                 ------------------- ---------- ----- -------------------- ---------- ----- --------- ------ ----- --- --- --------- --------- ------ ----- ----- ----- ----- ----- ----- ----- ---- ---------------------
MN072622.1_Goatpox_virus_Turkey_goat_76               -            843 48at10240            -            675  3.3e-274  908.2  60.9   1   3   1.5e-54   2.2e-52  175.1   7.7     1   152    32   201    32   224 0.89 # 70279 # 72807 # 1 # ID=6_76;partial=00;start_type=ATG;rbs_motif=AAAAAA;rbs_spacer=15bp;gc_cont=0.257
MN072622.1_Goatpox_virus_Turkey_goat_76               -            843 48at10240            -            675  3.3e-274  908.2  60.9   2   3     1e-11   1.5e-09   33.5   2.2   150   223   232   311   226   319 0.84 # 70279 # 72807 # 1 # ID=6_76;partial=00;start_type=ATG;rbs_motif=AAAAAA;rbs_spacer=15bp;gc_cont=0.257
MN072622.1_Goatpox_virus_Turkey_goat_76               -            843 48at10240            -            675  3.3e-274  908.2  60.9   3   3  9.7e-217  1.5e-214  711.0  37.2   185   675   307   842   297   842 0.90 # 70279 # 72807 # 1 # ID=6_76;partial=00;start_type=ATG;rbs_motif=AAAAAA;rbs_spacer=15bp;gc_cont=0.257
AY077835.1_Goatpox_virus_Pellor_2000_78               -            843 48at10240            -            675  3.5e-274  908.1  60.7   1   3   1.5e-54   2.2e-52  175.1   7.7     1   152    32   201    32   224 0.89 # 70111 # 72639 # 1 # ID=13_78;partial=00;start_type=ATG;rbs_motif=AAAAAA;rbs_spacer=15bp;gc_cont=0.257
AY077835.1_Goatpox_virus_Pellor_2000_78               -            843 48at10240            -            675  3.5e-274  908.1  60.7   2   3     1e-11   1.5e-09   33.5   2.2   150   223   232   311   226   319 0.84 # 70111 # 72639 # 1 # ID=13_78;partial=00;start_type=ATG;rbs_motif=AAAAAA;rbs_spacer=15bp;gc_cont=0.257
AY077835.1_Goatpox_virus_Pellor_2000_78               -            843 48at10240            -            675  3.5e-274  908.1  60.7   3   3  1.1e-216  1.6e-214  710.9  37.1   185   675   307   842   297   842 0.90 # 70111 # 72639 # 1 # ID=13_78;partial=00;start_type=ATG;rbs_motif=AAAAAA;rbs_spacer=15bp;gc_cont=0.257
AY077836.1_Goatpox_virus_G20_LKV_2000_79              -            843 48at10240            -            675  3.5e-274  908.1  60.7   1   3   1.5e-54   2.2e-52  175.1   7.7     1   152    32   201    32   224 0.89 # 70174 # 72702 # 1 # ID=12_79;partial=00;start_type=ATG;rbs_motif=AAAAAA;rbs_spacer=15bp;gc_cont=0.257
AY077836.1_Goatpox_virus_G20_LKV_2000_79              -            843 48at10240            -            675  3.5e-274  908.1  60.7   2   3     1e-11   1.5e-09   33.5   2.2   150   223   232   311   226   319 0.84 # 70174 # 72702 # 1 # ID=12_79;partial=00;start_type=ATG;rbs_motif=AAAAAA;rbs_spacer=15bp;gc_cont=0.257
AY077836.1_Goatpox_virus_G20_LKV_2000_79              -            843 48at10240            -            675  3.5e-274  908.1  60.7   3   3  1.1e-216  1.6e-214  710.9  37.1   185   675   307   842   297   842 0.90 # 70174 # 72702 # 1 # ID=12_79;partial=00;start_type=ATG;rbs_motif=AAAAAA;rbs_spacer=15bp;gc_cont=0.257
KX576657.1_Goatpox_virus_Gorgan_Iran_1965_goat_78     -            843 48at10240            -            675  3.5e-274  908.1  60.7   1   3   1.5e-54   2.2e-52  175.1   7.7     1   152    32   201    32   224 0.89 # 70235 # 72763 # 1 # ID=10_78;partial=00;start_type=ATG;rbs_motif=AAAAAA;rbs_spacer=15bp;gc_cont=0.257
KX576657.1_Goatpox_virus_Gorgan_Iran_1965_goat_78     -            843 48at10240            -            675  3.5e-274  908.1  60.7   2   3     1e-11   1.5e-09   33.5   2.2   150   223   232   311   226   319 0.84 # 70235 # 72763 # 1 # ID=10_78;partial=00;start_type=ATG;rbs_motif=AAAAAA;rbs_spacer=15bp;gc_cont=0.257
KX576657.1_Goatpox_virus_Gorgan_Iran_1965_goat_78     -            843 48at10240            -            675  3.5e-274  908.1  60.7   3   3  1.1e-216  1.6e-214  710.9  37.1   185   675   307   842   297   842 0.90 # 70235 # 72763 # 1 # ID=10_78;partial=00;start_type=ATG;rbs_motif=AAAAAA;rbs_spacer=15bp;gc_cont=0.257
NC_004003.1_Goatpox_virus_Pellor_2000_78              -            843 48at10240            -            675  3.5e-274  908.1  60.7   1   3   1.5e-54   2.2e-52  175.1   7.7     1   152    32   201    32   224 0.89 # 70111 # 72639 # 1 # ID=1_78;partial=00;start_type=ATG;rbs_motif=AAAAAA;rbs_spacer=15bp;gc_cont=0.257
NC_004003.1_Goatpox_virus_Pellor_2000_78              -            843 48at10240            -            675  3.5e-274  908.1  60.7   2   3     1e-11   1.5e-09   33.5   2.2   150   223   232   311   226   319 0.84 # 70111 # 72639 # 1 # ID=1_78;partial=00;start_type=ATG;rbs_motif=AAAAAA;rbs_spacer=15bp;gc_cont=0.257
NC_004003.1_Goatpox_virus_Pellor_2000_78              -            843 48at10240            -            675  3.5e-274  908.1  60.7   3   3  1.1e-216  1.6e-214  710.9  37.1   185   675   307   842   297   842 0.90 # 70111 # 72639 # 1 # ID=1_78;partial=00;start_type=ATG;rbs_motif=AAAAAA;rbs_spacer=15bp;gc_cont=0.257
KC951854.1_Goatpox_virus_FZ_China_10_Jan_2012_goat_78 -            843 48at10240            -            675  6.3e-274  907.2  60.7   1   3   1.5e-54   2.2e-52  175.1   7.7     1   152    32   201    32   224 0.89 # 70386 # 72914 # 1 # ID=11_78;partial=00;start_type=ATG;rbs_motif=AAAAAA;rbs_spacer=15bp;gc_cont=0.256
KC951854.1_Goatpox_virus_FZ_China_10_Jan_2012_goat_78 -            843 48at10240            -            675  6.3e-274  907.2  60.7   2   3     1e-11   1.5e-09   33.5   2.2   150   223   232   311   226   319 0.84 # 70386 # 72914 # 1 # ID=11_78;partial=00;start_type=ATG;rbs_motif=AAAAAA;rbs_spacer=15bp;gc_cont=0.256
KC951854.1_Goatpox_virus_FZ_China_10_Jan_2012_goat_78 -            843 48at10240            -            675  6.3e-274  907.2  60.7   3   3  1.9e-216  2.9e-214  710.1  37.0   185   675   307   842   297   842 0.90 # 70386 # 72914 # 1 # ID=11_78;partial=00;start_type=ATG;rbs_motif=AAAAAA;rbs_spacer=15bp;gc_cont=0.256
MH381810.1_Goatpox_virus_AV41_China_Jan_2018_goat_78  -            843 48at10240            -            675  6.3e-274  907.2  60.7   1   3   1.5e-54   2.2e-52  175.1   7.7     1   152    32   201    32   224 0.89 # 70415 # 72943 # 1 # ID=9_78;partial=00;start_type=ATG;rbs_motif=AAAAAA;rbs_spacer=15bp;gc_cont=0.256
MH381810.1_Goatpox_virus_AV41_China_Jan_2018_goat_78  -            843 48at10240            -            675  6.3e-274  907.2  60.7   2   3     1e-11   1.5e-09   33.5   2.2   150   223   232   311   226   319 0.84 # 70415 # 72943 # 1 # ID=9_78;partial=00;start_type=ATG;rbs_motif=AAAAAA;rbs_spacer=15bp;gc_cont=0.256
MH381810.1_Goatpox_virus_AV41_China_Jan_2018_goat_78  -            843 48at10240            -            675  6.3e-274  907.2  60.7   3   3  1.9e-216  2.9e-214  710.1  37.0   185   675   307   842   297   842 0.90 # 70415 # 72943 # 1 # ID=9_78;partial=00;start_type=ATG;rbs_motif=AAAAAA;rbs_spacer=15bp;gc_cont=0.256
MN072620.1_Goatpox_virus_India_goat_77                -            843 48at10240            -            675  6.3e-274  907.2  60.7   1   3   1.5e-54   2.2e-52  175.1   7.7     1   152    32   201    32   224 0.89 # 70505 # 73033 # 1 # ID=8_77;partial=00;start_type=ATG;rbs_motif=AAAAAA;rbs_spacer=15bp;gc_cont=0.256
MN072620.1_Goatpox_virus_India_goat_77                -            843 48at10240            -            675  6.3e-274  907.2  60.7   2   3     1e-11   1.5e-09   33.5   2.2   150   223   232   311   226   319 0.84 # 70505 # 73033 # 1 # ID=8_77;partial=00;start_type=ATG;rbs_motif=AAAAAA;rbs_spacer=15bp;gc_cont=0.256
MN072620.1_Goatpox_virus_India_goat_77                -            843 48at10240            -            675  6.3e-274  907.2  60.7   3   3  1.9e-216  2.9e-214  710.1  37.0   185   675   307   842   297   842 0.90 # 70505 # 73033 # 1 # ID=8_77;partial=00;start_type=ATG;rbs_motif=AAAAAA;rbs_spacer=15bp;gc_cont=0.256
MN072621.1_Goatpox_virus_Vietnam_goat_78              -            843 48at10240            -            675  6.3e-274  907.2  60.7   1   3   1.5e-54   2.2e-52  175.1   7.7     1   152    32   201    32   224 0.89 # 70475 # 73003 # 1 # ID=7_78;partial=00;start_type=ATG;rbs_motif=AAAAAA;rbs_spacer=15bp;gc_cont=0.256
MN072621.1_Goatpox_virus_Vietnam_goat_78              -            843 48at10240            -            675  6.3e-274  907.2  60.7   2   3     1e-11   1.5e-09   33.5   2.2   150   223   232   311   226   319 0.84 # 70475 # 73003 # 1 # ID=7_78;partial=00;start_type=ATG;rbs_motif=AAAAAA;rbs_spacer=15bp;gc_cont=0.256
MN072621.1_Goatpox_virus_Vietnam_goat_78              -            843 48at10240            -            675  6.3e-274  907.2  60.7   3   3  1.9e-216  2.9e-214  710.1  37.0   185   675   307   842   297   842 0.90 # 70475 # 73003 # 1 # ID=7_78;partial=00;start_type=ATG;rbs_motif=AAAAAA;rbs_spacer=15bp;gc_cont=0.256
MW020570.1_Goatpox_virus_V103_goat_77                 -            843 48at10240            -            675  6.3e-274  907.2  60.7   1   3   1.5e-54   2.2e-52  175.1   7.7     1   152    32   201    32   224 0.89 # 70594 # 73122 # 1 # ID=2_77;partial=00;start_type=ATG;rbs_motif=AAAAAA;rbs_spacer=15bp;gc_cont=0.256
MW020570.1_Goatpox_virus_V103_goat_77                 -            843 48at10240            -            675  6.3e-274  907.2  60.7   2   3     1e-11   1.5e-09   33.5   2.2   150   223   232   311   226   319 0.84 # 70594 # 73122 # 1 # ID=2_77;partial=00;start_type=ATG;rbs_motif=AAAAAA;rbs_spacer=15bp;gc_cont=0.256
MW020570.1_Goatpox_virus_V103_goat_77                 -            843 48at10240            -            675  6.3e-274  907.2  60.7   3   3  1.9e-216  2.9e-214  710.1  37.0   185   675   307   842   297   842 0.90 # 70594 # 73122 # 1 # ID=2_77;partial=00;start_type=ATG;rbs_motif=AAAAAA;rbs_spacer=15bp;gc_cont=0.256
MN072623.1_Goatpox_virus_Oman_goat_75                 -            843 48at10240            -            675  2.1e-273  905.5  61.1   1   3   4.1e-54   6.2e-52  173.6   8.5     1   152    32   201    32   224 0.89 # 70425 # 72953 # 1 # ID=5_75;partial=00;start_type=ATG;rbs_motif=AAAAAA;rbs_spacer=15bp;gc_cont=0.257
MN072623.1_Goatpox_virus_Oman_goat_75                 -            843 48at10240            -            675  2.1e-273  905.5  61.1   2   3   1.3e-11     2e-09   33.2   2.1   150   223   232   311   226   319 0.84 # 70425 # 72953 # 1 # ID=5_75;partial=00;start_type=ATG;rbs_motif=AAAAAA;rbs_spacer=15bp;gc_cont=0.257
MN072623.1_Goatpox_virus_Oman_goat_75                 -            843 48at10240            -            675  2.1e-273  905.5  61.1   3   3  1.9e-216  2.9e-214  710.1  37.0   185   675   307   842   297   842 0.90 # 70425 # 72953 # 1 # ID=5_75;partial=00;start_type=ATG;rbs_motif=AAAAAA;rbs_spacer=15bp;gc_cont=0.257
MN072624.1_Goatpox_virus_Sudan_goat_76                -            843 48at10240            -            675  2.1e-273  905.5  61.1   1   3   4.1e-54   6.2e-52  173.6   8.5     1   152    32   201    32   224 0.89 # 70459 # 72987 # 1 # ID=4_76;partial=00;start_type=ATG;rbs_motif=AAAAAA;rbs_spacer=15bp;gc_cont=0.256
MN072624.1_Goatpox_virus_Sudan_goat_76                -            843 48at10240            -            675  2.1e-273  905.5  61.1   2   3   1.3e-11     2e-09   33.2   2.1   150   223   232   311   226   319 0.84 # 70459 # 72987 # 1 # ID=4_76;partial=00;start_type=ATG;rbs_motif=AAAAAA;rbs_spacer=15bp;gc_cont=0.256
MN072624.1_Goatpox_virus_Sudan_goat_76                -            843 48at10240            -            675  2.1e-273  905.5  61.1   3   3  1.9e-216  2.9e-214  710.1  37.0   185   675   307   842   297   842 0.90 # 70459 # 72987 # 1 # ID=4_76;partial=00;start_type=ATG;rbs_motif=AAAAAA;rbs_spacer=15bp;gc_cont=0.256
MN072625.1_Goatpox_virus_Yemen_goat_77                -            843 48at10240            -            675  2.1e-273  905.5  61.1   1   3   4.1e-54   6.2e-52  173.6   8.5     1   152    32   201    32   224 0.89 # 70527 # 73055 # 1 # ID=3_77;partial=00;start_type=ATG;rbs_motif=AAAAAA;rbs_spacer=15bp;gc_cont=0.256
MN072625.1_Goatpox_virus_Yemen_goat_77                -            843 48at10240            -            675  2.1e-273  905.5  61.1   2   3   1.3e-11     2e-09   33.2   2.1   150   223   232   311   226   319 0.84 # 70527 # 73055 # 1 # ID=3_77;partial=00;start_type=ATG;rbs_motif=AAAAAA;rbs_spacer=15bp;gc_cont=0.256
MN072625.1_Goatpox_virus_Yemen_goat_77                -            843 48at10240            -            675  2.1e-273  905.5  61.1   3   3  1.9e-216  2.9e-214  710.1  37.0   185   675   307   842   297   842 0.90 # 70527 # 73055 # 1 # ID=3_77;partial=00;start_type=ATG;rbs_motif=AAAAAA;rbs_spacer=15bp;gc_cont=0.256
#
# Program:         hmmsearch
# Version:         3.3.2 (Nov 2020)
# Pipeline mode:   SEARCH
# Query file:      /mnt/lustre/RDS-live/downing/LSDV_PVG/GOATPOXVIRUS/busco_downloads/lineages/poxviridae_odb10/hmms/48at10240.hmm
# Target file:     /mnt/lustre/RDS-live/downing/LSDV_PVG/GOATPOXVIRUS/BUSCO/prodigal_output/predicted_genes/predicted.faa
# Option settings: hmmsearch --domtblout /mnt/lustre/RDS-live/downing/LSDV_PVG/GOATPOXVIRUS/BUSCO/run_poxviridae_odb10/hmmer_output/48at10240.out --cpu 1 /mnt/lustre/RDS-live/downing/LSDV_PVG/GOATPOXVIRUS/busco_downloads/lineages/poxviridae_odb10/hmms/48at10240.hmm /mnt/lustre/RDS-live/downing/LSDV_PVG/GOATPOXVIRUS/BUSCO/prodigal_output/predicted_genes/predicted.faa 
# Current dir:     /mnt/lustre/RDS-live/downing/LSDV_PVG/GOATPOXVIRUS
# Date:            Tue Apr 16 16:00:28 2024
# [ok]
