#                                                                                                             --- full sequence --- -------------- this domain -------------   hmm coord   ali coord   env coord
# target name                                         accession   tlen query name           accession   qlen   E-value  score  bias   #  of  c-Evalue  i-Evalue  score  bias  from    to  from    to  from    to  acc description of target
#                                 ------------------- ---------- ----- -------------------- ---------- ----- --------- ------ ----- --- --- --------- --------- ------ ----- ----- ----- ----- ----- ----- ----- ---- ---------------------
MN072622.1_Goatpox_virus_Turkey_goat_95               -            715 53at10240            -            588  4.9e-245  811.5  61.7   1   1  4.2e-245  6.4e-243  804.5  61.7     1   588     1   685     1   685 0.90 # 91056 # 93200 # -1 # ID=6_95;partial=00;start_type=ATG;rbs_motif=None;rbs_spacer=None;gc_cont=0.260
AY077835.1_Goatpox_virus_Pellor_2000_97               -            715 53at10240            -            588  6.7e-245  811.1  62.7   1   1  5.7e-245  8.6e-243  804.1  62.7     1   588     1   685     1   685 0.90 # 90888 # 93032 # -1 # ID=13_97;partial=00;start_type=ATG;rbs_motif=None;rbs_spacer=None;gc_cont=0.259
AY077836.1_Goatpox_virus_G20_LKV_2000_98              -            715 53at10240            -            588  6.7e-245  811.1  62.7   1   1  5.7e-245  8.6e-243  804.1  62.7     1   588     1   685     1   685 0.90 # 90951 # 93095 # -1 # ID=12_98;partial=00;start_type=ATG;rbs_motif=None;rbs_spacer=None;gc_cont=0.259
KX576657.1_Goatpox_virus_Gorgan_Iran_1965_goat_97     -            715 53at10240            -            588  6.7e-245  811.1  62.7   1   1  5.7e-245  8.6e-243  804.1  62.7     1   588     1   685     1   685 0.90 # 91012 # 93156 # -1 # ID=10_97;partial=00;start_type=ATG;rbs_motif=None;rbs_spacer=None;gc_cont=0.259
NC_004003.1_Goatpox_virus_Pellor_2000_97              -            715 53at10240            -            588  6.7e-245  811.1  62.7   1   1  5.7e-245  8.6e-243  804.1  62.7     1   588     1   685     1   685 0.90 # 90888 # 93032 # -1 # ID=1_97;partial=00;start_type=ATG;rbs_motif=None;rbs_spacer=None;gc_cont=0.259
MN072623.1_Goatpox_virus_Oman_goat_94                 -            715 53at10240            -            588  1.3e-244  810.1  61.3   1   1  1.6e-244  2.5e-242  802.6  61.3     1   588     1   685     1   685 0.90 # 91214 # 93358 # -1 # ID=5_94;partial=00;start_type=ATG;rbs_motif=None;rbs_spacer=None;gc_cont=0.260
MN072625.1_Goatpox_virus_Yemen_goat_96                -            715 53at10240            -            588  1.3e-244  810.1  61.3   1   1  1.6e-244  2.5e-242  802.6  61.3     1   588     1   685     1   685 0.90 # 91316 # 93460 # -1 # ID=3_96;partial=00;start_type=ATG;rbs_motif=None;rbs_spacer=None;gc_cont=0.259
KC951854.1_Goatpox_virus_FZ_China_10_Jan_2012_goat_97 -            715 53at10240            -            588    3e-244  808.9  61.9   1   1  2.5e-244  3.9e-242  801.9  61.9     1   588     1   685     1   685 0.90 # 91166 # 93310 # -1 # ID=11_97;partial=00;start_type=ATG;rbs_motif=None;rbs_spacer=None;gc_cont=0.258
MH381810.1_Goatpox_virus_AV41_China_Jan_2018_goat_97  -            715 53at10240            -            588    3e-244  808.9  61.9   1   1  2.5e-244  3.9e-242  801.9  61.9     1   588     1   685     1   685 0.90 # 91195 # 93339 # -1 # ID=9_97;partial=00;start_type=ATG;rbs_motif=None;rbs_spacer=None;gc_cont=0.258
MN072620.1_Goatpox_virus_India_goat_96                -            715 53at10240            -            588    3e-244  808.9  61.9   1   1  2.5e-244  3.9e-242  801.9  61.9     1   588     1   685     1   685 0.90 # 91288 # 93432 # -1 # ID=8_96;partial=00;start_type=ATG;rbs_motif=None;rbs_spacer=None;gc_cont=0.258
MN072621.1_Goatpox_virus_Vietnam_goat_97              -            715 53at10240            -            588    3e-244  808.9  61.9   1   1  2.5e-244  3.9e-242  801.9  61.9     1   588     1   685     1   685 0.90 # 91255 # 93399 # -1 # ID=7_97;partial=00;start_type=ATG;rbs_motif=None;rbs_spacer=None;gc_cont=0.258
MW020570.1_Goatpox_virus_V103_goat_96                 -            715 53at10240            -            588    3e-244  808.9  61.9   1   1  2.5e-244  3.9e-242  801.9  61.9     1   588     1   685     1   685 0.90 # 91377 # 93521 # -1 # ID=2_96;partial=00;start_type=ATG;rbs_motif=None;rbs_spacer=None;gc_cont=0.258
MN072624.1_Goatpox_virus_Sudan_goat_95                -            715 53at10240            -            588  3.1e-244  808.8  62.1   1   1  3.9e-244  5.9e-242  801.3  62.1     1   588     1   685     1   685 0.90 # 91245 # 93389 # -1 # ID=4_95;partial=00;start_type=ATG;rbs_motif=None;rbs_spacer=None;gc_cont=0.259
#
# Program:         hmmsearch
# Version:         3.3.2 (Nov 2020)
# Pipeline mode:   SEARCH
# Query file:      /mnt/lustre/RDS-live/downing/LSDV_PVG/GOATPOXVIRUS/busco_downloads/lineages/poxviridae_odb10/hmms/53at10240.hmm
# Target file:     /mnt/lustre/RDS-live/downing/LSDV_PVG/GOATPOXVIRUS/BUSCO/prodigal_output/predicted_genes/predicted.faa
# Option settings: hmmsearch --domtblout /mnt/lustre/RDS-live/downing/LSDV_PVG/GOATPOXVIRUS/BUSCO/run_poxviridae_odb10/hmmer_output/53at10240.out --cpu 1 /mnt/lustre/RDS-live/downing/LSDV_PVG/GOATPOXVIRUS/busco_downloads/lineages/poxviridae_odb10/hmms/53at10240.hmm /mnt/lustre/RDS-live/downing/LSDV_PVG/GOATPOXVIRUS/BUSCO/prodigal_output/predicted_genes/predicted.faa 
# Current dir:     /mnt/lustre/RDS-live/downing/LSDV_PVG/GOATPOXVIRUS
# Date:            Tue Apr 16 16:00:28 2024
# [ok]
