#                                                                                                             --- full sequence --- -------------- this domain -------------   hmm coord   ali coord   env coord
# target name                                         accession   tlen query name           accession   qlen   E-value  score  bias   #  of  c-Evalue  i-Evalue  score  bias  from    to  from    to  from    to  acc description of target
#                                 ------------------- ---------- ----- -------------------- ---------- ----- --------- ------ ----- --- --- --------- --------- ------ ----- ----- ----- ----- ----- ----- ----- ---- ---------------------
MN072623.1_Goatpox_virus_Oman_goat_46                 -            677 58at10240            -            534  1.7e-200  664.1  36.1   1   2   7.3e-14   1.1e-11   41.0   3.2     4    61     8    70     4    79 0.78 # 42714 # 44744 # 1 # ID=5_46;partial=00;start_type=ATG;rbs_motif=None;rbs_spacer=None;gc_cont=0.258
MN072623.1_Goatpox_virus_Oman_goat_46                 -            677 58at10240            -            534  1.7e-200  664.1  36.1   2   2  6.1e-192  9.3e-190  628.7  25.2    50   524    97   652    81   661 0.86 # 42714 # 44744 # 1 # ID=5_46;partial=00;start_type=ATG;rbs_motif=None;rbs_spacer=None;gc_cont=0.258
MN072624.1_Goatpox_virus_Sudan_goat_47                -            677 58at10240            -            534  1.7e-200  664.1  36.1   1   2   7.3e-14   1.1e-11   41.0   3.2     4    61     8    70     4    79 0.78 # 42744 # 44774 # 1 # ID=4_47;partial=00;start_type=ATG;rbs_motif=None;rbs_spacer=None;gc_cont=0.257
MN072624.1_Goatpox_virus_Sudan_goat_47                -            677 58at10240            -            534  1.7e-200  664.1  36.1   2   2  6.1e-192  9.3e-190  628.7  25.2    50   524    97   652    81   661 0.86 # 42744 # 44774 # 1 # ID=4_47;partial=00;start_type=ATG;rbs_motif=None;rbs_spacer=None;gc_cont=0.257
MN072625.1_Goatpox_virus_Yemen_goat_48                -            677 58at10240            -            534  1.7e-200  664.1  36.1   1   2   7.3e-14   1.1e-11   41.0   3.2     4    61     8    70     4    79 0.78 # 42820 # 44850 # 1 # ID=3_48;partial=00;start_type=ATG;rbs_motif=None;rbs_spacer=None;gc_cont=0.258
MN072625.1_Goatpox_virus_Yemen_goat_48                -            677 58at10240            -            534  1.7e-200  664.1  36.1   2   2  6.1e-192  9.3e-190  628.7  25.2    50   524    97   652    81   661 0.86 # 42820 # 44850 # 1 # ID=3_48;partial=00;start_type=ATG;rbs_motif=None;rbs_spacer=None;gc_cont=0.258
KC951854.1_Goatpox_virus_FZ_China_10_Jan_2012_goat_49 -            677 58at10240            -            534  5.7e-200  662.4  35.8   1   2   7.3e-14   1.1e-11   41.0   3.2     4    61     8    70     4    79 0.78 # 42664 # 44694 # 1 # ID=11_49;partial=00;start_type=ATG;rbs_motif=None;rbs_spacer=None;gc_cont=0.259
KC951854.1_Goatpox_virus_FZ_China_10_Jan_2012_goat_49 -            677 58at10240            -            534  5.7e-200  662.4  35.8   2   2    2e-191  3.1e-189  627.0  24.9    50   524    97   652    81   661 0.86 # 42664 # 44694 # 1 # ID=11_49;partial=00;start_type=ATG;rbs_motif=None;rbs_spacer=None;gc_cont=0.259
MH381810.1_Goatpox_virus_AV41_China_Jan_2018_goat_49  -            677 58at10240            -            534  5.7e-200  662.4  35.8   1   2   7.3e-14   1.1e-11   41.0   3.2     4    61     8    70     4    79 0.78 # 42694 # 44724 # 1 # ID=9_49;partial=00;start_type=ATG;rbs_motif=None;rbs_spacer=None;gc_cont=0.259
MH381810.1_Goatpox_virus_AV41_China_Jan_2018_goat_49  -            677 58at10240            -            534  5.7e-200  662.4  35.8   2   2    2e-191  3.1e-189  627.0  24.9    50   524    97   652    81   661 0.86 # 42694 # 44724 # 1 # ID=9_49;partial=00;start_type=ATG;rbs_motif=None;rbs_spacer=None;gc_cont=0.259
MN072620.1_Goatpox_virus_India_goat_48                -            677 58at10240            -            534  5.7e-200  662.4  35.8   1   2   7.3e-14   1.1e-11   41.0   3.2     4    61     8    70     4    79 0.78 # 42791 # 44821 # 1 # ID=8_48;partial=00;start_type=ATG;rbs_motif=None;rbs_spacer=None;gc_cont=0.258
MN072620.1_Goatpox_virus_India_goat_48                -            677 58at10240            -            534  5.7e-200  662.4  35.8   2   2    2e-191  3.1e-189  627.0  24.9    50   524    97   652    81   661 0.86 # 42791 # 44821 # 1 # ID=8_48;partial=00;start_type=ATG;rbs_motif=None;rbs_spacer=None;gc_cont=0.258
MN072621.1_Goatpox_virus_Vietnam_goat_49              -            677 58at10240            -            534  5.7e-200  662.4  35.8   1   2   7.3e-14   1.1e-11   41.0   3.2     4    61     8    70     4    79 0.78 # 42775 # 44805 # 1 # ID=7_49;partial=00;start_type=ATG;rbs_motif=None;rbs_spacer=None;gc_cont=0.259
MN072621.1_Goatpox_virus_Vietnam_goat_49              -            677 58at10240            -            534  5.7e-200  662.4  35.8   2   2    2e-191  3.1e-189  627.0  24.9    50   524    97   652    81   661 0.86 # 42775 # 44805 # 1 # ID=7_49;partial=00;start_type=ATG;rbs_motif=None;rbs_spacer=None;gc_cont=0.259
MW020570.1_Goatpox_virus_V103_goat_48                 -            677 58at10240            -            534  5.7e-200  662.4  35.8   1   2   7.3e-14   1.1e-11   41.0   3.2     4    61     8    70     4    79 0.78 # 42880 # 44910 # 1 # ID=2_48;partial=00;start_type=ATG;rbs_motif=None;rbs_spacer=None;gc_cont=0.258
MW020570.1_Goatpox_virus_V103_goat_48                 -            677 58at10240            -            534  5.7e-200  662.4  35.8   2   2    2e-191  3.1e-189  627.0  24.9    50   524    97   652    81   661 0.86 # 42880 # 44910 # 1 # ID=2_48;partial=00;start_type=ATG;rbs_motif=None;rbs_spacer=None;gc_cont=0.258
MN072622.1_Goatpox_virus_Turkey_goat_47               -            677 58at10240            -            534  6.3e-200  662.2  35.3   1   2   7.3e-14   1.1e-11   41.0   3.2     4    61     8    70     4    79 0.78 # 42561 # 44591 # 1 # ID=6_47;partial=00;start_type=ATG;rbs_motif=None;rbs_spacer=None;gc_cont=0.260
MN072622.1_Goatpox_virus_Turkey_goat_47               -            677 58at10240            -            534  6.3e-200  662.2  35.3   2   2  2.3e-191  3.4e-189  626.8  24.4    50   524    97   652    81   661 0.86 # 42561 # 44591 # 1 # ID=6_47;partial=00;start_type=ATG;rbs_motif=None;rbs_spacer=None;gc_cont=0.260
AY077835.1_Goatpox_virus_Pellor_2000_49               -            677 58at10240            -            534    7e-200  662.1  35.4   1   2   7.3e-14   1.1e-11   41.0   3.2     4    61     8    70     4    79 0.78 # 42383 # 44413 # 1 # ID=13_49;partial=00;start_type=ATG;rbs_motif=None;rbs_spacer=None;gc_cont=0.259
AY077835.1_Goatpox_virus_Pellor_2000_49               -            677 58at10240            -            534    7e-200  662.1  35.4   2   2  2.5e-191  3.8e-189  626.7  24.5    50   524    97   652    81   661 0.86 # 42383 # 44413 # 1 # ID=13_49;partial=00;start_type=ATG;rbs_motif=None;rbs_spacer=None;gc_cont=0.259
AY077836.1_Goatpox_virus_G20_LKV_2000_50              -            677 58at10240            -            534    7e-200  662.1  35.4   1   2   7.3e-14   1.1e-11   41.0   3.2     4    61     8    70     4    79 0.78 # 42446 # 44476 # 1 # ID=12_50;partial=00;start_type=ATG;rbs_motif=None;rbs_spacer=None;gc_cont=0.259
AY077836.1_Goatpox_virus_G20_LKV_2000_50              -            677 58at10240            -            534    7e-200  662.1  35.4   2   2  2.5e-191  3.8e-189  626.7  24.5    50   524    97   652    81   661 0.86 # 42446 # 44476 # 1 # ID=12_50;partial=00;start_type=ATG;rbs_motif=None;rbs_spacer=None;gc_cont=0.259
KX576657.1_Goatpox_virus_Gorgan_Iran_1965_goat_49     -            677 58at10240            -            534    7e-200  662.1  35.4   1   2   7.3e-14   1.1e-11   41.0   3.2     4    61     8    70     4    79 0.78 # 42507 # 44537 # 1 # ID=10_49;partial=00;start_type=ATG;rbs_motif=None;rbs_spacer=None;gc_cont=0.259
KX576657.1_Goatpox_virus_Gorgan_Iran_1965_goat_49     -            677 58at10240            -            534    7e-200  662.1  35.4   2   2  2.5e-191  3.8e-189  626.7  24.5    50   524    97   652    81   661 0.86 # 42507 # 44537 # 1 # ID=10_49;partial=00;start_type=ATG;rbs_motif=None;rbs_spacer=None;gc_cont=0.259
NC_004003.1_Goatpox_virus_Pellor_2000_49              -            677 58at10240            -            534    7e-200  662.1  35.4   1   2   7.3e-14   1.1e-11   41.0   3.2     4    61     8    70     4    79 0.78 # 42383 # 44413 # 1 # ID=1_49;partial=00;start_type=ATG;rbs_motif=None;rbs_spacer=None;gc_cont=0.259
NC_004003.1_Goatpox_virus_Pellor_2000_49              -            677 58at10240            -            534    7e-200  662.1  35.4   2   2  2.5e-191  3.8e-189  626.7  24.5    50   524    97   652    81   661 0.86 # 42383 # 44413 # 1 # ID=1_49;partial=00;start_type=ATG;rbs_motif=None;rbs_spacer=None;gc_cont=0.259
#
# Program:         hmmsearch
# Version:         3.3.2 (Nov 2020)
# Pipeline mode:   SEARCH
# Query file:      /mnt/lustre/RDS-live/downing/LSDV_PVG/GOATPOXVIRUS/busco_downloads/lineages/poxviridae_odb10/hmms/58at10240.hmm
# Target file:     /mnt/lustre/RDS-live/downing/LSDV_PVG/GOATPOXVIRUS/BUSCO/prodigal_output/predicted_genes/predicted.faa
# Option settings: hmmsearch --domtblout /mnt/lustre/RDS-live/downing/LSDV_PVG/GOATPOXVIRUS/BUSCO/run_poxviridae_odb10/hmmer_output/58at10240.out --cpu 1 /mnt/lustre/RDS-live/downing/LSDV_PVG/GOATPOXVIRUS/busco_downloads/lineages/poxviridae_odb10/hmms/58at10240.hmm /mnt/lustre/RDS-live/downing/LSDV_PVG/GOATPOXVIRUS/BUSCO/prodigal_output/predicted_genes/predicted.faa 
# Current dir:     /mnt/lustre/RDS-live/downing/LSDV_PVG/GOATPOXVIRUS
# Date:            Tue Apr 16 16:00:28 2024
# [ok]
