#                                                                                                              --- full sequence --- -------------- this domain -------------   hmm coord   ali coord   env coord
# target name                                          accession   tlen query name           accession   qlen   E-value  score  bias   #  of  c-Evalue  i-Evalue  score  bias  from    to  from    to  from    to  acc description of target
#                                  ------------------- ---------- ----- -------------------- ---------- ----- --------- ------ ----- --- --- --------- --------- ------ ----- ----- ----- ----- ----- ----- ----- ---- ---------------------
MH381810.1_Goatpox_virus_AV41_China_Jan_2018_goat_116  -            141 696at10240           -            117   1.2e-42  141.6   5.3   1   1   1.2e-44   1.8e-42  141.1   5.3     1   116     1   139     1   140 0.88 # 110489 # 110911 # -1 # ID=9_116;partial=00;start_type=ATG;rbs_motif=None;rbs_spacer=None;gc_cont=0.260
MN072620.1_Goatpox_virus_India_goat_115                -            141 696at10240           -            117   1.2e-42  141.6   5.3   1   1   1.2e-44   1.8e-42  141.1   5.3     1   116     1   139     1   140 0.88 # 110582 # 111004 # -1 # ID=8_115;partial=00;start_type=ATG;rbs_motif=None;rbs_spacer=None;gc_cont=0.260
MN072623.1_Goatpox_virus_Oman_goat_113                 -            141 696at10240           -            117   1.2e-42  141.6   5.3   1   1   1.2e-44   1.8e-42  141.1   5.3     1   116     1   139     1   140 0.88 # 110507 # 110929 # -1 # ID=5_113;partial=00;start_type=ATG;rbs_motif=None;rbs_spacer=None;gc_cont=0.255
MN072624.1_Goatpox_virus_Sudan_goat_114                -            141 696at10240           -            117   1.2e-42  141.6   5.3   1   1   1.2e-44   1.8e-42  141.1   5.3     1   116     1   139     1   140 0.88 # 110542 # 110964 # -1 # ID=4_114;partial=00;start_type=ATG;rbs_motif=None;rbs_spacer=None;gc_cont=0.255
MN072625.1_Goatpox_virus_Yemen_goat_115                -            141 696at10240           -            117   1.2e-42  141.6   5.3   1   1   1.2e-44   1.8e-42  141.1   5.3     1   116     1   139     1   140 0.88 # 110608 # 111030 # -1 # ID=3_115;partial=00;start_type=ATG;rbs_motif=None;rbs_spacer=None;gc_cont=0.255
MW020570.1_Goatpox_virus_V103_goat_115                 -            141 696at10240           -            117   1.2e-42  141.6   5.3   1   1   1.2e-44   1.8e-42  141.1   5.3     1   116     1   139     1   140 0.88 # 110671 # 111093 # -1 # ID=2_115;partial=00;start_type=ATG;rbs_motif=None;rbs_spacer=None;gc_cont=0.260
MN072622.1_Goatpox_virus_Turkey_goat_114               -            141 696at10240           -            117   1.9e-42  141.0   5.7   1   1   1.8e-44   2.7e-42  140.5   5.7     1   116     1   139     1   140 0.88 # 110352 # 110774 # -1 # ID=6_114;partial=00;start_type=ATG;rbs_motif=None;rbs_spacer=None;gc_cont=0.258
AY077835.1_Goatpox_virus_Pellor_2000_116               -            141 696at10240           -            117   3.2e-42  140.3   6.4   1   1     3e-44   4.5e-42  139.8   6.4     1   116     1   139     1   140 0.88 # 110183 # 110605 # -1 # ID=13_116;partial=00;start_type=ATG;rbs_motif=None;rbs_spacer=None;gc_cont=0.255
AY077836.1_Goatpox_virus_G20_LKV_2000_117              -            141 696at10240           -            117   3.2e-42  140.3   6.4   1   1     3e-44   4.5e-42  139.8   6.4     1   116     1   139     1   140 0.88 # 110246 # 110668 # -1 # ID=12_117;partial=00;start_type=ATG;rbs_motif=None;rbs_spacer=None;gc_cont=0.255
KX576657.1_Goatpox_virus_Gorgan_Iran_1965_goat_116     -            141 696at10240           -            117   3.2e-42  140.3   6.4   1   1     3e-44   4.5e-42  139.8   6.4     1   116     1   139     1   140 0.88 # 110307 # 110729 # -1 # ID=10_116;partial=00;start_type=ATG;rbs_motif=None;rbs_spacer=None;gc_cont=0.255
NC_004003.1_Goatpox_virus_Pellor_2000_116              -            141 696at10240           -            117   3.2e-42  140.3   6.4   1   1     3e-44   4.5e-42  139.8   6.4     1   116     1   139     1   140 0.88 # 110183 # 110605 # -1 # ID=1_116;partial=00;start_type=ATG;rbs_motif=None;rbs_spacer=None;gc_cont=0.255
KC951854.1_Goatpox_virus_FZ_China_10_Jan_2012_goat_116 -            141 696at10240           -            117   3.4e-42  140.2   5.7   1   1   3.2e-44   4.8e-42  139.7   5.7     1   116     1   139     1   140 0.88 # 110460 # 110882 # -1 # ID=11_116;partial=00;start_type=ATG;rbs_motif=None;rbs_spacer=None;gc_cont=0.258
MN072621.1_Goatpox_virus_Vietnam_goat_116              -            141 696at10240           -            117   3.4e-42  140.2   5.7   1   1   3.2e-44   4.8e-42  139.7   5.7     1   116     1   139     1   140 0.88 # 110550 # 110972 # -1 # ID=7_116;partial=00;start_type=ATG;rbs_motif=None;rbs_spacer=None;gc_cont=0.258
#
# Program:         hmmsearch
# Version:         3.3.2 (Nov 2020)
# Pipeline mode:   SEARCH
# Query file:      /mnt/lustre/RDS-live/downing/LSDV_PVG/GOATPOXVIRUS/busco_downloads/lineages/poxviridae_odb10/hmms/696at10240.hmm
# Target file:     /mnt/lustre/RDS-live/downing/LSDV_PVG/GOATPOXVIRUS/BUSCO/prodigal_output/predicted_genes/predicted.faa
# Option settings: hmmsearch --domtblout /mnt/lustre/RDS-live/downing/LSDV_PVG/GOATPOXVIRUS/BUSCO/run_poxviridae_odb10/hmmer_output/696at10240.out --cpu 1 /mnt/lustre/RDS-live/downing/LSDV_PVG/GOATPOXVIRUS/busco_downloads/lineages/poxviridae_odb10/hmms/696at10240.hmm /mnt/lustre/RDS-live/downing/LSDV_PVG/GOATPOXVIRUS/BUSCO/prodigal_output/predicted_genes/predicted.faa 
# Current dir:     /mnt/lustre/RDS-live/downing/LSDV_PVG/GOATPOXVIRUS
# Date:            Tue Apr 16 16:00:28 2024
# [ok]
