#                                                                                                             --- full sequence --- -------------- this domain -------------   hmm coord   ali coord   env coord
# target name                                         accession   tlen query name           accession   qlen   E-value  score  bias   #  of  c-Evalue  i-Evalue  score  bias  from    to  from    to  from    to  acc description of target
#                                 ------------------- ---------- ----- -------------------- ---------- ----- --------- ------ ----- --- --- --------- --------- ------ ----- ----- ----- ----- ----- ----- ----- ---- ---------------------
KC951854.1_Goatpox_virus_FZ_China_10_Jan_2012_goat_40 -             96 705at10240           -             81   1.1e-37  125.1   6.6   1   1   1.1e-39   1.7e-37  124.5   6.6     1    79     1    86     1    92 0.95 # 35055 # 35342 # 1 # ID=11_40;partial=00;start_type=ATG;rbs_motif=AATAA;rbs_spacer=14bp;gc_cont=0.247
MH381810.1_Goatpox_virus_AV41_China_Jan_2018_goat_40  -             96 705at10240           -             81   1.1e-37  125.1   6.6   1   1   1.1e-39   1.7e-37  124.5   6.6     1    79     1    86     1    92 0.95 # 35088 # 35375 # 1 # ID=9_40;partial=00;start_type=ATG;rbs_motif=AATAA;rbs_spacer=14bp;gc_cont=0.247
MN072620.1_Goatpox_virus_India_goat_39                -             96 705at10240           -             81   1.1e-37  125.1   6.6   1   1   1.1e-39   1.7e-37  124.5   6.6     1    79     1    86     1    92 0.95 # 35183 # 35470 # 1 # ID=8_39;partial=00;start_type=ATG;rbs_motif=AATAA;rbs_spacer=14bp;gc_cont=0.247
MN072621.1_Goatpox_virus_Vietnam_goat_40              -             96 705at10240           -             81   1.1e-37  125.1   6.6   1   1   1.1e-39   1.7e-37  124.5   6.6     1    79     1    86     1    92 0.95 # 35167 # 35454 # 1 # ID=7_40;partial=00;start_type=ATG;rbs_motif=AATAA;rbs_spacer=14bp;gc_cont=0.247
MN072624.1_Goatpox_virus_Sudan_goat_38                -             96 705at10240           -             81   1.1e-37  125.1   6.6   1   1   1.1e-39   1.7e-37  124.5   6.6     1    79     1    86     1    92 0.95 # 35129 # 35416 # 1 # ID=4_38;partial=00;start_type=ATG;rbs_motif=AATAA;rbs_spacer=14bp;gc_cont=0.247
MW020570.1_Goatpox_virus_V103_goat_39                 -             96 705at10240           -             81   1.1e-37  125.1   6.6   1   1   1.1e-39   1.7e-37  124.5   6.6     1    79     1    86     1    92 0.95 # 35272 # 35559 # 1 # ID=2_39;partial=00;start_type=ATG;rbs_motif=AATAA;rbs_spacer=14bp;gc_cont=0.247
AY077835.1_Goatpox_virus_Pellor_2000_40               -             96 705at10240           -             81   1.1e-37  125.0   7.1   1   1   1.2e-39   1.8e-37  124.4   7.1     1    79     1    86     1    92 0.95 # 34778 # 35065 # 1 # ID=13_40;partial=00;start_type=ATG;rbs_motif=AATAA;rbs_spacer=14bp;gc_cont=0.243
AY077836.1_Goatpox_virus_G20_LKV_2000_41              -             96 705at10240           -             81   1.1e-37  125.0   7.1   1   1   1.2e-39   1.8e-37  124.4   7.1     1    79     1    86     1    92 0.95 # 34841 # 35128 # 1 # ID=12_41;partial=00;start_type=ATG;rbs_motif=AATAA;rbs_spacer=14bp;gc_cont=0.243
KX576657.1_Goatpox_virus_Gorgan_Iran_1965_goat_40     -             96 705at10240           -             81   1.1e-37  125.0   7.1   1   1   1.2e-39   1.8e-37  124.4   7.1     1    79     1    86     1    92 0.95 # 34902 # 35189 # 1 # ID=10_40;partial=00;start_type=ATG;rbs_motif=AATAA;rbs_spacer=14bp;gc_cont=0.243
MN072622.1_Goatpox_virus_Turkey_goat_38               -             96 705at10240           -             81   1.1e-37  125.0   7.1   1   1   1.2e-39   1.8e-37  124.4   7.1     1    79     1    86     1    92 0.95 # 34956 # 35243 # 1 # ID=6_38;partial=00;start_type=ATG;rbs_motif=AATAA;rbs_spacer=14bp;gc_cont=0.243
NC_004003.1_Goatpox_virus_Pellor_2000_40              -             96 705at10240           -             81   1.1e-37  125.0   7.1   1   1   1.2e-39   1.8e-37  124.4   7.1     1    79     1    86     1    92 0.95 # 34778 # 35065 # 1 # ID=1_40;partial=00;start_type=ATG;rbs_motif=AATAA;rbs_spacer=14bp;gc_cont=0.243
MN072623.1_Goatpox_virus_Oman_goat_37                 -             96 705at10240           -             81   2.2e-37  124.1   6.8   1   1   2.2e-39   3.4e-37  123.5   6.8     1    79     1    86     1    92 0.95 # 35111 # 35398 # 1 # ID=5_37;partial=00;start_type=ATG;rbs_motif=AATAA;rbs_spacer=14bp;gc_cont=0.247
MN072625.1_Goatpox_virus_Yemen_goat_39                -             96 705at10240           -             81   2.2e-37  124.1   6.8   1   1   2.2e-39   3.4e-37  123.5   6.8     1    79     1    86     1    92 0.95 # 35216 # 35503 # 1 # ID=3_39;partial=00;start_type=ATG;rbs_motif=AATAA;rbs_spacer=14bp;gc_cont=0.247
#
# Program:         hmmsearch
# Version:         3.3.2 (Nov 2020)
# Pipeline mode:   SEARCH
# Query file:      /mnt/lustre/RDS-live/downing/LSDV_PVG/GOATPOXVIRUS/busco_downloads/lineages/poxviridae_odb10/hmms/705at10240.hmm
# Target file:     /mnt/lustre/RDS-live/downing/LSDV_PVG/GOATPOXVIRUS/BUSCO/prodigal_output/predicted_genes/predicted.faa
# Option settings: hmmsearch --domtblout /mnt/lustre/RDS-live/downing/LSDV_PVG/GOATPOXVIRUS/BUSCO/run_poxviridae_odb10/hmmer_output/705at10240.out --cpu 1 /mnt/lustre/RDS-live/downing/LSDV_PVG/GOATPOXVIRUS/busco_downloads/lineages/poxviridae_odb10/hmms/705at10240.hmm /mnt/lustre/RDS-live/downing/LSDV_PVG/GOATPOXVIRUS/BUSCO/prodigal_output/predicted_genes/predicted.faa 
# Current dir:     /mnt/lustre/RDS-live/downing/LSDV_PVG/GOATPOXVIRUS
# Date:            Tue Apr 16 16:00:28 2024
# [ok]
