#                                                                                                             --- full sequence --- -------------- this domain -------------   hmm coord   ali coord   env coord
# target name                                         accession   tlen query name           accession   qlen   E-value  score  bias   #  of  c-Evalue  i-Evalue  score  bias  from    to  from    to  from    to  acc description of target
#                                 ------------------- ---------- ----- -------------------- ---------- ----- --------- ------ ----- --- --- --------- --------- ------ ----- ----- ----- ----- ----- ----- ----- ---- ---------------------
MN072625.1_Goatpox_virus_Yemen_goat_82                -            636 74at10240            -            539  6.4e-250  827.1  51.2   1   1  1.7e-249  1.3e-247  819.5  51.2     1   539     1   632     1   632 0.91 # 77276 # 79183 # 1 # ID=3_82;partial=00;start_type=ATG;rbs_motif=None;rbs_spacer=None;gc_cont=0.252
AY077835.1_Goatpox_virus_Pellor_2000_83               -            636 74at10240            -            539  1.3e-249  826.0  51.3   1   1  3.5e-249  2.6e-247  818.4  51.3     1   539     1   632     1   632 0.90 # 76860 # 78767 # 1 # ID=13_83;partial=00;start_type=ATG;rbs_motif=None;rbs_spacer=None;gc_cont=0.251
AY077836.1_Goatpox_virus_G20_LKV_2000_84              -            636 74at10240            -            539  1.3e-249  826.0  51.3   1   1  3.5e-249  2.6e-247  818.4  51.3     1   539     1   632     1   632 0.90 # 76923 # 78830 # 1 # ID=12_84;partial=00;start_type=ATG;rbs_motif=None;rbs_spacer=None;gc_cont=0.251
KC951854.1_Goatpox_virus_FZ_China_10_Jan_2012_goat_83 -            636 74at10240            -            539  1.3e-249  826.0  51.3   1   1  3.5e-249  2.6e-247  818.4  51.3     1   539     1   632     1   632 0.90 # 77138 # 79045 # 1 # ID=11_83;partial=00;start_type=ATG;rbs_motif=None;rbs_spacer=None;gc_cont=0.252
KX576657.1_Goatpox_virus_Gorgan_Iran_1965_goat_83     -            636 74at10240            -            539  1.3e-249  826.0  51.3   1   1  3.5e-249  2.6e-247  818.4  51.3     1   539     1   632     1   632 0.90 # 76984 # 78891 # 1 # ID=10_83;partial=00;start_type=ATG;rbs_motif=None;rbs_spacer=None;gc_cont=0.251
MH381810.1_Goatpox_virus_AV41_China_Jan_2018_goat_83  -            636 74at10240            -            539  1.3e-249  826.0  51.3   1   1  3.5e-249  2.6e-247  818.4  51.3     1   539     1   632     1   632 0.90 # 77167 # 79074 # 1 # ID=9_83;partial=00;start_type=ATG;rbs_motif=None;rbs_spacer=None;gc_cont=0.252
MN072620.1_Goatpox_virus_India_goat_82                -            636 74at10240            -            539  1.3e-249  826.0  51.3   1   1  3.5e-249  2.6e-247  818.4  51.3     1   539     1   632     1   632 0.90 # 77257 # 79164 # 1 # ID=8_82;partial=00;start_type=ATG;rbs_motif=None;rbs_spacer=None;gc_cont=0.252
MN072621.1_Goatpox_virus_Vietnam_goat_83              -            636 74at10240            -            539  1.3e-249  826.0  51.3   1   1  3.5e-249  2.6e-247  818.4  51.3     1   539     1   632     1   632 0.90 # 77227 # 79134 # 1 # ID=7_83;partial=00;start_type=ATG;rbs_motif=None;rbs_spacer=None;gc_cont=0.252
MN072622.1_Goatpox_virus_Turkey_goat_81               -            636 74at10240            -            539  1.3e-249  826.0  51.3   1   1  3.5e-249  2.6e-247  818.4  51.3     1   539     1   632     1   632 0.90 # 77028 # 78935 # 1 # ID=6_81;partial=00;start_type=ATG;rbs_motif=None;rbs_spacer=None;gc_cont=0.251
MN072623.1_Goatpox_virus_Oman_goat_80                 -            636 74at10240            -            539  1.3e-249  826.0  51.3   1   1  3.5e-249  2.6e-247  818.4  51.3     1   539     1   632     1   632 0.90 # 77174 # 79081 # 1 # ID=5_80;partial=00;start_type=ATG;rbs_motif=None;rbs_spacer=None;gc_cont=0.252
MW020570.1_Goatpox_virus_V103_goat_82                 -            636 74at10240            -            539  1.3e-249  826.0  51.3   1   1  3.5e-249  2.6e-247  818.4  51.3     1   539     1   632     1   632 0.90 # 77346 # 79253 # 1 # ID=2_82;partial=00;start_type=ATG;rbs_motif=None;rbs_spacer=None;gc_cont=0.252
NC_004003.1_Goatpox_virus_Pellor_2000_83              -            636 74at10240            -            539  1.3e-249  826.0  51.3   1   1  3.5e-249  2.6e-247  818.4  51.3     1   539     1   632     1   632 0.90 # 76860 # 78767 # 1 # ID=1_83;partial=00;start_type=ATG;rbs_motif=None;rbs_spacer=None;gc_cont=0.251
MN072624.1_Goatpox_virus_Sudan_goat_81                -            636 74at10240            -            539  1.4e-249  825.9  51.5   1   2  7.8e-243  5.9e-241  797.5  47.7     1   501     1   563     1   575 0.92 # 77208 # 79115 # 1 # ID=4_81;partial=00;start_type=ATG;rbs_motif=None;rbs_spacer=None;gc_cont=0.252
MN072624.1_Goatpox_virus_Sudan_goat_81                -            636 74at10240            -            539  1.4e-249  825.9  51.5   2   2   1.3e-10   9.9e-09   31.1   0.3   485   539   567   632   561   632 0.83 # 77208 # 79115 # 1 # ID=4_81;partial=00;start_type=ATG;rbs_motif=None;rbs_spacer=None;gc_cont=0.252
MN072623.1_Goatpox_virus_Oman_goat_84                 -            636 74at10240            -            539   7.3e-14   48.0  20.4   1   2   1.3e-10   9.9e-09   31.1  11.8    30   272    46   310    32   336 0.74 # 81046 # 82953 # -1 # ID=5_84;partial=00;start_type=ATG;rbs_motif=None;rbs_spacer=None;gc_cont=0.268
MN072623.1_Goatpox_virus_Oman_goat_84                 -            636 74at10240            -            539   7.3e-14   48.0  20.4   2   2   7.1e-08   5.4e-06   22.0   0.9   339   469   409   538   403   550 0.81 # 81046 # 82953 # -1 # ID=5_84;partial=00;start_type=ATG;rbs_motif=None;rbs_spacer=None;gc_cont=0.268
MN072624.1_Goatpox_virus_Sudan_goat_85                -            636 74at10240            -            539   7.3e-14   48.0  20.4   1   2   1.3e-10   9.9e-09   31.1  11.8    30   272    46   310    32   336 0.74 # 81080 # 82987 # -1 # ID=4_85;partial=00;start_type=ATG;rbs_motif=None;rbs_spacer=None;gc_cont=0.269
MN072624.1_Goatpox_virus_Sudan_goat_85                -            636 74at10240            -            539   7.3e-14   48.0  20.4   2   2   7.1e-08   5.4e-06   22.0   0.9   339   469   409   538   403   550 0.81 # 81080 # 82987 # -1 # ID=4_85;partial=00;start_type=ATG;rbs_motif=None;rbs_spacer=None;gc_cont=0.269
MN072625.1_Goatpox_virus_Yemen_goat_86                -            636 74at10240            -            539   7.3e-14   48.0  20.4   1   2   1.3e-10   9.9e-09   31.1  11.8    30   272    46   310    32   336 0.74 # 81148 # 83055 # -1 # ID=3_86;partial=00;start_type=ATG;rbs_motif=None;rbs_spacer=None;gc_cont=0.269
MN072625.1_Goatpox_virus_Yemen_goat_86                -            636 74at10240            -            539   7.3e-14   48.0  20.4   2   2   7.1e-08   5.4e-06   22.0   0.9   339   469   409   538   403   550 0.81 # 81148 # 83055 # -1 # ID=3_86;partial=00;start_type=ATG;rbs_motif=None;rbs_spacer=None;gc_cont=0.269
MN072622.1_Goatpox_virus_Turkey_goat_85               -            636 74at10240            -            539   3.6e-12   42.4  25.9   1   2   4.6e-09   3.5e-07   25.9  16.8    30   272    46   310    34   407 0.71 # 80900 # 82807 # -1 # ID=6_85;partial=00;start_type=ATG;rbs_motif=None;rbs_spacer=None;gc_cont=0.271
MN072622.1_Goatpox_virus_Turkey_goat_85               -            636 74at10240            -            539   3.6e-12   42.4  25.9   2   2   7.8e-08   5.9e-06   21.9   1.1   339   469   409   538   402   550 0.81 # 80900 # 82807 # -1 # ID=6_85;partial=00;start_type=ATG;rbs_motif=None;rbs_spacer=None;gc_cont=0.271
KC951854.1_Goatpox_virus_FZ_China_10_Jan_2012_goat_87 -            636 74at10240            -            539   3.7e-12   42.4  27.7   1   2   7.2e-09   5.5e-07   25.3  19.3    30   372    46   401    34   410 0.68 # 81010 # 82917 # -1 # ID=11_87;partial=00;start_type=ATG;rbs_motif=None;rbs_spacer=None;gc_cont=0.270
KC951854.1_Goatpox_virus_FZ_China_10_Jan_2012_goat_87 -            636 74at10240            -            539   3.7e-12   42.4  27.7   2   2   7.3e-08   5.6e-06   22.0   1.0   339   469   409   538   403   550 0.81 # 81010 # 82917 # -1 # ID=11_87;partial=00;start_type=ATG;rbs_motif=None;rbs_spacer=None;gc_cont=0.270
MH381810.1_Goatpox_virus_AV41_China_Jan_2018_goat_87  -            636 74at10240            -            539   3.7e-12   42.4  27.7   1   2   7.2e-09   5.5e-07   25.3  19.3    30   372    46   401    34   410 0.68 # 81039 # 82946 # -1 # ID=9_87;partial=00;start_type=ATG;rbs_motif=None;rbs_spacer=None;gc_cont=0.270
MH381810.1_Goatpox_virus_AV41_China_Jan_2018_goat_87  -            636 74at10240            -            539   3.7e-12   42.4  27.7   2   2   7.3e-08   5.6e-06   22.0   1.0   339   469   409   538   403   550 0.81 # 81039 # 82946 # -1 # ID=9_87;partial=00;start_type=ATG;rbs_motif=None;rbs_spacer=None;gc_cont=0.270
MN072621.1_Goatpox_virus_Vietnam_goat_87              -            636 74at10240            -            539   3.7e-12   42.4  27.7   1   2   7.2e-09   5.5e-07   25.3  19.3    30   372    46   401    34   410 0.68 # 81099 # 83006 # -1 # ID=7_87;partial=00;start_type=ATG;rbs_motif=None;rbs_spacer=None;gc_cont=0.270
MN072621.1_Goatpox_virus_Vietnam_goat_87              -            636 74at10240            -            539   3.7e-12   42.4  27.7   2   2   7.3e-08   5.6e-06   22.0   1.0   339   469   409   538   403   550 0.81 # 81099 # 83006 # -1 # ID=7_87;partial=00;start_type=ATG;rbs_motif=None;rbs_spacer=None;gc_cont=0.270
MN072620.1_Goatpox_virus_India_goat_86                -            636 74at10240            -            539   4.4e-12   42.1  27.2   1   2   7.8e-09   5.9e-07   25.2  18.7    30   372    46   401    34   410 0.68 # 81129 # 83036 # -1 # ID=8_86;partial=00;start_type=ATG;rbs_motif=None;rbs_spacer=None;gc_cont=0.271
MN072620.1_Goatpox_virus_India_goat_86                -            636 74at10240            -            539   4.4e-12   42.1  27.2   2   2   7.4e-08   5.7e-06   22.0   1.0   339   469   409   538   403   550 0.81 # 81129 # 83036 # -1 # ID=8_86;partial=00;start_type=ATG;rbs_motif=None;rbs_spacer=None;gc_cont=0.271
MW020570.1_Goatpox_virus_V103_goat_86                 -            636 74at10240            -            539   4.4e-12   42.1  27.2   1   2   7.8e-09   5.9e-07   25.2  18.7    30   372    46   401    34   410 0.68 # 81218 # 83125 # -1 # ID=2_86;partial=00;start_type=ATG;rbs_motif=None;rbs_spacer=None;gc_cont=0.271
MW020570.1_Goatpox_virus_V103_goat_86                 -            636 74at10240            -            539   4.4e-12   42.1  27.2   2   2   7.4e-08   5.7e-06   22.0   1.0   339   469   409   538   403   550 0.81 # 81218 # 83125 # -1 # ID=2_86;partial=00;start_type=ATG;rbs_motif=None;rbs_spacer=None;gc_cont=0.271
AY077835.1_Goatpox_virus_Pellor_2000_87               -            636 74at10240            -            539   4.7e-12   42.0  27.2   1   2   8.3e-09   6.3e-07   25.1  18.7    30   372    46   401    34   410 0.68 # 80732 # 82639 # -1 # ID=13_87;partial=00;start_type=ATG;rbs_motif=None;rbs_spacer=None;gc_cont=0.270
AY077835.1_Goatpox_virus_Pellor_2000_87               -            636 74at10240            -            539   4.7e-12   42.0  27.2   2   2   7.5e-08   5.7e-06   21.9   1.0   339   469   409   538   403   550 0.81 # 80732 # 82639 # -1 # ID=13_87;partial=00;start_type=ATG;rbs_motif=None;rbs_spacer=None;gc_cont=0.270
AY077836.1_Goatpox_virus_G20_LKV_2000_88              -            636 74at10240            -            539   4.7e-12   42.0  27.2   1   2   8.3e-09   6.3e-07   25.1  18.7    30   372    46   401    34   410 0.68 # 80795 # 82702 # -1 # ID=12_88;partial=00;start_type=ATG;rbs_motif=None;rbs_spacer=None;gc_cont=0.270
AY077836.1_Goatpox_virus_G20_LKV_2000_88              -            636 74at10240            -            539   4.7e-12   42.0  27.2   2   2   7.5e-08   5.7e-06   21.9   1.0   339   469   409   538   403   550 0.81 # 80795 # 82702 # -1 # ID=12_88;partial=00;start_type=ATG;rbs_motif=None;rbs_spacer=None;gc_cont=0.270
KX576657.1_Goatpox_virus_Gorgan_Iran_1965_goat_87     -            636 74at10240            -            539   4.7e-12   42.0  27.2   1   2   8.3e-09   6.3e-07   25.1  18.7    30   372    46   401    34   410 0.68 # 80856 # 82763 # -1 # ID=10_87;partial=00;start_type=ATG;rbs_motif=None;rbs_spacer=None;gc_cont=0.270
KX576657.1_Goatpox_virus_Gorgan_Iran_1965_goat_87     -            636 74at10240            -            539   4.7e-12   42.0  27.2   2   2   7.5e-08   5.7e-06   21.9   1.0   339   469   409   538   403   550 0.81 # 80856 # 82763 # -1 # ID=10_87;partial=00;start_type=ATG;rbs_motif=None;rbs_spacer=None;gc_cont=0.270
NC_004003.1_Goatpox_virus_Pellor_2000_87              -            636 74at10240            -            539   4.7e-12   42.0  27.2   1   2   8.3e-09   6.3e-07   25.1  18.7    30   372    46   401    34   410 0.68 # 80732 # 82639 # -1 # ID=1_87;partial=00;start_type=ATG;rbs_motif=None;rbs_spacer=None;gc_cont=0.270
NC_004003.1_Goatpox_virus_Pellor_2000_87              -            636 74at10240            -            539   4.7e-12   42.0  27.2   2   2   7.5e-08   5.7e-06   21.9   1.0   339   469   409   538   403   550 0.81 # 80732 # 82639 # -1 # ID=1_87;partial=00;start_type=ATG;rbs_motif=None;rbs_spacer=None;gc_cont=0.270
#
# Program:         hmmsearch
# Version:         3.3.2 (Nov 2020)
# Pipeline mode:   SEARCH
# Query file:      /mnt/lustre/RDS-live/downing/LSDV_PVG/GOATPOXVIRUS/busco_downloads/lineages/poxviridae_odb10/hmms/74at10240.hmm
# Target file:     /mnt/lustre/RDS-live/downing/LSDV_PVG/GOATPOXVIRUS/BUSCO/prodigal_output/predicted_genes/predicted.faa
# Option settings: hmmsearch --domtblout /mnt/lustre/RDS-live/downing/LSDV_PVG/GOATPOXVIRUS/BUSCO/run_poxviridae_odb10/hmmer_output/74at10240.out --cpu 1 /mnt/lustre/RDS-live/downing/LSDV_PVG/GOATPOXVIRUS/busco_downloads/lineages/poxviridae_odb10/hmms/74at10240.hmm /mnt/lustre/RDS-live/downing/LSDV_PVG/GOATPOXVIRUS/BUSCO/prodigal_output/predicted_genes/predicted.faa 
# Current dir:     /mnt/lustre/RDS-live/downing/LSDV_PVG/GOATPOXVIRUS
# Date:            Tue Apr 16 16:00:29 2024
# [ok]
