#                                                                                                             --- full sequence --- -------------- this domain -------------   hmm coord   ali coord   env coord
# target name                                         accession   tlen query name           accession   qlen   E-value  score  bias   #  of  c-Evalue  i-Evalue  score  bias  from    to  from    to  from    to  acc description of target
#                                 ------------------- ---------- ----- -------------------- ---------- ----- --------- ------ ----- --- --- --------- --------- ------ ----- ----- ----- ----- ----- ----- ----- ---- ---------------------
AY077835.1_Goatpox_virus_Pellor_2000_87               -            636 81at10240            -            519  1.4e-234  776.3  31.5   1   2  2.4e-135  1.8e-133  442.7  13.1     1   288     6   314     6   331 0.92 # 80732 # 82639 # -1 # ID=13_87;partial=00;start_type=ATG;rbs_motif=None;rbs_spacer=None;gc_cont=0.270
AY077835.1_Goatpox_virus_Pellor_2000_87               -            636 81at10240            -            519  1.4e-234  776.3  31.5   2   2  9.8e-104  7.5e-102  338.4  10.5   280   519   352   631   346   631 0.88 # 80732 # 82639 # -1 # ID=13_87;partial=00;start_type=ATG;rbs_motif=None;rbs_spacer=None;gc_cont=0.270
AY077836.1_Goatpox_virus_G20_LKV_2000_88              -            636 81at10240            -            519  1.4e-234  776.3  31.5   1   2  2.4e-135  1.8e-133  442.7  13.1     1   288     6   314     6   331 0.92 # 80795 # 82702 # -1 # ID=12_88;partial=00;start_type=ATG;rbs_motif=None;rbs_spacer=None;gc_cont=0.270
AY077836.1_Goatpox_virus_G20_LKV_2000_88              -            636 81at10240            -            519  1.4e-234  776.3  31.5   2   2  9.8e-104  7.5e-102  338.4  10.5   280   519   352   631   346   631 0.88 # 80795 # 82702 # -1 # ID=12_88;partial=00;start_type=ATG;rbs_motif=None;rbs_spacer=None;gc_cont=0.270
KX576657.1_Goatpox_virus_Gorgan_Iran_1965_goat_87     -            636 81at10240            -            519  1.4e-234  776.3  31.5   1   2  2.4e-135  1.8e-133  442.7  13.1     1   288     6   314     6   331 0.92 # 80856 # 82763 # -1 # ID=10_87;partial=00;start_type=ATG;rbs_motif=None;rbs_spacer=None;gc_cont=0.270
KX576657.1_Goatpox_virus_Gorgan_Iran_1965_goat_87     -            636 81at10240            -            519  1.4e-234  776.3  31.5   2   2  9.8e-104  7.5e-102  338.4  10.5   280   519   352   631   346   631 0.88 # 80856 # 82763 # -1 # ID=10_87;partial=00;start_type=ATG;rbs_motif=None;rbs_spacer=None;gc_cont=0.270
NC_004003.1_Goatpox_virus_Pellor_2000_87              -            636 81at10240            -            519  1.4e-234  776.3  31.5   1   2  2.4e-135  1.8e-133  442.7  13.1     1   288     6   314     6   331 0.92 # 80732 # 82639 # -1 # ID=1_87;partial=00;start_type=ATG;rbs_motif=None;rbs_spacer=None;gc_cont=0.270
NC_004003.1_Goatpox_virus_Pellor_2000_87              -            636 81at10240            -            519  1.4e-234  776.3  31.5   2   2  9.8e-104  7.5e-102  338.4  10.5   280   519   352   631   346   631 0.88 # 80732 # 82639 # -1 # ID=1_87;partial=00;start_type=ATG;rbs_motif=None;rbs_spacer=None;gc_cont=0.270
MN072620.1_Goatpox_virus_India_goat_86                -            636 81at10240            -            519  1.5e-234  776.2  31.5   1   2  2.6e-135    2e-133  442.6  13.1     1   288     6   314     6   331 0.92 # 81129 # 83036 # -1 # ID=8_86;partial=00;start_type=ATG;rbs_motif=None;rbs_spacer=None;gc_cont=0.271
MN072620.1_Goatpox_virus_India_goat_86                -            636 81at10240            -            519  1.5e-234  776.2  31.5   2   2  9.8e-104  7.5e-102  338.4  10.5   280   519   352   631   346   631 0.88 # 81129 # 83036 # -1 # ID=8_86;partial=00;start_type=ATG;rbs_motif=None;rbs_spacer=None;gc_cont=0.271
MW020570.1_Goatpox_virus_V103_goat_86                 -            636 81at10240            -            519  1.5e-234  776.2  31.5   1   2  2.6e-135    2e-133  442.6  13.1     1   288     6   314     6   331 0.92 # 81218 # 83125 # -1 # ID=2_86;partial=00;start_type=ATG;rbs_motif=None;rbs_spacer=None;gc_cont=0.271
MW020570.1_Goatpox_virus_V103_goat_86                 -            636 81at10240            -            519  1.5e-234  776.2  31.5   2   2  9.8e-104  7.5e-102  338.4  10.5   280   519   352   631   346   631 0.88 # 81218 # 83125 # -1 # ID=2_86;partial=00;start_type=ATG;rbs_motif=None;rbs_spacer=None;gc_cont=0.271
KC951854.1_Goatpox_virus_FZ_China_10_Jan_2012_goat_87 -            636 81at10240            -            519  1.5e-234  776.2  31.8   1   2  2.6e-135    2e-133  442.6  13.4     1   288     6   314     6   331 0.92 # 81010 # 82917 # -1 # ID=11_87;partial=00;start_type=ATG;rbs_motif=None;rbs_spacer=None;gc_cont=0.270
KC951854.1_Goatpox_virus_FZ_China_10_Jan_2012_goat_87 -            636 81at10240            -            519  1.5e-234  776.2  31.8   2   2  9.8e-104  7.5e-102  338.4  10.5   280   519   352   631   346   631 0.88 # 81010 # 82917 # -1 # ID=11_87;partial=00;start_type=ATG;rbs_motif=None;rbs_spacer=None;gc_cont=0.270
MH381810.1_Goatpox_virus_AV41_China_Jan_2018_goat_87  -            636 81at10240            -            519  1.5e-234  776.2  31.8   1   2  2.6e-135    2e-133  442.6  13.4     1   288     6   314     6   331 0.92 # 81039 # 82946 # -1 # ID=9_87;partial=00;start_type=ATG;rbs_motif=None;rbs_spacer=None;gc_cont=0.270
MH381810.1_Goatpox_virus_AV41_China_Jan_2018_goat_87  -            636 81at10240            -            519  1.5e-234  776.2  31.8   2   2  9.8e-104  7.5e-102  338.4  10.5   280   519   352   631   346   631 0.88 # 81039 # 82946 # -1 # ID=9_87;partial=00;start_type=ATG;rbs_motif=None;rbs_spacer=None;gc_cont=0.270
MN072621.1_Goatpox_virus_Vietnam_goat_87              -            636 81at10240            -            519  1.5e-234  776.2  31.8   1   2  2.6e-135    2e-133  442.6  13.4     1   288     6   314     6   331 0.92 # 81099 # 83006 # -1 # ID=7_87;partial=00;start_type=ATG;rbs_motif=None;rbs_spacer=None;gc_cont=0.270
MN072621.1_Goatpox_virus_Vietnam_goat_87              -            636 81at10240            -            519  1.5e-234  776.2  31.8   2   2  9.8e-104  7.5e-102  338.4  10.5   280   519   352   631   346   631 0.88 # 81099 # 83006 # -1 # ID=7_87;partial=00;start_type=ATG;rbs_motif=None;rbs_spacer=None;gc_cont=0.270
MN072622.1_Goatpox_virus_Turkey_goat_85               -            636 81at10240            -            519  1.5e-234  776.2  31.6   1   2  2.6e-135    2e-133  442.5  13.2     1   288     6   314     6   330 0.92 # 80900 # 82807 # -1 # ID=6_85;partial=00;start_type=ATG;rbs_motif=None;rbs_spacer=None;gc_cont=0.271
MN072622.1_Goatpox_virus_Turkey_goat_85               -            636 81at10240            -            519  1.5e-234  776.2  31.6   2   2  9.8e-104  7.5e-102  338.4  10.5   280   519   352   631   346   631 0.88 # 80900 # 82807 # -1 # ID=6_85;partial=00;start_type=ATG;rbs_motif=None;rbs_spacer=None;gc_cont=0.271
MN072623.1_Goatpox_virus_Oman_goat_84                 -            636 81at10240            -            519    6e-234  774.2  32.0   1   2  3.1e-135  2.4e-133  442.3  13.1     1   280     6   305     6   332 0.91 # 81046 # 82953 # -1 # ID=5_84;partial=00;start_type=ATG;rbs_motif=None;rbs_spacer=None;gc_cont=0.268
MN072623.1_Goatpox_virus_Oman_goat_84                 -            636 81at10240            -            519    6e-234  774.2  32.0   2   2  3.3e-103  2.5e-101  336.7  10.9   280   519   352   631   346   631 0.88 # 81046 # 82953 # -1 # ID=5_84;partial=00;start_type=ATG;rbs_motif=None;rbs_spacer=None;gc_cont=0.268
MN072624.1_Goatpox_virus_Sudan_goat_85                -            636 81at10240            -            519    6e-234  774.2  32.0   1   2  3.1e-135  2.4e-133  442.3  13.1     1   280     6   305     6   332 0.91 # 81080 # 82987 # -1 # ID=4_85;partial=00;start_type=ATG;rbs_motif=None;rbs_spacer=None;gc_cont=0.269
MN072624.1_Goatpox_virus_Sudan_goat_85                -            636 81at10240            -            519    6e-234  774.2  32.0   2   2  3.3e-103  2.5e-101  336.7  10.9   280   519   352   631   346   631 0.88 # 81080 # 82987 # -1 # ID=4_85;partial=00;start_type=ATG;rbs_motif=None;rbs_spacer=None;gc_cont=0.269
MN072625.1_Goatpox_virus_Yemen_goat_86                -            636 81at10240            -            519    6e-234  774.2  32.0   1   2  3.1e-135  2.4e-133  442.3  13.1     1   280     6   305     6   332 0.91 # 81148 # 83055 # -1 # ID=3_86;partial=00;start_type=ATG;rbs_motif=None;rbs_spacer=None;gc_cont=0.269
MN072625.1_Goatpox_virus_Yemen_goat_86                -            636 81at10240            -            519    6e-234  774.2  32.0   2   2  3.3e-103  2.5e-101  336.7  10.9   280   519   352   631   346   631 0.88 # 81148 # 83055 # -1 # ID=3_86;partial=00;start_type=ATG;rbs_motif=None;rbs_spacer=None;gc_cont=0.269
MN072624.1_Goatpox_virus_Sudan_goat_81                -            636 81at10240            -            519     1e-09   34.4  18.7   1   2   7.5e-07   5.7e-05   18.7   9.7    37   252    35   262    11   302 0.73 # 77208 # 79115 # 1 # ID=4_81;partial=00;start_type=ATG;rbs_motif=None;rbs_spacer=None;gc_cont=0.252
MN072624.1_Goatpox_virus_Sudan_goat_81                -            636 81at10240            -            519     1e-09   34.4  18.7   2   2   1.8e-07   1.3e-05   20.8   1.0   345   452   395   505   383   570 0.72 # 77208 # 79115 # 1 # ID=4_81;partial=00;start_type=ATG;rbs_motif=None;rbs_spacer=None;gc_cont=0.252
AY077835.1_Goatpox_virus_Pellor_2000_83               -            636 81at10240            -            519   1.1e-09   34.2  18.8   1   2   7.5e-07   5.7e-05   18.7   9.7    37   252    35   262    11   302 0.73 # 76860 # 78767 # 1 # ID=13_83;partial=00;start_type=ATG;rbs_motif=None;rbs_spacer=None;gc_cont=0.251
AY077835.1_Goatpox_virus_Pellor_2000_83               -            636 81at10240            -            519   1.1e-09   34.2  18.8   2   2   1.9e-07   1.5e-05   20.7   1.1   345   452   395   505   383   569 0.72 # 76860 # 78767 # 1 # ID=13_83;partial=00;start_type=ATG;rbs_motif=None;rbs_spacer=None;gc_cont=0.251
AY077836.1_Goatpox_virus_G20_LKV_2000_84              -            636 81at10240            -            519   1.1e-09   34.2  18.8   1   2   7.5e-07   5.7e-05   18.7   9.7    37   252    35   262    11   302 0.73 # 76923 # 78830 # 1 # ID=12_84;partial=00;start_type=ATG;rbs_motif=None;rbs_spacer=None;gc_cont=0.251
AY077836.1_Goatpox_virus_G20_LKV_2000_84              -            636 81at10240            -            519   1.1e-09   34.2  18.8   2   2   1.9e-07   1.5e-05   20.7   1.1   345   452   395   505   383   569 0.72 # 76923 # 78830 # 1 # ID=12_84;partial=00;start_type=ATG;rbs_motif=None;rbs_spacer=None;gc_cont=0.251
KC951854.1_Goatpox_virus_FZ_China_10_Jan_2012_goat_83 -            636 81at10240            -            519   1.1e-09   34.2  18.8   1   2   7.5e-07   5.7e-05   18.7   9.7    37   252    35   262    11   302 0.73 # 77138 # 79045 # 1 # ID=11_83;partial=00;start_type=ATG;rbs_motif=None;rbs_spacer=None;gc_cont=0.252
KC951854.1_Goatpox_virus_FZ_China_10_Jan_2012_goat_83 -            636 81at10240            -            519   1.1e-09   34.2  18.8   2   2   1.9e-07   1.5e-05   20.7   1.1   345   452   395   505   383   569 0.72 # 77138 # 79045 # 1 # ID=11_83;partial=00;start_type=ATG;rbs_motif=None;rbs_spacer=None;gc_cont=0.252
KX576657.1_Goatpox_virus_Gorgan_Iran_1965_goat_83     -            636 81at10240            -            519   1.1e-09   34.2  18.8   1   2   7.5e-07   5.7e-05   18.7   9.7    37   252    35   262    11   302 0.73 # 76984 # 78891 # 1 # ID=10_83;partial=00;start_type=ATG;rbs_motif=None;rbs_spacer=None;gc_cont=0.251
KX576657.1_Goatpox_virus_Gorgan_Iran_1965_goat_83     -            636 81at10240            -            519   1.1e-09   34.2  18.8   2   2   1.9e-07   1.5e-05   20.7   1.1   345   452   395   505   383   569 0.72 # 76984 # 78891 # 1 # ID=10_83;partial=00;start_type=ATG;rbs_motif=None;rbs_spacer=None;gc_cont=0.251
MH381810.1_Goatpox_virus_AV41_China_Jan_2018_goat_83  -            636 81at10240            -            519   1.1e-09   34.2  18.8   1   2   7.5e-07   5.7e-05   18.7   9.7    37   252    35   262    11   302 0.73 # 77167 # 79074 # 1 # ID=9_83;partial=00;start_type=ATG;rbs_motif=None;rbs_spacer=None;gc_cont=0.252
MH381810.1_Goatpox_virus_AV41_China_Jan_2018_goat_83  -            636 81at10240            -            519   1.1e-09   34.2  18.8   2   2   1.9e-07   1.5e-05   20.7   1.1   345   452   395   505   383   569 0.72 # 77167 # 79074 # 1 # ID=9_83;partial=00;start_type=ATG;rbs_motif=None;rbs_spacer=None;gc_cont=0.252
MN072620.1_Goatpox_virus_India_goat_82                -            636 81at10240            -            519   1.1e-09   34.2  18.8   1   2   7.5e-07   5.7e-05   18.7   9.7    37   252    35   262    11   302 0.73 # 77257 # 79164 # 1 # ID=8_82;partial=00;start_type=ATG;rbs_motif=None;rbs_spacer=None;gc_cont=0.252
MN072620.1_Goatpox_virus_India_goat_82                -            636 81at10240            -            519   1.1e-09   34.2  18.8   2   2   1.9e-07   1.5e-05   20.7   1.1   345   452   395   505   383   569 0.72 # 77257 # 79164 # 1 # ID=8_82;partial=00;start_type=ATG;rbs_motif=None;rbs_spacer=None;gc_cont=0.252
MN072621.1_Goatpox_virus_Vietnam_goat_83              -            636 81at10240            -            519   1.1e-09   34.2  18.8   1   2   7.5e-07   5.7e-05   18.7   9.7    37   252    35   262    11   302 0.73 # 77227 # 79134 # 1 # ID=7_83;partial=00;start_type=ATG;rbs_motif=None;rbs_spacer=None;gc_cont=0.252
MN072621.1_Goatpox_virus_Vietnam_goat_83              -            636 81at10240            -            519   1.1e-09   34.2  18.8   2   2   1.9e-07   1.5e-05   20.7   1.1   345   452   395   505   383   569 0.72 # 77227 # 79134 # 1 # ID=7_83;partial=00;start_type=ATG;rbs_motif=None;rbs_spacer=None;gc_cont=0.252
MN072622.1_Goatpox_virus_Turkey_goat_81               -            636 81at10240            -            519   1.1e-09   34.2  18.8   1   2   7.5e-07   5.7e-05   18.7   9.7    37   252    35   262    11   302 0.73 # 77028 # 78935 # 1 # ID=6_81;partial=00;start_type=ATG;rbs_motif=None;rbs_spacer=None;gc_cont=0.251
MN072622.1_Goatpox_virus_Turkey_goat_81               -            636 81at10240            -            519   1.1e-09   34.2  18.8   2   2   1.9e-07   1.5e-05   20.7   1.1   345   452   395   505   383   569 0.72 # 77028 # 78935 # 1 # ID=6_81;partial=00;start_type=ATG;rbs_motif=None;rbs_spacer=None;gc_cont=0.251
MN072623.1_Goatpox_virus_Oman_goat_80                 -            636 81at10240            -            519   1.1e-09   34.2  18.8   1   2   7.5e-07   5.7e-05   18.7   9.7    37   252    35   262    11   302 0.73 # 77174 # 79081 # 1 # ID=5_80;partial=00;start_type=ATG;rbs_motif=None;rbs_spacer=None;gc_cont=0.252
MN072623.1_Goatpox_virus_Oman_goat_80                 -            636 81at10240            -            519   1.1e-09   34.2  18.8   2   2   1.9e-07   1.5e-05   20.7   1.1   345   452   395   505   383   569 0.72 # 77174 # 79081 # 1 # ID=5_80;partial=00;start_type=ATG;rbs_motif=None;rbs_spacer=None;gc_cont=0.252
MW020570.1_Goatpox_virus_V103_goat_82                 -            636 81at10240            -            519   1.1e-09   34.2  18.8   1   2   7.5e-07   5.7e-05   18.7   9.7    37   252    35   262    11   302 0.73 # 77346 # 79253 # 1 # ID=2_82;partial=00;start_type=ATG;rbs_motif=None;rbs_spacer=None;gc_cont=0.252
MW020570.1_Goatpox_virus_V103_goat_82                 -            636 81at10240            -            519   1.1e-09   34.2  18.8   2   2   1.9e-07   1.5e-05   20.7   1.1   345   452   395   505   383   569 0.72 # 77346 # 79253 # 1 # ID=2_82;partial=00;start_type=ATG;rbs_motif=None;rbs_spacer=None;gc_cont=0.252
NC_004003.1_Goatpox_virus_Pellor_2000_83              -            636 81at10240            -            519   1.1e-09   34.2  18.8   1   2   7.5e-07   5.7e-05   18.7   9.7    37   252    35   262    11   302 0.73 # 76860 # 78767 # 1 # ID=1_83;partial=00;start_type=ATG;rbs_motif=None;rbs_spacer=None;gc_cont=0.251
NC_004003.1_Goatpox_virus_Pellor_2000_83              -            636 81at10240            -            519   1.1e-09   34.2  18.8   2   2   1.9e-07   1.5e-05   20.7   1.1   345   452   395   505   383   569 0.72 # 76860 # 78767 # 1 # ID=1_83;partial=00;start_type=ATG;rbs_motif=None;rbs_spacer=None;gc_cont=0.251
MN072625.1_Goatpox_virus_Yemen_goat_82                -            636 81at10240            -            519   1.1e-09   34.2  18.8   1   2   7.5e-07   5.7e-05   18.7   9.7    37   252    35   262    11   302 0.73 # 77276 # 79183 # 1 # ID=3_82;partial=00;start_type=ATG;rbs_motif=None;rbs_spacer=None;gc_cont=0.252
MN072625.1_Goatpox_virus_Yemen_goat_82                -            636 81at10240            -            519   1.1e-09   34.2  18.8   2   2   1.9e-07   1.5e-05   20.7   1.1   345   452   395   505   383   569 0.72 # 77276 # 79183 # 1 # ID=3_82;partial=00;start_type=ATG;rbs_motif=None;rbs_spacer=None;gc_cont=0.252
#
# Program:         hmmsearch
# Version:         3.3.2 (Nov 2020)
# Pipeline mode:   SEARCH
# Query file:      /mnt/lustre/RDS-live/downing/LSDV_PVG/GOATPOXVIRUS/busco_downloads/lineages/poxviridae_odb10/hmms/81at10240.hmm
# Target file:     /mnt/lustre/RDS-live/downing/LSDV_PVG/GOATPOXVIRUS/BUSCO/prodigal_output/predicted_genes/predicted.faa
# Option settings: hmmsearch --domtblout /mnt/lustre/RDS-live/downing/LSDV_PVG/GOATPOXVIRUS/BUSCO/run_poxviridae_odb10/hmmer_output/81at10240.out --cpu 1 /mnt/lustre/RDS-live/downing/LSDV_PVG/GOATPOXVIRUS/busco_downloads/lineages/poxviridae_odb10/hmms/81at10240.hmm /mnt/lustre/RDS-live/downing/LSDV_PVG/GOATPOXVIRUS/BUSCO/prodigal_output/predicted_genes/predicted.faa 
# Current dir:     /mnt/lustre/RDS-live/downing/LSDV_PVG/GOATPOXVIRUS
# Date:            Tue Apr 16 16:00:29 2024
# [ok]
