
RAxML-NG v. 1.2.0 released on 09.05.2023 by The Exelixis Lab.
Developed by: Alexey M. Kozlov and Alexandros Stamatakis.
Contributors: Diego Darriba, Tomas Flouri, Benoit Morel, Sarah Lutteropp, Ben Bettisworth, Julia Haag, Anastasis Togkousidis.
Latest version: https://github.com/amkozlov/raxml-ng
Questions/problems/suggestions? Please visit: https://groups.google.com/forum/#!forum/raxml

System: AMD EPYC 7543P 32-Core Processor, 32 cores, 995 GB RAM

RAxML-NG was called at 16-Apr-2024 13:26:37 as follows:

raxml-ng --all --msa lumpy_2_skin_2_disease_2_virus_2_.aln --model GTR+G4 --prefix T14 --seed 21231 --bs-metric fbp,tbe --redo

Analysis options:
  run mode: ML tree search + bootstrapping (Felsenstein Bootstrap + Transfer Bootstrap)
  start tree(s): random (10) + parsimony (10)
  bootstrap replicates: parsimony (max: 1000) + bootstopping (autoMRE, cutoff: 0.030000)
  random seed: 21231
  tip-inner: OFF
  pattern compression: ON
  per-rate scalers: OFF
  site repeats: ON
  logLH epsilon: general: 10.000000, brlen-triplet: 1000.000000
  fast spr radius: AUTO
  spr subtree cutoff: 1.000000
  fast CLV updates: ON
  branch lengths: proportional (ML estimate, algorithm: NR-FAST)
  SIMD kernels: AVX2
  parallelization: coarse-grained (auto), PTHREADS (auto)

WARNING: Running in REDO mode: existing checkpoints are ignored, and all result files will be overwritten!

[00:00:00] Reading alignment from file: lumpy_2_skin_2_disease_2_virus_2_.aln
[00:00:00] Loaded alignment with 130 taxa and 154648 sites

WARNING: Fully undetermined columns found: 4593

WARNING: Sequences OQ253256.1_118245_64_Thailand_18_May_2021 and OQ253255.1_110991.2_64_Thailand_23_Mar_2021 are exactly identical!
WARNING: Sequences OQ253256.1_118245_64_Thailand_18_May_2021 and OQ253253.1_65A09143_Thailand_14_Jun_2022 are exactly identical!
WARNING: Sequences OQ253256.1_118245_64_Thailand_18_May_2021 and OQ253251.1_504831_64_Thailand_01_Jun_2021 are exactly identical!
WARNING: Sequences OQ253256.1_118245_64_Thailand_18_May_2021 and OQ200493.1_Thailand_AngThong_2021_Thailand_07_Jun_2021_cattle are exactly identical!
WARNING: Sequences OQ253256.1_118245_64_Thailand_18_May_2021 and OQ267778.1_119607_64_Thailand_27_May_2021_cattle are exactly identical!
WARNING: Sequences OQ253256.1_118245_64_Thailand_18_May_2021 and OM033705.1_Thailand_YST_2021_Thailand_24_Apr_2021 are exactly identical!
WARNING: Sequences OR134846.1_LDSV_Serbia_5887_2016_Serbia_2016_07_19_Bos_taurus and OR134844.1_North_Macedonia_5011_2016_North_Macedonia_2016_05_15_Bos_taurus are exactly identical!
WARNING: Sequences OR134846.1_LDSV_Serbia_5887_2016_Serbia_2016_07_19_Bos_taurus and OR134838.1_Greece_314_2016_Greece_2017_06_12_Bos_taurus are exactly identical!
WARNING: Sequences OR134846.1_LDSV_Serbia_5887_2016_Serbia_2016_07_19_Bos_taurus and OR134833.1_Albania_1573_2016_Albania_2016_08_16_Bos_taurus are exactly identical!
WARNING: Sequences OR393170.1_2022_Surat_N6_India_Surat_Gujarat_Aug_2021_Bos_taurus and OR393169.1_2022_Jamnagar_N3_India_Jamnagar_Gujarat_Aug_2022_Bos_taurus are exactly identical!
WARNING: Sequences OR347837.1_65A09679_Thailand_21_Jun_2022 and OR347836.1_65A09027_Thailand_10_Jun_2022 are exactly identical!
WARNING: Sequences NC_003027.1_NI_2490_Kenya_1958 and AF325528.1_NI_2490_Neethling_2490_Kenya_1958 are exactly identical!
WARNING: Sequences MN636842.1___220_2_NW_RSA_1993_South_Africa_1993_Bos_taurus and MN636841.1___220_1_NW_RSA_1993_South_Africa_1993_Bos_taurus are exactly identical!
WARNING: Sequences MN636842.1___220_2_NW_RSA_1993_South_Africa_1993_Bos_taurus and MN636840.1___248_NW_RSA_1993_South_Africa_1993_Bos_taurus are exactly identical!
WARNING: Duplicate sequences found: 14

NOTE: Reduced alignment (with duplicates and gap-only sites/taxa removed) 
NOTE: was saved to: /mnt/lustre/RDS-live/downing/LSDV_PVG/121_SAMPLE_PVG/work/0f/897342947b82e85e7f927c3d961b00/T14.raxml.reduced.phy

Alignment comprises 1 partitions and 2189 patterns

Partition 0: noname
Model: GTR+FO+G4m
Alignment sites / patterns: 150055 / 2189
Gaps: 1.83 %
Invariant sites: 98.16 %


NOTE: Binary MSA file created: T14.raxml.rba

Parallelization scheme autoconfig: 16 worker(s) x 2 thread(s)

[00:00:00] Generating 10 random starting tree(s) with 130 taxa
[00:00:00] Generating 10 parsimony starting tree(s) with 130 taxa
Parallel parsimony with 32 threads
Parallel reduction/worker buffer size: 1 KB  / 0 KB

[00:00:00] Data distribution: max. partitions/sites/weight per thread: 1 / 1095 / 17520
[00:00:00] Data distribution: max. searches per worker: 65

Starting ML tree search with 20 distinct starting trees

[00:00:22] [worker #10] ML tree search #11, logLikelihood: -223092.916269
[00:00:24] [worker #9] ML tree search #10, logLikelihood: -223093.410616
[00:00:24] [worker #13] ML tree search #14, logLikelihood: -223093.145865
[00:00:24] [worker #11] ML tree search #12, logLikelihood: -223092.833443
[00:00:26] [worker #5] ML tree search #6, logLikelihood: -223092.980095
[00:00:26] [worker #6] ML tree search #7, logLikelihood: -223093.212385
[00:00:26] [worker #3] ML tree search #4, logLikelihood: -223092.881079
[00:00:26] [worker #7] ML tree search #8, logLikelihood: -223130.295409
[00:00:26] [worker #2] ML tree search #3, logLikelihood: -223092.973737
[00:00:28] [worker #4] ML tree search #5, logLikelihood: -223092.783351
[00:00:28] [worker #15] ML tree search #16, logLikelihood: -223092.859606
[00:00:29] [worker #1] ML tree search #2, logLikelihood: -223092.981978
[00:00:30] [worker #8] ML tree search #9, logLikelihood: -223093.801643
[00:00:32] [worker #14] ML tree search #15, logLikelihood: -223092.943187
[00:00:33] [worker #12] ML tree search #13, logLikelihood: -223093.203823
[00:00:37] [worker #0] ML tree search #1, logLikelihood: -223130.503591
[00:00:43] [worker #2] ML tree search #19, logLikelihood: -223092.913931
[00:00:44] [worker #1] ML tree search #18, logLikelihood: -223130.704216
[00:00:56] [worker #3] ML tree search #20, logLikelihood: -223093.295268
[00:01:23] [worker #0] ML tree search #17, logLikelihood: -223092.912711

[00:01:23] ML tree search completed, best tree logLH: -223092.783351

[00:01:23] Starting bootstrapping analysis with 1000 replicates.

[00:01:36] [worker #10] Bootstrap tree #11, logLikelihood: -223431.723157
[00:01:36] [worker #1] Bootstrap tree #2, logLikelihood: -223560.309874
[00:01:37] [worker #2] Bootstrap tree #3, logLikelihood: -223147.707835
[00:01:37] [worker #3] Bootstrap tree #4, logLikelihood: -222922.556987
[00:01:38] [worker #0] Bootstrap tree #1, logLikelihood: -222255.382278
[00:01:38] [worker #8] Bootstrap tree #9, logLikelihood: -222407.449560
[00:01:38] [worker #14] Bootstrap tree #15, logLikelihood: -224569.822075
[00:01:38] [worker #9] Bootstrap tree #10, logLikelihood: -224886.345293
[00:01:38] [worker #11] Bootstrap tree #12, logLikelihood: -222473.923956
[00:01:39] [worker #5] Bootstrap tree #6, logLikelihood: -223366.093298
[00:01:40] [worker #12] Bootstrap tree #13, logLikelihood: -224217.122332
[00:01:40] [worker #7] Bootstrap tree #8, logLikelihood: -222586.135724
[00:01:40] [worker #13] Bootstrap tree #14, logLikelihood: -222427.684032
[00:01:45] [worker #6] Bootstrap tree #7, logLikelihood: -223048.801394
[00:01:45] [worker #4] Bootstrap tree #5, logLikelihood: -222205.618397
[00:01:47] [worker #15] Bootstrap tree #16, logLikelihood: -223106.709969
[00:01:51] [worker #5] Bootstrap tree #22, logLikelihood: -224061.650492
[00:01:51] [worker #12] Bootstrap tree #29, logLikelihood: -222369.822419
[00:01:52] [worker #3] Bootstrap tree #20, logLikelihood: -223841.833346
[00:01:53] [worker #13] Bootstrap tree #30, logLikelihood: -223952.753919
[00:01:53] [worker #1] Bootstrap tree #18, logLikelihood: -222125.909348
[00:01:53] [worker #11] Bootstrap tree #28, logLikelihood: -223763.795335
[00:01:53] [worker #2] Bootstrap tree #19, logLikelihood: -224862.804771
[00:01:54] [worker #9] Bootstrap tree #26, logLikelihood: -222067.821505
[00:01:54] [worker #0] Bootstrap tree #17, logLikelihood: -223214.937974
[00:01:56] [worker #14] Bootstrap tree #31, logLikelihood: -222530.502013
[00:01:56] [worker #7] Bootstrap tree #24, logLikelihood: -221680.422514
[00:01:58] [worker #8] Bootstrap tree #25, logLikelihood: -223970.921832
[00:01:58] [worker #10] Bootstrap tree #27, logLikelihood: -221781.300411
[00:01:59] [worker #4] Bootstrap tree #21, logLikelihood: -223331.285398
[00:02:00] [worker #15] Bootstrap tree #32, logLikelihood: -223034.888724
[00:02:06] [worker #5] Bootstrap tree #38, logLikelihood: -222274.601999
[00:02:06] [worker #13] Bootstrap tree #46, logLikelihood: -222345.637608
[00:02:07] [worker #1] Bootstrap tree #34, logLikelihood: -222365.338939
[00:02:07] [worker #6] Bootstrap tree #23, logLikelihood: -223372.023304
[00:02:08] [worker #11] Bootstrap tree #44, logLikelihood: -223439.845134
[00:02:08] [worker #12] Bootstrap tree #45, logLikelihood: -222623.879990
[00:02:09] [worker #0] Bootstrap tree #33, logLikelihood: -222944.191933
[00:02:09] [worker #2] Bootstrap tree #35, logLikelihood: -223335.763508
[00:02:09] [worker #9] Bootstrap tree #42, logLikelihood: -222320.613574
[00:02:13] [worker #14] Bootstrap tree #47, logLikelihood: -222483.369500
[00:02:13] [worker #10] Bootstrap tree #43, logLikelihood: -222656.509774
[00:02:14] [worker #3] Bootstrap tree #36, logLikelihood: -222386.266742
[00:02:15] [worker #15] Bootstrap tree #48, logLikelihood: -222874.560424
[00:02:15] [worker #7] Bootstrap tree #40, logLikelihood: -222715.331493
[00:02:16] [worker #4] Bootstrap tree #37, logLikelihood: -222289.161347
[00:02:22] [worker #0] Bootstrap tree #49, logLikelihood: -223134.717492
[00:02:22] [worker #1] Bootstrap tree #50, logLikelihood: -221721.977250
[00:02:23] [worker #8] Bootstrap tree #41, logLikelihood: -223168.713167
[00:02:27] [worker #6] Bootstrap tree #39, logLikelihood: -222978.836173
[00:02:41] [worker #4] Bootstrap tree #53, logLikelihood: -222778.918935
[00:02:42] [worker #11] Bootstrap tree #60, logLikelihood: -223700.011023
[00:02:42] [worker #9] Bootstrap tree #58, logLikelihood: -223073.148975
[00:02:43] [worker #6] Bootstrap tree #55, logLikelihood: -223355.389447
[00:02:43] [worker #13] Bootstrap tree #62, logLikelihood: -223850.019229
[00:02:43] [worker #1] Bootstrap tree #66, logLikelihood: -223725.917624
[00:02:43] [worker #8] Bootstrap tree #57, logLikelihood: -222865.087824
[00:02:44] [worker #14] Bootstrap tree #63, logLikelihood: -223685.180445
[00:02:44] [worker #3] Bootstrap tree #52, logLikelihood: -223582.150269
[00:02:44] [worker #7] Bootstrap tree #56, logLikelihood: -223454.155831
[00:02:45] [worker #5] Bootstrap tree #54, logLikelihood: -223682.604650
[00:02:45] [worker #0] Bootstrap tree #65, logLikelihood: -222060.407724
[00:02:46] [worker #2] Bootstrap tree #51, logLikelihood: -223721.166233
[00:02:47] [worker #15] Bootstrap tree #64, logLikelihood: -222616.627386
[00:02:51] [worker #12] Bootstrap tree #61, logLikelihood: -222456.143257
[00:02:51] [worker #10] Bootstrap tree #59, logLikelihood: -223251.694512
[00:02:56] [worker #13] Bootstrap tree #78, logLikelihood: -223687.558014
[00:02:57] [worker #4] Bootstrap tree #69, logLikelihood: -223255.606578
[00:02:58] [worker #6] Bootstrap tree #71, logLikelihood: -222537.709184
[00:02:58] [worker #7] Bootstrap tree #72, logLikelihood: -222922.913738
[00:02:58] [worker #3] Bootstrap tree #68, logLikelihood: -223291.976045
[00:02:58] [worker #8] Bootstrap tree #73, logLikelihood: -224028.212760
[00:02:58] [worker #5] Bootstrap tree #70, logLikelihood: -223506.975071
[00:02:59] [worker #2] Bootstrap tree #67, logLikelihood: -224207.311537
[00:02:59] [worker #9] Bootstrap tree #74, logLikelihood: -222623.097559
[00:03:00] [worker #14] Bootstrap tree #79, logLikelihood: -223679.915754
[00:03:05] [worker #11] Bootstrap tree #76, logLikelihood: -222410.794355
[00:03:08] [worker #1] Bootstrap tree #82, logLikelihood: -223181.213773
[00:03:10] [worker #13] Bootstrap tree #94, logLikelihood: -222614.145951
[00:03:11] [worker #15] Bootstrap tree #80, logLikelihood: -223086.668053
[00:03:12] [worker #0] Bootstrap tree #81, logLikelihood: -223814.501486
[00:03:13] [worker #7] Bootstrap tree #88, logLikelihood: -223034.615052
[00:03:13] [worker #6] Bootstrap tree #87, logLikelihood: -222905.602895
[00:03:14] [worker #3] Bootstrap tree #84, logLikelihood: -221835.221148
[00:03:14] [worker #2] Bootstrap tree #83, logLikelihood: -223995.249345
[00:03:14] [worker #9] Bootstrap tree #90, logLikelihood: -223004.834344
[00:03:16] [worker #5] Bootstrap tree #86, logLikelihood: -222742.450481
[00:03:16] [worker #14] Bootstrap tree #95, logLikelihood: -222780.244886
[00:03:16] [worker #10] Bootstrap tree #75, logLikelihood: -223323.278088
[00:03:17] [worker #12] Bootstrap tree #77, logLikelihood: -222957.830688
[00:03:21] [worker #1] Bootstrap tree #98, logLikelihood: -222666.137005
[00:03:23] [worker #8] Bootstrap tree #89, logLikelihood: -224013.814583
[00:03:23] [worker #4] Bootstrap tree #85, logLikelihood: -224246.865625
[00:03:24] [worker #11] Bootstrap tree #92, logLikelihood: -223186.966793
[00:03:27] [worker #15] Bootstrap tree #96, logLikelihood: -222973.223769
[00:03:27] [worker #2] Bootstrap tree #99, logLikelihood: -223698.206559
[00:03:29] [worker #3] Bootstrap tree #100, logLikelihood: -222810.686356
[00:03:30] [worker #0] Bootstrap tree #97, logLikelihood: -224116.648702
[00:03:30] [worker #12] Bootstrap tree #93, logLikelihood: -223057.146436
[00:03:34] [worker #10] Bootstrap tree #91, logLikelihood: -222929.352495
[00:03:48] [worker #11] Bootstrap tree #108, logLikelihood: -223046.021310
[00:03:49] [worker #1] Bootstrap tree #114, logLikelihood: -222615.153979
[00:03:49] [worker #0] Bootstrap tree #113, logLikelihood: -223568.397073
[00:03:50] [worker #3] Bootstrap tree #116, logLikelihood: -223097.495034
[00:03:50] [worker #9] Bootstrap tree #106, logLikelihood: -223608.482594
[00:03:51] [worker #12] Bootstrap tree #109, logLikelihood: -223509.912459
[00:03:51] [worker #13] Bootstrap tree #110, logLikelihood: -223894.749798
[00:03:51] [worker #2] Bootstrap tree #115, logLikelihood: -223381.166103
[00:03:51] [worker #5] Bootstrap tree #102, logLikelihood: -221434.485797
[00:03:52] [worker #14] Bootstrap tree #111, logLikelihood: -222671.168468
[00:03:52] [worker #8] Bootstrap tree #105, logLikelihood: -224201.598767
[00:03:52] [worker #10] Bootstrap tree #107, logLikelihood: -222962.232941
[00:03:52] [worker #15] Bootstrap tree #112, logLikelihood: -223290.163123
[00:03:56] [worker #7] Bootstrap tree #104, logLikelihood: -222959.344630
[00:04:02] [worker #11] Bootstrap tree #124, logLikelihood: -221879.760359
[00:04:03] [worker #4] Bootstrap tree #101, logLikelihood: -223257.339424
[00:04:03] [worker #1] Bootstrap tree #130, logLikelihood: -223780.220838
[00:04:04] [worker #6] Bootstrap tree #103, logLikelihood: -223877.999875
[00:04:05] [worker #12] Bootstrap tree #125, logLikelihood: -223028.373369
[00:04:05] [worker #3] Bootstrap tree #132, logLikelihood: -222409.333486
[00:04:05] [worker #14] Bootstrap tree #127, logLikelihood: -224091.833008
[00:04:06] [worker #5] Bootstrap tree #118, logLikelihood: -223059.621931
[00:04:06] [worker #13] Bootstrap tree #126, logLikelihood: -223268.789445
[00:04:06] [worker #9] Bootstrap tree #122, logLikelihood: -223316.790517
[00:04:06] [worker #2] Bootstrap tree #131, logLikelihood: -223080.047880
[00:04:09] [worker #15] Bootstrap tree #128, logLikelihood: -222791.936425
[00:04:09] [worker #7] Bootstrap tree #120, logLikelihood: -222990.956073
[00:04:10] [worker #10] Bootstrap tree #123, logLikelihood: -223160.372012
[00:04:11] [worker #8] Bootstrap tree #121, logLikelihood: -222636.258544
[00:04:16] [worker #11] Bootstrap tree #140, logLikelihood: -223795.976286
[00:04:18] [worker #4] Bootstrap tree #117, logLikelihood: -222227.756354
[00:04:19] [worker #14] Bootstrap tree #143, logLikelihood: -223146.059774
[00:04:20] [worker #9] Bootstrap tree #138, logLikelihood: -222018.484375
[00:04:20] [worker #1] Bootstrap tree #146, logLikelihood: -221889.396852
[00:04:20] [worker #13] Bootstrap tree #142, logLikelihood: -223965.339369
[00:04:21] [worker #5] Bootstrap tree #134, logLikelihood: -223141.600089
[00:04:21] [worker #12] Bootstrap tree #141, logLikelihood: -222246.440305
[00:04:21] [worker #2] Bootstrap tree #147, logLikelihood: -223173.057622
[00:04:22] [worker #3] Bootstrap tree #148, logLikelihood: -221715.684536
[00:04:24] [worker #0] Bootstrap tree #129, logLikelihood: -223013.315113
[00:04:25] [worker #7] Bootstrap tree #136, logLikelihood: -223322.561526
[00:04:25] [worker #10] Bootstrap tree #139, logLikelihood: -222855.321466
[00:04:26] [worker #6] Bootstrap tree #119, logLikelihood: -223973.326295
[00:04:32] [worker #8] Bootstrap tree #137, logLikelihood: -222559.050070
[00:04:32] [worker #15] Bootstrap tree #144, logLikelihood: -222856.344148
[00:04:38] [worker #5] Bootstrap tree #150, logLikelihood: -222989.607330
[00:04:39] [worker #4] Bootstrap tree #133, logLikelihood: -223381.259945
[00:04:40] [worker #0] Bootstrap tree #145, logLikelihood: -221855.815121
[00:04:47] [worker #6] Bootstrap tree #135, logLikelihood: -223629.416317
[00:04:52] [worker #4] Bootstrap tree #149, logLikelihood: -222698.669891
[00:05:08] [worker #10] Bootstrap tree #155, logLikelihood: -222090.842894
[00:05:08] [worker #12] Bootstrap tree #157, logLikelihood: -223055.630076
[00:05:08] [worker #7] Bootstrap tree #152, logLikelihood: -222978.611718
[00:05:09] [worker #5] Bootstrap tree #166, logLikelihood: -221698.968285
[00:05:09] [worker #11] Bootstrap tree #156, logLikelihood: -223400.771133
[00:05:09] [worker #9] Bootstrap tree #154, logLikelihood: -223598.617413
[00:05:10] [worker #13] Bootstrap tree #158, logLikelihood: -223012.963892
[00:05:10] [worker #3] Bootstrap tree #164, logLikelihood: -222967.048925
[00:05:10] [worker #14] Bootstrap tree #159, logLikelihood: -223557.463468
[00:05:11] [worker #1] Bootstrap tree #162, logLikelihood: -222371.340451
[00:05:11] [worker #0] Bootstrap tree #161, logLikelihood: -223701.726001
[00:05:12] [worker #2] Bootstrap tree #163, logLikelihood: -222657.922161
[00:05:12] [worker #15] Bootstrap tree #160, logLikelihood: -223258.823167
[00:05:13] [worker #8] Bootstrap tree #153, logLikelihood: -222285.871226
[00:05:16] [worker #4] Bootstrap tree #165, logLikelihood: -223536.315373
[00:05:21] [worker #6] Bootstrap tree #151, logLikelihood: -223116.278830
[00:05:23] [worker #12] Bootstrap tree #173, logLikelihood: -222821.610581
[00:05:24] [worker #10] Bootstrap tree #171, logLikelihood: -222852.241119
[00:05:24] [worker #7] Bootstrap tree #168, logLikelihood: -222992.747046
[00:05:25] [worker #9] Bootstrap tree #170, logLikelihood: -222425.071166
[00:05:26] [worker #13] Bootstrap tree #174, logLikelihood: -224081.110147
[00:05:26] [worker #14] Bootstrap tree #175, logLikelihood: -222850.173302
[00:05:27] [worker #5] Bootstrap tree #182, logLikelihood: -222209.004920
[00:05:27] [worker #1] Bootstrap tree #178, logLikelihood: -222367.664767
[00:05:28] [worker #11] Bootstrap tree #172, logLikelihood: -222633.310243
[00:05:29] [worker #15] Bootstrap tree #176, logLikelihood: -222587.923158
[00:05:30] [worker #8] Bootstrap tree #169, logLikelihood: -222826.675232
[00:05:30] [worker #0] Bootstrap tree #177, logLikelihood: -222794.570475
[00:05:30] [worker #4] Bootstrap tree #181, logLikelihood: -224527.660785
[00:05:32] [worker #2] Bootstrap tree #179, logLikelihood: -223071.384268
[00:05:35] [worker #3] Bootstrap tree #180, logLikelihood: -222397.686472
[00:05:37] [worker #6] Bootstrap tree #167, logLikelihood: -222427.103878
[00:05:40] [worker #13] Bootstrap tree #190, logLikelihood: -222398.102621
[00:05:40] [worker #10] Bootstrap tree #187, logLikelihood: -221800.167485
[00:05:41] [worker #7] Bootstrap tree #184, logLikelihood: -223020.959459
[00:05:41] [worker #12] Bootstrap tree #189, logLikelihood: -223807.340061
[00:05:42] [worker #14] Bootstrap tree #191, logLikelihood: -223586.690360
[00:05:43] [worker #15] Bootstrap tree #192, logLikelihood: -222339.256485
[00:05:44] [worker #9] Bootstrap tree #186, logLikelihood: -222059.205375
[00:05:46] [worker #0] Bootstrap tree #193, logLikelihood: -222955.547984
[00:05:46] [worker #8] Bootstrap tree #185, logLikelihood: -222756.004299
[00:05:46] [worker #11] Bootstrap tree #188, logLikelihood: -222622.751546
[00:05:47] [worker #4] Bootstrap tree #197, logLikelihood: -222571.571514
[00:05:48] [worker #2] Bootstrap tree #195, logLikelihood: -222974.377671
[00:05:49] [worker #5] Bootstrap tree #198, logLikelihood: -221950.244840
[00:05:49] [worker #1] Bootstrap tree #194, logLikelihood: -223313.727118
[00:05:51] [worker #3] Bootstrap tree #196, logLikelihood: -222259.960634
[00:05:52] [worker #6] Bootstrap tree #183, logLikelihood: -223791.264158
[00:05:56] [worker #7] Bootstrap tree #200, logLikelihood: -222817.437673
[00:06:08] [worker #6] Bootstrap tree #199, logLikelihood: -222727.853167
[00:06:22] [worker #7] Bootstrap tree #216, logLikelihood: -222395.657228
[00:06:24] [worker #4] Bootstrap tree #213, logLikelihood: -223744.943960
[00:06:24] [worker #11] Bootstrap tree #204, logLikelihood: -223325.779123
[00:06:26] [worker #1] Bootstrap tree #210, logLikelihood: -222697.019851
[00:06:26] [worker #8] Bootstrap tree #201, logLikelihood: -223130.610044
[00:06:27] [worker #0] Bootstrap tree #209, logLikelihood: -223805.342599
[00:06:28] [worker #2] Bootstrap tree #211, logLikelihood: -221996.600406
[00:06:28] [worker #5] Bootstrap tree #214, logLikelihood: -222882.718627
[00:06:28] [worker #14] Bootstrap tree #207, logLikelihood: -223744.710722
[00:06:29] [worker #13] Bootstrap tree #206, logLikelihood: -222051.167231
[00:06:29] [worker #9] Bootstrap tree #202, logLikelihood: -222824.763785
[00:06:33] [worker #12] Bootstrap tree #205, logLikelihood: -223322.813322
[00:06:33] [worker #10] Bootstrap tree #203, logLikelihood: -223126.100281
[00:06:34] [worker #15] Bootstrap tree #208, logLikelihood: -223081.545889
[00:06:34] [worker #3] Bootstrap tree #212, logLikelihood: -222408.152984
[00:06:36] [worker #6] Bootstrap tree #215, logLikelihood: -224429.915357
[00:06:36] [worker #4] Bootstrap tree #229, logLikelihood: -223181.000425
[00:06:39] [worker #7] Bootstrap tree #232, logLikelihood: -222736.484816
[00:06:39] [worker #11] Bootstrap tree #220, logLikelihood: -223882.938440
[00:06:41] [worker #0] Bootstrap tree #225, logLikelihood: -223513.697098
[00:06:42] [worker #8] Bootstrap tree #217, logLikelihood: -223284.804656
[00:06:43] [worker #5] Bootstrap tree #230, logLikelihood: -222417.449184
[00:06:44] [worker #9] Bootstrap tree #218, logLikelihood: -224328.120619
[00:06:44] [worker #14] Bootstrap tree #223, logLikelihood: -224091.211570
[00:06:46] [worker #2] Bootstrap tree #227, logLikelihood: -223035.671199
[00:06:46] [worker #12] Bootstrap tree #221, logLikelihood: -222090.011780
[00:06:47] [worker #10] Bootstrap tree #219, logLikelihood: -222299.174252
[00:06:49] [worker #15] Bootstrap tree #224, logLikelihood: -223169.551166
[00:06:49] [worker #6] Bootstrap tree #231, logLikelihood: -223718.425012
[00:06:49] [worker #3] Bootstrap tree #228, logLikelihood: -223250.448643
[00:06:49] [worker #1] Bootstrap tree #226, logLikelihood: -224023.863186
[00:06:52] [worker #13] Bootstrap tree #222, logLikelihood: -223322.775034
[00:06:53] [worker #4] Bootstrap tree #245, logLikelihood: -223291.542699
[00:06:53] [worker #7] Bootstrap tree #248, logLikelihood: -223015.121419
[00:06:56] [worker #8] Bootstrap tree #233, logLikelihood: -223191.664205
[00:06:58] [worker #0] Bootstrap tree #241, logLikelihood: -222128.519238
[00:06:59] [worker #5] Bootstrap tree #246, logLikelihood: -223279.701776
[00:06:59] [worker #11] Bootstrap tree #236, logLikelihood: -223436.850499
[00:06:59] [worker #2] Bootstrap tree #243, logLikelihood: -222755.038748
[00:07:01] [worker #14] Bootstrap tree #239, logLikelihood: -222283.924475
[00:07:01] [worker #12] Bootstrap tree #237, logLikelihood: -223189.415510
[00:07:01] [worker #10] Bootstrap tree #235, logLikelihood: -222581.482932
[00:07:02] [worker #9] Bootstrap tree #234, logLikelihood: -223065.717136
[00:07:03] [worker #6] Bootstrap tree #247, logLikelihood: -222551.261608
[00:07:04] [worker #3] Bootstrap tree #244, logLikelihood: -222134.998875
[00:07:05] [worker #15] Bootstrap tree #240, logLikelihood: -222524.858690
[00:07:11] [worker #1] Bootstrap tree #242, logLikelihood: -223692.408080
[00:07:12] [worker #8] Bootstrap tree #249, logLikelihood: -223311.506630
[00:07:18] [worker #9] Bootstrap tree #250, logLikelihood: -222582.454066
[00:07:19] [worker #13] Bootstrap tree #238, logLikelihood: -224791.412544
[00:07:37] [worker #0] Bootstrap tree #257, logLikelihood: -223032.460913
[00:07:39] [worker #12] Bootstrap tree #253, logLikelihood: -223022.131911
[00:07:39] [worker #6] Bootstrap tree #263, logLikelihood: -222652.067608
[00:07:39] [worker #2] Bootstrap tree #259, logLikelihood: -223431.518570
[00:07:40] [worker #13] Bootstrap tree #254, logLikelihood: -222209.880780
[00:07:40] [worker #11] Bootstrap tree #252, logLikelihood: -222866.810923
[00:07:40] [worker #10] Bootstrap tree #251, logLikelihood: -222386.106997
[00:07:40] [worker #8] Bootstrap tree #265, logLikelihood: -223116.138715
[00:07:41] [worker #7] Bootstrap tree #264, logLikelihood: -222452.537182
[00:07:41] [worker #5] Bootstrap tree #262, logLikelihood: -223611.285918
[00:07:44] [worker #9] Bootstrap tree #266, logLikelihood: -222713.922227
[00:07:44] [worker #1] Bootstrap tree #258, logLikelihood: -223046.691752
[00:07:44] [worker #15] Bootstrap tree #256, logLikelihood: -223437.046080
[00:07:45] [worker #3] Bootstrap tree #260, logLikelihood: -222843.230371
[00:07:47] [worker #4] Bootstrap tree #261, logLikelihood: -222793.845719
[00:07:54] [worker #0] Bootstrap tree #273, logLikelihood: -223511.448185
[00:07:54] [worker #11] Bootstrap tree #268, logLikelihood: -224755.947920
[00:07:55] [worker #6] Bootstrap tree #279, logLikelihood: -222372.197792
[00:07:55] [worker #2] Bootstrap tree #275, logLikelihood: -223795.015936
[00:07:55] [worker #14] Bootstrap tree #255, logLikelihood: -223689.762778
[00:07:55] [worker #8] Bootstrap tree #281, logLikelihood: -224262.950860
[00:07:55] [worker #13] Bootstrap tree #270, logLikelihood: -223210.815824
[00:07:55] [worker #7] Bootstrap tree #280, logLikelihood: -223028.325454
[00:07:55] [worker #12] Bootstrap tree #269, logLikelihood: -222716.797248
[00:07:57] [worker #5] Bootstrap tree #278, logLikelihood: -222908.391785
[00:07:57] [worker #9] Bootstrap tree #282, logLikelihood: -223166.561276
[00:07:58] [worker #15] Bootstrap tree #272, logLikelihood: -222790.274145
[00:08:02] [worker #3] Bootstrap tree #276, logLikelihood: -222605.004345
[00:08:02] [worker #4] Bootstrap tree #277, logLikelihood: -223562.560945
[00:08:04] [worker #10] Bootstrap tree #267, logLikelihood: -222343.981001
[00:08:08] [worker #8] Bootstrap tree #297, logLikelihood: -224090.335900
[00:08:09] [worker #1] Bootstrap tree #274, logLikelihood: -223086.754351
[00:08:09] [worker #11] Bootstrap tree #284, logLikelihood: -224475.844799
[00:08:10] [worker #0] Bootstrap tree #289, logLikelihood: -223596.679953
[00:08:10] [worker #6] Bootstrap tree #295, logLikelihood: -222922.386462
[00:08:11] [worker #7] Bootstrap tree #296, logLikelihood: -223499.040343
[00:08:11] [worker #12] Bootstrap tree #285, logLikelihood: -223819.222378
[00:08:12] [worker #13] Bootstrap tree #286, logLikelihood: -223624.675728
[00:08:12] [worker #5] Bootstrap tree #294, logLikelihood: -223473.715951
[00:08:12] [worker #2] Bootstrap tree #291, logLikelihood: -223075.387770
[00:08:12] [worker #9] Bootstrap tree #298, logLikelihood: -224538.313185
[00:08:14] [worker #4] Bootstrap tree #293, logLikelihood: -223051.175691
[00:08:15] [worker #15] Bootstrap tree #288, logLikelihood: -222947.020389
[00:08:17] [worker #3] Bootstrap tree #292, logLikelihood: -222318.751154
[00:08:18] [worker #14] Bootstrap tree #271, logLikelihood: -223759.366230
[00:08:18] [worker #10] Bootstrap tree #283, logLikelihood: -222546.247864
[00:08:22] [worker #11] Bootstrap tree #300, logLikelihood: -223526.587167
[00:08:32] [worker #1] Bootstrap tree #290, logLikelihood: -223284.752375
[00:08:32] [worker #10] Bootstrap tree #299, logLikelihood: -222953.723148
[00:08:38] [worker #14] Bootstrap tree #287, logLikelihood: -222442.984586
[00:08:58] [worker #2] Bootstrap tree #307, logLikelihood: -223302.249559
[00:08:58] [worker #3] Bootstrap tree #308, logLikelihood: -223102.771894
[00:08:59] [worker #15] Bootstrap tree #304, logLikelihood: -223608.701792
[00:08:59] [worker #7] Bootstrap tree #312, logLikelihood: -223967.913613
[00:08:59] [worker #12] Bootstrap tree #301, logLikelihood: -223068.467505
[00:09:00] [worker #5] Bootstrap tree #310, logLikelihood: -222787.419664
[00:09:00] [worker #9] Bootstrap tree #314, logLikelihood: -223140.839315
[00:09:01] [worker #6] Bootstrap tree #311, logLikelihood: -222958.310257
[00:09:01] [worker #4] Bootstrap tree #309, logLikelihood: -223577.996920
[00:09:01] [worker #11] Bootstrap tree #316, logLikelihood: -223567.333342
[00:09:04] [worker #14] Bootstrap tree #303, logLikelihood: -223516.320458
[00:09:05] [worker #8] Bootstrap tree #313, logLikelihood: -223158.932214
[00:09:06] [worker #0] Bootstrap tree #305, logLikelihood: -222699.704141
[00:09:09] [worker #13] Bootstrap tree #302, logLikelihood: -223673.517872
[00:09:11] [worker #5] Bootstrap tree #326, logLikelihood: -223470.986901
[00:09:12] [worker #12] Bootstrap tree #317, logLikelihood: -222563.304298
[00:09:13] [worker #1] Bootstrap tree #306, logLikelihood: -222626.193770
[00:09:14] [worker #3] Bootstrap tree #324, logLikelihood: -223444.263064
[00:09:15] [worker #7] Bootstrap tree #328, logLikelihood: -222798.801540
[00:09:16] [worker #6] Bootstrap tree #327, logLikelihood: -222709.662382
[00:09:16] [worker #11] Bootstrap tree #332, logLikelihood: -222431.676363
[00:09:17] [worker #2] Bootstrap tree #323, logLikelihood: -223110.823386
[00:09:19] [worker #4] Bootstrap tree #325, logLikelihood: -223131.077496
[00:09:19] [worker #10] Bootstrap tree #315, logLikelihood: -222877.414355
[00:09:20] [worker #14] Bootstrap tree #319, logLikelihood: -223221.801460
[00:09:21] [worker #8] Bootstrap tree #329, logLikelihood: -222107.618619
[00:09:25] [worker #5] Bootstrap tree #342, logLikelihood: -223117.546213
[00:09:25] [worker #12] Bootstrap tree #333, logLikelihood: -221554.709971
[00:09:25] [worker #9] Bootstrap tree #330, logLikelihood: -222477.655111
[00:09:27] [worker #15] Bootstrap tree #320, logLikelihood: -222666.552504
[00:09:28] [worker #1] Bootstrap tree #322, logLikelihood: -222689.262939
[00:09:29] [worker #3] Bootstrap tree #340, logLikelihood: -222863.493575
[00:09:31] [worker #6] Bootstrap tree #343, logLikelihood: -222292.629003
[00:09:33] [worker #0] Bootstrap tree #321, logLikelihood: -222916.389406
[00:09:33] [worker #2] Bootstrap tree #339, logLikelihood: -222357.111318
[00:09:34] [worker #11] Bootstrap tree #348, logLikelihood: -222971.271041
[00:09:34] [worker #10] Bootstrap tree #331, logLikelihood: -223061.625440
[00:09:34] [worker #4] Bootstrap tree #341, logLikelihood: -222798.200245
[00:09:35] [worker #7] Bootstrap tree #344, logLikelihood: -223706.579085
[00:09:37] [worker #14] Bootstrap tree #335, logLikelihood: -223083.830929
[00:09:38] [worker #8] Bootstrap tree #345, logLikelihood: -222562.549463
[00:09:39] [worker #9] Bootstrap tree #346, logLikelihood: -222737.160895
[00:09:40] [worker #12] Bootstrap tree #349, logLikelihood: -222842.753378
[00:09:42] [worker #13] Bootstrap tree #318, logLikelihood: -222646.789098
[00:09:43] [worker #15] Bootstrap tree #336, logLikelihood: -222964.405705
[00:09:44] [worker #1] Bootstrap tree #338, logLikelihood: -221750.571378
[00:09:50] [worker #10] Bootstrap tree #347, logLikelihood: -222408.930797
[00:09:56] [worker #13] Bootstrap tree #334, logLikelihood: -222486.218404
[00:10:12] [worker #13] Bootstrap tree #350, logLikelihood: -222870.462002
[00:10:12] [worker #0] Bootstrap tree #337, logLikelihood: -222330.025359
[00:10:33] [worker #13] Bootstrap tree #366, logLikelihood: -223398.536650
[00:10:33] [worker #1] Bootstrap tree #354, logLikelihood: -221904.299464
[00:10:33] [worker #9] Bootstrap tree #362, logLikelihood: -223466.455117
[00:10:34] [worker #12] Bootstrap tree #365, logLikelihood: -223563.870776
[00:10:34] [worker #4] Bootstrap tree #357, logLikelihood: -223172.247929
[00:10:34] [worker #5] Bootstrap tree #358, logLikelihood: -221861.939624
[00:10:35] [worker #6] Bootstrap tree #359, logLikelihood: -222809.361615
[00:10:35] [worker #11] Bootstrap tree #364, logLikelihood: -223983.325857
[00:10:36] [worker #2] Bootstrap tree #355, logLikelihood: -222688.335809
[00:10:36] [worker #0] Bootstrap tree #353, logLikelihood: -222422.839349
[00:10:36] [worker #15] Bootstrap tree #352, logLikelihood: -222132.209585
[00:10:36] [worker #14] Bootstrap tree #351, logLikelihood: -223151.367952
[00:10:37] [worker #3] Bootstrap tree #356, logLikelihood: -221784.123177
[00:10:37] [worker #7] Bootstrap tree #360, logLikelihood: -223987.811584
[00:10:47] [worker #8] Bootstrap tree #361, logLikelihood: -223406.873930
[00:10:47] [worker #4] Bootstrap tree #373, logLikelihood: -222712.019921
[00:10:48] [worker #10] Bootstrap tree #363, logLikelihood: -223169.703508
[00:10:48] [worker #1] Bootstrap tree #370, logLikelihood: -221949.368619
[00:10:48] [worker #12] Bootstrap tree #381, logLikelihood: -223963.525013
[00:10:49] [worker #9] Bootstrap tree #378, logLikelihood: -222469.878881
[00:10:50] [worker #6] Bootstrap tree #375, logLikelihood: -223611.719847
[00:10:50] [worker #13] Bootstrap tree #382, logLikelihood: -223410.151128
[00:10:50] [worker #11] Bootstrap tree #380, logLikelihood: -223336.181103
[00:10:51] [worker #5] Bootstrap tree #374, logLikelihood: -222681.754582
[00:10:51] [worker #2] Bootstrap tree #371, logLikelihood: -223497.872861
[00:10:52] [worker #3] Bootstrap tree #372, logLikelihood: -222869.557890
[00:10:53] [worker #14] Bootstrap tree #367, logLikelihood: -223984.130717
[00:10:54] [worker #0] Bootstrap tree #369, logLikelihood: -223244.608069
[00:10:57] [worker #7] Bootstrap tree #376, logLikelihood: -222115.426184
[00:11:01] [worker #15] Bootstrap tree #368, logLikelihood: -223570.789974
[00:11:01] [worker #4] Bootstrap tree #389, logLikelihood: -222485.062598
[00:11:03] [worker #6] Bootstrap tree #391, logLikelihood: -222729.266484
[00:11:05] [worker #1] Bootstrap tree #386, logLikelihood: -223491.568105
[00:11:05] [worker #3] Bootstrap tree #388, logLikelihood: -222560.837721
[00:11:05] [worker #11] Bootstrap tree #396, logLikelihood: -223907.407900
[00:11:07] [worker #13] Bootstrap tree #398, logLikelihood: -222231.828221
[00:11:07] [worker #5] Bootstrap tree #390, logLikelihood: -222916.502699
[00:11:07] [worker #10] Bootstrap tree #379, logLikelihood: -223684.947983
[00:11:09] [worker #14] Bootstrap tree #383, logLikelihood: -222823.108603
[00:11:10] [worker #0] Bootstrap tree #385, logLikelihood: -223401.255767
[00:11:11] [worker #9] Bootstrap tree #394, logLikelihood: -223994.795716
[00:11:12] [worker #12] Bootstrap tree #397, logLikelihood: -222656.853213
[00:11:14] [worker #15] Bootstrap tree #384, logLikelihood: -222136.411945
[00:11:14] [worker #2] Bootstrap tree #387, logLikelihood: -222477.610857
[00:11:14] [worker #7] Bootstrap tree #392, logLikelihood: -223319.568127
[00:11:28] [worker #8] Bootstrap tree #377, logLikelihood: -223063.384002
[00:11:28] [worker #10] Bootstrap tree #395, logLikelihood: -223097.568873
[00:11:29] [worker #15] Bootstrap tree #400, logLikelihood: -222807.530419
[00:11:36] [worker #14] Bootstrap tree #399, logLikelihood: -223909.061486
[00:11:40] [worker #8] Bootstrap tree #393, logLikelihood: -223558.935297
[00:12:03] [worker #15] Bootstrap tree #416, logLikelihood: -222348.954565
[00:12:03] [worker #3] Bootstrap tree #404, logLikelihood: -222628.894169
[00:12:04] [worker #12] Bootstrap tree #413, logLikelihood: -223396.827412
[00:12:05] [worker #11] Bootstrap tree #412, logLikelihood: -222796.149154
[00:12:06] [worker #2] Bootstrap tree #403, logLikelihood: -222608.831548
[00:12:06] [worker #6] Bootstrap tree #407, logLikelihood: -222386.612316
[00:12:06] [worker #10] Bootstrap tree #411, logLikelihood: -223147.966662
[00:12:06] [worker #13] Bootstrap tree #414, logLikelihood: -223626.386406
[00:12:07] [worker #9] Bootstrap tree #410, logLikelihood: -223502.216991
[00:12:07] [worker #0] Bootstrap tree #401, logLikelihood: -222740.715652
[00:12:07] [worker #8] Bootstrap tree #409, logLikelihood: -223346.062237
[00:12:12] [worker #7] Bootstrap tree #408, logLikelihood: -223629.217285
[00:12:14] [worker #4] Bootstrap tree #405, logLikelihood: -222367.760918
[00:12:15] [worker #5] Bootstrap tree #406, logLikelihood: -224073.206754
[00:12:15] [worker #1] Bootstrap tree #402, logLikelihood: -222915.898482
[00:12:15] [worker #14] Bootstrap tree #415, logLikelihood: -223246.244452
[00:12:17] [worker #15] Bootstrap tree #432, logLikelihood: -222914.708720
[00:12:19] [worker #12] Bootstrap tree #429, logLikelihood: -222694.346070
[00:12:19] [worker #11] Bootstrap tree #428, logLikelihood: -222197.140952
[00:12:20] [worker #3] Bootstrap tree #420, logLikelihood: -223384.560132
[00:12:21] [worker #6] Bootstrap tree #423, logLikelihood: -222727.666256
[00:12:22] [worker #0] Bootstrap tree #417, logLikelihood: -223388.591773
[00:12:23] [worker #10] Bootstrap tree #427, logLikelihood: -222651.474610
[00:12:23] [worker #8] Bootstrap tree #425, logLikelihood: -222958.850826
[00:12:24] [worker #9] Bootstrap tree #426, logLikelihood: -222181.305403
[00:12:27] [worker #7] Bootstrap tree #424, logLikelihood: -223113.117919
[00:12:28] [worker #4] Bootstrap tree #421, logLikelihood: -222998.112970
[00:12:29] [worker #2] Bootstrap tree #419, logLikelihood: -222261.416860
[00:12:29] [worker #15] Bootstrap tree #448, logLikelihood: -222819.839790
[00:12:30] [worker #13] Bootstrap tree #430, logLikelihood: -222767.635071
[00:12:30] [worker #1] Bootstrap tree #418, logLikelihood: -222864.410852
[00:12:33] [worker #11] Bootstrap tree #444, logLikelihood: -223181.848481
[00:12:34] [worker #3] Bootstrap tree #436, logLikelihood: -222915.493621
[00:12:34] [worker #5] Bootstrap tree #422, logLikelihood: -222555.616808
[00:12:34] [worker #12] Bootstrap tree #445, logLikelihood: -224453.998593
[00:12:36] [worker #14] Bootstrap tree #431, logLikelihood: -222042.150560
[00:12:37] [worker #0] Bootstrap tree #433, logLikelihood: -222712.816005
[00:12:39] [worker #8] Bootstrap tree #441, logLikelihood: -223075.695440
[00:12:40] [worker #9] Bootstrap tree #442, logLikelihood: -222753.988111
[00:12:43] [worker #10] Bootstrap tree #443, logLikelihood: -222764.129772
[00:12:45] [worker #4] Bootstrap tree #437, logLikelihood: -221830.360056
[00:12:45] [worker #13] Bootstrap tree #446, logLikelihood: -223540.200121
[00:12:46] [worker #7] Bootstrap tree #440, logLikelihood: -223155.154862
[00:12:46] [worker #2] Bootstrap tree #435, logLikelihood: -223546.235035
[00:12:46] [worker #1] Bootstrap tree #434, logLikelihood: -222657.383944
[00:12:46] [worker #6] Bootstrap tree #439, logLikelihood: -222488.944160
[00:12:49] [worker #14] Bootstrap tree #447, logLikelihood: -221841.146881
[00:12:52] [worker #0] Bootstrap tree #449, logLikelihood: -222415.925384
[00:13:00] [worker #5] Bootstrap tree #438, logLikelihood: -222881.627082
[00:13:07] [worker #1] Bootstrap tree #450, logLikelihood: -222656.747682
[00:13:31] [worker #9] Bootstrap tree #458, logLikelihood: -223817.348516
[00:13:31] [worker #12] Bootstrap tree #461, logLikelihood: -223041.154645
[00:13:32] [worker #6] Bootstrap tree #455, logLikelihood: -223240.331656
[00:13:33] [worker #8] Bootstrap tree #457, logLikelihood: -223019.715702
[00:13:34] [worker #10] Bootstrap tree #459, logLikelihood: -223377.392695
[00:13:34] [worker #4] Bootstrap tree #453, logLikelihood: -222295.477179
[00:13:34] [worker #1] Bootstrap tree #466, logLikelihood: -224291.533707
[00:13:35] [worker #2] Bootstrap tree #451, logLikelihood: -223427.451019
[00:13:35] [worker #7] Bootstrap tree #456, logLikelihood: -223487.640118
[00:13:35] [worker #5] Bootstrap tree #454, logLikelihood: -223354.740299
[00:13:37] [worker #3] Bootstrap tree #452, logLikelihood: -223053.910994
[00:13:38] [worker #14] Bootstrap tree #463, logLikelihood: -223273.164360
[00:13:38] [worker #11] Bootstrap tree #460, logLikelihood: -222481.381507
[00:13:38] [worker #13] Bootstrap tree #462, logLikelihood: -223925.587358
[00:13:42] [worker #0] Bootstrap tree #465, logLikelihood: -225104.921395
[00:13:42] [worker #15] Bootstrap tree #464, logLikelihood: -224520.640378
[00:13:44] [worker #6] Bootstrap tree #471, logLikelihood: -222651.192147
[00:13:47] [worker #8] Bootstrap tree #473, logLikelihood: -222375.895163
[00:13:48] [worker #9] Bootstrap tree #474, logLikelihood: -223319.006297
[00:13:48] [worker #2] Bootstrap tree #467, logLikelihood: -222390.769189
[00:13:49] [worker #12] Bootstrap tree #477, logLikelihood: -223058.733054
[00:13:49] [worker #4] Bootstrap tree #469, logLikelihood: -223462.757997
[00:13:49] [worker #1] Bootstrap tree #482, logLikelihood: -223007.345975
[00:13:50] [worker #10] Bootstrap tree #475, logLikelihood: -223334.567911
[00:13:51] [worker #5] Bootstrap tree #470, logLikelihood: -222986.199892
[00:13:52] [worker #7] Bootstrap tree #472, logLikelihood: -223199.426235
[00:13:53] [worker #13] Bootstrap tree #478, logLikelihood: -223131.237868
[00:13:53] [worker #14] Bootstrap tree #479, logLikelihood: -223697.012202
[00:13:53] [worker #11] Bootstrap tree #476, logLikelihood: -222620.568606
[00:13:59] [worker #0] Bootstrap tree #481, logLikelihood: -223315.694834
[00:13:59] [worker #15] Bootstrap tree #480, logLikelihood: -223197.873322
[00:13:59] [worker #6] Bootstrap tree #487, logLikelihood: -222357.754278
[00:14:02] [worker #2] Bootstrap tree #483, logLikelihood: -222874.897415
[00:14:02] [worker #3] Bootstrap tree #468, logLikelihood: -224286.322938
[00:14:02] [worker #8] Bootstrap tree #489, logLikelihood: -224443.514495
[00:14:03] [worker #12] Bootstrap tree #493, logLikelihood: -223107.271370
[00:14:06] [worker #11] Bootstrap tree #492, logLikelihood: -223549.385100
[00:14:06] [worker #1] Bootstrap tree #498, logLikelihood: -223779.990563
[00:14:07] [worker #7] Bootstrap tree #488, logLikelihood: -222478.892404
[00:14:07] [worker #14] Bootstrap tree #495, logLikelihood: -223580.551271
[00:14:07] [worker #5] Bootstrap tree #486, logLikelihood: -223389.519620
[00:14:08] [worker #4] Bootstrap tree #485, logLikelihood: -223435.117305
[00:14:08] [worker #10] Bootstrap tree #491, logLikelihood: -222478.534911
[00:14:09] [worker #13] Bootstrap tree #494, logLikelihood: -222425.720828
[00:14:11] [worker #9] Bootstrap tree #490, logLikelihood: -223295.772207
[00:14:13] [worker #2] Bootstrap tree #499, logLikelihood: -223986.037159
[00:14:13] [worker #0] Bootstrap tree #497, logLikelihood: -222128.533561
[00:14:15] [worker #15] Bootstrap tree #496, logLikelihood: -222550.551337
[00:14:27] [worker #3] Bootstrap tree #484, logLikelihood: -223650.060557
[00:14:51] [worker #3] Bootstrap tree #500, logLikelihood: -221936.635994
[00:15:17] [worker #9] Bootstrap tree #506, logLikelihood: -223377.827090
[00:15:18] [worker #13] Bootstrap tree #510, logLikelihood: -223897.872618
[00:15:18] [worker #14] Bootstrap tree #511, logLikelihood: -223340.603954
[00:15:18] [worker #10] Bootstrap tree #507, logLikelihood: -222284.986169
[00:15:18] [worker #8] Bootstrap tree #505, logLikelihood: -223388.983350
[00:15:19] [worker #6] Bootstrap tree #503, logLikelihood: -221909.737786
[00:15:19] [worker #5] Bootstrap tree #502, logLikelihood: -222486.292232
[00:15:20] [worker #4] Bootstrap tree #501, logLikelihood: -223008.397591
[00:15:20] [worker #12] Bootstrap tree #509, logLikelihood: -222104.473668
[00:15:21] [worker #2] Bootstrap tree #515, logLikelihood: -222298.808899
[00:15:21] [worker #1] Bootstrap tree #514, logLikelihood: -222865.087730
[00:15:21] [worker #11] Bootstrap tree #508, logLikelihood: -221968.234605
[00:15:23] [worker #0] Bootstrap tree #513, logLikelihood: -222473.649826
[00:15:24] [worker #7] Bootstrap tree #504, logLikelihood: -223270.008646
[00:15:27] [worker #15] Bootstrap tree #512, logLikelihood: -223086.178736
[00:15:29] [worker #3] Bootstrap tree #516, logLikelihood: -223857.594201
[00:15:33] [worker #9] Bootstrap tree #522, logLikelihood: -222702.710998
[00:15:34] [worker #10] Bootstrap tree #523, logLikelihood: -223420.043652
[00:15:34] [worker #5] Bootstrap tree #518, logLikelihood: -222608.384945
[00:15:35] [worker #14] Bootstrap tree #527, logLikelihood: -222629.837138
[00:15:35] [worker #8] Bootstrap tree #521, logLikelihood: -222275.799387
[00:15:35] [worker #12] Bootstrap tree #525, logLikelihood: -221980.180978
[00:15:35] [worker #13] Bootstrap tree #526, logLikelihood: -223582.982576
[00:15:36] [worker #4] Bootstrap tree #517, logLikelihood: -223001.839962
[00:15:36] [worker #1] Bootstrap tree #530, logLikelihood: -223476.737769
[00:15:37] [worker #11] Bootstrap tree #524, logLikelihood: -223368.658537
[00:15:37] [worker #6] Bootstrap tree #519, logLikelihood: -223058.551617
[00:15:38] [worker #2] Bootstrap tree #531, logLikelihood: -222965.267586
[00:15:41] [worker #0] Bootstrap tree #529, logLikelihood: -223129.829682
[00:15:41] [worker #15] Bootstrap tree #528, logLikelihood: -222528.970829
[00:15:45] [worker #3] Bootstrap tree #532, logLikelihood: -223309.648933
[00:15:46] [worker #7] Bootstrap tree #520, logLikelihood: -223721.169162
[00:15:48] [worker #8] Bootstrap tree #537, logLikelihood: -223055.320528
[00:15:50] [worker #13] Bootstrap tree #542, logLikelihood: -223514.069047
[00:15:50] [worker #4] Bootstrap tree #533, logLikelihood: -221807.492611
[00:15:50] [worker #12] Bootstrap tree #541, logLikelihood: -222781.670407
[00:15:50] [worker #10] Bootstrap tree #539, logLikelihood: -222313.407071
[00:15:51] [worker #5] Bootstrap tree #534, logLikelihood: -223159.351717
[00:15:51] [worker #14] Bootstrap tree #543, logLikelihood: -222855.209727
[00:15:53] [worker #2] Bootstrap tree #547, logLikelihood: -222747.635804
[00:15:54] [worker #11] Bootstrap tree #540, logLikelihood: -221978.137877
[00:15:56] [worker #15] Bootstrap tree #544, logLikelihood: -222216.826793
[00:15:57] [worker #6] Bootstrap tree #535, logLikelihood: -222465.191757
[00:15:57] [worker #0] Bootstrap tree #545, logLikelihood: -222652.647847
[00:15:58] [worker #9] Bootstrap tree #538, logLikelihood: -222884.511416
[00:16:01] [worker #1] Bootstrap tree #546, logLikelihood: -223000.851052
[00:16:01] [worker #3] Bootstrap tree #548, logLikelihood: -223889.929895
[00:16:05] [worker #7] Bootstrap tree #536, logLikelihood: -221719.116979
[00:16:07] [worker #4] Bootstrap tree #549, logLikelihood: -223578.906876
[00:16:07] [worker #5] Bootstrap tree #550, logLikelihood: -223051.535964
[00:16:39] [worker #2] Bootstrap tree #563, logLikelihood: -222501.285458
[00:16:39] [worker #10] Bootstrap tree #555, logLikelihood: -222905.243786
[00:16:40] [worker #5] Bootstrap tree #566, logLikelihood: -223400.484522
[00:16:40] [worker #1] Bootstrap tree #562, logLikelihood: -222256.706084
[00:16:41] [worker #6] Bootstrap tree #551, logLikelihood: -222384.436942
[00:16:42] [worker #15] Bootstrap tree #560, logLikelihood: -222784.461121
[00:16:42] [worker #9] Bootstrap tree #554, logLikelihood: -223103.523520
[00:16:43] [worker #11] Bootstrap tree #556, logLikelihood: -223427.993840
[00:16:43] [worker #14] Bootstrap tree #559, logLikelihood: -222673.043561
[00:16:43] [worker #13] Bootstrap tree #558, logLikelihood: -222715.310822
[00:16:43] [worker #3] Bootstrap tree #564, logLikelihood: -222642.017961
[00:16:44] [worker #12] Bootstrap tree #557, logLikelihood: -223566.831913
[00:16:46] [worker #8] Bootstrap tree #553, logLikelihood: -224128.245975
[00:16:46] [worker #4] Bootstrap tree #565, logLikelihood: -222992.497359
[00:16:47] [worker #7] Bootstrap tree #552, logLikelihood: -221854.263063
[00:16:49] [worker #0] Bootstrap tree #561, logLikelihood: -223891.499075
[00:16:56] [worker #6] Bootstrap tree #567, logLikelihood: -223221.492293
[00:16:57] [worker #3] Bootstrap tree #580, logLikelihood: -223622.840387
[00:16:59] [worker #5] Bootstrap tree #582, logLikelihood: -223542.147888
[00:17:00] [worker #10] Bootstrap tree #571, logLikelihood: -222466.908608
[00:17:01] [worker #14] Bootstrap tree #575, logLikelihood: -223617.727495
[00:17:03] [worker #11] Bootstrap tree #572, logLikelihood: -223294.120822
[00:17:03] [worker #12] Bootstrap tree #573, logLikelihood: -223592.431385
[00:17:04] [worker #9] Bootstrap tree #570, logLikelihood: -223003.782460
[00:17:04] [worker #2] Bootstrap tree #579, logLikelihood: -222416.927482
[00:17:04] [worker #15] Bootstrap tree #576, logLikelihood: -222687.427768
[00:17:05] [worker #4] Bootstrap tree #581, logLikelihood: -223485.665145
[00:17:06] [worker #0] Bootstrap tree #577, logLikelihood: -223262.369964
[00:17:06] [worker #7] Bootstrap tree #568, logLikelihood: -222189.653849
[00:17:07] [worker #8] Bootstrap tree #569, logLikelihood: -222523.053849
[00:17:08] [worker #1] Bootstrap tree #578, logLikelihood: -222875.464672
[00:17:09] [worker #13] Bootstrap tree #574, logLikelihood: -221864.800704
[00:17:12] [worker #5] Bootstrap tree #598, logLikelihood: -223486.568301
[00:17:13] [worker #6] Bootstrap tree #583, logLikelihood: -222103.886760
[00:17:20] [worker #3] Bootstrap tree #596, logLikelihood: -223000.207586
[00:17:21] [worker #12] Bootstrap tree #589, logLikelihood: -222678.238669
[00:17:21] [worker #14] Bootstrap tree #591, logLikelihood: -222654.742446
[00:17:22] [worker #11] Bootstrap tree #588, logLikelihood: -223563.770488
[00:17:23] [worker #7] Bootstrap tree #584, logLikelihood: -223032.114426
[00:17:23] [worker #9] Bootstrap tree #586, logLikelihood: -225010.603130
[00:17:23] [worker #15] Bootstrap tree #592, logLikelihood: -223768.454814
[00:17:24] [worker #2] Bootstrap tree #595, logLikelihood: -223511.398622
[00:17:24] [worker #13] Bootstrap tree #590, logLikelihood: -222708.484060
[00:17:25] [worker #0] Bootstrap tree #593, logLikelihood: -224798.249829
[00:17:27] [worker #10] Bootstrap tree #587, logLikelihood: -223134.832561
[00:17:28] [worker #1] Bootstrap tree #594, logLikelihood: -223371.556015
[00:17:28] [worker #8] Bootstrap tree #585, logLikelihood: -223739.439197
[00:17:28] [worker #4] Bootstrap tree #597, logLikelihood: -223383.922103
[00:17:30] [worker #6] Bootstrap tree #599, logLikelihood: -223142.063130
[00:17:39] [worker #7] Bootstrap tree #600, logLikelihood: -223534.940918
[00:18:15] [worker #0] Bootstrap tree #609, logLikelihood: -221912.267409
[00:18:15] [worker #3] Bootstrap tree #612, logLikelihood: -223228.996148
[00:18:16] [worker #1] Bootstrap tree #610, logLikelihood: -222328.248073
[00:18:18] [worker #10] Bootstrap tree #603, logLikelihood: -222692.732835
[00:18:18] [worker #9] Bootstrap tree #602, logLikelihood: -223718.145591
[00:18:19] [worker #15] Bootstrap tree #608, logLikelihood: -224169.958814
[00:18:20] [worker #8] Bootstrap tree #601, logLikelihood: -223070.321787
[00:18:20] [worker #5] Bootstrap tree #614, logLikelihood: -223424.384406
[00:18:20] [worker #4] Bootstrap tree #613, logLikelihood: -222727.781403
[00:18:21] [worker #13] Bootstrap tree #606, logLikelihood: -223790.041553
[00:18:21] [worker #7] Bootstrap tree #616, logLikelihood: -222616.684257
[00:18:21] [worker #11] Bootstrap tree #604, logLikelihood: -223203.693067
[00:18:21] [worker #6] Bootstrap tree #615, logLikelihood: -223694.427637
[00:18:22] [worker #2] Bootstrap tree #611, logLikelihood: -223921.846127
[00:18:27] [worker #14] Bootstrap tree #607, logLikelihood: -223638.340851
[00:18:31] [worker #3] Bootstrap tree #628, logLikelihood: -222785.447929
[00:18:33] [worker #12] Bootstrap tree #605, logLikelihood: -223541.749226
[00:18:33] [worker #10] Bootstrap tree #619, logLikelihood: -222835.559255
[00:18:35] [worker #15] Bootstrap tree #624, logLikelihood: -223780.735478
[00:18:35] [worker #1] Bootstrap tree #626, logLikelihood: -223450.666725
[00:18:36] [worker #6] Bootstrap tree #631, logLikelihood: -224135.557286
[00:18:37] [worker #5] Bootstrap tree #630, logLikelihood: -223302.595453
[00:18:37] [worker #0] Bootstrap tree #625, logLikelihood: -222188.485534
[00:18:38] [worker #9] Bootstrap tree #618, logLikelihood: -222803.115520
[00:18:38] [worker #11] Bootstrap tree #620, logLikelihood: -222145.666953
[00:18:39] [worker #2] Bootstrap tree #627, logLikelihood: -222332.703734
[00:18:40] [worker #8] Bootstrap tree #617, logLikelihood: -222794.581624
[00:18:41] [worker #7] Bootstrap tree #632, logLikelihood: -222785.846096
[00:18:43] [worker #13] Bootstrap tree #622, logLikelihood: -222541.929660
[00:18:48] [worker #14] Bootstrap tree #623, logLikelihood: -223674.911383
[00:18:49] [worker #12] Bootstrap tree #621, logLikelihood: -223099.177040
[00:18:50] [worker #4] Bootstrap tree #629, logLikelihood: -224360.595198
[00:18:50] [worker #10] Bootstrap tree #635, logLikelihood: -222413.548167
[00:18:54] [worker #5] Bootstrap tree #646, logLikelihood: -222697.387606
[00:18:54] [worker #6] Bootstrap tree #647, logLikelihood: -222642.355294
[00:18:55] [worker #1] Bootstrap tree #642, logLikelihood: -222485.370618
[00:18:56] [worker #2] Bootstrap tree #643, logLikelihood: -222059.224637
[00:18:56] [worker #0] Bootstrap tree #641, logLikelihood: -222800.800078
[00:18:57] [worker #9] Bootstrap tree #634, logLikelihood: -223169.587196
[00:18:58] [worker #15] Bootstrap tree #640, logLikelihood: -224124.603243
[00:19:00] [worker #3] Bootstrap tree #644, logLikelihood: -223522.329026
[00:19:00] [worker #13] Bootstrap tree #638, logLikelihood: -222804.381980
[00:19:01] [worker #8] Bootstrap tree #633, logLikelihood: -223375.280205
[00:19:06] [worker #7] Bootstrap tree #648, logLikelihood: -222783.228838
[00:19:06] [worker #14] Bootstrap tree #639, logLikelihood: -223344.954432
[00:19:06] [worker #4] Bootstrap tree #645, logLikelihood: -223125.063251
[00:19:10] [worker #12] Bootstrap tree #637, logLikelihood: -222452.453721
[00:19:13] [worker #11] Bootstrap tree #636, logLikelihood: -223734.006214
[00:19:16] [worker #8] Bootstrap tree #649, logLikelihood: -222609.764877
[00:19:16] [worker #9] Bootstrap tree #650, logLikelihood: -222710.794546
[00:19:57] [worker #6] Bootstrap tree #663, logLikelihood: -223413.357065
[00:19:58] [worker #4] Bootstrap tree #661, logLikelihood: -222700.790409
[00:19:58] [worker #2] Bootstrap tree #659, logLikelihood: -222851.724762
[00:20:00] [worker #15] Bootstrap tree #656, logLikelihood: -221671.326027
[00:20:00] [worker #9] Bootstrap tree #666, logLikelihood: -223733.711128
[00:20:00] [worker #11] Bootstrap tree #652, logLikelihood: -223463.720126
[00:20:00] [worker #14] Bootstrap tree #655, logLikelihood: -223197.691978
[00:20:01] [worker #8] Bootstrap tree #665, logLikelihood: -222510.775508
[00:20:01] [worker #5] Bootstrap tree #662, logLikelihood: -223090.453857
[00:20:03] [worker #3] Bootstrap tree #660, logLikelihood: -223871.961902
[00:20:04] [worker #10] Bootstrap tree #651, logLikelihood: -222905.495566
[00:20:04] [worker #1] Bootstrap tree #658, logLikelihood: -222772.981096
[00:20:04] [worker #0] Bootstrap tree #657, logLikelihood: -223708.167097
[00:20:05] [worker #7] Bootstrap tree #664, logLikelihood: -222831.407855
[00:20:06] [worker #12] Bootstrap tree #653, logLikelihood: -222623.817017
[00:20:16] [worker #13] Bootstrap tree #654, logLikelihood: -222818.184023
[00:20:17] [worker #9] Bootstrap tree #682, logLikelihood: -223912.090989
[00:20:17] [worker #4] Bootstrap tree #677, logLikelihood: -224247.119094
[00:20:18] [worker #1] Bootstrap tree #674, logLikelihood: -222139.540946
[00:20:21] [worker #2] Bootstrap tree #675, logLikelihood: -222567.428221
[00:20:21] [worker #6] Bootstrap tree #679, logLikelihood: -223051.409682
[00:20:21] [worker #5] Bootstrap tree #678, logLikelihood: -222076.847755
[00:20:22] [worker #8] Bootstrap tree #681, logLikelihood: -222792.846852
[00:20:22] [worker #7] Bootstrap tree #680, logLikelihood: -223214.924986
[00:20:25] [worker #12] Bootstrap tree #669, logLikelihood: -222962.050940
[00:20:26] [worker #15] Bootstrap tree #672, logLikelihood: -224015.255235
[00:20:27] [worker #14] Bootstrap tree #671, logLikelihood: -223488.957965
[00:20:27] [worker #10] Bootstrap tree #667, logLikelihood: -223318.963653
[00:20:29] [worker #0] Bootstrap tree #673, logLikelihood: -224437.723800
[00:20:32] [worker #3] Bootstrap tree #676, logLikelihood: -222701.851045
[00:20:35] [worker #4] Bootstrap tree #693, logLikelihood: -222992.768519
[00:20:38] [worker #1] Bootstrap tree #690, logLikelihood: -222961.580945
[00:20:39] [worker #13] Bootstrap tree #670, logLikelihood: -221892.605734
[00:20:39] [worker #6] Bootstrap tree #695, logLikelihood: -222049.197405
[00:20:40] [worker #5] Bootstrap tree #694, logLikelihood: -223774.698605
[00:20:41] [worker #11] Bootstrap tree #668, logLikelihood: -222000.996191
[00:20:42] [worker #7] Bootstrap tree #696, logLikelihood: -223056.907450
[00:20:42] [worker #9] Bootstrap tree #698, logLikelihood: -223459.705965
[00:20:46] [worker #2] Bootstrap tree #691, logLikelihood: -224103.025571
[00:20:47] [worker #8] Bootstrap tree #697, logLikelihood: -224606.731065
[00:20:48] [worker #14] Bootstrap tree #687, logLikelihood: -223438.063876
[00:20:48] [worker #12] Bootstrap tree #685, logLikelihood: -222181.577762
[00:20:50] [worker #10] Bootstrap tree #683, logLikelihood: -222670.452675
[00:20:54] [worker #3] Bootstrap tree #692, logLikelihood: -222375.688907
[00:20:58] [worker #15] Bootstrap tree #688, logLikelihood: -223854.142595
[00:20:59] [worker #0] Bootstrap tree #689, logLikelihood: -221913.776369
[00:21:02] [worker #13] Bootstrap tree #686, logLikelihood: -221267.832992
[00:21:04] [worker #11] Bootstrap tree #684, logLikelihood: -222923.305563
[00:21:12] [worker #10] Bootstrap tree #699, logLikelihood: -222465.074000
[00:21:22] [worker #11] Bootstrap tree #700, logLikelihood: -221929.484661
[00:22:03] [worker #12] Bootstrap tree #701, logLikelihood: -222750.037161
[00:22:06] [worker #4] Bootstrap tree #709, logLikelihood: -224490.102569
[00:22:07] [worker #1] Bootstrap tree #706, logLikelihood: -224254.861254
[00:22:07] [worker #2] Bootstrap tree #707, logLikelihood: -222587.669646
[00:22:09] [worker #7] Bootstrap tree #712, logLikelihood: -223410.889806
[00:22:09] [worker #6] Bootstrap tree #711, logLikelihood: -222526.447962
[00:22:10] [worker #11] Bootstrap tree #716, logLikelihood: -222150.176050
[00:22:11] [worker #0] Bootstrap tree #705, logLikelihood: -223377.963186
[00:22:11] [worker #8] Bootstrap tree #713, logLikelihood: -222296.086160
[00:22:12] [worker #3] Bootstrap tree #708, logLikelihood: -223414.758883
[00:22:13] [worker #13] Bootstrap tree #702, logLikelihood: -221905.526745
[00:22:13] [worker #10] Bootstrap tree #715, logLikelihood: -223289.885555
[00:22:13] [worker #5] Bootstrap tree #710, logLikelihood: -222923.097037
[00:22:13] [worker #9] Bootstrap tree #714, logLikelihood: -223316.035830
[00:22:14] [worker #14] Bootstrap tree #703, logLikelihood: -223299.571946
[00:22:15] [worker #15] Bootstrap tree #704, logLikelihood: -222690.265398
[00:22:24] [worker #12] Bootstrap tree #717, logLikelihood: -222496.132874
[00:22:26] [worker #7] Bootstrap tree #728, logLikelihood: -221648.634189
[00:22:29] [worker #1] Bootstrap tree #722, logLikelihood: -222942.512501
[00:22:29] [worker #4] Bootstrap tree #725, logLikelihood: -224205.834047
[00:22:30] [worker #6] Bootstrap tree #727, logLikelihood: -223529.092416
[00:22:30] [worker #0] Bootstrap tree #721, logLikelihood: -222368.123929
[00:22:30] [worker #8] Bootstrap tree #729, logLikelihood: -223384.588009
[00:22:31] [worker #3] Bootstrap tree #724, logLikelihood: -222497.803662
[00:22:32] [worker #13] Bootstrap tree #718, logLikelihood: -222798.652239
[00:22:34] [worker #10] Bootstrap tree #731, logLikelihood: -222841.003475
[00:22:35] [worker #11] Bootstrap tree #732, logLikelihood: -222137.168881
[00:22:35] [worker #2] Bootstrap tree #723, logLikelihood: -222577.139614
[00:22:36] [worker #14] Bootstrap tree #719, logLikelihood: -223924.008768
[00:22:37] [worker #5] Bootstrap tree #726, logLikelihood: -223631.689622
[00:22:37] [worker #9] Bootstrap tree #730, logLikelihood: -222848.908470
[00:22:39] [worker #15] Bootstrap tree #720, logLikelihood: -223149.179813
[00:22:47] [worker #7] Bootstrap tree #744, logLikelihood: -222311.649491
[00:22:48] [worker #12] Bootstrap tree #733, logLikelihood: -222692.521489
[00:22:49] [worker #8] Bootstrap tree #745, logLikelihood: -222844.378658
[00:22:51] [worker #6] Bootstrap tree #743, logLikelihood: -222760.156358
[00:22:51] [worker #4] Bootstrap tree #741, logLikelihood: -223350.660352
[00:22:54] [worker #10] Bootstrap tree #747, logLikelihood: -222523.118991
[00:22:54] [worker #2] Bootstrap tree #739, logLikelihood: -222866.652105
[00:22:55] [worker #0] Bootstrap tree #737, logLikelihood: -223568.794309
[00:22:55] [worker #3] Bootstrap tree #740, logLikelihood: -221547.373512
[00:22:56] [worker #13] Bootstrap tree #734, logLikelihood: -222894.238414
[00:22:57] [worker #5] Bootstrap tree #742, logLikelihood: -221162.952608
[00:22:59] [worker #11] Bootstrap tree #748, logLikelihood: -222522.894379
[00:23:00] [worker #9] Bootstrap tree #746, logLikelihood: -222924.025822
[00:23:01] [worker #1] Bootstrap tree #738, logLikelihood: -223133.338827
[00:23:09] [worker #12] Bootstrap tree #749, logLikelihood: -221931.517109
[00:23:09] [worker #14] Bootstrap tree #735, logLikelihood: -223236.650264
[00:23:10] [worker #15] Bootstrap tree #736, logLikelihood: -222747.363743
[00:23:18] [worker #13] Bootstrap tree #750, logLikelihood: -222145.685123
[00:24:08] [worker #12] Bootstrap tree #765, logLikelihood: -223205.541495
[00:24:08] [worker #5] Bootstrap tree #758, logLikelihood: -223620.745822
[00:24:08] [worker #13] Bootstrap tree #766, logLikelihood: -222985.925490
[00:24:08] [worker #15] Bootstrap tree #752, logLikelihood: -223473.117542
[00:24:10] [worker #14] Bootstrap tree #751, logLikelihood: -223119.937627
[00:24:11] [worker #2] Bootstrap tree #755, logLikelihood: -222165.864327
[00:24:11] [worker #7] Bootstrap tree #760, logLikelihood: -222750.505731
[00:24:11] [worker #3] Bootstrap tree #756, logLikelihood: -223632.712165
[00:24:12] [worker #0] Bootstrap tree #753, logLikelihood: -224027.784277
[00:24:12] [worker #10] Bootstrap tree #763, logLikelihood: -222453.889743
[00:24:12] [worker #9] Bootstrap tree #762, logLikelihood: -223847.906490
[00:24:14] [worker #1] Bootstrap tree #754, logLikelihood: -223654.298850
[00:24:18] [worker #6] Bootstrap tree #759, logLikelihood: -223477.034979
[00:24:19] [worker #4] Bootstrap tree #757, logLikelihood: -222146.715085
[00:24:21] [worker #11] Bootstrap tree #764, logLikelihood: -222712.630045
[00:24:24] [worker #8] Bootstrap tree #761, logLikelihood: -222000.999791
[00:24:26] [worker #12] Bootstrap tree #781, logLikelihood: -223071.833641
[00:24:29] [worker #13] Bootstrap tree #782, logLikelihood: -222985.370747
[00:24:30] [worker #3] Bootstrap tree #772, logLikelihood: -223107.771619
[00:24:31] [worker #15] Bootstrap tree #768, logLikelihood: -223603.629751
[00:24:33] [worker #14] Bootstrap tree #767, logLikelihood: -223459.589478
[00:24:33] [worker #0] Bootstrap tree #769, logLikelihood: -223479.968223
[00:24:34] [worker #2] Bootstrap tree #771, logLikelihood: -224264.279890
[00:24:35] [worker #5] Bootstrap tree #774, logLikelihood: -224517.464703
[00:24:35] [worker #7] Bootstrap tree #776, logLikelihood: -222379.902252
[00:24:36] [worker #1] Bootstrap tree #770, logLikelihood: -222478.556441
[00:24:39] [worker #10] Bootstrap tree #779, logLikelihood: -223126.711098
[00:24:40] [worker #9] Bootstrap tree #778, logLikelihood: -223978.638792
[00:24:43] [worker #6] Bootstrap tree #775, logLikelihood: -222579.382912
[00:24:45] [worker #4] Bootstrap tree #773, logLikelihood: -222412.398110
[00:24:47] [worker #11] Bootstrap tree #780, logLikelihood: -223881.906287
[00:24:48] [worker #13] Bootstrap tree #798, logLikelihood: -223107.242348
[00:24:48] [worker #12] Bootstrap tree #797, logLikelihood: -223666.023721
[00:24:48] [worker #8] Bootstrap tree #777, logLikelihood: -224660.485511
[00:24:52] [worker #3] Bootstrap tree #788, logLikelihood: -223572.702741
[00:24:52] [worker #15] Bootstrap tree #784, logLikelihood: -223847.319632
[00:24:57] [worker #7] Bootstrap tree #792, logLikelihood: -223271.570745
[00:24:57] [worker #14] Bootstrap tree #783, logLikelihood: -221988.816915
[00:24:57] [worker #5] Bootstrap tree #790, logLikelihood: -223003.552534
[00:24:57] [worker #2] Bootstrap tree #787, logLikelihood: -222726.114653
[00:24:58] [worker #0] Bootstrap tree #785, logLikelihood: -223013.578850
[00:25:03] [worker #9] Bootstrap tree #794, logLikelihood: -223927.404186
[00:25:03] [worker #1] Bootstrap tree #786, logLikelihood: -224171.022613
[00:25:04] [worker #10] Bootstrap tree #795, logLikelihood: -221730.232760
[00:25:09] [worker #8] Bootstrap tree #793, logLikelihood: -223591.303662
[00:25:10] [worker #4] Bootstrap tree #789, logLikelihood: -223800.764836
[00:25:15] [worker #15] Bootstrap tree #800, logLikelihood: -223892.672423
[00:25:17] [worker #6] Bootstrap tree #791, logLikelihood: -222533.263212
[00:25:21] [worker #11] Bootstrap tree #796, logLikelihood: -222540.409903
[00:25:21] [worker #14] Bootstrap tree #799, logLikelihood: -222856.636746
[00:26:17] [worker #11] Bootstrap tree #812, logLikelihood: -224132.145673
[00:26:24] [worker #6] Bootstrap tree #807, logLikelihood: -222431.707603
[00:26:24] [worker #0] Bootstrap tree #801, logLikelihood: -222855.059071
[00:26:25] [worker #1] Bootstrap tree #802, logLikelihood: -224061.769566
[00:26:26] [worker #8] Bootstrap tree #809, logLikelihood: -222851.790651
[00:26:27] [worker #7] Bootstrap tree #808, logLikelihood: -223583.798389
[00:26:27] [worker #3] Bootstrap tree #804, logLikelihood: -222099.755646
[00:26:27] [worker #10] Bootstrap tree #811, logLikelihood: -224987.419104
[00:26:27] [worker #14] Bootstrap tree #815, logLikelihood: -223223.900588
[00:26:27] [worker #15] Bootstrap tree #816, logLikelihood: -222598.192357
[00:26:28] [worker #4] Bootstrap tree #805, logLikelihood: -223076.441984
[00:26:28] [worker #12] Bootstrap tree #813, logLikelihood: -223294.225914
[00:26:28] [worker #2] Bootstrap tree #803, logLikelihood: -222417.287964
[00:26:30] [worker #13] Bootstrap tree #814, logLikelihood: -224085.487534
[00:26:40] [worker #1] Bootstrap tree #818, logLikelihood: -223416.281986
[00:26:40] [worker #5] Bootstrap tree #806, logLikelihood: -223734.690088
[00:26:42] [worker #9] Bootstrap tree #810, logLikelihood: -224144.809525
[00:26:43] [worker #11] Bootstrap tree #828, logLikelihood: -221806.986155
[00:26:45] [worker #0] Bootstrap tree #817, logLikelihood: -221841.674175
[00:26:47] [worker #14] Bootstrap tree #831, logLikelihood: -223220.262023
[00:26:48] [worker #15] Bootstrap tree #832, logLikelihood: -222936.427584
[00:26:48] [worker #7] Bootstrap tree #824, logLikelihood: -223085.955579
[00:26:51] [worker #3] Bootstrap tree #820, logLikelihood: -222586.000160
[00:26:51] [worker #4] Bootstrap tree #821, logLikelihood: -224032.582388
[00:26:55] [worker #2] Bootstrap tree #819, logLikelihood: -222127.254577
[00:26:57] [worker #13] Bootstrap tree #830, logLikelihood: -222520.330080
[00:26:57] [worker #6] Bootstrap tree #823, logLikelihood: -223929.153691
[00:27:01] [worker #8] Bootstrap tree #825, logLikelihood: -223637.013090
[00:27:01] [worker #10] Bootstrap tree #827, logLikelihood: -222554.658928
[00:27:02] [worker #5] Bootstrap tree #822, logLikelihood: -222856.979638
[00:27:02] [worker #1] Bootstrap tree #834, logLikelihood: -222949.984328
[00:27:04] [worker #9] Bootstrap tree #826, logLikelihood: -223608.947499
[00:27:07] [worker #11] Bootstrap tree #844, logLikelihood: -223410.154983
[00:27:09] [worker #0] Bootstrap tree #833, logLikelihood: -222233.854451
[00:27:09] [worker #12] Bootstrap tree #829, logLikelihood: -223664.379269
[00:27:10] [worker #15] Bootstrap tree #848, logLikelihood: -222657.245669
[00:27:14] [worker #14] Bootstrap tree #847, logLikelihood: -222180.845056
[00:27:16] [worker #4] Bootstrap tree #837, logLikelihood: -223026.452863
[00:27:17] [worker #7] Bootstrap tree #840, logLikelihood: -223406.865741
[00:27:19] [worker #10] Bootstrap tree #843, logLikelihood: -222406.756716
[00:27:19] [worker #13] Bootstrap tree #846, logLikelihood: -223282.103544
[00:27:22] [worker #1] Bootstrap tree #850, logLikelihood: -222477.483582
[00:27:22] [worker #2] Bootstrap tree #835, logLikelihood: -223248.678397
[00:27:23] [worker #6] Bootstrap tree #839, logLikelihood: -222876.540991
[00:27:23] [worker #8] Bootstrap tree #841, logLikelihood: -223177.495846
[00:27:25] [worker #5] Bootstrap tree #838, logLikelihood: -222827.655897
[00:27:28] [worker #0] Bootstrap tree #849, logLikelihood: -221889.070184
[00:27:28] [worker #12] Bootstrap tree #845, logLikelihood: -223672.142355
[00:27:29] [worker #9] Bootstrap tree #842, logLikelihood: -223286.495751
[00:27:30] [worker #3] Bootstrap tree #836, logLikelihood: -222241.702800
[00:28:38] [worker #9] Bootstrap tree #858, logLikelihood: -223426.826918
[00:28:38] [worker #6] Bootstrap tree #855, logLikelihood: -223522.949908
[00:28:39] [worker #8] Bootstrap tree #857, logLikelihood: -222146.242029
[00:28:39] [worker #5] Bootstrap tree #854, logLikelihood: -222513.845949
[00:28:39] [worker #4] Bootstrap tree #853, logLikelihood: -223275.292539
[00:28:40] [worker #12] Bootstrap tree #861, logLikelihood: -224415.517834
[00:28:40] [worker #3] Bootstrap tree #852, logLikelihood: -222330.426502
[00:28:40] [worker #15] Bootstrap tree #864, logLikelihood: -222919.623638
[00:28:41] [worker #13] Bootstrap tree #862, logLikelihood: -222685.113037
[00:28:41] [worker #2] Bootstrap tree #851, logLikelihood: -222917.068997
[00:28:41] [worker #1] Bootstrap tree #866, logLikelihood: -222551.552524
[00:28:41] [worker #0] Bootstrap tree #865, logLikelihood: -224104.716852
[00:28:41] [worker #11] Bootstrap tree #860, logLikelihood: -222087.756766
[00:28:42] [worker #7] Bootstrap tree #856, logLikelihood: -222733.458115
[00:28:42] [worker #10] Bootstrap tree #859, logLikelihood: -223314.647970
[00:28:50] [worker #14] Bootstrap tree #863, logLikelihood: -222596.209206
[00:28:53] [worker #8] Bootstrap tree #873, logLikelihood: -224006.680535
[00:28:55] [worker #9] Bootstrap tree #874, logLikelihood: -222184.510874
[00:29:01] [worker #13] Bootstrap tree #878, logLikelihood: -223783.655514
[00:29:02] [worker #5] Bootstrap tree #870, logLikelihood: -223415.222899
[00:29:02] [worker #4] Bootstrap tree #869, logLikelihood: -223112.498854
[00:29:03] [worker #6] Bootstrap tree #871, logLikelihood: -223466.755605
[00:29:04] [worker #0] Bootstrap tree #881, logLikelihood: -222822.231407
[00:29:04] [worker #7] Bootstrap tree #872, logLikelihood: -222470.113797
[00:29:04] [worker #12] Bootstrap tree #877, logLikelihood: -222173.148836
[00:29:06] [worker #2] Bootstrap tree #867, logLikelihood: -222365.226482
[00:29:09] [worker #10] Bootstrap tree #875, logLikelihood: -222624.745199
[00:29:09] [worker #11] Bootstrap tree #876, logLikelihood: -222772.147255
[00:29:12] [worker #8] Bootstrap tree #889, logLikelihood: -222766.189257
[00:29:17] [worker #15] Bootstrap tree #880, logLikelihood: -223543.053309
[00:29:20] [worker #9] Bootstrap tree #890, logLikelihood: -222969.408630
[00:29:20] [worker #14] Bootstrap tree #879, logLikelihood: -221716.719917
[00:29:22] [worker #3] Bootstrap tree #868, logLikelihood: -222958.698829
[00:29:25] [worker #7] Bootstrap tree #888, logLikelihood: -223002.183682
[00:29:26] [worker #0] Bootstrap tree #897, logLikelihood: -223408.034725
[00:29:26] [worker #6] Bootstrap tree #887, logLikelihood: -223948.877989
[00:29:26] [worker #4] Bootstrap tree #885, logLikelihood: -222815.889682
[00:29:27] [worker #12] Bootstrap tree #893, logLikelihood: -224128.776039
[00:29:29] [worker #13] Bootstrap tree #894, logLikelihood: -222400.156830
[00:29:31] [worker #11] Bootstrap tree #892, logLikelihood: -221663.602870
[00:29:32] [worker #2] Bootstrap tree #883, logLikelihood: -222525.087453
[00:29:34] [worker #15] Bootstrap tree #896, logLikelihood: -223236.554262
[00:29:34] [worker #1] Bootstrap tree #882, logLikelihood: -223629.031013
[00:29:35] [worker #10] Bootstrap tree #891, logLikelihood: -223315.820968
[00:29:39] [worker #5] Bootstrap tree #886, logLikelihood: -223045.230052
[00:29:42] [worker #14] Bootstrap tree #895, logLikelihood: -223313.399322
[00:29:48] [worker #2] Bootstrap tree #899, logLikelihood: -222495.771902
[00:29:50] [worker #3] Bootstrap tree #884, logLikelihood: -222260.119880
[00:29:57] [worker #1] Bootstrap tree #898, logLikelihood: -223078.610744
[00:30:12] [worker #3] Bootstrap tree #900, logLikelihood: -224851.463072
[00:31:02] [worker #8] Bootstrap tree #905, logLikelihood: -221899.326465
[00:31:02] [worker #12] Bootstrap tree #909, logLikelihood: -222029.782457
[00:31:03] [worker #3] Bootstrap tree #916, logLikelihood: -222956.948035
[00:31:04] [worker #7] Bootstrap tree #904, logLikelihood: -222991.946227
[00:31:05] [worker #6] Bootstrap tree #903, logLikelihood: -223212.389625
[00:31:05] [worker #2] Bootstrap tree #915, logLikelihood: -222616.649488
[00:31:06] [worker #9] Bootstrap tree #906, logLikelihood: -223394.137341
[00:31:06] [worker #10] Bootstrap tree #907, logLikelihood: -222436.892285
[00:31:06] [worker #0] Bootstrap tree #913, logLikelihood: -223789.365568
[00:31:07] [worker #1] Bootstrap tree #914, logLikelihood: -223681.827387
[00:31:07] [worker #4] Bootstrap tree #901, logLikelihood: -222235.100170
[00:31:09] [worker #5] Bootstrap tree #902, logLikelihood: -222768.972009
[00:31:11] [worker #14] Bootstrap tree #911, logLikelihood: -224001.660924
[00:31:12] [worker #11] Bootstrap tree #908, logLikelihood: -223631.380243
[00:31:13] [worker #13] Bootstrap tree #910, logLikelihood: -222671.020936
[00:31:13] [worker #15] Bootstrap tree #912, logLikelihood: -223827.625875
[00:31:16] [worker #8] Bootstrap tree #921, logLikelihood: -223531.427714
[00:31:18] [worker #12] Bootstrap tree #925, logLikelihood: -222390.984300
[00:31:19] [worker #7] Bootstrap tree #920, logLikelihood: -222639.305020
[00:31:19] [worker #2] Bootstrap tree #931, logLikelihood: -222813.435651
[00:31:21] [worker #4] Bootstrap tree #917, logLikelihood: -223666.684327
[00:31:22] [worker #6] Bootstrap tree #919, logLikelihood: -224198.607750
[00:31:22] [worker #1] Bootstrap tree #930, logLikelihood: -223258.591242
[00:31:22] [worker #9] Bootstrap tree #922, logLikelihood: -222563.326337
[00:31:24] [worker #0] Bootstrap tree #929, logLikelihood: -222305.468911
[00:31:25] [worker #3] Bootstrap tree #932, logLikelihood: -223528.545664
[00:31:25] [worker #10] Bootstrap tree #923, logLikelihood: -223614.862918
[00:31:27] [worker #11] Bootstrap tree #924, logLikelihood: -221971.174950
[00:31:30] [worker #5] Bootstrap tree #918, logLikelihood: -224092.117048
[00:31:33] [worker #1] Bootstrap tree #946, logLikelihood: -222304.938745
[00:31:34] [worker #15] Bootstrap tree #928, logLikelihood: -224210.544257
[00:31:35] [worker #13] Bootstrap tree #926, logLikelihood: -222611.566067
[00:31:36] [worker #12] Bootstrap tree #941, logLikelihood: -222756.478270
[00:31:38] [worker #7] Bootstrap tree #936, logLikelihood: -223955.812846
[00:31:40] [worker #4] Bootstrap tree #933, logLikelihood: -223175.654251
[00:31:40] [worker #8] Bootstrap tree #937, logLikelihood: -223053.175601
[00:31:42] [worker #0] Bootstrap tree #945, logLikelihood: -223005.307583
[00:31:42] [worker #6] Bootstrap tree #935, logLikelihood: -222541.129933
[00:31:42] [worker #9] Bootstrap tree #938, logLikelihood: -224013.162784
[00:31:43] [worker #14] Bootstrap tree #927, logLikelihood: -224028.545843
[00:31:43] [worker #11] Bootstrap tree #940, logLikelihood: -223738.400850
[00:31:45] [worker #3] Bootstrap tree #948, logLikelihood: -223350.620861
[00:31:48] [worker #10] Bootstrap tree #939, logLikelihood: -222885.023452
[00:31:51] [worker #5] Bootstrap tree #934, logLikelihood: -222406.760945
[00:31:52] [worker #2] Bootstrap tree #947, logLikelihood: -223379.717426
[00:31:53] [worker #13] Bootstrap tree #942, logLikelihood: -223608.360995
[00:31:55] [worker #15] Bootstrap tree #944, logLikelihood: -222838.594918
[00:31:57] [worker #4] Bootstrap tree #949, logLikelihood: -221212.779682
[00:32:02] [worker #14] Bootstrap tree #943, logLikelihood: -222429.640103
[00:32:23] [worker #5] Bootstrap tree #950, logLikelihood: -222769.344360
[00:33:17] [worker #6] Bootstrap tree #951, logLikelihood: -224082.755374
[00:33:17] [worker #9] Bootstrap tree #954, logLikelihood: -222909.322713
[00:33:18] [worker #14] Bootstrap tree #959, logLikelihood: -223169.991413
[00:33:18] [worker #10] Bootstrap tree #955, logLikelihood: -222802.789773
[00:33:18] [worker #13] Bootstrap tree #958, logLikelihood: -222787.698540
[00:33:19] [worker #4] Bootstrap tree #965, logLikelihood: -222419.437325
[00:33:19] [worker #8] Bootstrap tree #953, logLikelihood: -222398.495059
[00:33:20] [worker #12] Bootstrap tree #957, logLikelihood: -223084.424313
[00:33:20] [worker #3] Bootstrap tree #964, logLikelihood: -222676.862229
[00:33:22] [worker #11] Bootstrap tree #956, logLikelihood: -222136.855408
[00:33:22] [worker #15] Bootstrap tree #960, logLikelihood: -222394.154618
[00:33:23] [worker #1] Bootstrap tree #962, logLikelihood: -222628.745762
[00:33:24] [worker #2] Bootstrap tree #963, logLikelihood: -223310.792391
[00:33:25] [worker #0] Bootstrap tree #961, logLikelihood: -222609.845924
[00:33:27] [worker #7] Bootstrap tree #952, logLikelihood: -223624.505144
[00:33:31] [worker #5] Bootstrap tree #966, logLikelihood: -222107.877560
[00:33:32] [worker #6] Bootstrap tree #967, logLikelihood: -222893.516386
[00:33:33] [worker #4] Bootstrap tree #981, logLikelihood: -223451.047658
[00:33:34] [worker #9] Bootstrap tree #970, logLikelihood: -222596.339318
[00:33:36] [worker #3] Bootstrap tree #980, logLikelihood: -223168.275947
[00:33:40] [worker #11] Bootstrap tree #972, logLikelihood: -223364.743732
[00:33:41] [worker #13] Bootstrap tree #974, logLikelihood: -222848.795706
[00:33:41] [worker #8] Bootstrap tree #969, logLikelihood: -222671.471298
[00:33:41] [worker #12] Bootstrap tree #973, logLikelihood: -222107.451463
[00:33:43] [worker #1] Bootstrap tree #978, logLikelihood: -224297.905640
[00:33:44] [worker #2] Bootstrap tree #979, logLikelihood: -222707.446948
[00:33:47] [worker #6] Bootstrap tree #983, logLikelihood: -223234.353644
[00:33:48] [worker #0] Bootstrap tree #977, logLikelihood: -222982.522718
[00:33:48] [worker #10] Bootstrap tree #971, logLikelihood: -222465.539650
[00:33:49] [worker #7] Bootstrap tree #968, logLikelihood: -222750.121946
[00:33:51] [worker #15] Bootstrap tree #976, logLikelihood: -222517.346313
[00:33:51] [worker #5] Bootstrap tree #982, logLikelihood: -222976.532852
[00:33:54] [worker #3] Bootstrap tree #996, logLikelihood: -222393.173120
[00:33:54] [worker #4] Bootstrap tree #997, logLikelihood: -222660.293715
[00:33:55] [worker #9] Bootstrap tree #986, logLikelihood: -222388.704264
[00:33:55] [worker #14] Bootstrap tree #975, logLikelihood: -221850.415552
[00:33:57] [worker #8] Bootstrap tree #985, logLikelihood: -223609.403418
[00:33:59] [worker #12] Bootstrap tree #989, logLikelihood: -223151.415131
[00:34:01] [worker #1] Bootstrap tree #994, logLikelihood: -223845.954178
[00:34:02] [worker #13] Bootstrap tree #990, logLikelihood: -222516.940318
[00:34:04] [worker #6] Bootstrap tree #999, logLikelihood: -222950.191512
[00:34:06] [worker #10] Bootstrap tree #987, logLikelihood: -222826.226244
[00:34:07] [worker #11] Bootstrap tree #988, logLikelihood: -224033.950743
[00:34:09] [worker #2] Bootstrap tree #995, logLikelihood: -223095.846453
[00:34:10] [worker #15] Bootstrap tree #992, logLikelihood: -223867.108771
[00:34:11] [worker #0] Bootstrap tree #993, logLikelihood: -223298.615892
[00:34:15] [worker #5] Bootstrap tree #998, logLikelihood: -223600.426848
[00:34:17] [worker #14] Bootstrap tree #991, logLikelihood: -223539.757987
[00:34:20] [worker #7] Bootstrap tree #984, logLikelihood: -223427.355971
[00:34:49] [worker #7] Bootstrap tree #1000, logLikelihood: -222147.342762

Optimized model parameters:

   Partition 0: noname
   Rate heterogeneity: GAMMA (4 cats, mean),  alpha: 0.020125 (ML),  weights&rates: (0.250000,0.000000) (0.250000,0.000000) (0.250000,0.000001) (0.250000,3.999999) 
   Base frequencies (ML): 0.377523 0.126356 0.130477 0.365644 
   Substitution rates (ML): 1.083495 4.641922 0.471975 0.847060 4.926105 1.000000 


Final LogLikelihood: -223092.783351

AIC score: 446717.566702 / AICc score: 446718.515002 / BIC score: 449355.956110
Free parameters (model + branch lengths): 266

WARNING: Best ML tree contains 77 near-zero branches!

Best ML tree with collapsed near-zero branches saved to: /mnt/lustre/RDS-live/downing/LSDV_PVG/121_SAMPLE_PVG/work/0f/897342947b82e85e7f927c3d961b00/T14.raxml.bestTreeCollapsed
Best ML tree saved to: /mnt/lustre/RDS-live/downing/LSDV_PVG/121_SAMPLE_PVG/work/0f/897342947b82e85e7f927c3d961b00/T14.raxml.bestTree
All ML trees saved to: /mnt/lustre/RDS-live/downing/LSDV_PVG/121_SAMPLE_PVG/work/0f/897342947b82e85e7f927c3d961b00/T14.raxml.mlTrees
Best ML tree with Felsenstein bootstrap (FBP) support values saved to: /mnt/lustre/RDS-live/downing/LSDV_PVG/121_SAMPLE_PVG/work/0f/897342947b82e85e7f927c3d961b00/T14.raxml.supportFBP
Best ML tree with Transfer bootstrap (TBE) support values saved to: /mnt/lustre/RDS-live/downing/LSDV_PVG/121_SAMPLE_PVG/work/0f/897342947b82e85e7f927c3d961b00/T14.raxml.supportTBE
Optimized model saved to: /mnt/lustre/RDS-live/downing/LSDV_PVG/121_SAMPLE_PVG/work/0f/897342947b82e85e7f927c3d961b00/T14.raxml.bestModel
Bootstrap trees saved to: /mnt/lustre/RDS-live/downing/LSDV_PVG/121_SAMPLE_PVG/work/0f/897342947b82e85e7f927c3d961b00/T14.raxml.bootstraps

Execution log saved to: /mnt/lustre/RDS-live/downing/LSDV_PVG/121_SAMPLE_PVG/work/0f/897342947b82e85e7f927c3d961b00/T14.raxml.log

Analysis started: 16-Apr-2024 13:26:37 / finished: 16-Apr-2024 14:02:18

Elapsed time: 2141.457 seconds

