null device 
          1 
character(0)
Warning message:
Using `size` aesthetic for lines was deprecated in ggplot2 3.4.0.
i Please use `linewidth` instead. 
Warning messages:
1: In ggplot2::geom_density(colour = "NA", ...) :
  Ignoring unknown parameters: `bins`
2: In (function (mapping = NULL, data = NULL, stat = "identity", position = "identity",  :
  Ignoring unknown parameters: `bins`
3: In ggplot2::geom_density(colour = "NA", ...) :
  Ignoring unknown parameters: `bins`
4: In (function (mapping = NULL, data = NULL, stat = "identity", position = "identity",  :
  Ignoring unknown parameters: `bins`
5: The dot-dot notation (`..density..`) was deprecated in ggplot2 3.4.0.
i Please use `after_stat(density)` instead.
i The deprecated feature was likely used in the ggExtra package.
  Please report the issue at <https://github.com/daattali/ggExtra/issues>. 
6: Removed 8 rows containing non-finite outside the scale range (`stat_bin()`). 
7: Removed 8 rows containing non-finite outside the scale range
(`stat_density()`). 
8: Removed 8 rows containing non-finite outside the scale range
(`stat_density()`). 
null device 
          1 
null device 
          1 
Output written to out.vcf.txt
