Mar-24 12:36:53.200 [main] DEBUG nextflow.cli.Launcher - $> nextflow run main.nf --config template.COX.2.all.yml
Mar-24 12:36:53.271 [main] DEBUG nextflow.cli.CmdRun - N E X T F L O W  ~  version 24.10.3
Mar-24 12:36:53.287 [main] DEBUG nextflow.plugin.PluginsFacade - Setting up plugin manager > mode=prod; embedded=false; plugins-dir=/mnt/lustre/RDS-live/downing/.nextflow/plugins; core-plugins: nf-amazon@2.9.2,nf-azure@1.10.2,nf-cloudcache@0.4.2,nf-codecommit@0.2.2,nf-console@1.1.4,nf-google@1.15.3,nf-tower@1.9.3,nf-wave@1.7.4
Mar-24 12:36:53.305 [main] INFO  o.pf4j.DefaultPluginStatusProvider - Enabled plugins: []
Mar-24 12:36:53.306 [main] INFO  o.pf4j.DefaultPluginStatusProvider - Disabled plugins: []
Mar-24 12:36:53.309 [main] INFO  org.pf4j.DefaultPluginManager - PF4J version 3.12.0 in 'deployment' mode
Mar-24 12:36:53.319 [main] INFO  org.pf4j.AbstractPluginManager - No plugins
Mar-24 12:36:53.338 [main] DEBUG nextflow.config.ConfigBuilder - Found config local: /mnt/lustre/RDS-live/downing/LSDV-PVG/nextflow.config
Mar-24 12:36:53.341 [main] DEBUG nextflow.config.ConfigBuilder - Parsing config file: /mnt/lustre/RDS-live/downing/LSDV-PVG/nextflow.config
Mar-24 12:36:53.363 [main] DEBUG n.secret.LocalSecretsProvider - Secrets store: /mnt/lustre/RDS-live/downing/.nextflow/secrets/store.json
Mar-24 12:36:53.366 [main] DEBUG nextflow.secret.SecretsLoader - Discovered secrets providers: [nextflow.secret.LocalSecretsProvider@1500e009] - activable => nextflow.secret.LocalSecretsProvider@1500e009
Mar-24 12:36:53.379 [main] DEBUG nextflow.config.ConfigBuilder - Applying config profile: `standard`
Mar-24 12:36:53.964 [main] DEBUG nextflow.cli.CmdRun - Applied DSL=2 from script declaration
Mar-24 12:36:53.977 [main] DEBUG nextflow.cli.CmdRun - Launching `main.nf` [serene_austin] DSL2 - revision: 525bb14852
Mar-24 12:36:53.979 [main] DEBUG nextflow.plugin.PluginsFacade - Plugins default=[]
Mar-24 12:36:53.979 [main] DEBUG nextflow.plugin.PluginsFacade - Plugins resolved requirement=[]
Mar-24 12:36:54.025 [main] DEBUG nextflow.Session - Session UUID: 25be5a0d-2c10-44fb-b0b5-5707904ad678
Mar-24 12:36:54.025 [main] DEBUG nextflow.Session - Run name: serene_austin
Mar-24 12:36:54.026 [main] DEBUG nextflow.Session - Executor pool size: 10
Mar-24 12:36:54.033 [main] DEBUG nextflow.file.FilePorter - File porter settings maxRetries=3; maxTransfers=50; pollTimeout=null
Mar-24 12:36:54.038 [main] DEBUG nextflow.util.ThreadPoolBuilder - Creating thread pool 'FileTransfer' minSize=10; maxSize=30; workQueue=LinkedBlockingQueue[10000]; allowCoreThreadTimeout=false
Mar-24 12:36:54.060 [main] DEBUG nextflow.cli.CmdRun - 
  Version: 24.10.3 build 5933
  Created: 16-12-2024 15:34 UTC 
  System: Linux 5.4.0-42-generic
  Runtime: Groovy 4.0.23 on OpenJDK 64-Bit Server VM 17.0.3-internal+0-adhoc..src
  Encoding: UTF-8 (UTF-8)
  Process: 3870852@login1 [192.168.200.211]
  CPUs: 10 - Mem: 995.6 GB (173.8 GB) - Swap: 32 GB (2.7 GB)
Mar-24 12:36:54.086 [main] DEBUG nextflow.Session - Work-dir: /mnt/lustre/RDS-live/downing/LSDV-PVG/work [lustre]
Mar-24 12:36:54.120 [main] DEBUG nextflow.executor.ExecutorFactory - Extension executors providers=[]
Mar-24 12:36:54.128 [main] DEBUG nextflow.Session - Observer factory: DefaultObserverFactory
Mar-24 12:36:54.148 [main] DEBUG nextflow.cache.CacheFactory - Using Nextflow cache factory: nextflow.cache.DefaultCacheFactory
Mar-24 12:36:54.156 [main] DEBUG nextflow.util.CustomThreadPool - Creating default thread pool > poolSize: 11; maxThreads: 1000
Mar-24 12:36:54.215 [main] DEBUG nextflow.Session - Session start
Mar-24 12:36:54.610 [main] DEBUG nextflow.script.ScriptRunner - > Launching execution
Mar-24 12:36:55.097 [main] DEBUG nextflow.executor.ExecutorFactory - << taskConfig executor: slurm
Mar-24 12:36:55.098 [main] DEBUG nextflow.executor.ExecutorFactory - >> processorType: 'slurm'
Mar-24 12:36:55.105 [main] DEBUG nextflow.executor.Executor - [warm up] executor > slurm
Mar-24 12:36:55.110 [main] DEBUG n.processor.TaskPollingMonitor - Creating task monitor for executor 'slurm' > capacity: 100; pollInterval: 5s; dumpInterval: 5m 
Mar-24 12:36:55.112 [main] DEBUG n.processor.TaskPollingMonitor - >>> barrier register (monitor: slurm)
Mar-24 12:36:55.114 [main] DEBUG n.executor.AbstractGridExecutor - Creating executor 'slurm' > queue-stat-interval: 1m
Mar-24 12:36:55.190 [main] DEBUG nextflow.executor.ExecutorFactory - << taskConfig executor: slurm
Mar-24 12:36:55.190 [main] DEBUG nextflow.executor.ExecutorFactory - >> processorType: 'slurm'
Mar-24 12:36:55.197 [main] DEBUG nextflow.executor.ExecutorFactory - << taskConfig executor: slurm
Mar-24 12:36:55.197 [main] DEBUG nextflow.executor.ExecutorFactory - >> processorType: 'slurm'
Mar-24 12:36:55.204 [main] DEBUG nextflow.executor.ExecutorFactory - << taskConfig executor: slurm
Mar-24 12:36:55.204 [main] DEBUG nextflow.executor.ExecutorFactory - >> processorType: 'slurm'
Mar-24 12:36:55.208 [main] DEBUG nextflow.executor.ExecutorFactory - << taskConfig executor: slurm
Mar-24 12:36:55.208 [main] DEBUG nextflow.executor.ExecutorFactory - >> processorType: 'slurm'
Mar-24 12:36:55.212 [main] DEBUG nextflow.executor.ExecutorFactory - << taskConfig executor: slurm
Mar-24 12:36:55.212 [main] DEBUG nextflow.executor.ExecutorFactory - >> processorType: 'slurm'
Mar-24 12:36:55.215 [main] DEBUG nextflow.executor.ExecutorFactory - << taskConfig executor: slurm
Mar-24 12:36:55.216 [main] DEBUG nextflow.executor.ExecutorFactory - >> processorType: 'slurm'
Mar-24 12:36:55.220 [main] DEBUG nextflow.executor.ExecutorFactory - << taskConfig executor: slurm
Mar-24 12:36:55.220 [main] DEBUG nextflow.executor.ExecutorFactory - >> processorType: 'slurm'
Mar-24 12:36:55.225 [main] DEBUG nextflow.executor.ExecutorFactory - << taskConfig executor: slurm
Mar-24 12:36:55.225 [main] DEBUG nextflow.executor.ExecutorFactory - >> processorType: 'slurm'
Mar-24 12:36:55.230 [main] DEBUG nextflow.executor.ExecutorFactory - << taskConfig executor: slurm
Mar-24 12:36:55.230 [main] DEBUG nextflow.executor.ExecutorFactory - >> processorType: 'slurm'
Mar-24 12:36:55.236 [main] DEBUG nextflow.executor.ExecutorFactory - << taskConfig executor: slurm
Mar-24 12:36:55.237 [main] DEBUG nextflow.executor.ExecutorFactory - >> processorType: 'slurm'
Mar-24 12:36:55.241 [main] DEBUG nextflow.executor.ExecutorFactory - << taskConfig executor: slurm
Mar-24 12:36:55.241 [main] DEBUG nextflow.executor.ExecutorFactory - >> processorType: 'slurm'
Mar-24 12:36:55.246 [main] DEBUG nextflow.executor.ExecutorFactory - << taskConfig executor: slurm
Mar-24 12:36:55.247 [main] DEBUG nextflow.executor.ExecutorFactory - >> processorType: 'slurm'
Mar-24 12:36:55.251 [main] DEBUG nextflow.executor.ExecutorFactory - << taskConfig executor: slurm
Mar-24 12:36:55.251 [main] DEBUG nextflow.executor.ExecutorFactory - >> processorType: 'slurm'
Mar-24 12:36:55.256 [main] DEBUG nextflow.executor.ExecutorFactory - << taskConfig executor: slurm
Mar-24 12:36:55.256 [main] DEBUG nextflow.executor.ExecutorFactory - >> processorType: 'slurm'
Mar-24 12:36:55.261 [main] DEBUG nextflow.executor.ExecutorFactory - << taskConfig executor: slurm
Mar-24 12:36:55.262 [main] DEBUG nextflow.executor.ExecutorFactory - >> processorType: 'slurm'
Mar-24 12:36:55.267 [main] DEBUG nextflow.executor.ExecutorFactory - << taskConfig executor: slurm
Mar-24 12:36:55.268 [main] DEBUG nextflow.executor.ExecutorFactory - >> processorType: 'slurm'
Mar-24 12:36:55.272 [main] DEBUG nextflow.executor.ExecutorFactory - << taskConfig executor: slurm
Mar-24 12:36:55.272 [main] DEBUG nextflow.executor.ExecutorFactory - >> processorType: 'slurm'
Mar-24 12:36:55.277 [main] DEBUG nextflow.executor.ExecutorFactory - << taskConfig executor: slurm
Mar-24 12:36:55.277 [main] DEBUG nextflow.executor.ExecutorFactory - >> processorType: 'slurm'
Mar-24 12:36:55.282 [main] DEBUG nextflow.executor.ExecutorFactory - << taskConfig executor: slurm
Mar-24 12:36:55.282 [main] DEBUG nextflow.executor.ExecutorFactory - >> processorType: 'slurm'
Mar-24 12:36:55.285 [main] DEBUG nextflow.executor.ExecutorFactory - << taskConfig executor: slurm
Mar-24 12:36:55.285 [main] DEBUG nextflow.executor.ExecutorFactory - >> processorType: 'slurm'
Mar-24 12:36:55.289 [main] DEBUG nextflow.Session - Workflow process names [dsl2]: GFAstat, Main:OPENNESS_PANGROWTH, Main:GETBASES, BUSCO, Main:HEAPS_Visualize, DOWNLOAD, Main:MAKE_PVG, OPENNESS_PANGROWTH, PANAROO, PAVS, Main:GFAstat, Main:PAVS, ALIGN, MAKE_PVG, ODGI, Bandage, Main:COMMUNITIES, BANDAGE_view, Main:ODGI, Main:GetVCF:VCF_PROCESS, Main:HEAPS, Main:DOWNLOAD, VIZ1, VCF_PROCESS, Main:GetVCF:PATH_FROM_GFA, VIZ2, Main:OPENNESS_PANACUS, Main:VIZ2, PATH_FROM_GFA, Main:Bandage, Main:PAVS_plot, Main:PAFGNOSTIC, PAVS_plot, COMMUNITIES, Main:VIZ1, HEAPS, SUMMARIZE, WARAGRAPH, PAFGNOSTIC, GETBASES, VCF_FROM_GFA, TREE, Main:ALIGN, OPENNESS_PANACUS, Main:TREE, HEAPS_Visualize, Main:GetVCF:VCF_FROM_GFA
Mar-24 12:36:55.289 [main] DEBUG nextflow.Session - Igniting dataflow network (21)
Mar-24 12:36:55.290 [main] DEBUG nextflow.processor.TaskProcessor - Starting process > Main:DOWNLOAD
Mar-24 12:36:55.290 [main] DEBUG nextflow.processor.TaskProcessor - Starting process > Main:ALIGN
Mar-24 12:36:55.290 [main] DEBUG nextflow.processor.TaskProcessor - Starting process > Main:TREE
Mar-24 12:36:55.291 [main] DEBUG nextflow.processor.TaskProcessor - Starting process > Main:MAKE_PVG
Mar-24 12:36:55.291 [main] DEBUG nextflow.processor.TaskProcessor - Starting process > Main:VIZ1
Mar-24 12:36:55.291 [main] DEBUG nextflow.processor.TaskProcessor - Starting process > Main:Bandage
Mar-24 12:36:55.291 [main] DEBUG nextflow.processor.TaskProcessor - Starting process > Main:ODGI
Mar-24 12:36:55.292 [main] DEBUG nextflow.processor.TaskProcessor - Starting process > Main:VIZ2
Mar-24 12:36:55.292 [main] DEBUG nextflow.processor.TaskProcessor - Starting process > Main:HEAPS
Mar-24 12:36:55.292 [main] DEBUG nextflow.processor.TaskProcessor - Starting process > Main:HEAPS_Visualize
Mar-24 12:36:55.292 [main] DEBUG nextflow.processor.TaskProcessor - Starting process > Main:PAVS
Mar-24 12:36:55.292 [main] DEBUG nextflow.processor.TaskProcessor - Starting process > Main:PAVS_plot
Mar-24 12:36:55.292 [main] DEBUG nextflow.processor.TaskProcessor - Starting process > Main:GETBASES
Mar-24 12:36:55.293 [main] DEBUG nextflow.processor.TaskProcessor - Starting process > Main:GFAstat
Mar-24 12:36:55.293 [main] DEBUG nextflow.processor.TaskProcessor - Starting process > Main:GetVCF:PATH_FROM_GFA
Mar-24 12:36:55.293 [main] DEBUG nextflow.processor.TaskProcessor - Starting process > Main:GetVCF:VCF_FROM_GFA
Mar-24 12:36:55.293 [main] DEBUG nextflow.processor.TaskProcessor - Starting process > Main:GetVCF:VCF_PROCESS
Mar-24 12:36:55.293 [main] DEBUG nextflow.processor.TaskProcessor - Starting process > Main:OPENNESS_PANACUS
Mar-24 12:36:55.294 [main] DEBUG nextflow.processor.TaskProcessor - Starting process > Main:OPENNESS_PANGROWTH
Mar-24 12:36:55.294 [main] DEBUG nextflow.processor.TaskProcessor - Starting process > Main:COMMUNITIES
Mar-24 12:36:55.294 [main] DEBUG nextflow.processor.TaskProcessor - Starting process > Main:PAFGNOSTIC
Mar-24 12:36:55.294 [main] DEBUG nextflow.script.ScriptRunner - Parsed script files:
  Script_8e66c89eeb7b2889: /mnt/lustre/RDS-live/downing/LSDV-PVG/main.nf
  Script_b69406b4734a3515: /mnt/lustre/RDS-live/downing/LSDV-PVG/./modules/processes.nf
Mar-24 12:36:55.294 [main] DEBUG nextflow.script.ScriptRunner - > Awaiting termination 
Mar-24 12:36:55.294 [main] DEBUG nextflow.Session - Session await
Mar-24 12:36:55.457 [Task submitter] DEBUG nextflow.executor.GridTaskHandler - [SLURM] submitted process Main:DOWNLOAD > jobId: 89579; workDir: /mnt/lustre/RDS-live/downing/LSDV-PVG/work/a2/2f4c25c20bc791cf188fa24198f984
Mar-24 12:36:55.458 [Task submitter] INFO  nextflow.Session - [a2/2f4c25] Submitted process > Main:DOWNLOAD
Mar-24 12:37:05.125 [Task monitor] DEBUG n.processor.TaskPollingMonitor - Task completed > TaskHandler[jobId: 89579; id: 1; name: Main:DOWNLOAD; status: COMPLETED; exit: 0; error: -; workDir: /mnt/lustre/RDS-live/downing/LSDV-PVG/work/a2/2f4c25c20bc791cf188fa24198f984 started: 1742819820122; exited: 2025-03-24T12:37:00Z; ]
Mar-24 12:37:05.126 [Task monitor] DEBUG nextflow.util.ThreadPoolBuilder - Creating thread pool 'TaskFinalizer' minSize=10; maxSize=30; workQueue=LinkedBlockingQueue[10000]; allowCoreThreadTimeout=false
Mar-24 12:37:05.160 [TaskFinalizer-1] DEBUG nextflow.util.ThreadPoolBuilder - Creating thread pool 'PublishDir' minSize=10; maxSize=30; workQueue=LinkedBlockingQueue[10000]; allowCoreThreadTimeout=false
Mar-24 12:37:05.201 [Task submitter] DEBUG nextflow.executor.GridTaskHandler - [SLURM] submitted process Main:ALIGN > jobId: 89580; workDir: /mnt/lustre/RDS-live/downing/LSDV-PVG/work/53/a1d53a867a8b804740783c7f6e6d6b
Mar-24 12:37:05.201 [Task submitter] INFO  nextflow.Session - [53/a1d53a] Submitted process > Main:ALIGN
Mar-24 12:37:05.233 [Task submitter] DEBUG nextflow.executor.GridTaskHandler - [SLURM] submitted process Main:OPENNESS_PANGROWTH (get PVG openness pangrowth) > jobId: 89581; workDir: /mnt/lustre/RDS-live/downing/LSDV-PVG/work/32/8fb2a23bc0d7fb3652df9ce2428a3e
Mar-24 12:37:05.234 [Task submitter] INFO  nextflow.Session - [32/8fb2a2] Submitted process > Main:OPENNESS_PANGROWTH (get PVG openness pangrowth)
Mar-24 12:37:05.255 [Task submitter] DEBUG nextflow.executor.GridTaskHandler - [SLURM] submitted process Main:MAKE_PVG (index reference FASTA) > jobId: 89582; workDir: /mnt/lustre/RDS-live/downing/LSDV-PVG/work/da/f1d129ffee63ca030374069e1a5d94
Mar-24 12:37:05.256 [Task submitter] INFO  nextflow.Session - [da/f1d129] Submitted process > Main:MAKE_PVG (index reference FASTA)
Mar-24 12:37:15.123 [Task monitor] DEBUG n.processor.TaskPollingMonitor - Task completed > TaskHandler[jobId: 89580; id: 2; name: Main:ALIGN; status: COMPLETED; exit: 0; error: -; workDir: /mnt/lustre/RDS-live/downing/LSDV-PVG/work/53/a1d53a867a8b804740783c7f6e6d6b started: 1742819830120; exited: 2025-03-24T12:37:10Z; ]
Mar-24 12:37:15.126 [Task monitor] DEBUG n.processor.TaskPollingMonitor - Task completed > TaskHandler[jobId: 89581; id: 4; name: Main:OPENNESS_PANGROWTH (get PVG openness pangrowth); status: COMPLETED; exit: 0; error: -; workDir: /mnt/lustre/RDS-live/downing/LSDV-PVG/work/32/8fb2a23bc0d7fb3652df9ce2428a3e started: 1742819830123; exited: 2025-03-24T12:37:14Z; ]
Mar-24 12:37:15.165 [Task submitter] DEBUG nextflow.executor.GridTaskHandler - [SLURM] submitted process Main:COMMUNITIES > jobId: 89583; workDir: /mnt/lustre/RDS-live/downing/LSDV-PVG/work/95/18f8318ea5b77c34cd920698c64121
Mar-24 12:37:15.165 [Task submitter] INFO  nextflow.Session - [95/18f831] Submitted process > Main:COMMUNITIES
Mar-24 12:37:15.187 [Task submitter] DEBUG nextflow.executor.GridTaskHandler - [SLURM] submitted process Main:TREE (Building tree with T14.raxml.supportTBE) > jobId: 89584; workDir: /mnt/lustre/RDS-live/downing/LSDV-PVG/work/7a/99c3616f24160fc4e3d76592cc1d35
Mar-24 12:37:15.187 [Task submitter] INFO  nextflow.Session - [7a/99c361] Submitted process > Main:TREE (Building tree with T14.raxml.supportTBE)
Mar-24 12:37:20.125 [Task monitor] DEBUG n.processor.TaskPollingMonitor - Task completed > TaskHandler[jobId: 89583; id: 5; name: Main:COMMUNITIES; status: COMPLETED; exit: 0; error: -; workDir: /mnt/lustre/RDS-live/downing/LSDV-PVG/work/95/18f8318ea5b77c34cd920698c64121 started: 1742819840121; exited: 2025-03-24T12:37:17Z; ]
Mar-24 12:37:20.172 [Task submitter] DEBUG nextflow.executor.GridTaskHandler - [SLURM] submitted process Main:PAFGNOSTIC > jobId: 89585; workDir: /mnt/lustre/RDS-live/downing/LSDV-PVG/work/c3/e8aae95486159486e8550c47c3d83e
Mar-24 12:37:20.172 [Task submitter] INFO  nextflow.Session - [c3/e8aae9] Submitted process > Main:PAFGNOSTIC
Mar-24 12:37:25.123 [Task monitor] DEBUG n.processor.TaskPollingMonitor - Task completed > TaskHandler[jobId: 89584; id: 6; name: Main:TREE (Building tree with T14.raxml.supportTBE); status: COMPLETED; exit: 0; error: -; workDir: /mnt/lustre/RDS-live/downing/LSDV-PVG/work/7a/99c3616f24160fc4e3d76592cc1d35 started: 1742819840126; exited: 2025-03-24T12:37:20Z; ]
Mar-24 12:37:25.128 [Task monitor] DEBUG n.processor.TaskPollingMonitor - Task completed > TaskHandler[jobId: 89585; id: 7; name: Main:PAFGNOSTIC; status: COMPLETED; exit: 0; error: -; workDir: /mnt/lustre/RDS-live/downing/LSDV-PVG/work/c3/e8aae95486159486e8550c47c3d83e started: 1742819845124; exited: 2025-03-24T12:37:21Z; ]
Mar-24 12:38:10.125 [Task monitor] DEBUG n.processor.TaskPollingMonitor - Task completed > TaskHandler[jobId: 89582; id: 3; name: Main:MAKE_PVG (index reference FASTA); status: COMPLETED; exit: 0; error: -; workDir: /mnt/lustre/RDS-live/downing/LSDV-PVG/work/da/f1d129ffee63ca030374069e1a5d94 started: 1742819830125; exited: 2025-03-24T12:38:07Z; ]
Mar-24 12:38:10.152 [Task submitter] DEBUG nextflow.executor.GridTaskHandler - [SLURM] submitted process Main:VIZ1 > jobId: 89586; workDir: /mnt/lustre/RDS-live/downing/LSDV-PVG/work/63/ef72c0af1a757925d47a1c755022bd
Mar-24 12:38:10.152 [Task submitter] INFO  nextflow.Session - [63/ef72c0] Submitted process > Main:VIZ1
Mar-24 12:38:10.169 [Task submitter] DEBUG nextflow.executor.GridTaskHandler - [SLURM] submitted process Main:GFAstat > jobId: 89587; workDir: /mnt/lustre/RDS-live/downing/LSDV-PVG/work/6b/4ccb766868c2f86210ff745ba54681
Mar-24 12:38:10.169 [Task submitter] INFO  nextflow.Session - [6b/4ccb76] Submitted process > Main:GFAstat
Mar-24 12:38:10.184 [Task submitter] DEBUG nextflow.executor.GridTaskHandler - [SLURM] submitted process Main:GetVCF:VCF_FROM_GFA (get VCFs from GFA) > jobId: 89588; workDir: /mnt/lustre/RDS-live/downing/LSDV-PVG/work/22/9c31cabb44199ad7b2d8cae3b521eb
Mar-24 12:38:10.185 [Task submitter] INFO  nextflow.Session - [22/9c31ca] Submitted process > Main:GetVCF:VCF_FROM_GFA (get VCFs from GFA)
Mar-24 12:38:10.201 [Task submitter] DEBUG nextflow.executor.GridTaskHandler - [SLURM] submitted process Main:ODGI > jobId: 89589; workDir: /mnt/lustre/RDS-live/downing/LSDV-PVG/work/ed/256cd43bcfa6543f842f0c122880f5
Mar-24 12:38:10.201 [Task submitter] INFO  nextflow.Session - [ed/256cd4] Submitted process > Main:ODGI
Mar-24 12:38:10.218 [Task submitter] DEBUG nextflow.executor.GridTaskHandler - [SLURM] submitted process Main:Bandage > jobId: 89590; workDir: /mnt/lustre/RDS-live/downing/LSDV-PVG/work/fe/62c833f101f6471ee2e02799f4acd1
Mar-24 12:38:10.218 [Task submitter] INFO  nextflow.Session - [fe/62c833] Submitted process > Main:Bandage
Mar-24 12:38:10.232 [Task submitter] DEBUG nextflow.executor.GridTaskHandler - [SLURM] submitted process Main:OPENNESS_PANACUS (get PVG openness panacus) > jobId: 89591; workDir: /mnt/lustre/RDS-live/downing/LSDV-PVG/work/29/49f2c93a16c09919868b0aaefc2b6a
Mar-24 12:38:10.232 [Task submitter] INFO  nextflow.Session - [29/49f2c9] Submitted process > Main:OPENNESS_PANACUS (get PVG openness panacus)
Mar-24 12:38:10.247 [Task submitter] DEBUG nextflow.executor.GridTaskHandler - [SLURM] submitted process Main:GetVCF:PATH_FROM_GFA (get paths from GFA) > jobId: 89592; workDir: /mnt/lustre/RDS-live/downing/LSDV-PVG/work/f7/4e1c4fdfe243bfda4f3d368a916937
Mar-24 12:38:10.248 [Task submitter] INFO  nextflow.Session - [f7/4e1c4f] Submitted process > Main:GetVCF:PATH_FROM_GFA (get paths from GFA)
Mar-24 12:38:15.127 [Task monitor] DEBUG n.processor.TaskPollingMonitor - Task completed > TaskHandler[jobId: 89587; id: 12; name: Main:GFAstat; status: COMPLETED; exit: 0; error: -; workDir: /mnt/lustre/RDS-live/downing/LSDV-PVG/work/6b/4ccb766868c2f86210ff745ba54681 started: 1742819895123; exited: 2025-03-24T12:38:14Z; ]
Mar-24 12:38:15.131 [Task monitor] DEBUG n.processor.TaskPollingMonitor - Task completed > TaskHandler[jobId: 89588; id: 14; name: Main:GetVCF:VCF_FROM_GFA (get VCFs from GFA); status: COMPLETED; exit: 0; error: -; workDir: /mnt/lustre/RDS-live/downing/LSDV-PVG/work/22/9c31cabb44199ad7b2d8cae3b521eb started: 1742819895128; exited: 2025-03-24T12:38:13Z; ]
Mar-24 12:38:15.135 [Task monitor] DEBUG n.processor.TaskPollingMonitor - Task completed > TaskHandler[jobId: 89589; id: 9; name: Main:ODGI; status: COMPLETED; exit: 0; error: -; workDir: /mnt/lustre/RDS-live/downing/LSDV-PVG/work/ed/256cd43bcfa6543f842f0c122880f5 started: 1742819895132; exited: 2025-03-24T12:38:13Z; ]
Mar-24 12:38:15.138 [Task monitor] DEBUG n.processor.TaskPollingMonitor - Task completed > TaskHandler[jobId: 89590; id: 13; name: Main:Bandage; status: COMPLETED; exit: 0; error: -; workDir: /mnt/lustre/RDS-live/downing/LSDV-PVG/work/fe/62c833f101f6471ee2e02799f4acd1 started: 1742819895135; exited: 2025-03-24T12:38:13Z; ]
Mar-24 12:38:15.141 [Task monitor] DEBUG n.processor.TaskPollingMonitor - Task completed > TaskHandler[jobId: 89591; id: 8; name: Main:OPENNESS_PANACUS (get PVG openness panacus); status: COMPLETED; exit: 0; error: -; workDir: /mnt/lustre/RDS-live/downing/LSDV-PVG/work/29/49f2c93a16c09919868b0aaefc2b6a started: 1742819895139; exited: 2025-03-24T12:38:15Z; ]
Mar-24 12:38:15.144 [Task monitor] DEBUG n.processor.TaskPollingMonitor - Task completed > TaskHandler[jobId: 89592; id: 10; name: Main:GetVCF:PATH_FROM_GFA (get paths from GFA); status: COMPLETED; exit: 0; error: -; workDir: /mnt/lustre/RDS-live/downing/LSDV-PVG/work/f7/4e1c4fdfe243bfda4f3d368a916937 started: 1742819895142; exited: 2025-03-24T12:38:13Z; ]
Mar-24 12:38:15.161 [Task submitter] DEBUG nextflow.executor.GridTaskHandler - [SLURM] submitted process Main:VIZ2 (big viz) > jobId: 89593; workDir: /mnt/lustre/RDS-live/downing/LSDV-PVG/work/c7/9f681de127f4c22bc9543020f059df
Mar-24 12:38:15.162 [Task submitter] INFO  nextflow.Session - [c7/9f681d] Submitted process > Main:VIZ2 (big viz)
Mar-24 12:38:15.176 [Task submitter] DEBUG nextflow.executor.GridTaskHandler - [SLURM] submitted process Main:PAVS (pavs) > jobId: 89594; workDir: /mnt/lustre/RDS-live/downing/LSDV-PVG/work/c8/6603faad2ebbe09313e3fbd9c4bdef
Mar-24 12:38:15.176 [Task submitter] INFO  nextflow.Session - [c8/6603fa] Submitted process > Main:PAVS (pavs)
Mar-24 12:38:15.190 [Task submitter] DEBUG nextflow.executor.GridTaskHandler - [SLURM] submitted process Main:GETBASES (get bases) > jobId: 89595; workDir: /mnt/lustre/RDS-live/downing/LSDV-PVG/work/38/3a15ab47ae2ffd2495ea03544975bb
Mar-24 12:38:15.190 [Task submitter] INFO  nextflow.Session - [38/3a15ab] Submitted process > Main:GETBASES (get bases)
Mar-24 12:38:15.214 [Task submitter] DEBUG nextflow.executor.GridTaskHandler - [SLURM] submitted process Main:HEAPS (heaps) > jobId: 89596; workDir: /mnt/lustre/RDS-live/downing/LSDV-PVG/work/e3/b1113493c51b8a7bbdc08c9fbe79fa
Mar-24 12:38:15.214 [Task submitter] INFO  nextflow.Session - [e3/b11134] Submitted process > Main:HEAPS (heaps)
Mar-24 12:38:15.230 [Task submitter] DEBUG nextflow.executor.GridTaskHandler - [SLURM] submitted process Main:GetVCF:VCF_PROCESS (Process VCF information) > jobId: 89597; workDir: /mnt/lustre/RDS-live/downing/LSDV-PVG/work/ad/11eaf1a52dbb6d046a1e02473396fb
Mar-24 12:38:15.230 [Task submitter] INFO  nextflow.Session - [ad/11eaf1] Submitted process > Main:GetVCF:VCF_PROCESS (Process VCF information)
Mar-24 12:38:20.125 [Task monitor] DEBUG n.processor.TaskPollingMonitor - Task completed > TaskHandler[jobId: 89593; id: 16; name: Main:VIZ2 (big viz); status: COMPLETED; exit: 0; error: -; workDir: /mnt/lustre/RDS-live/downing/LSDV-PVG/work/c7/9f681de127f4c22bc9543020f059df started: 1742819900121; exited: 2025-03-24T12:38:16Z; ]
Mar-24 12:38:20.129 [Task monitor] DEBUG n.processor.TaskPollingMonitor - Task completed > TaskHandler[jobId: 89594; id: 18; name: Main:PAVS (pavs); status: COMPLETED; exit: 0; error: -; workDir: /mnt/lustre/RDS-live/downing/LSDV-PVG/work/c8/6603faad2ebbe09313e3fbd9c4bdef started: 1742819900126; exited: 2025-03-24T12:38:19Z; ]
Mar-24 12:38:20.132 [Task monitor] DEBUG n.processor.TaskPollingMonitor - Task completed > TaskHandler[jobId: 89595; id: 15; name: Main:GETBASES (get bases); status: COMPLETED; exit: 0; error: -; workDir: /mnt/lustre/RDS-live/downing/LSDV-PVG/work/38/3a15ab47ae2ffd2495ea03544975bb started: 1742819900129; exited: 2025-03-24T12:38:16Z; ]
Mar-24 12:38:20.158 [Task submitter] DEBUG nextflow.executor.GridTaskHandler - [SLURM] submitted process Main:PAVS_plot (pavs) > jobId: 89598; workDir: /mnt/lustre/RDS-live/downing/LSDV-PVG/work/58/f5d98056e81c63f955e4e53665ba4f
Mar-24 12:38:20.158 [Task submitter] INFO  nextflow.Session - [58/f5d980] Submitted process > Main:PAVS_plot (pavs)
Mar-24 12:38:25.126 [Task monitor] DEBUG n.processor.TaskPollingMonitor - Task completed > TaskHandler[jobId: 89598; id: 20; name: Main:PAVS_plot (pavs); status: COMPLETED; exit: 0; error: -; workDir: /mnt/lustre/RDS-live/downing/LSDV-PVG/work/58/f5d98056e81c63f955e4e53665ba4f started: 1742819905122; exited: 2025-03-24T12:38:23Z; ]
Mar-24 12:38:55.125 [Task monitor] DEBUG n.processor.TaskPollingMonitor - Task completed > TaskHandler[jobId: 89596; id: 17; name: Main:HEAPS (heaps); status: COMPLETED; exit: 0; error: -; workDir: /mnt/lustre/RDS-live/downing/LSDV-PVG/work/e3/b1113493c51b8a7bbdc08c9fbe79fa started: 1742819900133; exited: 2025-03-24T12:38:52Z; ]
Mar-24 12:38:55.166 [Task submitter] DEBUG nextflow.executor.GridTaskHandler - [SLURM] submitted process Main:HEAPS_Visualize (heaps) > jobId: 89599; workDir: /mnt/lustre/RDS-live/downing/LSDV-PVG/work/e6/e6cae996c120928ece2e921c0d6306
Mar-24 12:38:55.167 [Task submitter] INFO  nextflow.Session - [e6/e6cae9] Submitted process > Main:HEAPS_Visualize (heaps)
Mar-24 12:39:00.126 [Task monitor] DEBUG n.processor.TaskPollingMonitor - Task completed > TaskHandler[jobId: 89599; id: 21; name: Main:HEAPS_Visualize (heaps); status: COMPLETED; exit: 0; error: -; workDir: /mnt/lustre/RDS-live/downing/LSDV-PVG/work/e6/e6cae996c120928ece2e921c0d6306 started: 1742819940123; exited: 2025-03-24T12:38:57Z; ]
Mar-24 12:41:50.137 [Task monitor] DEBUG n.processor.TaskPollingMonitor - Task completed > TaskHandler[jobId: 89597; id: 19; name: Main:GetVCF:VCF_PROCESS (Process VCF information); status: COMPLETED; exit: 0; error: -; workDir: /mnt/lustre/RDS-live/downing/LSDV-PVG/work/ad/11eaf1a52dbb6d046a1e02473396fb started: 1742819900134; exited: 2025-03-24T12:41:48Z; ]
Mar-24 12:42:00.133 [Task monitor] DEBUG n.processor.TaskPollingMonitor - !! executor slurm > tasks to be completed: 1 -- submitted tasks are shown below
~> TaskHandler[jobId: 89586; id: 11; name: Main:VIZ1; status: RUNNING; exit: -; error: -; workDir: /mnt/lustre/RDS-live/downing/LSDV-PVG/work/63/ef72c0af1a757925d47a1c755022bd started: 1742819895121; exited: -; ]
Mar-24 12:44:30.144 [Task monitor] DEBUG n.processor.TaskPollingMonitor - Task completed > TaskHandler[jobId: 89586; id: 11; name: Main:VIZ1; status: COMPLETED; exit: 0; error: -; workDir: /mnt/lustre/RDS-live/downing/LSDV-PVG/work/63/ef72c0af1a757925d47a1c755022bd started: 1742819895121; exited: 2025-03-24T12:44:29Z; ]
Mar-24 12:44:30.148 [main] DEBUG nextflow.Session - Session await > all processes finished
Mar-24 12:44:35.140 [Task monitor] DEBUG n.processor.TaskPollingMonitor - <<< barrier arrives (monitor: slurm) - terminating tasks monitor poll loop
Mar-24 12:44:35.140 [main] DEBUG nextflow.Session - Session await > all barriers passed
Mar-24 12:44:35.145 [main] DEBUG nextflow.util.ThreadPoolManager - Thread pool 'TaskFinalizer' shutdown completed (hard=false)
Mar-24 12:44:35.146 [main] DEBUG nextflow.util.ThreadPoolManager - Thread pool 'PublishDir' shutdown completed (hard=false)
Mar-24 12:44:35.161 [main] DEBUG n.trace.WorkflowStatsObserver - Workflow completed > WorkflowStats[succeededCount=21; failedCount=0; ignoredCount=0; cachedCount=0; pendingCount=0; submittedCount=0; runningCount=0; retriesCount=0; abortedCount=0; succeedDuration=7h 21m 22s; failedDuration=0ms; cachedDuration=0ms;loadCpus=0; loadMemory=0; peakRunning=4; peakCpus=160; peakMemory=0; ]
Mar-24 12:44:35.275 [main] DEBUG nextflow.cache.CacheDB - Closing CacheDB done
Mar-24 12:44:35.284 [main] DEBUG nextflow.util.ThreadPoolManager - Thread pool 'FileTransfer' shutdown completed (hard=false)
Mar-24 12:44:35.284 [main] DEBUG nextflow.script.ScriptRunner - > Execution complete -- Goodbye
