[17:59:52] This is prokka 1.14.6
[17:59:52] Written by Torsten Seemann <torsten.seemann@gmail.com>
[17:59:52] Homepage is https://github.com/tseemann/prokka
[17:59:52] Local time is Tue Apr 16 17:59:52 2024
[17:59:52] You are downing
[17:59:52] Operating system is linux
[17:59:52] You have BioPerl 1.7.8
[17:59:52] System has 64 cores.
[17:59:52] Will use maximum of 8 cores.
[17:59:52] Annotating as >>> Viruses <<<
[17:59:52] Generating locus_tag from '../../../CURRENT/PANGROWTH/SEQS/NC_003027.1_NI_2490_Kenya_1958.fa' contents.
[17:59:52] Setting --locustag NMOBLELM from MD5 768b5e56c79e8684fd268eb26312041a
[17:59:52] Creating new output folder: ../../../CURRENT/PANGROWTH/SEQS/NC_003027.1_NI_2490_Kenya_1958_PROKKA
[17:59:52] Running: mkdir -p \.\.\/\.\.\/\.\.\/CURRENT\/PANGROWTH\/SEQS\/NC_003027\.1_NI_2490_Kenya_1958_PROKKA
[17:59:52] Using filename prefix: NC_003027.1_NI_2490_Kenya_1958.XXX
[17:59:52] Setting HMMER_NCPU=1
[17:59:52] Writing log to: ../../../CURRENT/PANGROWTH/SEQS/NC_003027.1_NI_2490_Kenya_1958_PROKKA/NC_003027.1_NI_2490_Kenya_1958.log
[17:59:52] Command: /mnt/lustre/RDS-live/downing/miniconda3/envs/snippy/bin/prokka --kingdom Viruses --proteins KX894508.gb --gffver 3 --usegenus --outdir ../../../CURRENT/PANGROWTH/SEQS/NC_003027.1_NI_2490_Kenya_1958_PROKKA --force --genus Capripoxvirus --prefix NC_003027.1_NI_2490_Kenya_1958 ../../../CURRENT/PANGROWTH/SEQS/NC_003027.1_NI_2490_Kenya_1958.fa
[17:59:52] Appending to PATH: /mnt/lustre/RDS-live/downing/miniconda3/envs/snippy/bin
[17:59:52] Looking for 'aragorn' - found /mnt/lustre/RDS-live/downing/miniconda3/envs/snippy/bin/aragorn
[17:59:52] Determined aragorn version is 001002 from 'ARAGORN v1.2.41 Dean Laslett'
[17:59:52] Looking for 'barrnap' - found /mnt/lustre/RDS-live/downing/miniconda3/envs/snippy/bin/barrnap
[17:59:52] Determined barrnap version is 000009 from 'barrnap 0.9'
[17:59:52] Looking for 'blastp' - found /mnt/lustre/RDS-live/downing/miniconda3/envs/snippy/bin/blastp
[17:59:52] Determined blastp version is 002013 from 'blastp: 2.13.0+'
[17:59:52] Looking for 'cmpress' - found /mnt/lustre/RDS-live/downing/miniconda3/envs/snippy/bin/cmpress
[17:59:52] Determined cmpress version is 001001 from '# INFERNAL 1.1.4 (Dec 2020)'
[17:59:52] Looking for 'cmscan' - found /mnt/lustre/RDS-live/downing/miniconda3/envs/snippy/bin/cmscan
[17:59:52] Determined cmscan version is 001001 from '# INFERNAL 1.1.4 (Dec 2020)'
[17:59:52] Looking for 'egrep' - found /usr/bin/egrep
[17:59:52] Looking for 'find' - found /usr/bin/find
[17:59:52] Looking for 'grep' - found /usr/bin/grep
[17:59:52] Looking for 'hmmpress' - found /mnt/lustre/RDS-live/downing/miniconda3/envs/snippy/bin/hmmpress
[17:59:52] Determined hmmpress version is 003003 from '# HMMER 3.3.2 (Nov 2020); http://hmmer.org/'
[17:59:52] Looking for 'hmmscan' - found /mnt/lustre/RDS-live/downing/miniconda3/envs/snippy/bin/hmmscan
[17:59:52] Determined hmmscan version is 003003 from '# HMMER 3.3.2 (Nov 2020); http://hmmer.org/'
[17:59:52] Looking for 'java' - found /mnt/lustre/RDS-live/downing/miniconda3/envs/snippy/bin/java
[17:59:52] Looking for 'makeblastdb' - found /mnt/lustre/RDS-live/downing/miniconda3/envs/snippy/bin/makeblastdb
[17:59:52] Determined makeblastdb version is 002013 from 'makeblastdb: 2.13.0+'
[17:59:52] Looking for 'minced' - found /mnt/lustre/RDS-live/downing/miniconda3/envs/snippy/bin/minced
[17:59:52] Determined minced version is 004002 from 'minced 0.4.2'
[17:59:52] Looking for 'parallel' - found /mnt/lustre/RDS-live/downing/miniconda3/envs/snippy/bin/parallel
[17:59:52] Determined parallel version is 20220922 from 'GNU parallel 20220922'
[17:59:52] Looking for 'prodigal' - found /mnt/lustre/RDS-live/downing/miniconda3/envs/snippy/bin/prodigal
[17:59:52] Determined prodigal version is 002006 from 'Prodigal V2.6.3: February, 2016'
[17:59:52] Looking for 'prokka-genbank_to_fasta_db' - found /mnt/lustre/RDS-live/downing/miniconda3/envs/snippy/bin/prokka-genbank_to_fasta_db
[17:59:52] Looking for 'sed' - found /cm/shared/apps/mambaforge/envs/R.4.2.2/bin/sed
[17:59:52] Looking for 'tbl2asn' - found /mnt/lustre/RDS-live/downing/miniconda3/envs/snippy/bin/tbl2asn
[17:59:52] Determined tbl2asn version is 025007 from 'tbl2asn 25.7   arguments:'
[17:59:52] Using genetic code table 1.
[17:59:52] Loading and checking input file: ../../../CURRENT/PANGROWTH/SEQS/NC_003027.1_NI_2490_Kenya_1958.fa
[17:59:52] Wrote 1 contigs totalling 150773 bp.
[17:59:52] Predicting tRNAs and tmRNAs
[17:59:52] Running: aragorn -l -gc1  -w \.\.\/\.\.\/\.\.\/CURRENT\/PANGROWTH\/SEQS\/NC_003027\.1_NI_2490_Kenya_1958_PROKKA\/NC_003027\.1_NI_2490_Kenya_1958\.fna
[17:59:52] Found 0 tRNAs
[17:59:52] Disabling rRNA search: --kingdom=Viruses or --norrna=0
[17:59:52] Skipping ncRNA search, enable with --rfam if desired.
[17:59:52] Total of 0 tRNA + rRNA features
[17:59:52] Searching for CRISPR repeats
[17:59:52] Found 0 CRISPRs
[17:59:52] Predicting coding sequences
[17:59:52] Contigs total 150773 bp, so using single mode
[17:59:52] Running: prodigal -i \.\.\/\.\.\/\.\.\/CURRENT\/PANGROWTH\/SEQS\/NC_003027\.1_NI_2490_Kenya_1958_PROKKA\/NC_003027\.1_NI_2490_Kenya_1958\.fna -c -m -g 1 -p single -f sco -q
[17:59:53] Found 151 CDS
[17:59:53] Connecting features back to sequences
[17:59:53] Skipping genus-specific proteins as can't see /mnt/lustre/RDS-live/downing/miniconda3/envs/snippy/db/Capripoxvirus
[17:59:53] Annotating CDS, please be patient.
[17:59:53] Will use 8 CPUs for similarity searching.
[17:59:53] There are still 151 unannotated CDS left (started with 151)
[17:59:53] Will use blast to search against /mnt/lustre/RDS-live/downing/miniconda3/envs/snippy/db/kingdom/Viruses/sprot with 8 CPUs
[17:59:53] Running: cat \.\.\/\.\.\/\.\.\/CURRENT\/PANGROWTH\/SEQS\/NC_003027\.1_NI_2490_Kenya_1958_PROKKA\/NC_003027\.1_NI_2490_Kenya_1958\.sprot\.tmp\.263546\.faa | parallel --gnu --plain -j 8 --block 2997 --recstart '>' --pipe blastp -query - -db /mnt/lustre/RDS-live/downing/miniconda3/envs/snippy/db/kingdom/Viruses/sprot -evalue 1e-09 -qcov_hsp_perc 80 -num_threads 1 -num_descriptions 1 -num_alignments 1 -seg no > \.\.\/\.\.\/\.\.\/CURRENT\/PANGROWTH\/SEQS\/NC_003027\.1_NI_2490_Kenya_1958_PROKKA\/NC_003027\.1_NI_2490_Kenya_1958\.sprot\.tmp\.263546\.blast 2> /dev/null
[17:59:53] Modify product: Protein J1 homolog => Protein J1 
[17:59:53] Modify product: Probable dual specificity protein phosphatase H1 homolog => putative dual specificity protein phosphatase H1 
[17:59:53] Modify product: Probable FAD-linked sulfhydryl oxidase E10 => putative FAD-linked sulfhydryl oxidase E10
[17:59:53] Modify product: Viral interleukin-10 homolog => Viral interleukin-10 
[17:59:53] Cleaned 4 /product names
[17:59:53] Deleting unwanted file: ../../../CURRENT/PANGROWTH/SEQS/NC_003027.1_NI_2490_Kenya_1958_PROKKA/NC_003027.1_NI_2490_Kenya_1958.sprot.tmp.263546.faa
[17:59:53] Deleting unwanted file: ../../../CURRENT/PANGROWTH/SEQS/NC_003027.1_NI_2490_Kenya_1958_PROKKA/NC_003027.1_NI_2490_Kenya_1958.sprot.tmp.263546.blast
[17:59:53] Deleting unwanted file: ../../../CURRENT/PANGROWTH/SEQS/NC_003027.1_NI_2490_Kenya_1958_PROKKA/proteins.psq
[17:59:53] Deleting unwanted file: ../../../CURRENT/PANGROWTH/SEQS/NC_003027.1_NI_2490_Kenya_1958_PROKKA/proteins.phr
[17:59:53] Deleting unwanted file: ../../../CURRENT/PANGROWTH/SEQS/NC_003027.1_NI_2490_Kenya_1958_PROKKA/proteins.pin
[17:59:53] Labelling remaining 50 proteins as 'hypothetical protein'
[17:59:53] Possible /pseudo 'Ankyrin repeat domain-containing protein M-T5' at NC_003027.1_NI_2490_Kenya_1958 position 142101
[17:59:53] Found 35 unique /gene codes.
[17:59:53] Fixed 2 duplicate /gene - KBTB1_1 KBTB1_2
[17:59:53] Fixed 1 colliding /gene names.
[17:59:53] Adding /locus_tag identifiers
[17:59:53] Assigned 151 locus_tags to CDS and RNA features.
[17:59:53] Writing outputs to ../../../CURRENT/PANGROWTH/SEQS/NC_003027.1_NI_2490_Kenya_1958_PROKKA/
[17:59:54] Generating annotation statistics file
[17:59:54] Generating Genbank and Sequin files
[17:59:54] Running: tbl2asn -V b -a r10k -l paired-ends -M n -N 1 -y 'Annotated using prokka 1.14.6 from https://github.com/tseemann/prokka' -Z \.\.\/\.\.\/\.\.\/CURRENT\/PANGROWTH\/SEQS\/NC_003027\.1_NI_2490_Kenya_1958_PROKKA\/NC_003027\.1_NI_2490_Kenya_1958\.err -i \.\.\/\.\.\/\.\.\/CURRENT\/PANGROWTH\/SEQS\/NC_003027\.1_NI_2490_Kenya_1958_PROKKA\/NC_003027\.1_NI_2490_Kenya_1958\.fsa 2> /dev/null
[17:59:54] Deleting unwanted file: ../../../CURRENT/PANGROWTH/SEQS/NC_003027.1_NI_2490_Kenya_1958_PROKKA/errorsummary.val
[17:59:54] Deleting unwanted file: ../../../CURRENT/PANGROWTH/SEQS/NC_003027.1_NI_2490_Kenya_1958_PROKKA/NC_003027.1_NI_2490_Kenya_1958.dr
[17:59:54] Deleting unwanted file: ../../../CURRENT/PANGROWTH/SEQS/NC_003027.1_NI_2490_Kenya_1958_PROKKA/NC_003027.1_NI_2490_Kenya_1958.fixedproducts
[17:59:54] Deleting unwanted file: ../../../CURRENT/PANGROWTH/SEQS/NC_003027.1_NI_2490_Kenya_1958_PROKKA/NC_003027.1_NI_2490_Kenya_1958.ecn
[17:59:54] Deleting unwanted file: ../../../CURRENT/PANGROWTH/SEQS/NC_003027.1_NI_2490_Kenya_1958_PROKKA/NC_003027.1_NI_2490_Kenya_1958.val
[17:59:54] Repairing broken .GBK output that tbl2asn produces...
[17:59:54] Running: sed 's/COORDINATES: profile/COORDINATES:profile/' < \.\.\/\.\.\/\.\.\/CURRENT\/PANGROWTH\/SEQS\/NC_003027\.1_NI_2490_Kenya_1958_PROKKA\/NC_003027\.1_NI_2490_Kenya_1958\.gbf > \.\.\/\.\.\/\.\.\/CURRENT\/PANGROWTH\/SEQS\/NC_003027\.1_NI_2490_Kenya_1958_PROKKA\/NC_003027\.1_NI_2490_Kenya_1958\.gbk
[17:59:54] Deleting unwanted file: ../../../CURRENT/PANGROWTH/SEQS/NC_003027.1_NI_2490_Kenya_1958_PROKKA/NC_003027.1_NI_2490_Kenya_1958.gbf
[17:59:54] Output files:
[17:59:54] ../../../CURRENT/PANGROWTH/SEQS/NC_003027.1_NI_2490_Kenya_1958_PROKKA/NC_003027.1_NI_2490_Kenya_1958.txt
[17:59:54] ../../../CURRENT/PANGROWTH/SEQS/NC_003027.1_NI_2490_Kenya_1958_PROKKA/NC_003027.1_NI_2490_Kenya_1958.log
[17:59:54] ../../../CURRENT/PANGROWTH/SEQS/NC_003027.1_NI_2490_Kenya_1958_PROKKA/NC_003027.1_NI_2490_Kenya_1958.err
[17:59:54] ../../../CURRENT/PANGROWTH/SEQS/NC_003027.1_NI_2490_Kenya_1958_PROKKA/NC_003027.1_NI_2490_Kenya_1958.gbk
[17:59:54] ../../../CURRENT/PANGROWTH/SEQS/NC_003027.1_NI_2490_Kenya_1958_PROKKA/NC_003027.1_NI_2490_Kenya_1958.faa
[17:59:54] ../../../CURRENT/PANGROWTH/SEQS/NC_003027.1_NI_2490_Kenya_1958_PROKKA/NC_003027.1_NI_2490_Kenya_1958.fna
[17:59:54] ../../../CURRENT/PANGROWTH/SEQS/NC_003027.1_NI_2490_Kenya_1958_PROKKA/NC_003027.1_NI_2490_Kenya_1958.fsa
[17:59:54] ../../../CURRENT/PANGROWTH/SEQS/NC_003027.1_NI_2490_Kenya_1958_PROKKA/NC_003027.1_NI_2490_Kenya_1958.tsv
[17:59:54] ../../../CURRENT/PANGROWTH/SEQS/NC_003027.1_NI_2490_Kenya_1958_PROKKA/NC_003027.1_NI_2490_Kenya_1958.gff
[17:59:54] ../../../CURRENT/PANGROWTH/SEQS/NC_003027.1_NI_2490_Kenya_1958_PROKKA/NC_003027.1_NI_2490_Kenya_1958.ffn
[17:59:54] ../../../CURRENT/PANGROWTH/SEQS/NC_003027.1_NI_2490_Kenya_1958_PROKKA/NC_003027.1_NI_2490_Kenya_1958.sqn
[17:59:54] ../../../CURRENT/PANGROWTH/SEQS/NC_003027.1_NI_2490_Kenya_1958_PROKKA/NC_003027.1_NI_2490_Kenya_1958.tbl
[17:59:54] Annotation finished successfully.
[17:59:54] Walltime used: 0.03 minutes
[17:59:54] If you use this result please cite the Prokka paper:
[17:59:54] Seemann T (2014) Prokka: rapid prokaryotic genome annotation. Bioinformatics. 30(14):2068-9.
[17:59:54] Type 'prokka --citation' for more details.
[17:59:54] Thank you, come again.
