Discrepancy Report Results

Summary
FATAL: MISSING_PROTEIN_ID:151 proteins have invalid IDs.
DISC_SOURCE_QUALS_ASNDISC:strain (all present, all unique)
DISC_SOURCE_QUALS_ASNDISC:taxname (all present, all unique)
DISC_FEATURE_COUNT:CDS: 151 present
DISC_COUNT_NUCLEOTIDES:1 nucleotide Bioseqs are present
FEATURE_LOCATION_CONFLICT:151 features have inconsistent gene locations.
SUSPECT_PRODUCT_NAMES:3 product_names contain suspect phrase or characters
	May contain database identifier more appropriate in note; remove from product name
		1 features contains three or more numbers together that may be identifiers more appropriate in note
	use protein instead of gene as appropriate
		2 features contains 'gene'
DISC_QUALITY_SCORES:Quality scores are missing on all sequences.
ONCALLER_COMMENT_PRESENT:1 comment descriptors were found (all same)
SHORT_PROT_SEQUENCES:2 protein sequences are shorter than 50 aa.
MISSING_GENOMEASSEMBLY_COMMENTS:1 bioseqs are missing GenomeAssembly structured comments
MOLTYPE_NOT_MRNA:1 molecule types are not set as mRNA.
TECHNIQUE_NOT_TSA:1 technique are not set as TSA
MISSING_STRUCTURED_COMMENT:1 sequences do not include structured comments.
MISSING_PROJECT:152 sequences do not include project.
DISC_INCONSISTENT_MOLINFO_TECH:Molinfo Technique Report (some missing, all same)
DISC_GAPS:1 sequences contain gaps


Detailed Report

FATAL: DiscRep_ALL:MISSING_PROTEIN_ID::151 proteins have invalid IDs.
../../../CURRENT/PANGROWTH/SEQS/NC_003027.1_NI_2490_Kenya_1958_PROKKA/NC_003027.1_NI_2490_Kenya_1958:NC_003027.1_NI_2490_Kenya_1958_1 (length 240)
../../../CURRENT/PANGROWTH/SEQS/NC_003027.1_NI_2490_Kenya_1958_PROKKA/NC_003027.1_NI_2490_Kenya_1958:NC_003027.1_NI_2490_Kenya_1958_2 (length 170)
../../../CURRENT/PANGROWTH/SEQS/NC_003027.1_NI_2490_Kenya_1958_PROKKA/NC_003027.1_NI_2490_Kenya_1958:NC_003027.1_NI_2490_Kenya_1958_3 (length 231)
../../../CURRENT/PANGROWTH/SEQS/NC_003027.1_NI_2490_Kenya_1958_PROKKA/NC_003027.1_NI_2490_Kenya_1958:NC_003027.1_NI_2490_Kenya_1958_4 (length 355)
../../../CURRENT/PANGROWTH/SEQS/NC_003027.1_NI_2490_Kenya_1958_PROKKA/NC_003027.1_NI_2490_Kenya_1958:NC_003027.1_NI_2490_Kenya_1958_5 (length 275)
../../../CURRENT/PANGROWTH/SEQS/NC_003027.1_NI_2490_Kenya_1958_PROKKA/NC_003027.1_NI_2490_Kenya_1958:NC_003027.1_NI_2490_Kenya_1958_6 (length 230)
../../../CURRENT/PANGROWTH/SEQS/NC_003027.1_NI_2490_Kenya_1958_PROKKA/NC_003027.1_NI_2490_Kenya_1958:NC_003027.1_NI_2490_Kenya_1958_7 (length 162)
../../../CURRENT/PANGROWTH/SEQS/NC_003027.1_NI_2490_Kenya_1958_PROKKA/NC_003027.1_NI_2490_Kenya_1958:NC_003027.1_NI_2490_Kenya_1958_8 (length 381)
../../../CURRENT/PANGROWTH/SEQS/NC_003027.1_NI_2490_Kenya_1958_PROKKA/NC_003027.1_NI_2490_Kenya_1958:NC_003027.1_NI_2490_Kenya_1958_9 (length 211)
../../../CURRENT/PANGROWTH/SEQS/NC_003027.1_NI_2490_Kenya_1958_PROKKA/NC_003027.1_NI_2490_Kenya_1958:NC_003027.1_NI_2490_Kenya_1958_10 (length 341)
../../../CURRENT/PANGROWTH/SEQS/NC_003027.1_NI_2490_Kenya_1958_PROKKA/NC_003027.1_NI_2490_Kenya_1958:NC_003027.1_NI_2490_Kenya_1958_11 (length 89)
../../../CURRENT/PANGROWTH/SEQS/NC_003027.1_NI_2490_Kenya_1958_PROKKA/NC_003027.1_NI_2490_Kenya_1958:NC_003027.1_NI_2490_Kenya_1958_12 (length 161)
../../../CURRENT/PANGROWTH/SEQS/NC_003027.1_NI_2490_Kenya_1958_PROKKA/NC_003027.1_NI_2490_Kenya_1958:NC_003027.1_NI_2490_Kenya_1958_13 (length 89)
../../../CURRENT/PANGROWTH/SEQS/NC_003027.1_NI_2490_Kenya_1958_PROKKA/NC_003027.1_NI_2490_Kenya_1958:NC_003027.1_NI_2490_Kenya_1958_14 (length 176)
../../../CURRENT/PANGROWTH/SEQS/NC_003027.1_NI_2490_Kenya_1958_PROKKA/NC_003027.1_NI_2490_Kenya_1958:NC_003027.1_NI_2490_Kenya_1958_15 (length 146)
../../../CURRENT/PANGROWTH/SEQS/NC_003027.1_NI_2490_Kenya_1958_PROKKA/NC_003027.1_NI_2490_Kenya_1958:NC_003027.1_NI_2490_Kenya_1958_16 (length 569)
../../../CURRENT/PANGROWTH/SEQS/NC_003027.1_NI_2490_Kenya_1958_PROKKA/NC_003027.1_NI_2490_Kenya_1958:NC_003027.1_NI_2490_Kenya_1958_17 (length 321)
../../../CURRENT/PANGROWTH/SEQS/NC_003027.1_NI_2490_Kenya_1958_PROKKA/NC_003027.1_NI_2490_Kenya_1958:NC_003027.1_NI_2490_Kenya_1958_18 (length 86)
../../../CURRENT/PANGROWTH/SEQS/NC_003027.1_NI_2490_Kenya_1958_PROKKA/NC_003027.1_NI_2490_Kenya_1958:NC_003027.1_NI_2490_Kenya_1958_19 (length 112)
../../../CURRENT/PANGROWTH/SEQS/NC_003027.1_NI_2490_Kenya_1958_PROKKA/NC_003027.1_NI_2490_Kenya_1958:NC_003027.1_NI_2490_Kenya_1958_20 (length 72)
../../../CURRENT/PANGROWTH/SEQS/NC_003027.1_NI_2490_Kenya_1958_PROKKA/NC_003027.1_NI_2490_Kenya_1958:NC_003027.1_NI_2490_Kenya_1958_21 (length 216)
../../../CURRENT/PANGROWTH/SEQS/NC_003027.1_NI_2490_Kenya_1958_PROKKA/NC_003027.1_NI_2490_Kenya_1958:NC_003027.1_NI_2490_Kenya_1958_22 (length 447)
../../../CURRENT/PANGROWTH/SEQS/NC_003027.1_NI_2490_Kenya_1958_PROKKA/NC_003027.1_NI_2490_Kenya_1958:NC_003027.1_NI_2490_Kenya_1958_23 (length 302)
../../../CURRENT/PANGROWTH/SEQS/NC_003027.1_NI_2490_Kenya_1958_PROKKA/NC_003027.1_NI_2490_Kenya_1958:NC_003027.1_NI_2490_Kenya_1958_24 (length 638)
../../../CURRENT/PANGROWTH/SEQS/NC_003027.1_NI_2490_Kenya_1958_PROKKA/NC_003027.1_NI_2490_Kenya_1958:NC_003027.1_NI_2490_Kenya_1958_25 (length 370)
../../../CURRENT/PANGROWTH/SEQS/NC_003027.1_NI_2490_Kenya_1958_PROKKA/NC_003027.1_NI_2490_Kenya_1958:NC_003027.1_NI_2490_Kenya_1958_26 (length 48)
../../../CURRENT/PANGROWTH/SEQS/NC_003027.1_NI_2490_Kenya_1958_PROKKA/NC_003027.1_NI_2490_Kenya_1958:NC_003027.1_NI_2490_Kenya_1958_27 (length 145)
../../../CURRENT/PANGROWTH/SEQS/NC_003027.1_NI_2490_Kenya_1958_PROKKA/NC_003027.1_NI_2490_Kenya_1958:NC_003027.1_NI_2490_Kenya_1958_28 (length 219)
../../../CURRENT/PANGROWTH/SEQS/NC_003027.1_NI_2490_Kenya_1958_PROKKA/NC_003027.1_NI_2490_Kenya_1958:NC_003027.1_NI_2490_Kenya_1958_29 (length 104)
../../../CURRENT/PANGROWTH/SEQS/NC_003027.1_NI_2490_Kenya_1958_PROKKA/NC_003027.1_NI_2490_Kenya_1958:NC_003027.1_NI_2490_Kenya_1958_30 (length 474)
../../../CURRENT/PANGROWTH/SEQS/NC_003027.1_NI_2490_Kenya_1958_PROKKA/NC_003027.1_NI_2490_Kenya_1958:NC_003027.1_NI_2490_Kenya_1958_31 (length 735)
../../../CURRENT/PANGROWTH/SEQS/NC_003027.1_NI_2490_Kenya_1958_PROKKA/NC_003027.1_NI_2490_Kenya_1958:NC_003027.1_NI_2490_Kenya_1958_32 (length 177)
../../../CURRENT/PANGROWTH/SEQS/NC_003027.1_NI_2490_Kenya_1958_PROKKA/NC_003027.1_NI_2490_Kenya_1958:NC_003027.1_NI_2490_Kenya_1958_33 (length 201)
../../../CURRENT/PANGROWTH/SEQS/NC_003027.1_NI_2490_Kenya_1958_PROKKA/NC_003027.1_NI_2490_Kenya_1958:NC_003027.1_NI_2490_Kenya_1958_34 (length 374)
../../../CURRENT/PANGROWTH/SEQS/NC_003027.1_NI_2490_Kenya_1958_PROKKA/NC_003027.1_NI_2490_Kenya_1958:NC_003027.1_NI_2490_Kenya_1958_35 (length 566)
../../../CURRENT/PANGROWTH/SEQS/NC_003027.1_NI_2490_Kenya_1958_PROKKA/NC_003027.1_NI_2490_Kenya_1958:NC_003027.1_NI_2490_Kenya_1958_36 (length 266)
../../../CURRENT/PANGROWTH/SEQS/NC_003027.1_NI_2490_Kenya_1958_PROKKA/NC_003027.1_NI_2490_Kenya_1958:NC_003027.1_NI_2490_Kenya_1958_37 (length 1010)
../../../CURRENT/PANGROWTH/SEQS/NC_003027.1_NI_2490_Kenya_1958_PROKKA/NC_003027.1_NI_2490_Kenya_1958:NC_003027.1_NI_2490_Kenya_1958_38 (length 95)
../../../CURRENT/PANGROWTH/SEQS/NC_003027.1_NI_2490_Kenya_1958_PROKKA/NC_003027.1_NI_2490_Kenya_1958:NC_003027.1_NI_2490_Kenya_1958_39 (length 130)
../../../CURRENT/PANGROWTH/SEQS/NC_003027.1_NI_2490_Kenya_1958_PROKKA/NC_003027.1_NI_2490_Kenya_1958:NC_003027.1_NI_2490_Kenya_1958_40 (length 684)
../../../CURRENT/PANGROWTH/SEQS/NC_003027.1_NI_2490_Kenya_1958_PROKKA/NC_003027.1_NI_2490_Kenya_1958:NC_003027.1_NI_2490_Kenya_1958_41 (length 314)
../../../CURRENT/PANGROWTH/SEQS/NC_003027.1_NI_2490_Kenya_1958_PROKKA/NC_003027.1_NI_2490_Kenya_1958:NC_003027.1_NI_2490_Kenya_1958_42 (length 72)
../../../CURRENT/PANGROWTH/SEQS/NC_003027.1_NI_2490_Kenya_1958_PROKKA/NC_003027.1_NI_2490_Kenya_1958:NC_003027.1_NI_2490_Kenya_1958_43 (length 276)
../../../CURRENT/PANGROWTH/SEQS/NC_003027.1_NI_2490_Kenya_1958_PROKKA/NC_003027.1_NI_2490_Kenya_1958:NC_003027.1_NI_2490_Kenya_1958_44 (length 78)
../../../CURRENT/PANGROWTH/SEQS/NC_003027.1_NI_2490_Kenya_1958_PROKKA/NC_003027.1_NI_2490_Kenya_1958:NC_003027.1_NI_2490_Kenya_1958_45 (length 394)
../../../CURRENT/PANGROWTH/SEQS/NC_003027.1_NI_2490_Kenya_1958_PROKKA/NC_003027.1_NI_2490_Kenya_1958:NC_003027.1_NI_2490_Kenya_1958_46 (length 433)
../../../CURRENT/PANGROWTH/SEQS/NC_003027.1_NI_2490_Kenya_1958_PROKKA/NC_003027.1_NI_2490_Kenya_1958:NC_003027.1_NI_2490_Kenya_1958_47 (length 676)
../../../CURRENT/PANGROWTH/SEQS/NC_003027.1_NI_2490_Kenya_1958_PROKKA/NC_003027.1_NI_2490_Kenya_1958:NC_003027.1_NI_2490_Kenya_1958_48 (length 596)
../../../CURRENT/PANGROWTH/SEQS/NC_003027.1_NI_2490_Kenya_1958_PROKKA/NC_003027.1_NI_2490_Kenya_1958:NC_003027.1_NI_2490_Kenya_1958_49 (length 81)
../../../CURRENT/PANGROWTH/SEQS/NC_003027.1_NI_2490_Kenya_1958_PROKKA/NC_003027.1_NI_2490_Kenya_1958:NC_003027.1_NI_2490_Kenya_1958_50 (length 222)
../../../CURRENT/PANGROWTH/SEQS/NC_003027.1_NI_2490_Kenya_1958_PROKKA/NC_003027.1_NI_2490_Kenya_1958:NC_003027.1_NI_2490_Kenya_1958_51 (length 126)
../../../CURRENT/PANGROWTH/SEQS/NC_003027.1_NI_2490_Kenya_1958_PROKKA/NC_003027.1_NI_2490_Kenya_1958:NC_003027.1_NI_2490_Kenya_1958_52 (length 437)
../../../CURRENT/PANGROWTH/SEQS/NC_003027.1_NI_2490_Kenya_1958_PROKKA/NC_003027.1_NI_2490_Kenya_1958:NC_003027.1_NI_2490_Kenya_1958_53 (length 63)
../../../CURRENT/PANGROWTH/SEQS/NC_003027.1_NI_2490_Kenya_1958_PROKKA/NC_003027.1_NI_2490_Kenya_1958:NC_003027.1_NI_2490_Kenya_1958_54 (length 174)
../../../CURRENT/PANGROWTH/SEQS/NC_003027.1_NI_2490_Kenya_1958_PROKKA/NC_003027.1_NI_2490_Kenya_1958:NC_003027.1_NI_2490_Kenya_1958_55 (length 373)
../../../CURRENT/PANGROWTH/SEQS/NC_003027.1_NI_2490_Kenya_1958_PROKKA/NC_003027.1_NI_2490_Kenya_1958:NC_003027.1_NI_2490_Kenya_1958_56 (length 260)
../../../CURRENT/PANGROWTH/SEQS/NC_003027.1_NI_2490_Kenya_1958_PROKKA/NC_003027.1_NI_2490_Kenya_1958:NC_003027.1_NI_2490_Kenya_1958_57 (length 336)
../../../CURRENT/PANGROWTH/SEQS/NC_003027.1_NI_2490_Kenya_1958_PROKKA/NC_003027.1_NI_2490_Kenya_1958:NC_003027.1_NI_2490_Kenya_1958_58 (length 245)
../../../CURRENT/PANGROWTH/SEQS/NC_003027.1_NI_2490_Kenya_1958_PROKKA/NC_003027.1_NI_2490_Kenya_1958:NC_003027.1_NI_2490_Kenya_1958_59 (length 92)
../../../CURRENT/PANGROWTH/SEQS/NC_003027.1_NI_2490_Kenya_1958_PROKKA/NC_003027.1_NI_2490_Kenya_1958:NC_003027.1_NI_2490_Kenya_1958_60 (length 318)
../../../CURRENT/PANGROWTH/SEQS/NC_003027.1_NI_2490_Kenya_1958_PROKKA/NC_003027.1_NI_2490_Kenya_1958:NC_003027.1_NI_2490_Kenya_1958_61 (length 253)
../../../CURRENT/PANGROWTH/SEQS/NC_003027.1_NI_2490_Kenya_1958_PROKKA/NC_003027.1_NI_2490_Kenya_1958:NC_003027.1_NI_2490_Kenya_1958_62 (length 131)
../../../CURRENT/PANGROWTH/SEQS/NC_003027.1_NI_2490_Kenya_1958_PROKKA/NC_003027.1_NI_2490_Kenya_1958:NC_003027.1_NI_2490_Kenya_1958_63 (length 147)
../../../CURRENT/PANGROWTH/SEQS/NC_003027.1_NI_2490_Kenya_1958_PROKKA/NC_003027.1_NI_2490_Kenya_1958:NC_003027.1_NI_2490_Kenya_1958_64 (length 177)
../../../CURRENT/PANGROWTH/SEQS/NC_003027.1_NI_2490_Kenya_1958_PROKKA/NC_003027.1_NI_2490_Kenya_1958:NC_003027.1_NI_2490_Kenya_1958_65 (length 198)
../../../CURRENT/PANGROWTH/SEQS/NC_003027.1_NI_2490_Kenya_1958_PROKKA/NC_003027.1_NI_2490_Kenya_1958:NC_003027.1_NI_2490_Kenya_1958_66 (length 333)
../../../CURRENT/PANGROWTH/SEQS/NC_003027.1_NI_2490_Kenya_1958_PROKKA/NC_003027.1_NI_2490_Kenya_1958:NC_003027.1_NI_2490_Kenya_1958_67 (length 133)
../../../CURRENT/PANGROWTH/SEQS/NC_003027.1_NI_2490_Kenya_1958_PROKKA/NC_003027.1_NI_2490_Kenya_1958:NC_003027.1_NI_2490_Kenya_1958_68 (length 1285)
../../../CURRENT/PANGROWTH/SEQS/NC_003027.1_NI_2490_Kenya_1958_PROKKA/NC_003027.1_NI_2490_Kenya_1958:NC_003027.1_NI_2490_Kenya_1958_69 (length 171)
../../../CURRENT/PANGROWTH/SEQS/NC_003027.1_NI_2490_Kenya_1958_PROKKA/NC_003027.1_NI_2490_Kenya_1958:NC_003027.1_NI_2490_Kenya_1958_70 (length 190)
../../../CURRENT/PANGROWTH/SEQS/NC_003027.1_NI_2490_Kenya_1958_PROKKA/NC_003027.1_NI_2490_Kenya_1958:NC_003027.1_NI_2490_Kenya_1958_71 (length 322)
../../../CURRENT/PANGROWTH/SEQS/NC_003027.1_NI_2490_Kenya_1958_PROKKA/NC_003027.1_NI_2490_Kenya_1958:NC_003027.1_NI_2490_Kenya_1958_72 (length 798)
../../../CURRENT/PANGROWTH/SEQS/NC_003027.1_NI_2490_Kenya_1958_PROKKA/NC_003027.1_NI_2490_Kenya_1958:NC_003027.1_NI_2490_Kenya_1958_73 (length 223)
../../../CURRENT/PANGROWTH/SEQS/NC_003027.1_NI_2490_Kenya_1958_PROKKA/NC_003027.1_NI_2490_Kenya_1958:NC_003027.1_NI_2490_Kenya_1958_74 (length 317)
../../../CURRENT/PANGROWTH/SEQS/NC_003027.1_NI_2490_Kenya_1958_PROKKA/NC_003027.1_NI_2490_Kenya_1958:NC_003027.1_NI_2490_Kenya_1958_75 (length 147)
../../../CURRENT/PANGROWTH/SEQS/NC_003027.1_NI_2490_Kenya_1958_PROKKA/NC_003027.1_NI_2490_Kenya_1958:NC_003027.1_NI_2490_Kenya_1958_76 (length 842)
../../../CURRENT/PANGROWTH/SEQS/NC_003027.1_NI_2490_Kenya_1958_PROKKA/NC_003027.1_NI_2490_Kenya_1958:NC_003027.1_NI_2490_Kenya_1958_77 (length 155)
../../../CURRENT/PANGROWTH/SEQS/NC_003027.1_NI_2490_Kenya_1958_PROKKA/NC_003027.1_NI_2490_Kenya_1958:NC_003027.1_NI_2490_Kenya_1958_78 (length 245)
../../../CURRENT/PANGROWTH/SEQS/NC_003027.1_NI_2490_Kenya_1958_PROKKA/NC_003027.1_NI_2490_Kenya_1958:NC_003027.1_NI_2490_Kenya_1958_79 (length 218)
../../../CURRENT/PANGROWTH/SEQS/NC_003027.1_NI_2490_Kenya_1958_PROKKA/NC_003027.1_NI_2490_Kenya_1958:NC_003027.1_NI_2490_Kenya_1958_80 (length 786)
../../../CURRENT/PANGROWTH/SEQS/NC_003027.1_NI_2490_Kenya_1958_PROKKA/NC_003027.1_NI_2490_Kenya_1958:NC_003027.1_NI_2490_Kenya_1958_81 (length 635)
../../../CURRENT/PANGROWTH/SEQS/NC_003027.1_NI_2490_Kenya_1958_PROKKA/NC_003027.1_NI_2490_Kenya_1958:NC_003027.1_NI_2490_Kenya_1958_82 (length 163)
../../../CURRENT/PANGROWTH/SEQS/NC_003027.1_NI_2490_Kenya_1958_PROKKA/NC_003027.1_NI_2490_Kenya_1958:NC_003027.1_NI_2490_Kenya_1958_83 (length 213)
../../../CURRENT/PANGROWTH/SEQS/NC_003027.1_NI_2490_Kenya_1958_PROKKA/NC_003027.1_NI_2490_Kenya_1958:NC_003027.1_NI_2490_Kenya_1958_84 (length 253)
../../../CURRENT/PANGROWTH/SEQS/NC_003027.1_NI_2490_Kenya_1958_PROKKA/NC_003027.1_NI_2490_Kenya_1958:NC_003027.1_NI_2490_Kenya_1958_85 (length 635)
../../../CURRENT/PANGROWTH/SEQS/NC_003027.1_NI_2490_Kenya_1958_PROKKA/NC_003027.1_NI_2490_Kenya_1958:NC_003027.1_NI_2490_Kenya_1958_86 (length 287)
../../../CURRENT/PANGROWTH/SEQS/NC_003027.1_NI_2490_Kenya_1958_PROKKA/NC_003027.1_NI_2490_Kenya_1958:NC_003027.1_NI_2490_Kenya_1958_87 (length 549)
../../../CURRENT/PANGROWTH/SEQS/NC_003027.1_NI_2490_Kenya_1958_PROKKA/NC_003027.1_NI_2490_Kenya_1958:NC_003027.1_NI_2490_Kenya_1958_88 (length 150)
../../../CURRENT/PANGROWTH/SEQS/NC_003027.1_NI_2490_Kenya_1958_PROKKA/NC_003027.1_NI_2490_Kenya_1958:NC_003027.1_NI_2490_Kenya_1958_89 (length 227)
../../../CURRENT/PANGROWTH/SEQS/NC_003027.1_NI_2490_Kenya_1958_PROKKA/NC_003027.1_NI_2490_Kenya_1958:NC_003027.1_NI_2490_Kenya_1958_90 (length 75)
../../../CURRENT/PANGROWTH/SEQS/NC_003027.1_NI_2490_Kenya_1958_PROKKA/NC_003027.1_NI_2490_Kenya_1958:NC_003027.1_NI_2490_Kenya_1958_91 (length 661)
../../../CURRENT/PANGROWTH/SEQS/NC_003027.1_NI_2490_Kenya_1958_PROKKA/NC_003027.1_NI_2490_Kenya_1958:NC_003027.1_NI_2490_Kenya_1958_92 (length 161)
../../../CURRENT/PANGROWTH/SEQS/NC_003027.1_NI_2490_Kenya_1958_PROKKA/NC_003027.1_NI_2490_Kenya_1958:NC_003027.1_NI_2490_Kenya_1958_93 (length 170)
../../../CURRENT/PANGROWTH/SEQS/NC_003027.1_NI_2490_Kenya_1958_PROKKA/NC_003027.1_NI_2490_Kenya_1958:NC_003027.1_NI_2490_Kenya_1958_94 (length 375)
../../../CURRENT/PANGROWTH/SEQS/NC_003027.1_NI_2490_Kenya_1958_PROKKA/NC_003027.1_NI_2490_Kenya_1958:NC_003027.1_NI_2490_Kenya_1958_95 (length 714)
../../../CURRENT/PANGROWTH/SEQS/NC_003027.1_NI_2490_Kenya_1958_PROKKA/NC_003027.1_NI_2490_Kenya_1958:NC_003027.1_NI_2490_Kenya_1958_96 (length 290)
../../../CURRENT/PANGROWTH/SEQS/NC_003027.1_NI_2490_Kenya_1958_PROKKA/NC_003027.1_NI_2490_Kenya_1958:NC_003027.1_NI_2490_Kenya_1958_97 (length 78)
../../../CURRENT/PANGROWTH/SEQS/NC_003027.1_NI_2490_Kenya_1958_PROKKA/NC_003027.1_NI_2490_Kenya_1958:NC_003027.1_NI_2490_Kenya_1958_98 (length 904)
../../../CURRENT/PANGROWTH/SEQS/NC_003027.1_NI_2490_Kenya_1958_PROKKA/NC_003027.1_NI_2490_Kenya_1958:NC_003027.1_NI_2490_Kenya_1958_99 (length 317)
../../../CURRENT/PANGROWTH/SEQS/NC_003027.1_NI_2490_Kenya_1958_PROKKA/NC_003027.1_NI_2490_Kenya_1958:NC_003027.1_NI_2490_Kenya_1958_100 (length 190)
../../../CURRENT/PANGROWTH/SEQS/NC_003027.1_NI_2490_Kenya_1958_PROKKA/NC_003027.1_NI_2490_Kenya_1958:NC_003027.1_NI_2490_Kenya_1958_101 (length 67)
../../../CURRENT/PANGROWTH/SEQS/NC_003027.1_NI_2490_Kenya_1958_PROKKA/NC_003027.1_NI_2490_Kenya_1958:NC_003027.1_NI_2490_Kenya_1958_102 (length 95)
../../../CURRENT/PANGROWTH/SEQS/NC_003027.1_NI_2490_Kenya_1958_PROKKA/NC_003027.1_NI_2490_Kenya_1958:NC_003027.1_NI_2490_Kenya_1958_103 (length 95)
../../../CURRENT/PANGROWTH/SEQS/NC_003027.1_NI_2490_Kenya_1958_PROKKA/NC_003027.1_NI_2490_Kenya_1958:NC_003027.1_NI_2490_Kenya_1958_104 (length 377)
../../../CURRENT/PANGROWTH/SEQS/NC_003027.1_NI_2490_Kenya_1958_PROKKA/NC_003027.1_NI_2490_Kenya_1958:NC_003027.1_NI_2490_Kenya_1958_105 (length 196)
../../../CURRENT/PANGROWTH/SEQS/NC_003027.1_NI_2490_Kenya_1958_PROKKA/NC_003027.1_NI_2490_Kenya_1958:NC_003027.1_NI_2490_Kenya_1958_106 (length 480)
../../../CURRENT/PANGROWTH/SEQS/NC_003027.1_NI_2490_Kenya_1958_PROKKA/NC_003027.1_NI_2490_Kenya_1958:NC_003027.1_NI_2490_Kenya_1958_107 (length 74)
../../../CURRENT/PANGROWTH/SEQS/NC_003027.1_NI_2490_Kenya_1958_PROKKA/NC_003027.1_NI_2490_Kenya_1958:NC_003027.1_NI_2490_Kenya_1958_108 (length 52)
../../../CURRENT/PANGROWTH/SEQS/NC_003027.1_NI_2490_Kenya_1958_PROKKA/NC_003027.1_NI_2490_Kenya_1958:NC_003027.1_NI_2490_Kenya_1958_109 (length 430)
../../../CURRENT/PANGROWTH/SEQS/NC_003027.1_NI_2490_Kenya_1958_PROKKA/NC_003027.1_NI_2490_Kenya_1958:NC_003027.1_NI_2490_Kenya_1958_110 (length 168)
../../../CURRENT/PANGROWTH/SEQS/NC_003027.1_NI_2490_Kenya_1958_PROKKA/NC_003027.1_NI_2490_Kenya_1958:NC_003027.1_NI_2490_Kenya_1958_111 (length 385)
../../../CURRENT/PANGROWTH/SEQS/NC_003027.1_NI_2490_Kenya_1958_PROKKA/NC_003027.1_NI_2490_Kenya_1958:NC_003027.1_NI_2490_Kenya_1958_112 (length 1156)
../../../CURRENT/PANGROWTH/SEQS/NC_003027.1_NI_2490_Kenya_1958_PROKKA/NC_003027.1_NI_2490_Kenya_1958:NC_003027.1_NI_2490_Kenya_1958_113 (length 148)
../../../CURRENT/PANGROWTH/SEQS/NC_003027.1_NI_2490_Kenya_1958_PROKKA/NC_003027.1_NI_2490_Kenya_1958:NC_003027.1_NI_2490_Kenya_1958_114 (length 140)
../../../CURRENT/PANGROWTH/SEQS/NC_003027.1_NI_2490_Kenya_1958_PROKKA/NC_003027.1_NI_2490_Kenya_1958:NC_003027.1_NI_2490_Kenya_1958_115 (length 302)
../../../CURRENT/PANGROWTH/SEQS/NC_003027.1_NI_2490_Kenya_1958_PROKKA/NC_003027.1_NI_2490_Kenya_1958:NC_003027.1_NI_2490_Kenya_1958_116 (length 74)
../../../CURRENT/PANGROWTH/SEQS/NC_003027.1_NI_2490_Kenya_1958_PROKKA/NC_003027.1_NI_2490_Kenya_1958:NC_003027.1_NI_2490_Kenya_1958_117 (length 41)
../../../CURRENT/PANGROWTH/SEQS/NC_003027.1_NI_2490_Kenya_1958_PROKKA/NC_003027.1_NI_2490_Kenya_1958:NC_003027.1_NI_2490_Kenya_1958_118 (length 254)
../../../CURRENT/PANGROWTH/SEQS/NC_003027.1_NI_2490_Kenya_1958_PROKKA/NC_003027.1_NI_2490_Kenya_1958:NC_003027.1_NI_2490_Kenya_1958_119 (length 196)
../../../CURRENT/PANGROWTH/SEQS/NC_003027.1_NI_2490_Kenya_1958_PROKKA/NC_003027.1_NI_2490_Kenya_1958:NC_003027.1_NI_2490_Kenya_1958_120 (length 171)
../../../CURRENT/PANGROWTH/SEQS/NC_003027.1_NI_2490_Kenya_1958_PROKKA/NC_003027.1_NI_2490_Kenya_1958:NC_003027.1_NI_2490_Kenya_1958_121 (length 191)
../../../CURRENT/PANGROWTH/SEQS/NC_003027.1_NI_2490_Kenya_1958_PROKKA/NC_003027.1_NI_2490_Kenya_1958:NC_003027.1_NI_2490_Kenya_1958_122 (length 288)
../../../CURRENT/PANGROWTH/SEQS/NC_003027.1_NI_2490_Kenya_1958_PROKKA/NC_003027.1_NI_2490_Kenya_1958:NC_003027.1_NI_2490_Kenya_1958_123 (length 181)
../../../CURRENT/PANGROWTH/SEQS/NC_003027.1_NI_2490_Kenya_1958_PROKKA/NC_003027.1_NI_2490_Kenya_1958:NC_003027.1_NI_2490_Kenya_1958_124 (length 273)
../../../CURRENT/PANGROWTH/SEQS/NC_003027.1_NI_2490_Kenya_1958_PROKKA/NC_003027.1_NI_2490_Kenya_1958:NC_003027.1_NI_2490_Kenya_1958_125 (length 300)
../../../CURRENT/PANGROWTH/SEQS/NC_003027.1_NI_2490_Kenya_1958_PROKKA/NC_003027.1_NI_2490_Kenya_1958:NC_003027.1_NI_2490_Kenya_1958_126 (length 123)
../../../CURRENT/PANGROWTH/SEQS/NC_003027.1_NI_2490_Kenya_1958_PROKKA/NC_003027.1_NI_2490_Kenya_1958:NC_003027.1_NI_2490_Kenya_1958_127 (length 81)
../../../CURRENT/PANGROWTH/SEQS/NC_003027.1_NI_2490_Kenya_1958_PROKKA/NC_003027.1_NI_2490_Kenya_1958:NC_003027.1_NI_2490_Kenya_1958_128 (length 161)
../../../CURRENT/PANGROWTH/SEQS/NC_003027.1_NI_2490_Kenya_1958_PROKKA/NC_003027.1_NI_2490_Kenya_1958:NC_003027.1_NI_2490_Kenya_1958_129 (length 176)
../../../CURRENT/PANGROWTH/SEQS/NC_003027.1_NI_2490_Kenya_1958_PROKKA/NC_003027.1_NI_2490_Kenya_1958:NC_003027.1_NI_2490_Kenya_1958_130 (length 557)
../../../CURRENT/PANGROWTH/SEQS/NC_003027.1_NI_2490_Kenya_1958_PROKKA/NC_003027.1_NI_2490_Kenya_1958:NC_003027.1_NI_2490_Kenya_1958_131 (length 1985)
../../../CURRENT/PANGROWTH/SEQS/NC_003027.1_NI_2490_Kenya_1958_PROKKA/NC_003027.1_NI_2490_Kenya_1958:NC_003027.1_NI_2490_Kenya_1958_132 (length 360)
../../../CURRENT/PANGROWTH/SEQS/NC_003027.1_NI_2490_Kenya_1958_PROKKA/NC_003027.1_NI_2490_Kenya_1958:NC_003027.1_NI_2490_Kenya_1958_133 (length 153)
../../../CURRENT/PANGROWTH/SEQS/NC_003027.1_NI_2490_Kenya_1958_PROKKA/NC_003027.1_NI_2490_Kenya_1958:NC_003027.1_NI_2490_Kenya_1958_134 (length 335)
../../../CURRENT/PANGROWTH/SEQS/NC_003027.1_NI_2490_Kenya_1958_PROKKA/NC_003027.1_NI_2490_Kenya_1958:NC_003027.1_NI_2490_Kenya_1958_135 (length 186)
../../../CURRENT/PANGROWTH/SEQS/NC_003027.1_NI_2490_Kenya_1958_PROKKA/NC_003027.1_NI_2490_Kenya_1958:NC_003027.1_NI_2490_Kenya_1958_136 (length 305)
../../../CURRENT/PANGROWTH/SEQS/NC_003027.1_NI_2490_Kenya_1958_PROKKA/NC_003027.1_NI_2490_Kenya_1958:NC_003027.1_NI_2490_Kenya_1958_137 (length 240)
../../../CURRENT/PANGROWTH/SEQS/NC_003027.1_NI_2490_Kenya_1958_PROKKA/NC_003027.1_NI_2490_Kenya_1958:NC_003027.1_NI_2490_Kenya_1958_138 (length 225)
../../../CURRENT/PANGROWTH/SEQS/NC_003027.1_NI_2490_Kenya_1958_PROKKA/NC_003027.1_NI_2490_Kenya_1958:NC_003027.1_NI_2490_Kenya_1958_139 (length 134)
../../../CURRENT/PANGROWTH/SEQS/NC_003027.1_NI_2490_Kenya_1958_PROKKA/NC_003027.1_NI_2490_Kenya_1958:NC_003027.1_NI_2490_Kenya_1958_140 (length 302)
../../../CURRENT/PANGROWTH/SEQS/NC_003027.1_NI_2490_Kenya_1958_PROKKA/NC_003027.1_NI_2490_Kenya_1958:NC_003027.1_NI_2490_Kenya_1958_141 (length 547)
../../../CURRENT/PANGROWTH/SEQS/NC_003027.1_NI_2490_Kenya_1958_PROKKA/NC_003027.1_NI_2490_Kenya_1958:NC_003027.1_NI_2490_Kenya_1958_142 (length 634)
../../../CURRENT/PANGROWTH/SEQS/NC_003027.1_NI_2490_Kenya_1958_PROKKA/NC_003027.1_NI_2490_Kenya_1958:NC_003027.1_NI_2490_Kenya_1958_143 (length 413)
../../../CURRENT/PANGROWTH/SEQS/NC_003027.1_NI_2490_Kenya_1958_PROKKA/NC_003027.1_NI_2490_Kenya_1958:NC_003027.1_NI_2490_Kenya_1958_144 (length 498)
../../../CURRENT/PANGROWTH/SEQS/NC_003027.1_NI_2490_Kenya_1958_PROKKA/NC_003027.1_NI_2490_Kenya_1958:NC_003027.1_NI_2490_Kenya_1958_145 (length 447)
../../../CURRENT/PANGROWTH/SEQS/NC_003027.1_NI_2490_Kenya_1958_PROKKA/NC_003027.1_NI_2490_Kenya_1958:NC_003027.1_NI_2490_Kenya_1958_146 (length 337)
../../../CURRENT/PANGROWTH/SEQS/NC_003027.1_NI_2490_Kenya_1958_PROKKA/NC_003027.1_NI_2490_Kenya_1958:NC_003027.1_NI_2490_Kenya_1958_147 (length 161)
../../../CURRENT/PANGROWTH/SEQS/NC_003027.1_NI_2490_Kenya_1958_PROKKA/NC_003027.1_NI_2490_Kenya_1958:NC_003027.1_NI_2490_Kenya_1958_148 (length 550)
../../../CURRENT/PANGROWTH/SEQS/NC_003027.1_NI_2490_Kenya_1958_PROKKA/NC_003027.1_NI_2490_Kenya_1958:NC_003027.1_NI_2490_Kenya_1958_149 (length 489)
../../../CURRENT/PANGROWTH/SEQS/NC_003027.1_NI_2490_Kenya_1958_PROKKA/NC_003027.1_NI_2490_Kenya_1958:NC_003027.1_NI_2490_Kenya_1958_150 (length 91)
../../../CURRENT/PANGROWTH/SEQS/NC_003027.1_NI_2490_Kenya_1958_PROKKA/NC_003027.1_NI_2490_Kenya_1958:NC_003027.1_NI_2490_Kenya_1958_151 (length 240)

DiscRep_ALL:DISC_SOURCE_QUALS_ASNDISC::strain (all present, all unique)
DiscRep_SUB:DISC_SOURCE_QUALS_ASNDISC::1 sources have unique values for strain
DiscRep_ALL:DISC_SOURCE_QUALS_ASNDISC::taxname (all present, all unique)
DiscRep_SUB:DISC_SOURCE_QUALS_ASNDISC::1 sources have unique values for taxname
DiscRep_ALL:DISC_FEATURE_COUNT::CDS: 151 present
DiscRep_ALL:DISC_COUNT_NUCLEOTIDES::1 nucleotide Bioseqs are present
../../../CURRENT/PANGROWTH/SEQS/NC_003027.1_NI_2490_Kenya_1958_PROKKA/NC_003027.1_NI_2490_Kenya_1958:NC_003027.1_NI_2490_Kenya_1958 (length 150773, 2001 gap)

DiscRep_ALL:FEATURE_LOCATION_CONFLICT::151 features have inconsistent gene locations.
DiscRep_SUB:FEATURE_LOCATION_CONFLICT::Coding region xref gene does not exist
../../../CURRENT/PANGROWTH/SEQS/NC_003027.1_NI_2490_Kenya_1958_PROKKA/NC_003027.1_NI_2490_Kenya_1958:CDS	hypothetical protein	NC_003027.1_NI_2490_Kenya_1958:c2151-1429	NMOBLELM_00001

DiscRep_SUB:FEATURE_LOCATION_CONFLICT::Coding region xref gene does not exist
../../../CURRENT/PANGROWTH/SEQS/NC_003027.1_NI_2490_Kenya_1958_PROKKA/NC_003027.1_NI_2490_Kenya_1958:CDS	Viral interleukin-10	NC_003027.1_NI_2490_Kenya_1958:2446-2958	NMOBLELM_00002

DiscRep_SUB:FEATURE_LOCATION_CONFLICT::Coding region xref gene does not exist
../../../CURRENT/PANGROWTH/SEQS/NC_003027.1_NI_2490_Kenya_1958_PROKKA/NC_003027.1_NI_2490_Kenya_1958:CDS	hypothetical protein	NC_003027.1_NI_2490_Kenya_1958:c3664-2969	NMOBLELM_00003

DiscRep_SUB:FEATURE_LOCATION_CONFLICT::Coding region xref gene does not exist
../../../CURRENT/PANGROWTH/SEQS/NC_003027.1_NI_2490_Kenya_1958_PROKKA/NC_003027.1_NI_2490_Kenya_1958:CDS	hypothetical protein	NC_003027.1_NI_2490_Kenya_1958:c4753-3686	NMOBLELM_00004

DiscRep_SUB:FEATURE_LOCATION_CONFLICT::Coding region xref gene does not exist
../../../CURRENT/PANGROWTH/SEQS/NC_003027.1_NI_2490_Kenya_1958_PROKKA/NC_003027.1_NI_2490_Kenya_1958:CDS	Soluble interferon gamma receptor B8	NC_003027.1_NI_2490_Kenya_1958:c5664-4837	NMOBLELM_00005

DiscRep_SUB:FEATURE_LOCATION_CONFLICT::Coding region xref gene does not exist
../../../CURRENT/PANGROWTH/SEQS/NC_003027.1_NI_2490_Kenya_1958_PROKKA/NC_003027.1_NI_2490_Kenya_1958:CDS	hypothetical protein	NC_003027.1_NI_2490_Kenya_1958:c6389-5697	NMOBLELM_00006

DiscRep_SUB:FEATURE_LOCATION_CONFLICT::Coding region xref gene does not exist
../../../CURRENT/PANGROWTH/SEQS/NC_003027.1_NI_2490_Kenya_1958_PROKKA/NC_003027.1_NI_2490_Kenya_1958:CDS	hypothetical protein	NC_003027.1_NI_2490_Kenya_1958:c6929-6441	NMOBLELM_00007

DiscRep_SUB:FEATURE_LOCATION_CONFLICT::Coding region xref gene does not exist
../../../CURRENT/PANGROWTH/SEQS/NC_003027.1_NI_2490_Kenya_1958_PROKKA/NC_003027.1_NI_2490_Kenya_1958:CDS	hypothetical protein	NC_003027.1_NI_2490_Kenya_1958:c8118-6973	NMOBLELM_00008

DiscRep_SUB:FEATURE_LOCATION_CONFLICT::Coding region xref gene does not exist
../../../CURRENT/PANGROWTH/SEQS/NC_003027.1_NI_2490_Kenya_1958_PROKKA/NC_003027.1_NI_2490_Kenya_1958:CDS	hypothetical protein	NC_003027.1_NI_2490_Kenya_1958:c8860-8225	NMOBLELM_00009

DiscRep_SUB:FEATURE_LOCATION_CONFLICT::Coding region xref gene does not exist
../../../CURRENT/PANGROWTH/SEQS/NC_003027.1_NI_2490_Kenya_1958_PROKKA/NC_003027.1_NI_2490_Kenya_1958:CDS	hypothetical protein	NC_003027.1_NI_2490_Kenya_1958:c9924-8899	NMOBLELM_00010

DiscRep_SUB:FEATURE_LOCATION_CONFLICT::Coding region xref gene does not exist
../../../CURRENT/PANGROWTH/SEQS/NC_003027.1_NI_2490_Kenya_1958_PROKKA/NC_003027.1_NI_2490_Kenya_1958:CDS	Protein K3	NC_003027.1_NI_2490_Kenya_1958:c10253-9984	NMOBLELM_00011

DiscRep_SUB:FEATURE_LOCATION_CONFLICT::Coding region xref gene does not exist
../../../CURRENT/PANGROWTH/SEQS/NC_003027.1_NI_2490_Kenya_1958_PROKKA/NC_003027.1_NI_2490_Kenya_1958:CDS	hypothetical protein	NC_003027.1_NI_2490_Kenya_1958:c10725-10240	NMOBLELM_00012

DiscRep_SUB:FEATURE_LOCATION_CONFLICT::Coding region xref gene does not exist
../../../CURRENT/PANGROWTH/SEQS/NC_003027.1_NI_2490_Kenya_1958_PROKKA/NC_003027.1_NI_2490_Kenya_1958:CDS	hypothetical protein	NC_003027.1_NI_2490_Kenya_1958:c11031-10762	NMOBLELM_00013

DiscRep_SUB:FEATURE_LOCATION_CONFLICT::Coding region xref gene does not exist
../../../CURRENT/PANGROWTH/SEQS/NC_003027.1_NI_2490_Kenya_1958_PROKKA/NC_003027.1_NI_2490_Kenya_1958:CDS	hypothetical protein	NC_003027.1_NI_2490_Kenya_1958:c11552-11022	NMOBLELM_00014

DiscRep_SUB:FEATURE_LOCATION_CONFLICT::Coding region xref gene does not exist
../../../CURRENT/PANGROWTH/SEQS/NC_003027.1_NI_2490_Kenya_1958_PROKKA/NC_003027.1_NI_2490_Kenya_1958:CDS	Deoxyuridine 5'-triphosphate nucleotidohydrolase	NC_003027.1_NI_2490_Kenya_1958:c12034-11594	NMOBLELM_00015

DiscRep_SUB:FEATURE_LOCATION_CONFLICT::Coding region xref gene does not exist
../../../CURRENT/PANGROWTH/SEQS/NC_003027.1_NI_2490_Kenya_1958_PROKKA/NC_003027.1_NI_2490_Kenya_1958:CDS	Kelch repeat protein F3	NC_003027.1_NI_2490_Kenya_1958:c13790-12081	NMOBLELM_00016

DiscRep_SUB:FEATURE_LOCATION_CONFLICT::Coding region xref gene does not exist
../../../CURRENT/PANGROWTH/SEQS/NC_003027.1_NI_2490_Kenya_1958_PROKKA/NC_003027.1_NI_2490_Kenya_1958:CDS	Ribonucleoside-diphosphate reductase small chain	NC_003027.1_NI_2490_Kenya_1958:c14820-13855	NMOBLELM_00017

DiscRep_SUB:FEATURE_LOCATION_CONFLICT::Coding region xref gene does not exist
../../../CURRENT/PANGROWTH/SEQS/NC_003027.1_NI_2490_Kenya_1958_PROKKA/NC_003027.1_NI_2490_Kenya_1958:CDS	hypothetical protein	NC_003027.1_NI_2490_Kenya_1958:c15121-14861	NMOBLELM_00018

DiscRep_SUB:FEATURE_LOCATION_CONFLICT::Coding region xref gene does not exist
../../../CURRENT/PANGROWTH/SEQS/NC_003027.1_NI_2490_Kenya_1958_PROKKA/NC_003027.1_NI_2490_Kenya_1958:CDS	hypothetical protein	NC_003027.1_NI_2490_Kenya_1958:c15500-15162	NMOBLELM_00019

DiscRep_SUB:FEATURE_LOCATION_CONFLICT::Coding region xref gene does not exist
../../../CURRENT/PANGROWTH/SEQS/NC_003027.1_NI_2490_Kenya_1958_PROKKA/NC_003027.1_NI_2490_Kenya_1958:CDS	hypothetical protein	NC_003027.1_NI_2490_Kenya_1958:c15949-15731	NMOBLELM_00020

DiscRep_SUB:FEATURE_LOCATION_CONFLICT::Coding region xref gene does not exist
../../../CURRENT/PANGROWTH/SEQS/NC_003027.1_NI_2490_Kenya_1958_PROKKA/NC_003027.1_NI_2490_Kenya_1958:CDS	Protein F9	NC_003027.1_NI_2490_Kenya_1958:c16676-16026	NMOBLELM_00021

DiscRep_SUB:FEATURE_LOCATION_CONFLICT::Coding region xref gene does not exist
../../../CURRENT/PANGROWTH/SEQS/NC_003027.1_NI_2490_Kenya_1958_PROKKA/NC_003027.1_NI_2490_Kenya_1958:CDS	Serine/threonine-protein kinase 2	NC_003027.1_NI_2490_Kenya_1958:c17997-16654	NMOBLELM_00022

DiscRep_SUB:FEATURE_LOCATION_CONFLICT::Coding region xref gene does not exist
../../../CURRENT/PANGROWTH/SEQS/NC_003027.1_NI_2490_Kenya_1958_PROKKA/NC_003027.1_NI_2490_Kenya_1958:CDS	hypothetical protein	NC_003027.1_NI_2490_Kenya_1958:c18941-18033	NMOBLELM_00023

DiscRep_SUB:FEATURE_LOCATION_CONFLICT::Coding region xref gene does not exist
../../../CURRENT/PANGROWTH/SEQS/NC_003027.1_NI_2490_Kenya_1958_PROKKA/NC_003027.1_NI_2490_Kenya_1958:CDS	Protein F12	NC_003027.1_NI_2490_Kenya_1958:c20866-18950	NMOBLELM_00024

DiscRep_SUB:FEATURE_LOCATION_CONFLICT::Coding region xref gene does not exist
../../../CURRENT/PANGROWTH/SEQS/NC_003027.1_NI_2490_Kenya_1958_PROKKA/NC_003027.1_NI_2490_Kenya_1958:CDS	Envelope phospholipase F13	NC_003027.1_NI_2490_Kenya_1958:c21985-20873	NMOBLELM_00025

DiscRep_SUB:FEATURE_LOCATION_CONFLICT::Coding region xref gene does not exist
../../../CURRENT/PANGROWTH/SEQS/NC_003027.1_NI_2490_Kenya_1958_PROKKA/NC_003027.1_NI_2490_Kenya_1958:CDS	hypothetical protein	NC_003027.1_NI_2490_Kenya_1958:c22158-22012	NMOBLELM_00026

DiscRep_SUB:FEATURE_LOCATION_CONFLICT::Coding region xref gene does not exist
../../../CURRENT/PANGROWTH/SEQS/NC_003027.1_NI_2490_Kenya_1958_PROKKA/NC_003027.1_NI_2490_Kenya_1958:CDS	hypothetical protein	NC_003027.1_NI_2490_Kenya_1958:c22624-22187	NMOBLELM_00027

DiscRep_SUB:FEATURE_LOCATION_CONFLICT::Coding region xref gene does not exist
../../../CURRENT/PANGROWTH/SEQS/NC_003027.1_NI_2490_Kenya_1958_PROKKA/NC_003027.1_NI_2490_Kenya_1958:CDS	hypothetical protein	NC_003027.1_NI_2490_Kenya_1958:c23360-22701	NMOBLELM_00028

DiscRep_SUB:FEATURE_LOCATION_CONFLICT::Coding region xref gene does not exist
../../../CURRENT/PANGROWTH/SEQS/NC_003027.1_NI_2490_Kenya_1958_PROKKA/NC_003027.1_NI_2490_Kenya_1958:CDS	Phosphoprotein F17	NC_003027.1_NI_2490_Kenya_1958:23434-23748	NMOBLELM_00029

DiscRep_SUB:FEATURE_LOCATION_CONFLICT::Coding region xref gene does not exist
../../../CURRENT/PANGROWTH/SEQS/NC_003027.1_NI_2490_Kenya_1958_PROKKA/NC_003027.1_NI_2490_Kenya_1958:CDS	Poly(A) polymerase catalytic subunit	NC_003027.1_NI_2490_Kenya_1958:c25176-23752	NMOBLELM_00030

DiscRep_SUB:FEATURE_LOCATION_CONFLICT::Coding region xref gene does not exist
../../../CURRENT/PANGROWTH/SEQS/NC_003027.1_NI_2490_Kenya_1958_PROKKA/NC_003027.1_NI_2490_Kenya_1958:CDS	Protein E2	NC_003027.1_NI_2490_Kenya_1958:c27380-25173	NMOBLELM_00031

DiscRep_SUB:FEATURE_LOCATION_CONFLICT::Coding region xref gene does not exist
../../../CURRENT/PANGROWTH/SEQS/NC_003027.1_NI_2490_Kenya_1958_PROKKA/NC_003027.1_NI_2490_Kenya_1958:CDS	Protein E3	NC_003027.1_NI_2490_Kenya_1958:c27925-27392	NMOBLELM_00032

DiscRep_SUB:FEATURE_LOCATION_CONFLICT::Coding region xref gene does not exist
../../../CURRENT/PANGROWTH/SEQS/NC_003027.1_NI_2490_Kenya_1958_PROKKA/NC_003027.1_NI_2490_Kenya_1958:CDS	hypothetical protein	NC_003027.1_NI_2490_Kenya_1958:c28591-27986	NMOBLELM_00033

DiscRep_SUB:FEATURE_LOCATION_CONFLICT::Coding region xref gene does not exist
../../../CURRENT/PANGROWTH/SEQS/NC_003027.1_NI_2490_Kenya_1958_PROKKA/NC_003027.1_NI_2490_Kenya_1958:CDS	hypothetical protein	NC_003027.1_NI_2490_Kenya_1958:28674-29798	NMOBLELM_00034

DiscRep_SUB:FEATURE_LOCATION_CONFLICT::Coding region xref gene does not exist
../../../CURRENT/PANGROWTH/SEQS/NC_003027.1_NI_2490_Kenya_1958_PROKKA/NC_003027.1_NI_2490_Kenya_1958:CDS	Protein E6	NC_003027.1_NI_2490_Kenya_1958:29807-31507	NMOBLELM_00035

DiscRep_SUB:FEATURE_LOCATION_CONFLICT::Coding region xref gene does not exist
../../../CURRENT/PANGROWTH/SEQS/NC_003027.1_NI_2490_Kenya_1958_PROKKA/NC_003027.1_NI_2490_Kenya_1958:CDS	Protein E8	NC_003027.1_NI_2490_Kenya_1958:31514-32314	NMOBLELM_00036

DiscRep_SUB:FEATURE_LOCATION_CONFLICT::Coding region xref gene does not exist
../../../CURRENT/PANGROWTH/SEQS/NC_003027.1_NI_2490_Kenya_1958_PROKKA/NC_003027.1_NI_2490_Kenya_1958:CDS	DNA polymerase	NC_003027.1_NI_2490_Kenya_1958:c35343-32311	NMOBLELM_00037

DiscRep_SUB:FEATURE_LOCATION_CONFLICT::Coding region xref gene does not exist
../../../CURRENT/PANGROWTH/SEQS/NC_003027.1_NI_2490_Kenya_1958_PROKKA/NC_003027.1_NI_2490_Kenya_1958:CDS	putative FAD-linked sulfhydryl oxidase E10	NC_003027.1_NI_2490_Kenya_1958:35377-35664	NMOBLELM_00038

DiscRep_SUB:FEATURE_LOCATION_CONFLICT::Coding region xref gene does not exist
../../../CURRENT/PANGROWTH/SEQS/NC_003027.1_NI_2490_Kenya_1958_PROKKA/NC_003027.1_NI_2490_Kenya_1958:CDS	Protein E11	NC_003027.1_NI_2490_Kenya_1958:c36053-35661	NMOBLELM_00039

DiscRep_SUB:FEATURE_LOCATION_CONFLICT::Coding region xref gene does not exist
../../../CURRENT/PANGROWTH/SEQS/NC_003027.1_NI_2490_Kenya_1958_PROKKA/NC_003027.1_NI_2490_Kenya_1958:CDS	hypothetical protein	NC_003027.1_NI_2490_Kenya_1958:c38094-36040	NMOBLELM_00040

DiscRep_SUB:FEATURE_LOCATION_CONFLICT::Coding region xref gene does not exist
../../../CURRENT/PANGROWTH/SEQS/NC_003027.1_NI_2490_Kenya_1958_PROKKA/NC_003027.1_NI_2490_Kenya_1958:CDS	Telomere-binding protein I1	NC_003027.1_NI_2490_Kenya_1958:c39144-38200	NMOBLELM_00041

DiscRep_SUB:FEATURE_LOCATION_CONFLICT::Coding region xref gene does not exist
../../../CURRENT/PANGROWTH/SEQS/NC_003027.1_NI_2490_Kenya_1958_PROKKA/NC_003027.1_NI_2490_Kenya_1958:CDS	hypothetical protein	NC_003027.1_NI_2490_Kenya_1958:c39369-39151	NMOBLELM_00042

DiscRep_SUB:FEATURE_LOCATION_CONFLICT::Coding region xref gene does not exist
../../../CURRENT/PANGROWTH/SEQS/NC_003027.1_NI_2490_Kenya_1958_PROKKA/NC_003027.1_NI_2490_Kenya_1958:CDS	Protein I3	NC_003027.1_NI_2490_Kenya_1958:c40200-39370	NMOBLELM_00043

DiscRep_SUB:FEATURE_LOCATION_CONFLICT::Coding region xref gene does not exist
../../../CURRENT/PANGROWTH/SEQS/NC_003027.1_NI_2490_Kenya_1958_PROKKA/NC_003027.1_NI_2490_Kenya_1958:CDS	Protein I5	NC_003027.1_NI_2490_Kenya_1958:c40482-40246	NMOBLELM_00044

DiscRep_SUB:FEATURE_LOCATION_CONFLICT::Coding region xref gene does not exist
../../../CURRENT/PANGROWTH/SEQS/NC_003027.1_NI_2490_Kenya_1958_PROKKA/NC_003027.1_NI_2490_Kenya_1958:CDS	Telomere-binding protein I6	NC_003027.1_NI_2490_Kenya_1958:c41684-40500	NMOBLELM_00045

DiscRep_SUB:FEATURE_LOCATION_CONFLICT::Coding region xref gene does not exist
../../../CURRENT/PANGROWTH/SEQS/NC_003027.1_NI_2490_Kenya_1958_PROKKA/NC_003027.1_NI_2490_Kenya_1958:CDS	Core protease I7	NC_003027.1_NI_2490_Kenya_1958:c42978-41677	NMOBLELM_00046

DiscRep_SUB:FEATURE_LOCATION_CONFLICT::Coding region xref gene does not exist
../../../CURRENT/PANGROWTH/SEQS/NC_003027.1_NI_2490_Kenya_1958_PROKKA/NC_003027.1_NI_2490_Kenya_1958:CDS	RNA helicase NPH-II	NC_003027.1_NI_2490_Kenya_1958:42984-45014	NMOBLELM_00047

DiscRep_SUB:FEATURE_LOCATION_CONFLICT::Coding region xref gene does not exist
../../../CURRENT/PANGROWTH/SEQS/NC_003027.1_NI_2490_Kenya_1958_PROKKA/NC_003027.1_NI_2490_Kenya_1958:CDS	Metalloendopeptidase G1	NC_003027.1_NI_2490_Kenya_1958:c46801-45011	NMOBLELM_00048

DiscRep_SUB:FEATURE_LOCATION_CONFLICT::Coding region xref gene does not exist
../../../CURRENT/PANGROWTH/SEQS/NC_003027.1_NI_2490_Kenya_1958_PROKKA/NC_003027.1_NI_2490_Kenya_1958:CDS	Protein G3	NC_003027.1_NI_2490_Kenya_1958:c47043-46798	NMOBLELM_00049

DiscRep_SUB:FEATURE_LOCATION_CONFLICT::Coding region xref gene does not exist
../../../CURRENT/PANGROWTH/SEQS/NC_003027.1_NI_2490_Kenya_1958_PROKKA/NC_003027.1_NI_2490_Kenya_1958:CDS	Late transcription elongation factor G2	NC_003027.1_NI_2490_Kenya_1958:47124-47792	NMOBLELM_00050

DiscRep_SUB:FEATURE_LOCATION_CONFLICT::Coding region xref gene does not exist
../../../CURRENT/PANGROWTH/SEQS/NC_003027.1_NI_2490_Kenya_1958_PROKKA/NC_003027.1_NI_2490_Kenya_1958:CDS	Glutaredoxin-2	NC_003027.1_NI_2490_Kenya_1958:c48136-47756	NMOBLELM_00051

DiscRep_SUB:FEATURE_LOCATION_CONFLICT::Coding region xref gene does not exist
../../../CURRENT/PANGROWTH/SEQS/NC_003027.1_NI_2490_Kenya_1958_PROKKA/NC_003027.1_NI_2490_Kenya_1958:CDS	Putative nuclease G5	NC_003027.1_NI_2490_Kenya_1958:48139-49452	NMOBLELM_00052

DiscRep_SUB:FEATURE_LOCATION_CONFLICT::Coding region xref gene does not exist
../../../CURRENT/PANGROWTH/SEQS/NC_003027.1_NI_2490_Kenya_1958_PROKKA/NC_003027.1_NI_2490_Kenya_1958:CDS	DNA-directed RNA polymerase 7 kDa subunit	NC_003027.1_NI_2490_Kenya_1958:49453-49644	NMOBLELM_00053

DiscRep_SUB:FEATURE_LOCATION_CONFLICT::Coding region xref gene does not exist
../../../CURRENT/PANGROWTH/SEQS/NC_003027.1_NI_2490_Kenya_1958_PROKKA/NC_003027.1_NI_2490_Kenya_1958:CDS	hypothetical protein	NC_003027.1_NI_2490_Kenya_1958:49644-50168	NMOBLELM_00054

DiscRep_SUB:FEATURE_LOCATION_CONFLICT::Coding region xref gene does not exist
../../../CURRENT/PANGROWTH/SEQS/NC_003027.1_NI_2490_Kenya_1958_PROKKA/NC_003027.1_NI_2490_Kenya_1958:CDS	Assembly protein G7	NC_003027.1_NI_2490_Kenya_1958:c51303-50182	NMOBLELM_00055

DiscRep_SUB:FEATURE_LOCATION_CONFLICT::Coding region xref gene does not exist
../../../CURRENT/PANGROWTH/SEQS/NC_003027.1_NI_2490_Kenya_1958_PROKKA/NC_003027.1_NI_2490_Kenya_1958:CDS	Late transcription factor 1	NC_003027.1_NI_2490_Kenya_1958:51333-52115	NMOBLELM_00056

DiscRep_SUB:FEATURE_LOCATION_CONFLICT::Coding region xref gene does not exist
../../../CURRENT/PANGROWTH/SEQS/NC_003027.1_NI_2490_Kenya_1958_PROKKA/NC_003027.1_NI_2490_Kenya_1958:CDS	Myristoylated protein G9	NC_003027.1_NI_2490_Kenya_1958:52142-53152	NMOBLELM_00057

DiscRep_SUB:FEATURE_LOCATION_CONFLICT::Coding region xref gene does not exist
../../../CURRENT/PANGROWTH/SEQS/NC_003027.1_NI_2490_Kenya_1958_PROKKA/NC_003027.1_NI_2490_Kenya_1958:CDS	Protein L1	NC_003027.1_NI_2490_Kenya_1958:53153-53890	NMOBLELM_00058

DiscRep_SUB:FEATURE_LOCATION_CONFLICT::Coding region xref gene does not exist
../../../CURRENT/PANGROWTH/SEQS/NC_003027.1_NI_2490_Kenya_1958_PROKKA/NC_003027.1_NI_2490_Kenya_1958:CDS	Protein L2	NC_003027.1_NI_2490_Kenya_1958:53928-54206	NMOBLELM_00059

DiscRep_SUB:FEATURE_LOCATION_CONFLICT::Coding region xref gene does not exist
../../../CURRENT/PANGROWTH/SEQS/NC_003027.1_NI_2490_Kenya_1958_PROKKA/NC_003027.1_NI_2490_Kenya_1958:CDS	Protein L3	NC_003027.1_NI_2490_Kenya_1958:c55172-54216	NMOBLELM_00060

DiscRep_SUB:FEATURE_LOCATION_CONFLICT::Coding region xref gene does not exist
../../../CURRENT/PANGROWTH/SEQS/NC_003027.1_NI_2490_Kenya_1958_PROKKA/NC_003027.1_NI_2490_Kenya_1958:CDS	Core protein VP8	NC_003027.1_NI_2490_Kenya_1958:55197-55958	NMOBLELM_00061

DiscRep_SUB:FEATURE_LOCATION_CONFLICT::Coding region xref gene does not exist
../../../CURRENT/PANGROWTH/SEQS/NC_003027.1_NI_2490_Kenya_1958_PROKKA/NC_003027.1_NI_2490_Kenya_1958:CDS	Protein L5	NC_003027.1_NI_2490_Kenya_1958:55974-56369	NMOBLELM_00062

DiscRep_SUB:FEATURE_LOCATION_CONFLICT::Coding region xref gene does not exist
../../../CURRENT/PANGROWTH/SEQS/NC_003027.1_NI_2490_Kenya_1958_PROKKA/NC_003027.1_NI_2490_Kenya_1958:CDS	Protein J1	NC_003027.1_NI_2490_Kenya_1958:56326-56769	NMOBLELM_00063

DiscRep_SUB:FEATURE_LOCATION_CONFLICT::Coding region xref gene does not exist
../../../CURRENT/PANGROWTH/SEQS/NC_003027.1_NI_2490_Kenya_1958_PROKKA/NC_003027.1_NI_2490_Kenya_1958:CDS	Thymidine kinase	NC_003027.1_NI_2490_Kenya_1958:56797-57330	NMOBLELM_00064

DiscRep_SUB:FEATURE_LOCATION_CONFLICT::Coding region xref gene does not exist
../../../CURRENT/PANGROWTH/SEQS/NC_003027.1_NI_2490_Kenya_1958_PROKKA/NC_003027.1_NI_2490_Kenya_1958:CDS	hypothetical protein	NC_003027.1_NI_2490_Kenya_1958:57402-57998	NMOBLELM_00065

DiscRep_SUB:FEATURE_LOCATION_CONFLICT::Coding region xref gene does not exist
../../../CURRENT/PANGROWTH/SEQS/NC_003027.1_NI_2490_Kenya_1958_PROKKA/NC_003027.1_NI_2490_Kenya_1958:CDS	Cap-specific mRNA (nucleoside-2'-O-)-methyltransferase	NC_003027.1_NI_2490_Kenya_1958:58056-59057	NMOBLELM_00066

DiscRep_SUB:FEATURE_LOCATION_CONFLICT::Coding region xref gene does not exist
../../../CURRENT/PANGROWTH/SEQS/NC_003027.1_NI_2490_Kenya_1958_PROKKA/NC_003027.1_NI_2490_Kenya_1958:CDS	Protein J5	NC_003027.1_NI_2490_Kenya_1958:c59936-59535	NMOBLELM_00067

DiscRep_SUB:FEATURE_LOCATION_CONFLICT::Coding region xref gene does not exist
../../../CURRENT/PANGROWTH/SEQS/NC_003027.1_NI_2490_Kenya_1958_PROKKA/NC_003027.1_NI_2490_Kenya_1958:CDS	hypothetical protein	NC_003027.1_NI_2490_Kenya_1958:60022-63879	NMOBLELM_00068

DiscRep_SUB:FEATURE_LOCATION_CONFLICT::Coding region xref gene does not exist
../../../CURRENT/PANGROWTH/SEQS/NC_003027.1_NI_2490_Kenya_1958_PROKKA/NC_003027.1_NI_2490_Kenya_1958:CDS	putative dual specificity protein phosphatase H1	NC_003027.1_NI_2490_Kenya_1958:c64399-63884	NMOBLELM_00069

DiscRep_SUB:FEATURE_LOCATION_CONFLICT::Coding region xref gene does not exist
../../../CURRENT/PANGROWTH/SEQS/NC_003027.1_NI_2490_Kenya_1958_PROKKA/NC_003027.1_NI_2490_Kenya_1958:CDS	Protein H2	NC_003027.1_NI_2490_Kenya_1958:64415-64987	NMOBLELM_00070

DiscRep_SUB:FEATURE_LOCATION_CONFLICT::Coding region xref gene does not exist
../../../CURRENT/PANGROWTH/SEQS/NC_003027.1_NI_2490_Kenya_1958_PROKKA/NC_003027.1_NI_2490_Kenya_1958:CDS	Envelope protein H3	NC_003027.1_NI_2490_Kenya_1958:c65952-64984	NMOBLELM_00071

DiscRep_SUB:FEATURE_LOCATION_CONFLICT::Coding region xref gene does not exist
../../../CURRENT/PANGROWTH/SEQS/NC_003027.1_NI_2490_Kenya_1958_PROKKA/NC_003027.1_NI_2490_Kenya_1958:CDS	RNA polymerase-associated transcription-specificity factor RAP94	NC_003027.1_NI_2490_Kenya_1958:c68378-65982	NMOBLELM_00072

DiscRep_SUB:FEATURE_LOCATION_CONFLICT::Coding region xref gene does not exist
../../../CURRENT/PANGROWTH/SEQS/NC_003027.1_NI_2490_Kenya_1958_PROKKA/NC_003027.1_NI_2490_Kenya_1958:CDS	Late transcription elongation factor H5	NC_003027.1_NI_2490_Kenya_1958:68522-69193	NMOBLELM_00073

DiscRep_SUB:FEATURE_LOCATION_CONFLICT::Coding region xref gene does not exist
../../../CURRENT/PANGROWTH/SEQS/NC_003027.1_NI_2490_Kenya_1958_PROKKA/NC_003027.1_NI_2490_Kenya_1958:CDS	DNA topoisomerase 1B	NC_003027.1_NI_2490_Kenya_1958:69235-70188	NMOBLELM_00074

DiscRep_SUB:FEATURE_LOCATION_CONFLICT::Coding region xref gene does not exist
../../../CURRENT/PANGROWTH/SEQS/NC_003027.1_NI_2490_Kenya_1958_PROKKA/NC_003027.1_NI_2490_Kenya_1958:CDS	Late protein H7	NC_003027.1_NI_2490_Kenya_1958:70208-70651	NMOBLELM_00075

DiscRep_SUB:FEATURE_LOCATION_CONFLICT::Coding region xref gene does not exist
../../../CURRENT/PANGROWTH/SEQS/NC_003027.1_NI_2490_Kenya_1958_PROKKA/NC_003027.1_NI_2490_Kenya_1958:CDS	mRNA-capping enzyme catalytic subunit	NC_003027.1_NI_2490_Kenya_1958:70682-73210	NMOBLELM_00076

DiscRep_SUB:FEATURE_LOCATION_CONFLICT::Coding region xref gene does not exist
../../../CURRENT/PANGROWTH/SEQS/NC_003027.1_NI_2490_Kenya_1958_PROKKA/NC_003027.1_NI_2490_Kenya_1958:CDS	Core protein D4	NC_003027.1_NI_2490_Kenya_1958:c73639-73172	NMOBLELM_00077

DiscRep_SUB:FEATURE_LOCATION_CONFLICT::Coding region xref gene does not exist
../../../CURRENT/PANGROWTH/SEQS/NC_003027.1_NI_2490_Kenya_1958_PROKKA/NC_003027.1_NI_2490_Kenya_1958:CDS	27 kDa core protein	NC_003027.1_NI_2490_Kenya_1958:73641-74378	NMOBLELM_00078

DiscRep_SUB:FEATURE_LOCATION_CONFLICT::Coding region xref gene does not exist
../../../CURRENT/PANGROWTH/SEQS/NC_003027.1_NI_2490_Kenya_1958_PROKKA/NC_003027.1_NI_2490_Kenya_1958:CDS	Uracil-DNA glycosylase	NC_003027.1_NI_2490_Kenya_1958:74375-75031	NMOBLELM_00079

DiscRep_SUB:FEATURE_LOCATION_CONFLICT::Coding region xref gene does not exist
../../../CURRENT/PANGROWTH/SEQS/NC_003027.1_NI_2490_Kenya_1958_PROKKA/NC_003027.1_NI_2490_Kenya_1958:CDS	Primase D5	NC_003027.1_NI_2490_Kenya_1958:75074-77434	NMOBLELM_00080

DiscRep_SUB:FEATURE_LOCATION_CONFLICT::Coding region xref gene does not exist
../../../CURRENT/PANGROWTH/SEQS/NC_003027.1_NI_2490_Kenya_1958_PROKKA/NC_003027.1_NI_2490_Kenya_1958:CDS	Early transcription factor 70 kDa subunit	NC_003027.1_NI_2490_Kenya_1958:77431-79338	NMOBLELM_00081

DiscRep_SUB:FEATURE_LOCATION_CONFLICT::Coding region xref gene does not exist
../../../CURRENT/PANGROWTH/SEQS/NC_003027.1_NI_2490_Kenya_1958_PROKKA/NC_003027.1_NI_2490_Kenya_1958:CDS	DNA-directed RNA polymerase 18 kDa subunit	NC_003027.1_NI_2490_Kenya_1958:79363-79854	NMOBLELM_00082

DiscRep_SUB:FEATURE_LOCATION_CONFLICT::Coding region xref gene does not exist
../../../CURRENT/PANGROWTH/SEQS/NC_003027.1_NI_2490_Kenya_1958_PROKKA/NC_003027.1_NI_2490_Kenya_1958:CDS	mRNA-decapping protein D9	NC_003027.1_NI_2490_Kenya_1958:79895-80536	NMOBLELM_00083

DiscRep_SUB:FEATURE_LOCATION_CONFLICT::Coding region xref gene does not exist
../../../CURRENT/PANGROWTH/SEQS/NC_003027.1_NI_2490_Kenya_1958_PROKKA/NC_003027.1_NI_2490_Kenya_1958:CDS	mRNA-decapping protein D10	NC_003027.1_NI_2490_Kenya_1958:80536-81297	NMOBLELM_00084

DiscRep_SUB:FEATURE_LOCATION_CONFLICT::Coding region xref gene does not exist
../../../CURRENT/PANGROWTH/SEQS/NC_003027.1_NI_2490_Kenya_1958_PROKKA/NC_003027.1_NI_2490_Kenya_1958:CDS	Nucleoside triphosphatase I	NC_003027.1_NI_2490_Kenya_1958:c83210-81303	NMOBLELM_00085

DiscRep_SUB:FEATURE_LOCATION_CONFLICT::Coding region xref gene does not exist
../../../CURRENT/PANGROWTH/SEQS/NC_003027.1_NI_2490_Kenya_1958_PROKKA/NC_003027.1_NI_2490_Kenya_1958:CDS	mRNA-capping enzyme regulatory subunit	NC_003027.1_NI_2490_Kenya_1958:c84100-83237	NMOBLELM_00086

DiscRep_SUB:FEATURE_LOCATION_CONFLICT::Coding region xref gene does not exist
../../../CURRENT/PANGROWTH/SEQS/NC_003027.1_NI_2490_Kenya_1958_PROKKA/NC_003027.1_NI_2490_Kenya_1958:CDS	Scaffold protein D13	NC_003027.1_NI_2490_Kenya_1958:c85789-84140	NMOBLELM_00087

DiscRep_SUB:FEATURE_LOCATION_CONFLICT::Coding region xref gene does not exist
../../../CURRENT/PANGROWTH/SEQS/NC_003027.1_NI_2490_Kenya_1958_PROKKA/NC_003027.1_NI_2490_Kenya_1958:CDS	Viral late gene transcription factor 2	NC_003027.1_NI_2490_Kenya_1958:c86268-85816	NMOBLELM_00088

DiscRep_SUB:FEATURE_LOCATION_CONFLICT::Coding region xref gene does not exist
../../../CURRENT/PANGROWTH/SEQS/NC_003027.1_NI_2490_Kenya_1958_PROKKA/NC_003027.1_NI_2490_Kenya_1958:CDS	Viral late gene transcription factor 3	NC_003027.1_NI_2490_Kenya_1958:c86981-86298	NMOBLELM_00089

DiscRep_SUB:FEATURE_LOCATION_CONFLICT::Coding region xref gene does not exist
../../../CURRENT/PANGROWTH/SEQS/NC_003027.1_NI_2490_Kenya_1958_PROKKA/NC_003027.1_NI_2490_Kenya_1958:CDS	Protein A2.5	NC_003027.1_NI_2490_Kenya_1958:c87220-86993	NMOBLELM_00090

DiscRep_SUB:FEATURE_LOCATION_CONFLICT::Coding region xref gene does not exist
../../../CURRENT/PANGROWTH/SEQS/NC_003027.1_NI_2490_Kenya_1958_PROKKA/NC_003027.1_NI_2490_Kenya_1958:CDS	Major core protein 4b	NC_003027.1_NI_2490_Kenya_1958:c89214-87229	NMOBLELM_00091

DiscRep_SUB:FEATURE_LOCATION_CONFLICT::Coding region xref gene does not exist
../../../CURRENT/PANGROWTH/SEQS/NC_003027.1_NI_2490_Kenya_1958_PROKKA/NC_003027.1_NI_2490_Kenya_1958:CDS	hypothetical protein	NC_003027.1_NI_2490_Kenya_1958:c89824-89339	NMOBLELM_00092

DiscRep_SUB:FEATURE_LOCATION_CONFLICT::Coding region xref gene does not exist
../../../CURRENT/PANGROWTH/SEQS/NC_003027.1_NI_2490_Kenya_1958_PROKKA/NC_003027.1_NI_2490_Kenya_1958:CDS	DNA-directed RNA polymerase 19 kDa subunit	NC_003027.1_NI_2490_Kenya_1958:89865-90377	NMOBLELM_00093

DiscRep_SUB:FEATURE_LOCATION_CONFLICT::Coding region xref gene does not exist
../../../CURRENT/PANGROWTH/SEQS/NC_003027.1_NI_2490_Kenya_1958_PROKKA/NC_003027.1_NI_2490_Kenya_1958:CDS	Protein A6	NC_003027.1_NI_2490_Kenya_1958:c91501-90374	NMOBLELM_00094

DiscRep_SUB:FEATURE_LOCATION_CONFLICT::Coding region xref gene does not exist
../../../CURRENT/PANGROWTH/SEQS/NC_003027.1_NI_2490_Kenya_1958_PROKKA/NC_003027.1_NI_2490_Kenya_1958:CDS	Early transcription factor 82 kDa subunit	NC_003027.1_NI_2490_Kenya_1958:c93666-91522	NMOBLELM_00095

DiscRep_SUB:FEATURE_LOCATION_CONFLICT::Coding region xref gene does not exist
../../../CURRENT/PANGROWTH/SEQS/NC_003027.1_NI_2490_Kenya_1958_PROKKA/NC_003027.1_NI_2490_Kenya_1958:CDS	Intermediate transcription factor 3 small subunit	NC_003027.1_NI_2490_Kenya_1958:93723-94595	NMOBLELM_00096

DiscRep_SUB:FEATURE_LOCATION_CONFLICT::Coding region xref gene does not exist
../../../CURRENT/PANGROWTH/SEQS/NC_003027.1_NI_2490_Kenya_1958_PROKKA/NC_003027.1_NI_2490_Kenya_1958:CDS	Virion membrane protein A9	NC_003027.1_NI_2490_Kenya_1958:c94855-94619	NMOBLELM_00097

DiscRep_SUB:FEATURE_LOCATION_CONFLICT::Coding region xref gene does not exist
../../../CURRENT/PANGROWTH/SEQS/NC_003027.1_NI_2490_Kenya_1958_PROKKA/NC_003027.1_NI_2490_Kenya_1958:CDS	Major core protein 4a precursor	NC_003027.1_NI_2490_Kenya_1958:c97570-94856	NMOBLELM_00098

DiscRep_SUB:FEATURE_LOCATION_CONFLICT::Coding region xref gene does not exist
../../../CURRENT/PANGROWTH/SEQS/NC_003027.1_NI_2490_Kenya_1958_PROKKA/NC_003027.1_NI_2490_Kenya_1958:CDS	Protein A11	NC_003027.1_NI_2490_Kenya_1958:97585-98538	NMOBLELM_00099

DiscRep_SUB:FEATURE_LOCATION_CONFLICT::Coding region xref gene does not exist
../../../CURRENT/PANGROWTH/SEQS/NC_003027.1_NI_2490_Kenya_1958_PROKKA/NC_003027.1_NI_2490_Kenya_1958:CDS	25 kDa core protein A12L	NC_003027.1_NI_2490_Kenya_1958:c99107-98535	NMOBLELM_00100

DiscRep_SUB:FEATURE_LOCATION_CONFLICT::Coding region xref gene does not exist
../../../CURRENT/PANGROWTH/SEQS/NC_003027.1_NI_2490_Kenya_1958_PROKKA/NC_003027.1_NI_2490_Kenya_1958:CDS	hypothetical protein	NC_003027.1_NI_2490_Kenya_1958:c99375-99172	NMOBLELM_00101

DiscRep_SUB:FEATURE_LOCATION_CONFLICT::Coding region xref gene does not exist
../../../CURRENT/PANGROWTH/SEQS/NC_003027.1_NI_2490_Kenya_1958_PROKKA/NC_003027.1_NI_2490_Kenya_1958:CDS	Virion membrane protein A14	NC_003027.1_NI_2490_Kenya_1958:c99744-99457	NMOBLELM_00102

DiscRep_SUB:FEATURE_LOCATION_CONFLICT::Coding region xref gene does not exist
../../../CURRENT/PANGROWTH/SEQS/NC_003027.1_NI_2490_Kenya_1958_PROKKA/NC_003027.1_NI_2490_Kenya_1958:CDS	Core protein A15	NC_003027.1_NI_2490_Kenya_1958:c100199-99912	NMOBLELM_00103

DiscRep_SUB:FEATURE_LOCATION_CONFLICT::Coding region xref gene does not exist
../../../CURRENT/PANGROWTH/SEQS/NC_003027.1_NI_2490_Kenya_1958_PROKKA/NC_003027.1_NI_2490_Kenya_1958:CDS	Virion membrane protein A16	NC_003027.1_NI_2490_Kenya_1958:c101316-100183	NMOBLELM_00104

DiscRep_SUB:FEATURE_LOCATION_CONFLICT::Coding region xref gene does not exist
../../../CURRENT/PANGROWTH/SEQS/NC_003027.1_NI_2490_Kenya_1958_PROKKA/NC_003027.1_NI_2490_Kenya_1958:CDS	Virion membrane protein A17 precursor	NC_003027.1_NI_2490_Kenya_1958:c101922-101332	NMOBLELM_00105

DiscRep_SUB:FEATURE_LOCATION_CONFLICT::Coding region xref gene does not exist
../../../CURRENT/PANGROWTH/SEQS/NC_003027.1_NI_2490_Kenya_1958_PROKKA/NC_003027.1_NI_2490_Kenya_1958:CDS	Transcript termination protein A18	NC_003027.1_NI_2490_Kenya_1958:101937-103379	NMOBLELM_00106

DiscRep_SUB:FEATURE_LOCATION_CONFLICT::Coding region xref gene does not exist
../../../CURRENT/PANGROWTH/SEQS/NC_003027.1_NI_2490_Kenya_1958_PROKKA/NC_003027.1_NI_2490_Kenya_1958:CDS	Protein A19	NC_003027.1_NI_2490_Kenya_1958:c103584-103360	NMOBLELM_00107

DiscRep_SUB:FEATURE_LOCATION_CONFLICT::Coding region xref gene does not exist
../../../CURRENT/PANGROWTH/SEQS/NC_003027.1_NI_2490_Kenya_1958_PROKKA/NC_003027.1_NI_2490_Kenya_1958:CDS	hypothetical protein	NC_003027.1_NI_2490_Kenya_1958:c103743-103585	NMOBLELM_00108

DiscRep_SUB:FEATURE_LOCATION_CONFLICT::Coding region xref gene does not exist
../../../CURRENT/PANGROWTH/SEQS/NC_003027.1_NI_2490_Kenya_1958_PROKKA/NC_003027.1_NI_2490_Kenya_1958:CDS	DNA polymerase processivity factor component A20	NC_003027.1_NI_2490_Kenya_1958:103931-105223	NMOBLELM_00109

DiscRep_SUB:FEATURE_LOCATION_CONFLICT::Coding region xref gene does not exist
../../../CURRENT/PANGROWTH/SEQS/NC_003027.1_NI_2490_Kenya_1958_PROKKA/NC_003027.1_NI_2490_Kenya_1958:CDS	Resolvase A22	NC_003027.1_NI_2490_Kenya_1958:105192-105698	NMOBLELM_00110

DiscRep_SUB:FEATURE_LOCATION_CONFLICT::Coding region xref gene does not exist
../../../CURRENT/PANGROWTH/SEQS/NC_003027.1_NI_2490_Kenya_1958_PROKKA/NC_003027.1_NI_2490_Kenya_1958:CDS	Intermediate transcription factor 3 large subunit	NC_003027.1_NI_2490_Kenya_1958:105723-106880	NMOBLELM_00111

DiscRep_SUB:FEATURE_LOCATION_CONFLICT::Coding region xref gene does not exist
../../../CURRENT/PANGROWTH/SEQS/NC_003027.1_NI_2490_Kenya_1958_PROKKA/NC_003027.1_NI_2490_Kenya_1958:CDS	DNA-directed RNA polymerase 133 kDa polypeptide	NC_003027.1_NI_2490_Kenya_1958:106911-110381	NMOBLELM_00112

DiscRep_SUB:FEATURE_LOCATION_CONFLICT::Coding region xref gene does not exist
../../../CURRENT/PANGROWTH/SEQS/NC_003027.1_NI_2490_Kenya_1958_PROKKA/NC_003027.1_NI_2490_Kenya_1958:CDS	hypothetical protein	NC_003027.1_NI_2490_Kenya_1958:c110841-110395	NMOBLELM_00113

DiscRep_SUB:FEATURE_LOCATION_CONFLICT::Coding region xref gene does not exist
../../../CURRENT/PANGROWTH/SEQS/NC_003027.1_NI_2490_Kenya_1958_PROKKA/NC_003027.1_NI_2490_Kenya_1958:CDS	Envelope protein A28	NC_003027.1_NI_2490_Kenya_1958:c111264-110842	NMOBLELM_00114

DiscRep_SUB:FEATURE_LOCATION_CONFLICT::Coding region xref gene does not exist
../../../CURRENT/PANGROWTH/SEQS/NC_003027.1_NI_2490_Kenya_1958_PROKKA/NC_003027.1_NI_2490_Kenya_1958:CDS	DNA-directed RNA polymerase 35 kDa subunit	NC_003027.1_NI_2490_Kenya_1958:c112173-111265	NMOBLELM_00115

DiscRep_SUB:FEATURE_LOCATION_CONFLICT::Coding region xref gene does not exist
../../../CURRENT/PANGROWTH/SEQS/NC_003027.1_NI_2490_Kenya_1958_PROKKA/NC_003027.1_NI_2490_Kenya_1958:CDS	hypothetical protein	NC_003027.1_NI_2490_Kenya_1958:c112366-112142	NMOBLELM_00116

DiscRep_SUB:FEATURE_LOCATION_CONFLICT::Coding region xref gene does not exist
../../../CURRENT/PANGROWTH/SEQS/NC_003027.1_NI_2490_Kenya_1958_PROKKA/NC_003027.1_NI_2490_Kenya_1958:CDS	hypothetical protein	NC_003027.1_NI_2490_Kenya_1958:c112519-112394	NMOBLELM_00117

DiscRep_SUB:FEATURE_LOCATION_CONFLICT::Coding region xref gene does not exist
../../../CURRENT/PANGROWTH/SEQS/NC_003027.1_NI_2490_Kenya_1958_PROKKA/NC_003027.1_NI_2490_Kenya_1958:CDS	Protein A32	NC_003027.1_NI_2490_Kenya_1958:c113309-112545	NMOBLELM_00118

DiscRep_SUB:FEATURE_LOCATION_CONFLICT::Coding region xref gene does not exist
../../../CURRENT/PANGROWTH/SEQS/NC_003027.1_NI_2490_Kenya_1958_PROKKA/NC_003027.1_NI_2490_Kenya_1958:CDS	Protein A33	NC_003027.1_NI_2490_Kenya_1958:113441-114031	NMOBLELM_00119

DiscRep_SUB:FEATURE_LOCATION_CONFLICT::Coding region xref gene does not exist
../../../CURRENT/PANGROWTH/SEQS/NC_003027.1_NI_2490_Kenya_1958_PROKKA/NC_003027.1_NI_2490_Kenya_1958:CDS	Protein A34	NC_003027.1_NI_2490_Kenya_1958:114061-114576	NMOBLELM_00120

DiscRep_SUB:FEATURE_LOCATION_CONFLICT::Coding region xref gene does not exist
../../../CURRENT/PANGROWTH/SEQS/NC_003027.1_NI_2490_Kenya_1958_PROKKA/NC_003027.1_NI_2490_Kenya_1958:CDS	Protein A35	NC_003027.1_NI_2490_Kenya_1958:114604-115179	NMOBLELM_00121

DiscRep_SUB:FEATURE_LOCATION_CONFLICT::Coding region xref gene does not exist
../../../CURRENT/PANGROWTH/SEQS/NC_003027.1_NI_2490_Kenya_1958_PROKKA/NC_003027.1_NI_2490_Kenya_1958:CDS	hypothetical protein	NC_003027.1_NI_2490_Kenya_1958:115216-116082	NMOBLELM_00122

DiscRep_SUB:FEATURE_LOCATION_CONFLICT::Coding region xref gene does not exist
../../../CURRENT/PANGROWTH/SEQS/NC_003027.1_NI_2490_Kenya_1958_PROKKA/NC_003027.1_NI_2490_Kenya_1958:CDS	hypothetical protein	NC_003027.1_NI_2490_Kenya_1958:116141-116686	NMOBLELM_00123

DiscRep_SUB:FEATURE_LOCATION_CONFLICT::Coding region xref gene does not exist
../../../CURRENT/PANGROWTH/SEQS/NC_003027.1_NI_2490_Kenya_1958_PROKKA/NC_003027.1_NI_2490_Kenya_1958:CDS	hypothetical protein	NC_003027.1_NI_2490_Kenya_1958:116697-117518	NMOBLELM_00124

DiscRep_SUB:FEATURE_LOCATION_CONFLICT::Coding region xref gene does not exist
../../../CURRENT/PANGROWTH/SEQS/NC_003027.1_NI_2490_Kenya_1958_PROKKA/NC_003027.1_NI_2490_Kenya_1958:CDS	hypothetical protein	NC_003027.1_NI_2490_Kenya_1958:c118424-117522	NMOBLELM_00125

DiscRep_SUB:FEATURE_LOCATION_CONFLICT::Coding region xref gene does not exist
../../../CURRENT/PANGROWTH/SEQS/NC_003027.1_NI_2490_Kenya_1958_PROKKA/NC_003027.1_NI_2490_Kenya_1958:CDS	hypothetical protein	NC_003027.1_NI_2490_Kenya_1958:118522-118893	NMOBLELM_00126

DiscRep_SUB:FEATURE_LOCATION_CONFLICT::Coding region xref gene does not exist
../../../CURRENT/PANGROWTH/SEQS/NC_003027.1_NI_2490_Kenya_1958_PROKKA/NC_003027.1_NI_2490_Kenya_1958:CDS	hypothetical protein	NC_003027.1_NI_2490_Kenya_1958:118962-119207	NMOBLELM_00127

DiscRep_SUB:FEATURE_LOCATION_CONFLICT::Coding region xref gene does not exist
../../../CURRENT/PANGROWTH/SEQS/NC_003027.1_NI_2490_Kenya_1958_PROKKA/NC_003027.1_NI_2490_Kenya_1958:CDS	hypothetical protein	NC_003027.1_NI_2490_Kenya_1958:119263-119748	NMOBLELM_00128

DiscRep_SUB:FEATURE_LOCATION_CONFLICT::Coding region xref gene does not exist
../../../CURRENT/PANGROWTH/SEQS/NC_003027.1_NI_2490_Kenya_1958_PROKKA/NC_003027.1_NI_2490_Kenya_1958:CDS	hypothetical protein	NC_003027.1_NI_2490_Kenya_1958:119783-120313	NMOBLELM_00129

DiscRep_SUB:FEATURE_LOCATION_CONFLICT::Coding region xref gene does not exist
../../../CURRENT/PANGROWTH/SEQS/NC_003027.1_NI_2490_Kenya_1958_PROKKA/NC_003027.1_NI_2490_Kenya_1958:CDS	DNA ligase	NC_003027.1_NI_2490_Kenya_1958:120349-122022	NMOBLELM_00130

DiscRep_SUB:FEATURE_LOCATION_CONFLICT::Coding region xref gene does not exist
../../../CURRENT/PANGROWTH/SEQS/NC_003027.1_NI_2490_Kenya_1958_PROKKA/NC_003027.1_NI_2490_Kenya_1958:CDS	hypothetical protein	NC_003027.1_NI_2490_Kenya_1958:122296-128253	NMOBLELM_00131

DiscRep_SUB:FEATURE_LOCATION_CONFLICT::Coding region xref gene does not exist
../../../CURRENT/PANGROWTH/SEQS/NC_003027.1_NI_2490_Kenya_1958_PROKKA/NC_003027.1_NI_2490_Kenya_1958:CDS	Soluble interferon alpha/beta receptor B18	NC_003027.1_NI_2490_Kenya_1958:128323-129405	NMOBLELM_00132

DiscRep_SUB:FEATURE_LOCATION_CONFLICT::Coding region xref gene does not exist
../../../CURRENT/PANGROWTH/SEQS/NC_003027.1_NI_2490_Kenya_1958_PROKKA/NC_003027.1_NI_2490_Kenya_1958:CDS	hypothetical protein	NC_003027.1_NI_2490_Kenya_1958:129453-129914	NMOBLELM_00133

DiscRep_SUB:FEATURE_LOCATION_CONFLICT::Coding region xref gene does not exist
../../../CURRENT/PANGROWTH/SEQS/NC_003027.1_NI_2490_Kenya_1958_PROKKA/NC_003027.1_NI_2490_Kenya_1958:CDS	hypothetical protein	NC_003027.1_NI_2490_Kenya_1958:129980-130987	NMOBLELM_00134

DiscRep_SUB:FEATURE_LOCATION_CONFLICT::Coding region xref gene does not exist
../../../CURRENT/PANGROWTH/SEQS/NC_003027.1_NI_2490_Kenya_1958_PROKKA/NC_003027.1_NI_2490_Kenya_1958:CDS	hypothetical protein	NC_003027.1_NI_2490_Kenya_1958:131017-131577	NMOBLELM_00135

DiscRep_SUB:FEATURE_LOCATION_CONFLICT::Coding region xref gene does not exist
../../../CURRENT/PANGROWTH/SEQS/NC_003027.1_NI_2490_Kenya_1958_PROKKA/NC_003027.1_NI_2490_Kenya_1958:CDS	B1 kinase	NC_003027.1_NI_2490_Kenya_1958:131616-132533	NMOBLELM_00136

DiscRep_SUB:FEATURE_LOCATION_CONFLICT::Coding region xref gene does not exist
../../../CURRENT/PANGROWTH/SEQS/NC_003027.1_NI_2490_Kenya_1958_PROKKA/NC_003027.1_NI_2490_Kenya_1958:CDS	hypothetical protein	NC_003027.1_NI_2490_Kenya_1958:132565-133287	NMOBLELM_00137

DiscRep_SUB:FEATURE_LOCATION_CONFLICT::Coding region xref gene does not exist
../../../CURRENT/PANGROWTH/SEQS/NC_003027.1_NI_2490_Kenya_1958_PROKKA/NC_003027.1_NI_2490_Kenya_1958:CDS	Protein B5	NC_003027.1_NI_2490_Kenya_1958:133336-134013	NMOBLELM_00138

DiscRep_SUB:FEATURE_LOCATION_CONFLICT::Coding region xref gene does not exist
../../../CURRENT/PANGROWTH/SEQS/NC_003027.1_NI_2490_Kenya_1958_PROKKA/NC_003027.1_NI_2490_Kenya_1958:CDS	hypothetical protein	NC_003027.1_NI_2490_Kenya_1958:134015-134419	NMOBLELM_00139

DiscRep_SUB:FEATURE_LOCATION_CONFLICT::Coding region xref gene does not exist
../../../CURRENT/PANGROWTH/SEQS/NC_003027.1_NI_2490_Kenya_1958_PROKKA/NC_003027.1_NI_2490_Kenya_1958:CDS	hypothetical protein	NC_003027.1_NI_2490_Kenya_1958:134456-135364	NMOBLELM_00140

DiscRep_SUB:FEATURE_LOCATION_CONFLICT::Coding region xref gene does not exist
../../../CURRENT/PANGROWTH/SEQS/NC_003027.1_NI_2490_Kenya_1958_PROKKA/NC_003027.1_NI_2490_Kenya_1958:CDS	Kelch repeat and BTB domain-containing protein A55	NC_003027.1_NI_2490_Kenya_1958:135533-137176	NMOBLELM_00141

DiscRep_SUB:FEATURE_LOCATION_CONFLICT::Coding region xref gene does not exist
../../../CURRENT/PANGROWTH/SEQS/NC_003027.1_NI_2490_Kenya_1958_PROKKA/NC_003027.1_NI_2490_Kenya_1958:CDS	hypothetical protein	NC_003027.1_NI_2490_Kenya_1958:137222-139126	NMOBLELM_00142

DiscRep_SUB:FEATURE_LOCATION_CONFLICT::Coding region xref gene does not exist
../../../CURRENT/PANGROWTH/SEQS/NC_003027.1_NI_2490_Kenya_1958_PROKKA/NC_003027.1_NI_2490_Kenya_1958:CDS	Envelope phospholipase F13	NC_003027.1_NI_2490_Kenya_1958:139255-140496	NMOBLELM_00143

DiscRep_SUB:FEATURE_LOCATION_CONFLICT::Coding region xref gene does not exist
../../../CURRENT/PANGROWTH/SEQS/NC_003027.1_NI_2490_Kenya_1958_PROKKA/NC_003027.1_NI_2490_Kenya_1958:CDS	Ankyrin repeat domain-containing protein M-T5	NC_003027.1_NI_2490_Kenya_1958:140557-142053	NMOBLELM_00144

DiscRep_SUB:FEATURE_LOCATION_CONFLICT::Coding region xref gene does not exist
../../../CURRENT/PANGROWTH/SEQS/NC_003027.1_NI_2490_Kenya_1958_PROKKA/NC_003027.1_NI_2490_Kenya_1958:CDS	Ankyrin repeat domain-containing protein M-T5	NC_003027.1_NI_2490_Kenya_1958:142101-143444	NMOBLELM_00145

DiscRep_SUB:FEATURE_LOCATION_CONFLICT::Coding region xref gene does not exist
../../../CURRENT/PANGROWTH/SEQS/NC_003027.1_NI_2490_Kenya_1958_PROKKA/NC_003027.1_NI_2490_Kenya_1958:CDS	Serine proteinase inhibitor 2	NC_003027.1_NI_2490_Kenya_1958:143465-144478	NMOBLELM_00146

DiscRep_SUB:FEATURE_LOCATION_CONFLICT::Coding region xref gene does not exist
../../../CURRENT/PANGROWTH/SEQS/NC_003027.1_NI_2490_Kenya_1958_PROKKA/NC_003027.1_NI_2490_Kenya_1958:CDS	hypothetical protein	NC_003027.1_NI_2490_Kenya_1958:144517-145002	NMOBLELM_00147

DiscRep_SUB:FEATURE_LOCATION_CONFLICT::Coding region xref gene does not exist
../../../CURRENT/PANGROWTH/SEQS/NC_003027.1_NI_2490_Kenya_1958_PROKKA/NC_003027.1_NI_2490_Kenya_1958:CDS	Kelch repeat and BTB domain-containing protein A55	NC_003027.1_NI_2490_Kenya_1958:145045-146697	NMOBLELM_00148

DiscRep_SUB:FEATURE_LOCATION_CONFLICT::Coding region xref gene does not exist
../../../CURRENT/PANGROWTH/SEQS/NC_003027.1_NI_2490_Kenya_1958_PROKKA/NC_003027.1_NI_2490_Kenya_1958:CDS	Ankyrin repeat domain-containing protein M-T5	NC_003027.1_NI_2490_Kenya_1958:146764-148233	NMOBLELM_00149

DiscRep_SUB:FEATURE_LOCATION_CONFLICT::Coding region xref gene does not exist
../../../CURRENT/PANGROWTH/SEQS/NC_003027.1_NI_2490_Kenya_1958_PROKKA/NC_003027.1_NI_2490_Kenya_1958:CDS	hypothetical protein	NC_003027.1_NI_2490_Kenya_1958:148278-148553	NMOBLELM_00150

DiscRep_SUB:FEATURE_LOCATION_CONFLICT::Coding region xref gene does not exist
../../../CURRENT/PANGROWTH/SEQS/NC_003027.1_NI_2490_Kenya_1958_PROKKA/NC_003027.1_NI_2490_Kenya_1958:CDS	hypothetical protein	NC_003027.1_NI_2490_Kenya_1958:148623-149345	NMOBLELM_00151

DiscRep_ALL:SUSPECT_PRODUCT_NAMES::3 product_names contain suspect phrase or characters
DiscRep_SUB:SUSPECT_PRODUCT_NAMES::May contain database identifier more appropriate in note; remove from product name
DiscRep_SUB:SUSPECT_PRODUCT_NAMES::1 features contains three or more numbers together that may be identifiers more appropriate in note
../../../CURRENT/PANGROWTH/SEQS/NC_003027.1_NI_2490_Kenya_1958_PROKKA/NC_003027.1_NI_2490_Kenya_1958:CDS	DNA-directed RNA polymerase 133 kDa polypeptide	NC_003027.1_NI_2490_Kenya_1958:106911-110381	NMOBLELM_00112

DiscRep_SUB:SUSPECT_PRODUCT_NAMES::use protein instead of gene as appropriate
DiscRep_SUB:SUSPECT_PRODUCT_NAMES::2 features contains 'gene'
../../../CURRENT/PANGROWTH/SEQS/NC_003027.1_NI_2490_Kenya_1958_PROKKA/NC_003027.1_NI_2490_Kenya_1958:CDS	Viral late gene transcription factor 2	NC_003027.1_NI_2490_Kenya_1958:c86268-85816	NMOBLELM_00088
../../../CURRENT/PANGROWTH/SEQS/NC_003027.1_NI_2490_Kenya_1958_PROKKA/NC_003027.1_NI_2490_Kenya_1958:CDS	Viral late gene transcription factor 3	NC_003027.1_NI_2490_Kenya_1958:c86981-86298	NMOBLELM_00089

DiscRep_ALL:DISC_QUALITY_SCORES::Quality scores are missing on all sequences.

DiscRep_ALL:ONCALLER_COMMENT_PRESENT::1 comment descriptors were found (all same)
../../../CURRENT/PANGROWTH/SEQS/NC_003027.1_NI_2490_Kenya_1958_PROKKA/NC_003027.1_NI_2490_Kenya_1958:NC_003027.1_NI_2490_Kenya_1958:Annotated using prokka 1.14.6 from https://github.com/tseemann/prokka

DiscRep_ALL:SHORT_PROT_SEQUENCES::2 protein sequences are shorter than 50 aa.
../../../CURRENT/PANGROWTH/SEQS/NC_003027.1_NI_2490_Kenya_1958_PROKKA/NC_003027.1_NI_2490_Kenya_1958:NC_003027.1_NI_2490_Kenya_1958_26 (length 48)
../../../CURRENT/PANGROWTH/SEQS/NC_003027.1_NI_2490_Kenya_1958_PROKKA/NC_003027.1_NI_2490_Kenya_1958:NC_003027.1_NI_2490_Kenya_1958_117 (length 41)

DiscRep_ALL:MISSING_GENOMEASSEMBLY_COMMENTS::1 bioseqs are missing GenomeAssembly structured comments
../../../CURRENT/PANGROWTH/SEQS/NC_003027.1_NI_2490_Kenya_1958_PROKKA/NC_003027.1_NI_2490_Kenya_1958:NC_003027.1_NI_2490_Kenya_1958 (length 150773, 2001 gap)

DiscRep_ALL:MOLTYPE_NOT_MRNA::1 molecule types are not set as mRNA.
../../../CURRENT/PANGROWTH/SEQS/NC_003027.1_NI_2490_Kenya_1958_PROKKA/NC_003027.1_NI_2490_Kenya_1958:NC_003027.1_NI_2490_Kenya_1958 (length 150773, 2001 gap)

DiscRep_ALL:TECHNIQUE_NOT_TSA::1 technique are not set as TSA
../../../CURRENT/PANGROWTH/SEQS/NC_003027.1_NI_2490_Kenya_1958_PROKKA/NC_003027.1_NI_2490_Kenya_1958:NC_003027.1_NI_2490_Kenya_1958 (length 150773, 2001 gap)

DiscRep_ALL:MISSING_STRUCTURED_COMMENT::1 sequences do not include structured comments.
../../../CURRENT/PANGROWTH/SEQS/NC_003027.1_NI_2490_Kenya_1958_PROKKA/NC_003027.1_NI_2490_Kenya_1958:NC_003027.1_NI_2490_Kenya_1958 (length 150773, 2001 gap)

DiscRep_ALL:MISSING_PROJECT::152 sequences do not include project.
../../../CURRENT/PANGROWTH/SEQS/NC_003027.1_NI_2490_Kenya_1958_PROKKA/NC_003027.1_NI_2490_Kenya_1958:NC_003027.1_NI_2490_Kenya_1958 (length 150773, 2001 gap)
../../../CURRENT/PANGROWTH/SEQS/NC_003027.1_NI_2490_Kenya_1958_PROKKA/NC_003027.1_NI_2490_Kenya_1958:NC_003027.1_NI_2490_Kenya_1958_1 (length 240)
../../../CURRENT/PANGROWTH/SEQS/NC_003027.1_NI_2490_Kenya_1958_PROKKA/NC_003027.1_NI_2490_Kenya_1958:NC_003027.1_NI_2490_Kenya_1958_2 (length 170)
../../../CURRENT/PANGROWTH/SEQS/NC_003027.1_NI_2490_Kenya_1958_PROKKA/NC_003027.1_NI_2490_Kenya_1958:NC_003027.1_NI_2490_Kenya_1958_3 (length 231)
../../../CURRENT/PANGROWTH/SEQS/NC_003027.1_NI_2490_Kenya_1958_PROKKA/NC_003027.1_NI_2490_Kenya_1958:NC_003027.1_NI_2490_Kenya_1958_4 (length 355)
../../../CURRENT/PANGROWTH/SEQS/NC_003027.1_NI_2490_Kenya_1958_PROKKA/NC_003027.1_NI_2490_Kenya_1958:NC_003027.1_NI_2490_Kenya_1958_5 (length 275)
../../../CURRENT/PANGROWTH/SEQS/NC_003027.1_NI_2490_Kenya_1958_PROKKA/NC_003027.1_NI_2490_Kenya_1958:NC_003027.1_NI_2490_Kenya_1958_6 (length 230)
../../../CURRENT/PANGROWTH/SEQS/NC_003027.1_NI_2490_Kenya_1958_PROKKA/NC_003027.1_NI_2490_Kenya_1958:NC_003027.1_NI_2490_Kenya_1958_7 (length 162)
../../../CURRENT/PANGROWTH/SEQS/NC_003027.1_NI_2490_Kenya_1958_PROKKA/NC_003027.1_NI_2490_Kenya_1958:NC_003027.1_NI_2490_Kenya_1958_8 (length 381)
../../../CURRENT/PANGROWTH/SEQS/NC_003027.1_NI_2490_Kenya_1958_PROKKA/NC_003027.1_NI_2490_Kenya_1958:NC_003027.1_NI_2490_Kenya_1958_9 (length 211)
../../../CURRENT/PANGROWTH/SEQS/NC_003027.1_NI_2490_Kenya_1958_PROKKA/NC_003027.1_NI_2490_Kenya_1958:NC_003027.1_NI_2490_Kenya_1958_10 (length 341)
../../../CURRENT/PANGROWTH/SEQS/NC_003027.1_NI_2490_Kenya_1958_PROKKA/NC_003027.1_NI_2490_Kenya_1958:NC_003027.1_NI_2490_Kenya_1958_11 (length 89)
../../../CURRENT/PANGROWTH/SEQS/NC_003027.1_NI_2490_Kenya_1958_PROKKA/NC_003027.1_NI_2490_Kenya_1958:NC_003027.1_NI_2490_Kenya_1958_12 (length 161)
../../../CURRENT/PANGROWTH/SEQS/NC_003027.1_NI_2490_Kenya_1958_PROKKA/NC_003027.1_NI_2490_Kenya_1958:NC_003027.1_NI_2490_Kenya_1958_13 (length 89)
../../../CURRENT/PANGROWTH/SEQS/NC_003027.1_NI_2490_Kenya_1958_PROKKA/NC_003027.1_NI_2490_Kenya_1958:NC_003027.1_NI_2490_Kenya_1958_14 (length 176)
../../../CURRENT/PANGROWTH/SEQS/NC_003027.1_NI_2490_Kenya_1958_PROKKA/NC_003027.1_NI_2490_Kenya_1958:NC_003027.1_NI_2490_Kenya_1958_15 (length 146)
../../../CURRENT/PANGROWTH/SEQS/NC_003027.1_NI_2490_Kenya_1958_PROKKA/NC_003027.1_NI_2490_Kenya_1958:NC_003027.1_NI_2490_Kenya_1958_16 (length 569)
../../../CURRENT/PANGROWTH/SEQS/NC_003027.1_NI_2490_Kenya_1958_PROKKA/NC_003027.1_NI_2490_Kenya_1958:NC_003027.1_NI_2490_Kenya_1958_17 (length 321)
../../../CURRENT/PANGROWTH/SEQS/NC_003027.1_NI_2490_Kenya_1958_PROKKA/NC_003027.1_NI_2490_Kenya_1958:NC_003027.1_NI_2490_Kenya_1958_18 (length 86)
../../../CURRENT/PANGROWTH/SEQS/NC_003027.1_NI_2490_Kenya_1958_PROKKA/NC_003027.1_NI_2490_Kenya_1958:NC_003027.1_NI_2490_Kenya_1958_19 (length 112)
../../../CURRENT/PANGROWTH/SEQS/NC_003027.1_NI_2490_Kenya_1958_PROKKA/NC_003027.1_NI_2490_Kenya_1958:NC_003027.1_NI_2490_Kenya_1958_20 (length 72)
../../../CURRENT/PANGROWTH/SEQS/NC_003027.1_NI_2490_Kenya_1958_PROKKA/NC_003027.1_NI_2490_Kenya_1958:NC_003027.1_NI_2490_Kenya_1958_21 (length 216)
../../../CURRENT/PANGROWTH/SEQS/NC_003027.1_NI_2490_Kenya_1958_PROKKA/NC_003027.1_NI_2490_Kenya_1958:NC_003027.1_NI_2490_Kenya_1958_22 (length 447)
../../../CURRENT/PANGROWTH/SEQS/NC_003027.1_NI_2490_Kenya_1958_PROKKA/NC_003027.1_NI_2490_Kenya_1958:NC_003027.1_NI_2490_Kenya_1958_23 (length 302)
../../../CURRENT/PANGROWTH/SEQS/NC_003027.1_NI_2490_Kenya_1958_PROKKA/NC_003027.1_NI_2490_Kenya_1958:NC_003027.1_NI_2490_Kenya_1958_24 (length 638)
../../../CURRENT/PANGROWTH/SEQS/NC_003027.1_NI_2490_Kenya_1958_PROKKA/NC_003027.1_NI_2490_Kenya_1958:NC_003027.1_NI_2490_Kenya_1958_25 (length 370)
../../../CURRENT/PANGROWTH/SEQS/NC_003027.1_NI_2490_Kenya_1958_PROKKA/NC_003027.1_NI_2490_Kenya_1958:NC_003027.1_NI_2490_Kenya_1958_26 (length 48)
../../../CURRENT/PANGROWTH/SEQS/NC_003027.1_NI_2490_Kenya_1958_PROKKA/NC_003027.1_NI_2490_Kenya_1958:NC_003027.1_NI_2490_Kenya_1958_27 (length 145)
../../../CURRENT/PANGROWTH/SEQS/NC_003027.1_NI_2490_Kenya_1958_PROKKA/NC_003027.1_NI_2490_Kenya_1958:NC_003027.1_NI_2490_Kenya_1958_28 (length 219)
../../../CURRENT/PANGROWTH/SEQS/NC_003027.1_NI_2490_Kenya_1958_PROKKA/NC_003027.1_NI_2490_Kenya_1958:NC_003027.1_NI_2490_Kenya_1958_29 (length 104)
../../../CURRENT/PANGROWTH/SEQS/NC_003027.1_NI_2490_Kenya_1958_PROKKA/NC_003027.1_NI_2490_Kenya_1958:NC_003027.1_NI_2490_Kenya_1958_30 (length 474)
../../../CURRENT/PANGROWTH/SEQS/NC_003027.1_NI_2490_Kenya_1958_PROKKA/NC_003027.1_NI_2490_Kenya_1958:NC_003027.1_NI_2490_Kenya_1958_31 (length 735)
../../../CURRENT/PANGROWTH/SEQS/NC_003027.1_NI_2490_Kenya_1958_PROKKA/NC_003027.1_NI_2490_Kenya_1958:NC_003027.1_NI_2490_Kenya_1958_32 (length 177)
../../../CURRENT/PANGROWTH/SEQS/NC_003027.1_NI_2490_Kenya_1958_PROKKA/NC_003027.1_NI_2490_Kenya_1958:NC_003027.1_NI_2490_Kenya_1958_33 (length 201)
../../../CURRENT/PANGROWTH/SEQS/NC_003027.1_NI_2490_Kenya_1958_PROKKA/NC_003027.1_NI_2490_Kenya_1958:NC_003027.1_NI_2490_Kenya_1958_34 (length 374)
../../../CURRENT/PANGROWTH/SEQS/NC_003027.1_NI_2490_Kenya_1958_PROKKA/NC_003027.1_NI_2490_Kenya_1958:NC_003027.1_NI_2490_Kenya_1958_35 (length 566)
../../../CURRENT/PANGROWTH/SEQS/NC_003027.1_NI_2490_Kenya_1958_PROKKA/NC_003027.1_NI_2490_Kenya_1958:NC_003027.1_NI_2490_Kenya_1958_36 (length 266)
../../../CURRENT/PANGROWTH/SEQS/NC_003027.1_NI_2490_Kenya_1958_PROKKA/NC_003027.1_NI_2490_Kenya_1958:NC_003027.1_NI_2490_Kenya_1958_37 (length 1010)
../../../CURRENT/PANGROWTH/SEQS/NC_003027.1_NI_2490_Kenya_1958_PROKKA/NC_003027.1_NI_2490_Kenya_1958:NC_003027.1_NI_2490_Kenya_1958_38 (length 95)
../../../CURRENT/PANGROWTH/SEQS/NC_003027.1_NI_2490_Kenya_1958_PROKKA/NC_003027.1_NI_2490_Kenya_1958:NC_003027.1_NI_2490_Kenya_1958_39 (length 130)
../../../CURRENT/PANGROWTH/SEQS/NC_003027.1_NI_2490_Kenya_1958_PROKKA/NC_003027.1_NI_2490_Kenya_1958:NC_003027.1_NI_2490_Kenya_1958_40 (length 684)
../../../CURRENT/PANGROWTH/SEQS/NC_003027.1_NI_2490_Kenya_1958_PROKKA/NC_003027.1_NI_2490_Kenya_1958:NC_003027.1_NI_2490_Kenya_1958_41 (length 314)
../../../CURRENT/PANGROWTH/SEQS/NC_003027.1_NI_2490_Kenya_1958_PROKKA/NC_003027.1_NI_2490_Kenya_1958:NC_003027.1_NI_2490_Kenya_1958_42 (length 72)
../../../CURRENT/PANGROWTH/SEQS/NC_003027.1_NI_2490_Kenya_1958_PROKKA/NC_003027.1_NI_2490_Kenya_1958:NC_003027.1_NI_2490_Kenya_1958_43 (length 276)
../../../CURRENT/PANGROWTH/SEQS/NC_003027.1_NI_2490_Kenya_1958_PROKKA/NC_003027.1_NI_2490_Kenya_1958:NC_003027.1_NI_2490_Kenya_1958_44 (length 78)
../../../CURRENT/PANGROWTH/SEQS/NC_003027.1_NI_2490_Kenya_1958_PROKKA/NC_003027.1_NI_2490_Kenya_1958:NC_003027.1_NI_2490_Kenya_1958_45 (length 394)
../../../CURRENT/PANGROWTH/SEQS/NC_003027.1_NI_2490_Kenya_1958_PROKKA/NC_003027.1_NI_2490_Kenya_1958:NC_003027.1_NI_2490_Kenya_1958_46 (length 433)
../../../CURRENT/PANGROWTH/SEQS/NC_003027.1_NI_2490_Kenya_1958_PROKKA/NC_003027.1_NI_2490_Kenya_1958:NC_003027.1_NI_2490_Kenya_1958_47 (length 676)
../../../CURRENT/PANGROWTH/SEQS/NC_003027.1_NI_2490_Kenya_1958_PROKKA/NC_003027.1_NI_2490_Kenya_1958:NC_003027.1_NI_2490_Kenya_1958_48 (length 596)
../../../CURRENT/PANGROWTH/SEQS/NC_003027.1_NI_2490_Kenya_1958_PROKKA/NC_003027.1_NI_2490_Kenya_1958:NC_003027.1_NI_2490_Kenya_1958_49 (length 81)
../../../CURRENT/PANGROWTH/SEQS/NC_003027.1_NI_2490_Kenya_1958_PROKKA/NC_003027.1_NI_2490_Kenya_1958:NC_003027.1_NI_2490_Kenya_1958_50 (length 222)
../../../CURRENT/PANGROWTH/SEQS/NC_003027.1_NI_2490_Kenya_1958_PROKKA/NC_003027.1_NI_2490_Kenya_1958:NC_003027.1_NI_2490_Kenya_1958_51 (length 126)
../../../CURRENT/PANGROWTH/SEQS/NC_003027.1_NI_2490_Kenya_1958_PROKKA/NC_003027.1_NI_2490_Kenya_1958:NC_003027.1_NI_2490_Kenya_1958_52 (length 437)
../../../CURRENT/PANGROWTH/SEQS/NC_003027.1_NI_2490_Kenya_1958_PROKKA/NC_003027.1_NI_2490_Kenya_1958:NC_003027.1_NI_2490_Kenya_1958_53 (length 63)
../../../CURRENT/PANGROWTH/SEQS/NC_003027.1_NI_2490_Kenya_1958_PROKKA/NC_003027.1_NI_2490_Kenya_1958:NC_003027.1_NI_2490_Kenya_1958_54 (length 174)
../../../CURRENT/PANGROWTH/SEQS/NC_003027.1_NI_2490_Kenya_1958_PROKKA/NC_003027.1_NI_2490_Kenya_1958:NC_003027.1_NI_2490_Kenya_1958_55 (length 373)
../../../CURRENT/PANGROWTH/SEQS/NC_003027.1_NI_2490_Kenya_1958_PROKKA/NC_003027.1_NI_2490_Kenya_1958:NC_003027.1_NI_2490_Kenya_1958_56 (length 260)
../../../CURRENT/PANGROWTH/SEQS/NC_003027.1_NI_2490_Kenya_1958_PROKKA/NC_003027.1_NI_2490_Kenya_1958:NC_003027.1_NI_2490_Kenya_1958_57 (length 336)
../../../CURRENT/PANGROWTH/SEQS/NC_003027.1_NI_2490_Kenya_1958_PROKKA/NC_003027.1_NI_2490_Kenya_1958:NC_003027.1_NI_2490_Kenya_1958_58 (length 245)
../../../CURRENT/PANGROWTH/SEQS/NC_003027.1_NI_2490_Kenya_1958_PROKKA/NC_003027.1_NI_2490_Kenya_1958:NC_003027.1_NI_2490_Kenya_1958_59 (length 92)
../../../CURRENT/PANGROWTH/SEQS/NC_003027.1_NI_2490_Kenya_1958_PROKKA/NC_003027.1_NI_2490_Kenya_1958:NC_003027.1_NI_2490_Kenya_1958_60 (length 318)
../../../CURRENT/PANGROWTH/SEQS/NC_003027.1_NI_2490_Kenya_1958_PROKKA/NC_003027.1_NI_2490_Kenya_1958:NC_003027.1_NI_2490_Kenya_1958_61 (length 253)
../../../CURRENT/PANGROWTH/SEQS/NC_003027.1_NI_2490_Kenya_1958_PROKKA/NC_003027.1_NI_2490_Kenya_1958:NC_003027.1_NI_2490_Kenya_1958_62 (length 131)
../../../CURRENT/PANGROWTH/SEQS/NC_003027.1_NI_2490_Kenya_1958_PROKKA/NC_003027.1_NI_2490_Kenya_1958:NC_003027.1_NI_2490_Kenya_1958_63 (length 147)
../../../CURRENT/PANGROWTH/SEQS/NC_003027.1_NI_2490_Kenya_1958_PROKKA/NC_003027.1_NI_2490_Kenya_1958:NC_003027.1_NI_2490_Kenya_1958_64 (length 177)
../../../CURRENT/PANGROWTH/SEQS/NC_003027.1_NI_2490_Kenya_1958_PROKKA/NC_003027.1_NI_2490_Kenya_1958:NC_003027.1_NI_2490_Kenya_1958_65 (length 198)
../../../CURRENT/PANGROWTH/SEQS/NC_003027.1_NI_2490_Kenya_1958_PROKKA/NC_003027.1_NI_2490_Kenya_1958:NC_003027.1_NI_2490_Kenya_1958_66 (length 333)
../../../CURRENT/PANGROWTH/SEQS/NC_003027.1_NI_2490_Kenya_1958_PROKKA/NC_003027.1_NI_2490_Kenya_1958:NC_003027.1_NI_2490_Kenya_1958_67 (length 133)
../../../CURRENT/PANGROWTH/SEQS/NC_003027.1_NI_2490_Kenya_1958_PROKKA/NC_003027.1_NI_2490_Kenya_1958:NC_003027.1_NI_2490_Kenya_1958_68 (length 1285)
../../../CURRENT/PANGROWTH/SEQS/NC_003027.1_NI_2490_Kenya_1958_PROKKA/NC_003027.1_NI_2490_Kenya_1958:NC_003027.1_NI_2490_Kenya_1958_69 (length 171)
../../../CURRENT/PANGROWTH/SEQS/NC_003027.1_NI_2490_Kenya_1958_PROKKA/NC_003027.1_NI_2490_Kenya_1958:NC_003027.1_NI_2490_Kenya_1958_70 (length 190)
../../../CURRENT/PANGROWTH/SEQS/NC_003027.1_NI_2490_Kenya_1958_PROKKA/NC_003027.1_NI_2490_Kenya_1958:NC_003027.1_NI_2490_Kenya_1958_71 (length 322)
../../../CURRENT/PANGROWTH/SEQS/NC_003027.1_NI_2490_Kenya_1958_PROKKA/NC_003027.1_NI_2490_Kenya_1958:NC_003027.1_NI_2490_Kenya_1958_72 (length 798)
../../../CURRENT/PANGROWTH/SEQS/NC_003027.1_NI_2490_Kenya_1958_PROKKA/NC_003027.1_NI_2490_Kenya_1958:NC_003027.1_NI_2490_Kenya_1958_73 (length 223)
../../../CURRENT/PANGROWTH/SEQS/NC_003027.1_NI_2490_Kenya_1958_PROKKA/NC_003027.1_NI_2490_Kenya_1958:NC_003027.1_NI_2490_Kenya_1958_74 (length 317)
../../../CURRENT/PANGROWTH/SEQS/NC_003027.1_NI_2490_Kenya_1958_PROKKA/NC_003027.1_NI_2490_Kenya_1958:NC_003027.1_NI_2490_Kenya_1958_75 (length 147)
../../../CURRENT/PANGROWTH/SEQS/NC_003027.1_NI_2490_Kenya_1958_PROKKA/NC_003027.1_NI_2490_Kenya_1958:NC_003027.1_NI_2490_Kenya_1958_76 (length 842)
../../../CURRENT/PANGROWTH/SEQS/NC_003027.1_NI_2490_Kenya_1958_PROKKA/NC_003027.1_NI_2490_Kenya_1958:NC_003027.1_NI_2490_Kenya_1958_77 (length 155)
../../../CURRENT/PANGROWTH/SEQS/NC_003027.1_NI_2490_Kenya_1958_PROKKA/NC_003027.1_NI_2490_Kenya_1958:NC_003027.1_NI_2490_Kenya_1958_78 (length 245)
../../../CURRENT/PANGROWTH/SEQS/NC_003027.1_NI_2490_Kenya_1958_PROKKA/NC_003027.1_NI_2490_Kenya_1958:NC_003027.1_NI_2490_Kenya_1958_79 (length 218)
../../../CURRENT/PANGROWTH/SEQS/NC_003027.1_NI_2490_Kenya_1958_PROKKA/NC_003027.1_NI_2490_Kenya_1958:NC_003027.1_NI_2490_Kenya_1958_80 (length 786)
../../../CURRENT/PANGROWTH/SEQS/NC_003027.1_NI_2490_Kenya_1958_PROKKA/NC_003027.1_NI_2490_Kenya_1958:NC_003027.1_NI_2490_Kenya_1958_81 (length 635)
../../../CURRENT/PANGROWTH/SEQS/NC_003027.1_NI_2490_Kenya_1958_PROKKA/NC_003027.1_NI_2490_Kenya_1958:NC_003027.1_NI_2490_Kenya_1958_82 (length 163)
../../../CURRENT/PANGROWTH/SEQS/NC_003027.1_NI_2490_Kenya_1958_PROKKA/NC_003027.1_NI_2490_Kenya_1958:NC_003027.1_NI_2490_Kenya_1958_83 (length 213)
../../../CURRENT/PANGROWTH/SEQS/NC_003027.1_NI_2490_Kenya_1958_PROKKA/NC_003027.1_NI_2490_Kenya_1958:NC_003027.1_NI_2490_Kenya_1958_84 (length 253)
../../../CURRENT/PANGROWTH/SEQS/NC_003027.1_NI_2490_Kenya_1958_PROKKA/NC_003027.1_NI_2490_Kenya_1958:NC_003027.1_NI_2490_Kenya_1958_85 (length 635)
../../../CURRENT/PANGROWTH/SEQS/NC_003027.1_NI_2490_Kenya_1958_PROKKA/NC_003027.1_NI_2490_Kenya_1958:NC_003027.1_NI_2490_Kenya_1958_86 (length 287)
../../../CURRENT/PANGROWTH/SEQS/NC_003027.1_NI_2490_Kenya_1958_PROKKA/NC_003027.1_NI_2490_Kenya_1958:NC_003027.1_NI_2490_Kenya_1958_87 (length 549)
../../../CURRENT/PANGROWTH/SEQS/NC_003027.1_NI_2490_Kenya_1958_PROKKA/NC_003027.1_NI_2490_Kenya_1958:NC_003027.1_NI_2490_Kenya_1958_88 (length 150)
../../../CURRENT/PANGROWTH/SEQS/NC_003027.1_NI_2490_Kenya_1958_PROKKA/NC_003027.1_NI_2490_Kenya_1958:NC_003027.1_NI_2490_Kenya_1958_89 (length 227)
../../../CURRENT/PANGROWTH/SEQS/NC_003027.1_NI_2490_Kenya_1958_PROKKA/NC_003027.1_NI_2490_Kenya_1958:NC_003027.1_NI_2490_Kenya_1958_90 (length 75)
../../../CURRENT/PANGROWTH/SEQS/NC_003027.1_NI_2490_Kenya_1958_PROKKA/NC_003027.1_NI_2490_Kenya_1958:NC_003027.1_NI_2490_Kenya_1958_91 (length 661)
../../../CURRENT/PANGROWTH/SEQS/NC_003027.1_NI_2490_Kenya_1958_PROKKA/NC_003027.1_NI_2490_Kenya_1958:NC_003027.1_NI_2490_Kenya_1958_92 (length 161)
../../../CURRENT/PANGROWTH/SEQS/NC_003027.1_NI_2490_Kenya_1958_PROKKA/NC_003027.1_NI_2490_Kenya_1958:NC_003027.1_NI_2490_Kenya_1958_93 (length 170)
../../../CURRENT/PANGROWTH/SEQS/NC_003027.1_NI_2490_Kenya_1958_PROKKA/NC_003027.1_NI_2490_Kenya_1958:NC_003027.1_NI_2490_Kenya_1958_94 (length 375)
../../../CURRENT/PANGROWTH/SEQS/NC_003027.1_NI_2490_Kenya_1958_PROKKA/NC_003027.1_NI_2490_Kenya_1958:NC_003027.1_NI_2490_Kenya_1958_95 (length 714)
../../../CURRENT/PANGROWTH/SEQS/NC_003027.1_NI_2490_Kenya_1958_PROKKA/NC_003027.1_NI_2490_Kenya_1958:NC_003027.1_NI_2490_Kenya_1958_96 (length 290)
../../../CURRENT/PANGROWTH/SEQS/NC_003027.1_NI_2490_Kenya_1958_PROKKA/NC_003027.1_NI_2490_Kenya_1958:NC_003027.1_NI_2490_Kenya_1958_97 (length 78)
../../../CURRENT/PANGROWTH/SEQS/NC_003027.1_NI_2490_Kenya_1958_PROKKA/NC_003027.1_NI_2490_Kenya_1958:NC_003027.1_NI_2490_Kenya_1958_98 (length 904)
../../../CURRENT/PANGROWTH/SEQS/NC_003027.1_NI_2490_Kenya_1958_PROKKA/NC_003027.1_NI_2490_Kenya_1958:NC_003027.1_NI_2490_Kenya_1958_99 (length 317)
../../../CURRENT/PANGROWTH/SEQS/NC_003027.1_NI_2490_Kenya_1958_PROKKA/NC_003027.1_NI_2490_Kenya_1958:NC_003027.1_NI_2490_Kenya_1958_100 (length 190)
../../../CURRENT/PANGROWTH/SEQS/NC_003027.1_NI_2490_Kenya_1958_PROKKA/NC_003027.1_NI_2490_Kenya_1958:NC_003027.1_NI_2490_Kenya_1958_101 (length 67)
../../../CURRENT/PANGROWTH/SEQS/NC_003027.1_NI_2490_Kenya_1958_PROKKA/NC_003027.1_NI_2490_Kenya_1958:NC_003027.1_NI_2490_Kenya_1958_102 (length 95)
../../../CURRENT/PANGROWTH/SEQS/NC_003027.1_NI_2490_Kenya_1958_PROKKA/NC_003027.1_NI_2490_Kenya_1958:NC_003027.1_NI_2490_Kenya_1958_103 (length 95)
../../../CURRENT/PANGROWTH/SEQS/NC_003027.1_NI_2490_Kenya_1958_PROKKA/NC_003027.1_NI_2490_Kenya_1958:NC_003027.1_NI_2490_Kenya_1958_104 (length 377)
../../../CURRENT/PANGROWTH/SEQS/NC_003027.1_NI_2490_Kenya_1958_PROKKA/NC_003027.1_NI_2490_Kenya_1958:NC_003027.1_NI_2490_Kenya_1958_105 (length 196)
../../../CURRENT/PANGROWTH/SEQS/NC_003027.1_NI_2490_Kenya_1958_PROKKA/NC_003027.1_NI_2490_Kenya_1958:NC_003027.1_NI_2490_Kenya_1958_106 (length 480)
../../../CURRENT/PANGROWTH/SEQS/NC_003027.1_NI_2490_Kenya_1958_PROKKA/NC_003027.1_NI_2490_Kenya_1958:NC_003027.1_NI_2490_Kenya_1958_107 (length 74)
../../../CURRENT/PANGROWTH/SEQS/NC_003027.1_NI_2490_Kenya_1958_PROKKA/NC_003027.1_NI_2490_Kenya_1958:NC_003027.1_NI_2490_Kenya_1958_108 (length 52)
../../../CURRENT/PANGROWTH/SEQS/NC_003027.1_NI_2490_Kenya_1958_PROKKA/NC_003027.1_NI_2490_Kenya_1958:NC_003027.1_NI_2490_Kenya_1958_109 (length 430)
../../../CURRENT/PANGROWTH/SEQS/NC_003027.1_NI_2490_Kenya_1958_PROKKA/NC_003027.1_NI_2490_Kenya_1958:NC_003027.1_NI_2490_Kenya_1958_110 (length 168)
../../../CURRENT/PANGROWTH/SEQS/NC_003027.1_NI_2490_Kenya_1958_PROKKA/NC_003027.1_NI_2490_Kenya_1958:NC_003027.1_NI_2490_Kenya_1958_111 (length 385)
../../../CURRENT/PANGROWTH/SEQS/NC_003027.1_NI_2490_Kenya_1958_PROKKA/NC_003027.1_NI_2490_Kenya_1958:NC_003027.1_NI_2490_Kenya_1958_112 (length 1156)
../../../CURRENT/PANGROWTH/SEQS/NC_003027.1_NI_2490_Kenya_1958_PROKKA/NC_003027.1_NI_2490_Kenya_1958:NC_003027.1_NI_2490_Kenya_1958_113 (length 148)
../../../CURRENT/PANGROWTH/SEQS/NC_003027.1_NI_2490_Kenya_1958_PROKKA/NC_003027.1_NI_2490_Kenya_1958:NC_003027.1_NI_2490_Kenya_1958_114 (length 140)
../../../CURRENT/PANGROWTH/SEQS/NC_003027.1_NI_2490_Kenya_1958_PROKKA/NC_003027.1_NI_2490_Kenya_1958:NC_003027.1_NI_2490_Kenya_1958_115 (length 302)
../../../CURRENT/PANGROWTH/SEQS/NC_003027.1_NI_2490_Kenya_1958_PROKKA/NC_003027.1_NI_2490_Kenya_1958:NC_003027.1_NI_2490_Kenya_1958_116 (length 74)
../../../CURRENT/PANGROWTH/SEQS/NC_003027.1_NI_2490_Kenya_1958_PROKKA/NC_003027.1_NI_2490_Kenya_1958:NC_003027.1_NI_2490_Kenya_1958_117 (length 41)
../../../CURRENT/PANGROWTH/SEQS/NC_003027.1_NI_2490_Kenya_1958_PROKKA/NC_003027.1_NI_2490_Kenya_1958:NC_003027.1_NI_2490_Kenya_1958_118 (length 254)
../../../CURRENT/PANGROWTH/SEQS/NC_003027.1_NI_2490_Kenya_1958_PROKKA/NC_003027.1_NI_2490_Kenya_1958:NC_003027.1_NI_2490_Kenya_1958_119 (length 196)
../../../CURRENT/PANGROWTH/SEQS/NC_003027.1_NI_2490_Kenya_1958_PROKKA/NC_003027.1_NI_2490_Kenya_1958:NC_003027.1_NI_2490_Kenya_1958_120 (length 171)
../../../CURRENT/PANGROWTH/SEQS/NC_003027.1_NI_2490_Kenya_1958_PROKKA/NC_003027.1_NI_2490_Kenya_1958:NC_003027.1_NI_2490_Kenya_1958_121 (length 191)
../../../CURRENT/PANGROWTH/SEQS/NC_003027.1_NI_2490_Kenya_1958_PROKKA/NC_003027.1_NI_2490_Kenya_1958:NC_003027.1_NI_2490_Kenya_1958_122 (length 288)
../../../CURRENT/PANGROWTH/SEQS/NC_003027.1_NI_2490_Kenya_1958_PROKKA/NC_003027.1_NI_2490_Kenya_1958:NC_003027.1_NI_2490_Kenya_1958_123 (length 181)
../../../CURRENT/PANGROWTH/SEQS/NC_003027.1_NI_2490_Kenya_1958_PROKKA/NC_003027.1_NI_2490_Kenya_1958:NC_003027.1_NI_2490_Kenya_1958_124 (length 273)
../../../CURRENT/PANGROWTH/SEQS/NC_003027.1_NI_2490_Kenya_1958_PROKKA/NC_003027.1_NI_2490_Kenya_1958:NC_003027.1_NI_2490_Kenya_1958_125 (length 300)
../../../CURRENT/PANGROWTH/SEQS/NC_003027.1_NI_2490_Kenya_1958_PROKKA/NC_003027.1_NI_2490_Kenya_1958:NC_003027.1_NI_2490_Kenya_1958_126 (length 123)
../../../CURRENT/PANGROWTH/SEQS/NC_003027.1_NI_2490_Kenya_1958_PROKKA/NC_003027.1_NI_2490_Kenya_1958:NC_003027.1_NI_2490_Kenya_1958_127 (length 81)
../../../CURRENT/PANGROWTH/SEQS/NC_003027.1_NI_2490_Kenya_1958_PROKKA/NC_003027.1_NI_2490_Kenya_1958:NC_003027.1_NI_2490_Kenya_1958_128 (length 161)
../../../CURRENT/PANGROWTH/SEQS/NC_003027.1_NI_2490_Kenya_1958_PROKKA/NC_003027.1_NI_2490_Kenya_1958:NC_003027.1_NI_2490_Kenya_1958_129 (length 176)
../../../CURRENT/PANGROWTH/SEQS/NC_003027.1_NI_2490_Kenya_1958_PROKKA/NC_003027.1_NI_2490_Kenya_1958:NC_003027.1_NI_2490_Kenya_1958_130 (length 557)
../../../CURRENT/PANGROWTH/SEQS/NC_003027.1_NI_2490_Kenya_1958_PROKKA/NC_003027.1_NI_2490_Kenya_1958:NC_003027.1_NI_2490_Kenya_1958_131 (length 1985)
../../../CURRENT/PANGROWTH/SEQS/NC_003027.1_NI_2490_Kenya_1958_PROKKA/NC_003027.1_NI_2490_Kenya_1958:NC_003027.1_NI_2490_Kenya_1958_132 (length 360)
../../../CURRENT/PANGROWTH/SEQS/NC_003027.1_NI_2490_Kenya_1958_PROKKA/NC_003027.1_NI_2490_Kenya_1958:NC_003027.1_NI_2490_Kenya_1958_133 (length 153)
../../../CURRENT/PANGROWTH/SEQS/NC_003027.1_NI_2490_Kenya_1958_PROKKA/NC_003027.1_NI_2490_Kenya_1958:NC_003027.1_NI_2490_Kenya_1958_134 (length 335)
../../../CURRENT/PANGROWTH/SEQS/NC_003027.1_NI_2490_Kenya_1958_PROKKA/NC_003027.1_NI_2490_Kenya_1958:NC_003027.1_NI_2490_Kenya_1958_135 (length 186)
../../../CURRENT/PANGROWTH/SEQS/NC_003027.1_NI_2490_Kenya_1958_PROKKA/NC_003027.1_NI_2490_Kenya_1958:NC_003027.1_NI_2490_Kenya_1958_136 (length 305)
../../../CURRENT/PANGROWTH/SEQS/NC_003027.1_NI_2490_Kenya_1958_PROKKA/NC_003027.1_NI_2490_Kenya_1958:NC_003027.1_NI_2490_Kenya_1958_137 (length 240)
../../../CURRENT/PANGROWTH/SEQS/NC_003027.1_NI_2490_Kenya_1958_PROKKA/NC_003027.1_NI_2490_Kenya_1958:NC_003027.1_NI_2490_Kenya_1958_138 (length 225)
../../../CURRENT/PANGROWTH/SEQS/NC_003027.1_NI_2490_Kenya_1958_PROKKA/NC_003027.1_NI_2490_Kenya_1958:NC_003027.1_NI_2490_Kenya_1958_139 (length 134)
../../../CURRENT/PANGROWTH/SEQS/NC_003027.1_NI_2490_Kenya_1958_PROKKA/NC_003027.1_NI_2490_Kenya_1958:NC_003027.1_NI_2490_Kenya_1958_140 (length 302)
../../../CURRENT/PANGROWTH/SEQS/NC_003027.1_NI_2490_Kenya_1958_PROKKA/NC_003027.1_NI_2490_Kenya_1958:NC_003027.1_NI_2490_Kenya_1958_141 (length 547)
../../../CURRENT/PANGROWTH/SEQS/NC_003027.1_NI_2490_Kenya_1958_PROKKA/NC_003027.1_NI_2490_Kenya_1958:NC_003027.1_NI_2490_Kenya_1958_142 (length 634)
../../../CURRENT/PANGROWTH/SEQS/NC_003027.1_NI_2490_Kenya_1958_PROKKA/NC_003027.1_NI_2490_Kenya_1958:NC_003027.1_NI_2490_Kenya_1958_143 (length 413)
../../../CURRENT/PANGROWTH/SEQS/NC_003027.1_NI_2490_Kenya_1958_PROKKA/NC_003027.1_NI_2490_Kenya_1958:NC_003027.1_NI_2490_Kenya_1958_144 (length 498)
../../../CURRENT/PANGROWTH/SEQS/NC_003027.1_NI_2490_Kenya_1958_PROKKA/NC_003027.1_NI_2490_Kenya_1958:NC_003027.1_NI_2490_Kenya_1958_145 (length 447)
../../../CURRENT/PANGROWTH/SEQS/NC_003027.1_NI_2490_Kenya_1958_PROKKA/NC_003027.1_NI_2490_Kenya_1958:NC_003027.1_NI_2490_Kenya_1958_146 (length 337)
../../../CURRENT/PANGROWTH/SEQS/NC_003027.1_NI_2490_Kenya_1958_PROKKA/NC_003027.1_NI_2490_Kenya_1958:NC_003027.1_NI_2490_Kenya_1958_147 (length 161)
../../../CURRENT/PANGROWTH/SEQS/NC_003027.1_NI_2490_Kenya_1958_PROKKA/NC_003027.1_NI_2490_Kenya_1958:NC_003027.1_NI_2490_Kenya_1958_148 (length 550)
../../../CURRENT/PANGROWTH/SEQS/NC_003027.1_NI_2490_Kenya_1958_PROKKA/NC_003027.1_NI_2490_Kenya_1958:NC_003027.1_NI_2490_Kenya_1958_149 (length 489)
../../../CURRENT/PANGROWTH/SEQS/NC_003027.1_NI_2490_Kenya_1958_PROKKA/NC_003027.1_NI_2490_Kenya_1958:NC_003027.1_NI_2490_Kenya_1958_150 (length 91)
../../../CURRENT/PANGROWTH/SEQS/NC_003027.1_NI_2490_Kenya_1958_PROKKA/NC_003027.1_NI_2490_Kenya_1958:NC_003027.1_NI_2490_Kenya_1958_151 (length 240)

DiscRep_ALL:DISC_INCONSISTENT_MOLINFO_TECH::Molinfo Technique Report (some missing, all same)
DiscRep_SUB:DISC_INCONSISTENT_MOLINFO_TECH::technique (all missing)
DiscRep_SUB:DISC_INCONSISTENT_MOLINFO_TECH::1 Molinfos are missing field technique
../../../CURRENT/PANGROWTH/SEQS/NC_003027.1_NI_2490_Kenya_1958_PROKKA/NC_003027.1_NI_2490_Kenya_1958:NC_003027.1_NI_2490_Kenya_1958 (length 150773, 2001 gap)

DiscRep_ALL:DISC_GAPS::1 sequences contain gaps
../../../CURRENT/PANGROWTH/SEQS/NC_003027.1_NI_2490_Kenya_1958_PROKKA/NC_003027.1_NI_2490_Kenya_1958:NC_003027.1_NI_2490_Kenya_1958 (length 150773, 2001 gap)

