
RAxML-NG v. 1.2.0 released on 09.05.2023 by The Exelixis Lab.
Developed by: Alexey M. Kozlov and Alexandros Stamatakis.
Contributors: Diego Darriba, Tomas Flouri, Benoit Morel, Sarah Lutteropp, Ben Bettisworth, Julia Haag, Anastasis Togkousidis.
Latest version: https://github.com/amkozlov/raxml-ng
Questions/problems/suggestions? Please visit: https://groups.google.com/forum/#!forum/raxml

System: AMD EPYC 7763 64-Core Processor, 128 cores, 2003 GB RAM

RAxML-NG was called at 19-Apr-2024 14:41:51 as follows:

raxml-ng --all --msa lumpy_2_skin_2_disease_2_virus_2_.aln --model GTR+G4 --prefix T14 --seed 21231 --bs-metric fbp,tbe --redo

Analysis options:
  run mode: ML tree search + bootstrapping (Felsenstein Bootstrap + Transfer Bootstrap)
  start tree(s): random (10) + parsimony (10)
  bootstrap replicates: parsimony (max: 1000) + bootstopping (autoMRE, cutoff: 0.030000)
  random seed: 21231
  tip-inner: OFF
  pattern compression: ON
  per-rate scalers: OFF
  site repeats: ON
  logLH epsilon: general: 10.000000, brlen-triplet: 1000.000000
  fast spr radius: AUTO
  spr subtree cutoff: 1.000000
  fast CLV updates: ON
  branch lengths: proportional (ML estimate, algorithm: NR-FAST)
  SIMD kernels: AVX2
  parallelization: coarse-grained (auto), PTHREADS (auto)

WARNING: Running in REDO mode: existing checkpoints are ignored, and all result files will be overwritten!

[00:00:00] Reading alignment from file: lumpy_2_skin_2_disease_2_virus_2_.aln
[00:00:00] Loaded alignment with 126 taxa and 155720 sites

WARNING: Fully undetermined columns found: 4959

WARNING: Sequences OQ253256.1_118245_64_Thailand_18_May_2021 and OQ253255.1_110991.2_64_Thailand_23_Mar_2021 are exactly identical!
WARNING: Sequences OQ253256.1_118245_64_Thailand_18_May_2021 and OQ253253.1_65A09143_Thailand_14_Jun_2022 are exactly identical!
WARNING: Sequences OQ253256.1_118245_64_Thailand_18_May_2021 and OQ253251.1_504831_64_Thailand_01_Jun_2021 are exactly identical!
WARNING: Sequences OQ253256.1_118245_64_Thailand_18_May_2021 and OQ200493.1_Thailand_AngThong_2021_Thailand_07_Jun_2021_cattle are exactly identical!
WARNING: Sequences OQ253256.1_118245_64_Thailand_18_May_2021 and OQ267778.1_119607_64_Thailand_27_May_2021_cattle are exactly identical!
WARNING: Sequences OQ253256.1_118245_64_Thailand_18_May_2021 and OM033705.1_Thailand_YST_2021_Thailand_24_Apr_2021 are exactly identical!
WARNING: Sequences OR134846.1_LDSV_Serbia_5887_2016_Serbia_2016_07_19_Bos_taurus and OR134844.1_North_Macedonia_5011_2016_North_Macedonia_2016_05_15_Bos_taurus are exactly identical!
WARNING: Sequences OR134846.1_LDSV_Serbia_5887_2016_Serbia_2016_07_19_Bos_taurus and OR134838.1_Greece_314_2016_Greece_2017_06_12_Bos_taurus are exactly identical!
WARNING: Sequences OR134846.1_LDSV_Serbia_5887_2016_Serbia_2016_07_19_Bos_taurus and OR134833.1_Albania_1573_2016_Albania_2016_08_16_Bos_taurus are exactly identical!
WARNING: Sequences OR393170.1_2022_Surat_N6_India_Surat_Gujarat_Aug_2021_Bos_taurus and OR393169.1_2022_Jamnagar_N3_India_Jamnagar_Gujarat_Aug_2022_Bos_taurus are exactly identical!
WARNING: Sequences OR347837.1_65A09679_Thailand_21_Jun_2022 and OR347836.1_65A09027_Thailand_10_Jun_2022 are exactly identical!
WARNING: Sequences NC_003027.1_NI_2490_Kenya_1958 and AF325528.1_NI_2490_Neethling_2490_Kenya_1958 are exactly identical!
WARNING: Sequences MN636842.1___220_2_NW_RSA_1993_South_Africa_1993_Bos_taurus and MN636841.1___220_1_NW_RSA_1993_South_Africa_1993_Bos_taurus are exactly identical!
WARNING: Sequences MN636842.1___220_2_NW_RSA_1993_South_Africa_1993_Bos_taurus and MN636840.1___248_NW_RSA_1993_South_Africa_1993_Bos_taurus are exactly identical!
WARNING: Duplicate sequences found: 14

NOTE: Reduced alignment (with duplicates and gap-only sites/taxa removed) 
NOTE: was saved to: /mnt/lustre/RDS-live/downing/LSDV-PVG/CODE/work/bf/4fee39c0c7612cadcedfcb88716c5f/T14.raxml.reduced.phy

Alignment comprises 1 partitions and 2039 patterns

Partition 0: noname
Model: GTR+FO+G4m
Alignment sites / patterns: 150761 / 2039
Gaps: 2.08 %
Invariant sites: 98.02 %


NOTE: Binary MSA file created: T14.raxml.rba

Parallelization scheme autoconfig: 64 worker(s) x 2 thread(s)

[00:00:00] Generating 10 random starting tree(s) with 126 taxa
[00:00:00] Generating 10 parsimony starting tree(s) with 126 taxa
Parallel parsimony with 128 threads
Parallel reduction/worker buffer size: 2 KB  / 0 KB

[00:00:00] Data distribution: max. partitions/sites/weight per thread: 1 / 1020 / 16320
[00:00:00] Data distribution: max. searches per worker: 17

Starting ML tree search with 20 distinct starting trees

[00:00:32] [worker #15] ML tree search #16, logLikelihood: -226137.997252
[00:00:33] [worker #14] ML tree search #15, logLikelihood: -226138.001332
[00:00:35] [worker #18] ML tree search #19, logLikelihood: -226138.050350
[00:00:35] [worker #10] ML tree search #11, logLikelihood: -226163.178445
[00:00:36] [worker #11] ML tree search #12, logLikelihood: -226163.241243
[00:00:39] [worker #17] ML tree search #18, logLikelihood: -226163.241783
[00:00:39] [worker #12] ML tree search #13, logLikelihood: -226137.960523
[00:00:40] [worker #19] ML tree search #20, logLikelihood: -226137.774449
[00:00:42] [worker #16] ML tree search #17, logLikelihood: -226137.823945
[00:00:43] [worker #4] ML tree search #5, logLikelihood: -226137.937304
[00:00:44] [worker #9] ML tree search #10, logLikelihood: -226137.933182
[00:00:44] [worker #0] ML tree search #1, logLikelihood: -226137.738411
[00:00:44] [worker #5] ML tree search #6, logLikelihood: -226137.846748
[00:00:44] [worker #3] ML tree search #4, logLikelihood: -226174.628560
[00:00:44] [worker #13] ML tree search #14, logLikelihood: -226138.396382
[00:00:45] [worker #1] ML tree search #2, logLikelihood: -226137.899214
[00:00:46] [worker #7] ML tree search #8, logLikelihood: -226138.003556
[00:00:47] [worker #2] ML tree search #3, logLikelihood: -226137.847912
[00:00:49] [worker #8] ML tree search #9, logLikelihood: -226163.126448
[00:00:49] [worker #6] ML tree search #7, logLikelihood: -226137.790668

[00:00:49] ML tree search completed, best tree logLH: -226137.738411

[00:00:49] Starting bootstrapping analysis with 1000 replicates.

[00:01:00] [worker #60] Bootstrap tree #61, logLikelihood: -226415.787316
[00:01:03] [worker #1] Bootstrap tree #2, logLikelihood: -225803.015779
[00:01:10] [worker #16] Bootstrap tree #17, logLikelihood: -225649.873981
[00:01:12] [worker #57] Bootstrap tree #58, logLikelihood: -225887.071461
[00:01:12] [worker #61] Bootstrap tree #62, logLikelihood: -226164.186930
[00:01:13] [worker #60] Bootstrap tree #125, logLikelihood: -225788.009734
[00:01:13] [worker #62] Bootstrap tree #63, logLikelihood: -226622.684969
[00:01:14] [worker #47] Bootstrap tree #48, logLikelihood: -225100.443623
[00:01:14] [worker #25] Bootstrap tree #26, logLikelihood: -225689.716808
[00:01:14] [worker #43] Bootstrap tree #44, logLikelihood: -226530.091500
[00:01:15] [worker #5] Bootstrap tree #6, logLikelihood: -225579.935435
[00:01:15] [worker #12] Bootstrap tree #13, logLikelihood: -227122.193368
[00:01:16] [worker #24] Bootstrap tree #25, logLikelihood: -226358.982675
[00:01:16] [worker #44] Bootstrap tree #45, logLikelihood: -226086.670413
[00:01:16] [worker #51] Bootstrap tree #52, logLikelihood: -226593.942565
[00:01:16] [worker #14] Bootstrap tree #15, logLikelihood: -226120.453969
[00:01:16] [worker #4] Bootstrap tree #5, logLikelihood: -225888.886063
[00:01:17] [worker #8] Bootstrap tree #9, logLikelihood: -225242.703551
[00:01:17] [worker #28] Bootstrap tree #29, logLikelihood: -224988.365479
[00:01:17] [worker #9] Bootstrap tree #10, logLikelihood: -226930.591185
[00:01:18] [worker #58] Bootstrap tree #59, logLikelihood: -225746.924960
[00:01:18] [worker #50] Bootstrap tree #51, logLikelihood: -225608.657434
[00:01:18] [worker #39] Bootstrap tree #40, logLikelihood: -226543.534237
[00:01:18] [worker #52] Bootstrap tree #53, logLikelihood: -225956.044332
[00:01:19] [worker #1] Bootstrap tree #66, logLikelihood: -225466.556871
[00:01:19] [worker #27] Bootstrap tree #28, logLikelihood: -225665.971166
[00:01:19] [worker #31] Bootstrap tree #32, logLikelihood: -225381.338895
[00:01:19] [worker #56] Bootstrap tree #57, logLikelihood: -226608.572273
[00:01:19] [worker #17] Bootstrap tree #18, logLikelihood: -226595.904448
[00:01:19] [worker #10] Bootstrap tree #11, logLikelihood: -225589.531335
[00:01:20] [worker #3] Bootstrap tree #4, logLikelihood: -225718.709984
[00:01:20] [worker #13] Bootstrap tree #14, logLikelihood: -226393.820558
[00:01:20] [worker #59] Bootstrap tree #60, logLikelihood: -226210.451317
[00:01:21] [worker #55] Bootstrap tree #56, logLikelihood: -225343.523581
[00:01:21] [worker #2] Bootstrap tree #3, logLikelihood: -226532.688411
[00:01:21] [worker #41] Bootstrap tree #42, logLikelihood: -224995.994124
[00:01:21] [worker #49] Bootstrap tree #50, logLikelihood: -224850.373241
[00:01:21] [worker #54] Bootstrap tree #55, logLikelihood: -226507.625439
[00:01:22] [worker #0] Bootstrap tree #1, logLikelihood: -226182.753033
[00:01:22] [worker #37] Bootstrap tree #38, logLikelihood: -225373.784999
[00:01:22] [worker #53] Bootstrap tree #54, logLikelihood: -226547.391351
[00:01:22] [worker #15] Bootstrap tree #16, logLikelihood: -227021.876944
[00:01:22] [worker #22] Bootstrap tree #23, logLikelihood: -225890.666294
[00:01:22] [worker #23] Bootstrap tree #24, logLikelihood: -225009.299807
[00:01:22] [worker #20] Bootstrap tree #21, logLikelihood: -225489.071053
[00:01:22] [worker #34] Bootstrap tree #35, logLikelihood: -225723.744856
[00:01:23] [worker #18] Bootstrap tree #19, logLikelihood: -225275.579989
[00:01:23] [worker #32] Bootstrap tree #33, logLikelihood: -226207.031835
[00:01:23] [worker #19] Bootstrap tree #20, logLikelihood: -226878.940353
[00:01:23] [worker #21] Bootstrap tree #22, logLikelihood: -227044.403181
[00:01:24] [worker #45] Bootstrap tree #46, logLikelihood: -225770.242541
[00:01:24] [worker #26] Bootstrap tree #27, logLikelihood: -225108.481083
[00:01:24] [worker #7] Bootstrap tree #8, logLikelihood: -226063.367901
[00:01:24] [worker #36] Bootstrap tree #37, logLikelihood: -225238.317885
[00:01:24] [worker #38] Bootstrap tree #39, logLikelihood: -225049.691900
[00:01:25] [worker #40] Bootstrap tree #41, logLikelihood: -226388.550504
[00:01:25] [worker #33] Bootstrap tree #34, logLikelihood: -226755.766855
[00:01:25] [worker #30] Bootstrap tree #31, logLikelihood: -225129.729784
[00:01:27] [worker #42] Bootstrap tree #43, logLikelihood: -227018.880656
[00:01:27] [worker #63] Bootstrap tree #64, logLikelihood: -225629.036785
[00:01:27] [worker #11] Bootstrap tree #12, logLikelihood: -225976.157655
[00:01:29] [worker #61] Bootstrap tree #126, logLikelihood: -225250.824410
[00:01:29] [worker #57] Bootstrap tree #122, logLikelihood: -225508.964951
[00:01:30] [worker #48] Bootstrap tree #49, logLikelihood: -225843.997385
[00:01:30] [worker #46] Bootstrap tree #47, logLikelihood: -225630.907628
[00:01:31] [worker #29] Bootstrap tree #30, logLikelihood: -226643.589020
[00:01:31] [worker #9] Bootstrap tree #74, logLikelihood: -226187.031357
[00:01:31] [worker #62] Bootstrap tree #127, logLikelihood: -225775.739821
[00:01:32] [worker #51] Bootstrap tree #116, logLikelihood: -226442.023237
[00:01:32] [worker #47] Bootstrap tree #112, logLikelihood: -226092.911021
[00:01:34] [worker #16] Bootstrap tree #81, logLikelihood: -225437.855564
[00:01:36] [worker #23] Bootstrap tree #88, logLikelihood: -225637.939179
[00:01:36] [worker #13] Bootstrap tree #78, logLikelihood: -226691.536965
[00:01:37] [worker #6] Bootstrap tree #7, logLikelihood: -225980.670211
[00:01:38] [worker #44] Bootstrap tree #109, logLikelihood: -226469.665972
[00:01:38] [worker #14] Bootstrap tree #79, logLikelihood: -226882.266365
[00:01:39] [worker #55] Bootstrap tree #120, logLikelihood: -226694.278377
[00:01:40] [worker #2] Bootstrap tree #67, logLikelihood: -225179.490601
[00:01:41] [worker #10] Bootstrap tree #75, logLikelihood: -225836.026296
[00:01:41] [worker #56] Bootstrap tree #121, logLikelihood: -225101.667087
[00:01:41] [worker #49] Bootstrap tree #114, logLikelihood: -226033.646493
[00:01:42] [worker #35] Bootstrap tree #36, logLikelihood: -225337.222060
[00:01:42] [worker #43] Bootstrap tree #108, logLikelihood: -225625.908484
[00:01:42] [worker #36] Bootstrap tree #101, logLikelihood: -225645.487407
[00:01:43] [worker #45] Bootstrap tree #110, logLikelihood: -226969.517246
[00:01:43] [worker #12] Bootstrap tree #77, logLikelihood: -225744.576244
[00:01:45] [worker #53] Bootstrap tree #118, logLikelihood: -226342.291603
[00:01:45] [worker #26] Bootstrap tree #91, logLikelihood: -226266.590244
[00:01:45] [worker #3] Bootstrap tree #68, logLikelihood: -226356.597392
[00:01:46] [worker #5] Bootstrap tree #70, logLikelihood: -225315.506657
[00:01:46] [worker #54] Bootstrap tree #119, logLikelihood: -226077.791785
[00:01:47] [worker #11] Bootstrap tree #76, logLikelihood: -226080.714586
[00:01:48] [worker #25] Bootstrap tree #90, logLikelihood: -226087.813849
[00:01:49] [worker #4] Bootstrap tree #69, logLikelihood: -225091.517099
[00:01:49] [worker #0] Bootstrap tree #65, logLikelihood: -225646.743448
[00:01:49] [worker #38] Bootstrap tree #103, logLikelihood: -227077.276094
[00:01:50] [worker #50] Bootstrap tree #115, logLikelihood: -227241.159744
[00:01:50] [worker #17] Bootstrap tree #82, logLikelihood: -226103.435009
[00:01:50] [worker #22] Bootstrap tree #87, logLikelihood: -225824.465093
[00:01:51] [worker #63] Bootstrap tree #128, logLikelihood: -225842.325442
[00:01:51] [worker #27] Bootstrap tree #92, logLikelihood: -225515.347277
[00:01:51] [worker #34] Bootstrap tree #99, logLikelihood: -226568.814711
[00:01:51] [worker #58] Bootstrap tree #123, logLikelihood: -225680.324266
[00:01:51] [worker #52] Bootstrap tree #117, logLikelihood: -225830.039426
[00:01:51] [worker #31] Bootstrap tree #96, logLikelihood: -225645.044232
[00:01:52] [worker #8] Bootstrap tree #73, logLikelihood: -226999.390379
[00:01:52] [worker #59] Bootstrap tree #124, logLikelihood: -225614.986595
[00:01:52] [worker #28] Bootstrap tree #93, logLikelihood: -224790.848373
[00:01:53] [worker #46] Bootstrap tree #111, logLikelihood: -225719.712150
[00:01:53] [worker #15] Bootstrap tree #80, logLikelihood: -226332.235442
[00:01:54] [worker #33] Bootstrap tree #98, logLikelihood: -225984.587667
[00:01:54] [worker #41] Bootstrap tree #106, logLikelihood: -225819.395048
[00:01:54] [worker #37] Bootstrap tree #102, logLikelihood: -224568.848175
[00:01:55] [worker #40] Bootstrap tree #105, logLikelihood: -225513.118221
[00:01:55] [worker #21] Bootstrap tree #86, logLikelihood: -225589.475792
[00:01:55] [worker #32] Bootstrap tree #97, logLikelihood: -225932.270169
[00:01:56] [worker #19] Bootstrap tree #84, logLikelihood: -224913.847916
[00:01:56] [worker #6] Bootstrap tree #71, logLikelihood: -225386.552178
[00:01:57] [worker #7] Bootstrap tree #72, logLikelihood: -224782.326988
[00:01:58] [worker #30] Bootstrap tree #95, logLikelihood: -225341.525538
[00:01:59] [worker #20] Bootstrap tree #85, logLikelihood: -227529.783226
[00:02:03] [worker #39] Bootstrap tree #104, logLikelihood: -225719.685533
[00:02:05] [worker #48] Bootstrap tree #113, logLikelihood: -226475.190296
[00:02:06] [worker #29] Bootstrap tree #94, logLikelihood: -226054.301097
[00:02:07] [worker #24] Bootstrap tree #89, logLikelihood: -226478.973565
[00:02:08] [worker #18] Bootstrap tree #83, logLikelihood: -225747.983150
[00:02:12] [worker #35] Bootstrap tree #100, logLikelihood: -225053.662909
[00:02:16] [worker #42] Bootstrap tree #107, logLikelihood: -226005.770501
[00:02:32] [worker #60] Bootstrap tree #189, logLikelihood: -226729.215124
[00:02:33] [worker #51] Bootstrap tree #180, logLikelihood: -226015.900324
[00:02:33] [worker #9] Bootstrap tree #138, logLikelihood: -224828.082231
[00:02:36] [worker #6] Bootstrap tree #135, logLikelihood: -226279.556230
[00:02:37] [worker #30] Bootstrap tree #159, logLikelihood: -225509.921415
[00:02:37] [worker #53] Bootstrap tree #182, logLikelihood: -225343.864739
[00:02:37] [worker #23] Bootstrap tree #152, logLikelihood: -225109.517328
[00:02:40] [worker #62] Bootstrap tree #191, logLikelihood: -226143.784143
[00:02:42] [worker #34] Bootstrap tree #163, logLikelihood: -225027.804331
[00:02:42] [worker #48] Bootstrap tree #177, logLikelihood: -226680.876784
[00:02:43] [worker #45] Bootstrap tree #174, logLikelihood: -226085.349255
[00:02:43] [worker #7] Bootstrap tree #136, logLikelihood: -227079.554249
[00:02:44] [worker #1] Bootstrap tree #130, logLikelihood: -226473.053175
[00:02:44] [worker #36] Bootstrap tree #165, logLikelihood: -225312.060166
[00:02:45] [worker #25] Bootstrap tree #154, logLikelihood: -226335.552454
[00:02:45] [worker #56] Bootstrap tree #185, logLikelihood: -226018.119087
[00:02:45] [worker #38] Bootstrap tree #167, logLikelihood: -225488.828476
[00:02:46] [worker #15] Bootstrap tree #144, logLikelihood: -226746.709081
[00:02:46] [worker #42] Bootstrap tree #171, logLikelihood: -226332.646977
[00:02:46] [worker #55] Bootstrap tree #184, logLikelihood: -226263.401547
[00:02:46] [worker #14] Bootstrap tree #143, logLikelihood: -226209.076931
[00:02:47] [worker #59] Bootstrap tree #188, logLikelihood: -226219.636605
[00:02:47] [worker #58] Bootstrap tree #187, logLikelihood: -225294.520810
[00:02:48] [worker #63] Bootstrap tree #192, logLikelihood: -225474.415166
[00:02:48] [worker #2] Bootstrap tree #131, logLikelihood: -226188.415543
[00:02:48] [worker #5] Bootstrap tree #134, logLikelihood: -226263.558379
[00:02:49] [worker #46] Bootstrap tree #175, logLikelihood: -226460.272586
[00:02:49] [worker #9] Bootstrap tree #202, logLikelihood: -226059.386549
[00:02:49] [worker #60] Bootstrap tree #253, logLikelihood: -226744.846903
[00:02:50] [worker #6] Bootstrap tree #199, logLikelihood: -225621.392383
[00:02:50] [worker #26] Bootstrap tree #155, logLikelihood: -226003.460353
[00:02:50] [worker #13] Bootstrap tree #142, logLikelihood: -226346.242732
[00:02:50] [worker #20] Bootstrap tree #149, logLikelihood: -226770.753254
[00:02:50] [worker #57] Bootstrap tree #186, logLikelihood: -226009.440404
[00:02:50] [worker #3] Bootstrap tree #132, logLikelihood: -226184.937606
[00:02:51] [worker #12] Bootstrap tree #141, logLikelihood: -226261.822772
[00:02:51] [worker #24] Bootstrap tree #153, logLikelihood: -226031.422455
[00:02:51] [worker #54] Bootstrap tree #183, logLikelihood: -226064.126257
[00:02:51] [worker #41] Bootstrap tree #170, logLikelihood: -226452.831884
[00:02:51] [worker #44] Bootstrap tree #173, logLikelihood: -225492.218784
[00:02:51] [worker #11] Bootstrap tree #140, logLikelihood: -225324.594630
[00:02:52] [worker #61] Bootstrap tree #190, logLikelihood: -225628.510771
[00:02:52] [worker #16] Bootstrap tree #145, logLikelihood: -226782.835388
[00:02:52] [worker #23] Bootstrap tree #216, logLikelihood: -225882.981624
[00:02:52] [worker #29] Bootstrap tree #158, logLikelihood: -227370.272867
[00:02:53] [worker #51] Bootstrap tree #244, logLikelihood: -225858.846868
[00:02:53] [worker #30] Bootstrap tree #223, logLikelihood: -225694.480729
[00:02:53] [worker #27] Bootstrap tree #156, logLikelihood: -226962.992848
[00:02:53] [worker #43] Bootstrap tree #172, logLikelihood: -226270.758375
[00:02:53] [worker #40] Bootstrap tree #169, logLikelihood: -226467.044486
[00:02:53] [worker #19] Bootstrap tree #148, logLikelihood: -224739.705590
[00:02:54] [worker #0] Bootstrap tree #129, logLikelihood: -226233.804838
[00:02:54] [worker #21] Bootstrap tree #150, logLikelihood: -226048.256770
[00:02:54] [worker #18] Bootstrap tree #147, logLikelihood: -226881.356455
[00:02:54] [worker #28] Bootstrap tree #157, logLikelihood: -226370.134789
[00:02:54] [worker #37] Bootstrap tree #166, logLikelihood: -225522.116691
[00:02:54] [worker #8] Bootstrap tree #137, logLikelihood: -225404.342019
[00:02:55] [worker #33] Bootstrap tree #162, logLikelihood: -225799.830980
[00:02:55] [worker #32] Bootstrap tree #161, logLikelihood: -225908.840785
[00:02:55] [worker #52] Bootstrap tree #181, logLikelihood: -226186.693547
[00:02:55] [worker #39] Bootstrap tree #168, logLikelihood: -225997.323111
[00:02:56] [worker #10] Bootstrap tree #139, logLikelihood: -225143.437456
[00:02:56] [worker #47] Bootstrap tree #176, logLikelihood: -225573.786529
[00:02:56] [worker #17] Bootstrap tree #146, logLikelihood: -225339.907534
[00:02:56] [worker #1] Bootstrap tree #194, logLikelihood: -225963.269698
[00:02:59] [worker #53] Bootstrap tree #246, logLikelihood: -225669.058634
[00:02:59] [worker #49] Bootstrap tree #178, logLikelihood: -225277.177974
[00:03:00] [worker #48] Bootstrap tree #241, logLikelihood: -225894.288552
[00:03:01] [worker #62] Bootstrap tree #255, logLikelihood: -226077.432351
[00:03:01] [worker #22] Bootstrap tree #151, logLikelihood: -226501.982477
[00:03:04] [worker #63] Bootstrap tree #256, logLikelihood: -226714.576433
[00:03:05] [worker #35] Bootstrap tree #164, logLikelihood: -226912.076914
[00:03:06] [worker #4] Bootstrap tree #133, logLikelihood: -224907.374219
[00:03:06] [worker #34] Bootstrap tree #227, logLikelihood: -227154.840842
[00:03:07] [worker #50] Bootstrap tree #179, logLikelihood: -226481.958677
[00:03:08] [worker #2] Bootstrap tree #195, logLikelihood: -226196.744755
[00:03:08] [worker #13] Bootstrap tree #206, logLikelihood: -225799.842113
[00:03:08] [worker #11] Bootstrap tree #204, logLikelihood: -227158.610803
[00:03:09] [worker #14] Bootstrap tree #207, logLikelihood: -227022.331212
[00:03:09] [worker #59] Bootstrap tree #252, logLikelihood: -226111.532657
[00:03:10] [worker #12] Bootstrap tree #205, logLikelihood: -226356.112930
[00:03:11] [worker #45] Bootstrap tree #238, logLikelihood: -226447.111642
[00:03:12] [worker #24] Bootstrap tree #217, logLikelihood: -226626.724098
[00:03:12] [worker #40] Bootstrap tree #233, logLikelihood: -226316.455248
[00:03:14] [worker #29] Bootstrap tree #222, logLikelihood: -226387.183664
[00:03:14] [worker #39] Bootstrap tree #232, logLikelihood: -224828.931845
[00:03:15] [worker #43] Bootstrap tree #236, logLikelihood: -226041.101128
[00:03:16] [worker #7] Bootstrap tree #200, logLikelihood: -226394.430219
[00:03:16] [worker #36] Bootstrap tree #229, logLikelihood: -225696.696310
[00:03:17] [worker #42] Bootstrap tree #235, logLikelihood: -224507.629975
[00:03:17] [worker #31] Bootstrap tree #160, logLikelihood: -226062.868445
[00:03:18] [worker #5] Bootstrap tree #198, logLikelihood: -225232.454873
[00:03:18] [worker #55] Bootstrap tree #248, logLikelihood: -225308.033390
[00:03:18] [worker #38] Bootstrap tree #231, logLikelihood: -226483.969979
[00:03:19] [worker #41] Bootstrap tree #234, logLikelihood: -226379.308866
[00:03:19] [worker #25] Bootstrap tree #218, logLikelihood: -226449.352676
[00:03:19] [worker #0] Bootstrap tree #193, logLikelihood: -225451.169536
[00:03:19] [worker #56] Bootstrap tree #249, logLikelihood: -226366.331314
[00:03:19] [worker #46] Bootstrap tree #239, logLikelihood: -226155.405491
[00:03:20] [worker #33] Bootstrap tree #226, logLikelihood: -226246.325158
[00:03:20] [worker #27] Bootstrap tree #220, logLikelihood: -226728.790582
[00:03:20] [worker #57] Bootstrap tree #250, logLikelihood: -225802.171988
[00:03:22] [worker #17] Bootstrap tree #210, logLikelihood: -226278.341448
[00:03:22] [worker #19] Bootstrap tree #212, logLikelihood: -226157.549532
[00:03:22] [worker #58] Bootstrap tree #251, logLikelihood: -225478.050568
[00:03:22] [worker #3] Bootstrap tree #196, logLikelihood: -223979.611569
[00:03:22] [worker #16] Bootstrap tree #209, logLikelihood: -226293.590017
[00:03:22] [worker #26] Bootstrap tree #219, logLikelihood: -225004.792811
[00:03:23] [worker #15] Bootstrap tree #208, logLikelihood: -225130.894482
[00:03:24] [worker #44] Bootstrap tree #237, logLikelihood: -226469.191912
[00:03:25] [worker #61] Bootstrap tree #254, logLikelihood: -226602.700202
[00:03:25] [worker #21] Bootstrap tree #214, logLikelihood: -227167.482926
[00:03:26] [worker #28] Bootstrap tree #221, logLikelihood: -226141.870356
[00:03:26] [worker #32] Bootstrap tree #225, logLikelihood: -226149.973507
[00:03:26] [worker #49] Bootstrap tree #242, logLikelihood: -226724.671927
[00:03:26] [worker #10] Bootstrap tree #203, logLikelihood: -226728.557903
[00:03:27] [worker #52] Bootstrap tree #245, logLikelihood: -227369.126084
[00:03:27] [worker #35] Bootstrap tree #228, logLikelihood: -225677.747109
[00:03:27] [worker #8] Bootstrap tree #201, logLikelihood: -226054.650134
[00:03:27] [worker #20] Bootstrap tree #213, logLikelihood: -226371.101156
[00:03:28] [worker #18] Bootstrap tree #211, logLikelihood: -225940.816608
[00:03:32] [worker #22] Bootstrap tree #215, logLikelihood: -227884.306497
[00:03:32] [worker #54] Bootstrap tree #247, logLikelihood: -225817.353483
[00:03:36] [worker #4] Bootstrap tree #197, logLikelihood: -226388.900079
[00:03:36] [worker #47] Bootstrap tree #240, logLikelihood: -226559.927809
[00:03:37] [worker #50] Bootstrap tree #243, logLikelihood: -226628.467512
[00:03:40] [worker #37] Bootstrap tree #230, logLikelihood: -226112.769113
[00:03:45] [worker #31] Bootstrap tree #224, logLikelihood: -226060.453182
[00:04:06] [worker #51] Bootstrap tree #308, logLikelihood: -225890.177717
[00:04:08] [worker #1] Bootstrap tree #258, logLikelihood: -226446.886761
[00:04:09] [worker #23] Bootstrap tree #280, logLikelihood: -225533.389980
[00:04:09] [worker #41] Bootstrap tree #298, logLikelihood: -226805.861932
[00:04:09] [worker #9] Bootstrap tree #266, logLikelihood: -225801.821511
[00:04:10] [worker #60] Bootstrap tree #317, logLikelihood: -226038.795318
[00:04:10] [worker #36] Bootstrap tree #293, logLikelihood: -226102.181580
[00:04:12] [worker #4] Bootstrap tree #261, logLikelihood: -225651.559657
[00:04:13] [worker #13] Bootstrap tree #270, logLikelihood: -226780.211786
[00:04:14] [worker #54] Bootstrap tree #311, logLikelihood: -225962.212186
[00:04:14] [worker #40] Bootstrap tree #297, logLikelihood: -225613.612575
[00:04:15] [worker #57] Bootstrap tree #314, logLikelihood: -226069.338541
[00:04:15] [worker #11] Bootstrap tree #268, logLikelihood: -226965.247513
[00:04:16] [worker #6] Bootstrap tree #263, logLikelihood: -226677.657546
[00:04:16] [worker #47] Bootstrap tree #304, logLikelihood: -226305.138204
[00:04:17] [worker #39] Bootstrap tree #296, logLikelihood: -226287.446060
[00:04:17] [worker #63] Bootstrap tree #320, logLikelihood: -225628.570209
[00:04:17] [worker #24] Bootstrap tree #281, logLikelihood: -226844.634995
[00:04:17] [worker #5] Bootstrap tree #262, logLikelihood: -226354.041072
[00:04:19] [worker #0] Bootstrap tree #257, logLikelihood: -226273.499702
[00:04:20] [worker #34] Bootstrap tree #291, logLikelihood: -227479.193393
[00:04:20] [worker #30] Bootstrap tree #287, logLikelihood: -225180.254630
[00:04:20] [worker #51] Bootstrap tree #372, logLikelihood: -226433.831797
[00:04:21] [worker #27] Bootstrap tree #284, logLikelihood: -226202.159267
[00:04:21] [worker #42] Bootstrap tree #299, logLikelihood: -226225.728231
[00:04:21] [worker #46] Bootstrap tree #303, logLikelihood: -225906.785428
[00:04:22] [worker #35] Bootstrap tree #292, logLikelihood: -225937.727422
[00:04:22] [worker #7] Bootstrap tree #264, logLikelihood: -225035.525598
[00:04:22] [worker #9] Bootstrap tree #330, logLikelihood: -224534.409359
[00:04:22] [worker #60] Bootstrap tree #381, logLikelihood: -225990.456718
[00:04:22] [worker #43] Bootstrap tree #300, logLikelihood: -226329.524027
[00:04:22] [worker #26] Bootstrap tree #283, logLikelihood: -226683.549951
[00:04:22] [worker #28] Bootstrap tree #285, logLikelihood: -226238.644898
[00:04:23] [worker #23] Bootstrap tree #344, logLikelihood: -226741.465949
[00:04:23] [worker #15] Bootstrap tree #272, logLikelihood: -225782.851244
[00:04:23] [worker #59] Bootstrap tree #316, logLikelihood: -226479.404365
[00:04:24] [worker #58] Bootstrap tree #315, logLikelihood: -225185.702309
[00:04:24] [worker #36] Bootstrap tree #357, logLikelihood: -224727.283468
[00:04:24] [worker #50] Bootstrap tree #307, logLikelihood: -227159.429715
[00:04:24] [worker #29] Bootstrap tree #286, logLikelihood: -226130.594986
[00:04:24] [worker #1] Bootstrap tree #322, logLikelihood: -225867.769177
[00:04:25] [worker #14] Bootstrap tree #271, logLikelihood: -226756.237991
[00:04:25] [worker #44] Bootstrap tree #301, logLikelihood: -226748.487351
[00:04:25] [worker #32] Bootstrap tree #289, logLikelihood: -225584.406976
[00:04:25] [worker #3] Bootstrap tree #260, logLikelihood: -227616.445862
[00:04:26] [worker #12] Bootstrap tree #269, logLikelihood: -226539.216565
[00:04:26] [worker #19] Bootstrap tree #276, logLikelihood: -226153.013811
[00:04:26] [worker #31] Bootstrap tree #288, logLikelihood: -226363.174936
[00:04:26] [worker #55] Bootstrap tree #312, logLikelihood: -225788.623882
[00:04:27] [worker #20] Bootstrap tree #277, logLikelihood: -225629.743008
[00:04:27] [worker #45] Bootstrap tree #302, logLikelihood: -226409.737446
[00:04:27] [worker #22] Bootstrap tree #279, logLikelihood: -226769.265002
[00:04:27] [worker #8] Bootstrap tree #265, logLikelihood: -225425.734674
[00:04:27] [worker #16] Bootstrap tree #273, logLikelihood: -226686.704755
[00:04:27] [worker #13] Bootstrap tree #334, logLikelihood: -226156.165726
[00:04:28] [worker #48] Bootstrap tree #305, logLikelihood: -225705.803865
[00:04:28] [worker #49] Bootstrap tree #306, logLikelihood: -226720.655467
[00:04:28] [worker #25] Bootstrap tree #282, logLikelihood: -226564.426527
[00:04:28] [worker #33] Bootstrap tree #290, logLikelihood: -226458.740812
[00:04:28] [worker #2] Bootstrap tree #259, logLikelihood: -225587.500834
[00:04:28] [worker #56] Bootstrap tree #313, logLikelihood: -225589.249583
[00:04:29] [worker #17] Bootstrap tree #274, logLikelihood: -226947.129250
[00:04:29] [worker #41] Bootstrap tree #362, logLikelihood: -225737.709935
[00:04:30] [worker #4] Bootstrap tree #325, logLikelihood: -226471.481481
[00:04:30] [worker #18] Bootstrap tree #275, logLikelihood: -225751.176246
[00:04:30] [worker #53] Bootstrap tree #310, logLikelihood: -226388.768210
[00:04:31] [worker #37] Bootstrap tree #294, logLikelihood: -225985.708091
[00:04:31] [worker #21] Bootstrap tree #278, logLikelihood: -226547.251542
[00:04:31] [worker #11] Bootstrap tree #332, logLikelihood: -224871.027185
[00:04:31] [worker #5] Bootstrap tree #326, logLikelihood: -226073.030172
[00:04:32] [worker #61] Bootstrap tree #318, logLikelihood: -226517.567221
[00:04:33] [worker #54] Bootstrap tree #375, logLikelihood: -226073.312427
[00:04:34] [worker #40] Bootstrap tree #361, logLikelihood: -225786.928811
[00:04:35] [worker #39] Bootstrap tree #360, logLikelihood: -226319.987776
[00:04:35] [worker #6] Bootstrap tree #327, logLikelihood: -225293.566654
[00:04:36] [worker #24] Bootstrap tree #345, logLikelihood: -225407.147390
[00:04:36] [worker #63] Bootstrap tree #384, logLikelihood: -226942.484029
[00:04:36] [worker #28] Bootstrap tree #349, logLikelihood: -226390.513435
[00:04:37] [worker #62] Bootstrap tree #319, logLikelihood: -224918.291187
[00:04:39] [worker #0] Bootstrap tree #321, logLikelihood: -226588.478808
[00:04:39] [worker #10] Bootstrap tree #267, logLikelihood: -225260.050469
[00:04:40] [worker #57] Bootstrap tree #378, logLikelihood: -226471.103504
[00:04:40] [worker #52] Bootstrap tree #309, logLikelihood: -226827.424391
[00:04:40] [worker #7] Bootstrap tree #328, logLikelihood: -225874.754222
[00:04:42] [worker #30] Bootstrap tree #351, logLikelihood: -225725.289940
[00:04:46] [worker #31] Bootstrap tree #352, logLikelihood: -226428.711256
[00:04:47] [worker #32] Bootstrap tree #353, logLikelihood: -226457.952660
[00:04:47] [worker #38] Bootstrap tree #295, logLikelihood: -226389.210498
[00:04:47] [worker #2] Bootstrap tree #323, logLikelihood: -225335.943790
[00:04:48] [worker #53] Bootstrap tree #374, logLikelihood: -225929.910955
[00:04:48] [worker #47] Bootstrap tree #368, logLikelihood: -227263.733993
[00:04:49] [worker #35] Bootstrap tree #356, logLikelihood: -225302.145947
[00:04:50] [worker #48] Bootstrap tree #369, logLikelihood: -225293.830608
[00:04:50] [worker #42] Bootstrap tree #363, logLikelihood: -225900.374558
[00:04:51] [worker #34] Bootstrap tree #355, logLikelihood: -225561.158174
[00:04:52] [worker #26] Bootstrap tree #347, logLikelihood: -226239.416192
[00:04:52] [worker #15] Bootstrap tree #336, logLikelihood: -225795.128656
[00:04:53] [worker #19] Bootstrap tree #340, logLikelihood: -225943.017349
[00:04:53] [worker #8] Bootstrap tree #329, logLikelihood: -225873.968963
[00:04:53] [worker #55] Bootstrap tree #376, logLikelihood: -225782.234245
[00:04:53] [worker #46] Bootstrap tree #367, logLikelihood: -227173.062023
[00:04:54] [worker #27] Bootstrap tree #348, logLikelihood: -226598.940585
[00:04:55] [worker #3] Bootstrap tree #324, logLikelihood: -225661.095889
[00:04:55] [worker #50] Bootstrap tree #371, logLikelihood: -227080.177776
[00:04:55] [worker #44] Bootstrap tree #365, logLikelihood: -225866.533185
[00:04:55] [worker #29] Bootstrap tree #350, logLikelihood: -226595.702951
[00:04:56] [worker #56] Bootstrap tree #377, logLikelihood: -225790.511319
[00:04:57] [worker #12] Bootstrap tree #333, logLikelihood: -225658.170869
[00:04:57] [worker #43] Bootstrap tree #364, logLikelihood: -226243.994830
[00:04:57] [worker #22] Bootstrap tree #343, logLikelihood: -225530.104955
[00:04:58] [worker #25] Bootstrap tree #346, logLikelihood: -225684.460242
[00:04:58] [worker #45] Bootstrap tree #366, logLikelihood: -226176.458311
[00:04:58] [worker #14] Bootstrap tree #335, logLikelihood: -225332.457680
[00:04:59] [worker #62] Bootstrap tree #383, logLikelihood: -225414.914652
[00:04:59] [worker #59] Bootstrap tree #380, logLikelihood: -225949.541102
[00:04:59] [worker #18] Bootstrap tree #339, logLikelihood: -225136.179916
[00:05:00] [worker #20] Bootstrap tree #341, logLikelihood: -226288.041119
[00:05:01] [worker #21] Bootstrap tree #342, logLikelihood: -226678.080821
[00:05:01] [worker #17] Bootstrap tree #338, logLikelihood: -226156.114055
[00:05:01] [worker #49] Bootstrap tree #370, logLikelihood: -225232.096244
[00:05:02] [worker #37] Bootstrap tree #358, logLikelihood: -227510.093733
[00:05:03] [worker #61] Bootstrap tree #382, logLikelihood: -226168.226795
[00:05:03] [worker #16] Bootstrap tree #337, logLikelihood: -224955.035448
[00:05:04] [worker #10] Bootstrap tree #331, logLikelihood: -226414.362583
[00:05:05] [worker #52] Bootstrap tree #373, logLikelihood: -226314.793786
[00:05:05] [worker #33] Bootstrap tree #354, logLikelihood: -225529.871058
[00:05:18] [worker #38] Bootstrap tree #359, logLikelihood: -226099.726884
[00:05:20] [worker #58] Bootstrap tree #379, logLikelihood: -226155.605655
[00:05:42] [worker #9] Bootstrap tree #394, logLikelihood: -227434.261509
[00:05:43] [worker #8] Bootstrap tree #393, logLikelihood: -226242.844414
[00:05:43] [worker #60] Bootstrap tree #445, logLikelihood: -227480.671046
[00:05:44] [worker #63] Bootstrap tree #448, logLikelihood: -225982.873533
[00:05:44] [worker #48] Bootstrap tree #433, logLikelihood: -224832.535495
[00:05:45] [worker #54] Bootstrap tree #439, logLikelihood: -226937.760519
[00:05:45] [worker #11] Bootstrap tree #396, logLikelihood: -225200.401458
[00:05:45] [worker #49] Bootstrap tree #434, logLikelihood: -225686.008136
[00:05:45] [worker #32] Bootstrap tree #417, logLikelihood: -227286.479954
[00:05:46] [worker #51] Bootstrap tree #436, logLikelihood: -226490.278001
[00:05:46] [worker #29] Bootstrap tree #414, logLikelihood: -225747.701554
[00:05:46] [worker #56] Bootstrap tree #441, logLikelihood: -225164.557338
[00:05:46] [worker #31] Bootstrap tree #416, logLikelihood: -225861.640128
[00:05:46] [worker #53] Bootstrap tree #438, logLikelihood: -225586.558381
[00:05:46] [worker #23] Bootstrap tree #408, logLikelihood: -227032.377178
[00:05:46] [worker #21] Bootstrap tree #406, logLikelihood: -227647.279960
[00:05:47] [worker #28] Bootstrap tree #413, logLikelihood: -226122.546874
[00:05:47] [worker #22] Bootstrap tree #407, logLikelihood: -224994.695830
[00:05:47] [worker #10] Bootstrap tree #395, logLikelihood: -226785.515202
[00:05:47] [worker #36] Bootstrap tree #421, logLikelihood: -225607.786655
[00:05:47] [worker #41] Bootstrap tree #426, logLikelihood: -226121.050172
[00:05:47] [worker #35] Bootstrap tree #420, logLikelihood: -225647.345667
[00:05:47] [worker #13] Bootstrap tree #398, logLikelihood: -225605.344515
[00:05:48] [worker #4] Bootstrap tree #389, logLikelihood: -226172.909733
[00:05:48] [worker #37] Bootstrap tree #422, logLikelihood: -225175.623801
[00:05:48] [worker #33] Bootstrap tree #418, logLikelihood: -226189.736970
[00:05:48] [worker #17] Bootstrap tree #402, logLikelihood: -225451.023523
[00:05:48] [worker #40] Bootstrap tree #425, logLikelihood: -225821.772459
[00:05:48] [worker #14] Bootstrap tree #399, logLikelihood: -225915.266660
[00:05:48] [worker #55] Bootstrap tree #440, logLikelihood: -224791.710087
[00:05:49] [worker #52] Bootstrap tree #437, logLikelihood: -224838.158193
[00:05:49] [worker #30] Bootstrap tree #415, logLikelihood: -226971.253838
[00:05:50] [worker #6] Bootstrap tree #391, logLikelihood: -226324.252525
[00:05:50] [worker #0] Bootstrap tree #385, logLikelihood: -226596.453803
[00:05:50] [worker #39] Bootstrap tree #424, logLikelihood: -225040.301358
[00:05:50] [worker #27] Bootstrap tree #412, logLikelihood: -225793.777707
[00:05:50] [worker #38] Bootstrap tree #423, logLikelihood: -226241.986638
[00:05:51] [worker #1] Bootstrap tree #386, logLikelihood: -226050.590534
[00:05:51] [worker #57] Bootstrap tree #442, logLikelihood: -225606.184455
[00:05:51] [worker #15] Bootstrap tree #400, logLikelihood: -225178.929061
[00:05:54] [worker #24] Bootstrap tree #409, logLikelihood: -225606.418894
[00:05:55] [worker #62] Bootstrap tree #447, logLikelihood: -225919.139902
[00:05:55] [worker #26] Bootstrap tree #411, logLikelihood: -226072.639698
[00:05:56] [worker #48] Bootstrap tree #497, logLikelihood: -226207.228936
[00:05:56] [worker #7] Bootstrap tree #392, logLikelihood: -226716.126309
[00:05:57] [worker #12] Bootstrap tree #397, logLikelihood: -226816.071864
[00:05:57] [worker #25] Bootstrap tree #410, logLikelihood: -226033.360590
[00:05:57] [worker #59] Bootstrap tree #444, logLikelihood: -224182.376568
[00:05:58] [worker #44] Bootstrap tree #429, logLikelihood: -225855.818143
[00:05:58] [worker #18] Bootstrap tree #403, logLikelihood: -225657.547919
[00:05:58] [worker #54] Bootstrap tree #503, logLikelihood: -225987.865493
[00:05:58] [worker #58] Bootstrap tree #443, logLikelihood: -226486.910674
[00:05:59] [worker #19] Bootstrap tree #404, logLikelihood: -225155.908617
[00:05:59] [worker #8] Bootstrap tree #457, logLikelihood: -226360.015920
[00:05:59] [worker #3] Bootstrap tree #388, logLikelihood: -226186.730153
[00:05:59] [worker #45] Bootstrap tree #430, logLikelihood: -225710.924572
[00:05:59] [worker #20] Bootstrap tree #405, logLikelihood: -225518.786115
[00:06:00] [worker #60] Bootstrap tree #509, logLikelihood: -225773.502949
[00:06:00] [worker #2] Bootstrap tree #387, logLikelihood: -224960.318840
[00:06:00] [worker #47] Bootstrap tree #432, logLikelihood: -225774.677758
[00:06:00] [worker #42] Bootstrap tree #427, logLikelihood: -227369.724813
[00:06:01] [worker #63] Bootstrap tree #512, logLikelihood: -225740.389077
[00:06:02] [worker #46] Bootstrap tree #431, logLikelihood: -225639.157371
[00:06:02] [worker #9] Bootstrap tree #458, logLikelihood: -226549.752129
[00:06:02] [worker #34] Bootstrap tree #419, logLikelihood: -226053.016008
[00:06:02] [worker #43] Bootstrap tree #428, logLikelihood: -225287.152356
[00:06:02] [worker #32] Bootstrap tree #481, logLikelihood: -226373.588847
[00:06:03] [worker #13] Bootstrap tree #462, logLikelihood: -226846.168139
[00:06:03] [worker #53] Bootstrap tree #502, logLikelihood: -224841.158466
[00:06:04] [worker #61] Bootstrap tree #446, logLikelihood: -227241.565257
[00:06:05] [worker #36] Bootstrap tree #485, logLikelihood: -226687.585633
[00:06:05] [worker #49] Bootstrap tree #498, logLikelihood: -227374.861530
[00:06:05] [worker #55] Bootstrap tree #504, logLikelihood: -226301.966448
[00:06:06] [worker #16] Bootstrap tree #401, logLikelihood: -226512.322839
[00:06:06] [worker #6] Bootstrap tree #455, logLikelihood: -226660.110994
[00:06:06] [worker #31] Bootstrap tree #480, logLikelihood: -226081.853189
[00:06:06] [worker #0] Bootstrap tree #449, logLikelihood: -226222.680076
[00:06:06] [worker #22] Bootstrap tree #471, logLikelihood: -225762.974582
[00:06:06] [worker #56] Bootstrap tree #505, logLikelihood: -226503.453288
[00:06:06] [worker #28] Bootstrap tree #477, logLikelihood: -226353.059217
[00:06:06] [worker #21] Bootstrap tree #470, logLikelihood: -226191.132534
[00:06:06] [worker #40] Bootstrap tree #489, logLikelihood: -225908.281126
[00:06:07] [worker #17] Bootstrap tree #466, logLikelihood: -225728.821298
[00:06:07] [worker #35] Bootstrap tree #484, logLikelihood: -224988.616853
[00:06:08] [worker #51] Bootstrap tree #500, logLikelihood: -226337.361837
[00:06:08] [worker #27] Bootstrap tree #476, logLikelihood: -226451.489723
[00:06:08] [worker #14] Bootstrap tree #463, logLikelihood: -226158.570625
[00:06:09] [worker #38] Bootstrap tree #487, logLikelihood: -225445.203011
[00:06:09] [worker #52] Bootstrap tree #501, logLikelihood: -226096.456038
[00:06:09] [worker #23] Bootstrap tree #472, logLikelihood: -226825.516204
[00:06:09] [worker #30] Bootstrap tree #479, logLikelihood: -226414.491886
[00:06:11] [worker #1] Bootstrap tree #450, logLikelihood: -225856.004392
[00:06:11] [worker #4] Bootstrap tree #453, logLikelihood: -225847.994867
[00:06:11] [worker #24] Bootstrap tree #473, logLikelihood: -226495.354574
[00:06:12] [worker #26] Bootstrap tree #475, logLikelihood: -225221.619862
[00:06:13] [worker #39] Bootstrap tree #488, logLikelihood: -224494.302739
[00:06:14] [worker #44] Bootstrap tree #493, logLikelihood: -227044.545298
[00:06:15] [worker #11] Bootstrap tree #460, logLikelihood: -226582.378651
[00:06:15] [worker #59] Bootstrap tree #508, logLikelihood: -226867.586544
[00:06:15] [worker #62] Bootstrap tree #511, logLikelihood: -227332.895264
[00:06:15] [worker #10] Bootstrap tree #459, logLikelihood: -225902.258601
[00:06:15] [worker #47] Bootstrap tree #496, logLikelihood: -226547.134993
[00:06:15] [worker #33] Bootstrap tree #482, logLikelihood: -226428.632920
[00:06:15] [worker #25] Bootstrap tree #474, logLikelihood: -225963.319558
[00:06:16] [worker #45] Bootstrap tree #494, logLikelihood: -226556.639968
[00:06:16] [worker #18] Bootstrap tree #467, logLikelihood: -225454.119723
[00:06:16] [worker #12] Bootstrap tree #461, logLikelihood: -225263.879689
[00:06:18] [worker #5] Bootstrap tree #390, logLikelihood: -226124.861639
[00:06:18] [worker #7] Bootstrap tree #456, logLikelihood: -225055.064614
[00:06:18] [worker #37] Bootstrap tree #486, logLikelihood: -226646.300134
[00:06:19] [worker #58] Bootstrap tree #507, logLikelihood: -224792.290514
[00:06:19] [worker #57] Bootstrap tree #506, logLikelihood: -225208.286615
[00:06:19] [worker #41] Bootstrap tree #490, logLikelihood: -226188.546845
[00:06:19] [worker #50] Bootstrap tree #435, logLikelihood: -226328.231496
[00:06:20] [worker #29] Bootstrap tree #478, logLikelihood: -224895.801174
[00:06:21] [worker #19] Bootstrap tree #468, logLikelihood: -226614.580551
[00:06:21] [worker #2] Bootstrap tree #451, logLikelihood: -226015.151422
[00:06:22] [worker #43] Bootstrap tree #492, logLikelihood: -226218.707016
[00:06:23] [worker #15] Bootstrap tree #464, logLikelihood: -227258.946738
[00:06:34] [worker #3] Bootstrap tree #452, logLikelihood: -226752.653359
[00:06:35] [worker #61] Bootstrap tree #510, logLikelihood: -226025.519772
[00:06:35] [worker #46] Bootstrap tree #495, logLikelihood: -225963.867770
[00:06:36] [worker #34] Bootstrap tree #483, logLikelihood: -225456.409551
[00:06:37] [worker #20] Bootstrap tree #469, logLikelihood: -225855.422058
[00:06:40] [worker #42] Bootstrap tree #491, logLikelihood: -224107.044996
[00:06:44] [worker #16] Bootstrap tree #465, logLikelihood: -226234.458441
[00:06:47] [worker #5] Bootstrap tree #454, logLikelihood: -224634.105372
[00:06:48] [worker #50] Bootstrap tree #499, logLikelihood: -226322.290003
[00:07:19] [worker #15] Bootstrap tree #528, logLikelihood: -225632.397774
[00:07:19] [worker #54] Bootstrap tree #567, logLikelihood: -225462.389231
[00:07:19] [worker #62] Bootstrap tree #575, logLikelihood: -225907.081672
[00:07:19] [worker #13] Bootstrap tree #526, logLikelihood: -225569.913433
[00:07:19] [worker #6] Bootstrap tree #519, logLikelihood: -227139.910285
[00:07:20] [worker #47] Bootstrap tree #560, logLikelihood: -225338.525615
[00:07:20] [worker #44] Bootstrap tree #557, logLikelihood: -224631.912740
[00:07:20] [worker #11] Bootstrap tree #524, logLikelihood: -225666.320671
[00:07:20] [worker #45] Bootstrap tree #558, logLikelihood: -225358.850049
[00:07:21] [worker #32] Bootstrap tree #545, logLikelihood: -225231.217732
[00:07:21] [worker #16] Bootstrap tree #529, logLikelihood: -225628.384086
[00:07:21] [worker #4] Bootstrap tree #517, logLikelihood: -226141.302716
[00:07:21] [worker #28] Bootstrap tree #541, logLikelihood: -225801.746383
[00:07:21] [worker #17] Bootstrap tree #530, logLikelihood: -226617.239576
[00:07:22] [worker #33] Bootstrap tree #546, logLikelihood: -225408.726688
[00:07:22] [worker #58] Bootstrap tree #571, logLikelihood: -226348.071531
[00:07:22] [worker #42] Bootstrap tree #555, logLikelihood: -226377.558600
[00:07:22] [worker #21] Bootstrap tree #534, logLikelihood: -225394.875171
[00:07:22] [worker #14] Bootstrap tree #527, logLikelihood: -225385.177746
[00:07:22] [worker #8] Bootstrap tree #521, logLikelihood: -226502.260027
[00:07:22] [worker #59] Bootstrap tree #572, logLikelihood: -226643.376849
[00:07:22] [worker #40] Bootstrap tree #553, logLikelihood: -225885.288426
[00:07:23] [worker #18] Bootstrap tree #531, logLikelihood: -226474.695473
[00:07:23] [worker #10] Bootstrap tree #523, logLikelihood: -226505.629341
[00:07:23] [worker #63] Bootstrap tree #576, logLikelihood: -226094.194951
[00:07:23] [worker #31] Bootstrap tree #544, logLikelihood: -225683.325715
[00:07:23] [worker #5] Bootstrap tree #518, logLikelihood: -226762.985853
[00:07:23] [worker #56] Bootstrap tree #569, logLikelihood: -226351.353018
[00:07:23] [worker #51] Bootstrap tree #564, logLikelihood: -225867.268460
[00:07:23] [worker #1] Bootstrap tree #514, logLikelihood: -226191.195653
[00:07:23] [worker #48] Bootstrap tree #561, logLikelihood: -226184.422125
[00:07:23] [worker #49] Bootstrap tree #562, logLikelihood: -225911.620179
[00:07:23] [worker #0] Bootstrap tree #513, logLikelihood: -225948.926462
[00:07:23] [worker #23] Bootstrap tree #536, logLikelihood: -225888.939734
[00:07:24] [worker #43] Bootstrap tree #556, logLikelihood: -226408.225292
[00:07:24] [worker #37] Bootstrap tree #550, logLikelihood: -225303.506095
[00:07:24] [worker #52] Bootstrap tree #565, logLikelihood: -225679.344272
[00:07:24] [worker #24] Bootstrap tree #537, logLikelihood: -225806.739202
[00:07:24] [worker #26] Bootstrap tree #539, logLikelihood: -226816.899483
[00:07:24] [worker #57] Bootstrap tree #570, logLikelihood: -225942.721363
[00:07:24] [worker #7] Bootstrap tree #520, logLikelihood: -226086.767961
[00:07:24] [worker #46] Bootstrap tree #559, logLikelihood: -226796.951142
[00:07:24] [worker #27] Bootstrap tree #540, logLikelihood: -226208.383744
[00:07:24] [worker #50] Bootstrap tree #563, logLikelihood: -226494.255257
[00:07:25] [worker #19] Bootstrap tree #532, logLikelihood: -226469.503466
[00:07:25] [worker #38] Bootstrap tree #551, logLikelihood: -224542.770820
[00:07:26] [worker #55] Bootstrap tree #568, logLikelihood: -225197.494868
[00:07:26] [worker #61] Bootstrap tree #574, logLikelihood: -227176.701565
[00:07:26] [worker #53] Bootstrap tree #566, logLikelihood: -226532.418084
[00:07:26] [worker #9] Bootstrap tree #522, logLikelihood: -226236.060402
[00:07:27] [worker #29] Bootstrap tree #542, logLikelihood: -226454.120326
[00:07:27] [worker #35] Bootstrap tree #548, logLikelihood: -226001.904625
[00:07:28] [worker #2] Bootstrap tree #515, logLikelihood: -224541.384322
[00:07:29] [worker #39] Bootstrap tree #552, logLikelihood: -226125.736966
[00:07:29] [worker #36] Bootstrap tree #549, logLikelihood: -226306.481786
[00:07:32] [worker #41] Bootstrap tree #554, logLikelihood: -226726.347778
[00:07:34] [worker #47] Bootstrap tree #624, logLikelihood: -227171.275008
[00:07:34] [worker #60] Bootstrap tree #573, logLikelihood: -225789.816678
[00:07:34] [worker #12] Bootstrap tree #525, logLikelihood: -224941.996063
[00:07:34] [worker #25] Bootstrap tree #538, logLikelihood: -225994.386656
[00:07:35] [worker #17] Bootstrap tree #594, logLikelihood: -225557.426209
[00:07:36] [worker #44] Bootstrap tree #621, logLikelihood: -225014.658412
[00:07:36] [worker #54] Bootstrap tree #631, logLikelihood: -226859.272991
[00:07:36] [worker #42] Bootstrap tree #619, logLikelihood: -226467.915550
[00:07:36] [worker #30] Bootstrap tree #543, logLikelihood: -225338.387889
[00:07:36] [worker #13] Bootstrap tree #590, logLikelihood: -226753.377871
[00:07:37] [worker #21] Bootstrap tree #598, logLikelihood: -227365.295267
[00:07:37] [worker #34] Bootstrap tree #547, logLikelihood: -226563.797619
[00:07:38] [worker #22] Bootstrap tree #535, logLikelihood: -225075.090007
[00:07:38] [worker #11] Bootstrap tree #588, logLikelihood: -226706.881738
[00:07:38] [worker #45] Bootstrap tree #622, logLikelihood: -226192.407512
[00:07:38] [worker #10] Bootstrap tree #587, logLikelihood: -226466.290044
[00:07:39] [worker #15] Bootstrap tree #592, logLikelihood: -227106.911774
[00:07:39] [worker #3] Bootstrap tree #516, logLikelihood: -225115.549239
[00:07:39] [worker #4] Bootstrap tree #581, logLikelihood: -226227.096343
[00:07:39] [worker #14] Bootstrap tree #591, logLikelihood: -226594.860234
[00:07:39] [worker #62] Bootstrap tree #639, logLikelihood: -226901.632329
[00:07:39] [worker #6] Bootstrap tree #583, logLikelihood: -225821.081561
[00:07:39] [worker #32] Bootstrap tree #609, logLikelihood: -225534.746277
[00:07:39] [worker #18] Bootstrap tree #595, logLikelihood: -227611.455368
[00:07:39] [worker #20] Bootstrap tree #533, logLikelihood: -226609.162585
[00:07:39] [worker #49] Bootstrap tree #626, logLikelihood: -226537.724482
[00:07:40] [worker #40] Bootstrap tree #617, logLikelihood: -225905.138905
[00:07:40] [worker #38] Bootstrap tree #615, logLikelihood: -226593.728076
[00:07:40] [worker #16] Bootstrap tree #593, logLikelihood: -227141.711891
[00:07:40] [worker #37] Bootstrap tree #614, logLikelihood: -226960.689693
[00:07:40] [worker #51] Bootstrap tree #628, logLikelihood: -225924.433469
[00:07:40] [worker #5] Bootstrap tree #582, logLikelihood: -226792.154692
[00:07:40] [worker #63] Bootstrap tree #640, logLikelihood: -226269.145789
[00:07:41] [worker #57] Bootstrap tree #634, logLikelihood: -225998.271269
[00:07:41] [worker #56] Bootstrap tree #633, logLikelihood: -226571.204435
[00:07:41] [worker #48] Bootstrap tree #625, logLikelihood: -225839.376521
[00:07:41] [worker #19] Bootstrap tree #596, logLikelihood: -225501.689124
[00:07:41] [worker #28] Bootstrap tree #605, logLikelihood: -225753.836620
[00:07:41] [worker #24] Bootstrap tree #601, logLikelihood: -225769.632269
[00:07:41] [worker #31] Bootstrap tree #608, logLikelihood: -226014.318869
[00:07:41] [worker #1] Bootstrap tree #578, logLikelihood: -226139.798264
[00:07:41] [worker #23] Bootstrap tree #600, logLikelihood: -225585.904178
[00:07:42] [worker #43] Bootstrap tree #620, logLikelihood: -225391.561461
[00:07:42] [worker #55] Bootstrap tree #632, logLikelihood: -226883.723471
[00:07:42] [worker #27] Bootstrap tree #604, logLikelihood: -225285.298410
[00:07:42] [worker #58] Bootstrap tree #635, logLikelihood: -226030.002215
[00:07:42] [worker #53] Bootstrap tree #630, logLikelihood: -226540.505968
[00:07:42] [worker #33] Bootstrap tree #610, logLikelihood: -226511.247820
[00:07:43] [worker #26] Bootstrap tree #603, logLikelihood: -225819.567664
[00:07:43] [worker #50] Bootstrap tree #627, logLikelihood: -226457.343287
[00:07:43] [worker #52] Bootstrap tree #629, logLikelihood: -226716.095619
[00:07:43] [worker #7] Bootstrap tree #584, logLikelihood: -225413.040748
[00:07:43] [worker #59] Bootstrap tree #636, logLikelihood: -226378.165423
[00:07:43] [worker #8] Bootstrap tree #585, logLikelihood: -226287.813607
[00:07:44] [worker #29] Bootstrap tree #606, logLikelihood: -227738.553680
[00:07:44] [worker #9] Bootstrap tree #586, logLikelihood: -226633.382264
[00:07:45] [worker #0] Bootstrap tree #577, logLikelihood: -225516.886961
[00:07:45] [worker #36] Bootstrap tree #613, logLikelihood: -224975.008217
[00:07:48] [worker #41] Bootstrap tree #618, logLikelihood: -224969.339890
[00:07:48] [worker #2] Bootstrap tree #579, logLikelihood: -224908.568922
[00:07:48] [worker #61] Bootstrap tree #638, logLikelihood: -226498.234887
[00:07:49] [worker #39] Bootstrap tree #616, logLikelihood: -225927.428206
[00:07:50] [worker #46] Bootstrap tree #623, logLikelihood: -226790.240134
[00:07:51] [worker #25] Bootstrap tree #602, logLikelihood: -226578.717383
[00:07:52] [worker #60] Bootstrap tree #637, logLikelihood: -226156.650316
[00:07:55] [worker #30] Bootstrap tree #607, logLikelihood: -225063.492205
[00:07:55] [worker #20] Bootstrap tree #597, logLikelihood: -228495.591761
[00:07:56] [worker #34] Bootstrap tree #611, logLikelihood: -225437.910908
[00:07:57] [worker #22] Bootstrap tree #599, logLikelihood: -226055.486775
[00:07:59] [worker #12] Bootstrap tree #589, logLikelihood: -225949.420310
[00:08:00] [worker #35] Bootstrap tree #612, logLikelihood: -226429.765562
[00:08:10] [worker #3] Bootstrap tree #580, logLikelihood: -226761.099570
[00:08:45] [worker #36] Bootstrap tree #677, logLikelihood: -226814.460559
[00:08:46] [worker #31] Bootstrap tree #672, logLikelihood: -227590.045746
[00:08:47] [worker #26] Bootstrap tree #667, logLikelihood: -225568.919403
[00:08:48] [worker #11] Bootstrap tree #652, logLikelihood: -225813.288038
[00:08:48] [worker #8] Bootstrap tree #649, logLikelihood: -224268.923894
[00:08:50] [worker #51] Bootstrap tree #692, logLikelihood: -225890.310774
[00:08:50] [worker #4] Bootstrap tree #645, logLikelihood: -226599.972054
[00:08:50] [worker #60] Bootstrap tree #701, logLikelihood: -226626.083077
[00:08:51] [worker #5] Bootstrap tree #646, logLikelihood: -225680.308459
[00:08:53] [worker #13] Bootstrap tree #654, logLikelihood: -226481.069859
[00:08:54] [worker #47] Bootstrap tree #688, logLikelihood: -226742.987247
[00:08:54] [worker #52] Bootstrap tree #693, logLikelihood: -225938.825951
[00:08:54] [worker #53] Bootstrap tree #694, logLikelihood: -225979.207474
[00:08:55] [worker #6] Bootstrap tree #647, logLikelihood: -226513.971458
[00:08:56] [worker #1] Bootstrap tree #642, logLikelihood: -225183.193546
[00:08:56] [worker #59] Bootstrap tree #700, logLikelihood: -224482.059960
[00:08:57] [worker #28] Bootstrap tree #669, logLikelihood: -226378.354611
[00:08:58] [worker #48] Bootstrap tree #689, logLikelihood: -225423.994550
[00:08:58] [worker #18] Bootstrap tree #659, logLikelihood: -224991.675661
[00:08:59] [worker #63] Bootstrap tree #704, logLikelihood: -224859.647104
[00:08:59] [worker #38] Bootstrap tree #679, logLikelihood: -225791.513983
[00:09:00] [worker #10] Bootstrap tree #651, logLikelihood: -226377.168732
[00:09:00] [worker #35] Bootstrap tree #676, logLikelihood: -225766.985609
[00:09:00] [worker #0] Bootstrap tree #641, logLikelihood: -226129.166648
[00:09:00] [worker #15] Bootstrap tree #656, logLikelihood: -225055.310616
[00:09:01] [worker #36] Bootstrap tree #741, logLikelihood: -226529.883971
[00:09:01] [worker #16] Bootstrap tree #657, logLikelihood: -226414.948633
[00:09:01] [worker #21] Bootstrap tree #662, logLikelihood: -226149.138598
[00:09:01] [worker #27] Bootstrap tree #668, logLikelihood: -226091.212865
[00:09:01] [worker #7] Bootstrap tree #648, logLikelihood: -224894.489403
[00:09:02] [worker #55] Bootstrap tree #696, logLikelihood: -226662.878688
[00:09:02] [worker #58] Bootstrap tree #699, logLikelihood: -226846.030335
[00:09:02] [worker #41] Bootstrap tree #682, logLikelihood: -226342.640728
[00:09:02] [worker #46] Bootstrap tree #687, logLikelihood: -226502.965009
[00:09:02] [worker #62] Bootstrap tree #703, logLikelihood: -226023.333973
[00:09:02] [worker #33] Bootstrap tree #674, logLikelihood: -225538.089504
[00:09:03] [worker #61] Bootstrap tree #702, logLikelihood: -226004.252125
[00:09:03] [worker #45] Bootstrap tree #686, logLikelihood: -225540.344901
[00:09:03] [worker #43] Bootstrap tree #684, logLikelihood: -226154.766185
[00:09:03] [worker #19] Bootstrap tree #660, logLikelihood: -226574.874507
[00:09:03] [worker #44] Bootstrap tree #685, logLikelihood: -227013.792770
[00:09:03] [worker #22] Bootstrap tree #663, logLikelihood: -225969.377434
[00:09:03] [worker #39] Bootstrap tree #680, logLikelihood: -225725.746427
[00:09:03] [worker #23] Bootstrap tree #664, logLikelihood: -227321.119908
[00:09:03] [worker #13] Bootstrap tree #718, logLikelihood: -226015.890894
[00:09:03] [worker #50] Bootstrap tree #691, logLikelihood: -226385.731350
[00:09:04] [worker #42] Bootstrap tree #683, logLikelihood: -225500.381331
[00:09:04] [worker #17] Bootstrap tree #658, logLikelihood: -225868.100686
[00:09:04] [worker #9] Bootstrap tree #650, logLikelihood: -226000.733402
[00:09:04] [worker #31] Bootstrap tree #736, logLikelihood: -226859.362658
[00:09:04] [worker #37] Bootstrap tree #678, logLikelihood: -226291.399038
[00:09:04] [worker #14] Bootstrap tree #655, logLikelihood: -226034.005101
[00:09:04] [worker #30] Bootstrap tree #671, logLikelihood: -225541.894408
[00:09:04] [worker #49] Bootstrap tree #690, logLikelihood: -226129.886985
[00:09:04] [worker #12] Bootstrap tree #653, logLikelihood: -225702.285891
[00:09:04] [worker #54] Bootstrap tree #695, logLikelihood: -225889.434648
[00:09:05] [worker #29] Bootstrap tree #670, logLikelihood: -226033.415143
[00:09:05] [worker #60] Bootstrap tree #765, logLikelihood: -226401.232028
[00:09:05] [worker #6] Bootstrap tree #711, logLikelihood: -225212.344059
[00:09:05] [worker #2] Bootstrap tree #643, logLikelihood: -226180.738823
[00:09:07] [worker #26] Bootstrap tree #731, logLikelihood: -227608.326526
[00:09:07] [worker #8] Bootstrap tree #713, logLikelihood: -225879.253200
[00:09:07] [worker #20] Bootstrap tree #661, logLikelihood: -226985.590284
[00:09:08] [worker #56] Bootstrap tree #697, logLikelihood: -226232.767051
[00:09:09] [worker #11] Bootstrap tree #716, logLikelihood: -226396.538277
[00:09:11] [worker #4] Bootstrap tree #709, logLikelihood: -226219.203777
[00:09:11] [worker #52] Bootstrap tree #757, logLikelihood: -225021.613027
[00:09:14] [worker #47] Bootstrap tree #752, logLikelihood: -225806.238864
[00:09:14] [worker #34] Bootstrap tree #675, logLikelihood: -226579.604208
[00:09:14] [worker #51] Bootstrap tree #756, logLikelihood: -227161.319284
[00:09:15] [worker #5] Bootstrap tree #710, logLikelihood: -224566.686384
[00:09:15] [worker #1] Bootstrap tree #706, logLikelihood: -226552.485616
[00:09:16] [worker #25] Bootstrap tree #666, logLikelihood: -225964.975065
[00:09:17] [worker #35] Bootstrap tree #740, logLikelihood: -225504.943390
[00:09:17] [worker #3] Bootstrap tree #644, logLikelihood: -226042.465347
[00:09:19] [worker #63] Bootstrap tree #768, logLikelihood: -226578.393529
[00:09:19] [worker #9] Bootstrap tree #714, logLikelihood: -226324.726140
[00:09:20] [worker #24] Bootstrap tree #665, logLikelihood: -226674.182767
[00:09:20] [worker #57] Bootstrap tree #698, logLikelihood: -226395.777207
[00:09:21] [worker #2] Bootstrap tree #707, logLikelihood: -225921.287923
[00:09:22] [worker #41] Bootstrap tree #746, logLikelihood: -226077.548946
[00:09:22] [worker #23] Bootstrap tree #728, logLikelihood: -226012.090193
[00:09:22] [worker #40] Bootstrap tree #681, logLikelihood: -226813.058984
[00:09:24] [worker #54] Bootstrap tree #759, logLikelihood: -225806.358699
[00:09:25] [worker #32] Bootstrap tree #673, logLikelihood: -226667.681692
[00:09:25] [worker #59] Bootstrap tree #764, logLikelihood: -226367.097132
[00:09:26] [worker #48] Bootstrap tree #753, logLikelihood: -226004.857340
[00:09:26] [worker #15] Bootstrap tree #720, logLikelihood: -226477.309850
[00:09:26] [worker #56] Bootstrap tree #761, logLikelihood: -225635.387765
[00:09:27] [worker #7] Bootstrap tree #712, logLikelihood: -226657.348576
[00:09:28] [worker #28] Bootstrap tree #733, logLikelihood: -226214.776219
[00:09:28] [worker #19] Bootstrap tree #724, logLikelihood: -225633.976502
[00:09:28] [worker #18] Bootstrap tree #723, logLikelihood: -226153.652838
[00:09:28] [worker #27] Bootstrap tree #732, logLikelihood: -226321.861419
[00:09:29] [worker #33] Bootstrap tree #738, logLikelihood: -225329.330273
[00:09:29] [worker #38] Bootstrap tree #743, logLikelihood: -226217.269918
[00:09:29] [worker #58] Bootstrap tree #763, logLikelihood: -226414.633885
[00:09:30] [worker #43] Bootstrap tree #748, logLikelihood: -226777.877482
[00:09:31] [worker #30] Bootstrap tree #735, logLikelihood: -226170.487839
[00:09:31] [worker #12] Bootstrap tree #717, logLikelihood: -226090.622232
[00:09:32] [worker #46] Bootstrap tree #751, logLikelihood: -226049.431185
[00:09:32] [worker #17] Bootstrap tree #722, logLikelihood: -226434.865133
[00:09:32] [worker #29] Bootstrap tree #734, logLikelihood: -225411.505744
[00:09:33] [worker #22] Bootstrap tree #727, logLikelihood: -226907.303940
[00:09:33] [worker #55] Bootstrap tree #760, logLikelihood: -226238.456299
[00:09:33] [worker #0] Bootstrap tree #705, logLikelihood: -225997.825888
[00:09:35] [worker #62] Bootstrap tree #767, logLikelihood: -227479.588544
[00:09:35] [worker #42] Bootstrap tree #747, logLikelihood: -226182.351285
[00:09:35] [worker #61] Bootstrap tree #766, logLikelihood: -226735.901401
[00:09:35] [worker #53] Bootstrap tree #758, logLikelihood: -226077.055820
[00:09:35] [worker #20] Bootstrap tree #725, logLikelihood: -227051.655133
[00:09:35] [worker #14] Bootstrap tree #719, logLikelihood: -227941.332250
[00:09:36] [worker #39] Bootstrap tree #744, logLikelihood: -226523.508953
[00:09:36] [worker #50] Bootstrap tree #755, logLikelihood: -226001.563034
[00:09:36] [worker #49] Bootstrap tree #754, logLikelihood: -226592.751638
[00:09:37] [worker #45] Bootstrap tree #750, logLikelihood: -226263.807428
[00:09:37] [worker #44] Bootstrap tree #749, logLikelihood: -225008.834118
[00:09:38] [worker #21] Bootstrap tree #726, logLikelihood: -225677.916794
[00:09:38] [worker #37] Bootstrap tree #742, logLikelihood: -226204.514927
[00:09:38] [worker #10] Bootstrap tree #715, logLikelihood: -226699.148761
[00:09:41] [worker #3] Bootstrap tree #708, logLikelihood: -225631.324811
[00:09:41] [worker #16] Bootstrap tree #721, logLikelihood: -225651.504247
[00:09:43] [worker #25] Bootstrap tree #730, logLikelihood: -226741.999049
[00:09:45] [worker #40] Bootstrap tree #745, logLikelihood: -226500.465474
[00:09:46] [worker #24] Bootstrap tree #729, logLikelihood: -226018.507167
[00:09:46] [worker #57] Bootstrap tree #762, logLikelihood: -225847.379633
[00:09:55] [worker #34] Bootstrap tree #739, logLikelihood: -226210.137669
[00:09:57] [worker #32] Bootstrap tree #737, logLikelihood: -226483.817165
[00:10:41] [worker #55] Bootstrap tree #824, logLikelihood: -226044.756684
[00:10:41] [worker #28] Bootstrap tree #797, logLikelihood: -225792.929973
[00:10:42] [worker #62] Bootstrap tree #831, logLikelihood: -226550.155997
[00:10:42] [worker #51] Bootstrap tree #820, logLikelihood: -225501.391630
[00:10:42] [worker #18] Bootstrap tree #787, logLikelihood: -225992.377436
[00:10:43] [worker #26] Bootstrap tree #795, logLikelihood: -225009.686227
[00:10:43] [worker #1] Bootstrap tree #770, logLikelihood: -226168.762359
[00:10:43] [worker #4] Bootstrap tree #773, logLikelihood: -227045.605527
[00:10:43] [worker #25] Bootstrap tree #794, logLikelihood: -226155.737457
[00:10:43] [worker #50] Bootstrap tree #819, logLikelihood: -225331.066618
[00:10:43] [worker #49] Bootstrap tree #818, logLikelihood: -226547.333723
[00:10:43] [worker #48] Bootstrap tree #817, logLikelihood: -226020.728584
[00:10:43] [worker #16] Bootstrap tree #785, logLikelihood: -225802.453148
[00:10:43] [worker #46] Bootstrap tree #815, logLikelihood: -226400.185244
[00:10:43] [worker #27] Bootstrap tree #796, logLikelihood: -225782.213633
[00:10:44] [worker #37] Bootstrap tree #806, logLikelihood: -225477.012760
[00:10:44] [worker #23] Bootstrap tree #792, logLikelihood: -226906.676993
[00:10:44] [worker #5] Bootstrap tree #774, logLikelihood: -225536.136263
[00:10:44] [worker #10] Bootstrap tree #779, logLikelihood: -225958.286274
[00:10:44] [worker #29] Bootstrap tree #798, logLikelihood: -225213.606128
[00:10:44] [worker #15] Bootstrap tree #784, logLikelihood: -226264.431131
[00:10:44] [worker #7] Bootstrap tree #776, logLikelihood: -224780.810818
[00:10:44] [worker #11] Bootstrap tree #780, logLikelihood: -225412.728913
[00:10:44] [worker #19] Bootstrap tree #788, logLikelihood: -225984.640046
[00:10:44] [worker #12] Bootstrap tree #781, logLikelihood: -226033.043810
[00:10:44] [worker #17] Bootstrap tree #786, logLikelihood: -225650.172245
[00:10:44] [worker #41] Bootstrap tree #810, logLikelihood: -226383.252087
[00:10:44] [worker #34] Bootstrap tree #803, logLikelihood: -225715.473903
[00:10:45] [worker #59] Bootstrap tree #828, logLikelihood: -225283.405326
[00:10:45] [worker #38] Bootstrap tree #807, logLikelihood: -225587.769158
[00:10:45] [worker #21] Bootstrap tree #790, logLikelihood: -225886.516231
[00:10:45] [worker #14] Bootstrap tree #783, logLikelihood: -225963.495886
[00:10:45] [worker #30] Bootstrap tree #799, logLikelihood: -227246.009814
[00:10:45] [worker #57] Bootstrap tree #826, logLikelihood: -226235.965662
[00:10:46] [worker #39] Bootstrap tree #808, logLikelihood: -226974.985331
[00:10:46] [worker #0] Bootstrap tree #769, logLikelihood: -225997.729568
[00:10:46] [worker #47] Bootstrap tree #816, logLikelihood: -226800.135740
[00:10:46] [worker #54] Bootstrap tree #823, logLikelihood: -226533.135884
[00:10:46] [worker #24] Bootstrap tree #793, logLikelihood: -226531.997019
[00:10:46] [worker #43] Bootstrap tree #812, logLikelihood: -225825.794868
[00:10:46] [worker #52] Bootstrap tree #821, logLikelihood: -226853.290538
[00:10:46] [worker #6] Bootstrap tree #775, logLikelihood: -225837.785654
[00:10:47] [worker #33] Bootstrap tree #802, logLikelihood: -227306.169646
[00:10:47] [worker #45] Bootstrap tree #814, logLikelihood: -225659.329426
[00:10:47] [worker #20] Bootstrap tree #789, logLikelihood: -226690.576629
[00:10:47] [worker #63] Bootstrap tree #832, logLikelihood: -225922.950769
[00:10:47] [worker #3] Bootstrap tree #772, logLikelihood: -226008.157054
[00:10:47] [worker #36] Bootstrap tree #805, logLikelihood: -226250.153182
[00:10:47] [worker #35] Bootstrap tree #804, logLikelihood: -226035.284373
[00:10:48] [worker #40] Bootstrap tree #809, logLikelihood: -226408.521681
[00:10:48] [worker #58] Bootstrap tree #827, logLikelihood: -226709.926518
[00:10:49] [worker #44] Bootstrap tree #813, logLikelihood: -224740.189233
[00:10:49] [worker #61] Bootstrap tree #830, logLikelihood: -225993.868240
[00:10:50] [worker #60] Bootstrap tree #829, logLikelihood: -227244.242347
[00:10:51] [worker #22] Bootstrap tree #791, logLikelihood: -226888.186104
[00:10:51] [worker #42] Bootstrap tree #811, logLikelihood: -227191.448161
[00:10:52] [worker #13] Bootstrap tree #782, logLikelihood: -226125.393720
[00:10:52] [worker #9] Bootstrap tree #778, logLikelihood: -226678.762864
[00:10:53] [worker #2] Bootstrap tree #771, logLikelihood: -226745.527923
[00:10:53] [worker #53] Bootstrap tree #822, logLikelihood: -225726.699172
[00:10:56] [worker #8] Bootstrap tree #777, logLikelihood: -226560.855454
[00:10:57] [worker #56] Bootstrap tree #825, logLikelihood: -226200.624723
[00:10:57] [worker #31] Bootstrap tree #800, logLikelihood: -225936.582043
[00:10:59] [worker #55] Bootstrap tree #888, logLikelihood: -224984.148678
[00:10:59] [worker #26] Bootstrap tree #859, logLikelihood: -226057.096456
[00:11:00] [worker #32] Bootstrap tree #801, logLikelihood: -226239.334386
[00:11:00] [worker #28] Bootstrap tree #861, logLikelihood: -226807.565348
[00:11:00] [worker #5] Bootstrap tree #838, logLikelihood: -226254.821480
[00:11:00] [worker #10] Bootstrap tree #843, logLikelihood: -225957.015533
[00:11:00] [worker #16] Bootstrap tree #849, logLikelihood: -224552.521190
[00:11:01] [worker #34] Bootstrap tree #867, logLikelihood: -226509.933350
[00:11:01] [worker #25] Bootstrap tree #858, logLikelihood: -226589.818964
[00:11:01] [worker #59] Bootstrap tree #892, logLikelihood: -226329.991749
[00:11:01] [worker #17] Bootstrap tree #850, logLikelihood: -226681.983163
[00:11:01] [worker #21] Bootstrap tree #854, logLikelihood: -225807.042230
[00:11:01] [worker #54] Bootstrap tree #887, logLikelihood: -226254.912620
[00:11:02] [worker #19] Bootstrap tree #852, logLikelihood: -225667.997874
[00:11:02] [worker #47] Bootstrap tree #880, logLikelihood: -226079.379949
[00:11:02] [worker #30] Bootstrap tree #863, logLikelihood: -224889.162970
[00:11:02] [worker #29] Bootstrap tree #862, logLikelihood: -225353.520359
[00:11:02] [worker #49] Bootstrap tree #882, logLikelihood: -226049.417221
[00:11:02] [worker #48] Bootstrap tree #881, logLikelihood: -226569.375261
[00:11:02] [worker #41] Bootstrap tree #874, logLikelihood: -225378.664078
[00:11:03] [worker #14] Bootstrap tree #847, logLikelihood: -225410.592176
[00:11:03] [worker #11] Bootstrap tree #844, logLikelihood: -225778.151290
[00:11:03] [worker #15] Bootstrap tree #848, logLikelihood: -225574.239638
[00:11:03] [worker #37] Bootstrap tree #870, logLikelihood: -226046.966989
[00:11:03] [worker #1] Bootstrap tree #834, logLikelihood: -226064.281293
[00:11:03] [worker #27] Bootstrap tree #860, logLikelihood: -226572.144382
[00:11:03] [worker #0] Bootstrap tree #833, logLikelihood: -227340.105531
[00:11:03] [worker #46] Bootstrap tree #879, logLikelihood: -225541.761207
[00:11:03] [worker #18] Bootstrap tree #851, logLikelihood: -225821.515163
[00:11:04] [worker #52] Bootstrap tree #885, logLikelihood: -226158.832428
[00:11:04] [worker #33] Bootstrap tree #866, logLikelihood: -225420.616074
[00:11:04] [worker #35] Bootstrap tree #868, logLikelihood: -225613.926453
[00:11:05] [worker #51] Bootstrap tree #884, logLikelihood: -225551.850742
[00:11:05] [worker #7] Bootstrap tree #840, logLikelihood: -226411.548514
[00:11:05] [worker #43] Bootstrap tree #876, logLikelihood: -226684.489098
[00:11:05] [worker #6] Bootstrap tree #839, logLikelihood: -226229.344050
[00:11:06] [worker #38] Bootstrap tree #871, logLikelihood: -225746.642355
[00:11:06] [worker #40] Bootstrap tree #873, logLikelihood: -226163.084958
[00:11:06] [worker #39] Bootstrap tree #872, logLikelihood: -226940.852460
[00:11:07] [worker #61] Bootstrap tree #894, logLikelihood: -226587.225032
[00:11:07] [worker #20] Bootstrap tree #853, logLikelihood: -225690.735259
[00:11:07] [worker #24] Bootstrap tree #857, logLikelihood: -225242.742282
[00:11:07] [worker #44] Bootstrap tree #877, logLikelihood: -225956.466606
[00:11:08] [worker #63] Bootstrap tree #896, logLikelihood: -226123.874341
[00:11:08] [worker #57] Bootstrap tree #890, logLikelihood: -226150.834503
[00:11:08] [worker #22] Bootstrap tree #855, logLikelihood: -226363.876296
[00:11:08] [worker #13] Bootstrap tree #846, logLikelihood: -227116.772622
[00:11:09] [worker #2] Bootstrap tree #835, logLikelihood: -225676.719360
[00:11:10] [worker #36] Bootstrap tree #869, logLikelihood: -226340.416237
[00:11:10] [worker #62] Bootstrap tree #895, logLikelihood: -226701.479347
[00:11:10] [worker #60] Bootstrap tree #893, logLikelihood: -226860.196435
[00:11:11] [worker #9] Bootstrap tree #842, logLikelihood: -225413.549714
[00:11:11] [worker #50] Bootstrap tree #883, logLikelihood: -226332.694707
[00:11:13] [worker #3] Bootstrap tree #836, logLikelihood: -225188.893501
[00:11:13] [worker #23] Bootstrap tree #856, logLikelihood: -226485.269816
[00:11:14] [worker #8] Bootstrap tree #841, logLikelihood: -224438.803223
[00:11:15] [worker #45] Bootstrap tree #878, logLikelihood: -227339.417005
[00:11:15] [worker #56] Bootstrap tree #889, logLikelihood: -227508.177617
[00:11:17] [worker #31] Bootstrap tree #864, logLikelihood: -225692.103808
[00:11:18] [worker #4] Bootstrap tree #837, logLikelihood: -226552.463955
[00:11:19] [worker #58] Bootstrap tree #891, logLikelihood: -225744.093722
[00:11:22] [worker #53] Bootstrap tree #886, logLikelihood: -225027.099784
[00:11:23] [worker #42] Bootstrap tree #875, logLikelihood: -225880.063874
[00:11:23] [worker #32] Bootstrap tree #865, logLikelihood: -225668.411673
[00:11:24] [worker #12] Bootstrap tree #845, logLikelihood: -225733.587723
[00:12:15] [worker #36] Bootstrap tree #933, logLikelihood: -225196.823850
[00:12:16] [worker #7] Bootstrap tree #904, logLikelihood: -225037.666508
[00:12:17] [worker #8] Bootstrap tree #905, logLikelihood: -225918.497220
[00:12:18] [worker #6] Bootstrap tree #903, logLikelihood: -225847.475793
[00:12:18] [worker #62] Bootstrap tree #959, logLikelihood: -225977.056443
[00:12:18] [worker #60] Bootstrap tree #957, logLikelihood: -226335.118058
[00:12:18] [worker #28] Bootstrap tree #925, logLikelihood: -226535.754338
[00:12:18] [worker #18] Bootstrap tree #915, logLikelihood: -226357.876591
[00:12:18] [worker #33] Bootstrap tree #930, logLikelihood: -226943.596849
[00:12:19] [worker #53] Bootstrap tree #950, logLikelihood: -226341.120958
[00:12:19] [worker #14] Bootstrap tree #911, logLikelihood: -226735.598207
[00:12:19] [worker #44] Bootstrap tree #941, logLikelihood: -224973.770943
[00:12:19] [worker #17] Bootstrap tree #914, logLikelihood: -225889.159511
[00:12:20] [worker #13] Bootstrap tree #910, logLikelihood: -225274.960110
[00:12:20] [worker #43] Bootstrap tree #940, logLikelihood: -224718.163903
[00:12:20] [worker #35] Bootstrap tree #932, logLikelihood: -226097.856681
[00:12:20] [worker #34] Bootstrap tree #931, logLikelihood: -226543.853595
[00:12:20] [worker #42] Bootstrap tree #939, logLikelihood: -226628.251885
[00:12:20] [worker #4] Bootstrap tree #901, logLikelihood: -225679.804665
[00:12:21] [worker #54] Bootstrap tree #951, logLikelihood: -227101.178254
[00:12:21] [worker #37] Bootstrap tree #934, logLikelihood: -226221.422617
[00:12:21] [worker #0] Bootstrap tree #897, logLikelihood: -226837.702531
[00:12:21] [worker #10] Bootstrap tree #907, logLikelihood: -225534.379935
[00:12:21] [worker #50] Bootstrap tree #947, logLikelihood: -226298.063760
[00:12:22] [worker #19] Bootstrap tree #916, logLikelihood: -226623.739168
[00:12:23] [worker #9] Bootstrap tree #906, logLikelihood: -226931.357461
[00:12:24] [worker #38] Bootstrap tree #935, logLikelihood: -224704.890640
[00:12:24] [worker #24] Bootstrap tree #921, logLikelihood: -225448.412418
[00:12:24] [worker #31] Bootstrap tree #928, logLikelihood: -226547.101544
[00:12:24] [worker #5] Bootstrap tree #902, logLikelihood: -225450.634396
[00:12:24] [worker #15] Bootstrap tree #912, logLikelihood: -227102.387646
[00:12:25] [worker #23] Bootstrap tree #920, logLikelihood: -225794.536538
[00:12:25] [worker #1] Bootstrap tree #898, logLikelihood: -225250.651245
[00:12:25] [worker #30] Bootstrap tree #927, logLikelihood: -225874.546714
[00:12:25] [worker #41] Bootstrap tree #938, logLikelihood: -226630.406004
[00:12:25] [worker #45] Bootstrap tree #942, logLikelihood: -226902.322101
[00:12:26] [worker #16] Bootstrap tree #913, logLikelihood: -226199.403025
[00:12:26] [worker #11] Bootstrap tree #908, logLikelihood: -226197.414750
[00:12:27] [worker #47] Bootstrap tree #944, logLikelihood: -225197.098224
[00:12:27] [worker #48] Bootstrap tree #945, logLikelihood: -226865.706669
[00:12:27] [worker #27] Bootstrap tree #924, logLikelihood: -225009.185996
[00:12:27] [worker #3] Bootstrap tree #900, logLikelihood: -226334.557321
[00:12:27] [worker #46] Bootstrap tree #943, logLikelihood: -225299.264541
[00:12:27] [worker #40] Bootstrap tree #937, logLikelihood: -226145.552110
[00:12:27] [worker #12] Bootstrap tree #909, logLikelihood: -225308.330842
[00:12:28] [worker #25] Bootstrap tree #922, logLikelihood: -226426.796718
[00:12:28] [worker #26] Bootstrap tree #923, logLikelihood: -226434.088115
[00:12:28] [worker #22] Bootstrap tree #919, logLikelihood: -225651.558312
[00:12:29] [worker #20] Bootstrap tree #917, logLikelihood: -226038.369025
[00:12:29] [worker #61] Bootstrap tree #958, logLikelihood: -225406.494725
[00:12:29] [worker #57] Bootstrap tree #954, logLikelihood: -227652.953548
[00:12:30] [worker #49] Bootstrap tree #946, logLikelihood: -225456.614265
[00:12:30] [worker #36] Bootstrap tree #997, logLikelihood: -225932.779317
[00:12:30] [worker #32] Bootstrap tree #929, logLikelihood: -225867.967211
[00:12:32] [worker #56] Bootstrap tree #953, logLikelihood: -224938.798084
[00:12:32] [worker #2] Bootstrap tree #899, logLikelihood: -225930.453404
[00:12:32] [worker #39] Bootstrap tree #936, logLikelihood: -225422.751887
[00:12:33] [worker #63] Bootstrap tree #960, logLikelihood: -226459.265230
[00:12:34] [worker #7] Bootstrap tree #968, logLikelihood: -225948.708977
[00:12:34] [worker #18] Bootstrap tree #979, logLikelihood: -225286.972797
[00:12:34] [worker #14] Bootstrap tree #975, logLikelihood: -226700.464817
[00:12:35] [worker #13] Bootstrap tree #974, logLikelihood: -225729.661002
[00:12:35] [worker #6] Bootstrap tree #967, logLikelihood: -226079.878934
[00:12:36] [worker #59] Bootstrap tree #956, logLikelihood: -226291.487628
[00:12:36] [worker #28] Bootstrap tree #989, logLikelihood: -225563.850632
[00:12:36] [worker #17] Bootstrap tree #978, logLikelihood: -225908.055201
[00:12:37] [worker #8] Bootstrap tree #969, logLikelihood: -225645.471829
[00:12:37] [worker #58] Bootstrap tree #955, logLikelihood: -227116.648521
[00:12:37] [worker #34] Bootstrap tree #995, logLikelihood: -224687.031130
[00:12:37] [worker #29] Bootstrap tree #926, logLikelihood: -224906.405998
[00:12:38] [worker #21] Bootstrap tree #918, logLikelihood: -225683.882694
[00:12:38] [worker #4] Bootstrap tree #965, logLikelihood: -225521.281885
[00:12:39] [worker #9] Bootstrap tree #970, logLikelihood: -225543.178959
[00:12:39] [worker #0] Bootstrap tree #961, logLikelihood: -225538.761187
[00:12:40] [worker #35] Bootstrap tree #996, logLikelihood: -224293.315774
[00:12:40] [worker #38] Bootstrap tree #999, logLikelihood: -227000.491495
[00:12:40] [worker #33] Bootstrap tree #994, logLikelihood: -226649.301597
[00:12:41] [worker #5] Bootstrap tree #966, logLikelihood: -225465.745227
[00:12:42] [worker #10] Bootstrap tree #971, logLikelihood: -225710.859376
[00:12:42] [worker #23] Bootstrap tree #984, logLikelihood: -226405.082979
[00:12:42] [worker #3] Bootstrap tree #964, logLikelihood: -226282.394589
[00:12:42] [worker #31] Bootstrap tree #992, logLikelihood: -226262.933515
[00:12:43] [worker #19] Bootstrap tree #980, logLikelihood: -226435.649785
[00:12:44] [worker #1] Bootstrap tree #962, logLikelihood: -226050.747325
[00:12:45] [worker #55] Bootstrap tree #952, logLikelihood: -225544.971073
[00:12:47] [worker #51] Bootstrap tree #948, logLikelihood: -225888.164492
[00:12:50] [worker #52] Bootstrap tree #949, logLikelihood: -225386.059655
[00:12:51] [worker #37] Bootstrap tree #998, logLikelihood: -225721.763604
[00:12:52] [worker #24] Bootstrap tree #985, logLikelihood: -226451.397303
[00:12:53] [worker #32] Bootstrap tree #993, logLikelihood: -226030.073461
[00:12:53] [worker #12] Bootstrap tree #973, logLikelihood: -226169.490774
[00:12:53] [worker #27] Bootstrap tree #988, logLikelihood: -226202.086722
[00:12:53] [worker #2] Bootstrap tree #963, logLikelihood: -226052.104392
[00:12:56] [worker #11] Bootstrap tree #972, logLikelihood: -226225.080766
[00:12:57] [worker #25] Bootstrap tree #986, logLikelihood: -225753.415593
[00:12:57] [worker #16] Bootstrap tree #977, logLikelihood: -225512.282505
[00:12:58] [worker #15] Bootstrap tree #976, logLikelihood: -225451.806587
[00:12:58] [worker #30] Bootstrap tree #991, logLikelihood: -226760.220161
[00:13:02] [worker #20] Bootstrap tree #981, logLikelihood: -226443.303100
[00:13:03] [worker #29] Bootstrap tree #990, logLikelihood: -227641.738998
[00:13:04] [worker #21] Bootstrap tree #982, logLikelihood: -225687.961288
[00:13:05] [worker #39] Bootstrap tree #1000, logLikelihood: -227233.233423
[00:13:06] [worker #26] Bootstrap tree #987, logLikelihood: -225640.715488
[00:13:21] [worker #22] Bootstrap tree #983, logLikelihood: -225974.660962

Optimized model parameters:

   Partition 0: noname
   Rate heterogeneity: GAMMA (4 cats, mean),  alpha: 0.020129 (ML),  weights&rates: (0.250000,0.000000) (0.250000,0.000000) (0.250000,0.000001) (0.250000,3.999999) 
   Base frequencies (ML): 0.376439 0.127061 0.131453 0.365047 
   Substitution rates (ML): 1.075064 4.448793 0.494995 0.865519 4.713995 1.000000 


Final LogLikelihood: -226137.738411

AIC score: 452791.476821 / AICc score: 452792.364809 / BIC score: 455351.727200
Free parameters (model + branch lengths): 258

WARNING: Best ML tree contains 75 near-zero branches!

Best ML tree with collapsed near-zero branches saved to: /mnt/lustre/RDS-live/downing/LSDV-PVG/CODE/work/bf/4fee39c0c7612cadcedfcb88716c5f/T14.raxml.bestTreeCollapsed
Best ML tree saved to: /mnt/lustre/RDS-live/downing/LSDV-PVG/CODE/work/bf/4fee39c0c7612cadcedfcb88716c5f/T14.raxml.bestTree
All ML trees saved to: /mnt/lustre/RDS-live/downing/LSDV-PVG/CODE/work/bf/4fee39c0c7612cadcedfcb88716c5f/T14.raxml.mlTrees
Best ML tree with Felsenstein bootstrap (FBP) support values saved to: /mnt/lustre/RDS-live/downing/LSDV-PVG/CODE/work/bf/4fee39c0c7612cadcedfcb88716c5f/T14.raxml.supportFBP
Best ML tree with Transfer bootstrap (TBE) support values saved to: /mnt/lustre/RDS-live/downing/LSDV-PVG/CODE/work/bf/4fee39c0c7612cadcedfcb88716c5f/T14.raxml.supportTBE
Optimized model saved to: /mnt/lustre/RDS-live/downing/LSDV-PVG/CODE/work/bf/4fee39c0c7612cadcedfcb88716c5f/T14.raxml.bestModel
Bootstrap trees saved to: /mnt/lustre/RDS-live/downing/LSDV-PVG/CODE/work/bf/4fee39c0c7612cadcedfcb88716c5f/T14.raxml.bootstraps

Execution log saved to: /mnt/lustre/RDS-live/downing/LSDV-PVG/CODE/work/bf/4fee39c0c7612cadcedfcb88716c5f/T14.raxml.log

Analysis started: 19-Apr-2024 14:41:51 / finished: 19-Apr-2024 14:55:59

Elapsed time: 848.495 seconds

