[11:40:00] This is prokka 1.14.6
[11:40:00] Written by Torsten Seemann <torsten.seemann@gmail.com>
[11:40:00] Homepage is https://github.com/tseemann/prokka
[11:40:00] Local time is Tue Apr 16 11:40:00 2024
[11:40:00] You are downing
[11:40:00] Operating system is linux
[11:40:00] You have BioPerl 1.7.8
Argument "1.7.8" isn't numeric in numeric lt (<) at /mnt/lustre/RDS-live/downing/miniconda3/envs/snippy/bin/prokka line 259.
[11:40:00] System has 64 cores.
[11:40:00] Will use maximum of 8 cores.
[11:40:00] Annotating as >>> Viruses <<<
[11:40:00] Generating locus_tag from '../../../CURRENT/PANGROWTH/SEQS/AY077834.1_Sheeppox_virus_NISKHI_1994.fa' contents.
[11:40:00] Setting --locustag KGOPFGHK from MD5 4089f0148b3a8c63b90134009bd00238
[11:40:00] Creating new output folder: ../../../CURRENT/PANGROWTH/SEQS/AY077834.1_Sheeppox_virus_NISKHI_1994_PROKKA
[11:40:00] Running: mkdir -p \.\.\/\.\.\/\.\.\/CURRENT\/PANGROWTH\/SEQS\/AY077834\.1_Sheeppox_virus_NISKHI_1994_PROKKA
[11:40:00] Using filename prefix: AY077834.1_Sheeppox_virus_NISKHI_1994.XXX
[11:40:00] Setting HMMER_NCPU=1
[11:40:00] Writing log to: ../../../CURRENT/PANGROWTH/SEQS/AY077834.1_Sheeppox_virus_NISKHI_1994_PROKKA/AY077834.1_Sheeppox_virus_NISKHI_1994.log
[11:40:00] Command: /mnt/lustre/RDS-live/downing/miniconda3/envs/snippy/bin/prokka --kingdom Viruses --proteins KX894508.gb --gffver 3 --usegenus --outdir ../../../CURRENT/PANGROWTH/SEQS/AY077834.1_Sheeppox_virus_NISKHI_1994_PROKKA --force --genus Capripoxvirus --prefix AY077834.1_Sheeppox_virus_NISKHI_1994 ../../../CURRENT/PANGROWTH/SEQS/AY077834.1_Sheeppox_virus_NISKHI_1994.fa
[11:40:00] Appending to PATH: /mnt/lustre/RDS-live/downing/miniconda3/envs/snippy/bin
[11:40:00] Looking for 'aragorn' - found /mnt/lustre/RDS-live/downing/miniconda3/envs/snippy/bin/aragorn
[11:40:00] Determined aragorn version is 001002 from 'ARAGORN v1.2.41 Dean Laslett'
[11:40:00] Looking for 'barrnap' - found /mnt/lustre/RDS-live/downing/miniconda3/envs/snippy/bin/barrnap
[11:40:00] Determined barrnap version is 000009 from 'barrnap 0.9'
[11:40:00] Looking for 'blastp' - found /mnt/lustre/RDS-live/downing/miniconda3/envs/snippy/bin/blastp
[11:40:00] Determined blastp version is 002013 from 'blastp: 2.13.0+'
[11:40:00] Looking for 'cmpress' - found /mnt/lustre/RDS-live/downing/miniconda3/envs/snippy/bin/cmpress
[11:40:00] Determined cmpress version is 001001 from '# INFERNAL 1.1.4 (Dec 2020)'
[11:40:00] Looking for 'cmscan' - found /mnt/lustre/RDS-live/downing/miniconda3/envs/snippy/bin/cmscan
[11:40:00] Determined cmscan version is 001001 from '# INFERNAL 1.1.4 (Dec 2020)'
[11:40:00] Looking for 'egrep' - found /usr/bin/egrep
[11:40:00] Looking for 'find' - found /usr/bin/find
[11:40:00] Looking for 'grep' - found /usr/bin/grep
[11:40:00] Looking for 'hmmpress' - found /mnt/lustre/RDS-live/downing/miniconda3/envs/snippy/bin/hmmpress
[11:40:00] Determined hmmpress version is 003003 from '# HMMER 3.3.2 (Nov 2020); http://hmmer.org/'
[11:40:00] Looking for 'hmmscan' - found /mnt/lustre/RDS-live/downing/miniconda3/envs/snippy/bin/hmmscan
[11:40:00] Determined hmmscan version is 003003 from '# HMMER 3.3.2 (Nov 2020); http://hmmer.org/'
[11:40:00] Looking for 'java' - found /mnt/lustre/RDS-live/downing/miniconda3/envs/snippy/bin/java
[11:40:00] Looking for 'makeblastdb' - found /mnt/lustre/RDS-live/downing/miniconda3/envs/snippy/bin/makeblastdb
[11:40:00] Determined makeblastdb version is 002013 from 'makeblastdb: 2.13.0+'
[11:40:00] Looking for 'minced' - found /mnt/lustre/RDS-live/downing/miniconda3/envs/snippy/bin/minced
[11:40:00] Determined minced version is 004002 from 'minced 0.4.2'
[11:40:00] Looking for 'parallel' - found /mnt/lustre/RDS-live/downing/miniconda3/envs/snippy/bin/parallel
[11:40:00] Determined parallel version is 20220922 from 'GNU parallel 20220922'
[11:40:00] Looking for 'prodigal' - found /mnt/lustre/RDS-live/downing/miniconda3/envs/snippy/bin/prodigal
[11:40:00] Determined prodigal version is 002006 from 'Prodigal V2.6.3: February, 2016'
[11:40:00] Looking for 'prokka-genbank_to_fasta_db' - found /mnt/lustre/RDS-live/downing/miniconda3/envs/snippy/bin/prokka-genbank_to_fasta_db
[11:40:00] Looking for 'sed' - found /cm/shared/apps/mambaforge/envs/R.4.2.2/bin/sed
[11:40:00] Looking for 'tbl2asn' - found /mnt/lustre/RDS-live/downing/miniconda3/envs/snippy/bin/tbl2asn
[11:40:00] Determined tbl2asn version is 025007 from 'tbl2asn 25.7   arguments:'
[11:40:00] Using genetic code table 1.
[11:40:00] Loading and checking input file: ../../../CURRENT/PANGROWTH/SEQS/AY077834.1_Sheeppox_virus_NISKHI_1994.fa
[11:40:00] Wrote 1 contigs totalling 149662 bp.
[11:40:00] Predicting tRNAs and tmRNAs
[11:40:00] Running: aragorn -l -gc1  -w \.\.\/\.\.\/\.\.\/CURRENT\/PANGROWTH\/SEQS\/AY077834\.1_Sheeppox_virus_NISKHI_1994_PROKKA\/AY077834\.1_Sheeppox_virus_NISKHI_1994\.fna
[11:40:00] Found 0 tRNAs
[11:40:00] Disabling rRNA search: --kingdom=Viruses or --norrna=0
[11:40:00] Skipping ncRNA search, enable with --rfam if desired.
[11:40:00] Total of 0 tRNA + rRNA features
[11:40:00] Searching for CRISPR repeats
[11:40:00] Found 0 CRISPRs
[11:40:00] Predicting coding sequences
[11:40:00] Contigs total 149662 bp, so using single mode
[11:40:00] Running: prodigal -i \.\.\/\.\.\/\.\.\/CURRENT\/PANGROWTH\/SEQS\/AY077834\.1_Sheeppox_virus_NISKHI_1994_PROKKA\/AY077834\.1_Sheeppox_virus_NISKHI_1994\.fna -c -m -g 1 -p single -f sco -q
[11:40:01] Found 150 CDS
[11:40:01] Connecting features back to sequences
[11:40:01] Skipping genus-specific proteins as can't see /mnt/lustre/RDS-live/downing/miniconda3/envs/snippy/db/Capripoxvirus
[11:40:01] Annotating CDS, please be patient.
[11:40:01] Will use 8 CPUs for similarity searching.
[11:40:01] There are still 150 unannotated CDS left (started with 150)
[11:40:01] Will use blast to search against /mnt/lustre/RDS-live/downing/miniconda3/envs/snippy/db/kingdom/Viruses/sprot with 8 CPUs
[11:40:01] Running: cat \.\.\/\.\.\/\.\.\/CURRENT\/PANGROWTH\/SEQS\/AY077834\.1_Sheeppox_virus_NISKHI_1994_PROKKA\/AY077834\.1_Sheeppox_virus_NISKHI_1994\.sprot\.tmp\.993936\.faa | parallel --gnu --plain -j 8 --block 2907 --recstart '>' --pipe blastp -query - -db /mnt/lustre/RDS-live/downing/miniconda3/envs/snippy/db/kingdom/Viruses/sprot -evalue 1e-09 -qcov_hsp_perc 80 -num_threads 1 -num_descriptions 1 -num_alignments 1 -seg no > \.\.\/\.\.\/\.\.\/CURRENT\/PANGROWTH\/SEQS\/AY077834\.1_Sheeppox_virus_NISKHI_1994_PROKKA\/AY077834\.1_Sheeppox_virus_NISKHI_1994\.sprot\.tmp\.993936\.blast 2> /dev/null
[11:40:02] Modify product: Viral interleukin-10 homolog => Viral interleukin-10 
[11:40:02] Modify product: Protein J1 homolog => Protein J1 
[11:40:02] Modify product: Probable dual specificity protein phosphatase H1 homolog => putative dual specificity protein phosphatase H1 
[11:40:02] Modify product: Probable FAD-linked sulfhydryl oxidase E10 => putative FAD-linked sulfhydryl oxidase E10
[11:40:02] Cleaned 4 /product names
[11:40:02] Deleting unwanted file: ../../../CURRENT/PANGROWTH/SEQS/AY077834.1_Sheeppox_virus_NISKHI_1994_PROKKA/AY077834.1_Sheeppox_virus_NISKHI_1994.sprot.tmp.993936.faa
[11:40:02] Deleting unwanted file: ../../../CURRENT/PANGROWTH/SEQS/AY077834.1_Sheeppox_virus_NISKHI_1994_PROKKA/AY077834.1_Sheeppox_virus_NISKHI_1994.sprot.tmp.993936.blast
[11:40:02] Deleting unwanted file: ../../../CURRENT/PANGROWTH/SEQS/AY077834.1_Sheeppox_virus_NISKHI_1994_PROKKA/proteins.psq
[11:40:02] Deleting unwanted file: ../../../CURRENT/PANGROWTH/SEQS/AY077834.1_Sheeppox_virus_NISKHI_1994_PROKKA/proteins.phr
[11:40:02] Deleting unwanted file: ../../../CURRENT/PANGROWTH/SEQS/AY077834.1_Sheeppox_virus_NISKHI_1994_PROKKA/proteins.pin
[11:40:02] Labelling remaining 49 proteins as 'hypothetical protein'
[11:40:02] Found 37 unique /gene codes.
[11:40:02] Fixed 2 duplicate /gene - KBTB1_1 KBTB1_2
[11:40:02] Fixed 1 colliding /gene names.
[11:40:02] Adding /locus_tag identifiers
[11:40:02] Assigned 150 locus_tags to CDS and RNA features.
[11:40:02] Writing outputs to ../../../CURRENT/PANGROWTH/SEQS/AY077834.1_Sheeppox_virus_NISKHI_1994_PROKKA/
[11:40:02] Generating annotation statistics file
[11:40:02] Generating Genbank and Sequin files
[11:40:02] Running: tbl2asn -V b -a r10k -l paired-ends -M n -N 1 -y 'Annotated using prokka 1.14.6 from https://github.com/tseemann/prokka' -Z \.\.\/\.\.\/\.\.\/CURRENT\/PANGROWTH\/SEQS\/AY077834\.1_Sheeppox_virus_NISKHI_1994_PROKKA\/AY077834\.1_Sheeppox_virus_NISKHI_1994\.err -i \.\.\/\.\.\/\.\.\/CURRENT\/PANGROWTH\/SEQS\/AY077834\.1_Sheeppox_virus_NISKHI_1994_PROKKA\/AY077834\.1_Sheeppox_virus_NISKHI_1994\.fsa 2> /dev/null
[11:40:02] Deleting unwanted file: ../../../CURRENT/PANGROWTH/SEQS/AY077834.1_Sheeppox_virus_NISKHI_1994_PROKKA/errorsummary.val
[11:40:02] Deleting unwanted file: ../../../CURRENT/PANGROWTH/SEQS/AY077834.1_Sheeppox_virus_NISKHI_1994_PROKKA/AY077834.1_Sheeppox_virus_NISKHI_1994.dr
[11:40:02] Deleting unwanted file: ../../../CURRENT/PANGROWTH/SEQS/AY077834.1_Sheeppox_virus_NISKHI_1994_PROKKA/AY077834.1_Sheeppox_virus_NISKHI_1994.fixedproducts
[11:40:02] Deleting unwanted file: ../../../CURRENT/PANGROWTH/SEQS/AY077834.1_Sheeppox_virus_NISKHI_1994_PROKKA/AY077834.1_Sheeppox_virus_NISKHI_1994.ecn
[11:40:02] Deleting unwanted file: ../../../CURRENT/PANGROWTH/SEQS/AY077834.1_Sheeppox_virus_NISKHI_1994_PROKKA/AY077834.1_Sheeppox_virus_NISKHI_1994.val
[11:40:02] Repairing broken .GBK output that tbl2asn produces...
[11:40:02] Running: sed 's/COORDINATES: profile/COORDINATES:profile/' < \.\.\/\.\.\/\.\.\/CURRENT\/PANGROWTH\/SEQS\/AY077834\.1_Sheeppox_virus_NISKHI_1994_PROKKA\/AY077834\.1_Sheeppox_virus_NISKHI_1994\.gbf > \.\.\/\.\.\/\.\.\/CURRENT\/PANGROWTH\/SEQS\/AY077834\.1_Sheeppox_virus_NISKHI_1994_PROKKA\/AY077834\.1_Sheeppox_virus_NISKHI_1994\.gbk
[11:40:02] Deleting unwanted file: ../../../CURRENT/PANGROWTH/SEQS/AY077834.1_Sheeppox_virus_NISKHI_1994_PROKKA/AY077834.1_Sheeppox_virus_NISKHI_1994.gbf
[11:40:02] Output files:
[11:40:02] ../../../CURRENT/PANGROWTH/SEQS/AY077834.1_Sheeppox_virus_NISKHI_1994_PROKKA/AY077834.1_Sheeppox_virus_NISKHI_1994.gff
[11:40:02] ../../../CURRENT/PANGROWTH/SEQS/AY077834.1_Sheeppox_virus_NISKHI_1994_PROKKA/AY077834.1_Sheeppox_virus_NISKHI_1994.sqn
[11:40:02] ../../../CURRENT/PANGROWTH/SEQS/AY077834.1_Sheeppox_virus_NISKHI_1994_PROKKA/AY077834.1_Sheeppox_virus_NISKHI_1994.gbk
[11:40:02] ../../../CURRENT/PANGROWTH/SEQS/AY077834.1_Sheeppox_virus_NISKHI_1994_PROKKA/AY077834.1_Sheeppox_virus_NISKHI_1994.log
[11:40:02] ../../../CURRENT/PANGROWTH/SEQS/AY077834.1_Sheeppox_virus_NISKHI_1994_PROKKA/AY077834.1_Sheeppox_virus_NISKHI_1994.txt
[11:40:02] ../../../CURRENT/PANGROWTH/SEQS/AY077834.1_Sheeppox_virus_NISKHI_1994_PROKKA/AY077834.1_Sheeppox_virus_NISKHI_1994.err
[11:40:02] ../../../CURRENT/PANGROWTH/SEQS/AY077834.1_Sheeppox_virus_NISKHI_1994_PROKKA/AY077834.1_Sheeppox_virus_NISKHI_1994.tbl
[11:40:02] ../../../CURRENT/PANGROWTH/SEQS/AY077834.1_Sheeppox_virus_NISKHI_1994_PROKKA/AY077834.1_Sheeppox_virus_NISKHI_1994.ffn
[11:40:02] ../../../CURRENT/PANGROWTH/SEQS/AY077834.1_Sheeppox_virus_NISKHI_1994_PROKKA/AY077834.1_Sheeppox_virus_NISKHI_1994.fna
[11:40:02] ../../../CURRENT/PANGROWTH/SEQS/AY077834.1_Sheeppox_virus_NISKHI_1994_PROKKA/AY077834.1_Sheeppox_virus_NISKHI_1994.faa
[11:40:02] ../../../CURRENT/PANGROWTH/SEQS/AY077834.1_Sheeppox_virus_NISKHI_1994_PROKKA/AY077834.1_Sheeppox_virus_NISKHI_1994.tsv
[11:40:02] ../../../CURRENT/PANGROWTH/SEQS/AY077834.1_Sheeppox_virus_NISKHI_1994_PROKKA/AY077834.1_Sheeppox_virus_NISKHI_1994.fsa
[11:40:02] Annotation finished successfully.
[11:40:02] Walltime used: 0.03 minutes
[11:40:02] If you use this result please cite the Prokka paper:
[11:40:02] Seemann T (2014) Prokka: rapid prokaryotic genome annotation. Bioinformatics. 30(14):2068-9.
[11:40:02] Type 'prokka --citation' for more details.
[11:40:02] Thank you, come again.
