[18:00:15] This is prokka 1.14.6
[18:00:15] Written by Torsten Seemann <torsten.seemann@gmail.com>
[18:00:15] Homepage is https://github.com/tseemann/prokka
[18:00:15] Local time is Tue Apr 16 18:00:15 2024
[18:00:15] You are downing
[18:00:15] Operating system is linux
[18:00:15] You have BioPerl 1.7.8
[18:00:15] System has 64 cores.
[18:00:15] Will use maximum of 8 cores.
[18:00:15] Annotating as >>> Viruses <<<
[18:00:15] Generating locus_tag from '../../../CURRENT/PANGROWTH/SEQS/OQ267778.1_119607_64_Thailand_27_May_2021_cattle.fa' contents.
[18:00:15] Setting --locustag CPKJODPB from MD5 c9438d9b301e1b2f0fcaebbd454a2ff4
[18:00:15] Creating new output folder: ../../../CURRENT/PANGROWTH/SEQS/OQ267778.1_119607_64_Thailand_27_May_2021_cattle_PROKKA
[18:00:15] Running: mkdir -p \.\.\/\.\.\/\.\.\/CURRENT\/PANGROWTH\/SEQS\/OQ267778\.1_119607_64_Thailand_27_May_2021_cattle_PROKKA
[18:00:15] Using filename prefix: OQ267778.1_119607_64_Thailand_27_May_2021_cattle.XXX
[18:00:15] Setting HMMER_NCPU=1
[18:00:15] Writing log to: ../../../CURRENT/PANGROWTH/SEQS/OQ267778.1_119607_64_Thailand_27_May_2021_cattle_PROKKA/OQ267778.1_119607_64_Thailand_27_May_2021_cattle.log
[18:00:15] Command: /mnt/lustre/RDS-live/downing/miniconda3/envs/snippy/bin/prokka --kingdom Viruses --proteins KX894508.gb --gffver 3 --usegenus --outdir ../../../CURRENT/PANGROWTH/SEQS/OQ267778.1_119607_64_Thailand_27_May_2021_cattle_PROKKA --force --genus Capripoxvirus --prefix OQ267778.1_119607_64_Thailand_27_May_2021_cattle ../../../CURRENT/PANGROWTH/SEQS/OQ267778.1_119607_64_Thailand_27_May_2021_cattle.fa
[18:00:15] Appending to PATH: /mnt/lustre/RDS-live/downing/miniconda3/envs/snippy/bin
[18:00:15] Looking for 'aragorn' - found /mnt/lustre/RDS-live/downing/miniconda3/envs/snippy/bin/aragorn
[18:00:15] Determined aragorn version is 001002 from 'ARAGORN v1.2.41 Dean Laslett'
[18:00:15] Looking for 'barrnap' - found /mnt/lustre/RDS-live/downing/miniconda3/envs/snippy/bin/barrnap
[18:00:15] Determined barrnap version is 000009 from 'barrnap 0.9'
[18:00:15] Looking for 'blastp' - found /mnt/lustre/RDS-live/downing/miniconda3/envs/snippy/bin/blastp
[18:00:15] Determined blastp version is 002013 from 'blastp: 2.13.0+'
[18:00:15] Looking for 'cmpress' - found /mnt/lustre/RDS-live/downing/miniconda3/envs/snippy/bin/cmpress
[18:00:15] Determined cmpress version is 001001 from '# INFERNAL 1.1.4 (Dec 2020)'
[18:00:15] Looking for 'cmscan' - found /mnt/lustre/RDS-live/downing/miniconda3/envs/snippy/bin/cmscan
[18:00:15] Determined cmscan version is 001001 from '# INFERNAL 1.1.4 (Dec 2020)'
[18:00:15] Looking for 'egrep' - found /usr/bin/egrep
[18:00:15] Looking for 'find' - found /usr/bin/find
[18:00:15] Looking for 'grep' - found /usr/bin/grep
[18:00:15] Looking for 'hmmpress' - found /mnt/lustre/RDS-live/downing/miniconda3/envs/snippy/bin/hmmpress
[18:00:15] Determined hmmpress version is 003003 from '# HMMER 3.3.2 (Nov 2020); http://hmmer.org/'
[18:00:15] Looking for 'hmmscan' - found /mnt/lustre/RDS-live/downing/miniconda3/envs/snippy/bin/hmmscan
[18:00:15] Determined hmmscan version is 003003 from '# HMMER 3.3.2 (Nov 2020); http://hmmer.org/'
[18:00:15] Looking for 'java' - found /mnt/lustre/RDS-live/downing/miniconda3/envs/snippy/bin/java
[18:00:15] Looking for 'makeblastdb' - found /mnt/lustre/RDS-live/downing/miniconda3/envs/snippy/bin/makeblastdb
[18:00:15] Determined makeblastdb version is 002013 from 'makeblastdb: 2.13.0+'
[18:00:15] Looking for 'minced' - found /mnt/lustre/RDS-live/downing/miniconda3/envs/snippy/bin/minced
[18:00:15] Determined minced version is 004002 from 'minced 0.4.2'
[18:00:15] Looking for 'parallel' - found /mnt/lustre/RDS-live/downing/miniconda3/envs/snippy/bin/parallel
[18:00:15] Determined parallel version is 20220922 from 'GNU parallel 20220922'
[18:00:15] Looking for 'prodigal' - found /mnt/lustre/RDS-live/downing/miniconda3/envs/snippy/bin/prodigal
[18:00:15] Determined prodigal version is 002006 from 'Prodigal V2.6.3: February, 2016'
[18:00:15] Looking for 'prokka-genbank_to_fasta_db' - found /mnt/lustre/RDS-live/downing/miniconda3/envs/snippy/bin/prokka-genbank_to_fasta_db
[18:00:15] Looking for 'sed' - found /cm/shared/apps/mambaforge/envs/R.4.2.2/bin/sed
[18:00:15] Looking for 'tbl2asn' - found /mnt/lustre/RDS-live/downing/miniconda3/envs/snippy/bin/tbl2asn
[18:00:15] Determined tbl2asn version is 025007 from 'tbl2asn 25.7   arguments:'
[18:00:15] Using genetic code table 1.
[18:00:15] Loading and checking input file: ../../../CURRENT/PANGROWTH/SEQS/OQ267778.1_119607_64_Thailand_27_May_2021_cattle.fa
[18:00:15] Contig ID must <= 37 chars long: OQ267778.1_119607_64_Thailand_27_May_2021_cattle
[18:00:15] Please rename your contigs OR try '--centre X --compliant' to generate clean contig names.
