Discrepancy Report Results

Summary
FATAL: MISSING_PROTEIN_ID:152 proteins have invalid IDs.
DISC_SOURCE_QUALS_ASNDISC:strain (all present, all unique)
DISC_SOURCE_QUALS_ASNDISC:taxname (all present, all unique)
DISC_FEATURE_COUNT:CDS: 152 present
DISC_COUNT_NUCLEOTIDES:1 nucleotide Bioseqs are present
FEATURE_LOCATION_CONFLICT:152 features have inconsistent gene locations.
SUSPECT_PRODUCT_NAMES:3 product_names contain suspect phrase or characters
	May contain database identifier more appropriate in note; remove from product name
		1 features contains three or more numbers together that may be identifiers more appropriate in note
	use protein instead of gene as appropriate
		2 features contains 'gene'
DISC_QUALITY_SCORES:Quality scores are missing on all sequences.
ONCALLER_COMMENT_PRESENT:1 comment descriptors were found (all same)
SHORT_PROT_SEQUENCES:2 protein sequences are shorter than 50 aa.
MISSING_GENOMEASSEMBLY_COMMENTS:1 bioseqs are missing GenomeAssembly structured comments
MOLTYPE_NOT_MRNA:1 molecule types are not set as mRNA.
TECHNIQUE_NOT_TSA:1 technique are not set as TSA
MISSING_STRUCTURED_COMMENT:1 sequences do not include structured comments.
MISSING_PROJECT:153 sequences do not include project.
DISC_INCONSISTENT_MOLINFO_TECH:Molinfo Technique Report (some missing, all same)
DISC_GAPS:1 sequences contain gaps


Detailed Report

FATAL: DiscRep_ALL:MISSING_PROTEIN_ID::152 proteins have invalid IDs.
../../../CURRENT/PANGROWTH/SEQS/OQ511520.1_Thailand_Trang_2022_2022_PROKKA/OQ511520.1_Thailand_Trang_2022_2022:OQ511520.1_Thailand_Trang_2022_2022_1 (length 240)
../../../CURRENT/PANGROWTH/SEQS/OQ511520.1_Thailand_Trang_2022_2022_PROKKA/OQ511520.1_Thailand_Trang_2022_2022:OQ511520.1_Thailand_Trang_2022_2022_2 (length 170)
../../../CURRENT/PANGROWTH/SEQS/OQ511520.1_Thailand_Trang_2022_2022_PROKKA/OQ511520.1_Thailand_Trang_2022_2022:OQ511520.1_Thailand_Trang_2022_2022_3 (length 231)
../../../CURRENT/PANGROWTH/SEQS/OQ511520.1_Thailand_Trang_2022_2022_PROKKA/OQ511520.1_Thailand_Trang_2022_2022:OQ511520.1_Thailand_Trang_2022_2022_4 (length 355)
../../../CURRENT/PANGROWTH/SEQS/OQ511520.1_Thailand_Trang_2022_2022_PROKKA/OQ511520.1_Thailand_Trang_2022_2022:OQ511520.1_Thailand_Trang_2022_2022_5 (length 275)
../../../CURRENT/PANGROWTH/SEQS/OQ511520.1_Thailand_Trang_2022_2022_PROKKA/OQ511520.1_Thailand_Trang_2022_2022:OQ511520.1_Thailand_Trang_2022_2022_6 (length 230)
../../../CURRENT/PANGROWTH/SEQS/OQ511520.1_Thailand_Trang_2022_2022_PROKKA/OQ511520.1_Thailand_Trang_2022_2022:OQ511520.1_Thailand_Trang_2022_2022_7 (length 162)
../../../CURRENT/PANGROWTH/SEQS/OQ511520.1_Thailand_Trang_2022_2022_PROKKA/OQ511520.1_Thailand_Trang_2022_2022:OQ511520.1_Thailand_Trang_2022_2022_8 (length 381)
../../../CURRENT/PANGROWTH/SEQS/OQ511520.1_Thailand_Trang_2022_2022_PROKKA/OQ511520.1_Thailand_Trang_2022_2022:OQ511520.1_Thailand_Trang_2022_2022_9 (length 211)
../../../CURRENT/PANGROWTH/SEQS/OQ511520.1_Thailand_Trang_2022_2022_PROKKA/OQ511520.1_Thailand_Trang_2022_2022:OQ511520.1_Thailand_Trang_2022_2022_> (length 341)
../../../CURRENT/PANGROWTH/SEQS/OQ511520.1_Thailand_Trang_2022_2022_PROKKA/OQ511520.1_Thailand_Trang_2022_2022:OQ511520.1_Thailand_Trang_2022_2022_> (length 89)
../../../CURRENT/PANGROWTH/SEQS/OQ511520.1_Thailand_Trang_2022_2022_PROKKA/OQ511520.1_Thailand_Trang_2022_2022:OQ511520.1_Thailand_Trang_2022_2022_> (length 161)
../../../CURRENT/PANGROWTH/SEQS/OQ511520.1_Thailand_Trang_2022_2022_PROKKA/OQ511520.1_Thailand_Trang_2022_2022:OQ511520.1_Thailand_Trang_2022_2022_> (length 89)
../../../CURRENT/PANGROWTH/SEQS/OQ511520.1_Thailand_Trang_2022_2022_PROKKA/OQ511520.1_Thailand_Trang_2022_2022:OQ511520.1_Thailand_Trang_2022_2022_> (length 176)
../../../CURRENT/PANGROWTH/SEQS/OQ511520.1_Thailand_Trang_2022_2022_PROKKA/OQ511520.1_Thailand_Trang_2022_2022:OQ511520.1_Thailand_Trang_2022_2022_> (length 146)
../../../CURRENT/PANGROWTH/SEQS/OQ511520.1_Thailand_Trang_2022_2022_PROKKA/OQ511520.1_Thailand_Trang_2022_2022:OQ511520.1_Thailand_Trang_2022_2022_> (length 421)
../../../CURRENT/PANGROWTH/SEQS/OQ511520.1_Thailand_Trang_2022_2022_PROKKA/OQ511520.1_Thailand_Trang_2022_2022:OQ511520.1_Thailand_Trang_2022_2022_> (length 150)
../../../CURRENT/PANGROWTH/SEQS/OQ511520.1_Thailand_Trang_2022_2022_PROKKA/OQ511520.1_Thailand_Trang_2022_2022:OQ511520.1_Thailand_Trang_2022_2022_> (length 321)
../../../CURRENT/PANGROWTH/SEQS/OQ511520.1_Thailand_Trang_2022_2022_PROKKA/OQ511520.1_Thailand_Trang_2022_2022:OQ511520.1_Thailand_Trang_2022_2022_> (length 86)
../../../CURRENT/PANGROWTH/SEQS/OQ511520.1_Thailand_Trang_2022_2022_PROKKA/OQ511520.1_Thailand_Trang_2022_2022:OQ511520.1_Thailand_Trang_2022_2022_> (length 112)
../../../CURRENT/PANGROWTH/SEQS/OQ511520.1_Thailand_Trang_2022_2022_PROKKA/OQ511520.1_Thailand_Trang_2022_2022:OQ511520.1_Thailand_Trang_2022_2022_> (length 72)
../../../CURRENT/PANGROWTH/SEQS/OQ511520.1_Thailand_Trang_2022_2022_PROKKA/OQ511520.1_Thailand_Trang_2022_2022:OQ511520.1_Thailand_Trang_2022_2022_> (length 216)
../../../CURRENT/PANGROWTH/SEQS/OQ511520.1_Thailand_Trang_2022_2022_PROKKA/OQ511520.1_Thailand_Trang_2022_2022:OQ511520.1_Thailand_Trang_2022_2022_> (length 447)
../../../CURRENT/PANGROWTH/SEQS/OQ511520.1_Thailand_Trang_2022_2022_PROKKA/OQ511520.1_Thailand_Trang_2022_2022:OQ511520.1_Thailand_Trang_2022_2022_> (length 302)
../../../CURRENT/PANGROWTH/SEQS/OQ511520.1_Thailand_Trang_2022_2022_PROKKA/OQ511520.1_Thailand_Trang_2022_2022:OQ511520.1_Thailand_Trang_2022_2022_> (length 638)
../../../CURRENT/PANGROWTH/SEQS/OQ511520.1_Thailand_Trang_2022_2022_PROKKA/OQ511520.1_Thailand_Trang_2022_2022:OQ511520.1_Thailand_Trang_2022_2022_> (length 370)
../../../CURRENT/PANGROWTH/SEQS/OQ511520.1_Thailand_Trang_2022_2022_PROKKA/OQ511520.1_Thailand_Trang_2022_2022:OQ511520.1_Thailand_Trang_2022_2022_> (length 48)
../../../CURRENT/PANGROWTH/SEQS/OQ511520.1_Thailand_Trang_2022_2022_PROKKA/OQ511520.1_Thailand_Trang_2022_2022:OQ511520.1_Thailand_Trang_2022_2022_> (length 145)
../../../CURRENT/PANGROWTH/SEQS/OQ511520.1_Thailand_Trang_2022_2022_PROKKA/OQ511520.1_Thailand_Trang_2022_2022:OQ511520.1_Thailand_Trang_2022_2022_> (length 219)
../../../CURRENT/PANGROWTH/SEQS/OQ511520.1_Thailand_Trang_2022_2022_PROKKA/OQ511520.1_Thailand_Trang_2022_2022:OQ511520.1_Thailand_Trang_2022_2022_> (length 104)
../../../CURRENT/PANGROWTH/SEQS/OQ511520.1_Thailand_Trang_2022_2022_PROKKA/OQ511520.1_Thailand_Trang_2022_2022:OQ511520.1_Thailand_Trang_2022_2022_> (length 474)
../../../CURRENT/PANGROWTH/SEQS/OQ511520.1_Thailand_Trang_2022_2022_PROKKA/OQ511520.1_Thailand_Trang_2022_2022:OQ511520.1_Thailand_Trang_2022_2022_> (length 735)
../../../CURRENT/PANGROWTH/SEQS/OQ511520.1_Thailand_Trang_2022_2022_PROKKA/OQ511520.1_Thailand_Trang_2022_2022:OQ511520.1_Thailand_Trang_2022_2022_> (length 192)
../../../CURRENT/PANGROWTH/SEQS/OQ511520.1_Thailand_Trang_2022_2022_PROKKA/OQ511520.1_Thailand_Trang_2022_2022:OQ511520.1_Thailand_Trang_2022_2022_> (length 201)
../../../CURRENT/PANGROWTH/SEQS/OQ511520.1_Thailand_Trang_2022_2022_PROKKA/OQ511520.1_Thailand_Trang_2022_2022:OQ511520.1_Thailand_Trang_2022_2022_> (length 374)
../../../CURRENT/PANGROWTH/SEQS/OQ511520.1_Thailand_Trang_2022_2022_PROKKA/OQ511520.1_Thailand_Trang_2022_2022:OQ511520.1_Thailand_Trang_2022_2022_> (length 566)
../../../CURRENT/PANGROWTH/SEQS/OQ511520.1_Thailand_Trang_2022_2022_PROKKA/OQ511520.1_Thailand_Trang_2022_2022:OQ511520.1_Thailand_Trang_2022_2022_> (length 266)
../../../CURRENT/PANGROWTH/SEQS/OQ511520.1_Thailand_Trang_2022_2022_PROKKA/OQ511520.1_Thailand_Trang_2022_2022:OQ511520.1_Thailand_Trang_2022_2022_> (length 1010)
../../../CURRENT/PANGROWTH/SEQS/OQ511520.1_Thailand_Trang_2022_2022_PROKKA/OQ511520.1_Thailand_Trang_2022_2022:OQ511520.1_Thailand_Trang_2022_2022_> (length 95)
../../../CURRENT/PANGROWTH/SEQS/OQ511520.1_Thailand_Trang_2022_2022_PROKKA/OQ511520.1_Thailand_Trang_2022_2022:OQ511520.1_Thailand_Trang_2022_2022_> (length 130)
../../../CURRENT/PANGROWTH/SEQS/OQ511520.1_Thailand_Trang_2022_2022_PROKKA/OQ511520.1_Thailand_Trang_2022_2022:OQ511520.1_Thailand_Trang_2022_2022_> (length 684)
../../../CURRENT/PANGROWTH/SEQS/OQ511520.1_Thailand_Trang_2022_2022_PROKKA/OQ511520.1_Thailand_Trang_2022_2022:OQ511520.1_Thailand_Trang_2022_2022_> (length 314)
../../../CURRENT/PANGROWTH/SEQS/OQ511520.1_Thailand_Trang_2022_2022_PROKKA/OQ511520.1_Thailand_Trang_2022_2022:OQ511520.1_Thailand_Trang_2022_2022_> (length 72)
../../../CURRENT/PANGROWTH/SEQS/OQ511520.1_Thailand_Trang_2022_2022_PROKKA/OQ511520.1_Thailand_Trang_2022_2022:OQ511520.1_Thailand_Trang_2022_2022_> (length 276)
../../../CURRENT/PANGROWTH/SEQS/OQ511520.1_Thailand_Trang_2022_2022_PROKKA/OQ511520.1_Thailand_Trang_2022_2022:OQ511520.1_Thailand_Trang_2022_2022_> (length 78)
../../../CURRENT/PANGROWTH/SEQS/OQ511520.1_Thailand_Trang_2022_2022_PROKKA/OQ511520.1_Thailand_Trang_2022_2022:OQ511520.1_Thailand_Trang_2022_2022_> (length 394)
../../../CURRENT/PANGROWTH/SEQS/OQ511520.1_Thailand_Trang_2022_2022_PROKKA/OQ511520.1_Thailand_Trang_2022_2022:OQ511520.1_Thailand_Trang_2022_2022_> (length 433)
../../../CURRENT/PANGROWTH/SEQS/OQ511520.1_Thailand_Trang_2022_2022_PROKKA/OQ511520.1_Thailand_Trang_2022_2022:OQ511520.1_Thailand_Trang_2022_2022_> (length 676)
../../../CURRENT/PANGROWTH/SEQS/OQ511520.1_Thailand_Trang_2022_2022_PROKKA/OQ511520.1_Thailand_Trang_2022_2022:OQ511520.1_Thailand_Trang_2022_2022_> (length 596)
../../../CURRENT/PANGROWTH/SEQS/OQ511520.1_Thailand_Trang_2022_2022_PROKKA/OQ511520.1_Thailand_Trang_2022_2022:OQ511520.1_Thailand_Trang_2022_2022_> (length 81)
../../../CURRENT/PANGROWTH/SEQS/OQ511520.1_Thailand_Trang_2022_2022_PROKKA/OQ511520.1_Thailand_Trang_2022_2022:OQ511520.1_Thailand_Trang_2022_2022_> (length 222)
../../../CURRENT/PANGROWTH/SEQS/OQ511520.1_Thailand_Trang_2022_2022_PROKKA/OQ511520.1_Thailand_Trang_2022_2022:OQ511520.1_Thailand_Trang_2022_2022_> (length 126)
../../../CURRENT/PANGROWTH/SEQS/OQ511520.1_Thailand_Trang_2022_2022_PROKKA/OQ511520.1_Thailand_Trang_2022_2022:OQ511520.1_Thailand_Trang_2022_2022_> (length 437)
../../../CURRENT/PANGROWTH/SEQS/OQ511520.1_Thailand_Trang_2022_2022_PROKKA/OQ511520.1_Thailand_Trang_2022_2022:OQ511520.1_Thailand_Trang_2022_2022_> (length 63)
../../../CURRENT/PANGROWTH/SEQS/OQ511520.1_Thailand_Trang_2022_2022_PROKKA/OQ511520.1_Thailand_Trang_2022_2022:OQ511520.1_Thailand_Trang_2022_2022_> (length 174)
../../../CURRENT/PANGROWTH/SEQS/OQ511520.1_Thailand_Trang_2022_2022_PROKKA/OQ511520.1_Thailand_Trang_2022_2022:OQ511520.1_Thailand_Trang_2022_2022_> (length 373)
../../../CURRENT/PANGROWTH/SEQS/OQ511520.1_Thailand_Trang_2022_2022_PROKKA/OQ511520.1_Thailand_Trang_2022_2022:OQ511520.1_Thailand_Trang_2022_2022_> (length 260)
../../../CURRENT/PANGROWTH/SEQS/OQ511520.1_Thailand_Trang_2022_2022_PROKKA/OQ511520.1_Thailand_Trang_2022_2022:OQ511520.1_Thailand_Trang_2022_2022_> (length 336)
../../../CURRENT/PANGROWTH/SEQS/OQ511520.1_Thailand_Trang_2022_2022_PROKKA/OQ511520.1_Thailand_Trang_2022_2022:OQ511520.1_Thailand_Trang_2022_2022_> (length 245)
../../../CURRENT/PANGROWTH/SEQS/OQ511520.1_Thailand_Trang_2022_2022_PROKKA/OQ511520.1_Thailand_Trang_2022_2022:OQ511520.1_Thailand_Trang_2022_2022_> (length 92)
../../../CURRENT/PANGROWTH/SEQS/OQ511520.1_Thailand_Trang_2022_2022_PROKKA/OQ511520.1_Thailand_Trang_2022_2022:OQ511520.1_Thailand_Trang_2022_2022_> (length 318)
../../../CURRENT/PANGROWTH/SEQS/OQ511520.1_Thailand_Trang_2022_2022_PROKKA/OQ511520.1_Thailand_Trang_2022_2022:OQ511520.1_Thailand_Trang_2022_2022_> (length 253)
../../../CURRENT/PANGROWTH/SEQS/OQ511520.1_Thailand_Trang_2022_2022_PROKKA/OQ511520.1_Thailand_Trang_2022_2022:OQ511520.1_Thailand_Trang_2022_2022_> (length 131)
../../../CURRENT/PANGROWTH/SEQS/OQ511520.1_Thailand_Trang_2022_2022_PROKKA/OQ511520.1_Thailand_Trang_2022_2022:OQ511520.1_Thailand_Trang_2022_2022_> (length 148)
../../../CURRENT/PANGROWTH/SEQS/OQ511520.1_Thailand_Trang_2022_2022_PROKKA/OQ511520.1_Thailand_Trang_2022_2022:OQ511520.1_Thailand_Trang_2022_2022_> (length 177)
../../../CURRENT/PANGROWTH/SEQS/OQ511520.1_Thailand_Trang_2022_2022_PROKKA/OQ511520.1_Thailand_Trang_2022_2022:OQ511520.1_Thailand_Trang_2022_2022_> (length 197)
../../../CURRENT/PANGROWTH/SEQS/OQ511520.1_Thailand_Trang_2022_2022_PROKKA/OQ511520.1_Thailand_Trang_2022_2022:OQ511520.1_Thailand_Trang_2022_2022_> (length 333)
../../../CURRENT/PANGROWTH/SEQS/OQ511520.1_Thailand_Trang_2022_2022_PROKKA/OQ511520.1_Thailand_Trang_2022_2022:OQ511520.1_Thailand_Trang_2022_2022_> (length 133)
../../../CURRENT/PANGROWTH/SEQS/OQ511520.1_Thailand_Trang_2022_2022_PROKKA/OQ511520.1_Thailand_Trang_2022_2022:OQ511520.1_Thailand_Trang_2022_2022_> (length 1285)
../../../CURRENT/PANGROWTH/SEQS/OQ511520.1_Thailand_Trang_2022_2022_PROKKA/OQ511520.1_Thailand_Trang_2022_2022:OQ511520.1_Thailand_Trang_2022_2022_> (length 171)
../../../CURRENT/PANGROWTH/SEQS/OQ511520.1_Thailand_Trang_2022_2022_PROKKA/OQ511520.1_Thailand_Trang_2022_2022:OQ511520.1_Thailand_Trang_2022_2022_> (length 190)
../../../CURRENT/PANGROWTH/SEQS/OQ511520.1_Thailand_Trang_2022_2022_PROKKA/OQ511520.1_Thailand_Trang_2022_2022:OQ511520.1_Thailand_Trang_2022_2022_> (length 322)
../../../CURRENT/PANGROWTH/SEQS/OQ511520.1_Thailand_Trang_2022_2022_PROKKA/OQ511520.1_Thailand_Trang_2022_2022:OQ511520.1_Thailand_Trang_2022_2022_> (length 798)
../../../CURRENT/PANGROWTH/SEQS/OQ511520.1_Thailand_Trang_2022_2022_PROKKA/OQ511520.1_Thailand_Trang_2022_2022:OQ511520.1_Thailand_Trang_2022_2022_> (length 223)
../../../CURRENT/PANGROWTH/SEQS/OQ511520.1_Thailand_Trang_2022_2022_PROKKA/OQ511520.1_Thailand_Trang_2022_2022:OQ511520.1_Thailand_Trang_2022_2022_> (length 317)
../../../CURRENT/PANGROWTH/SEQS/OQ511520.1_Thailand_Trang_2022_2022_PROKKA/OQ511520.1_Thailand_Trang_2022_2022:OQ511520.1_Thailand_Trang_2022_2022_> (length 147)
../../../CURRENT/PANGROWTH/SEQS/OQ511520.1_Thailand_Trang_2022_2022_PROKKA/OQ511520.1_Thailand_Trang_2022_2022:OQ511520.1_Thailand_Trang_2022_2022_> (length 842)
../../../CURRENT/PANGROWTH/SEQS/OQ511520.1_Thailand_Trang_2022_2022_PROKKA/OQ511520.1_Thailand_Trang_2022_2022:OQ511520.1_Thailand_Trang_2022_2022_> (length 155)
../../../CURRENT/PANGROWTH/SEQS/OQ511520.1_Thailand_Trang_2022_2022_PROKKA/OQ511520.1_Thailand_Trang_2022_2022:OQ511520.1_Thailand_Trang_2022_2022_> (length 245)
../../../CURRENT/PANGROWTH/SEQS/OQ511520.1_Thailand_Trang_2022_2022_PROKKA/OQ511520.1_Thailand_Trang_2022_2022:OQ511520.1_Thailand_Trang_2022_2022_> (length 218)
../../../CURRENT/PANGROWTH/SEQS/OQ511520.1_Thailand_Trang_2022_2022_PROKKA/OQ511520.1_Thailand_Trang_2022_2022:OQ511520.1_Thailand_Trang_2022_2022_> (length 786)
../../../CURRENT/PANGROWTH/SEQS/OQ511520.1_Thailand_Trang_2022_2022_PROKKA/OQ511520.1_Thailand_Trang_2022_2022:OQ511520.1_Thailand_Trang_2022_2022_> (length 635)
../../../CURRENT/PANGROWTH/SEQS/OQ511520.1_Thailand_Trang_2022_2022_PROKKA/OQ511520.1_Thailand_Trang_2022_2022:OQ511520.1_Thailand_Trang_2022_2022_> (length 163)
../../../CURRENT/PANGROWTH/SEQS/OQ511520.1_Thailand_Trang_2022_2022_PROKKA/OQ511520.1_Thailand_Trang_2022_2022:OQ511520.1_Thailand_Trang_2022_2022_> (length 213)
../../../CURRENT/PANGROWTH/SEQS/OQ511520.1_Thailand_Trang_2022_2022_PROKKA/OQ511520.1_Thailand_Trang_2022_2022:OQ511520.1_Thailand_Trang_2022_2022_> (length 253)
../../../CURRENT/PANGROWTH/SEQS/OQ511520.1_Thailand_Trang_2022_2022_PROKKA/OQ511520.1_Thailand_Trang_2022_2022:OQ511520.1_Thailand_Trang_2022_2022_> (length 635)
../../../CURRENT/PANGROWTH/SEQS/OQ511520.1_Thailand_Trang_2022_2022_PROKKA/OQ511520.1_Thailand_Trang_2022_2022:OQ511520.1_Thailand_Trang_2022_2022_> (length 287)
../../../CURRENT/PANGROWTH/SEQS/OQ511520.1_Thailand_Trang_2022_2022_PROKKA/OQ511520.1_Thailand_Trang_2022_2022:OQ511520.1_Thailand_Trang_2022_2022_> (length 549)
../../../CURRENT/PANGROWTH/SEQS/OQ511520.1_Thailand_Trang_2022_2022_PROKKA/OQ511520.1_Thailand_Trang_2022_2022:OQ511520.1_Thailand_Trang_2022_2022_> (length 150)
../../../CURRENT/PANGROWTH/SEQS/OQ511520.1_Thailand_Trang_2022_2022_PROKKA/OQ511520.1_Thailand_Trang_2022_2022:OQ511520.1_Thailand_Trang_2022_2022_> (length 227)
../../../CURRENT/PANGROWTH/SEQS/OQ511520.1_Thailand_Trang_2022_2022_PROKKA/OQ511520.1_Thailand_Trang_2022_2022:OQ511520.1_Thailand_Trang_2022_2022_> (length 75)
../../../CURRENT/PANGROWTH/SEQS/OQ511520.1_Thailand_Trang_2022_2022_PROKKA/OQ511520.1_Thailand_Trang_2022_2022:OQ511520.1_Thailand_Trang_2022_2022_> (length 661)
../../../CURRENT/PANGROWTH/SEQS/OQ511520.1_Thailand_Trang_2022_2022_PROKKA/OQ511520.1_Thailand_Trang_2022_2022:OQ511520.1_Thailand_Trang_2022_2022_> (length 161)
../../../CURRENT/PANGROWTH/SEQS/OQ511520.1_Thailand_Trang_2022_2022_PROKKA/OQ511520.1_Thailand_Trang_2022_2022:OQ511520.1_Thailand_Trang_2022_2022_> (length 170)
../../../CURRENT/PANGROWTH/SEQS/OQ511520.1_Thailand_Trang_2022_2022_PROKKA/OQ511520.1_Thailand_Trang_2022_2022:OQ511520.1_Thailand_Trang_2022_2022_> (length 375)
../../../CURRENT/PANGROWTH/SEQS/OQ511520.1_Thailand_Trang_2022_2022_PROKKA/OQ511520.1_Thailand_Trang_2022_2022:OQ511520.1_Thailand_Trang_2022_2022_> (length 714)
../../../CURRENT/PANGROWTH/SEQS/OQ511520.1_Thailand_Trang_2022_2022_PROKKA/OQ511520.1_Thailand_Trang_2022_2022:OQ511520.1_Thailand_Trang_2022_2022_> (length 290)
../../../CURRENT/PANGROWTH/SEQS/OQ511520.1_Thailand_Trang_2022_2022_PROKKA/OQ511520.1_Thailand_Trang_2022_2022:OQ511520.1_Thailand_Trang_2022_2022_> (length 78)
../../../CURRENT/PANGROWTH/SEQS/OQ511520.1_Thailand_Trang_2022_2022_PROKKA/OQ511520.1_Thailand_Trang_2022_2022:OQ511520.1_Thailand_Trang_2022_2022_> (length 904)
../../../CURRENT/PANGROWTH/SEQS/OQ511520.1_Thailand_Trang_2022_2022_PROKKA/OQ511520.1_Thailand_Trang_2022_2022:OQ511520.1_Thailand_Trang_2022_2022_> (length 317)
../../../CURRENT/PANGROWTH/SEQS/OQ511520.1_Thailand_Trang_2022_2022_PROKKA/OQ511520.1_Thailand_Trang_2022_2022:OQ511520.1_Thailand_Trang_2022_2022_> (length 190)
../../../CURRENT/PANGROWTH/SEQS/OQ511520.1_Thailand_Trang_2022_2022_PROKKA/OQ511520.1_Thailand_Trang_2022_2022:OQ511520.1_Thailand_Trang_2022_2022_> (length 67)
../../../CURRENT/PANGROWTH/SEQS/OQ511520.1_Thailand_Trang_2022_2022_PROKKA/OQ511520.1_Thailand_Trang_2022_2022:OQ511520.1_Thailand_Trang_2022_2022_> (length 95)
../../../CURRENT/PANGROWTH/SEQS/OQ511520.1_Thailand_Trang_2022_2022_PROKKA/OQ511520.1_Thailand_Trang_2022_2022:OQ511520.1_Thailand_Trang_2022_2022_> (length 95)
../../../CURRENT/PANGROWTH/SEQS/OQ511520.1_Thailand_Trang_2022_2022_PROKKA/OQ511520.1_Thailand_Trang_2022_2022:OQ511520.1_Thailand_Trang_2022_2022_> (length 377)
../../../CURRENT/PANGROWTH/SEQS/OQ511520.1_Thailand_Trang_2022_2022_PROKKA/OQ511520.1_Thailand_Trang_2022_2022:OQ511520.1_Thailand_Trang_2022_2022_> (length 196)
../../../CURRENT/PANGROWTH/SEQS/OQ511520.1_Thailand_Trang_2022_2022_PROKKA/OQ511520.1_Thailand_Trang_2022_2022:OQ511520.1_Thailand_Trang_2022_2022_> (length 480)
../../../CURRENT/PANGROWTH/SEQS/OQ511520.1_Thailand_Trang_2022_2022_PROKKA/OQ511520.1_Thailand_Trang_2022_2022:OQ511520.1_Thailand_Trang_2022_2022_> (length 74)
../../../CURRENT/PANGROWTH/SEQS/OQ511520.1_Thailand_Trang_2022_2022_PROKKA/OQ511520.1_Thailand_Trang_2022_2022:OQ511520.1_Thailand_Trang_2022_2022_> (length 52)
../../../CURRENT/PANGROWTH/SEQS/OQ511520.1_Thailand_Trang_2022_2022_PROKKA/OQ511520.1_Thailand_Trang_2022_2022:OQ511520.1_Thailand_Trang_2022_2022_> (length 430)
../../../CURRENT/PANGROWTH/SEQS/OQ511520.1_Thailand_Trang_2022_2022_PROKKA/OQ511520.1_Thailand_Trang_2022_2022:OQ511520.1_Thailand_Trang_2022_2022_> (length 179)
../../../CURRENT/PANGROWTH/SEQS/OQ511520.1_Thailand_Trang_2022_2022_PROKKA/OQ511520.1_Thailand_Trang_2022_2022:OQ511520.1_Thailand_Trang_2022_2022_> (length 385)
../../../CURRENT/PANGROWTH/SEQS/OQ511520.1_Thailand_Trang_2022_2022_PROKKA/OQ511520.1_Thailand_Trang_2022_2022:OQ511520.1_Thailand_Trang_2022_2022_> (length 1156)
../../../CURRENT/PANGROWTH/SEQS/OQ511520.1_Thailand_Trang_2022_2022_PROKKA/OQ511520.1_Thailand_Trang_2022_2022:OQ511520.1_Thailand_Trang_2022_2022_> (length 148)
../../../CURRENT/PANGROWTH/SEQS/OQ511520.1_Thailand_Trang_2022_2022_PROKKA/OQ511520.1_Thailand_Trang_2022_2022:OQ511520.1_Thailand_Trang_2022_2022_> (length 140)
../../../CURRENT/PANGROWTH/SEQS/OQ511520.1_Thailand_Trang_2022_2022_PROKKA/OQ511520.1_Thailand_Trang_2022_2022:OQ511520.1_Thailand_Trang_2022_2022_> (length 303)
../../../CURRENT/PANGROWTH/SEQS/OQ511520.1_Thailand_Trang_2022_2022_PROKKA/OQ511520.1_Thailand_Trang_2022_2022:OQ511520.1_Thailand_Trang_2022_2022_> (length 74)
../../../CURRENT/PANGROWTH/SEQS/OQ511520.1_Thailand_Trang_2022_2022_PROKKA/OQ511520.1_Thailand_Trang_2022_2022:OQ511520.1_Thailand_Trang_2022_2022_> (length 41)
../../../CURRENT/PANGROWTH/SEQS/OQ511520.1_Thailand_Trang_2022_2022_PROKKA/OQ511520.1_Thailand_Trang_2022_2022:OQ511520.1_Thailand_Trang_2022_2022_> (length 254)
../../../CURRENT/PANGROWTH/SEQS/OQ511520.1_Thailand_Trang_2022_2022_PROKKA/OQ511520.1_Thailand_Trang_2022_2022:OQ511520.1_Thailand_Trang_2022_2022_> (length 196)
../../../CURRENT/PANGROWTH/SEQS/OQ511520.1_Thailand_Trang_2022_2022_PROKKA/OQ511520.1_Thailand_Trang_2022_2022:OQ511520.1_Thailand_Trang_2022_2022_> (length 171)
../../../CURRENT/PANGROWTH/SEQS/OQ511520.1_Thailand_Trang_2022_2022_PROKKA/OQ511520.1_Thailand_Trang_2022_2022:OQ511520.1_Thailand_Trang_2022_2022_> (length 191)
../../../CURRENT/PANGROWTH/SEQS/OQ511520.1_Thailand_Trang_2022_2022_PROKKA/OQ511520.1_Thailand_Trang_2022_2022:OQ511520.1_Thailand_Trang_2022_2022_> (length 288)
../../../CURRENT/PANGROWTH/SEQS/OQ511520.1_Thailand_Trang_2022_2022_PROKKA/OQ511520.1_Thailand_Trang_2022_2022:OQ511520.1_Thailand_Trang_2022_2022_> (length 172)
../../../CURRENT/PANGROWTH/SEQS/OQ511520.1_Thailand_Trang_2022_2022_PROKKA/OQ511520.1_Thailand_Trang_2022_2022:OQ511520.1_Thailand_Trang_2022_2022_> (length 273)
../../../CURRENT/PANGROWTH/SEQS/OQ511520.1_Thailand_Trang_2022_2022_PROKKA/OQ511520.1_Thailand_Trang_2022_2022:OQ511520.1_Thailand_Trang_2022_2022_> (length 300)
../../../CURRENT/PANGROWTH/SEQS/OQ511520.1_Thailand_Trang_2022_2022_PROKKA/OQ511520.1_Thailand_Trang_2022_2022:OQ511520.1_Thailand_Trang_2022_2022_> (length 123)
../../../CURRENT/PANGROWTH/SEQS/OQ511520.1_Thailand_Trang_2022_2022_PROKKA/OQ511520.1_Thailand_Trang_2022_2022:OQ511520.1_Thailand_Trang_2022_2022_> (length 81)
../../../CURRENT/PANGROWTH/SEQS/OQ511520.1_Thailand_Trang_2022_2022_PROKKA/OQ511520.1_Thailand_Trang_2022_2022:OQ511520.1_Thailand_Trang_2022_2022_> (length 161)
../../../CURRENT/PANGROWTH/SEQS/OQ511520.1_Thailand_Trang_2022_2022_PROKKA/OQ511520.1_Thailand_Trang_2022_2022:OQ511520.1_Thailand_Trang_2022_2022_> (length 149)
../../../CURRENT/PANGROWTH/SEQS/OQ511520.1_Thailand_Trang_2022_2022_PROKKA/OQ511520.1_Thailand_Trang_2022_2022:OQ511520.1_Thailand_Trang_2022_2022_> (length 557)
../../../CURRENT/PANGROWTH/SEQS/OQ511520.1_Thailand_Trang_2022_2022_PROKKA/OQ511520.1_Thailand_Trang_2022_2022:OQ511520.1_Thailand_Trang_2022_2022_> (length 1984)
../../../CURRENT/PANGROWTH/SEQS/OQ511520.1_Thailand_Trang_2022_2022_PROKKA/OQ511520.1_Thailand_Trang_2022_2022:OQ511520.1_Thailand_Trang_2022_2022_> (length 360)
../../../CURRENT/PANGROWTH/SEQS/OQ511520.1_Thailand_Trang_2022_2022_PROKKA/OQ511520.1_Thailand_Trang_2022_2022:OQ511520.1_Thailand_Trang_2022_2022_> (length 153)
../../../CURRENT/PANGROWTH/SEQS/OQ511520.1_Thailand_Trang_2022_2022_PROKKA/OQ511520.1_Thailand_Trang_2022_2022:OQ511520.1_Thailand_Trang_2022_2022_> (length 335)
../../../CURRENT/PANGROWTH/SEQS/OQ511520.1_Thailand_Trang_2022_2022_PROKKA/OQ511520.1_Thailand_Trang_2022_2022:OQ511520.1_Thailand_Trang_2022_2022_> (length 186)
../../../CURRENT/PANGROWTH/SEQS/OQ511520.1_Thailand_Trang_2022_2022_PROKKA/OQ511520.1_Thailand_Trang_2022_2022:OQ511520.1_Thailand_Trang_2022_2022_> (length 305)
../../../CURRENT/PANGROWTH/SEQS/OQ511520.1_Thailand_Trang_2022_2022_PROKKA/OQ511520.1_Thailand_Trang_2022_2022:OQ511520.1_Thailand_Trang_2022_2022_> (length 240)
../../../CURRENT/PANGROWTH/SEQS/OQ511520.1_Thailand_Trang_2022_2022_PROKKA/OQ511520.1_Thailand_Trang_2022_2022:OQ511520.1_Thailand_Trang_2022_2022_> (length 225)
../../../CURRENT/PANGROWTH/SEQS/OQ511520.1_Thailand_Trang_2022_2022_PROKKA/OQ511520.1_Thailand_Trang_2022_2022:OQ511520.1_Thailand_Trang_2022_2022_> (length 132)
../../../CURRENT/PANGROWTH/SEQS/OQ511520.1_Thailand_Trang_2022_2022_PROKKA/OQ511520.1_Thailand_Trang_2022_2022:OQ511520.1_Thailand_Trang_2022_2022_> (length 302)
../../../CURRENT/PANGROWTH/SEQS/OQ511520.1_Thailand_Trang_2022_2022_PROKKA/OQ511520.1_Thailand_Trang_2022_2022:OQ511520.1_Thailand_Trang_2022_2022_> (length 550)
../../../CURRENT/PANGROWTH/SEQS/OQ511520.1_Thailand_Trang_2022_2022_PROKKA/OQ511520.1_Thailand_Trang_2022_2022:OQ511520.1_Thailand_Trang_2022_2022_> (length 634)
../../../CURRENT/PANGROWTH/SEQS/OQ511520.1_Thailand_Trang_2022_2022_PROKKA/OQ511520.1_Thailand_Trang_2022_2022:OQ511520.1_Thailand_Trang_2022_2022_> (length 412)
../../../CURRENT/PANGROWTH/SEQS/OQ511520.1_Thailand_Trang_2022_2022_PROKKA/OQ511520.1_Thailand_Trang_2022_2022:OQ511520.1_Thailand_Trang_2022_2022_> (length 498)
../../../CURRENT/PANGROWTH/SEQS/OQ511520.1_Thailand_Trang_2022_2022_PROKKA/OQ511520.1_Thailand_Trang_2022_2022:OQ511520.1_Thailand_Trang_2022_2022_> (length 447)
../../../CURRENT/PANGROWTH/SEQS/OQ511520.1_Thailand_Trang_2022_2022_PROKKA/OQ511520.1_Thailand_Trang_2022_2022:OQ511520.1_Thailand_Trang_2022_2022_> (length 337)
../../../CURRENT/PANGROWTH/SEQS/OQ511520.1_Thailand_Trang_2022_2022_PROKKA/OQ511520.1_Thailand_Trang_2022_2022:OQ511520.1_Thailand_Trang_2022_2022_> (length 161)
../../../CURRENT/PANGROWTH/SEQS/OQ511520.1_Thailand_Trang_2022_2022_PROKKA/OQ511520.1_Thailand_Trang_2022_2022:OQ511520.1_Thailand_Trang_2022_2022_> (length 549)
../../../CURRENT/PANGROWTH/SEQS/OQ511520.1_Thailand_Trang_2022_2022_PROKKA/OQ511520.1_Thailand_Trang_2022_2022:OQ511520.1_Thailand_Trang_2022_2022_> (length 489)
../../../CURRENT/PANGROWTH/SEQS/OQ511520.1_Thailand_Trang_2022_2022_PROKKA/OQ511520.1_Thailand_Trang_2022_2022:OQ511520.1_Thailand_Trang_2022_2022_> (length 91)
../../../CURRENT/PANGROWTH/SEQS/OQ511520.1_Thailand_Trang_2022_2022_PROKKA/OQ511520.1_Thailand_Trang_2022_2022:OQ511520.1_Thailand_Trang_2022_2022_> (length 240)

DiscRep_ALL:DISC_SOURCE_QUALS_ASNDISC::strain (all present, all unique)
DiscRep_SUB:DISC_SOURCE_QUALS_ASNDISC::1 sources have unique values for strain
DiscRep_ALL:DISC_SOURCE_QUALS_ASNDISC::taxname (all present, all unique)
DiscRep_SUB:DISC_SOURCE_QUALS_ASNDISC::1 sources have unique values for taxname
DiscRep_ALL:DISC_FEATURE_COUNT::CDS: 152 present
DiscRep_ALL:DISC_COUNT_NUCLEOTIDES::1 nucleotide Bioseqs are present
../../../CURRENT/PANGROWTH/SEQS/OQ511520.1_Thailand_Trang_2022_2022_PROKKA/OQ511520.1_Thailand_Trang_2022_2022:OQ511520.1_Thailand_Trang_2022_2022 (length 150812, 2001 gap)

DiscRep_ALL:FEATURE_LOCATION_CONFLICT::152 features have inconsistent gene locations.
DiscRep_SUB:FEATURE_LOCATION_CONFLICT::Coding region xref gene does not exist
../../../CURRENT/PANGROWTH/SEQS/OQ511520.1_Thailand_Trang_2022_2022_PROKKA/OQ511520.1_Thailand_Trang_2022_2022:CDS	hypothetical protein	OQ511520.1_Thailand_Trang_2022_2022:c2263-1541	JCHOPBNJ_00001

DiscRep_SUB:FEATURE_LOCATION_CONFLICT::Coding region xref gene does not exist
../../../CURRENT/PANGROWTH/SEQS/OQ511520.1_Thailand_Trang_2022_2022_PROKKA/OQ511520.1_Thailand_Trang_2022_2022:CDS	Viral interleukin-10	OQ511520.1_Thailand_Trang_2022_2022:2558-3070	JCHOPBNJ_00002

DiscRep_SUB:FEATURE_LOCATION_CONFLICT::Coding region xref gene does not exist
../../../CURRENT/PANGROWTH/SEQS/OQ511520.1_Thailand_Trang_2022_2022_PROKKA/OQ511520.1_Thailand_Trang_2022_2022:CDS	hypothetical protein	OQ511520.1_Thailand_Trang_2022_2022:c3776-3081	JCHOPBNJ_00003

DiscRep_SUB:FEATURE_LOCATION_CONFLICT::Coding region xref gene does not exist
../../../CURRENT/PANGROWTH/SEQS/OQ511520.1_Thailand_Trang_2022_2022_PROKKA/OQ511520.1_Thailand_Trang_2022_2022:CDS	hypothetical protein	OQ511520.1_Thailand_Trang_2022_2022:c4865-3798	JCHOPBNJ_00004

DiscRep_SUB:FEATURE_LOCATION_CONFLICT::Coding region xref gene does not exist
../../../CURRENT/PANGROWTH/SEQS/OQ511520.1_Thailand_Trang_2022_2022_PROKKA/OQ511520.1_Thailand_Trang_2022_2022:CDS	Soluble interferon gamma receptor B8	OQ511520.1_Thailand_Trang_2022_2022:c5776-4949	JCHOPBNJ_00005

DiscRep_SUB:FEATURE_LOCATION_CONFLICT::Coding region xref gene does not exist
../../../CURRENT/PANGROWTH/SEQS/OQ511520.1_Thailand_Trang_2022_2022_PROKKA/OQ511520.1_Thailand_Trang_2022_2022:CDS	hypothetical protein	OQ511520.1_Thailand_Trang_2022_2022:c6503-5811	JCHOPBNJ_00006

DiscRep_SUB:FEATURE_LOCATION_CONFLICT::Coding region xref gene does not exist
../../../CURRENT/PANGROWTH/SEQS/OQ511520.1_Thailand_Trang_2022_2022_PROKKA/OQ511520.1_Thailand_Trang_2022_2022:CDS	hypothetical protein	OQ511520.1_Thailand_Trang_2022_2022:c7042-6554	JCHOPBNJ_00007

DiscRep_SUB:FEATURE_LOCATION_CONFLICT::Coding region xref gene does not exist
../../../CURRENT/PANGROWTH/SEQS/OQ511520.1_Thailand_Trang_2022_2022_PROKKA/OQ511520.1_Thailand_Trang_2022_2022:CDS	hypothetical protein	OQ511520.1_Thailand_Trang_2022_2022:c8231-7086	JCHOPBNJ_00008

DiscRep_SUB:FEATURE_LOCATION_CONFLICT::Coding region xref gene does not exist
../../../CURRENT/PANGROWTH/SEQS/OQ511520.1_Thailand_Trang_2022_2022_PROKKA/OQ511520.1_Thailand_Trang_2022_2022:CDS	hypothetical protein	OQ511520.1_Thailand_Trang_2022_2022:c8973-8338	JCHOPBNJ_00009

DiscRep_SUB:FEATURE_LOCATION_CONFLICT::Coding region xref gene does not exist
../../../CURRENT/PANGROWTH/SEQS/OQ511520.1_Thailand_Trang_2022_2022_PROKKA/OQ511520.1_Thailand_Trang_2022_2022:CDS	hypothetical protein	OQ511520.1_Thailand_Trang_2022_2022:c10037-9012	JCHOPBNJ_00010

DiscRep_SUB:FEATURE_LOCATION_CONFLICT::Coding region xref gene does not exist
../../../CURRENT/PANGROWTH/SEQS/OQ511520.1_Thailand_Trang_2022_2022_PROKKA/OQ511520.1_Thailand_Trang_2022_2022:CDS	Protein K3	OQ511520.1_Thailand_Trang_2022_2022:c10366-10097	JCHOPBNJ_00011

DiscRep_SUB:FEATURE_LOCATION_CONFLICT::Coding region xref gene does not exist
../../../CURRENT/PANGROWTH/SEQS/OQ511520.1_Thailand_Trang_2022_2022_PROKKA/OQ511520.1_Thailand_Trang_2022_2022:CDS	hypothetical protein	OQ511520.1_Thailand_Trang_2022_2022:c10838-10353	JCHOPBNJ_00012

DiscRep_SUB:FEATURE_LOCATION_CONFLICT::Coding region xref gene does not exist
../../../CURRENT/PANGROWTH/SEQS/OQ511520.1_Thailand_Trang_2022_2022_PROKKA/OQ511520.1_Thailand_Trang_2022_2022:CDS	hypothetical protein	OQ511520.1_Thailand_Trang_2022_2022:c11143-10874	JCHOPBNJ_00013

DiscRep_SUB:FEATURE_LOCATION_CONFLICT::Coding region xref gene does not exist
../../../CURRENT/PANGROWTH/SEQS/OQ511520.1_Thailand_Trang_2022_2022_PROKKA/OQ511520.1_Thailand_Trang_2022_2022:CDS	hypothetical protein	OQ511520.1_Thailand_Trang_2022_2022:c11664-11134	JCHOPBNJ_00014

DiscRep_SUB:FEATURE_LOCATION_CONFLICT::Coding region xref gene does not exist
../../../CURRENT/PANGROWTH/SEQS/OQ511520.1_Thailand_Trang_2022_2022_PROKKA/OQ511520.1_Thailand_Trang_2022_2022:CDS	Deoxyuridine 5'-triphosphate nucleotidohydrolase	OQ511520.1_Thailand_Trang_2022_2022:c12146-11706	JCHOPBNJ_00015

DiscRep_SUB:FEATURE_LOCATION_CONFLICT::Coding region xref gene does not exist
../../../CURRENT/PANGROWTH/SEQS/OQ511520.1_Thailand_Trang_2022_2022_PROKKA/OQ511520.1_Thailand_Trang_2022_2022:CDS	Kelch repeat protein F3	OQ511520.1_Thailand_Trang_2022_2022:c13453-12188	JCHOPBNJ_00016

DiscRep_SUB:FEATURE_LOCATION_CONFLICT::Coding region xref gene does not exist
../../../CURRENT/PANGROWTH/SEQS/OQ511520.1_Thailand_Trang_2022_2022_PROKKA/OQ511520.1_Thailand_Trang_2022_2022:CDS	hypothetical protein	OQ511520.1_Thailand_Trang_2022_2022:c13896-13444	JCHOPBNJ_00017

DiscRep_SUB:FEATURE_LOCATION_CONFLICT::Coding region xref gene does not exist
../../../CURRENT/PANGROWTH/SEQS/OQ511520.1_Thailand_Trang_2022_2022_PROKKA/OQ511520.1_Thailand_Trang_2022_2022:CDS	Ribonucleoside-diphosphate reductase small chain	OQ511520.1_Thailand_Trang_2022_2022:c14926-13961	JCHOPBNJ_00018

DiscRep_SUB:FEATURE_LOCATION_CONFLICT::Coding region xref gene does not exist
../../../CURRENT/PANGROWTH/SEQS/OQ511520.1_Thailand_Trang_2022_2022_PROKKA/OQ511520.1_Thailand_Trang_2022_2022:CDS	hypothetical protein	OQ511520.1_Thailand_Trang_2022_2022:c15226-14966	JCHOPBNJ_00019

DiscRep_SUB:FEATURE_LOCATION_CONFLICT::Coding region xref gene does not exist
../../../CURRENT/PANGROWTH/SEQS/OQ511520.1_Thailand_Trang_2022_2022_PROKKA/OQ511520.1_Thailand_Trang_2022_2022:CDS	hypothetical protein	OQ511520.1_Thailand_Trang_2022_2022:c15605-15267	JCHOPBNJ_00020

DiscRep_SUB:FEATURE_LOCATION_CONFLICT::Coding region xref gene does not exist
../../../CURRENT/PANGROWTH/SEQS/OQ511520.1_Thailand_Trang_2022_2022_PROKKA/OQ511520.1_Thailand_Trang_2022_2022:CDS	hypothetical protein	OQ511520.1_Thailand_Trang_2022_2022:c16053-15835	JCHOPBNJ_00021

DiscRep_SUB:FEATURE_LOCATION_CONFLICT::Coding region xref gene does not exist
../../../CURRENT/PANGROWTH/SEQS/OQ511520.1_Thailand_Trang_2022_2022_PROKKA/OQ511520.1_Thailand_Trang_2022_2022:CDS	Protein F9	OQ511520.1_Thailand_Trang_2022_2022:c16779-16129	JCHOPBNJ_00022

DiscRep_SUB:FEATURE_LOCATION_CONFLICT::Coding region xref gene does not exist
../../../CURRENT/PANGROWTH/SEQS/OQ511520.1_Thailand_Trang_2022_2022_PROKKA/OQ511520.1_Thailand_Trang_2022_2022:CDS	Serine/threonine-protein kinase 2	OQ511520.1_Thailand_Trang_2022_2022:c18100-16757	JCHOPBNJ_00023

DiscRep_SUB:FEATURE_LOCATION_CONFLICT::Coding region xref gene does not exist
../../../CURRENT/PANGROWTH/SEQS/OQ511520.1_Thailand_Trang_2022_2022_PROKKA/OQ511520.1_Thailand_Trang_2022_2022:CDS	hypothetical protein	OQ511520.1_Thailand_Trang_2022_2022:c19044-18136	JCHOPBNJ_00024

DiscRep_SUB:FEATURE_LOCATION_CONFLICT::Coding region xref gene does not exist
../../../CURRENT/PANGROWTH/SEQS/OQ511520.1_Thailand_Trang_2022_2022_PROKKA/OQ511520.1_Thailand_Trang_2022_2022:CDS	Protein F12	OQ511520.1_Thailand_Trang_2022_2022:c20969-19053	JCHOPBNJ_00025

DiscRep_SUB:FEATURE_LOCATION_CONFLICT::Coding region xref gene does not exist
../../../CURRENT/PANGROWTH/SEQS/OQ511520.1_Thailand_Trang_2022_2022_PROKKA/OQ511520.1_Thailand_Trang_2022_2022:CDS	Envelope phospholipase F13	OQ511520.1_Thailand_Trang_2022_2022:c22088-20976	JCHOPBNJ_00026

DiscRep_SUB:FEATURE_LOCATION_CONFLICT::Coding region xref gene does not exist
../../../CURRENT/PANGROWTH/SEQS/OQ511520.1_Thailand_Trang_2022_2022_PROKKA/OQ511520.1_Thailand_Trang_2022_2022:CDS	hypothetical protein	OQ511520.1_Thailand_Trang_2022_2022:c22261-22115	JCHOPBNJ_00027

DiscRep_SUB:FEATURE_LOCATION_CONFLICT::Coding region xref gene does not exist
../../../CURRENT/PANGROWTH/SEQS/OQ511520.1_Thailand_Trang_2022_2022_PROKKA/OQ511520.1_Thailand_Trang_2022_2022:CDS	hypothetical protein	OQ511520.1_Thailand_Trang_2022_2022:c22727-22290	JCHOPBNJ_00028

DiscRep_SUB:FEATURE_LOCATION_CONFLICT::Coding region xref gene does not exist
../../../CURRENT/PANGROWTH/SEQS/OQ511520.1_Thailand_Trang_2022_2022_PROKKA/OQ511520.1_Thailand_Trang_2022_2022:CDS	hypothetical protein	OQ511520.1_Thailand_Trang_2022_2022:c23463-22804	JCHOPBNJ_00029

DiscRep_SUB:FEATURE_LOCATION_CONFLICT::Coding region xref gene does not exist
../../../CURRENT/PANGROWTH/SEQS/OQ511520.1_Thailand_Trang_2022_2022_PROKKA/OQ511520.1_Thailand_Trang_2022_2022:CDS	Phosphoprotein F17	OQ511520.1_Thailand_Trang_2022_2022:23537-23851	JCHOPBNJ_00030

DiscRep_SUB:FEATURE_LOCATION_CONFLICT::Coding region xref gene does not exist
../../../CURRENT/PANGROWTH/SEQS/OQ511520.1_Thailand_Trang_2022_2022_PROKKA/OQ511520.1_Thailand_Trang_2022_2022:CDS	Poly(A) polymerase catalytic subunit	OQ511520.1_Thailand_Trang_2022_2022:c25279-23855	JCHOPBNJ_00031

DiscRep_SUB:FEATURE_LOCATION_CONFLICT::Coding region xref gene does not exist
../../../CURRENT/PANGROWTH/SEQS/OQ511520.1_Thailand_Trang_2022_2022_PROKKA/OQ511520.1_Thailand_Trang_2022_2022:CDS	Protein E2	OQ511520.1_Thailand_Trang_2022_2022:c27483-25276	JCHOPBNJ_00032

DiscRep_SUB:FEATURE_LOCATION_CONFLICT::Coding region xref gene does not exist
../../../CURRENT/PANGROWTH/SEQS/OQ511520.1_Thailand_Trang_2022_2022_PROKKA/OQ511520.1_Thailand_Trang_2022_2022:CDS	Protein E3	OQ511520.1_Thailand_Trang_2022_2022:c28073-27495	JCHOPBNJ_00033

DiscRep_SUB:FEATURE_LOCATION_CONFLICT::Coding region xref gene does not exist
../../../CURRENT/PANGROWTH/SEQS/OQ511520.1_Thailand_Trang_2022_2022_PROKKA/OQ511520.1_Thailand_Trang_2022_2022:CDS	hypothetical protein	OQ511520.1_Thailand_Trang_2022_2022:c28693-28088	JCHOPBNJ_00034

DiscRep_SUB:FEATURE_LOCATION_CONFLICT::Coding region xref gene does not exist
../../../CURRENT/PANGROWTH/SEQS/OQ511520.1_Thailand_Trang_2022_2022_PROKKA/OQ511520.1_Thailand_Trang_2022_2022:CDS	hypothetical protein	OQ511520.1_Thailand_Trang_2022_2022:28777-29901	JCHOPBNJ_00035

DiscRep_SUB:FEATURE_LOCATION_CONFLICT::Coding region xref gene does not exist
../../../CURRENT/PANGROWTH/SEQS/OQ511520.1_Thailand_Trang_2022_2022_PROKKA/OQ511520.1_Thailand_Trang_2022_2022:CDS	Protein E6	OQ511520.1_Thailand_Trang_2022_2022:29911-31611	JCHOPBNJ_00036

DiscRep_SUB:FEATURE_LOCATION_CONFLICT::Coding region xref gene does not exist
../../../CURRENT/PANGROWTH/SEQS/OQ511520.1_Thailand_Trang_2022_2022_PROKKA/OQ511520.1_Thailand_Trang_2022_2022:CDS	Protein E8	OQ511520.1_Thailand_Trang_2022_2022:31618-32418	JCHOPBNJ_00037

DiscRep_SUB:FEATURE_LOCATION_CONFLICT::Coding region xref gene does not exist
../../../CURRENT/PANGROWTH/SEQS/OQ511520.1_Thailand_Trang_2022_2022_PROKKA/OQ511520.1_Thailand_Trang_2022_2022:CDS	DNA polymerase	OQ511520.1_Thailand_Trang_2022_2022:c35447-32415	JCHOPBNJ_00038

DiscRep_SUB:FEATURE_LOCATION_CONFLICT::Coding region xref gene does not exist
../../../CURRENT/PANGROWTH/SEQS/OQ511520.1_Thailand_Trang_2022_2022_PROKKA/OQ511520.1_Thailand_Trang_2022_2022:CDS	putative FAD-linked sulfhydryl oxidase E10	OQ511520.1_Thailand_Trang_2022_2022:35481-35768	JCHOPBNJ_00039

DiscRep_SUB:FEATURE_LOCATION_CONFLICT::Coding region xref gene does not exist
../../../CURRENT/PANGROWTH/SEQS/OQ511520.1_Thailand_Trang_2022_2022_PROKKA/OQ511520.1_Thailand_Trang_2022_2022:CDS	Protein E11	OQ511520.1_Thailand_Trang_2022_2022:c36157-35765	JCHOPBNJ_00040

DiscRep_SUB:FEATURE_LOCATION_CONFLICT::Coding region xref gene does not exist
../../../CURRENT/PANGROWTH/SEQS/OQ511520.1_Thailand_Trang_2022_2022_PROKKA/OQ511520.1_Thailand_Trang_2022_2022:CDS	hypothetical protein	OQ511520.1_Thailand_Trang_2022_2022:c38198-36144	JCHOPBNJ_00041

DiscRep_SUB:FEATURE_LOCATION_CONFLICT::Coding region xref gene does not exist
../../../CURRENT/PANGROWTH/SEQS/OQ511520.1_Thailand_Trang_2022_2022_PROKKA/OQ511520.1_Thailand_Trang_2022_2022:CDS	Telomere-binding protein I1	OQ511520.1_Thailand_Trang_2022_2022:c39248-38304	JCHOPBNJ_00042

DiscRep_SUB:FEATURE_LOCATION_CONFLICT::Coding region xref gene does not exist
../../../CURRENT/PANGROWTH/SEQS/OQ511520.1_Thailand_Trang_2022_2022_PROKKA/OQ511520.1_Thailand_Trang_2022_2022:CDS	hypothetical protein	OQ511520.1_Thailand_Trang_2022_2022:c39473-39255	JCHOPBNJ_00043

DiscRep_SUB:FEATURE_LOCATION_CONFLICT::Coding region xref gene does not exist
../../../CURRENT/PANGROWTH/SEQS/OQ511520.1_Thailand_Trang_2022_2022_PROKKA/OQ511520.1_Thailand_Trang_2022_2022:CDS	Protein I3	OQ511520.1_Thailand_Trang_2022_2022:c40304-39474	JCHOPBNJ_00044

DiscRep_SUB:FEATURE_LOCATION_CONFLICT::Coding region xref gene does not exist
../../../CURRENT/PANGROWTH/SEQS/OQ511520.1_Thailand_Trang_2022_2022_PROKKA/OQ511520.1_Thailand_Trang_2022_2022:CDS	Protein I5	OQ511520.1_Thailand_Trang_2022_2022:c40586-40350	JCHOPBNJ_00045

DiscRep_SUB:FEATURE_LOCATION_CONFLICT::Coding region xref gene does not exist
../../../CURRENT/PANGROWTH/SEQS/OQ511520.1_Thailand_Trang_2022_2022_PROKKA/OQ511520.1_Thailand_Trang_2022_2022:CDS	Telomere-binding protein I6	OQ511520.1_Thailand_Trang_2022_2022:c41788-40604	JCHOPBNJ_00046

DiscRep_SUB:FEATURE_LOCATION_CONFLICT::Coding region xref gene does not exist
../../../CURRENT/PANGROWTH/SEQS/OQ511520.1_Thailand_Trang_2022_2022_PROKKA/OQ511520.1_Thailand_Trang_2022_2022:CDS	Core protease I7	OQ511520.1_Thailand_Trang_2022_2022:c43082-41781	JCHOPBNJ_00047

DiscRep_SUB:FEATURE_LOCATION_CONFLICT::Coding region xref gene does not exist
../../../CURRENT/PANGROWTH/SEQS/OQ511520.1_Thailand_Trang_2022_2022_PROKKA/OQ511520.1_Thailand_Trang_2022_2022:CDS	RNA helicase NPH-II	OQ511520.1_Thailand_Trang_2022_2022:43088-45118	JCHOPBNJ_00048

DiscRep_SUB:FEATURE_LOCATION_CONFLICT::Coding region xref gene does not exist
../../../CURRENT/PANGROWTH/SEQS/OQ511520.1_Thailand_Trang_2022_2022_PROKKA/OQ511520.1_Thailand_Trang_2022_2022:CDS	Metalloendopeptidase G1	OQ511520.1_Thailand_Trang_2022_2022:c46905-45115	JCHOPBNJ_00049

DiscRep_SUB:FEATURE_LOCATION_CONFLICT::Coding region xref gene does not exist
../../../CURRENT/PANGROWTH/SEQS/OQ511520.1_Thailand_Trang_2022_2022_PROKKA/OQ511520.1_Thailand_Trang_2022_2022:CDS	Protein G3	OQ511520.1_Thailand_Trang_2022_2022:c47147-46902	JCHOPBNJ_00050

DiscRep_SUB:FEATURE_LOCATION_CONFLICT::Coding region xref gene does not exist
../../../CURRENT/PANGROWTH/SEQS/OQ511520.1_Thailand_Trang_2022_2022_PROKKA/OQ511520.1_Thailand_Trang_2022_2022:CDS	Late transcription elongation factor G2	OQ511520.1_Thailand_Trang_2022_2022:47228-47896	JCHOPBNJ_00051

DiscRep_SUB:FEATURE_LOCATION_CONFLICT::Coding region xref gene does not exist
../../../CURRENT/PANGROWTH/SEQS/OQ511520.1_Thailand_Trang_2022_2022_PROKKA/OQ511520.1_Thailand_Trang_2022_2022:CDS	Glutaredoxin-2	OQ511520.1_Thailand_Trang_2022_2022:c48240-47860	JCHOPBNJ_00052

DiscRep_SUB:FEATURE_LOCATION_CONFLICT::Coding region xref gene does not exist
../../../CURRENT/PANGROWTH/SEQS/OQ511520.1_Thailand_Trang_2022_2022_PROKKA/OQ511520.1_Thailand_Trang_2022_2022:CDS	Putative nuclease G5	OQ511520.1_Thailand_Trang_2022_2022:48243-49556	JCHOPBNJ_00053

DiscRep_SUB:FEATURE_LOCATION_CONFLICT::Coding region xref gene does not exist
../../../CURRENT/PANGROWTH/SEQS/OQ511520.1_Thailand_Trang_2022_2022_PROKKA/OQ511520.1_Thailand_Trang_2022_2022:CDS	DNA-directed RNA polymerase 7 kDa subunit	OQ511520.1_Thailand_Trang_2022_2022:49557-49748	JCHOPBNJ_00054

DiscRep_SUB:FEATURE_LOCATION_CONFLICT::Coding region xref gene does not exist
../../../CURRENT/PANGROWTH/SEQS/OQ511520.1_Thailand_Trang_2022_2022_PROKKA/OQ511520.1_Thailand_Trang_2022_2022:CDS	hypothetical protein	OQ511520.1_Thailand_Trang_2022_2022:49748-50272	JCHOPBNJ_00055

DiscRep_SUB:FEATURE_LOCATION_CONFLICT::Coding region xref gene does not exist
../../../CURRENT/PANGROWTH/SEQS/OQ511520.1_Thailand_Trang_2022_2022_PROKKA/OQ511520.1_Thailand_Trang_2022_2022:CDS	Assembly protein G7	OQ511520.1_Thailand_Trang_2022_2022:c51407-50286	JCHOPBNJ_00056

DiscRep_SUB:FEATURE_LOCATION_CONFLICT::Coding region xref gene does not exist
../../../CURRENT/PANGROWTH/SEQS/OQ511520.1_Thailand_Trang_2022_2022_PROKKA/OQ511520.1_Thailand_Trang_2022_2022:CDS	Late transcription factor 1	OQ511520.1_Thailand_Trang_2022_2022:51437-52219	JCHOPBNJ_00057

DiscRep_SUB:FEATURE_LOCATION_CONFLICT::Coding region xref gene does not exist
../../../CURRENT/PANGROWTH/SEQS/OQ511520.1_Thailand_Trang_2022_2022_PROKKA/OQ511520.1_Thailand_Trang_2022_2022:CDS	Myristoylated protein G9	OQ511520.1_Thailand_Trang_2022_2022:52246-53256	JCHOPBNJ_00058

DiscRep_SUB:FEATURE_LOCATION_CONFLICT::Coding region xref gene does not exist
../../../CURRENT/PANGROWTH/SEQS/OQ511520.1_Thailand_Trang_2022_2022_PROKKA/OQ511520.1_Thailand_Trang_2022_2022:CDS	Protein L1	OQ511520.1_Thailand_Trang_2022_2022:53257-53994	JCHOPBNJ_00059

DiscRep_SUB:FEATURE_LOCATION_CONFLICT::Coding region xref gene does not exist
../../../CURRENT/PANGROWTH/SEQS/OQ511520.1_Thailand_Trang_2022_2022_PROKKA/OQ511520.1_Thailand_Trang_2022_2022:CDS	Protein L2	OQ511520.1_Thailand_Trang_2022_2022:54032-54310	JCHOPBNJ_00060

DiscRep_SUB:FEATURE_LOCATION_CONFLICT::Coding region xref gene does not exist
../../../CURRENT/PANGROWTH/SEQS/OQ511520.1_Thailand_Trang_2022_2022_PROKKA/OQ511520.1_Thailand_Trang_2022_2022:CDS	Protein L3	OQ511520.1_Thailand_Trang_2022_2022:c55276-54320	JCHOPBNJ_00061

DiscRep_SUB:FEATURE_LOCATION_CONFLICT::Coding region xref gene does not exist
../../../CURRENT/PANGROWTH/SEQS/OQ511520.1_Thailand_Trang_2022_2022_PROKKA/OQ511520.1_Thailand_Trang_2022_2022:CDS	Core protein VP8	OQ511520.1_Thailand_Trang_2022_2022:55301-56062	JCHOPBNJ_00062

DiscRep_SUB:FEATURE_LOCATION_CONFLICT::Coding region xref gene does not exist
../../../CURRENT/PANGROWTH/SEQS/OQ511520.1_Thailand_Trang_2022_2022_PROKKA/OQ511520.1_Thailand_Trang_2022_2022:CDS	Protein L5	OQ511520.1_Thailand_Trang_2022_2022:56078-56473	JCHOPBNJ_00063

DiscRep_SUB:FEATURE_LOCATION_CONFLICT::Coding region xref gene does not exist
../../../CURRENT/PANGROWTH/SEQS/OQ511520.1_Thailand_Trang_2022_2022_PROKKA/OQ511520.1_Thailand_Trang_2022_2022:CDS	Protein J1	OQ511520.1_Thailand_Trang_2022_2022:56430-56876	JCHOPBNJ_00064

DiscRep_SUB:FEATURE_LOCATION_CONFLICT::Coding region xref gene does not exist
../../../CURRENT/PANGROWTH/SEQS/OQ511520.1_Thailand_Trang_2022_2022_PROKKA/OQ511520.1_Thailand_Trang_2022_2022:CDS	Thymidine kinase	OQ511520.1_Thailand_Trang_2022_2022:56898-57431	JCHOPBNJ_00065

DiscRep_SUB:FEATURE_LOCATION_CONFLICT::Coding region xref gene does not exist
../../../CURRENT/PANGROWTH/SEQS/OQ511520.1_Thailand_Trang_2022_2022_PROKKA/OQ511520.1_Thailand_Trang_2022_2022:CDS	hypothetical protein	OQ511520.1_Thailand_Trang_2022_2022:57503-58096	JCHOPBNJ_00066

DiscRep_SUB:FEATURE_LOCATION_CONFLICT::Coding region xref gene does not exist
../../../CURRENT/PANGROWTH/SEQS/OQ511520.1_Thailand_Trang_2022_2022_PROKKA/OQ511520.1_Thailand_Trang_2022_2022:CDS	Cap-specific mRNA (nucleoside-2'-O-)-methyltransferase	OQ511520.1_Thailand_Trang_2022_2022:58153-59154	JCHOPBNJ_00067

DiscRep_SUB:FEATURE_LOCATION_CONFLICT::Coding region xref gene does not exist
../../../CURRENT/PANGROWTH/SEQS/OQ511520.1_Thailand_Trang_2022_2022_PROKKA/OQ511520.1_Thailand_Trang_2022_2022:CDS	Protein J5	OQ511520.1_Thailand_Trang_2022_2022:c60033-59632	JCHOPBNJ_00068

DiscRep_SUB:FEATURE_LOCATION_CONFLICT::Coding region xref gene does not exist
../../../CURRENT/PANGROWTH/SEQS/OQ511520.1_Thailand_Trang_2022_2022_PROKKA/OQ511520.1_Thailand_Trang_2022_2022:CDS	hypothetical protein	OQ511520.1_Thailand_Trang_2022_2022:60119-63976	JCHOPBNJ_00069

DiscRep_SUB:FEATURE_LOCATION_CONFLICT::Coding region xref gene does not exist
../../../CURRENT/PANGROWTH/SEQS/OQ511520.1_Thailand_Trang_2022_2022_PROKKA/OQ511520.1_Thailand_Trang_2022_2022:CDS	putative dual specificity protein phosphatase H1	OQ511520.1_Thailand_Trang_2022_2022:c64496-63981	JCHOPBNJ_00070

DiscRep_SUB:FEATURE_LOCATION_CONFLICT::Coding region xref gene does not exist
../../../CURRENT/PANGROWTH/SEQS/OQ511520.1_Thailand_Trang_2022_2022_PROKKA/OQ511520.1_Thailand_Trang_2022_2022:CDS	Protein H2	OQ511520.1_Thailand_Trang_2022_2022:64512-65084	JCHOPBNJ_00071

DiscRep_SUB:FEATURE_LOCATION_CONFLICT::Coding region xref gene does not exist
../../../CURRENT/PANGROWTH/SEQS/OQ511520.1_Thailand_Trang_2022_2022_PROKKA/OQ511520.1_Thailand_Trang_2022_2022:CDS	Envelope protein H3	OQ511520.1_Thailand_Trang_2022_2022:c66049-65081	JCHOPBNJ_00072

DiscRep_SUB:FEATURE_LOCATION_CONFLICT::Coding region xref gene does not exist
../../../CURRENT/PANGROWTH/SEQS/OQ511520.1_Thailand_Trang_2022_2022_PROKKA/OQ511520.1_Thailand_Trang_2022_2022:CDS	RNA polymerase-associated transcription-specificity factor RAP94	OQ511520.1_Thailand_Trang_2022_2022:c68474-66078	JCHOPBNJ_00073

DiscRep_SUB:FEATURE_LOCATION_CONFLICT::Coding region xref gene does not exist
../../../CURRENT/PANGROWTH/SEQS/OQ511520.1_Thailand_Trang_2022_2022_PROKKA/OQ511520.1_Thailand_Trang_2022_2022:CDS	Late transcription elongation factor H5	OQ511520.1_Thailand_Trang_2022_2022:68618-69289	JCHOPBNJ_00074

DiscRep_SUB:FEATURE_LOCATION_CONFLICT::Coding region xref gene does not exist
../../../CURRENT/PANGROWTH/SEQS/OQ511520.1_Thailand_Trang_2022_2022_PROKKA/OQ511520.1_Thailand_Trang_2022_2022:CDS	DNA topoisomerase 1B	OQ511520.1_Thailand_Trang_2022_2022:69331-70284	JCHOPBNJ_00075

DiscRep_SUB:FEATURE_LOCATION_CONFLICT::Coding region xref gene does not exist
../../../CURRENT/PANGROWTH/SEQS/OQ511520.1_Thailand_Trang_2022_2022_PROKKA/OQ511520.1_Thailand_Trang_2022_2022:CDS	Late protein H7	OQ511520.1_Thailand_Trang_2022_2022:70304-70747	JCHOPBNJ_00076

DiscRep_SUB:FEATURE_LOCATION_CONFLICT::Coding region xref gene does not exist
../../../CURRENT/PANGROWTH/SEQS/OQ511520.1_Thailand_Trang_2022_2022_PROKKA/OQ511520.1_Thailand_Trang_2022_2022:CDS	mRNA-capping enzyme catalytic subunit	OQ511520.1_Thailand_Trang_2022_2022:70778-73306	JCHOPBNJ_00077

DiscRep_SUB:FEATURE_LOCATION_CONFLICT::Coding region xref gene does not exist
../../../CURRENT/PANGROWTH/SEQS/OQ511520.1_Thailand_Trang_2022_2022_PROKKA/OQ511520.1_Thailand_Trang_2022_2022:CDS	Core protein D4	OQ511520.1_Thailand_Trang_2022_2022:c73735-73268	JCHOPBNJ_00078

DiscRep_SUB:FEATURE_LOCATION_CONFLICT::Coding region xref gene does not exist
../../../CURRENT/PANGROWTH/SEQS/OQ511520.1_Thailand_Trang_2022_2022_PROKKA/OQ511520.1_Thailand_Trang_2022_2022:CDS	27 kDa core protein	OQ511520.1_Thailand_Trang_2022_2022:73737-74474	JCHOPBNJ_00079

DiscRep_SUB:FEATURE_LOCATION_CONFLICT::Coding region xref gene does not exist
../../../CURRENT/PANGROWTH/SEQS/OQ511520.1_Thailand_Trang_2022_2022_PROKKA/OQ511520.1_Thailand_Trang_2022_2022:CDS	Uracil-DNA glycosylase	OQ511520.1_Thailand_Trang_2022_2022:74471-75127	JCHOPBNJ_00080

DiscRep_SUB:FEATURE_LOCATION_CONFLICT::Coding region xref gene does not exist
../../../CURRENT/PANGROWTH/SEQS/OQ511520.1_Thailand_Trang_2022_2022_PROKKA/OQ511520.1_Thailand_Trang_2022_2022:CDS	Primase D5	OQ511520.1_Thailand_Trang_2022_2022:75170-77530	JCHOPBNJ_00081

DiscRep_SUB:FEATURE_LOCATION_CONFLICT::Coding region xref gene does not exist
../../../CURRENT/PANGROWTH/SEQS/OQ511520.1_Thailand_Trang_2022_2022_PROKKA/OQ511520.1_Thailand_Trang_2022_2022:CDS	Early transcription factor 70 kDa subunit	OQ511520.1_Thailand_Trang_2022_2022:77527-79434	JCHOPBNJ_00082

DiscRep_SUB:FEATURE_LOCATION_CONFLICT::Coding region xref gene does not exist
../../../CURRENT/PANGROWTH/SEQS/OQ511520.1_Thailand_Trang_2022_2022_PROKKA/OQ511520.1_Thailand_Trang_2022_2022:CDS	DNA-directed RNA polymerase 18 kDa subunit	OQ511520.1_Thailand_Trang_2022_2022:79459-79950	JCHOPBNJ_00083

DiscRep_SUB:FEATURE_LOCATION_CONFLICT::Coding region xref gene does not exist
../../../CURRENT/PANGROWTH/SEQS/OQ511520.1_Thailand_Trang_2022_2022_PROKKA/OQ511520.1_Thailand_Trang_2022_2022:CDS	mRNA-decapping protein D9	OQ511520.1_Thailand_Trang_2022_2022:79991-80632	JCHOPBNJ_00084

DiscRep_SUB:FEATURE_LOCATION_CONFLICT::Coding region xref gene does not exist
../../../CURRENT/PANGROWTH/SEQS/OQ511520.1_Thailand_Trang_2022_2022_PROKKA/OQ511520.1_Thailand_Trang_2022_2022:CDS	mRNA-decapping protein D10	OQ511520.1_Thailand_Trang_2022_2022:80632-81393	JCHOPBNJ_00085

DiscRep_SUB:FEATURE_LOCATION_CONFLICT::Coding region xref gene does not exist
../../../CURRENT/PANGROWTH/SEQS/OQ511520.1_Thailand_Trang_2022_2022_PROKKA/OQ511520.1_Thailand_Trang_2022_2022:CDS	Nucleoside triphosphatase I	OQ511520.1_Thailand_Trang_2022_2022:c83306-81399	JCHOPBNJ_00086

DiscRep_SUB:FEATURE_LOCATION_CONFLICT::Coding region xref gene does not exist
../../../CURRENT/PANGROWTH/SEQS/OQ511520.1_Thailand_Trang_2022_2022_PROKKA/OQ511520.1_Thailand_Trang_2022_2022:CDS	mRNA-capping enzyme regulatory subunit	OQ511520.1_Thailand_Trang_2022_2022:c84196-83333	JCHOPBNJ_00087

DiscRep_SUB:FEATURE_LOCATION_CONFLICT::Coding region xref gene does not exist
../../../CURRENT/PANGROWTH/SEQS/OQ511520.1_Thailand_Trang_2022_2022_PROKKA/OQ511520.1_Thailand_Trang_2022_2022:CDS	Scaffold protein D13	OQ511520.1_Thailand_Trang_2022_2022:c85885-84236	JCHOPBNJ_00088

DiscRep_SUB:FEATURE_LOCATION_CONFLICT::Coding region xref gene does not exist
../../../CURRENT/PANGROWTH/SEQS/OQ511520.1_Thailand_Trang_2022_2022_PROKKA/OQ511520.1_Thailand_Trang_2022_2022:CDS	Viral late gene transcription factor 2	OQ511520.1_Thailand_Trang_2022_2022:c86364-85912	JCHOPBNJ_00089

DiscRep_SUB:FEATURE_LOCATION_CONFLICT::Coding region xref gene does not exist
../../../CURRENT/PANGROWTH/SEQS/OQ511520.1_Thailand_Trang_2022_2022_PROKKA/OQ511520.1_Thailand_Trang_2022_2022:CDS	Viral late gene transcription factor 3	OQ511520.1_Thailand_Trang_2022_2022:c87077-86394	JCHOPBNJ_00090

DiscRep_SUB:FEATURE_LOCATION_CONFLICT::Coding region xref gene does not exist
../../../CURRENT/PANGROWTH/SEQS/OQ511520.1_Thailand_Trang_2022_2022_PROKKA/OQ511520.1_Thailand_Trang_2022_2022:CDS	Protein A2.5	OQ511520.1_Thailand_Trang_2022_2022:c87316-87089	JCHOPBNJ_00091

DiscRep_SUB:FEATURE_LOCATION_CONFLICT::Coding region xref gene does not exist
../../../CURRENT/PANGROWTH/SEQS/OQ511520.1_Thailand_Trang_2022_2022_PROKKA/OQ511520.1_Thailand_Trang_2022_2022:CDS	Major core protein 4b	OQ511520.1_Thailand_Trang_2022_2022:c89310-87325	JCHOPBNJ_00092

DiscRep_SUB:FEATURE_LOCATION_CONFLICT::Coding region xref gene does not exist
../../../CURRENT/PANGROWTH/SEQS/OQ511520.1_Thailand_Trang_2022_2022_PROKKA/OQ511520.1_Thailand_Trang_2022_2022:CDS	hypothetical protein	OQ511520.1_Thailand_Trang_2022_2022:c89920-89435	JCHOPBNJ_00093

DiscRep_SUB:FEATURE_LOCATION_CONFLICT::Coding region xref gene does not exist
../../../CURRENT/PANGROWTH/SEQS/OQ511520.1_Thailand_Trang_2022_2022_PROKKA/OQ511520.1_Thailand_Trang_2022_2022:CDS	DNA-directed RNA polymerase 19 kDa subunit	OQ511520.1_Thailand_Trang_2022_2022:89961-90473	JCHOPBNJ_00094

DiscRep_SUB:FEATURE_LOCATION_CONFLICT::Coding region xref gene does not exist
../../../CURRENT/PANGROWTH/SEQS/OQ511520.1_Thailand_Trang_2022_2022_PROKKA/OQ511520.1_Thailand_Trang_2022_2022:CDS	Protein A6	OQ511520.1_Thailand_Trang_2022_2022:c91597-90470	JCHOPBNJ_00095

DiscRep_SUB:FEATURE_LOCATION_CONFLICT::Coding region xref gene does not exist
../../../CURRENT/PANGROWTH/SEQS/OQ511520.1_Thailand_Trang_2022_2022_PROKKA/OQ511520.1_Thailand_Trang_2022_2022:CDS	Early transcription factor 82 kDa subunit	OQ511520.1_Thailand_Trang_2022_2022:c93762-91618	JCHOPBNJ_00096

DiscRep_SUB:FEATURE_LOCATION_CONFLICT::Coding region xref gene does not exist
../../../CURRENT/PANGROWTH/SEQS/OQ511520.1_Thailand_Trang_2022_2022_PROKKA/OQ511520.1_Thailand_Trang_2022_2022:CDS	Intermediate transcription factor 3 small subunit	OQ511520.1_Thailand_Trang_2022_2022:93819-94691	JCHOPBNJ_00097

DiscRep_SUB:FEATURE_LOCATION_CONFLICT::Coding region xref gene does not exist
../../../CURRENT/PANGROWTH/SEQS/OQ511520.1_Thailand_Trang_2022_2022_PROKKA/OQ511520.1_Thailand_Trang_2022_2022:CDS	Virion membrane protein A9	OQ511520.1_Thailand_Trang_2022_2022:c94951-94715	JCHOPBNJ_00098

DiscRep_SUB:FEATURE_LOCATION_CONFLICT::Coding region xref gene does not exist
../../../CURRENT/PANGROWTH/SEQS/OQ511520.1_Thailand_Trang_2022_2022_PROKKA/OQ511520.1_Thailand_Trang_2022_2022:CDS	Major core protein 4a precursor	OQ511520.1_Thailand_Trang_2022_2022:c97666-94952	JCHOPBNJ_00099

DiscRep_SUB:FEATURE_LOCATION_CONFLICT::Coding region xref gene does not exist
../../../CURRENT/PANGROWTH/SEQS/OQ511520.1_Thailand_Trang_2022_2022_PROKKA/OQ511520.1_Thailand_Trang_2022_2022:CDS	Protein A11	OQ511520.1_Thailand_Trang_2022_2022:97681-98634	JCHOPBNJ_00100

DiscRep_SUB:FEATURE_LOCATION_CONFLICT::Coding region xref gene does not exist
../../../CURRENT/PANGROWTH/SEQS/OQ511520.1_Thailand_Trang_2022_2022_PROKKA/OQ511520.1_Thailand_Trang_2022_2022:CDS	25 kDa core protein A12L	OQ511520.1_Thailand_Trang_2022_2022:c99203-98631	JCHOPBNJ_00101

DiscRep_SUB:FEATURE_LOCATION_CONFLICT::Coding region xref gene does not exist
../../../CURRENT/PANGROWTH/SEQS/OQ511520.1_Thailand_Trang_2022_2022_PROKKA/OQ511520.1_Thailand_Trang_2022_2022:CDS	hypothetical protein	OQ511520.1_Thailand_Trang_2022_2022:c99471-99268	JCHOPBNJ_00102

DiscRep_SUB:FEATURE_LOCATION_CONFLICT::Coding region xref gene does not exist
../../../CURRENT/PANGROWTH/SEQS/OQ511520.1_Thailand_Trang_2022_2022_PROKKA/OQ511520.1_Thailand_Trang_2022_2022:CDS	Virion membrane protein A14	OQ511520.1_Thailand_Trang_2022_2022:c99838-99551	JCHOPBNJ_00103

DiscRep_SUB:FEATURE_LOCATION_CONFLICT::Coding region xref gene does not exist
../../../CURRENT/PANGROWTH/SEQS/OQ511520.1_Thailand_Trang_2022_2022_PROKKA/OQ511520.1_Thailand_Trang_2022_2022:CDS	Core protein A15	OQ511520.1_Thailand_Trang_2022_2022:c100293-100006	JCHOPBNJ_00104

DiscRep_SUB:FEATURE_LOCATION_CONFLICT::Coding region xref gene does not exist
../../../CURRENT/PANGROWTH/SEQS/OQ511520.1_Thailand_Trang_2022_2022_PROKKA/OQ511520.1_Thailand_Trang_2022_2022:CDS	Virion membrane protein A16	OQ511520.1_Thailand_Trang_2022_2022:c101410-100277	JCHOPBNJ_00105

DiscRep_SUB:FEATURE_LOCATION_CONFLICT::Coding region xref gene does not exist
../../../CURRENT/PANGROWTH/SEQS/OQ511520.1_Thailand_Trang_2022_2022_PROKKA/OQ511520.1_Thailand_Trang_2022_2022:CDS	Virion membrane protein A17 precursor	OQ511520.1_Thailand_Trang_2022_2022:c102016-101426	JCHOPBNJ_00106

DiscRep_SUB:FEATURE_LOCATION_CONFLICT::Coding region xref gene does not exist
../../../CURRENT/PANGROWTH/SEQS/OQ511520.1_Thailand_Trang_2022_2022_PROKKA/OQ511520.1_Thailand_Trang_2022_2022:CDS	Transcript termination protein A18	OQ511520.1_Thailand_Trang_2022_2022:102031-103473	JCHOPBNJ_00107

DiscRep_SUB:FEATURE_LOCATION_CONFLICT::Coding region xref gene does not exist
../../../CURRENT/PANGROWTH/SEQS/OQ511520.1_Thailand_Trang_2022_2022_PROKKA/OQ511520.1_Thailand_Trang_2022_2022:CDS	Protein A19	OQ511520.1_Thailand_Trang_2022_2022:c103678-103454	JCHOPBNJ_00108

DiscRep_SUB:FEATURE_LOCATION_CONFLICT::Coding region xref gene does not exist
../../../CURRENT/PANGROWTH/SEQS/OQ511520.1_Thailand_Trang_2022_2022_PROKKA/OQ511520.1_Thailand_Trang_2022_2022:CDS	hypothetical protein	OQ511520.1_Thailand_Trang_2022_2022:c103837-103679	JCHOPBNJ_00109

DiscRep_SUB:FEATURE_LOCATION_CONFLICT::Coding region xref gene does not exist
../../../CURRENT/PANGROWTH/SEQS/OQ511520.1_Thailand_Trang_2022_2022_PROKKA/OQ511520.1_Thailand_Trang_2022_2022:CDS	DNA polymerase processivity factor component A20	OQ511520.1_Thailand_Trang_2022_2022:104025-105317	JCHOPBNJ_00110

DiscRep_SUB:FEATURE_LOCATION_CONFLICT::Coding region xref gene does not exist
../../../CURRENT/PANGROWTH/SEQS/OQ511520.1_Thailand_Trang_2022_2022_PROKKA/OQ511520.1_Thailand_Trang_2022_2022:CDS	Resolvase A22	OQ511520.1_Thailand_Trang_2022_2022:105286-105825	JCHOPBNJ_00111

DiscRep_SUB:FEATURE_LOCATION_CONFLICT::Coding region xref gene does not exist
../../../CURRENT/PANGROWTH/SEQS/OQ511520.1_Thailand_Trang_2022_2022_PROKKA/OQ511520.1_Thailand_Trang_2022_2022:CDS	Intermediate transcription factor 3 large subunit	OQ511520.1_Thailand_Trang_2022_2022:105818-106975	JCHOPBNJ_00112

DiscRep_SUB:FEATURE_LOCATION_CONFLICT::Coding region xref gene does not exist
../../../CURRENT/PANGROWTH/SEQS/OQ511520.1_Thailand_Trang_2022_2022_PROKKA/OQ511520.1_Thailand_Trang_2022_2022:CDS	DNA-directed RNA polymerase 133 kDa polypeptide	OQ511520.1_Thailand_Trang_2022_2022:107006-110476	JCHOPBNJ_00113

DiscRep_SUB:FEATURE_LOCATION_CONFLICT::Coding region xref gene does not exist
../../../CURRENT/PANGROWTH/SEQS/OQ511520.1_Thailand_Trang_2022_2022_PROKKA/OQ511520.1_Thailand_Trang_2022_2022:CDS	hypothetical protein	OQ511520.1_Thailand_Trang_2022_2022:c110936-110490	JCHOPBNJ_00114

DiscRep_SUB:FEATURE_LOCATION_CONFLICT::Coding region xref gene does not exist
../../../CURRENT/PANGROWTH/SEQS/OQ511520.1_Thailand_Trang_2022_2022_PROKKA/OQ511520.1_Thailand_Trang_2022_2022:CDS	Envelope protein A28	OQ511520.1_Thailand_Trang_2022_2022:c111359-110937	JCHOPBNJ_00115

DiscRep_SUB:FEATURE_LOCATION_CONFLICT::Coding region xref gene does not exist
../../../CURRENT/PANGROWTH/SEQS/OQ511520.1_Thailand_Trang_2022_2022_PROKKA/OQ511520.1_Thailand_Trang_2022_2022:CDS	DNA-directed RNA polymerase 35 kDa subunit	OQ511520.1_Thailand_Trang_2022_2022:c112271-111360	JCHOPBNJ_00116

DiscRep_SUB:FEATURE_LOCATION_CONFLICT::Coding region xref gene does not exist
../../../CURRENT/PANGROWTH/SEQS/OQ511520.1_Thailand_Trang_2022_2022_PROKKA/OQ511520.1_Thailand_Trang_2022_2022:CDS	hypothetical protein	OQ511520.1_Thailand_Trang_2022_2022:c112464-112240	JCHOPBNJ_00117

DiscRep_SUB:FEATURE_LOCATION_CONFLICT::Coding region xref gene does not exist
../../../CURRENT/PANGROWTH/SEQS/OQ511520.1_Thailand_Trang_2022_2022_PROKKA/OQ511520.1_Thailand_Trang_2022_2022:CDS	hypothetical protein	OQ511520.1_Thailand_Trang_2022_2022:c112617-112492	JCHOPBNJ_00118

DiscRep_SUB:FEATURE_LOCATION_CONFLICT::Coding region xref gene does not exist
../../../CURRENT/PANGROWTH/SEQS/OQ511520.1_Thailand_Trang_2022_2022_PROKKA/OQ511520.1_Thailand_Trang_2022_2022:CDS	Protein A32	OQ511520.1_Thailand_Trang_2022_2022:c113407-112643	JCHOPBNJ_00119

DiscRep_SUB:FEATURE_LOCATION_CONFLICT::Coding region xref gene does not exist
../../../CURRENT/PANGROWTH/SEQS/OQ511520.1_Thailand_Trang_2022_2022_PROKKA/OQ511520.1_Thailand_Trang_2022_2022:CDS	Protein A33	OQ511520.1_Thailand_Trang_2022_2022:113539-114129	JCHOPBNJ_00120

DiscRep_SUB:FEATURE_LOCATION_CONFLICT::Coding region xref gene does not exist
../../../CURRENT/PANGROWTH/SEQS/OQ511520.1_Thailand_Trang_2022_2022_PROKKA/OQ511520.1_Thailand_Trang_2022_2022:CDS	Protein A34	OQ511520.1_Thailand_Trang_2022_2022:114160-114675	JCHOPBNJ_00121

DiscRep_SUB:FEATURE_LOCATION_CONFLICT::Coding region xref gene does not exist
../../../CURRENT/PANGROWTH/SEQS/OQ511520.1_Thailand_Trang_2022_2022_PROKKA/OQ511520.1_Thailand_Trang_2022_2022:CDS	Protein A35	OQ511520.1_Thailand_Trang_2022_2022:114703-115278	JCHOPBNJ_00122

DiscRep_SUB:FEATURE_LOCATION_CONFLICT::Coding region xref gene does not exist
../../../CURRENT/PANGROWTH/SEQS/OQ511520.1_Thailand_Trang_2022_2022_PROKKA/OQ511520.1_Thailand_Trang_2022_2022:CDS	hypothetical protein	OQ511520.1_Thailand_Trang_2022_2022:115315-116181	JCHOPBNJ_00123

DiscRep_SUB:FEATURE_LOCATION_CONFLICT::Coding region xref gene does not exist
../../../CURRENT/PANGROWTH/SEQS/OQ511520.1_Thailand_Trang_2022_2022_PROKKA/OQ511520.1_Thailand_Trang_2022_2022:CDS	hypothetical protein	OQ511520.1_Thailand_Trang_2022_2022:116240-116758	JCHOPBNJ_00124

DiscRep_SUB:FEATURE_LOCATION_CONFLICT::Coding region xref gene does not exist
../../../CURRENT/PANGROWTH/SEQS/OQ511520.1_Thailand_Trang_2022_2022_PROKKA/OQ511520.1_Thailand_Trang_2022_2022:CDS	hypothetical protein	OQ511520.1_Thailand_Trang_2022_2022:116769-117590	JCHOPBNJ_00125

DiscRep_SUB:FEATURE_LOCATION_CONFLICT::Coding region xref gene does not exist
../../../CURRENT/PANGROWTH/SEQS/OQ511520.1_Thailand_Trang_2022_2022_PROKKA/OQ511520.1_Thailand_Trang_2022_2022:CDS	hypothetical protein	OQ511520.1_Thailand_Trang_2022_2022:c118496-117594	JCHOPBNJ_00126

DiscRep_SUB:FEATURE_LOCATION_CONFLICT::Coding region xref gene does not exist
../../../CURRENT/PANGROWTH/SEQS/OQ511520.1_Thailand_Trang_2022_2022_PROKKA/OQ511520.1_Thailand_Trang_2022_2022:CDS	hypothetical protein	OQ511520.1_Thailand_Trang_2022_2022:118594-118965	JCHOPBNJ_00127

DiscRep_SUB:FEATURE_LOCATION_CONFLICT::Coding region xref gene does not exist
../../../CURRENT/PANGROWTH/SEQS/OQ511520.1_Thailand_Trang_2022_2022_PROKKA/OQ511520.1_Thailand_Trang_2022_2022:CDS	hypothetical protein	OQ511520.1_Thailand_Trang_2022_2022:119033-119278	JCHOPBNJ_00128

DiscRep_SUB:FEATURE_LOCATION_CONFLICT::Coding region xref gene does not exist
../../../CURRENT/PANGROWTH/SEQS/OQ511520.1_Thailand_Trang_2022_2022_PROKKA/OQ511520.1_Thailand_Trang_2022_2022:CDS	hypothetical protein	OQ511520.1_Thailand_Trang_2022_2022:119339-119824	JCHOPBNJ_00129

DiscRep_SUB:FEATURE_LOCATION_CONFLICT::Coding region xref gene does not exist
../../../CURRENT/PANGROWTH/SEQS/OQ511520.1_Thailand_Trang_2022_2022_PROKKA/OQ511520.1_Thailand_Trang_2022_2022:CDS	hypothetical protein	OQ511520.1_Thailand_Trang_2022_2022:119941-120390	JCHOPBNJ_00130

DiscRep_SUB:FEATURE_LOCATION_CONFLICT::Coding region xref gene does not exist
../../../CURRENT/PANGROWTH/SEQS/OQ511520.1_Thailand_Trang_2022_2022_PROKKA/OQ511520.1_Thailand_Trang_2022_2022:CDS	DNA ligase	OQ511520.1_Thailand_Trang_2022_2022:120426-122099	JCHOPBNJ_00131

DiscRep_SUB:FEATURE_LOCATION_CONFLICT::Coding region xref gene does not exist
../../../CURRENT/PANGROWTH/SEQS/OQ511520.1_Thailand_Trang_2022_2022_PROKKA/OQ511520.1_Thailand_Trang_2022_2022:CDS	hypothetical protein	OQ511520.1_Thailand_Trang_2022_2022:122374-128328	JCHOPBNJ_00132

DiscRep_SUB:FEATURE_LOCATION_CONFLICT::Coding region xref gene does not exist
../../../CURRENT/PANGROWTH/SEQS/OQ511520.1_Thailand_Trang_2022_2022_PROKKA/OQ511520.1_Thailand_Trang_2022_2022:CDS	Soluble interferon alpha/beta receptor B18	OQ511520.1_Thailand_Trang_2022_2022:128398-129480	JCHOPBNJ_00133

DiscRep_SUB:FEATURE_LOCATION_CONFLICT::Coding region xref gene does not exist
../../../CURRENT/PANGROWTH/SEQS/OQ511520.1_Thailand_Trang_2022_2022_PROKKA/OQ511520.1_Thailand_Trang_2022_2022:CDS	hypothetical protein	OQ511520.1_Thailand_Trang_2022_2022:129528-129989	JCHOPBNJ_00134

DiscRep_SUB:FEATURE_LOCATION_CONFLICT::Coding region xref gene does not exist
../../../CURRENT/PANGROWTH/SEQS/OQ511520.1_Thailand_Trang_2022_2022_PROKKA/OQ511520.1_Thailand_Trang_2022_2022:CDS	hypothetical protein	OQ511520.1_Thailand_Trang_2022_2022:130055-131062	JCHOPBNJ_00135

DiscRep_SUB:FEATURE_LOCATION_CONFLICT::Coding region xref gene does not exist
../../../CURRENT/PANGROWTH/SEQS/OQ511520.1_Thailand_Trang_2022_2022_PROKKA/OQ511520.1_Thailand_Trang_2022_2022:CDS	hypothetical protein	OQ511520.1_Thailand_Trang_2022_2022:131092-131652	JCHOPBNJ_00136

DiscRep_SUB:FEATURE_LOCATION_CONFLICT::Coding region xref gene does not exist
../../../CURRENT/PANGROWTH/SEQS/OQ511520.1_Thailand_Trang_2022_2022_PROKKA/OQ511520.1_Thailand_Trang_2022_2022:CDS	B1 kinase	OQ511520.1_Thailand_Trang_2022_2022:131691-132608	JCHOPBNJ_00137

DiscRep_SUB:FEATURE_LOCATION_CONFLICT::Coding region xref gene does not exist
../../../CURRENT/PANGROWTH/SEQS/OQ511520.1_Thailand_Trang_2022_2022_PROKKA/OQ511520.1_Thailand_Trang_2022_2022:CDS	hypothetical protein	OQ511520.1_Thailand_Trang_2022_2022:132639-133361	JCHOPBNJ_00138

DiscRep_SUB:FEATURE_LOCATION_CONFLICT::Coding region xref gene does not exist
../../../CURRENT/PANGROWTH/SEQS/OQ511520.1_Thailand_Trang_2022_2022_PROKKA/OQ511520.1_Thailand_Trang_2022_2022:CDS	Protein B5	OQ511520.1_Thailand_Trang_2022_2022:133410-134087	JCHOPBNJ_00139

DiscRep_SUB:FEATURE_LOCATION_CONFLICT::Coding region xref gene does not exist
../../../CURRENT/PANGROWTH/SEQS/OQ511520.1_Thailand_Trang_2022_2022_PROKKA/OQ511520.1_Thailand_Trang_2022_2022:CDS	hypothetical protein	OQ511520.1_Thailand_Trang_2022_2022:134089-134487	JCHOPBNJ_00140

DiscRep_SUB:FEATURE_LOCATION_CONFLICT::Coding region xref gene does not exist
../../../CURRENT/PANGROWTH/SEQS/OQ511520.1_Thailand_Trang_2022_2022_PROKKA/OQ511520.1_Thailand_Trang_2022_2022:CDS	hypothetical protein	OQ511520.1_Thailand_Trang_2022_2022:134524-135432	JCHOPBNJ_00141

DiscRep_SUB:FEATURE_LOCATION_CONFLICT::Coding region xref gene does not exist
../../../CURRENT/PANGROWTH/SEQS/OQ511520.1_Thailand_Trang_2022_2022_PROKKA/OQ511520.1_Thailand_Trang_2022_2022:CDS	Kelch repeat and BTB domain-containing protein A55	OQ511520.1_Thailand_Trang_2022_2022:135601-137253	JCHOPBNJ_00142

DiscRep_SUB:FEATURE_LOCATION_CONFLICT::Coding region xref gene does not exist
../../../CURRENT/PANGROWTH/SEQS/OQ511520.1_Thailand_Trang_2022_2022_PROKKA/OQ511520.1_Thailand_Trang_2022_2022:CDS	hypothetical protein	OQ511520.1_Thailand_Trang_2022_2022:137291-139195	JCHOPBNJ_00143

DiscRep_SUB:FEATURE_LOCATION_CONFLICT::Coding region xref gene does not exist
../../../CURRENT/PANGROWTH/SEQS/OQ511520.1_Thailand_Trang_2022_2022_PROKKA/OQ511520.1_Thailand_Trang_2022_2022:CDS	Envelope phospholipase F13	OQ511520.1_Thailand_Trang_2022_2022:139324-140562	JCHOPBNJ_00144

DiscRep_SUB:FEATURE_LOCATION_CONFLICT::Coding region xref gene does not exist
../../../CURRENT/PANGROWTH/SEQS/OQ511520.1_Thailand_Trang_2022_2022_PROKKA/OQ511520.1_Thailand_Trang_2022_2022:CDS	Ankyrin repeat domain-containing protein M-T5	OQ511520.1_Thailand_Trang_2022_2022:140622-142118	JCHOPBNJ_00145

DiscRep_SUB:FEATURE_LOCATION_CONFLICT::Coding region xref gene does not exist
../../../CURRENT/PANGROWTH/SEQS/OQ511520.1_Thailand_Trang_2022_2022_PROKKA/OQ511520.1_Thailand_Trang_2022_2022:CDS	Ankyrin repeat domain-containing protein M-T5	OQ511520.1_Thailand_Trang_2022_2022:142166-143509	JCHOPBNJ_00146

DiscRep_SUB:FEATURE_LOCATION_CONFLICT::Coding region xref gene does not exist
../../../CURRENT/PANGROWTH/SEQS/OQ511520.1_Thailand_Trang_2022_2022_PROKKA/OQ511520.1_Thailand_Trang_2022_2022:CDS	Serine proteinase inhibitor 2	OQ511520.1_Thailand_Trang_2022_2022:143530-144543	JCHOPBNJ_00147

DiscRep_SUB:FEATURE_LOCATION_CONFLICT::Coding region xref gene does not exist
../../../CURRENT/PANGROWTH/SEQS/OQ511520.1_Thailand_Trang_2022_2022_PROKKA/OQ511520.1_Thailand_Trang_2022_2022:CDS	hypothetical protein	OQ511520.1_Thailand_Trang_2022_2022:144582-145067	JCHOPBNJ_00148

DiscRep_SUB:FEATURE_LOCATION_CONFLICT::Coding region xref gene does not exist
../../../CURRENT/PANGROWTH/SEQS/OQ511520.1_Thailand_Trang_2022_2022_PROKKA/OQ511520.1_Thailand_Trang_2022_2022:CDS	Kelch repeat and BTB domain-containing protein A55	OQ511520.1_Thailand_Trang_2022_2022:145110-146759	JCHOPBNJ_00149

DiscRep_SUB:FEATURE_LOCATION_CONFLICT::Coding region xref gene does not exist
../../../CURRENT/PANGROWTH/SEQS/OQ511520.1_Thailand_Trang_2022_2022_PROKKA/OQ511520.1_Thailand_Trang_2022_2022:CDS	Ankyrin repeat domain-containing protein M-T5	OQ511520.1_Thailand_Trang_2022_2022:146825-148294	JCHOPBNJ_00150

DiscRep_SUB:FEATURE_LOCATION_CONFLICT::Coding region xref gene does not exist
../../../CURRENT/PANGROWTH/SEQS/OQ511520.1_Thailand_Trang_2022_2022_PROKKA/OQ511520.1_Thailand_Trang_2022_2022:CDS	hypothetical protein	OQ511520.1_Thailand_Trang_2022_2022:148339-148614	JCHOPBNJ_00151

DiscRep_SUB:FEATURE_LOCATION_CONFLICT::Coding region xref gene does not exist
../../../CURRENT/PANGROWTH/SEQS/OQ511520.1_Thailand_Trang_2022_2022_PROKKA/OQ511520.1_Thailand_Trang_2022_2022:CDS	hypothetical protein	OQ511520.1_Thailand_Trang_2022_2022:148684-149406	JCHOPBNJ_00152

DiscRep_ALL:SUSPECT_PRODUCT_NAMES::3 product_names contain suspect phrase or characters
DiscRep_SUB:SUSPECT_PRODUCT_NAMES::May contain database identifier more appropriate in note; remove from product name
DiscRep_SUB:SUSPECT_PRODUCT_NAMES::1 features contains three or more numbers together that may be identifiers more appropriate in note
../../../CURRENT/PANGROWTH/SEQS/OQ511520.1_Thailand_Trang_2022_2022_PROKKA/OQ511520.1_Thailand_Trang_2022_2022:CDS	DNA-directed RNA polymerase 133 kDa polypeptide	OQ511520.1_Thailand_Trang_2022_2022:107006-110476	JCHOPBNJ_00113

DiscRep_SUB:SUSPECT_PRODUCT_NAMES::use protein instead of gene as appropriate
DiscRep_SUB:SUSPECT_PRODUCT_NAMES::2 features contains 'gene'
../../../CURRENT/PANGROWTH/SEQS/OQ511520.1_Thailand_Trang_2022_2022_PROKKA/OQ511520.1_Thailand_Trang_2022_2022:CDS	Viral late gene transcription factor 2	OQ511520.1_Thailand_Trang_2022_2022:c86364-85912	JCHOPBNJ_00089
../../../CURRENT/PANGROWTH/SEQS/OQ511520.1_Thailand_Trang_2022_2022_PROKKA/OQ511520.1_Thailand_Trang_2022_2022:CDS	Viral late gene transcription factor 3	OQ511520.1_Thailand_Trang_2022_2022:c87077-86394	JCHOPBNJ_00090

DiscRep_ALL:DISC_QUALITY_SCORES::Quality scores are missing on all sequences.

DiscRep_ALL:ONCALLER_COMMENT_PRESENT::1 comment descriptors were found (all same)
../../../CURRENT/PANGROWTH/SEQS/OQ511520.1_Thailand_Trang_2022_2022_PROKKA/OQ511520.1_Thailand_Trang_2022_2022:OQ511520.1_Thailand_Trang_2022_2022:Annotated using prokka 1.14.6 from https://github.com/tseemann/prokka

DiscRep_ALL:SHORT_PROT_SEQUENCES::2 protein sequences are shorter than 50 aa.
../../../CURRENT/PANGROWTH/SEQS/OQ511520.1_Thailand_Trang_2022_2022_PROKKA/OQ511520.1_Thailand_Trang_2022_2022:OQ511520.1_Thailand_Trang_2022_2022_> (length 48)
../../../CURRENT/PANGROWTH/SEQS/OQ511520.1_Thailand_Trang_2022_2022_PROKKA/OQ511520.1_Thailand_Trang_2022_2022:OQ511520.1_Thailand_Trang_2022_2022_> (length 41)

DiscRep_ALL:MISSING_GENOMEASSEMBLY_COMMENTS::1 bioseqs are missing GenomeAssembly structured comments
../../../CURRENT/PANGROWTH/SEQS/OQ511520.1_Thailand_Trang_2022_2022_PROKKA/OQ511520.1_Thailand_Trang_2022_2022:OQ511520.1_Thailand_Trang_2022_2022 (length 150812, 2001 gap)

DiscRep_ALL:MOLTYPE_NOT_MRNA::1 molecule types are not set as mRNA.
../../../CURRENT/PANGROWTH/SEQS/OQ511520.1_Thailand_Trang_2022_2022_PROKKA/OQ511520.1_Thailand_Trang_2022_2022:OQ511520.1_Thailand_Trang_2022_2022 (length 150812, 2001 gap)

DiscRep_ALL:TECHNIQUE_NOT_TSA::1 technique are not set as TSA
../../../CURRENT/PANGROWTH/SEQS/OQ511520.1_Thailand_Trang_2022_2022_PROKKA/OQ511520.1_Thailand_Trang_2022_2022:OQ511520.1_Thailand_Trang_2022_2022 (length 150812, 2001 gap)

DiscRep_ALL:MISSING_STRUCTURED_COMMENT::1 sequences do not include structured comments.
../../../CURRENT/PANGROWTH/SEQS/OQ511520.1_Thailand_Trang_2022_2022_PROKKA/OQ511520.1_Thailand_Trang_2022_2022:OQ511520.1_Thailand_Trang_2022_2022 (length 150812, 2001 gap)

DiscRep_ALL:MISSING_PROJECT::153 sequences do not include project.
../../../CURRENT/PANGROWTH/SEQS/OQ511520.1_Thailand_Trang_2022_2022_PROKKA/OQ511520.1_Thailand_Trang_2022_2022:OQ511520.1_Thailand_Trang_2022_2022 (length 150812, 2001 gap)
../../../CURRENT/PANGROWTH/SEQS/OQ511520.1_Thailand_Trang_2022_2022_PROKKA/OQ511520.1_Thailand_Trang_2022_2022:OQ511520.1_Thailand_Trang_2022_2022_1 (length 240)
../../../CURRENT/PANGROWTH/SEQS/OQ511520.1_Thailand_Trang_2022_2022_PROKKA/OQ511520.1_Thailand_Trang_2022_2022:OQ511520.1_Thailand_Trang_2022_2022_2 (length 170)
../../../CURRENT/PANGROWTH/SEQS/OQ511520.1_Thailand_Trang_2022_2022_PROKKA/OQ511520.1_Thailand_Trang_2022_2022:OQ511520.1_Thailand_Trang_2022_2022_3 (length 231)
../../../CURRENT/PANGROWTH/SEQS/OQ511520.1_Thailand_Trang_2022_2022_PROKKA/OQ511520.1_Thailand_Trang_2022_2022:OQ511520.1_Thailand_Trang_2022_2022_4 (length 355)
../../../CURRENT/PANGROWTH/SEQS/OQ511520.1_Thailand_Trang_2022_2022_PROKKA/OQ511520.1_Thailand_Trang_2022_2022:OQ511520.1_Thailand_Trang_2022_2022_5 (length 275)
../../../CURRENT/PANGROWTH/SEQS/OQ511520.1_Thailand_Trang_2022_2022_PROKKA/OQ511520.1_Thailand_Trang_2022_2022:OQ511520.1_Thailand_Trang_2022_2022_6 (length 230)
../../../CURRENT/PANGROWTH/SEQS/OQ511520.1_Thailand_Trang_2022_2022_PROKKA/OQ511520.1_Thailand_Trang_2022_2022:OQ511520.1_Thailand_Trang_2022_2022_7 (length 162)
../../../CURRENT/PANGROWTH/SEQS/OQ511520.1_Thailand_Trang_2022_2022_PROKKA/OQ511520.1_Thailand_Trang_2022_2022:OQ511520.1_Thailand_Trang_2022_2022_8 (length 381)
../../../CURRENT/PANGROWTH/SEQS/OQ511520.1_Thailand_Trang_2022_2022_PROKKA/OQ511520.1_Thailand_Trang_2022_2022:OQ511520.1_Thailand_Trang_2022_2022_9 (length 211)
../../../CURRENT/PANGROWTH/SEQS/OQ511520.1_Thailand_Trang_2022_2022_PROKKA/OQ511520.1_Thailand_Trang_2022_2022:OQ511520.1_Thailand_Trang_2022_2022_> (length 341)
../../../CURRENT/PANGROWTH/SEQS/OQ511520.1_Thailand_Trang_2022_2022_PROKKA/OQ511520.1_Thailand_Trang_2022_2022:OQ511520.1_Thailand_Trang_2022_2022_> (length 89)
../../../CURRENT/PANGROWTH/SEQS/OQ511520.1_Thailand_Trang_2022_2022_PROKKA/OQ511520.1_Thailand_Trang_2022_2022:OQ511520.1_Thailand_Trang_2022_2022_> (length 161)
../../../CURRENT/PANGROWTH/SEQS/OQ511520.1_Thailand_Trang_2022_2022_PROKKA/OQ511520.1_Thailand_Trang_2022_2022:OQ511520.1_Thailand_Trang_2022_2022_> (length 89)
../../../CURRENT/PANGROWTH/SEQS/OQ511520.1_Thailand_Trang_2022_2022_PROKKA/OQ511520.1_Thailand_Trang_2022_2022:OQ511520.1_Thailand_Trang_2022_2022_> (length 176)
../../../CURRENT/PANGROWTH/SEQS/OQ511520.1_Thailand_Trang_2022_2022_PROKKA/OQ511520.1_Thailand_Trang_2022_2022:OQ511520.1_Thailand_Trang_2022_2022_> (length 146)
../../../CURRENT/PANGROWTH/SEQS/OQ511520.1_Thailand_Trang_2022_2022_PROKKA/OQ511520.1_Thailand_Trang_2022_2022:OQ511520.1_Thailand_Trang_2022_2022_> (length 421)
../../../CURRENT/PANGROWTH/SEQS/OQ511520.1_Thailand_Trang_2022_2022_PROKKA/OQ511520.1_Thailand_Trang_2022_2022:OQ511520.1_Thailand_Trang_2022_2022_> (length 150)
../../../CURRENT/PANGROWTH/SEQS/OQ511520.1_Thailand_Trang_2022_2022_PROKKA/OQ511520.1_Thailand_Trang_2022_2022:OQ511520.1_Thailand_Trang_2022_2022_> (length 321)
../../../CURRENT/PANGROWTH/SEQS/OQ511520.1_Thailand_Trang_2022_2022_PROKKA/OQ511520.1_Thailand_Trang_2022_2022:OQ511520.1_Thailand_Trang_2022_2022_> (length 86)
../../../CURRENT/PANGROWTH/SEQS/OQ511520.1_Thailand_Trang_2022_2022_PROKKA/OQ511520.1_Thailand_Trang_2022_2022:OQ511520.1_Thailand_Trang_2022_2022_> (length 112)
../../../CURRENT/PANGROWTH/SEQS/OQ511520.1_Thailand_Trang_2022_2022_PROKKA/OQ511520.1_Thailand_Trang_2022_2022:OQ511520.1_Thailand_Trang_2022_2022_> (length 72)
../../../CURRENT/PANGROWTH/SEQS/OQ511520.1_Thailand_Trang_2022_2022_PROKKA/OQ511520.1_Thailand_Trang_2022_2022:OQ511520.1_Thailand_Trang_2022_2022_> (length 216)
../../../CURRENT/PANGROWTH/SEQS/OQ511520.1_Thailand_Trang_2022_2022_PROKKA/OQ511520.1_Thailand_Trang_2022_2022:OQ511520.1_Thailand_Trang_2022_2022_> (length 447)
../../../CURRENT/PANGROWTH/SEQS/OQ511520.1_Thailand_Trang_2022_2022_PROKKA/OQ511520.1_Thailand_Trang_2022_2022:OQ511520.1_Thailand_Trang_2022_2022_> (length 302)
../../../CURRENT/PANGROWTH/SEQS/OQ511520.1_Thailand_Trang_2022_2022_PROKKA/OQ511520.1_Thailand_Trang_2022_2022:OQ511520.1_Thailand_Trang_2022_2022_> (length 638)
../../../CURRENT/PANGROWTH/SEQS/OQ511520.1_Thailand_Trang_2022_2022_PROKKA/OQ511520.1_Thailand_Trang_2022_2022:OQ511520.1_Thailand_Trang_2022_2022_> (length 370)
../../../CURRENT/PANGROWTH/SEQS/OQ511520.1_Thailand_Trang_2022_2022_PROKKA/OQ511520.1_Thailand_Trang_2022_2022:OQ511520.1_Thailand_Trang_2022_2022_> (length 48)
../../../CURRENT/PANGROWTH/SEQS/OQ511520.1_Thailand_Trang_2022_2022_PROKKA/OQ511520.1_Thailand_Trang_2022_2022:OQ511520.1_Thailand_Trang_2022_2022_> (length 145)
../../../CURRENT/PANGROWTH/SEQS/OQ511520.1_Thailand_Trang_2022_2022_PROKKA/OQ511520.1_Thailand_Trang_2022_2022:OQ511520.1_Thailand_Trang_2022_2022_> (length 219)
../../../CURRENT/PANGROWTH/SEQS/OQ511520.1_Thailand_Trang_2022_2022_PROKKA/OQ511520.1_Thailand_Trang_2022_2022:OQ511520.1_Thailand_Trang_2022_2022_> (length 104)
../../../CURRENT/PANGROWTH/SEQS/OQ511520.1_Thailand_Trang_2022_2022_PROKKA/OQ511520.1_Thailand_Trang_2022_2022:OQ511520.1_Thailand_Trang_2022_2022_> (length 474)
../../../CURRENT/PANGROWTH/SEQS/OQ511520.1_Thailand_Trang_2022_2022_PROKKA/OQ511520.1_Thailand_Trang_2022_2022:OQ511520.1_Thailand_Trang_2022_2022_> (length 735)
../../../CURRENT/PANGROWTH/SEQS/OQ511520.1_Thailand_Trang_2022_2022_PROKKA/OQ511520.1_Thailand_Trang_2022_2022:OQ511520.1_Thailand_Trang_2022_2022_> (length 192)
../../../CURRENT/PANGROWTH/SEQS/OQ511520.1_Thailand_Trang_2022_2022_PROKKA/OQ511520.1_Thailand_Trang_2022_2022:OQ511520.1_Thailand_Trang_2022_2022_> (length 201)
../../../CURRENT/PANGROWTH/SEQS/OQ511520.1_Thailand_Trang_2022_2022_PROKKA/OQ511520.1_Thailand_Trang_2022_2022:OQ511520.1_Thailand_Trang_2022_2022_> (length 374)
../../../CURRENT/PANGROWTH/SEQS/OQ511520.1_Thailand_Trang_2022_2022_PROKKA/OQ511520.1_Thailand_Trang_2022_2022:OQ511520.1_Thailand_Trang_2022_2022_> (length 566)
../../../CURRENT/PANGROWTH/SEQS/OQ511520.1_Thailand_Trang_2022_2022_PROKKA/OQ511520.1_Thailand_Trang_2022_2022:OQ511520.1_Thailand_Trang_2022_2022_> (length 266)
../../../CURRENT/PANGROWTH/SEQS/OQ511520.1_Thailand_Trang_2022_2022_PROKKA/OQ511520.1_Thailand_Trang_2022_2022:OQ511520.1_Thailand_Trang_2022_2022_> (length 1010)
../../../CURRENT/PANGROWTH/SEQS/OQ511520.1_Thailand_Trang_2022_2022_PROKKA/OQ511520.1_Thailand_Trang_2022_2022:OQ511520.1_Thailand_Trang_2022_2022_> (length 95)
../../../CURRENT/PANGROWTH/SEQS/OQ511520.1_Thailand_Trang_2022_2022_PROKKA/OQ511520.1_Thailand_Trang_2022_2022:OQ511520.1_Thailand_Trang_2022_2022_> (length 130)
../../../CURRENT/PANGROWTH/SEQS/OQ511520.1_Thailand_Trang_2022_2022_PROKKA/OQ511520.1_Thailand_Trang_2022_2022:OQ511520.1_Thailand_Trang_2022_2022_> (length 684)
../../../CURRENT/PANGROWTH/SEQS/OQ511520.1_Thailand_Trang_2022_2022_PROKKA/OQ511520.1_Thailand_Trang_2022_2022:OQ511520.1_Thailand_Trang_2022_2022_> (length 314)
../../../CURRENT/PANGROWTH/SEQS/OQ511520.1_Thailand_Trang_2022_2022_PROKKA/OQ511520.1_Thailand_Trang_2022_2022:OQ511520.1_Thailand_Trang_2022_2022_> (length 72)
../../../CURRENT/PANGROWTH/SEQS/OQ511520.1_Thailand_Trang_2022_2022_PROKKA/OQ511520.1_Thailand_Trang_2022_2022:OQ511520.1_Thailand_Trang_2022_2022_> (length 276)
../../../CURRENT/PANGROWTH/SEQS/OQ511520.1_Thailand_Trang_2022_2022_PROKKA/OQ511520.1_Thailand_Trang_2022_2022:OQ511520.1_Thailand_Trang_2022_2022_> (length 78)
../../../CURRENT/PANGROWTH/SEQS/OQ511520.1_Thailand_Trang_2022_2022_PROKKA/OQ511520.1_Thailand_Trang_2022_2022:OQ511520.1_Thailand_Trang_2022_2022_> (length 394)
../../../CURRENT/PANGROWTH/SEQS/OQ511520.1_Thailand_Trang_2022_2022_PROKKA/OQ511520.1_Thailand_Trang_2022_2022:OQ511520.1_Thailand_Trang_2022_2022_> (length 433)
../../../CURRENT/PANGROWTH/SEQS/OQ511520.1_Thailand_Trang_2022_2022_PROKKA/OQ511520.1_Thailand_Trang_2022_2022:OQ511520.1_Thailand_Trang_2022_2022_> (length 676)
../../../CURRENT/PANGROWTH/SEQS/OQ511520.1_Thailand_Trang_2022_2022_PROKKA/OQ511520.1_Thailand_Trang_2022_2022:OQ511520.1_Thailand_Trang_2022_2022_> (length 596)
../../../CURRENT/PANGROWTH/SEQS/OQ511520.1_Thailand_Trang_2022_2022_PROKKA/OQ511520.1_Thailand_Trang_2022_2022:OQ511520.1_Thailand_Trang_2022_2022_> (length 81)
../../../CURRENT/PANGROWTH/SEQS/OQ511520.1_Thailand_Trang_2022_2022_PROKKA/OQ511520.1_Thailand_Trang_2022_2022:OQ511520.1_Thailand_Trang_2022_2022_> (length 222)
../../../CURRENT/PANGROWTH/SEQS/OQ511520.1_Thailand_Trang_2022_2022_PROKKA/OQ511520.1_Thailand_Trang_2022_2022:OQ511520.1_Thailand_Trang_2022_2022_> (length 126)
../../../CURRENT/PANGROWTH/SEQS/OQ511520.1_Thailand_Trang_2022_2022_PROKKA/OQ511520.1_Thailand_Trang_2022_2022:OQ511520.1_Thailand_Trang_2022_2022_> (length 437)
../../../CURRENT/PANGROWTH/SEQS/OQ511520.1_Thailand_Trang_2022_2022_PROKKA/OQ511520.1_Thailand_Trang_2022_2022:OQ511520.1_Thailand_Trang_2022_2022_> (length 63)
../../../CURRENT/PANGROWTH/SEQS/OQ511520.1_Thailand_Trang_2022_2022_PROKKA/OQ511520.1_Thailand_Trang_2022_2022:OQ511520.1_Thailand_Trang_2022_2022_> (length 174)
../../../CURRENT/PANGROWTH/SEQS/OQ511520.1_Thailand_Trang_2022_2022_PROKKA/OQ511520.1_Thailand_Trang_2022_2022:OQ511520.1_Thailand_Trang_2022_2022_> (length 373)
../../../CURRENT/PANGROWTH/SEQS/OQ511520.1_Thailand_Trang_2022_2022_PROKKA/OQ511520.1_Thailand_Trang_2022_2022:OQ511520.1_Thailand_Trang_2022_2022_> (length 260)
../../../CURRENT/PANGROWTH/SEQS/OQ511520.1_Thailand_Trang_2022_2022_PROKKA/OQ511520.1_Thailand_Trang_2022_2022:OQ511520.1_Thailand_Trang_2022_2022_> (length 336)
../../../CURRENT/PANGROWTH/SEQS/OQ511520.1_Thailand_Trang_2022_2022_PROKKA/OQ511520.1_Thailand_Trang_2022_2022:OQ511520.1_Thailand_Trang_2022_2022_> (length 245)
../../../CURRENT/PANGROWTH/SEQS/OQ511520.1_Thailand_Trang_2022_2022_PROKKA/OQ511520.1_Thailand_Trang_2022_2022:OQ511520.1_Thailand_Trang_2022_2022_> (length 92)
../../../CURRENT/PANGROWTH/SEQS/OQ511520.1_Thailand_Trang_2022_2022_PROKKA/OQ511520.1_Thailand_Trang_2022_2022:OQ511520.1_Thailand_Trang_2022_2022_> (length 318)
../../../CURRENT/PANGROWTH/SEQS/OQ511520.1_Thailand_Trang_2022_2022_PROKKA/OQ511520.1_Thailand_Trang_2022_2022:OQ511520.1_Thailand_Trang_2022_2022_> (length 253)
../../../CURRENT/PANGROWTH/SEQS/OQ511520.1_Thailand_Trang_2022_2022_PROKKA/OQ511520.1_Thailand_Trang_2022_2022:OQ511520.1_Thailand_Trang_2022_2022_> (length 131)
../../../CURRENT/PANGROWTH/SEQS/OQ511520.1_Thailand_Trang_2022_2022_PROKKA/OQ511520.1_Thailand_Trang_2022_2022:OQ511520.1_Thailand_Trang_2022_2022_> (length 148)
../../../CURRENT/PANGROWTH/SEQS/OQ511520.1_Thailand_Trang_2022_2022_PROKKA/OQ511520.1_Thailand_Trang_2022_2022:OQ511520.1_Thailand_Trang_2022_2022_> (length 177)
../../../CURRENT/PANGROWTH/SEQS/OQ511520.1_Thailand_Trang_2022_2022_PROKKA/OQ511520.1_Thailand_Trang_2022_2022:OQ511520.1_Thailand_Trang_2022_2022_> (length 197)
../../../CURRENT/PANGROWTH/SEQS/OQ511520.1_Thailand_Trang_2022_2022_PROKKA/OQ511520.1_Thailand_Trang_2022_2022:OQ511520.1_Thailand_Trang_2022_2022_> (length 333)
../../../CURRENT/PANGROWTH/SEQS/OQ511520.1_Thailand_Trang_2022_2022_PROKKA/OQ511520.1_Thailand_Trang_2022_2022:OQ511520.1_Thailand_Trang_2022_2022_> (length 133)
../../../CURRENT/PANGROWTH/SEQS/OQ511520.1_Thailand_Trang_2022_2022_PROKKA/OQ511520.1_Thailand_Trang_2022_2022:OQ511520.1_Thailand_Trang_2022_2022_> (length 1285)
../../../CURRENT/PANGROWTH/SEQS/OQ511520.1_Thailand_Trang_2022_2022_PROKKA/OQ511520.1_Thailand_Trang_2022_2022:OQ511520.1_Thailand_Trang_2022_2022_> (length 171)
../../../CURRENT/PANGROWTH/SEQS/OQ511520.1_Thailand_Trang_2022_2022_PROKKA/OQ511520.1_Thailand_Trang_2022_2022:OQ511520.1_Thailand_Trang_2022_2022_> (length 190)
../../../CURRENT/PANGROWTH/SEQS/OQ511520.1_Thailand_Trang_2022_2022_PROKKA/OQ511520.1_Thailand_Trang_2022_2022:OQ511520.1_Thailand_Trang_2022_2022_> (length 322)
../../../CURRENT/PANGROWTH/SEQS/OQ511520.1_Thailand_Trang_2022_2022_PROKKA/OQ511520.1_Thailand_Trang_2022_2022:OQ511520.1_Thailand_Trang_2022_2022_> (length 798)
../../../CURRENT/PANGROWTH/SEQS/OQ511520.1_Thailand_Trang_2022_2022_PROKKA/OQ511520.1_Thailand_Trang_2022_2022:OQ511520.1_Thailand_Trang_2022_2022_> (length 223)
../../../CURRENT/PANGROWTH/SEQS/OQ511520.1_Thailand_Trang_2022_2022_PROKKA/OQ511520.1_Thailand_Trang_2022_2022:OQ511520.1_Thailand_Trang_2022_2022_> (length 317)
../../../CURRENT/PANGROWTH/SEQS/OQ511520.1_Thailand_Trang_2022_2022_PROKKA/OQ511520.1_Thailand_Trang_2022_2022:OQ511520.1_Thailand_Trang_2022_2022_> (length 147)
../../../CURRENT/PANGROWTH/SEQS/OQ511520.1_Thailand_Trang_2022_2022_PROKKA/OQ511520.1_Thailand_Trang_2022_2022:OQ511520.1_Thailand_Trang_2022_2022_> (length 842)
../../../CURRENT/PANGROWTH/SEQS/OQ511520.1_Thailand_Trang_2022_2022_PROKKA/OQ511520.1_Thailand_Trang_2022_2022:OQ511520.1_Thailand_Trang_2022_2022_> (length 155)
../../../CURRENT/PANGROWTH/SEQS/OQ511520.1_Thailand_Trang_2022_2022_PROKKA/OQ511520.1_Thailand_Trang_2022_2022:OQ511520.1_Thailand_Trang_2022_2022_> (length 245)
../../../CURRENT/PANGROWTH/SEQS/OQ511520.1_Thailand_Trang_2022_2022_PROKKA/OQ511520.1_Thailand_Trang_2022_2022:OQ511520.1_Thailand_Trang_2022_2022_> (length 218)
../../../CURRENT/PANGROWTH/SEQS/OQ511520.1_Thailand_Trang_2022_2022_PROKKA/OQ511520.1_Thailand_Trang_2022_2022:OQ511520.1_Thailand_Trang_2022_2022_> (length 786)
../../../CURRENT/PANGROWTH/SEQS/OQ511520.1_Thailand_Trang_2022_2022_PROKKA/OQ511520.1_Thailand_Trang_2022_2022:OQ511520.1_Thailand_Trang_2022_2022_> (length 635)
../../../CURRENT/PANGROWTH/SEQS/OQ511520.1_Thailand_Trang_2022_2022_PROKKA/OQ511520.1_Thailand_Trang_2022_2022:OQ511520.1_Thailand_Trang_2022_2022_> (length 163)
../../../CURRENT/PANGROWTH/SEQS/OQ511520.1_Thailand_Trang_2022_2022_PROKKA/OQ511520.1_Thailand_Trang_2022_2022:OQ511520.1_Thailand_Trang_2022_2022_> (length 213)
../../../CURRENT/PANGROWTH/SEQS/OQ511520.1_Thailand_Trang_2022_2022_PROKKA/OQ511520.1_Thailand_Trang_2022_2022:OQ511520.1_Thailand_Trang_2022_2022_> (length 253)
../../../CURRENT/PANGROWTH/SEQS/OQ511520.1_Thailand_Trang_2022_2022_PROKKA/OQ511520.1_Thailand_Trang_2022_2022:OQ511520.1_Thailand_Trang_2022_2022_> (length 635)
../../../CURRENT/PANGROWTH/SEQS/OQ511520.1_Thailand_Trang_2022_2022_PROKKA/OQ511520.1_Thailand_Trang_2022_2022:OQ511520.1_Thailand_Trang_2022_2022_> (length 287)
../../../CURRENT/PANGROWTH/SEQS/OQ511520.1_Thailand_Trang_2022_2022_PROKKA/OQ511520.1_Thailand_Trang_2022_2022:OQ511520.1_Thailand_Trang_2022_2022_> (length 549)
../../../CURRENT/PANGROWTH/SEQS/OQ511520.1_Thailand_Trang_2022_2022_PROKKA/OQ511520.1_Thailand_Trang_2022_2022:OQ511520.1_Thailand_Trang_2022_2022_> (length 150)
../../../CURRENT/PANGROWTH/SEQS/OQ511520.1_Thailand_Trang_2022_2022_PROKKA/OQ511520.1_Thailand_Trang_2022_2022:OQ511520.1_Thailand_Trang_2022_2022_> (length 227)
../../../CURRENT/PANGROWTH/SEQS/OQ511520.1_Thailand_Trang_2022_2022_PROKKA/OQ511520.1_Thailand_Trang_2022_2022:OQ511520.1_Thailand_Trang_2022_2022_> (length 75)
../../../CURRENT/PANGROWTH/SEQS/OQ511520.1_Thailand_Trang_2022_2022_PROKKA/OQ511520.1_Thailand_Trang_2022_2022:OQ511520.1_Thailand_Trang_2022_2022_> (length 661)
../../../CURRENT/PANGROWTH/SEQS/OQ511520.1_Thailand_Trang_2022_2022_PROKKA/OQ511520.1_Thailand_Trang_2022_2022:OQ511520.1_Thailand_Trang_2022_2022_> (length 161)
../../../CURRENT/PANGROWTH/SEQS/OQ511520.1_Thailand_Trang_2022_2022_PROKKA/OQ511520.1_Thailand_Trang_2022_2022:OQ511520.1_Thailand_Trang_2022_2022_> (length 170)
../../../CURRENT/PANGROWTH/SEQS/OQ511520.1_Thailand_Trang_2022_2022_PROKKA/OQ511520.1_Thailand_Trang_2022_2022:OQ511520.1_Thailand_Trang_2022_2022_> (length 375)
../../../CURRENT/PANGROWTH/SEQS/OQ511520.1_Thailand_Trang_2022_2022_PROKKA/OQ511520.1_Thailand_Trang_2022_2022:OQ511520.1_Thailand_Trang_2022_2022_> (length 714)
../../../CURRENT/PANGROWTH/SEQS/OQ511520.1_Thailand_Trang_2022_2022_PROKKA/OQ511520.1_Thailand_Trang_2022_2022:OQ511520.1_Thailand_Trang_2022_2022_> (length 290)
../../../CURRENT/PANGROWTH/SEQS/OQ511520.1_Thailand_Trang_2022_2022_PROKKA/OQ511520.1_Thailand_Trang_2022_2022:OQ511520.1_Thailand_Trang_2022_2022_> (length 78)
../../../CURRENT/PANGROWTH/SEQS/OQ511520.1_Thailand_Trang_2022_2022_PROKKA/OQ511520.1_Thailand_Trang_2022_2022:OQ511520.1_Thailand_Trang_2022_2022_> (length 904)
../../../CURRENT/PANGROWTH/SEQS/OQ511520.1_Thailand_Trang_2022_2022_PROKKA/OQ511520.1_Thailand_Trang_2022_2022:OQ511520.1_Thailand_Trang_2022_2022_> (length 317)
../../../CURRENT/PANGROWTH/SEQS/OQ511520.1_Thailand_Trang_2022_2022_PROKKA/OQ511520.1_Thailand_Trang_2022_2022:OQ511520.1_Thailand_Trang_2022_2022_> (length 190)
../../../CURRENT/PANGROWTH/SEQS/OQ511520.1_Thailand_Trang_2022_2022_PROKKA/OQ511520.1_Thailand_Trang_2022_2022:OQ511520.1_Thailand_Trang_2022_2022_> (length 67)
../../../CURRENT/PANGROWTH/SEQS/OQ511520.1_Thailand_Trang_2022_2022_PROKKA/OQ511520.1_Thailand_Trang_2022_2022:OQ511520.1_Thailand_Trang_2022_2022_> (length 95)
../../../CURRENT/PANGROWTH/SEQS/OQ511520.1_Thailand_Trang_2022_2022_PROKKA/OQ511520.1_Thailand_Trang_2022_2022:OQ511520.1_Thailand_Trang_2022_2022_> (length 95)
../../../CURRENT/PANGROWTH/SEQS/OQ511520.1_Thailand_Trang_2022_2022_PROKKA/OQ511520.1_Thailand_Trang_2022_2022:OQ511520.1_Thailand_Trang_2022_2022_> (length 377)
../../../CURRENT/PANGROWTH/SEQS/OQ511520.1_Thailand_Trang_2022_2022_PROKKA/OQ511520.1_Thailand_Trang_2022_2022:OQ511520.1_Thailand_Trang_2022_2022_> (length 196)
../../../CURRENT/PANGROWTH/SEQS/OQ511520.1_Thailand_Trang_2022_2022_PROKKA/OQ511520.1_Thailand_Trang_2022_2022:OQ511520.1_Thailand_Trang_2022_2022_> (length 480)
../../../CURRENT/PANGROWTH/SEQS/OQ511520.1_Thailand_Trang_2022_2022_PROKKA/OQ511520.1_Thailand_Trang_2022_2022:OQ511520.1_Thailand_Trang_2022_2022_> (length 74)
../../../CURRENT/PANGROWTH/SEQS/OQ511520.1_Thailand_Trang_2022_2022_PROKKA/OQ511520.1_Thailand_Trang_2022_2022:OQ511520.1_Thailand_Trang_2022_2022_> (length 52)
../../../CURRENT/PANGROWTH/SEQS/OQ511520.1_Thailand_Trang_2022_2022_PROKKA/OQ511520.1_Thailand_Trang_2022_2022:OQ511520.1_Thailand_Trang_2022_2022_> (length 430)
../../../CURRENT/PANGROWTH/SEQS/OQ511520.1_Thailand_Trang_2022_2022_PROKKA/OQ511520.1_Thailand_Trang_2022_2022:OQ511520.1_Thailand_Trang_2022_2022_> (length 179)
../../../CURRENT/PANGROWTH/SEQS/OQ511520.1_Thailand_Trang_2022_2022_PROKKA/OQ511520.1_Thailand_Trang_2022_2022:OQ511520.1_Thailand_Trang_2022_2022_> (length 385)
../../../CURRENT/PANGROWTH/SEQS/OQ511520.1_Thailand_Trang_2022_2022_PROKKA/OQ511520.1_Thailand_Trang_2022_2022:OQ511520.1_Thailand_Trang_2022_2022_> (length 1156)
../../../CURRENT/PANGROWTH/SEQS/OQ511520.1_Thailand_Trang_2022_2022_PROKKA/OQ511520.1_Thailand_Trang_2022_2022:OQ511520.1_Thailand_Trang_2022_2022_> (length 148)
../../../CURRENT/PANGROWTH/SEQS/OQ511520.1_Thailand_Trang_2022_2022_PROKKA/OQ511520.1_Thailand_Trang_2022_2022:OQ511520.1_Thailand_Trang_2022_2022_> (length 140)
../../../CURRENT/PANGROWTH/SEQS/OQ511520.1_Thailand_Trang_2022_2022_PROKKA/OQ511520.1_Thailand_Trang_2022_2022:OQ511520.1_Thailand_Trang_2022_2022_> (length 303)
../../../CURRENT/PANGROWTH/SEQS/OQ511520.1_Thailand_Trang_2022_2022_PROKKA/OQ511520.1_Thailand_Trang_2022_2022:OQ511520.1_Thailand_Trang_2022_2022_> (length 74)
../../../CURRENT/PANGROWTH/SEQS/OQ511520.1_Thailand_Trang_2022_2022_PROKKA/OQ511520.1_Thailand_Trang_2022_2022:OQ511520.1_Thailand_Trang_2022_2022_> (length 41)
../../../CURRENT/PANGROWTH/SEQS/OQ511520.1_Thailand_Trang_2022_2022_PROKKA/OQ511520.1_Thailand_Trang_2022_2022:OQ511520.1_Thailand_Trang_2022_2022_> (length 254)
../../../CURRENT/PANGROWTH/SEQS/OQ511520.1_Thailand_Trang_2022_2022_PROKKA/OQ511520.1_Thailand_Trang_2022_2022:OQ511520.1_Thailand_Trang_2022_2022_> (length 196)
../../../CURRENT/PANGROWTH/SEQS/OQ511520.1_Thailand_Trang_2022_2022_PROKKA/OQ511520.1_Thailand_Trang_2022_2022:OQ511520.1_Thailand_Trang_2022_2022_> (length 171)
../../../CURRENT/PANGROWTH/SEQS/OQ511520.1_Thailand_Trang_2022_2022_PROKKA/OQ511520.1_Thailand_Trang_2022_2022:OQ511520.1_Thailand_Trang_2022_2022_> (length 191)
../../../CURRENT/PANGROWTH/SEQS/OQ511520.1_Thailand_Trang_2022_2022_PROKKA/OQ511520.1_Thailand_Trang_2022_2022:OQ511520.1_Thailand_Trang_2022_2022_> (length 288)
../../../CURRENT/PANGROWTH/SEQS/OQ511520.1_Thailand_Trang_2022_2022_PROKKA/OQ511520.1_Thailand_Trang_2022_2022:OQ511520.1_Thailand_Trang_2022_2022_> (length 172)
../../../CURRENT/PANGROWTH/SEQS/OQ511520.1_Thailand_Trang_2022_2022_PROKKA/OQ511520.1_Thailand_Trang_2022_2022:OQ511520.1_Thailand_Trang_2022_2022_> (length 273)
../../../CURRENT/PANGROWTH/SEQS/OQ511520.1_Thailand_Trang_2022_2022_PROKKA/OQ511520.1_Thailand_Trang_2022_2022:OQ511520.1_Thailand_Trang_2022_2022_> (length 300)
../../../CURRENT/PANGROWTH/SEQS/OQ511520.1_Thailand_Trang_2022_2022_PROKKA/OQ511520.1_Thailand_Trang_2022_2022:OQ511520.1_Thailand_Trang_2022_2022_> (length 123)
../../../CURRENT/PANGROWTH/SEQS/OQ511520.1_Thailand_Trang_2022_2022_PROKKA/OQ511520.1_Thailand_Trang_2022_2022:OQ511520.1_Thailand_Trang_2022_2022_> (length 81)
../../../CURRENT/PANGROWTH/SEQS/OQ511520.1_Thailand_Trang_2022_2022_PROKKA/OQ511520.1_Thailand_Trang_2022_2022:OQ511520.1_Thailand_Trang_2022_2022_> (length 161)
../../../CURRENT/PANGROWTH/SEQS/OQ511520.1_Thailand_Trang_2022_2022_PROKKA/OQ511520.1_Thailand_Trang_2022_2022:OQ511520.1_Thailand_Trang_2022_2022_> (length 149)
../../../CURRENT/PANGROWTH/SEQS/OQ511520.1_Thailand_Trang_2022_2022_PROKKA/OQ511520.1_Thailand_Trang_2022_2022:OQ511520.1_Thailand_Trang_2022_2022_> (length 557)
../../../CURRENT/PANGROWTH/SEQS/OQ511520.1_Thailand_Trang_2022_2022_PROKKA/OQ511520.1_Thailand_Trang_2022_2022:OQ511520.1_Thailand_Trang_2022_2022_> (length 1984)
../../../CURRENT/PANGROWTH/SEQS/OQ511520.1_Thailand_Trang_2022_2022_PROKKA/OQ511520.1_Thailand_Trang_2022_2022:OQ511520.1_Thailand_Trang_2022_2022_> (length 360)
../../../CURRENT/PANGROWTH/SEQS/OQ511520.1_Thailand_Trang_2022_2022_PROKKA/OQ511520.1_Thailand_Trang_2022_2022:OQ511520.1_Thailand_Trang_2022_2022_> (length 153)
../../../CURRENT/PANGROWTH/SEQS/OQ511520.1_Thailand_Trang_2022_2022_PROKKA/OQ511520.1_Thailand_Trang_2022_2022:OQ511520.1_Thailand_Trang_2022_2022_> (length 335)
../../../CURRENT/PANGROWTH/SEQS/OQ511520.1_Thailand_Trang_2022_2022_PROKKA/OQ511520.1_Thailand_Trang_2022_2022:OQ511520.1_Thailand_Trang_2022_2022_> (length 186)
../../../CURRENT/PANGROWTH/SEQS/OQ511520.1_Thailand_Trang_2022_2022_PROKKA/OQ511520.1_Thailand_Trang_2022_2022:OQ511520.1_Thailand_Trang_2022_2022_> (length 305)
../../../CURRENT/PANGROWTH/SEQS/OQ511520.1_Thailand_Trang_2022_2022_PROKKA/OQ511520.1_Thailand_Trang_2022_2022:OQ511520.1_Thailand_Trang_2022_2022_> (length 240)
../../../CURRENT/PANGROWTH/SEQS/OQ511520.1_Thailand_Trang_2022_2022_PROKKA/OQ511520.1_Thailand_Trang_2022_2022:OQ511520.1_Thailand_Trang_2022_2022_> (length 225)
../../../CURRENT/PANGROWTH/SEQS/OQ511520.1_Thailand_Trang_2022_2022_PROKKA/OQ511520.1_Thailand_Trang_2022_2022:OQ511520.1_Thailand_Trang_2022_2022_> (length 132)
../../../CURRENT/PANGROWTH/SEQS/OQ511520.1_Thailand_Trang_2022_2022_PROKKA/OQ511520.1_Thailand_Trang_2022_2022:OQ511520.1_Thailand_Trang_2022_2022_> (length 302)
../../../CURRENT/PANGROWTH/SEQS/OQ511520.1_Thailand_Trang_2022_2022_PROKKA/OQ511520.1_Thailand_Trang_2022_2022:OQ511520.1_Thailand_Trang_2022_2022_> (length 550)
../../../CURRENT/PANGROWTH/SEQS/OQ511520.1_Thailand_Trang_2022_2022_PROKKA/OQ511520.1_Thailand_Trang_2022_2022:OQ511520.1_Thailand_Trang_2022_2022_> (length 634)
../../../CURRENT/PANGROWTH/SEQS/OQ511520.1_Thailand_Trang_2022_2022_PROKKA/OQ511520.1_Thailand_Trang_2022_2022:OQ511520.1_Thailand_Trang_2022_2022_> (length 412)
../../../CURRENT/PANGROWTH/SEQS/OQ511520.1_Thailand_Trang_2022_2022_PROKKA/OQ511520.1_Thailand_Trang_2022_2022:OQ511520.1_Thailand_Trang_2022_2022_> (length 498)
../../../CURRENT/PANGROWTH/SEQS/OQ511520.1_Thailand_Trang_2022_2022_PROKKA/OQ511520.1_Thailand_Trang_2022_2022:OQ511520.1_Thailand_Trang_2022_2022_> (length 447)
../../../CURRENT/PANGROWTH/SEQS/OQ511520.1_Thailand_Trang_2022_2022_PROKKA/OQ511520.1_Thailand_Trang_2022_2022:OQ511520.1_Thailand_Trang_2022_2022_> (length 337)
../../../CURRENT/PANGROWTH/SEQS/OQ511520.1_Thailand_Trang_2022_2022_PROKKA/OQ511520.1_Thailand_Trang_2022_2022:OQ511520.1_Thailand_Trang_2022_2022_> (length 161)
../../../CURRENT/PANGROWTH/SEQS/OQ511520.1_Thailand_Trang_2022_2022_PROKKA/OQ511520.1_Thailand_Trang_2022_2022:OQ511520.1_Thailand_Trang_2022_2022_> (length 549)
../../../CURRENT/PANGROWTH/SEQS/OQ511520.1_Thailand_Trang_2022_2022_PROKKA/OQ511520.1_Thailand_Trang_2022_2022:OQ511520.1_Thailand_Trang_2022_2022_> (length 489)
../../../CURRENT/PANGROWTH/SEQS/OQ511520.1_Thailand_Trang_2022_2022_PROKKA/OQ511520.1_Thailand_Trang_2022_2022:OQ511520.1_Thailand_Trang_2022_2022_> (length 91)
../../../CURRENT/PANGROWTH/SEQS/OQ511520.1_Thailand_Trang_2022_2022_PROKKA/OQ511520.1_Thailand_Trang_2022_2022:OQ511520.1_Thailand_Trang_2022_2022_> (length 240)

DiscRep_ALL:DISC_INCONSISTENT_MOLINFO_TECH::Molinfo Technique Report (some missing, all same)
DiscRep_SUB:DISC_INCONSISTENT_MOLINFO_TECH::technique (all missing)
DiscRep_SUB:DISC_INCONSISTENT_MOLINFO_TECH::1 Molinfos are missing field technique
../../../CURRENT/PANGROWTH/SEQS/OQ511520.1_Thailand_Trang_2022_2022_PROKKA/OQ511520.1_Thailand_Trang_2022_2022:OQ511520.1_Thailand_Trang_2022_2022 (length 150812, 2001 gap)

DiscRep_ALL:DISC_GAPS::1 sequences contain gaps
../../../CURRENT/PANGROWTH/SEQS/OQ511520.1_Thailand_Trang_2022_2022_PROKKA/OQ511520.1_Thailand_Trang_2022_2022:OQ511520.1_Thailand_Trang_2022_2022 (length 150812, 2001 gap)

