
RAxML-NG v. 1.2.2-master released on 30.04.2024 by The Exelixis Lab.
Developed by: Alexey M. Kozlov and Alexandros Stamatakis.
Contributors: Diego Darriba, Tomas Flouri, Benoit Morel, Sarah Lutteropp, Ben Bettisworth, Julia Haag, Anastasis Togkousidis.
Latest version: https://github.com/amkozlov/raxml-ng
Questions/problems/suggestions? Please visit: https://groups.google.com/forum/#!forum/raxml

System: AMD EPYC 7763 64-Core Processor, 128 cores, 2003 GB RAM

RAxML-NG was called at 24-Mar-2025 08:32:54 as follows:

raxml-ng --all --msa genomes.aln --model GTR+G4 --prefix T14 --seed 21231 --bs-metric fbp,tbe --redo

Analysis options:
  run mode: ML tree search + bootstrapping (Felsenstein Bootstrap + Transfer Bootstrap)
  start tree(s): random (10) + parsimony (10)
  bootstrap replicates: parsimony (max: 1000) + bootstopping (autoMRE, cutoff: 0.030000)
  random seed: 21231
  tip-inner: OFF
  pattern compression: ON
  per-rate scalers: OFF
  site repeats: ON
  logLH epsilon: general: 10.000000, brlen-triplet: 1000.000000
  fast spr radius: AUTO
  spr subtree cutoff: 1.000000
  fast CLV updates: ON
  branch lengths: proportional (ML estimate, algorithm: NR-FAST)
  SIMD kernels: AVX2
  parallelization: coarse-grained (auto), PTHREADS (auto)

WARNING: Running in REDO mode: existing checkpoints are ignored, and all result files will be overwritten!

[00:00:00] Reading alignment from file: genomes.aln
[00:00:00] Loaded alignment with 11 taxa and 7353 sites

WARNING: Fully undetermined columns found: 50

NOTE: Reduced alignment (with duplicates and gap-only sites/taxa removed) 
NOTE: was saved to: /mnt/lustre/RDS-live/downing/LSDV-PVG/work/71/5ef8c342e8310e6050b543e8ce5956/T14.raxml.reduced.phy

Alignment comprises 1 partitions and 637 patterns

Partition 0: noname
Model: GTR+FO+G4m
Alignment sites / patterns: 7303 / 637
Gaps: 0.08 %
Invariant sites: 71.75 %


NOTE: Binary MSA file created: T14.raxml.rba

Parallelization scheme autoconfig: 128 worker(s) x 1 thread(s)

[00:00:00] Generating 10 random starting tree(s) with 11 taxa
[00:00:00] Generating 10 parsimony starting tree(s) with 11 taxa
Parallel parsimony with 128 threads
Parallel reduction/worker buffer size: 2 KB  / 0 KB

[00:00:00] Data distribution: max. partitions/sites/weight per thread: 1 / 637 / 10192
[00:00:00] Data distribution: max. searches per worker: 9

Starting ML tree search with 20 distinct starting trees

[00:00:00] [worker #12] ML tree search #13, logLikelihood: -24720.925748
[00:00:00] [worker #18] ML tree search #19, logLikelihood: -24720.931859
[00:00:00] [worker #13] ML tree search #14, logLikelihood: -24720.924660
[00:00:00] [worker #14] ML tree search #15, logLikelihood: -24720.931687
[00:00:00] [worker #17] ML tree search #18, logLikelihood: -24720.932574
[00:00:00] [worker #16] ML tree search #17, logLikelihood: -24720.924469
[00:00:00] [worker #11] ML tree search #12, logLikelihood: -24720.931862
[00:00:00] [worker #15] ML tree search #16, logLikelihood: -24720.924574
[00:00:00] [worker #10] ML tree search #11, logLikelihood: -24720.934256
[00:00:00] [worker #19] ML tree search #20, logLikelihood: -24720.925090
[00:00:00] [worker #6] ML tree search #7, logLikelihood: -24720.925292
[00:00:00] [worker #5] ML tree search #6, logLikelihood: -24720.921923
[00:00:00] [worker #3] ML tree search #4, logLikelihood: -24720.934052
[00:00:00] [worker #7] ML tree search #8, logLikelihood: -24720.921560
[00:00:00] [worker #4] ML tree search #5, logLikelihood: -24720.927833
[00:00:00] [worker #2] ML tree search #3, logLikelihood: -24720.924109
[00:00:00] [worker #1] ML tree search #2, logLikelihood: -24720.935567
[00:00:00] [worker #8] ML tree search #9, logLikelihood: -24720.939958
[00:00:01] [worker #9] ML tree search #10, logLikelihood: -24720.927577
[00:00:01] [worker #0] ML tree search #1, logLikelihood: -24720.932162

[00:00:01] ML tree search completed, best tree logLH: -24720.921560

[00:00:01] Starting bootstrapping analysis with 1000 replicates.

[00:00:01] [worker #53] Bootstrap tree #54, logLikelihood: -24509.509739
[00:00:01] [worker #52] Bootstrap tree #53, logLikelihood: -24625.153020
[00:00:01] [worker #86] Bootstrap tree #87, logLikelihood: -24869.315634
[00:00:01] [worker #123] Bootstrap tree #124, logLikelihood: -25011.500706
[00:00:01] [worker #95] Bootstrap tree #96, logLikelihood: -24613.972442
[00:00:01] [worker #96] Bootstrap tree #97, logLikelihood: -24992.875570
[00:00:01] [worker #87] Bootstrap tree #88, logLikelihood: -24759.144584
[00:00:01] [worker #75] Bootstrap tree #76, logLikelihood: -24585.417065
[00:00:01] [worker #66] Bootstrap tree #67, logLikelihood: -24676.100683
[00:00:01] [worker #97] Bootstrap tree #98, logLikelihood: -24792.157365[00:00:01] 
[worker #124] Bootstrap tree #125, logLikelihood: -24951.939951
[00:00:01] [worker #103] Bootstrap tree #104, logLikelihood: -24530.287281
[00:00:01] [worker #112] Bootstrap tree #113, logLikelihood: -24504.460596
[00:00:01] [worker #108] Bootstrap tree #109, logLikelihood: -24821.823829
[00:00:01] [worker #82] Bootstrap tree #83, logLikelihood: -24590.458748
[00:00:01] [worker #106] Bootstrap tree #107, logLikelihood: -24575.083654
[00:00:01] [worker #88] Bootstrap tree #89, logLikelihood: -24836.259136
[00:00:01] [worker #122] Bootstrap tree #123, logLikelihood: -25133.177219
[00:00:01] [worker #98] Bootstrap tree #99, logLikelihood: -24910.180950
[00:00:01] [worker #115] Bootstrap tree #116, logLikelihood: -24107.194530
[00:00:01] [worker #1] Bootstrap tree #2, logLikelihood: -24549.417885
[00:00:01] [worker #126] Bootstrap tree #127, logLikelihood: -24254.568952
[00:00:01] [worker #71] Bootstrap tree #72, logLikelihood: -24940.642662
[00:00:01] [worker #12] Bootstrap tree #13, logLikelihood: -24202.233512
[00:00:01] [worker #21] Bootstrap tree #22, logLikelihood: -24780.087922
[00:00:01] [worker #41] Bootstrap tree #42, logLikelihood: -24743.656417
[00:00:01] [worker #69] Bootstrap tree #70, logLikelihood: -24465.873781
[00:00:01] [worker #30] Bootstrap tree #31, logLikelihood: -24623.068829
[00:00:01] [worker #18] Bootstrap tree #19, logLikelihood: -24814.730495
[00:00:01] [worker #125] Bootstrap tree #126, logLikelihood: -24618.378991
[00:00:01] [worker #117] Bootstrap tree #118, logLikelihood: -24925.963304
[00:00:01] [worker #28] Bootstrap tree #29, logLikelihood: -24408.431623
[00:00:01] [worker #121] Bootstrap tree #122, logLikelihood: -24773.976370
[00:00:01] [worker #36] Bootstrap tree #37, logLikelihood: -24281.755727
[00:00:01] [worker #70] Bootstrap tree #71, logLikelihood: -24770.480796
[00:00:01] [worker #59] Bootstrap tree #60, logLikelihood: -24032.281845
[00:00:01] [worker #94] Bootstrap tree #95, logLikelihood: -25265.302146
[00:00:01] [worker #35] Bootstrap tree #36, logLikelihood: -24566.516968
[00:00:01] [worker #109] Bootstrap tree #110, logLikelihood: -24341.549771
[00:00:01] [worker #95] Bootstrap tree #224, logLikelihood: -24971.867021
[00:00:01] [worker #66] Bootstrap tree #195, logLikelihood: -24444.862410
[00:00:01] [worker #53] Bootstrap tree #182, logLikelihood: -25027.041791
[00:00:01] [worker #96] Bootstrap tree #225, logLikelihood: -24450.106235
[00:00:01] [worker #52] Bootstrap tree #181, logLikelihood: -24852.239298
[00:00:01] [worker #97] Bootstrap tree #226, logLikelihood: -24328.348009
[00:00:01] [worker #86] Bootstrap tree #215, logLikelihood: -24920.836788
[00:00:01] [worker #87] Bootstrap tree #216, logLikelihood: -24371.035368
[00:00:01] [worker #123] Bootstrap tree #252, logLikelihood: -24968.747972
[00:00:01] [worker #103] Bootstrap tree #232, logLikelihood: -24925.478383
[00:00:01] [worker #75] Bootstrap tree #204, logLikelihood: -24912.819089
[00:00:01] [worker #124] Bootstrap tree #253, logLikelihood: -24804.664467
[00:00:01] [worker #63] Bootstrap tree #64, logLikelihood: -24215.561728
[00:00:01] [worker #120] Bootstrap tree #121, logLikelihood: -24710.130300
[00:00:01] [worker #88] Bootstrap tree #217, logLikelihood: -24920.820062
[00:00:01] [worker #2] Bootstrap tree #3, logLikelihood: -24784.863578
[00:00:01] [worker #112] Bootstrap tree #241, logLikelihood: [00:00:01] [worker #82] Bootstrap tree #-25125.575372211, logLikelihood: -24393.396146[00:00:01] [worker #116] Bootstrap tree #117, logLikelihood: 
-24610.635354

[00:00:01] [worker #122] Bootstrap tree #251, logLikelihood: -24584.036688
[00:00:01] [worker #118] Bootstrap tree #119, logLikelihood: -24942.653884
[00:00:01] [worker #106] Bootstrap tree #235, logLikelihood: -24477.353090
[00:00:01] [worker #23] Bootstrap tree #24, logLikelihood: -24737.044792
[00:00:01] [worker #108] Bootstrap tree #237, logLikelihood: -25354.227515
[00:00:01] [worker #98] Bootstrap tree #227, logLikelihood: -24507.711468
[00:00:01] [worker #90] Bootstrap tree #91, logLikelihood: -24537.502977
[00:00:01] [worker #113] Bootstrap tree #114, logLikelihood: -24482.372957
[00:00:01] [worker #43] Bootstrap tree #44, logLikelihood: -25001.078657
[00:00:01] [worker #74] Bootstrap tree #75, logLikelihood: -24894.525176
[00:00:01] [worker #49] Bootstrap tree #50, logLikelihood: -24471.024448
[00:00:01] [worker #25] Bootstrap tree #26, logLikelihood: -24983.164504
[00:00:01] [worker #24] Bootstrap tree #25, logLikelihood: [-24726.75335700:00:01] [worker #68] Bootstrap tree #69, logLikelihood: 
-24335.955526
[00:00:01] [worker #31] Bootstrap tree #32, logLikelihood: -24981.283156
[00:00:01] [worker #44] Bootstrap tree #45, logLikelihood: -24466.474539
[00:00:01] [worker #91] Bootstrap tree #92, logLikelihood: -24503.604779
[00:00:01] [worker #119] Bootstrap tree #120, logLikelihood: -24769.071038
[00:00:01] [worker #42] Bootstrap tree #43, logLikelihood: -24542.930293
[00:00:01] [worker #61] Bootstrap tree #62, logLikelihood: -24519.038281
[00:00:01] [worker #100] Bootstrap tree #101, logLikelihood: -25042.912180
[00:00:01] [worker #115] Bootstrap tree #244, logLikelihood: -24548.265520
[00:00:01] [worker #26] Bootstrap tree #27, logLikelihood: -24849.366683
[00:00:01] [worker #127] Bootstrap tree #128, logLikelihood: -24780.455890
[00:00:01] [worker #60] Bootstrap tree #61, logLikelihood: -24440.935400
[00:00:01] [worker #51] Bootstrap tree #52, logLikelihood: -24689.080824
[00:00:01] [worker #76] Bootstrap tree #77, logLikelihood: -24222.740386
[00:00:01] [worker #48] Bootstrap tree #49, logLikelihood: -24881.202195
[00:00:01] [worker #99] Bootstrap tree #100, logLikelihood: -24465.698477
[00:00:01] [worker #38] Bootstrap tree #39, logLikelihood: -24710.931737
[00:00:01] [worker #32] Bootstrap tree #33, logLikelihood: -24525.988106
[00:00:01] [worker #39] Bootstrap tree #40, logLikelihood: -24795.232659
[00:00:01] [worker #46] Bootstrap tree #47, logLikelihood: -24378.095790
[00:00:01] [worker #57] Bootstrap tree #58, logLikelihood: -24346.189212
[00:00:01] [worker #111] Bootstrap tree #112, logLikelihood: -24294.221308
[00:00:01] [worker #15] Bootstrap tree #16, logLikelihood: -24747.377802
[00:00:01] [worker #13] Bootstrap tree #14, logLikelihood: -25090.813574
[00:00:01] [worker #27] Bootstrap tree #28, logLikelihood: -24616.119671
[00:00:01] [worker #125] Bootstrap tree #254, logLikelihood: -24467.501495
[00:00:01] [worker #12] Bootstrap tree #141, logLikelihood: -24061.039237[00:00:01] [worker #33] Bootstrap tree #34, logLikelihood: -24757.025285

[00:00:01] [worker #37] Bootstrap tree #38, logLikelihood: -24942.780224
[00:00:01] [worker #81] Bootstrap tree #82, logLikelihood: -24669.243213
[00:00:01] [worker #62] Bootstrap tree #63, logLikelihood: -24791.420054
[00:00:01] [worker #14] Bootstrap tree #15, logLikelihood: -24802.385446
[00:00:01] [worker #85] Bootstrap tree #86, logLikelihood: -25111.472053
[00:00:01] [worker #105] Bootstrap tree #106, logLikelihood: -24446.448769[00:00:01] [worker #67] Bootstrap tree #68, logLikelihood: 
-24710.678900
[00:00:01] [worker #47] Bootstrap tree #48, logLikelihood: -24884.224730
[00:00:01] [worker #16] Bootstrap tree #17, logLikelihood: -24510.114280[
[00:00:01] [worker #89] Bootstrap tree #90, logLikelihood: -24919.692566
00:00:01] [worker #58] Bootstrap tree #59, logLikelihood: -24430.541801
[00:00:01] [worker #40] Bootstrap tree #41, logLikelihood: -24713.644387
[00:00:01] [worker #73] Bootstrap tree #74, logLikelihood: -24601.126792
[00:00:01] [worker #54] Bootstrap tree #55, logLikelihood: -25068.078575
[00:00:01] [worker #107] Bootstrap tree #108, logLikelihood: -24757.253956
[00:00:01] [worker #56] Bootstrap tree #57, logLikelihood: -24867.017048
[00:00:01] [worker #11] Bootstrap tree #12, logLikelihood: -24834.528571
[00:00:01] [worker #8] Bootstrap tree #9, logLikelihood: -24686.157823
[00:00:01] [worker #80] Bootstrap tree #81, logLikelihood: -24941.272759
[00:00:01] [worker #101] Bootstrap tree #102, logLikelihood: -24810.344767
[00:00:01] [worker #104] Bootstrap tree #105, logLikelihood: -24542.221293
[00:00:01] [worker #17] Bootstrap tree #18, logLikelihood: -25063.897378
[00:00:01] [worker #102] Bootstrap tree #103, logLikelihood: -25056.878575
[00:00:01] [worker #22] Bootstrap tree #23, logLikelihood: -24539.673888
[00:00:01] [worker #9] Bootstrap tree #10, logLikelihood: -24578.086431
[00:00:01] [worker #55] Bootstrap tree #56, logLikelihood: -25426.011421
[00:00:01] [worker #93] Bootstrap tree #94, logLikelihood: -24456.590304
[00:00:01] [worker #7] Bootstrap tree #8, logLikelihood: -25248.291063[00:00:01
] [worker #92] Bootstrap tree #93, logLikelihood: -24192.408174
[00:00:01] [worker #78] Bootstrap tree #79, logLikelihood: -25195.123921
[00:00:01] [worker #84] Bootstrap tree #85, logLikelihood: -24243.807708
[00:00:01] [worker #114] Bootstrap tree #115, logLikelihood: -25015.418592[00:00:01] [worker #69] Bootstrap tree #198, logLikelihood: 
-24479.388871
[00:00:01] [worker #4] Bootstrap tree #5, logLikelihood: -24686.431091
[00:00:01] [worker #126] Bootstrap tree #255, logLikelihood: -25088.569906
[00:00:01] [worker #64] Bootstrap tree #65, logLikelihood: -24732.779912
[00:00:01] [worker #77] Bootstrap tree #78, logLikelihood: -24699.787546
[00:00:01] [worker #45] Bootstrap tree #46, logLikelihood: -24651.847333
[00:00:01] [worker #29] Bootstrap tree #30, logLikelihood: -25118.905701
[00:00:01] [worker #6] Bootstrap tree #7, logLikelihood: -24795.048258
[00:00:01] [worker #3] Bootstrap tree #4, logLikelihood: -24783.717669
[00:00:01] [worker #28] Bootstrap tree #157, logLikelihood: -24508.621836
[00:00:01] [worker #34] Bootstrap tree #35, logLikelihood: -24334.310756
[00:00:01] [worker #1] Bootstrap tree #130, logLikelihood: -25299.319456
[00:00:01] [worker #94] Bootstrap tree #223, logLikelihood: -24640.317879
[00:00:01] [worker #41] Bootstrap tree #170, logLikelihood: -24766.022183
[00:00:01] [worker #21] Bootstrap tree #150, logLikelihood: -24673.476325
[00:00:01] [worker #110] Bootstrap tree #111, logLikelihood: -24817.510944
[00:00:01] [worker #83] Bootstrap tree #84, logLikelihood: -24483.053290
[00:00:01] [worker #20] Bootstrap tree #21, logLikelihood: -24746.220056
[00:00:01] [worker #72] Bootstrap tree #73, logLikelihood: -25228.049789
[00:00:01] [worker #71] Bootstrap tree #200, logLikelihood: -24692.869900
[00:00:01] [worker #10] Bootstrap tree #11, logLikelihood: -24878.988715
[00:00:01] [worker #30] Bootstrap tree #159, logLikelihood: -25176.640246
[00:00:01] [worker #5] Bootstrap tree #6, logLikelihood: -24949.879535
[00:00:01] [worker #18] Bootstrap tree #147, logLikelihood: -24486.805648
[00:00:01] [worker #65] Bootstrap tree #66, logLikelihood: -24716.541747
[00:00:01] [worker #79] Bootstrap tree #80, logLikelihood: -24732.004865
[00:00:01] [worker #117] Bootstrap tree #246, logLikelihood: -24679.978682
[00:00:01] [worker #121] Bootstrap tree #250, logLikelihood: -24736.197093
[00:00:01] [worker #19] Bootstrap tree #20, logLikelihood: -24818.866128
[00:00:01] [worker #36] Bootstrap tree #165, logLikelihood: -24833.638030
[00:00:01] [worker #50] Bootstrap tree #51, logLikelihood: -24767.572802
[00:00:01] [worker #59] Bootstrap tree #188, logLikelihood: -24799.168913
[00:00:01] [worker #35] Bootstrap tree #164, logLikelihood: -25068.497372
[00:00:01] [worker #70] Bootstrap tree #199, logLikelihood: -24939.752753
[00:00:01] [worker #0] Bootstrap tree #1, logLikelihood: -24900.846833
[00:00:01] [worker #109] Bootstrap tree #238, logLikelihood: -24542.296869
[00:00:01] [worker #42] Bootstrap tree #171, logLikelihood: -24604.755798
[00:00:01] [worker #120] Bootstrap tree #249, logLikelihood: -24500.972320
[00:00:01] [worker #29] Bootstrap tree #158, logLikelihood: -24279.315558
[00:00:01] [worker #54] Bootstrap tree #183, logLikelihood: -24865.748186
[00:00:01] [worker #80] Bootstrap tree #209, logLikelihood: -24867.043340
[00:00:01] [worker #58] Bootstrap tree #187, logLikelihood: -24490.334942
[00:00:01] [worker #63] Bootstrap tree #192, logLikelihood: -24214.549472
[00:00:01] [worker #90] Bootstrap tree #219, logLikelihood: -24763.360110
[00:00:02] [worker #25] Bootstrap tree #154, logLikelihood: -24841.219223
[00:00:02] [worker #2] Bootstrap tree #131, logLikelihood: -24558.938092
[00:00:02] [worker #39] Bootstrap tree #168, logLikelihood: -24882.170316
[00:00:02] [worker #23] Bootstrap tree #152, logLikelihood: -24702.741105
[00:00:02] [worker #118] Bootstrap tree #247, logLikelihood: -24641.934346
[00:00:02] [worker #91] Bootstrap tree #220, logLikelihood: -24581.140878
[00:00:02] [worker #113] Bootstrap tree #242, logLikelihood: -24815.868953
[00:00:02] [worker #24] Bootstrap tree #153, logLikelihood: -24663.450774
[00:00:02] [worker #100] Bootstrap tree #229, logLikelihood: -24496.891080
[00:00:02] [worker #60] Bootstrap tree #189, logLikelihood: -24983.585012
[00:00:02] [worker #10] Bootstrap tree #139, logLikelihood: -24936.125015
[00:00:02] [worker #43] Bootstrap tree #172, logLikelihood: -24229.770872
[00:00:02] [worker #37] Bootstrap tree #166, logLikelihood: -24129.045066
[00:00:02] [worker #16] Bootstrap tree #145, logLikelihood: -24620.997824
[00:00:02] [worker #49] Bootstrap tree #178, logLikelihood: -25245.703481
[00:00:02] [worker #68] Bootstrap tree #197, logLikelihood: -24967.932653
[00:00:02] [worker #26] Bootstrap tree #155, logLikelihood: -24976.518765
[00:00:02] [worker #99] Bootstrap tree #228, logLikelihood: -24790.450140
[00:00:02] [worker #85] Bootstrap tree #214, logLikelihood: -24252.828793
[00:00:02] [worker #13] Bootstrap tree #142, logLikelihood: -25005.488345
[00:00:02] [worker #44] Bootstrap tree #173, logLikelihood: -24791.518724
[00:00:02] [worker #127] Bootstrap tree #256, logLikelihood: -24159.254208
[00:00:02] [worker #27] Bootstrap tree #156, logLikelihood: -24852.066966
[00:00:02] [worker #119] Bootstrap tree #248, logLikelihood: -24602.673721
[00:00:02] [worker #116] Bootstrap tree #245, logLikelihood: -24688.098152
[00:00:02] [worker #74] Bootstrap tree #203, logLikelihood: -24642.175094
[00:00:02] [worker #17] Bootstrap tree #146, logLikelihood: -25159.384398
[00:00:02] [worker #5] Bootstrap tree #134, logLikelihood: -25463.417549
[00:00:02] [worker #67] Bootstrap tree #196, logLikelihood: -24366.302383
[00:00:02] [worker #33] Bootstrap tree #162, logLikelihood: -24355.068045
[00:00:02] [worker #76] Bootstrap tree #205, logLikelihood: -24734.975861
[00:00:02] [worker #38] Bootstrap tree #167, logLikelihood: -24764.480031
[00:00:02] [worker #32] Bootstrap tree #161, logLikelihood: -24744.340457
[00:00:02] [worker #107] Bootstrap tree #236, logLikelihood: -24456.818048
[00:00:02] [worker #31] Bootstrap tree #160, logLikelihood: -24854.877448
[00:00:02] [worker #3] Bootstrap tree #132, logLikelihood: -24621.579400
[00:00:02] [worker #40] Bootstrap tree #169, logLikelihood: -24490.890447
[00:00:02] [worker #51] Bootstrap tree #180, logLikelihood: -24562.186988
[00:00:02] [worker #62] Bootstrap tree #191, logLikelihood: -24736.300650
[00:00:02] [worker #15] Bootstrap tree #144, logLikelihood: -25211.930404
[00:00:02] [worker #48] Bootstrap tree #177, logLikelihood: -25241.490664
[00:00:02] [worker #79] Bootstrap tree #208, logLikelihood: -25141.889935
[00:00:02] [worker #89] Bootstrap tree #218, logLikelihood: -24619.629905
[00:00:02] [worker #83] Bootstrap tree #212, logLikelihood: -24610.713405[00
:00:02] [worker #92] Bootstrap tree #221, logLikelihood: -24823.093640
[00:00:02] [worker #101] Bootstrap tree #230, logLikelihood: -24695.975367
[00:00:02] [worker #61] Bootstrap tree #190, logLikelihood: -24379.503452
[00:00:02] [worker #56] Bootstrap tree #185, logLikelihood: -24916.946522
[00:00:02] [worker #84] Bootstrap tree #213, logLikelihood: -24758.510359
[00:00:02] [worker #46] Bootstrap tree #175, logLikelihood: -24464.112061
[00:00:02] [worker #47] Bootstrap tree #176, logLikelihood: -24457.449175
[00:00:02] [worker #22] Bootstrap tree #151, logLikelihood: -24508.769094
[00:00:02] [worker #81] Bootstrap tree #210, logLikelihood: -24627.395308
[00:00:02] [worker #78] Bootstrap tree #207, logLikelihood: -24941.585687
[00:00:02] [worker #77] Bootstrap tree #206, logLikelihood: -24620.342980
[00:00:02] [worker #73] Bootstrap tree #202, logLikelihood: -24678.581602
[00:00:02] [worker #11] Bootstrap tree #140, logLikelihood: -24694.799597
[00:00:02] [worker #34] Bootstrap tree #163, logLikelihood: -24648.323349
[00:00:02] [worker #45] Bootstrap tree #174, logLikelihood: -25056.476482
[00:00:02] [worker #14] Bootstrap tree #143, logLikelihood: -24716.968380
[00:00:02] [worker #110] Bootstrap tree #239, logLikelihood: -24841.480652
[00:00:02] [worker #7] Bootstrap tree #136, logLikelihood: -24701.280111
[00:00:02] [worker #20] Bootstrap tree #149, logLikelihood: -24578.660611
[00:00:02] [worker #9] Bootstrap tree #138, logLikelihood: -24673.809264
[00:00:02] [worker #57] Bootstrap tree #186, logLikelihood: -25246.530506
[00:00:02] [worker #64] Bootstrap tree #193, logLikelihood: -24556.363529
[00:00:02] [worker #104] Bootstrap tree #233, logLikelihood: -25168.464067
[00:00:02] [worker #102] Bootstrap tree #231, logLikelihood: -25247.933546
[00:00:02] [worker #111] Bootstrap tree #240, logLikelihood: -24665.061371
[00:00:02] [worker #19] Bootstrap tree #148, logLikelihood: -24206.101264
[00:00:02] [worker #8] Bootstrap tree #137, logLikelihood: -24645.678155
[00:00:02] [worker #93] Bootstrap tree #222, logLikelihood: -24708.607045
[00:00:02] [worker #105] Bootstrap tree #234, logLikelihood: -25335.692998
[00:00:02] [worker #72] Bootstrap tree #201, logLikelihood: -24929.634373
[00:00:02] [worker #6] Bootstrap tree #135, logLikelihood: -24531.077431
[00:00:02] [worker #50] Bootstrap tree #179, logLikelihood: -24258.816903
[00:00:02] [worker #4] Bootstrap tree #133, logLikelihood: -24774.868163
[00:00:02] [worker #55] Bootstrap tree #184, logLikelihood: -24954.595885
[00:00:02] [worker #114] Bootstrap tree #243, logLikelihood: -24572.417715
[00:00:02] [worker #0] Bootstrap tree #129, logLikelihood: -25016.572898
[00:00:02] [worker #65] Bootstrap tree #194, logLikelihood: -25021.351404
[00:00:02] Bootstrapping converged after 256 replicates.

Optimized model parameters:

   Partition 0: noname
   Rate heterogeneity: GAMMA (4 cats, mean),  alpha: 0.166084 (ML),  weights&rates: (0.250000,0.000130) (0.250000,0.016778) (0.250000,0.289638) (0.250000,3.693454) 
   Base frequencies (ML): 0.311938 0.214706 0.210878 0.262477 
   Substitution rates (ML): 1.568537 20.249516 3.641777 0.244306 46.577824 1.000000 


Final LogLikelihood: -24720.921560

AIC score: 49497.843120 / AICc score: 49498.066381 / BIC score: 49690.932254
Free parameters (model + branch lengths): 28

Best ML tree saved to: /mnt/lustre/RDS-live/downing/LSDV-PVG/work/71/5ef8c342e8310e6050b543e8ce5956/T14.raxml.bestTree
All ML trees saved to: /mnt/lustre/RDS-live/downing/LSDV-PVG/work/71/5ef8c342e8310e6050b543e8ce5956/T14.raxml.mlTrees
Best ML tree with Felsenstein bootstrap (FBP) support values saved to: /mnt/lustre/RDS-live/downing/LSDV-PVG/work/71/5ef8c342e8310e6050b543e8ce5956/T14.raxml.supportFBP
Best ML tree with Transfer bootstrap (TBE) support values saved to: /mnt/lustre/RDS-live/downing/LSDV-PVG/work/71/5ef8c342e8310e6050b543e8ce5956/T14.raxml.supportTBE
Optimized model saved to: /mnt/lustre/RDS-live/downing/LSDV-PVG/work/71/5ef8c342e8310e6050b543e8ce5956/T14.raxml.bestModel
Bootstrap trees saved to: /mnt/lustre/RDS-live/downing/LSDV-PVG/work/71/5ef8c342e8310e6050b543e8ce5956/T14.raxml.bootstraps

Execution log saved to: /mnt/lustre/RDS-live/downing/LSDV-PVG/work/71/5ef8c342e8310e6050b543e8ce5956/T14.raxml.log

Analysis started: 24-Mar-2025 08:32:54 / finished: 24-Mar-2025 08:32:56

Elapsed time: 2.305 seconds

