[17:59:38] This is prokka 1.14.6
[17:59:38] Written by Torsten Seemann <torsten.seemann@gmail.com>
[17:59:38] Homepage is https://github.com/tseemann/prokka
[17:59:38] Local time is Tue Apr 16 17:59:38 2024
[17:59:38] You are downing
[17:59:38] Operating system is linux
[17:59:38] You have BioPerl 1.7.8
Argument "1.7.8" isn't numeric in numeric lt (<) at /mnt/lustre/RDS-live/downing/miniconda3/envs/snippy/bin/prokka line 259.
[17:59:38] System has 64 cores.
[17:59:38] Will use maximum of 8 cores.
[17:59:38] Annotating as >>> Viruses <<<
[17:59:38] Generating locus_tag from '../../../CURRENT/PANGROWTH/SEQS/MN072619.1_Kenya_cattle.fa' contents.
[17:59:38] Setting --locustag EJCKHNBG from MD5 e3c417b08b7aad28d4ca6f2e2c7b7e24
[17:59:38] Creating new output folder: ../../../CURRENT/PANGROWTH/SEQS/MN072619.1_Kenya_cattle_PROKKA
[17:59:38] Running: mkdir -p \.\.\/\.\.\/\.\.\/CURRENT\/PANGROWTH\/SEQS\/MN072619\.1_Kenya_cattle_PROKKA
[17:59:38] Using filename prefix: MN072619.1_Kenya_cattle.XXX
[17:59:38] Setting HMMER_NCPU=1
[17:59:38] Writing log to: ../../../CURRENT/PANGROWTH/SEQS/MN072619.1_Kenya_cattle_PROKKA/MN072619.1_Kenya_cattle.log
[17:59:38] Command: /mnt/lustre/RDS-live/downing/miniconda3/envs/snippy/bin/prokka --kingdom Viruses --proteins KX894508.gb --gffver 3 --usegenus --outdir ../../../CURRENT/PANGROWTH/SEQS/MN072619.1_Kenya_cattle_PROKKA --force --genus Capripoxvirus --prefix MN072619.1_Kenya_cattle ../../../CURRENT/PANGROWTH/SEQS/MN072619.1_Kenya_cattle.fa
[17:59:38] Appending to PATH: /mnt/lustre/RDS-live/downing/miniconda3/envs/snippy/bin
[17:59:38] Looking for 'aragorn' - found /mnt/lustre/RDS-live/downing/miniconda3/envs/snippy/bin/aragorn
[17:59:38] Determined aragorn version is 001002 from 'ARAGORN v1.2.41 Dean Laslett'
[17:59:38] Looking for 'barrnap' - found /mnt/lustre/RDS-live/downing/miniconda3/envs/snippy/bin/barrnap
[17:59:38] Determined barrnap version is 000009 from 'barrnap 0.9'
[17:59:38] Looking for 'blastp' - found /mnt/lustre/RDS-live/downing/miniconda3/envs/snippy/bin/blastp
[17:59:38] Determined blastp version is 002013 from 'blastp: 2.13.0+'
[17:59:38] Looking for 'cmpress' - found /mnt/lustre/RDS-live/downing/miniconda3/envs/snippy/bin/cmpress
[17:59:38] Determined cmpress version is 001001 from '# INFERNAL 1.1.4 (Dec 2020)'
[17:59:38] Looking for 'cmscan' - found /mnt/lustre/RDS-live/downing/miniconda3/envs/snippy/bin/cmscan
[17:59:38] Determined cmscan version is 001001 from '# INFERNAL 1.1.4 (Dec 2020)'
[17:59:38] Looking for 'egrep' - found /usr/bin/egrep
[17:59:38] Looking for 'find' - found /usr/bin/find
[17:59:38] Looking for 'grep' - found /usr/bin/grep
[17:59:38] Looking for 'hmmpress' - found /mnt/lustre/RDS-live/downing/miniconda3/envs/snippy/bin/hmmpress
[17:59:38] Determined hmmpress version is 003003 from '# HMMER 3.3.2 (Nov 2020); http://hmmer.org/'
[17:59:38] Looking for 'hmmscan' - found /mnt/lustre/RDS-live/downing/miniconda3/envs/snippy/bin/hmmscan
[17:59:38] Determined hmmscan version is 003003 from '# HMMER 3.3.2 (Nov 2020); http://hmmer.org/'
[17:59:38] Looking for 'java' - found /mnt/lustre/RDS-live/downing/miniconda3/envs/snippy/bin/java
[17:59:38] Looking for 'makeblastdb' - found /mnt/lustre/RDS-live/downing/miniconda3/envs/snippy/bin/makeblastdb
[17:59:38] Determined makeblastdb version is 002013 from 'makeblastdb: 2.13.0+'
[17:59:38] Looking for 'minced' - found /mnt/lustre/RDS-live/downing/miniconda3/envs/snippy/bin/minced
[17:59:39] Determined minced version is 004002 from 'minced 0.4.2'
[17:59:39] Looking for 'parallel' - found /mnt/lustre/RDS-live/downing/miniconda3/envs/snippy/bin/parallel
[17:59:39] Determined parallel version is 20220922 from 'GNU parallel 20220922'
[17:59:39] Looking for 'prodigal' - found /mnt/lustre/RDS-live/downing/miniconda3/envs/snippy/bin/prodigal
[17:59:39] Determined prodigal version is 002006 from 'Prodigal V2.6.3: February, 2016'
[17:59:39] Looking for 'prokka-genbank_to_fasta_db' - found /mnt/lustre/RDS-live/downing/miniconda3/envs/snippy/bin/prokka-genbank_to_fasta_db
[17:59:39] Looking for 'sed' - found /cm/shared/apps/mambaforge/envs/R.4.2.2/bin/sed
[17:59:39] Looking for 'tbl2asn' - found /mnt/lustre/RDS-live/downing/miniconda3/envs/snippy/bin/tbl2asn
[17:59:39] Determined tbl2asn version is 025007 from 'tbl2asn 25.7   arguments:'
[17:59:39] Using genetic code table 1.
[17:59:39] Loading and checking input file: ../../../CURRENT/PANGROWTH/SEQS/MN072619.1_Kenya_cattle.fa
[17:59:39] Wrote 1 contigs totalling 150329 bp.
[17:59:39] Predicting tRNAs and tmRNAs
[17:59:39] Running: aragorn -l -gc1  -w \.\.\/\.\.\/\.\.\/CURRENT\/PANGROWTH\/SEQS\/MN072619\.1_Kenya_cattle_PROKKA\/MN072619\.1_Kenya_cattle\.fna
[17:59:39] Found 0 tRNAs
[17:59:39] Disabling rRNA search: --kingdom=Viruses or --norrna=0
[17:59:39] Skipping ncRNA search, enable with --rfam if desired.
[17:59:39] Total of 0 tRNA + rRNA features
[17:59:39] Searching for CRISPR repeats
[17:59:39] Found 0 CRISPRs
[17:59:39] Predicting coding sequences
[17:59:39] Contigs total 150329 bp, so using single mode
[17:59:39] Running: prodigal -i \.\.\/\.\.\/\.\.\/CURRENT\/PANGROWTH\/SEQS\/MN072619\.1_Kenya_cattle_PROKKA\/MN072619\.1_Kenya_cattle\.fna -c -m -g 1 -p single -f sco -q
[17:59:39] Found 151 CDS
[17:59:39] Connecting features back to sequences
[17:59:39] Skipping genus-specific proteins as can't see /mnt/lustre/RDS-live/downing/miniconda3/envs/snippy/db/Capripoxvirus
[17:59:39] Annotating CDS, please be patient.
[17:59:39] Will use 8 CPUs for similarity searching.
[17:59:39] There are still 151 unannotated CDS left (started with 151)
[17:59:39] Will use blast to search against /mnt/lustre/RDS-live/downing/miniconda3/envs/snippy/db/kingdom/Viruses/sprot with 8 CPUs
[17:59:39] Running: cat \.\.\/\.\.\/\.\.\/CURRENT\/PANGROWTH\/SEQS\/MN072619\.1_Kenya_cattle_PROKKA\/MN072619\.1_Kenya_cattle\.sprot\.tmp\.250385\.faa | parallel --gnu --plain -j 8 --block 2997 --recstart '>' --pipe blastp -query - -db /mnt/lustre/RDS-live/downing/miniconda3/envs/snippy/db/kingdom/Viruses/sprot -evalue 1e-09 -qcov_hsp_perc 80 -num_threads 1 -num_descriptions 1 -num_alignments 1 -seg no > \.\.\/\.\.\/\.\.\/CURRENT\/PANGROWTH\/SEQS\/MN072619\.1_Kenya_cattle_PROKKA\/MN072619\.1_Kenya_cattle\.sprot\.tmp\.250385\.blast 2> /dev/null
[17:59:40] Modify product: Protein J1 homolog => Protein J1 
[17:59:40] Modify product: Probable dual specificity protein phosphatase H1 homolog => putative dual specificity protein phosphatase H1 
[17:59:40] Modify product: Probable FAD-linked sulfhydryl oxidase E10 => putative FAD-linked sulfhydryl oxidase E10
[17:59:40] Modify product: Viral interleukin-10 homolog => Viral interleukin-10 
[17:59:40] Cleaned 4 /product names
[17:59:40] Deleting unwanted file: ../../../CURRENT/PANGROWTH/SEQS/MN072619.1_Kenya_cattle_PROKKA/MN072619.1_Kenya_cattle.sprot.tmp.250385.faa
[17:59:40] Deleting unwanted file: ../../../CURRENT/PANGROWTH/SEQS/MN072619.1_Kenya_cattle_PROKKA/MN072619.1_Kenya_cattle.sprot.tmp.250385.blast
[17:59:40] Deleting unwanted file: ../../../CURRENT/PANGROWTH/SEQS/MN072619.1_Kenya_cattle_PROKKA/proteins.psq
[17:59:40] Deleting unwanted file: ../../../CURRENT/PANGROWTH/SEQS/MN072619.1_Kenya_cattle_PROKKA/proteins.phr
[17:59:40] Deleting unwanted file: ../../../CURRENT/PANGROWTH/SEQS/MN072619.1_Kenya_cattle_PROKKA/proteins.pin
[17:59:40] Labelling remaining 50 proteins as 'hypothetical protein'
[17:59:40] Possible /pseudo 'Ankyrin repeat domain-containing protein M-T5' at MN072619.1_Kenya_cattle position 141879
[17:59:40] Found 35 unique /gene codes.
[17:59:40] Fixed 2 duplicate /gene - KBTB1_1 KBTB1_2
[17:59:40] Fixed 1 colliding /gene names.
[17:59:40] Adding /locus_tag identifiers
[17:59:40] Assigned 151 locus_tags to CDS and RNA features.
[17:59:40] Writing outputs to ../../../CURRENT/PANGROWTH/SEQS/MN072619.1_Kenya_cattle_PROKKA/
[17:59:40] Generating annotation statistics file
[17:59:40] Generating Genbank and Sequin files
[17:59:40] Running: tbl2asn -V b -a r10k -l paired-ends -M n -N 1 -y 'Annotated using prokka 1.14.6 from https://github.com/tseemann/prokka' -Z \.\.\/\.\.\/\.\.\/CURRENT\/PANGROWTH\/SEQS\/MN072619\.1_Kenya_cattle_PROKKA\/MN072619\.1_Kenya_cattle\.err -i \.\.\/\.\.\/\.\.\/CURRENT\/PANGROWTH\/SEQS\/MN072619\.1_Kenya_cattle_PROKKA\/MN072619\.1_Kenya_cattle\.fsa 2> /dev/null
[17:59:40] Deleting unwanted file: ../../../CURRENT/PANGROWTH/SEQS/MN072619.1_Kenya_cattle_PROKKA/errorsummary.val
[17:59:40] Deleting unwanted file: ../../../CURRENT/PANGROWTH/SEQS/MN072619.1_Kenya_cattle_PROKKA/MN072619.1_Kenya_cattle.dr
[17:59:40] Deleting unwanted file: ../../../CURRENT/PANGROWTH/SEQS/MN072619.1_Kenya_cattle_PROKKA/MN072619.1_Kenya_cattle.fixedproducts
[17:59:40] Deleting unwanted file: ../../../CURRENT/PANGROWTH/SEQS/MN072619.1_Kenya_cattle_PROKKA/MN072619.1_Kenya_cattle.ecn
[17:59:40] Deleting unwanted file: ../../../CURRENT/PANGROWTH/SEQS/MN072619.1_Kenya_cattle_PROKKA/MN072619.1_Kenya_cattle.val
[17:59:40] Repairing broken .GBK output that tbl2asn produces...
[17:59:40] Running: sed 's/COORDINATES: profile/COORDINATES:profile/' < \.\.\/\.\.\/\.\.\/CURRENT\/PANGROWTH\/SEQS\/MN072619\.1_Kenya_cattle_PROKKA\/MN072619\.1_Kenya_cattle\.gbf > \.\.\/\.\.\/\.\.\/CURRENT\/PANGROWTH\/SEQS\/MN072619\.1_Kenya_cattle_PROKKA\/MN072619\.1_Kenya_cattle\.gbk
[17:59:40] Deleting unwanted file: ../../../CURRENT/PANGROWTH/SEQS/MN072619.1_Kenya_cattle_PROKKA/MN072619.1_Kenya_cattle.gbf
[17:59:40] Output files:
[17:59:40] ../../../CURRENT/PANGROWTH/SEQS/MN072619.1_Kenya_cattle_PROKKA/MN072619.1_Kenya_cattle.err
[17:59:40] ../../../CURRENT/PANGROWTH/SEQS/MN072619.1_Kenya_cattle_PROKKA/MN072619.1_Kenya_cattle.faa
[17:59:40] ../../../CURRENT/PANGROWTH/SEQS/MN072619.1_Kenya_cattle_PROKKA/MN072619.1_Kenya_cattle.tbl
[17:59:40] ../../../CURRENT/PANGROWTH/SEQS/MN072619.1_Kenya_cattle_PROKKA/MN072619.1_Kenya_cattle.txt
[17:59:40] ../../../CURRENT/PANGROWTH/SEQS/MN072619.1_Kenya_cattle_PROKKA/MN072619.1_Kenya_cattle.ffn
[17:59:40] ../../../CURRENT/PANGROWTH/SEQS/MN072619.1_Kenya_cattle_PROKKA/MN072619.1_Kenya_cattle.log
[17:59:40] ../../../CURRENT/PANGROWTH/SEQS/MN072619.1_Kenya_cattle_PROKKA/MN072619.1_Kenya_cattle.gff
[17:59:40] ../../../CURRENT/PANGROWTH/SEQS/MN072619.1_Kenya_cattle_PROKKA/MN072619.1_Kenya_cattle.fsa
[17:59:40] ../../../CURRENT/PANGROWTH/SEQS/MN072619.1_Kenya_cattle_PROKKA/MN072619.1_Kenya_cattle.gbk
[17:59:40] ../../../CURRENT/PANGROWTH/SEQS/MN072619.1_Kenya_cattle_PROKKA/MN072619.1_Kenya_cattle.sqn
[17:59:40] ../../../CURRENT/PANGROWTH/SEQS/MN072619.1_Kenya_cattle_PROKKA/MN072619.1_Kenya_cattle.fna
[17:59:40] ../../../CURRENT/PANGROWTH/SEQS/MN072619.1_Kenya_cattle_PROKKA/MN072619.1_Kenya_cattle.tsv
[17:59:40] Annotation finished successfully.
[17:59:40] Walltime used: 0.03 minutes
[17:59:40] If you use this result please cite the Prokka paper:
[17:59:40] Seemann T (2014) Prokka: rapid prokaryotic genome annotation. Bioinformatics. 30(14):2068-9.
[17:59:40] Type 'prokka --citation' for more details.
[17:59:40] Thank you, come again.
