[18:00:07] This is prokka 1.14.6
[18:00:07] Written by Torsten Seemann <torsten.seemann@gmail.com>
[18:00:07] Homepage is https://github.com/tseemann/prokka
[18:00:07] Local time is Tue Apr 16 18:00:07 2024
[18:00:07] You are downing
[18:00:07] Operating system is linux
[18:00:07] You have BioPerl 1.7.8
Argument "1.7.8" isn't numeric in numeric lt (<) at /mnt/lustre/RDS-live/downing/miniconda3/envs/snippy/bin/prokka line 259.
[18:00:07] System has 64 cores.
[18:00:07] Will use maximum of 8 cores.
[18:00:07] Annotating as >>> Viruses <<<
[18:00:07] Generating locus_tag from '../../../CURRENT/PANGROWTH/SEQS/OP297402.1_WB_IND_19_India_2019_cattle.fa' contents.
[18:00:07] Setting --locustag IACPCAHK from MD5 2ac9ca14d8cd744ca3a6c1d6dcfd9ac6
[18:00:07] Creating new output folder: ../../../CURRENT/PANGROWTH/SEQS/OP297402.1_WB_IND_19_India_2019_cattle_PROKKA
[18:00:07] Running: mkdir -p \.\.\/\.\.\/\.\.\/CURRENT\/PANGROWTH\/SEQS\/OP297402\.1_WB_IND_19_India_2019_cattle_PROKKA
[18:00:07] Using filename prefix: OP297402.1_WB_IND_19_India_2019_cattle.XXX
[18:00:07] Setting HMMER_NCPU=1
[18:00:07] Writing log to: ../../../CURRENT/PANGROWTH/SEQS/OP297402.1_WB_IND_19_India_2019_cattle_PROKKA/OP297402.1_WB_IND_19_India_2019_cattle.log
[18:00:07] Command: /mnt/lustre/RDS-live/downing/miniconda3/envs/snippy/bin/prokka --kingdom Viruses --proteins KX894508.gb --gffver 3 --usegenus --outdir ../../../CURRENT/PANGROWTH/SEQS/OP297402.1_WB_IND_19_India_2019_cattle_PROKKA --force --genus Capripoxvirus --prefix OP297402.1_WB_IND_19_India_2019_cattle ../../../CURRENT/PANGROWTH/SEQS/OP297402.1_WB_IND_19_India_2019_cattle.fa
[18:00:07] Appending to PATH: /mnt/lustre/RDS-live/downing/miniconda3/envs/snippy/bin
[18:00:07] Looking for 'aragorn' - found /mnt/lustre/RDS-live/downing/miniconda3/envs/snippy/bin/aragorn
[18:00:07] Determined aragorn version is 001002 from 'ARAGORN v1.2.41 Dean Laslett'
[18:00:07] Looking for 'barrnap' - found /mnt/lustre/RDS-live/downing/miniconda3/envs/snippy/bin/barrnap
[18:00:07] Determined barrnap version is 000009 from 'barrnap 0.9'
[18:00:07] Looking for 'blastp' - found /mnt/lustre/RDS-live/downing/miniconda3/envs/snippy/bin/blastp
[18:00:07] Determined blastp version is 002013 from 'blastp: 2.13.0+'
[18:00:07] Looking for 'cmpress' - found /mnt/lustre/RDS-live/downing/miniconda3/envs/snippy/bin/cmpress
[18:00:07] Determined cmpress version is 001001 from '# INFERNAL 1.1.4 (Dec 2020)'
[18:00:07] Looking for 'cmscan' - found /mnt/lustre/RDS-live/downing/miniconda3/envs/snippy/bin/cmscan
[18:00:07] Determined cmscan version is 001001 from '# INFERNAL 1.1.4 (Dec 2020)'
[18:00:07] Looking for 'egrep' - found /usr/bin/egrep
[18:00:07] Looking for 'find' - found /usr/bin/find
[18:00:07] Looking for 'grep' - found /usr/bin/grep
[18:00:07] Looking for 'hmmpress' - found /mnt/lustre/RDS-live/downing/miniconda3/envs/snippy/bin/hmmpress
[18:00:07] Determined hmmpress version is 003003 from '# HMMER 3.3.2 (Nov 2020); http://hmmer.org/'
[18:00:07] Looking for 'hmmscan' - found /mnt/lustre/RDS-live/downing/miniconda3/envs/snippy/bin/hmmscan
[18:00:07] Determined hmmscan version is 003003 from '# HMMER 3.3.2 (Nov 2020); http://hmmer.org/'
[18:00:07] Looking for 'java' - found /mnt/lustre/RDS-live/downing/miniconda3/envs/snippy/bin/java
[18:00:07] Looking for 'makeblastdb' - found /mnt/lustre/RDS-live/downing/miniconda3/envs/snippy/bin/makeblastdb
[18:00:07] Determined makeblastdb version is 002013 from 'makeblastdb: 2.13.0+'
[18:00:07] Looking for 'minced' - found /mnt/lustre/RDS-live/downing/miniconda3/envs/snippy/bin/minced
[18:00:07] Determined minced version is 004002 from 'minced 0.4.2'
[18:00:07] Looking for 'parallel' - found /mnt/lustre/RDS-live/downing/miniconda3/envs/snippy/bin/parallel
[18:00:08] Determined parallel version is 20220922 from 'GNU parallel 20220922'
[18:00:08] Looking for 'prodigal' - found /mnt/lustre/RDS-live/downing/miniconda3/envs/snippy/bin/prodigal
[18:00:08] Determined prodigal version is 002006 from 'Prodigal V2.6.3: February, 2016'
[18:00:08] Looking for 'prokka-genbank_to_fasta_db' - found /mnt/lustre/RDS-live/downing/miniconda3/envs/snippy/bin/prokka-genbank_to_fasta_db
[18:00:08] Looking for 'sed' - found /cm/shared/apps/mambaforge/envs/R.4.2.2/bin/sed
[18:00:08] Looking for 'tbl2asn' - found /mnt/lustre/RDS-live/downing/miniconda3/envs/snippy/bin/tbl2asn
[18:00:08] Determined tbl2asn version is 025007 from 'tbl2asn 25.7   arguments:'
[18:00:08] Using genetic code table 1.
[18:00:08] Loading and checking input file: ../../../CURRENT/PANGROWTH/SEQS/OP297402.1_WB_IND_19_India_2019_cattle.fa
[18:00:08] Contig ID must <= 37 chars long: OP297402.1_WB_IND_19_India_2019_cattle
[18:00:08] Please rename your contigs OR try '--centre X --compliant' to generate clean contig names.
