Discrepancy Report Results

Summary
FATAL: MISSING_PROTEIN_ID:150 proteins have invalid IDs.
DISC_SOURCE_QUALS_ASNDISC:strain (all present, all unique)
DISC_SOURCE_QUALS_ASNDISC:taxname (all present, all unique)
DISC_FEATURE_COUNT:CDS: 150 present
DISC_COUNT_NUCLEOTIDES:1 nucleotide Bioseqs are present
FEATURE_LOCATION_CONFLICT:150 features have inconsistent gene locations.
SUSPECT_PRODUCT_NAMES:3 product_names contain suspect phrase or characters
	May contain database identifier more appropriate in note; remove from product name
		1 features contains three or more numbers together that may be identifiers more appropriate in note
	use protein instead of gene as appropriate
		2 features contains 'gene'
DISC_QUALITY_SCORES:Quality scores are missing on all sequences.
ONCALLER_COMMENT_PRESENT:1 comment descriptors were found (all same)
SHORT_PROT_SEQUENCES:5 protein sequences are shorter than 50 aa.
MISSING_GENOMEASSEMBLY_COMMENTS:1 bioseqs are missing GenomeAssembly structured comments
MOLTYPE_NOT_MRNA:1 molecule types are not set as mRNA.
TECHNIQUE_NOT_TSA:1 technique are not set as TSA
MISSING_STRUCTURED_COMMENT:1 sequences do not include structured comments.
MISSING_PROJECT:151 sequences do not include project.
DISC_INCONSISTENT_MOLINFO_TECH:Molinfo Technique Report (some missing, all same)
DISC_GAPS:1 sequences contain gaps


Detailed Report

FATAL: DiscRep_ALL:MISSING_PROTEIN_ID::150 proteins have invalid IDs.
../../../CURRENT/PANGROWTH/SEQS/AY077834.1_Sheeppox_virus_NISKHI_1994_PROKKA/AY077834.1_Sheeppox_virus_NISKHI_1994:AY077834.1_Sheeppox_virus_NISKHI_199> (length 240)
../../../CURRENT/PANGROWTH/SEQS/AY077834.1_Sheeppox_virus_NISKHI_1994_PROKKA/AY077834.1_Sheeppox_virus_NISKHI_1994:AY077834.1_Sheeppox_virus_NISKHI_199> (length 168)
../../../CURRENT/PANGROWTH/SEQS/AY077834.1_Sheeppox_virus_NISKHI_1994_PROKKA/AY077834.1_Sheeppox_virus_NISKHI_1994:AY077834.1_Sheeppox_virus_NISKHI_199> (length 231)
../../../CURRENT/PANGROWTH/SEQS/AY077834.1_Sheeppox_virus_NISKHI_1994_PROKKA/AY077834.1_Sheeppox_virus_NISKHI_1994:AY077834.1_Sheeppox_virus_NISKHI_199> (length 355)
../../../CURRENT/PANGROWTH/SEQS/AY077834.1_Sheeppox_virus_NISKHI_1994_PROKKA/AY077834.1_Sheeppox_virus_NISKHI_1994:AY077834.1_Sheeppox_virus_NISKHI_199> (length 275)
../../../CURRENT/PANGROWTH/SEQS/AY077834.1_Sheeppox_virus_NISKHI_1994_PROKKA/AY077834.1_Sheeppox_virus_NISKHI_1994:AY077834.1_Sheeppox_virus_NISKHI_199> (length 51)
../../../CURRENT/PANGROWTH/SEQS/AY077834.1_Sheeppox_virus_NISKHI_1994_PROKKA/AY077834.1_Sheeppox_virus_NISKHI_1994:AY077834.1_Sheeppox_virus_NISKHI_199> (length 162)
../../../CURRENT/PANGROWTH/SEQS/AY077834.1_Sheeppox_virus_NISKHI_1994_PROKKA/AY077834.1_Sheeppox_virus_NISKHI_1994:AY077834.1_Sheeppox_virus_NISKHI_199> (length 374)
../../../CURRENT/PANGROWTH/SEQS/AY077834.1_Sheeppox_virus_NISKHI_1994_PROKKA/AY077834.1_Sheeppox_virus_NISKHI_1994:AY077834.1_Sheeppox_virus_NISKHI_199> (length 211)
../../../CURRENT/PANGROWTH/SEQS/AY077834.1_Sheeppox_virus_NISKHI_1994_PROKKA/AY077834.1_Sheeppox_virus_NISKHI_1994:AY077834.1_Sheeppox_virus_NISKHI_199> (length 89)
../../../CURRENT/PANGROWTH/SEQS/AY077834.1_Sheeppox_virus_NISKHI_1994_PROKKA/AY077834.1_Sheeppox_virus_NISKHI_1994:AY077834.1_Sheeppox_virus_NISKHI_199> (length 161)
../../../CURRENT/PANGROWTH/SEQS/AY077834.1_Sheeppox_virus_NISKHI_1994_PROKKA/AY077834.1_Sheeppox_virus_NISKHI_1994:AY077834.1_Sheeppox_virus_NISKHI_199> (length 100)
../../../CURRENT/PANGROWTH/SEQS/AY077834.1_Sheeppox_virus_NISKHI_1994_PROKKA/AY077834.1_Sheeppox_virus_NISKHI_1994:AY077834.1_Sheeppox_virus_NISKHI_199> (length 176)
../../../CURRENT/PANGROWTH/SEQS/AY077834.1_Sheeppox_virus_NISKHI_1994_PROKKA/AY077834.1_Sheeppox_virus_NISKHI_1994:AY077834.1_Sheeppox_virus_NISKHI_199> (length 146)
../../../CURRENT/PANGROWTH/SEQS/AY077834.1_Sheeppox_virus_NISKHI_1994_PROKKA/AY077834.1_Sheeppox_virus_NISKHI_1994:AY077834.1_Sheeppox_virus_NISKHI_199> (length 569)
../../../CURRENT/PANGROWTH/SEQS/AY077834.1_Sheeppox_virus_NISKHI_1994_PROKKA/AY077834.1_Sheeppox_virus_NISKHI_1994:AY077834.1_Sheeppox_virus_NISKHI_199> (length 321)
../../../CURRENT/PANGROWTH/SEQS/AY077834.1_Sheeppox_virus_NISKHI_1994_PROKKA/AY077834.1_Sheeppox_virus_NISKHI_1994:AY077834.1_Sheeppox_virus_NISKHI_199> (length 31)
../../../CURRENT/PANGROWTH/SEQS/AY077834.1_Sheeppox_virus_NISKHI_1994_PROKKA/AY077834.1_Sheeppox_virus_NISKHI_1994:AY077834.1_Sheeppox_virus_NISKHI_199> (length 103)
../../../CURRENT/PANGROWTH/SEQS/AY077834.1_Sheeppox_virus_NISKHI_1994_PROKKA/AY077834.1_Sheeppox_virus_NISKHI_1994:AY077834.1_Sheeppox_virus_NISKHI_199> (length 72)
../../../CURRENT/PANGROWTH/SEQS/AY077834.1_Sheeppox_virus_NISKHI_1994_PROKKA/AY077834.1_Sheeppox_virus_NISKHI_1994:AY077834.1_Sheeppox_virus_NISKHI_199> (length 216)
../../../CURRENT/PANGROWTH/SEQS/AY077834.1_Sheeppox_virus_NISKHI_1994_PROKKA/AY077834.1_Sheeppox_virus_NISKHI_1994:AY077834.1_Sheeppox_virus_NISKHI_199> (length 447)
../../../CURRENT/PANGROWTH/SEQS/AY077834.1_Sheeppox_virus_NISKHI_1994_PROKKA/AY077834.1_Sheeppox_virus_NISKHI_1994:AY077834.1_Sheeppox_virus_NISKHI_199> (length 45)
../../../CURRENT/PANGROWTH/SEQS/AY077834.1_Sheeppox_virus_NISKHI_1994_PROKKA/AY077834.1_Sheeppox_virus_NISKHI_1994:AY077834.1_Sheeppox_virus_NISKHI_199> (length 640)
../../../CURRENT/PANGROWTH/SEQS/AY077834.1_Sheeppox_virus_NISKHI_1994_PROKKA/AY077834.1_Sheeppox_virus_NISKHI_1994:AY077834.1_Sheeppox_virus_NISKHI_199> (length 370)
../../../CURRENT/PANGROWTH/SEQS/AY077834.1_Sheeppox_virus_NISKHI_1994_PROKKA/AY077834.1_Sheeppox_virus_NISKHI_1994:AY077834.1_Sheeppox_virus_NISKHI_199> (length 48)
../../../CURRENT/PANGROWTH/SEQS/AY077834.1_Sheeppox_virus_NISKHI_1994_PROKKA/AY077834.1_Sheeppox_virus_NISKHI_1994:AY077834.1_Sheeppox_virus_NISKHI_199> (length 145)
../../../CURRENT/PANGROWTH/SEQS/AY077834.1_Sheeppox_virus_NISKHI_1994_PROKKA/AY077834.1_Sheeppox_virus_NISKHI_1994:AY077834.1_Sheeppox_virus_NISKHI_199> (length 219)
../../../CURRENT/PANGROWTH/SEQS/AY077834.1_Sheeppox_virus_NISKHI_1994_PROKKA/AY077834.1_Sheeppox_virus_NISKHI_1994:AY077834.1_Sheeppox_virus_NISKHI_199> (length 104)
../../../CURRENT/PANGROWTH/SEQS/AY077834.1_Sheeppox_virus_NISKHI_1994_PROKKA/AY077834.1_Sheeppox_virus_NISKHI_1994:AY077834.1_Sheeppox_virus_NISKHI_199> (length 474)
../../../CURRENT/PANGROWTH/SEQS/AY077834.1_Sheeppox_virus_NISKHI_1994_PROKKA/AY077834.1_Sheeppox_virus_NISKHI_1994:AY077834.1_Sheeppox_virus_NISKHI_199> (length 735)
../../../CURRENT/PANGROWTH/SEQS/AY077834.1_Sheeppox_virus_NISKHI_1994_PROKKA/AY077834.1_Sheeppox_virus_NISKHI_1994:AY077834.1_Sheeppox_virus_NISKHI_199> (length 177)
../../../CURRENT/PANGROWTH/SEQS/AY077834.1_Sheeppox_virus_NISKHI_1994_PROKKA/AY077834.1_Sheeppox_virus_NISKHI_1994:AY077834.1_Sheeppox_virus_NISKHI_199> (length 194)
../../../CURRENT/PANGROWTH/SEQS/AY077834.1_Sheeppox_virus_NISKHI_1994_PROKKA/AY077834.1_Sheeppox_virus_NISKHI_1994:AY077834.1_Sheeppox_virus_NISKHI_199> (length 377)
../../../CURRENT/PANGROWTH/SEQS/AY077834.1_Sheeppox_virus_NISKHI_1994_PROKKA/AY077834.1_Sheeppox_virus_NISKHI_1994:AY077834.1_Sheeppox_virus_NISKHI_199> (length 566)
../../../CURRENT/PANGROWTH/SEQS/AY077834.1_Sheeppox_virus_NISKHI_1994_PROKKA/AY077834.1_Sheeppox_virus_NISKHI_1994:AY077834.1_Sheeppox_virus_NISKHI_199> (length 265)
../../../CURRENT/PANGROWTH/SEQS/AY077834.1_Sheeppox_virus_NISKHI_1994_PROKKA/AY077834.1_Sheeppox_virus_NISKHI_1994:AY077834.1_Sheeppox_virus_NISKHI_199> (length 1010)
../../../CURRENT/PANGROWTH/SEQS/AY077834.1_Sheeppox_virus_NISKHI_1994_PROKKA/AY077834.1_Sheeppox_virus_NISKHI_1994:AY077834.1_Sheeppox_virus_NISKHI_199> (length 95)
../../../CURRENT/PANGROWTH/SEQS/AY077834.1_Sheeppox_virus_NISKHI_1994_PROKKA/AY077834.1_Sheeppox_virus_NISKHI_1994:AY077834.1_Sheeppox_virus_NISKHI_199> (length 130)
../../../CURRENT/PANGROWTH/SEQS/AY077834.1_Sheeppox_virus_NISKHI_1994_PROKKA/AY077834.1_Sheeppox_virus_NISKHI_1994:AY077834.1_Sheeppox_virus_NISKHI_199> (length 684)
../../../CURRENT/PANGROWTH/SEQS/AY077834.1_Sheeppox_virus_NISKHI_1994_PROKKA/AY077834.1_Sheeppox_virus_NISKHI_1994:AY077834.1_Sheeppox_virus_NISKHI_199> (length 314)
../../../CURRENT/PANGROWTH/SEQS/AY077834.1_Sheeppox_virus_NISKHI_1994_PROKKA/AY077834.1_Sheeppox_virus_NISKHI_1994:AY077834.1_Sheeppox_virus_NISKHI_199> (length 71)
../../../CURRENT/PANGROWTH/SEQS/AY077834.1_Sheeppox_virus_NISKHI_1994_PROKKA/AY077834.1_Sheeppox_virus_NISKHI_1994:AY077834.1_Sheeppox_virus_NISKHI_199> (length 276)
../../../CURRENT/PANGROWTH/SEQS/AY077834.1_Sheeppox_virus_NISKHI_1994_PROKKA/AY077834.1_Sheeppox_virus_NISKHI_1994:AY077834.1_Sheeppox_virus_NISKHI_199> (length 78)
../../../CURRENT/PANGROWTH/SEQS/AY077834.1_Sheeppox_virus_NISKHI_1994_PROKKA/AY077834.1_Sheeppox_virus_NISKHI_1994:AY077834.1_Sheeppox_virus_NISKHI_199> (length 394)
../../../CURRENT/PANGROWTH/SEQS/AY077834.1_Sheeppox_virus_NISKHI_1994_PROKKA/AY077834.1_Sheeppox_virus_NISKHI_1994:AY077834.1_Sheeppox_virus_NISKHI_199> (length 433)
../../../CURRENT/PANGROWTH/SEQS/AY077834.1_Sheeppox_virus_NISKHI_1994_PROKKA/AY077834.1_Sheeppox_virus_NISKHI_1994:AY077834.1_Sheeppox_virus_NISKHI_199> (length 676)
../../../CURRENT/PANGROWTH/SEQS/AY077834.1_Sheeppox_virus_NISKHI_1994_PROKKA/AY077834.1_Sheeppox_virus_NISKHI_1994:AY077834.1_Sheeppox_virus_NISKHI_199> (length 595)
../../../CURRENT/PANGROWTH/SEQS/AY077834.1_Sheeppox_virus_NISKHI_1994_PROKKA/AY077834.1_Sheeppox_virus_NISKHI_1994:AY077834.1_Sheeppox_virus_NISKHI_199> (length 81)
../../../CURRENT/PANGROWTH/SEQS/AY077834.1_Sheeppox_virus_NISKHI_1994_PROKKA/AY077834.1_Sheeppox_virus_NISKHI_1994:AY077834.1_Sheeppox_virus_NISKHI_199> (length 222)
../../../CURRENT/PANGROWTH/SEQS/AY077834.1_Sheeppox_virus_NISKHI_1994_PROKKA/AY077834.1_Sheeppox_virus_NISKHI_1994:AY077834.1_Sheeppox_virus_NISKHI_199> (length 126)
../../../CURRENT/PANGROWTH/SEQS/AY077834.1_Sheeppox_virus_NISKHI_1994_PROKKA/AY077834.1_Sheeppox_virus_NISKHI_1994:AY077834.1_Sheeppox_virus_NISKHI_199> (length 437)
../../../CURRENT/PANGROWTH/SEQS/AY077834.1_Sheeppox_virus_NISKHI_1994_PROKKA/AY077834.1_Sheeppox_virus_NISKHI_1994:AY077834.1_Sheeppox_virus_NISKHI_199> (length 63)
../../../CURRENT/PANGROWTH/SEQS/AY077834.1_Sheeppox_virus_NISKHI_1994_PROKKA/AY077834.1_Sheeppox_virus_NISKHI_1994:AY077834.1_Sheeppox_virus_NISKHI_199> (length 174)
../../../CURRENT/PANGROWTH/SEQS/AY077834.1_Sheeppox_virus_NISKHI_1994_PROKKA/AY077834.1_Sheeppox_virus_NISKHI_1994:AY077834.1_Sheeppox_virus_NISKHI_199> (length 372)
../../../CURRENT/PANGROWTH/SEQS/AY077834.1_Sheeppox_virus_NISKHI_1994_PROKKA/AY077834.1_Sheeppox_virus_NISKHI_1994:AY077834.1_Sheeppox_virus_NISKHI_199> (length 260)
../../../CURRENT/PANGROWTH/SEQS/AY077834.1_Sheeppox_virus_NISKHI_1994_PROKKA/AY077834.1_Sheeppox_virus_NISKHI_1994:AY077834.1_Sheeppox_virus_NISKHI_199> (length 337)
../../../CURRENT/PANGROWTH/SEQS/AY077834.1_Sheeppox_virus_NISKHI_1994_PROKKA/AY077834.1_Sheeppox_virus_NISKHI_1994:AY077834.1_Sheeppox_virus_NISKHI_199> (length 245)
../../../CURRENT/PANGROWTH/SEQS/AY077834.1_Sheeppox_virus_NISKHI_1994_PROKKA/AY077834.1_Sheeppox_virus_NISKHI_1994:AY077834.1_Sheeppox_virus_NISKHI_199> (length 92)
../../../CURRENT/PANGROWTH/SEQS/AY077834.1_Sheeppox_virus_NISKHI_1994_PROKKA/AY077834.1_Sheeppox_virus_NISKHI_1994:AY077834.1_Sheeppox_virus_NISKHI_199> (length 318)
../../../CURRENT/PANGROWTH/SEQS/AY077834.1_Sheeppox_virus_NISKHI_1994_PROKKA/AY077834.1_Sheeppox_virus_NISKHI_1994:AY077834.1_Sheeppox_virus_NISKHI_199> (length 253)
../../../CURRENT/PANGROWTH/SEQS/AY077834.1_Sheeppox_virus_NISKHI_1994_PROKKA/AY077834.1_Sheeppox_virus_NISKHI_1994:AY077834.1_Sheeppox_virus_NISKHI_199> (length 132)
../../../CURRENT/PANGROWTH/SEQS/AY077834.1_Sheeppox_virus_NISKHI_1994_PROKKA/AY077834.1_Sheeppox_virus_NISKHI_1994:AY077834.1_Sheeppox_virus_NISKHI_199> (length 147)
../../../CURRENT/PANGROWTH/SEQS/AY077834.1_Sheeppox_virus_NISKHI_1994_PROKKA/AY077834.1_Sheeppox_virus_NISKHI_1994:AY077834.1_Sheeppox_virus_NISKHI_199> (length 177)
../../../CURRENT/PANGROWTH/SEQS/AY077834.1_Sheeppox_virus_NISKHI_1994_PROKKA/AY077834.1_Sheeppox_virus_NISKHI_1994:AY077834.1_Sheeppox_virus_NISKHI_199> (length 197)
../../../CURRENT/PANGROWTH/SEQS/AY077834.1_Sheeppox_virus_NISKHI_1994_PROKKA/AY077834.1_Sheeppox_virus_NISKHI_1994:AY077834.1_Sheeppox_virus_NISKHI_199> (length 328)
../../../CURRENT/PANGROWTH/SEQS/AY077834.1_Sheeppox_virus_NISKHI_1994_PROKKA/AY077834.1_Sheeppox_virus_NISKHI_1994:AY077834.1_Sheeppox_virus_NISKHI_199> (length 133)
../../../CURRENT/PANGROWTH/SEQS/AY077834.1_Sheeppox_virus_NISKHI_1994_PROKKA/AY077834.1_Sheeppox_virus_NISKHI_1994:AY077834.1_Sheeppox_virus_NISKHI_199> (length 1285)
../../../CURRENT/PANGROWTH/SEQS/AY077834.1_Sheeppox_virus_NISKHI_1994_PROKKA/AY077834.1_Sheeppox_virus_NISKHI_1994:AY077834.1_Sheeppox_virus_NISKHI_199> (length 171)
../../../CURRENT/PANGROWTH/SEQS/AY077834.1_Sheeppox_virus_NISKHI_1994_PROKKA/AY077834.1_Sheeppox_virus_NISKHI_1994:AY077834.1_Sheeppox_virus_NISKHI_199> (length 190)
../../../CURRENT/PANGROWTH/SEQS/AY077834.1_Sheeppox_virus_NISKHI_1994_PROKKA/AY077834.1_Sheeppox_virus_NISKHI_1994:AY077834.1_Sheeppox_virus_NISKHI_199> (length 323)
../../../CURRENT/PANGROWTH/SEQS/AY077834.1_Sheeppox_virus_NISKHI_1994_PROKKA/AY077834.1_Sheeppox_virus_NISKHI_1994:AY077834.1_Sheeppox_virus_NISKHI_199> (length 798)
../../../CURRENT/PANGROWTH/SEQS/AY077834.1_Sheeppox_virus_NISKHI_1994_PROKKA/AY077834.1_Sheeppox_virus_NISKHI_1994:AY077834.1_Sheeppox_virus_NISKHI_199> (length 226)
../../../CURRENT/PANGROWTH/SEQS/AY077834.1_Sheeppox_virus_NISKHI_1994_PROKKA/AY077834.1_Sheeppox_virus_NISKHI_1994:AY077834.1_Sheeppox_virus_NISKHI_199> (length 317)
../../../CURRENT/PANGROWTH/SEQS/AY077834.1_Sheeppox_virus_NISKHI_1994_PROKKA/AY077834.1_Sheeppox_virus_NISKHI_1994:AY077834.1_Sheeppox_virus_NISKHI_199> (length 147)
../../../CURRENT/PANGROWTH/SEQS/AY077834.1_Sheeppox_virus_NISKHI_1994_PROKKA/AY077834.1_Sheeppox_virus_NISKHI_1994:AY077834.1_Sheeppox_virus_NISKHI_199> (length 842)
../../../CURRENT/PANGROWTH/SEQS/AY077834.1_Sheeppox_virus_NISKHI_1994_PROKKA/AY077834.1_Sheeppox_virus_NISKHI_1994:AY077834.1_Sheeppox_virus_NISKHI_199> (length 155)
../../../CURRENT/PANGROWTH/SEQS/AY077834.1_Sheeppox_virus_NISKHI_1994_PROKKA/AY077834.1_Sheeppox_virus_NISKHI_1994:AY077834.1_Sheeppox_virus_NISKHI_199> (length 245)
../../../CURRENT/PANGROWTH/SEQS/AY077834.1_Sheeppox_virus_NISKHI_1994_PROKKA/AY077834.1_Sheeppox_virus_NISKHI_1994:AY077834.1_Sheeppox_virus_NISKHI_199> (length 218)
../../../CURRENT/PANGROWTH/SEQS/AY077834.1_Sheeppox_virus_NISKHI_1994_PROKKA/AY077834.1_Sheeppox_virus_NISKHI_1994:AY077834.1_Sheeppox_virus_NISKHI_199> (length 786)
../../../CURRENT/PANGROWTH/SEQS/AY077834.1_Sheeppox_virus_NISKHI_1994_PROKKA/AY077834.1_Sheeppox_virus_NISKHI_1994:AY077834.1_Sheeppox_virus_NISKHI_199> (length 635)
../../../CURRENT/PANGROWTH/SEQS/AY077834.1_Sheeppox_virus_NISKHI_1994_PROKKA/AY077834.1_Sheeppox_virus_NISKHI_1994:AY077834.1_Sheeppox_virus_NISKHI_199> (length 163)
../../../CURRENT/PANGROWTH/SEQS/AY077834.1_Sheeppox_virus_NISKHI_1994_PROKKA/AY077834.1_Sheeppox_virus_NISKHI_1994:AY077834.1_Sheeppox_virus_NISKHI_199> (length 226)
../../../CURRENT/PANGROWTH/SEQS/AY077834.1_Sheeppox_virus_NISKHI_1994_PROKKA/AY077834.1_Sheeppox_virus_NISKHI_1994:AY077834.1_Sheeppox_virus_NISKHI_199> (length 253)
../../../CURRENT/PANGROWTH/SEQS/AY077834.1_Sheeppox_virus_NISKHI_1994_PROKKA/AY077834.1_Sheeppox_virus_NISKHI_1994:AY077834.1_Sheeppox_virus_NISKHI_199> (length 635)
../../../CURRENT/PANGROWTH/SEQS/AY077834.1_Sheeppox_virus_NISKHI_1994_PROKKA/AY077834.1_Sheeppox_virus_NISKHI_1994:AY077834.1_Sheeppox_virus_NISKHI_199> (length 287)
../../../CURRENT/PANGROWTH/SEQS/AY077834.1_Sheeppox_virus_NISKHI_1994_PROKKA/AY077834.1_Sheeppox_virus_NISKHI_1994:AY077834.1_Sheeppox_virus_NISKHI_199> (length 549)
../../../CURRENT/PANGROWTH/SEQS/AY077834.1_Sheeppox_virus_NISKHI_1994_PROKKA/AY077834.1_Sheeppox_virus_NISKHI_1994:AY077834.1_Sheeppox_virus_NISKHI_199> (length 150)
../../../CURRENT/PANGROWTH/SEQS/AY077834.1_Sheeppox_virus_NISKHI_1994_PROKKA/AY077834.1_Sheeppox_virus_NISKHI_1994:AY077834.1_Sheeppox_virus_NISKHI_199> (length 227)
../../../CURRENT/PANGROWTH/SEQS/AY077834.1_Sheeppox_virus_NISKHI_1994_PROKKA/AY077834.1_Sheeppox_virus_NISKHI_1994:AY077834.1_Sheeppox_virus_NISKHI_199> (length 75)
../../../CURRENT/PANGROWTH/SEQS/AY077834.1_Sheeppox_virus_NISKHI_1994_PROKKA/AY077834.1_Sheeppox_virus_NISKHI_1994:AY077834.1_Sheeppox_virus_NISKHI_199> (length 661)
../../../CURRENT/PANGROWTH/SEQS/AY077834.1_Sheeppox_virus_NISKHI_1994_PROKKA/AY077834.1_Sheeppox_virus_NISKHI_1994:AY077834.1_Sheeppox_virus_NISKHI_199> (length 161)
../../../CURRENT/PANGROWTH/SEQS/AY077834.1_Sheeppox_virus_NISKHI_1994_PROKKA/AY077834.1_Sheeppox_virus_NISKHI_1994:AY077834.1_Sheeppox_virus_NISKHI_199> (length 167)
../../../CURRENT/PANGROWTH/SEQS/AY077834.1_Sheeppox_virus_NISKHI_1994_PROKKA/AY077834.1_Sheeppox_virus_NISKHI_1994:AY077834.1_Sheeppox_virus_NISKHI_199> (length 375)
../../../CURRENT/PANGROWTH/SEQS/AY077834.1_Sheeppox_virus_NISKHI_1994_PROKKA/AY077834.1_Sheeppox_virus_NISKHI_1994:AY077834.1_Sheeppox_virus_NISKHI_199> (length 714)
../../../CURRENT/PANGROWTH/SEQS/AY077834.1_Sheeppox_virus_NISKHI_1994_PROKKA/AY077834.1_Sheeppox_virus_NISKHI_1994:AY077834.1_Sheeppox_virus_NISKHI_199> (length 290)
../../../CURRENT/PANGROWTH/SEQS/AY077834.1_Sheeppox_virus_NISKHI_1994_PROKKA/AY077834.1_Sheeppox_virus_NISKHI_1994:AY077834.1_Sheeppox_virus_NISKHI_199> (length 78)
../../../CURRENT/PANGROWTH/SEQS/AY077834.1_Sheeppox_virus_NISKHI_1994_PROKKA/AY077834.1_Sheeppox_virus_NISKHI_1994:AY077834.1_Sheeppox_virus_NISKHI_199> (length 903)
../../../CURRENT/PANGROWTH/SEQS/AY077834.1_Sheeppox_virus_NISKHI_1994_PROKKA/AY077834.1_Sheeppox_virus_NISKHI_1994:AY077834.1_Sheeppox_virus_NISKHI_199> (length 317)
../../../CURRENT/PANGROWTH/SEQS/AY077834.1_Sheeppox_virus_NISKHI_1994_PROKKA/AY077834.1_Sheeppox_virus_NISKHI_1994:AY077834.1_Sheeppox_virus_NISKHI_199> (length 190)
../../../CURRENT/PANGROWTH/SEQS/AY077834.1_Sheeppox_virus_NISKHI_1994_PROKKA/AY077834.1_Sheeppox_virus_NISKHI_1994:AY077834.1_Sheeppox_virus_NISKHI_199> (length 67)
../../../CURRENT/PANGROWTH/SEQS/AY077834.1_Sheeppox_virus_NISKHI_1994_PROKKA/AY077834.1_Sheeppox_virus_NISKHI_1994:AY077834.1_Sheeppox_virus_NISKHI_199> (length 95)
../../../CURRENT/PANGROWTH/SEQS/AY077834.1_Sheeppox_virus_NISKHI_1994_PROKKA/AY077834.1_Sheeppox_virus_NISKHI_1994:AY077834.1_Sheeppox_virus_NISKHI_199> (length 95)
../../../CURRENT/PANGROWTH/SEQS/AY077834.1_Sheeppox_virus_NISKHI_1994_PROKKA/AY077834.1_Sheeppox_virus_NISKHI_1994:AY077834.1_Sheeppox_virus_NISKHI_199> (length 377)
../../../CURRENT/PANGROWTH/SEQS/AY077834.1_Sheeppox_virus_NISKHI_1994_PROKKA/AY077834.1_Sheeppox_virus_NISKHI_1994:AY077834.1_Sheeppox_virus_NISKHI_199> (length 194)
../../../CURRENT/PANGROWTH/SEQS/AY077834.1_Sheeppox_virus_NISKHI_1994_PROKKA/AY077834.1_Sheeppox_virus_NISKHI_1994:AY077834.1_Sheeppox_virus_NISKHI_199> (length 480)
../../../CURRENT/PANGROWTH/SEQS/AY077834.1_Sheeppox_virus_NISKHI_1994_PROKKA/AY077834.1_Sheeppox_virus_NISKHI_1994:AY077834.1_Sheeppox_virus_NISKHI_199> (length 74)
../../../CURRENT/PANGROWTH/SEQS/AY077834.1_Sheeppox_virus_NISKHI_1994_PROKKA/AY077834.1_Sheeppox_virus_NISKHI_1994:AY077834.1_Sheeppox_virus_NISKHI_199> (length 52)
../../../CURRENT/PANGROWTH/SEQS/AY077834.1_Sheeppox_virus_NISKHI_1994_PROKKA/AY077834.1_Sheeppox_virus_NISKHI_1994:AY077834.1_Sheeppox_virus_NISKHI_199> (length 430)
../../../CURRENT/PANGROWTH/SEQS/AY077834.1_Sheeppox_virus_NISKHI_1994_PROKKA/AY077834.1_Sheeppox_virus_NISKHI_1994:AY077834.1_Sheeppox_virus_NISKHI_199> (length 168)
../../../CURRENT/PANGROWTH/SEQS/AY077834.1_Sheeppox_virus_NISKHI_1994_PROKKA/AY077834.1_Sheeppox_virus_NISKHI_1994:AY077834.1_Sheeppox_virus_NISKHI_199> (length 385)
../../../CURRENT/PANGROWTH/SEQS/AY077834.1_Sheeppox_virus_NISKHI_1994_PROKKA/AY077834.1_Sheeppox_virus_NISKHI_1994:AY077834.1_Sheeppox_virus_NISKHI_199> (length 1156)
../../../CURRENT/PANGROWTH/SEQS/AY077834.1_Sheeppox_virus_NISKHI_1994_PROKKA/AY077834.1_Sheeppox_virus_NISKHI_1994:AY077834.1_Sheeppox_virus_NISKHI_199> (length 149)
../../../CURRENT/PANGROWTH/SEQS/AY077834.1_Sheeppox_virus_NISKHI_1994_PROKKA/AY077834.1_Sheeppox_virus_NISKHI_1994:AY077834.1_Sheeppox_virus_NISKHI_199> (length 140)
../../../CURRENT/PANGROWTH/SEQS/AY077834.1_Sheeppox_virus_NISKHI_1994_PROKKA/AY077834.1_Sheeppox_virus_NISKHI_1994:AY077834.1_Sheeppox_virus_NISKHI_199> (length 303)
../../../CURRENT/PANGROWTH/SEQS/AY077834.1_Sheeppox_virus_NISKHI_1994_PROKKA/AY077834.1_Sheeppox_virus_NISKHI_1994:AY077834.1_Sheeppox_virus_NISKHI_199> (length 74)
../../../CURRENT/PANGROWTH/SEQS/AY077834.1_Sheeppox_virus_NISKHI_1994_PROKKA/AY077834.1_Sheeppox_virus_NISKHI_1994:AY077834.1_Sheeppox_virus_NISKHI_199> (length 41)
../../../CURRENT/PANGROWTH/SEQS/AY077834.1_Sheeppox_virus_NISKHI_1994_PROKKA/AY077834.1_Sheeppox_virus_NISKHI_1994:AY077834.1_Sheeppox_virus_NISKHI_199> (length 256)
../../../CURRENT/PANGROWTH/SEQS/AY077834.1_Sheeppox_virus_NISKHI_1994_PROKKA/AY077834.1_Sheeppox_virus_NISKHI_1994:AY077834.1_Sheeppox_virus_NISKHI_199> (length 196)
../../../CURRENT/PANGROWTH/SEQS/AY077834.1_Sheeppox_virus_NISKHI_1994_PROKKA/AY077834.1_Sheeppox_virus_NISKHI_1994:AY077834.1_Sheeppox_virus_NISKHI_199> (length 171)
../../../CURRENT/PANGROWTH/SEQS/AY077834.1_Sheeppox_virus_NISKHI_1994_PROKKA/AY077834.1_Sheeppox_virus_NISKHI_1994:AY077834.1_Sheeppox_virus_NISKHI_199> (length 191)
../../../CURRENT/PANGROWTH/SEQS/AY077834.1_Sheeppox_virus_NISKHI_1994_PROKKA/AY077834.1_Sheeppox_virus_NISKHI_1994:AY077834.1_Sheeppox_virus_NISKHI_199> (length 288)
../../../CURRENT/PANGROWTH/SEQS/AY077834.1_Sheeppox_virus_NISKHI_1994_PROKKA/AY077834.1_Sheeppox_virus_NISKHI_1994:AY077834.1_Sheeppox_virus_NISKHI_199> (length 172)
../../../CURRENT/PANGROWTH/SEQS/AY077834.1_Sheeppox_virus_NISKHI_1994_PROKKA/AY077834.1_Sheeppox_virus_NISKHI_1994:AY077834.1_Sheeppox_virus_NISKHI_199> (length 267)
../../../CURRENT/PANGROWTH/SEQS/AY077834.1_Sheeppox_virus_NISKHI_1994_PROKKA/AY077834.1_Sheeppox_virus_NISKHI_1994:AY077834.1_Sheeppox_virus_NISKHI_199> (length 301)
../../../CURRENT/PANGROWTH/SEQS/AY077834.1_Sheeppox_virus_NISKHI_1994_PROKKA/AY077834.1_Sheeppox_virus_NISKHI_1994:AY077834.1_Sheeppox_virus_NISKHI_199> (length 106)
../../../CURRENT/PANGROWTH/SEQS/AY077834.1_Sheeppox_virus_NISKHI_1994_PROKKA/AY077834.1_Sheeppox_virus_NISKHI_1994:AY077834.1_Sheeppox_virus_NISKHI_199> (length 31)
../../../CURRENT/PANGROWTH/SEQS/AY077834.1_Sheeppox_virus_NISKHI_1994_PROKKA/AY077834.1_Sheeppox_virus_NISKHI_1994:AY077834.1_Sheeppox_virus_NISKHI_199> (length 77)
../../../CURRENT/PANGROWTH/SEQS/AY077834.1_Sheeppox_virus_NISKHI_1994_PROKKA/AY077834.1_Sheeppox_virus_NISKHI_1994:AY077834.1_Sheeppox_virus_NISKHI_199> (length 161)
../../../CURRENT/PANGROWTH/SEQS/AY077834.1_Sheeppox_virus_NISKHI_1994_PROKKA/AY077834.1_Sheeppox_virus_NISKHI_1994:AY077834.1_Sheeppox_virus_NISKHI_199> (length 557)
../../../CURRENT/PANGROWTH/SEQS/AY077834.1_Sheeppox_virus_NISKHI_1994_PROKKA/AY077834.1_Sheeppox_virus_NISKHI_1994:AY077834.1_Sheeppox_virus_NISKHI_199> (length 1986)
../../../CURRENT/PANGROWTH/SEQS/AY077834.1_Sheeppox_virus_NISKHI_1994_PROKKA/AY077834.1_Sheeppox_virus_NISKHI_1994:AY077834.1_Sheeppox_virus_NISKHI_199> (length 360)
../../../CURRENT/PANGROWTH/SEQS/AY077834.1_Sheeppox_virus_NISKHI_1994_PROKKA/AY077834.1_Sheeppox_virus_NISKHI_1994:AY077834.1_Sheeppox_virus_NISKHI_199> (length 335)
../../../CURRENT/PANGROWTH/SEQS/AY077834.1_Sheeppox_virus_NISKHI_1994_PROKKA/AY077834.1_Sheeppox_virus_NISKHI_1994:AY077834.1_Sheeppox_virus_NISKHI_199> (length 180)
../../../CURRENT/PANGROWTH/SEQS/AY077834.1_Sheeppox_virus_NISKHI_1994_PROKKA/AY077834.1_Sheeppox_virus_NISKHI_1994:AY077834.1_Sheeppox_virus_NISKHI_199> (length 305)
../../../CURRENT/PANGROWTH/SEQS/AY077834.1_Sheeppox_virus_NISKHI_1994_PROKKA/AY077834.1_Sheeppox_virus_NISKHI_1994:AY077834.1_Sheeppox_virus_NISKHI_199> (length 240)
../../../CURRENT/PANGROWTH/SEQS/AY077834.1_Sheeppox_virus_NISKHI_1994_PROKKA/AY077834.1_Sheeppox_virus_NISKHI_1994:AY077834.1_Sheeppox_virus_NISKHI_199> (length 226)
../../../CURRENT/PANGROWTH/SEQS/AY077834.1_Sheeppox_virus_NISKHI_1994_PROKKA/AY077834.1_Sheeppox_virus_NISKHI_1994:AY077834.1_Sheeppox_virus_NISKHI_199> (length 135)
../../../CURRENT/PANGROWTH/SEQS/AY077834.1_Sheeppox_virus_NISKHI_1994_PROKKA/AY077834.1_Sheeppox_virus_NISKHI_1994:AY077834.1_Sheeppox_virus_NISKHI_199> (length 302)
../../../CURRENT/PANGROWTH/SEQS/AY077834.1_Sheeppox_virus_NISKHI_1994_PROKKA/AY077834.1_Sheeppox_virus_NISKHI_1994:AY077834.1_Sheeppox_virus_NISKHI_199> (length 547)
../../../CURRENT/PANGROWTH/SEQS/AY077834.1_Sheeppox_virus_NISKHI_1994_PROKKA/AY077834.1_Sheeppox_virus_NISKHI_1994:AY077834.1_Sheeppox_virus_NISKHI_199> (length 250)
../../../CURRENT/PANGROWTH/SEQS/AY077834.1_Sheeppox_virus_NISKHI_1994_PROKKA/AY077834.1_Sheeppox_virus_NISKHI_1994:AY077834.1_Sheeppox_virus_NISKHI_199> (length 371)
../../../CURRENT/PANGROWTH/SEQS/AY077834.1_Sheeppox_virus_NISKHI_1994_PROKKA/AY077834.1_Sheeppox_virus_NISKHI_1994:AY077834.1_Sheeppox_virus_NISKHI_199> (length 410)
../../../CURRENT/PANGROWTH/SEQS/AY077834.1_Sheeppox_virus_NISKHI_1994_PROKKA/AY077834.1_Sheeppox_virus_NISKHI_1994:AY077834.1_Sheeppox_virus_NISKHI_199> (length 498)
../../../CURRENT/PANGROWTH/SEQS/AY077834.1_Sheeppox_virus_NISKHI_1994_PROKKA/AY077834.1_Sheeppox_virus_NISKHI_1994:AY077834.1_Sheeppox_virus_NISKHI_199> (length 116)
../../../CURRENT/PANGROWTH/SEQS/AY077834.1_Sheeppox_virus_NISKHI_1994_PROKKA/AY077834.1_Sheeppox_virus_NISKHI_1994:AY077834.1_Sheeppox_virus_NISKHI_199> (length 178)
../../../CURRENT/PANGROWTH/SEQS/AY077834.1_Sheeppox_virus_NISKHI_1994_PROKKA/AY077834.1_Sheeppox_virus_NISKHI_1994:AY077834.1_Sheeppox_virus_NISKHI_199> (length 337)
../../../CURRENT/PANGROWTH/SEQS/AY077834.1_Sheeppox_virus_NISKHI_1994_PROKKA/AY077834.1_Sheeppox_virus_NISKHI_1994:AY077834.1_Sheeppox_virus_NISKHI_199> (length 161)
../../../CURRENT/PANGROWTH/SEQS/AY077834.1_Sheeppox_virus_NISKHI_1994_PROKKA/AY077834.1_Sheeppox_virus_NISKHI_1994:AY077834.1_Sheeppox_virus_NISKHI_199> (length 552)
../../../CURRENT/PANGROWTH/SEQS/AY077834.1_Sheeppox_virus_NISKHI_1994_PROKKA/AY077834.1_Sheeppox_virus_NISKHI_1994:AY077834.1_Sheeppox_virus_NISKHI_199> (length 484)
../../../CURRENT/PANGROWTH/SEQS/AY077834.1_Sheeppox_virus_NISKHI_1994_PROKKA/AY077834.1_Sheeppox_virus_NISKHI_1994:AY077834.1_Sheeppox_virus_NISKHI_199> (length 240)

DiscRep_ALL:DISC_SOURCE_QUALS_ASNDISC::strain (all present, all unique)
DiscRep_SUB:DISC_SOURCE_QUALS_ASNDISC::1 sources have unique values for strain
DiscRep_ALL:DISC_SOURCE_QUALS_ASNDISC::taxname (all present, all unique)
DiscRep_SUB:DISC_SOURCE_QUALS_ASNDISC::1 sources have unique values for taxname
DiscRep_ALL:DISC_FEATURE_COUNT::CDS: 150 present
DiscRep_ALL:DISC_COUNT_NUCLEOTIDES::1 nucleotide Bioseqs are present
../../../CURRENT/PANGROWTH/SEQS/AY077834.1_Sheeppox_virus_NISKHI_1994_PROKKA/AY077834.1_Sheeppox_virus_NISKHI_1994:AY077834.1_Sheeppox_virus_NISKHI_1994 (length 149662, 2001 gap)

DiscRep_ALL:FEATURE_LOCATION_CONFLICT::150 features have inconsistent gene locations.
DiscRep_SUB:FEATURE_LOCATION_CONFLICT::Coding region xref gene does not exist
../../../CURRENT/PANGROWTH/SEQS/AY077834.1_Sheeppox_virus_NISKHI_1994_PROKKA/AY077834.1_Sheeppox_virus_NISKHI_1994:CDS	hypothetical protein	AY077834.1_Sheeppox_virus_NISKHI_1994:c1867-1145	KGOPFGHK_00001

DiscRep_SUB:FEATURE_LOCATION_CONFLICT::Coding region xref gene does not exist
../../../CURRENT/PANGROWTH/SEQS/AY077834.1_Sheeppox_virus_NISKHI_1994_PROKKA/AY077834.1_Sheeppox_virus_NISKHI_1994:CDS	Viral interleukin-10	AY077834.1_Sheeppox_virus_NISKHI_1994:2150-2656	KGOPFGHK_00002

DiscRep_SUB:FEATURE_LOCATION_CONFLICT::Coding region xref gene does not exist
../../../CURRENT/PANGROWTH/SEQS/AY077834.1_Sheeppox_virus_NISKHI_1994_PROKKA/AY077834.1_Sheeppox_virus_NISKHI_1994:CDS	hypothetical protein	AY077834.1_Sheeppox_virus_NISKHI_1994:c3362-2667	KGOPFGHK_00003

DiscRep_SUB:FEATURE_LOCATION_CONFLICT::Coding region xref gene does not exist
../../../CURRENT/PANGROWTH/SEQS/AY077834.1_Sheeppox_virus_NISKHI_1994_PROKKA/AY077834.1_Sheeppox_virus_NISKHI_1994:CDS	hypothetical protein	AY077834.1_Sheeppox_virus_NISKHI_1994:c4452-3385	KGOPFGHK_00004

DiscRep_SUB:FEATURE_LOCATION_CONFLICT::Coding region xref gene does not exist
../../../CURRENT/PANGROWTH/SEQS/AY077834.1_Sheeppox_virus_NISKHI_1994_PROKKA/AY077834.1_Sheeppox_virus_NISKHI_1994:CDS	Soluble interferon gamma receptor B8	AY077834.1_Sheeppox_virus_NISKHI_1994:c5361-4534	KGOPFGHK_00005

DiscRep_SUB:FEATURE_LOCATION_CONFLICT::Coding region xref gene does not exist
../../../CURRENT/PANGROWTH/SEQS/AY077834.1_Sheeppox_virus_NISKHI_1994_PROKKA/AY077834.1_Sheeppox_virus_NISKHI_1994:CDS	hypothetical protein	AY077834.1_Sheeppox_virus_NISKHI_1994:c5990-5835	KGOPFGHK_00006

DiscRep_SUB:FEATURE_LOCATION_CONFLICT::Coding region xref gene does not exist
../../../CURRENT/PANGROWTH/SEQS/AY077834.1_Sheeppox_virus_NISKHI_1994_PROKKA/AY077834.1_Sheeppox_virus_NISKHI_1994:CDS	hypothetical protein	AY077834.1_Sheeppox_virus_NISKHI_1994:c6551-6063	KGOPFGHK_00007

DiscRep_SUB:FEATURE_LOCATION_CONFLICT::Coding region xref gene does not exist
../../../CURRENT/PANGROWTH/SEQS/AY077834.1_Sheeppox_virus_NISKHI_1994_PROKKA/AY077834.1_Sheeppox_virus_NISKHI_1994:CDS	hypothetical protein	AY077834.1_Sheeppox_virus_NISKHI_1994:c7723-6599	KGOPFGHK_00008

DiscRep_SUB:FEATURE_LOCATION_CONFLICT::Coding region xref gene does not exist
../../../CURRENT/PANGROWTH/SEQS/AY077834.1_Sheeppox_virus_NISKHI_1994_PROKKA/AY077834.1_Sheeppox_virus_NISKHI_1994:CDS	hypothetical protein	AY077834.1_Sheeppox_virus_NISKHI_1994:c8462-7827	KGOPFGHK_00009

DiscRep_SUB:FEATURE_LOCATION_CONFLICT::Coding region xref gene does not exist
../../../CURRENT/PANGROWTH/SEQS/AY077834.1_Sheeppox_virus_NISKHI_1994_PROKKA/AY077834.1_Sheeppox_virus_NISKHI_1994:CDS	Protein K3	AY077834.1_Sheeppox_virus_NISKHI_1994:c9826-9557	KGOPFGHK_00010

DiscRep_SUB:FEATURE_LOCATION_CONFLICT::Coding region xref gene does not exist
../../../CURRENT/PANGROWTH/SEQS/AY077834.1_Sheeppox_virus_NISKHI_1994_PROKKA/AY077834.1_Sheeppox_virus_NISKHI_1994:CDS	hypothetical protein	AY077834.1_Sheeppox_virus_NISKHI_1994:c10298-9813	KGOPFGHK_00011

DiscRep_SUB:FEATURE_LOCATION_CONFLICT::Coding region xref gene does not exist
../../../CURRENT/PANGROWTH/SEQS/AY077834.1_Sheeppox_virus_NISKHI_1994_PROKKA/AY077834.1_Sheeppox_virus_NISKHI_1994:CDS	hypothetical protein	AY077834.1_Sheeppox_virus_NISKHI_1994:c10606-10304	KGOPFGHK_00012

DiscRep_SUB:FEATURE_LOCATION_CONFLICT::Coding region xref gene does not exist
../../../CURRENT/PANGROWTH/SEQS/AY077834.1_Sheeppox_virus_NISKHI_1994_PROKKA/AY077834.1_Sheeppox_virus_NISKHI_1994:CDS	hypothetical protein	AY077834.1_Sheeppox_virus_NISKHI_1994:c11127-10597	KGOPFGHK_00013

DiscRep_SUB:FEATURE_LOCATION_CONFLICT::Coding region xref gene does not exist
../../../CURRENT/PANGROWTH/SEQS/AY077834.1_Sheeppox_virus_NISKHI_1994_PROKKA/AY077834.1_Sheeppox_virus_NISKHI_1994:CDS	Deoxyuridine 5'-triphosphate nucleotidohydrolase	AY077834.1_Sheeppox_virus_NISKHI_1994:c11609-11169	KGOPFGHK_00014

DiscRep_SUB:FEATURE_LOCATION_CONFLICT::Coding region xref gene does not exist
../../../CURRENT/PANGROWTH/SEQS/AY077834.1_Sheeppox_virus_NISKHI_1994_PROKKA/AY077834.1_Sheeppox_virus_NISKHI_1994:CDS	Kelch repeat protein F3	AY077834.1_Sheeppox_virus_NISKHI_1994:c13363-11654	KGOPFGHK_00015

DiscRep_SUB:FEATURE_LOCATION_CONFLICT::Coding region xref gene does not exist
../../../CURRENT/PANGROWTH/SEQS/AY077834.1_Sheeppox_virus_NISKHI_1994_PROKKA/AY077834.1_Sheeppox_virus_NISKHI_1994:CDS	Ribonucleoside-diphosphate reductase small chain	AY077834.1_Sheeppox_virus_NISKHI_1994:c14397-13432	KGOPFGHK_00016

DiscRep_SUB:FEATURE_LOCATION_CONFLICT::Coding region xref gene does not exist
../../../CURRENT/PANGROWTH/SEQS/AY077834.1_Sheeppox_virus_NISKHI_1994_PROKKA/AY077834.1_Sheeppox_virus_NISKHI_1994:CDS	hypothetical protein	AY077834.1_Sheeppox_virus_NISKHI_1994:c14532-14437	KGOPFGHK_00017

DiscRep_SUB:FEATURE_LOCATION_CONFLICT::Coding region xref gene does not exist
../../../CURRENT/PANGROWTH/SEQS/AY077834.1_Sheeppox_virus_NISKHI_1994_PROKKA/AY077834.1_Sheeppox_virus_NISKHI_1994:CDS	hypothetical protein	AY077834.1_Sheeppox_virus_NISKHI_1994:c15057-14746	KGOPFGHK_00018

DiscRep_SUB:FEATURE_LOCATION_CONFLICT::Coding region xref gene does not exist
../../../CURRENT/PANGROWTH/SEQS/AY077834.1_Sheeppox_virus_NISKHI_1994_PROKKA/AY077834.1_Sheeppox_virus_NISKHI_1994:CDS	hypothetical protein	AY077834.1_Sheeppox_virus_NISKHI_1994:c15467-15249	KGOPFGHK_00019

DiscRep_SUB:FEATURE_LOCATION_CONFLICT::Coding region xref gene does not exist
../../../CURRENT/PANGROWTH/SEQS/AY077834.1_Sheeppox_virus_NISKHI_1994_PROKKA/AY077834.1_Sheeppox_virus_NISKHI_1994:CDS	Protein F9	AY077834.1_Sheeppox_virus_NISKHI_1994:c16196-15546	KGOPFGHK_00020

DiscRep_SUB:FEATURE_LOCATION_CONFLICT::Coding region xref gene does not exist
../../../CURRENT/PANGROWTH/SEQS/AY077834.1_Sheeppox_virus_NISKHI_1994_PROKKA/AY077834.1_Sheeppox_virus_NISKHI_1994:CDS	Serine/threonine-protein kinase 2	AY077834.1_Sheeppox_virus_NISKHI_1994:c17517-16174	KGOPFGHK_00021

DiscRep_SUB:FEATURE_LOCATION_CONFLICT::Coding region xref gene does not exist
../../../CURRENT/PANGROWTH/SEQS/AY077834.1_Sheeppox_virus_NISKHI_1994_PROKKA/AY077834.1_Sheeppox_virus_NISKHI_1994:CDS	hypothetical protein	AY077834.1_Sheeppox_virus_NISKHI_1994:c18364-18227	KGOPFGHK_00022

DiscRep_SUB:FEATURE_LOCATION_CONFLICT::Coding region xref gene does not exist
../../../CURRENT/PANGROWTH/SEQS/AY077834.1_Sheeppox_virus_NISKHI_1994_PROKKA/AY077834.1_Sheeppox_virus_NISKHI_1994:CDS	Protein F12	AY077834.1_Sheeppox_virus_NISKHI_1994:c20302-18380	KGOPFGHK_00023

DiscRep_SUB:FEATURE_LOCATION_CONFLICT::Coding region xref gene does not exist
../../../CURRENT/PANGROWTH/SEQS/AY077834.1_Sheeppox_virus_NISKHI_1994_PROKKA/AY077834.1_Sheeppox_virus_NISKHI_1994:CDS	Envelope phospholipase F13	AY077834.1_Sheeppox_virus_NISKHI_1994:c21421-20309	KGOPFGHK_00024

DiscRep_SUB:FEATURE_LOCATION_CONFLICT::Coding region xref gene does not exist
../../../CURRENT/PANGROWTH/SEQS/AY077834.1_Sheeppox_virus_NISKHI_1994_PROKKA/AY077834.1_Sheeppox_virus_NISKHI_1994:CDS	hypothetical protein	AY077834.1_Sheeppox_virus_NISKHI_1994:c21594-21448	KGOPFGHK_00025

DiscRep_SUB:FEATURE_LOCATION_CONFLICT::Coding region xref gene does not exist
../../../CURRENT/PANGROWTH/SEQS/AY077834.1_Sheeppox_virus_NISKHI_1994_PROKKA/AY077834.1_Sheeppox_virus_NISKHI_1994:CDS	hypothetical protein	AY077834.1_Sheeppox_virus_NISKHI_1994:c22060-21623	KGOPFGHK_00026

DiscRep_SUB:FEATURE_LOCATION_CONFLICT::Coding region xref gene does not exist
../../../CURRENT/PANGROWTH/SEQS/AY077834.1_Sheeppox_virus_NISKHI_1994_PROKKA/AY077834.1_Sheeppox_virus_NISKHI_1994:CDS	hypothetical protein	AY077834.1_Sheeppox_virus_NISKHI_1994:c22793-22134	KGOPFGHK_00027

DiscRep_SUB:FEATURE_LOCATION_CONFLICT::Coding region xref gene does not exist
../../../CURRENT/PANGROWTH/SEQS/AY077834.1_Sheeppox_virus_NISKHI_1994_PROKKA/AY077834.1_Sheeppox_virus_NISKHI_1994:CDS	Phosphoprotein F17	AY077834.1_Sheeppox_virus_NISKHI_1994:22865-23179	KGOPFGHK_00028

DiscRep_SUB:FEATURE_LOCATION_CONFLICT::Coding region xref gene does not exist
../../../CURRENT/PANGROWTH/SEQS/AY077834.1_Sheeppox_virus_NISKHI_1994_PROKKA/AY077834.1_Sheeppox_virus_NISKHI_1994:CDS	Poly(A) polymerase catalytic subunit	AY077834.1_Sheeppox_virus_NISKHI_1994:c24607-23183	KGOPFGHK_00029

DiscRep_SUB:FEATURE_LOCATION_CONFLICT::Coding region xref gene does not exist
../../../CURRENT/PANGROWTH/SEQS/AY077834.1_Sheeppox_virus_NISKHI_1994_PROKKA/AY077834.1_Sheeppox_virus_NISKHI_1994:CDS	Protein E2	AY077834.1_Sheeppox_virus_NISKHI_1994:c26811-24604	KGOPFGHK_00030

DiscRep_SUB:FEATURE_LOCATION_CONFLICT::Coding region xref gene does not exist
../../../CURRENT/PANGROWTH/SEQS/AY077834.1_Sheeppox_virus_NISKHI_1994_PROKKA/AY077834.1_Sheeppox_virus_NISKHI_1994:CDS	Protein E3	AY077834.1_Sheeppox_virus_NISKHI_1994:c27356-26823	KGOPFGHK_00031

DiscRep_SUB:FEATURE_LOCATION_CONFLICT::Coding region xref gene does not exist
../../../CURRENT/PANGROWTH/SEQS/AY077834.1_Sheeppox_virus_NISKHI_1994_PROKKA/AY077834.1_Sheeppox_virus_NISKHI_1994:CDS	hypothetical protein	AY077834.1_Sheeppox_virus_NISKHI_1994:c27999-27415	KGOPFGHK_00032

DiscRep_SUB:FEATURE_LOCATION_CONFLICT::Coding region xref gene does not exist
../../../CURRENT/PANGROWTH/SEQS/AY077834.1_Sheeppox_virus_NISKHI_1994_PROKKA/AY077834.1_Sheeppox_virus_NISKHI_1994:CDS	hypothetical protein	AY077834.1_Sheeppox_virus_NISKHI_1994:28084-29217	KGOPFGHK_00033

DiscRep_SUB:FEATURE_LOCATION_CONFLICT::Coding region xref gene does not exist
../../../CURRENT/PANGROWTH/SEQS/AY077834.1_Sheeppox_virus_NISKHI_1994_PROKKA/AY077834.1_Sheeppox_virus_NISKHI_1994:CDS	Protein E6	AY077834.1_Sheeppox_virus_NISKHI_1994:29227-30927	KGOPFGHK_00034

DiscRep_SUB:FEATURE_LOCATION_CONFLICT::Coding region xref gene does not exist
../../../CURRENT/PANGROWTH/SEQS/AY077834.1_Sheeppox_virus_NISKHI_1994_PROKKA/AY077834.1_Sheeppox_virus_NISKHI_1994:CDS	Protein E8	AY077834.1_Sheeppox_virus_NISKHI_1994:30937-31734	KGOPFGHK_00035

DiscRep_SUB:FEATURE_LOCATION_CONFLICT::Coding region xref gene does not exist
../../../CURRENT/PANGROWTH/SEQS/AY077834.1_Sheeppox_virus_NISKHI_1994_PROKKA/AY077834.1_Sheeppox_virus_NISKHI_1994:CDS	DNA polymerase	AY077834.1_Sheeppox_virus_NISKHI_1994:c34763-31731	KGOPFGHK_00036

DiscRep_SUB:FEATURE_LOCATION_CONFLICT::Coding region xref gene does not exist
../../../CURRENT/PANGROWTH/SEQS/AY077834.1_Sheeppox_virus_NISKHI_1994_PROKKA/AY077834.1_Sheeppox_virus_NISKHI_1994:CDS	putative FAD-linked sulfhydryl oxidase E10	AY077834.1_Sheeppox_virus_NISKHI_1994:34797-35084	KGOPFGHK_00037

DiscRep_SUB:FEATURE_LOCATION_CONFLICT::Coding region xref gene does not exist
../../../CURRENT/PANGROWTH/SEQS/AY077834.1_Sheeppox_virus_NISKHI_1994_PROKKA/AY077834.1_Sheeppox_virus_NISKHI_1994:CDS	Protein E11	AY077834.1_Sheeppox_virus_NISKHI_1994:c35473-35081	KGOPFGHK_00038

DiscRep_SUB:FEATURE_LOCATION_CONFLICT::Coding region xref gene does not exist
../../../CURRENT/PANGROWTH/SEQS/AY077834.1_Sheeppox_virus_NISKHI_1994_PROKKA/AY077834.1_Sheeppox_virus_NISKHI_1994:CDS	hypothetical protein	AY077834.1_Sheeppox_virus_NISKHI_1994:c37514-35460	KGOPFGHK_00039

DiscRep_SUB:FEATURE_LOCATION_CONFLICT::Coding region xref gene does not exist
../../../CURRENT/PANGROWTH/SEQS/AY077834.1_Sheeppox_virus_NISKHI_1994_PROKKA/AY077834.1_Sheeppox_virus_NISKHI_1994:CDS	Telomere-binding protein I1	AY077834.1_Sheeppox_virus_NISKHI_1994:c38564-37620	KGOPFGHK_00040

DiscRep_SUB:FEATURE_LOCATION_CONFLICT::Coding region xref gene does not exist
../../../CURRENT/PANGROWTH/SEQS/AY077834.1_Sheeppox_virus_NISKHI_1994_PROKKA/AY077834.1_Sheeppox_virus_NISKHI_1994:CDS	hypothetical protein	AY077834.1_Sheeppox_virus_NISKHI_1994:c38786-38571	KGOPFGHK_00041

DiscRep_SUB:FEATURE_LOCATION_CONFLICT::Coding region xref gene does not exist
../../../CURRENT/PANGROWTH/SEQS/AY077834.1_Sheeppox_virus_NISKHI_1994_PROKKA/AY077834.1_Sheeppox_virus_NISKHI_1994:CDS	Protein I3	AY077834.1_Sheeppox_virus_NISKHI_1994:c39617-38787	KGOPFGHK_00042

DiscRep_SUB:FEATURE_LOCATION_CONFLICT::Coding region xref gene does not exist
../../../CURRENT/PANGROWTH/SEQS/AY077834.1_Sheeppox_virus_NISKHI_1994_PROKKA/AY077834.1_Sheeppox_virus_NISKHI_1994:CDS	Protein I5	AY077834.1_Sheeppox_virus_NISKHI_1994:c39914-39678	KGOPFGHK_00043

DiscRep_SUB:FEATURE_LOCATION_CONFLICT::Coding region xref gene does not exist
../../../CURRENT/PANGROWTH/SEQS/AY077834.1_Sheeppox_virus_NISKHI_1994_PROKKA/AY077834.1_Sheeppox_virus_NISKHI_1994:CDS	Telomere-binding protein I6	AY077834.1_Sheeppox_virus_NISKHI_1994:c41116-39932	KGOPFGHK_00044

DiscRep_SUB:FEATURE_LOCATION_CONFLICT::Coding region xref gene does not exist
../../../CURRENT/PANGROWTH/SEQS/AY077834.1_Sheeppox_virus_NISKHI_1994_PROKKA/AY077834.1_Sheeppox_virus_NISKHI_1994:CDS	Core protease I7	AY077834.1_Sheeppox_virus_NISKHI_1994:c42410-41109	KGOPFGHK_00045

DiscRep_SUB:FEATURE_LOCATION_CONFLICT::Coding region xref gene does not exist
../../../CURRENT/PANGROWTH/SEQS/AY077834.1_Sheeppox_virus_NISKHI_1994_PROKKA/AY077834.1_Sheeppox_virus_NISKHI_1994:CDS	RNA helicase NPH-II	AY077834.1_Sheeppox_virus_NISKHI_1994:42416-44446	KGOPFGHK_00046

DiscRep_SUB:FEATURE_LOCATION_CONFLICT::Coding region xref gene does not exist
../../../CURRENT/PANGROWTH/SEQS/AY077834.1_Sheeppox_virus_NISKHI_1994_PROKKA/AY077834.1_Sheeppox_virus_NISKHI_1994:CDS	Metalloendopeptidase G1	AY077834.1_Sheeppox_virus_NISKHI_1994:c46230-44443	KGOPFGHK_00047

DiscRep_SUB:FEATURE_LOCATION_CONFLICT::Coding region xref gene does not exist
../../../CURRENT/PANGROWTH/SEQS/AY077834.1_Sheeppox_virus_NISKHI_1994_PROKKA/AY077834.1_Sheeppox_virus_NISKHI_1994:CDS	Protein G3	AY077834.1_Sheeppox_virus_NISKHI_1994:c46472-46227	KGOPFGHK_00048

DiscRep_SUB:FEATURE_LOCATION_CONFLICT::Coding region xref gene does not exist
../../../CURRENT/PANGROWTH/SEQS/AY077834.1_Sheeppox_virus_NISKHI_1994_PROKKA/AY077834.1_Sheeppox_virus_NISKHI_1994:CDS	Late transcription elongation factor G2	AY077834.1_Sheeppox_virus_NISKHI_1994:46553-47221	KGOPFGHK_00049

DiscRep_SUB:FEATURE_LOCATION_CONFLICT::Coding region xref gene does not exist
../../../CURRENT/PANGROWTH/SEQS/AY077834.1_Sheeppox_virus_NISKHI_1994_PROKKA/AY077834.1_Sheeppox_virus_NISKHI_1994:CDS	Glutaredoxin-2	AY077834.1_Sheeppox_virus_NISKHI_1994:c47565-47185	KGOPFGHK_00050

DiscRep_SUB:FEATURE_LOCATION_CONFLICT::Coding region xref gene does not exist
../../../CURRENT/PANGROWTH/SEQS/AY077834.1_Sheeppox_virus_NISKHI_1994_PROKKA/AY077834.1_Sheeppox_virus_NISKHI_1994:CDS	Putative nuclease G5	AY077834.1_Sheeppox_virus_NISKHI_1994:47568-48881	KGOPFGHK_00051

DiscRep_SUB:FEATURE_LOCATION_CONFLICT::Coding region xref gene does not exist
../../../CURRENT/PANGROWTH/SEQS/AY077834.1_Sheeppox_virus_NISKHI_1994_PROKKA/AY077834.1_Sheeppox_virus_NISKHI_1994:CDS	DNA-directed RNA polymerase 7 kDa subunit	AY077834.1_Sheeppox_virus_NISKHI_1994:48893-49084	KGOPFGHK_00052

DiscRep_SUB:FEATURE_LOCATION_CONFLICT::Coding region xref gene does not exist
../../../CURRENT/PANGROWTH/SEQS/AY077834.1_Sheeppox_virus_NISKHI_1994_PROKKA/AY077834.1_Sheeppox_virus_NISKHI_1994:CDS	hypothetical protein	AY077834.1_Sheeppox_virus_NISKHI_1994:49084-49608	KGOPFGHK_00053

DiscRep_SUB:FEATURE_LOCATION_CONFLICT::Coding region xref gene does not exist
../../../CURRENT/PANGROWTH/SEQS/AY077834.1_Sheeppox_virus_NISKHI_1994_PROKKA/AY077834.1_Sheeppox_virus_NISKHI_1994:CDS	Assembly protein G7	AY077834.1_Sheeppox_virus_NISKHI_1994:c50741-49623	KGOPFGHK_00054

DiscRep_SUB:FEATURE_LOCATION_CONFLICT::Coding region xref gene does not exist
../../../CURRENT/PANGROWTH/SEQS/AY077834.1_Sheeppox_virus_NISKHI_1994_PROKKA/AY077834.1_Sheeppox_virus_NISKHI_1994:CDS	Late transcription factor 1	AY077834.1_Sheeppox_virus_NISKHI_1994:50775-51557	KGOPFGHK_00055

DiscRep_SUB:FEATURE_LOCATION_CONFLICT::Coding region xref gene does not exist
../../../CURRENT/PANGROWTH/SEQS/AY077834.1_Sheeppox_virus_NISKHI_1994_PROKKA/AY077834.1_Sheeppox_virus_NISKHI_1994:CDS	Myristoylated protein G9	AY077834.1_Sheeppox_virus_NISKHI_1994:51584-52597	KGOPFGHK_00056

DiscRep_SUB:FEATURE_LOCATION_CONFLICT::Coding region xref gene does not exist
../../../CURRENT/PANGROWTH/SEQS/AY077834.1_Sheeppox_virus_NISKHI_1994_PROKKA/AY077834.1_Sheeppox_virus_NISKHI_1994:CDS	Protein L1	AY077834.1_Sheeppox_virus_NISKHI_1994:52598-53335	KGOPFGHK_00057

DiscRep_SUB:FEATURE_LOCATION_CONFLICT::Coding region xref gene does not exist
../../../CURRENT/PANGROWTH/SEQS/AY077834.1_Sheeppox_virus_NISKHI_1994_PROKKA/AY077834.1_Sheeppox_virus_NISKHI_1994:CDS	Protein L2	AY077834.1_Sheeppox_virus_NISKHI_1994:53373-53651	KGOPFGHK_00058

DiscRep_SUB:FEATURE_LOCATION_CONFLICT::Coding region xref gene does not exist
../../../CURRENT/PANGROWTH/SEQS/AY077834.1_Sheeppox_virus_NISKHI_1994_PROKKA/AY077834.1_Sheeppox_virus_NISKHI_1994:CDS	Protein L3	AY077834.1_Sheeppox_virus_NISKHI_1994:c54624-53668	KGOPFGHK_00059

DiscRep_SUB:FEATURE_LOCATION_CONFLICT::Coding region xref gene does not exist
../../../CURRENT/PANGROWTH/SEQS/AY077834.1_Sheeppox_virus_NISKHI_1994_PROKKA/AY077834.1_Sheeppox_virus_NISKHI_1994:CDS	Core protein VP8	AY077834.1_Sheeppox_virus_NISKHI_1994:54649-55410	KGOPFGHK_00060

DiscRep_SUB:FEATURE_LOCATION_CONFLICT::Coding region xref gene does not exist
../../../CURRENT/PANGROWTH/SEQS/AY077834.1_Sheeppox_virus_NISKHI_1994_PROKKA/AY077834.1_Sheeppox_virus_NISKHI_1994:CDS	Protein L5	AY077834.1_Sheeppox_virus_NISKHI_1994:55426-55824	KGOPFGHK_00061

DiscRep_SUB:FEATURE_LOCATION_CONFLICT::Coding region xref gene does not exist
../../../CURRENT/PANGROWTH/SEQS/AY077834.1_Sheeppox_virus_NISKHI_1994_PROKKA/AY077834.1_Sheeppox_virus_NISKHI_1994:CDS	Protein J1	AY077834.1_Sheeppox_virus_NISKHI_1994:55778-56221	KGOPFGHK_00062

DiscRep_SUB:FEATURE_LOCATION_CONFLICT::Coding region xref gene does not exist
../../../CURRENT/PANGROWTH/SEQS/AY077834.1_Sheeppox_virus_NISKHI_1994_PROKKA/AY077834.1_Sheeppox_virus_NISKHI_1994:CDS	Thymidine kinase	AY077834.1_Sheeppox_virus_NISKHI_1994:56246-56779	KGOPFGHK_00063

DiscRep_SUB:FEATURE_LOCATION_CONFLICT::Coding region xref gene does not exist
../../../CURRENT/PANGROWTH/SEQS/AY077834.1_Sheeppox_virus_NISKHI_1994_PROKKA/AY077834.1_Sheeppox_virus_NISKHI_1994:CDS	hypothetical protein	AY077834.1_Sheeppox_virus_NISKHI_1994:56852-57445	KGOPFGHK_00064

DiscRep_SUB:FEATURE_LOCATION_CONFLICT::Coding region xref gene does not exist
../../../CURRENT/PANGROWTH/SEQS/AY077834.1_Sheeppox_virus_NISKHI_1994_PROKKA/AY077834.1_Sheeppox_virus_NISKHI_1994:CDS	Cap-specific mRNA (nucleoside-2'-O-)-methyltransferase	AY077834.1_Sheeppox_virus_NISKHI_1994:57521-58507	KGOPFGHK_00065

DiscRep_SUB:FEATURE_LOCATION_CONFLICT::Coding region xref gene does not exist
../../../CURRENT/PANGROWTH/SEQS/AY077834.1_Sheeppox_virus_NISKHI_1994_PROKKA/AY077834.1_Sheeppox_virus_NISKHI_1994:CDS	Protein J5	AY077834.1_Sheeppox_virus_NISKHI_1994:c59386-58985	KGOPFGHK_00066

DiscRep_SUB:FEATURE_LOCATION_CONFLICT::Coding region xref gene does not exist
../../../CURRENT/PANGROWTH/SEQS/AY077834.1_Sheeppox_virus_NISKHI_1994_PROKKA/AY077834.1_Sheeppox_virus_NISKHI_1994:CDS	hypothetical protein	AY077834.1_Sheeppox_virus_NISKHI_1994:59474-63331	KGOPFGHK_00067

DiscRep_SUB:FEATURE_LOCATION_CONFLICT::Coding region xref gene does not exist
../../../CURRENT/PANGROWTH/SEQS/AY077834.1_Sheeppox_virus_NISKHI_1994_PROKKA/AY077834.1_Sheeppox_virus_NISKHI_1994:CDS	putative dual specificity protein phosphatase H1	AY077834.1_Sheeppox_virus_NISKHI_1994:c63851-63336	KGOPFGHK_00068

DiscRep_SUB:FEATURE_LOCATION_CONFLICT::Coding region xref gene does not exist
../../../CURRENT/PANGROWTH/SEQS/AY077834.1_Sheeppox_virus_NISKHI_1994_PROKKA/AY077834.1_Sheeppox_virus_NISKHI_1994:CDS	Protein H2	AY077834.1_Sheeppox_virus_NISKHI_1994:63867-64439	KGOPFGHK_00069

DiscRep_SUB:FEATURE_LOCATION_CONFLICT::Coding region xref gene does not exist
../../../CURRENT/PANGROWTH/SEQS/AY077834.1_Sheeppox_virus_NISKHI_1994_PROKKA/AY077834.1_Sheeppox_virus_NISKHI_1994:CDS	Envelope protein H3	AY077834.1_Sheeppox_virus_NISKHI_1994:c65407-64436	KGOPFGHK_00070

DiscRep_SUB:FEATURE_LOCATION_CONFLICT::Coding region xref gene does not exist
../../../CURRENT/PANGROWTH/SEQS/AY077834.1_Sheeppox_virus_NISKHI_1994_PROKKA/AY077834.1_Sheeppox_virus_NISKHI_1994:CDS	RNA polymerase-associated transcription-specificity factor RAP94	AY077834.1_Sheeppox_virus_NISKHI_1994:c67834-65438	KGOPFGHK_00071

DiscRep_SUB:FEATURE_LOCATION_CONFLICT::Coding region xref gene does not exist
../../../CURRENT/PANGROWTH/SEQS/AY077834.1_Sheeppox_virus_NISKHI_1994_PROKKA/AY077834.1_Sheeppox_virus_NISKHI_1994:CDS	Late transcription elongation factor H5	AY077834.1_Sheeppox_virus_NISKHI_1994:67978-68658	KGOPFGHK_00072

DiscRep_SUB:FEATURE_LOCATION_CONFLICT::Coding region xref gene does not exist
../../../CURRENT/PANGROWTH/SEQS/AY077834.1_Sheeppox_virus_NISKHI_1994_PROKKA/AY077834.1_Sheeppox_virus_NISKHI_1994:CDS	DNA topoisomerase 1B	AY077834.1_Sheeppox_virus_NISKHI_1994:68700-69653	KGOPFGHK_00073

DiscRep_SUB:FEATURE_LOCATION_CONFLICT::Coding region xref gene does not exist
../../../CURRENT/PANGROWTH/SEQS/AY077834.1_Sheeppox_virus_NISKHI_1994_PROKKA/AY077834.1_Sheeppox_virus_NISKHI_1994:CDS	Late protein H7	AY077834.1_Sheeppox_virus_NISKHI_1994:69673-70116	KGOPFGHK_00074

DiscRep_SUB:FEATURE_LOCATION_CONFLICT::Coding region xref gene does not exist
../../../CURRENT/PANGROWTH/SEQS/AY077834.1_Sheeppox_virus_NISKHI_1994_PROKKA/AY077834.1_Sheeppox_virus_NISKHI_1994:CDS	mRNA-capping enzyme catalytic subunit	AY077834.1_Sheeppox_virus_NISKHI_1994:70148-72676	KGOPFGHK_00075

DiscRep_SUB:FEATURE_LOCATION_CONFLICT::Coding region xref gene does not exist
../../../CURRENT/PANGROWTH/SEQS/AY077834.1_Sheeppox_virus_NISKHI_1994_PROKKA/AY077834.1_Sheeppox_virus_NISKHI_1994:CDS	Core protein D4	AY077834.1_Sheeppox_virus_NISKHI_1994:c73105-72638	KGOPFGHK_00076

DiscRep_SUB:FEATURE_LOCATION_CONFLICT::Coding region xref gene does not exist
../../../CURRENT/PANGROWTH/SEQS/AY077834.1_Sheeppox_virus_NISKHI_1994_PROKKA/AY077834.1_Sheeppox_virus_NISKHI_1994:CDS	27 kDa core protein	AY077834.1_Sheeppox_virus_NISKHI_1994:73107-73844	KGOPFGHK_00077

DiscRep_SUB:FEATURE_LOCATION_CONFLICT::Coding region xref gene does not exist
../../../CURRENT/PANGROWTH/SEQS/AY077834.1_Sheeppox_virus_NISKHI_1994_PROKKA/AY077834.1_Sheeppox_virus_NISKHI_1994:CDS	Uracil-DNA glycosylase	AY077834.1_Sheeppox_virus_NISKHI_1994:73841-74497	KGOPFGHK_00078

DiscRep_SUB:FEATURE_LOCATION_CONFLICT::Coding region xref gene does not exist
../../../CURRENT/PANGROWTH/SEQS/AY077834.1_Sheeppox_virus_NISKHI_1994_PROKKA/AY077834.1_Sheeppox_virus_NISKHI_1994:CDS	Primase D5	AY077834.1_Sheeppox_virus_NISKHI_1994:74540-76900	KGOPFGHK_00079

DiscRep_SUB:FEATURE_LOCATION_CONFLICT::Coding region xref gene does not exist
../../../CURRENT/PANGROWTH/SEQS/AY077834.1_Sheeppox_virus_NISKHI_1994_PROKKA/AY077834.1_Sheeppox_virus_NISKHI_1994:CDS	Early transcription factor 70 kDa subunit	AY077834.1_Sheeppox_virus_NISKHI_1994:76897-78804	KGOPFGHK_00080

DiscRep_SUB:FEATURE_LOCATION_CONFLICT::Coding region xref gene does not exist
../../../CURRENT/PANGROWTH/SEQS/AY077834.1_Sheeppox_virus_NISKHI_1994_PROKKA/AY077834.1_Sheeppox_virus_NISKHI_1994:CDS	DNA-directed RNA polymerase 18 kDa subunit	AY077834.1_Sheeppox_virus_NISKHI_1994:78829-79320	KGOPFGHK_00081

DiscRep_SUB:FEATURE_LOCATION_CONFLICT::Coding region xref gene does not exist
../../../CURRENT/PANGROWTH/SEQS/AY077834.1_Sheeppox_virus_NISKHI_1994_PROKKA/AY077834.1_Sheeppox_virus_NISKHI_1994:CDS	mRNA-decapping protein D9	AY077834.1_Sheeppox_virus_NISKHI_1994:79323-80003	KGOPFGHK_00082

DiscRep_SUB:FEATURE_LOCATION_CONFLICT::Coding region xref gene does not exist
../../../CURRENT/PANGROWTH/SEQS/AY077834.1_Sheeppox_virus_NISKHI_1994_PROKKA/AY077834.1_Sheeppox_virus_NISKHI_1994:CDS	mRNA-decapping protein D10	AY077834.1_Sheeppox_virus_NISKHI_1994:80003-80764	KGOPFGHK_00083

DiscRep_SUB:FEATURE_LOCATION_CONFLICT::Coding region xref gene does not exist
../../../CURRENT/PANGROWTH/SEQS/AY077834.1_Sheeppox_virus_NISKHI_1994_PROKKA/AY077834.1_Sheeppox_virus_NISKHI_1994:CDS	Nucleoside triphosphatase I	AY077834.1_Sheeppox_virus_NISKHI_1994:c82678-80771	KGOPFGHK_00084

DiscRep_SUB:FEATURE_LOCATION_CONFLICT::Coding region xref gene does not exist
../../../CURRENT/PANGROWTH/SEQS/AY077834.1_Sheeppox_virus_NISKHI_1994_PROKKA/AY077834.1_Sheeppox_virus_NISKHI_1994:CDS	mRNA-capping enzyme regulatory subunit	AY077834.1_Sheeppox_virus_NISKHI_1994:c83568-82705	KGOPFGHK_00085

DiscRep_SUB:FEATURE_LOCATION_CONFLICT::Coding region xref gene does not exist
../../../CURRENT/PANGROWTH/SEQS/AY077834.1_Sheeppox_virus_NISKHI_1994_PROKKA/AY077834.1_Sheeppox_virus_NISKHI_1994:CDS	Scaffold protein D13	AY077834.1_Sheeppox_virus_NISKHI_1994:c85258-83609	KGOPFGHK_00086

DiscRep_SUB:FEATURE_LOCATION_CONFLICT::Coding region xref gene does not exist
../../../CURRENT/PANGROWTH/SEQS/AY077834.1_Sheeppox_virus_NISKHI_1994_PROKKA/AY077834.1_Sheeppox_virus_NISKHI_1994:CDS	Viral late gene transcription factor 2	AY077834.1_Sheeppox_virus_NISKHI_1994:c85737-85285	KGOPFGHK_00087

DiscRep_SUB:FEATURE_LOCATION_CONFLICT::Coding region xref gene does not exist
../../../CURRENT/PANGROWTH/SEQS/AY077834.1_Sheeppox_virus_NISKHI_1994_PROKKA/AY077834.1_Sheeppox_virus_NISKHI_1994:CDS	Viral late gene transcription factor 3	AY077834.1_Sheeppox_virus_NISKHI_1994:c86450-85767	KGOPFGHK_00088

DiscRep_SUB:FEATURE_LOCATION_CONFLICT::Coding region xref gene does not exist
../../../CURRENT/PANGROWTH/SEQS/AY077834.1_Sheeppox_virus_NISKHI_1994_PROKKA/AY077834.1_Sheeppox_virus_NISKHI_1994:CDS	Protein A2.5	AY077834.1_Sheeppox_virus_NISKHI_1994:c86689-86462	KGOPFGHK_00089

DiscRep_SUB:FEATURE_LOCATION_CONFLICT::Coding region xref gene does not exist
../../../CURRENT/PANGROWTH/SEQS/AY077834.1_Sheeppox_virus_NISKHI_1994_PROKKA/AY077834.1_Sheeppox_virus_NISKHI_1994:CDS	Major core protein 4b	AY077834.1_Sheeppox_virus_NISKHI_1994:c88683-86698	KGOPFGHK_00090

DiscRep_SUB:FEATURE_LOCATION_CONFLICT::Coding region xref gene does not exist
../../../CURRENT/PANGROWTH/SEQS/AY077834.1_Sheeppox_virus_NISKHI_1994_PROKKA/AY077834.1_Sheeppox_virus_NISKHI_1994:CDS	hypothetical protein	AY077834.1_Sheeppox_virus_NISKHI_1994:c89244-88759	KGOPFGHK_00091

DiscRep_SUB:FEATURE_LOCATION_CONFLICT::Coding region xref gene does not exist
../../../CURRENT/PANGROWTH/SEQS/AY077834.1_Sheeppox_virus_NISKHI_1994_PROKKA/AY077834.1_Sheeppox_virus_NISKHI_1994:CDS	DNA-directed RNA polymerase 19 kDa subunit	AY077834.1_Sheeppox_virus_NISKHI_1994:89285-89788	KGOPFGHK_00092

DiscRep_SUB:FEATURE_LOCATION_CONFLICT::Coding region xref gene does not exist
../../../CURRENT/PANGROWTH/SEQS/AY077834.1_Sheeppox_virus_NISKHI_1994_PROKKA/AY077834.1_Sheeppox_virus_NISKHI_1994:CDS	Protein A6	AY077834.1_Sheeppox_virus_NISKHI_1994:c90912-89785	KGOPFGHK_00093

DiscRep_SUB:FEATURE_LOCATION_CONFLICT::Coding region xref gene does not exist
../../../CURRENT/PANGROWTH/SEQS/AY077834.1_Sheeppox_virus_NISKHI_1994_PROKKA/AY077834.1_Sheeppox_virus_NISKHI_1994:CDS	Early transcription factor 82 kDa subunit	AY077834.1_Sheeppox_virus_NISKHI_1994:c93077-90933	KGOPFGHK_00094

DiscRep_SUB:FEATURE_LOCATION_CONFLICT::Coding region xref gene does not exist
../../../CURRENT/PANGROWTH/SEQS/AY077834.1_Sheeppox_virus_NISKHI_1994_PROKKA/AY077834.1_Sheeppox_virus_NISKHI_1994:CDS	Intermediate transcription factor 3 small subunit	AY077834.1_Sheeppox_virus_NISKHI_1994:93133-94005	KGOPFGHK_00095

DiscRep_SUB:FEATURE_LOCATION_CONFLICT::Coding region xref gene does not exist
../../../CURRENT/PANGROWTH/SEQS/AY077834.1_Sheeppox_virus_NISKHI_1994_PROKKA/AY077834.1_Sheeppox_virus_NISKHI_1994:CDS	Virion membrane protein A9	AY077834.1_Sheeppox_virus_NISKHI_1994:c94257-94021	KGOPFGHK_00096

DiscRep_SUB:FEATURE_LOCATION_CONFLICT::Coding region xref gene does not exist
../../../CURRENT/PANGROWTH/SEQS/AY077834.1_Sheeppox_virus_NISKHI_1994_PROKKA/AY077834.1_Sheeppox_virus_NISKHI_1994:CDS	Major core protein 4a precursor	AY077834.1_Sheeppox_virus_NISKHI_1994:c96969-94258	KGOPFGHK_00097

DiscRep_SUB:FEATURE_LOCATION_CONFLICT::Coding region xref gene does not exist
../../../CURRENT/PANGROWTH/SEQS/AY077834.1_Sheeppox_virus_NISKHI_1994_PROKKA/AY077834.1_Sheeppox_virus_NISKHI_1994:CDS	Protein A11	AY077834.1_Sheeppox_virus_NISKHI_1994:96987-97940	KGOPFGHK_00098

DiscRep_SUB:FEATURE_LOCATION_CONFLICT::Coding region xref gene does not exist
../../../CURRENT/PANGROWTH/SEQS/AY077834.1_Sheeppox_virus_NISKHI_1994_PROKKA/AY077834.1_Sheeppox_virus_NISKHI_1994:CDS	25 kDa core protein A12L	AY077834.1_Sheeppox_virus_NISKHI_1994:c98509-97937	KGOPFGHK_00099

DiscRep_SUB:FEATURE_LOCATION_CONFLICT::Coding region xref gene does not exist
../../../CURRENT/PANGROWTH/SEQS/AY077834.1_Sheeppox_virus_NISKHI_1994_PROKKA/AY077834.1_Sheeppox_virus_NISKHI_1994:CDS	hypothetical protein	AY077834.1_Sheeppox_virus_NISKHI_1994:c98765-98562	KGOPFGHK_00100

DiscRep_SUB:FEATURE_LOCATION_CONFLICT::Coding region xref gene does not exist
../../../CURRENT/PANGROWTH/SEQS/AY077834.1_Sheeppox_virus_NISKHI_1994_PROKKA/AY077834.1_Sheeppox_virus_NISKHI_1994:CDS	Virion membrane protein A14	AY077834.1_Sheeppox_virus_NISKHI_1994:c99136-98849	KGOPFGHK_00101

DiscRep_SUB:FEATURE_LOCATION_CONFLICT::Coding region xref gene does not exist
../../../CURRENT/PANGROWTH/SEQS/AY077834.1_Sheeppox_virus_NISKHI_1994_PROKKA/AY077834.1_Sheeppox_virus_NISKHI_1994:CDS	Core protein A15	AY077834.1_Sheeppox_virus_NISKHI_1994:c99591-99304	KGOPFGHK_00102

DiscRep_SUB:FEATURE_LOCATION_CONFLICT::Coding region xref gene does not exist
../../../CURRENT/PANGROWTH/SEQS/AY077834.1_Sheeppox_virus_NISKHI_1994_PROKKA/AY077834.1_Sheeppox_virus_NISKHI_1994:CDS	Virion membrane protein A16	AY077834.1_Sheeppox_virus_NISKHI_1994:c100708-99575	KGOPFGHK_00103

DiscRep_SUB:FEATURE_LOCATION_CONFLICT::Coding region xref gene does not exist
../../../CURRENT/PANGROWTH/SEQS/AY077834.1_Sheeppox_virus_NISKHI_1994_PROKKA/AY077834.1_Sheeppox_virus_NISKHI_1994:CDS	Virion membrane protein A17 precursor	AY077834.1_Sheeppox_virus_NISKHI_1994:c101308-100724	KGOPFGHK_00104

DiscRep_SUB:FEATURE_LOCATION_CONFLICT::Coding region xref gene does not exist
../../../CURRENT/PANGROWTH/SEQS/AY077834.1_Sheeppox_virus_NISKHI_1994_PROKKA/AY077834.1_Sheeppox_virus_NISKHI_1994:CDS	Transcript termination protein A18	AY077834.1_Sheeppox_virus_NISKHI_1994:101323-102765	KGOPFGHK_00105

DiscRep_SUB:FEATURE_LOCATION_CONFLICT::Coding region xref gene does not exist
../../../CURRENT/PANGROWTH/SEQS/AY077834.1_Sheeppox_virus_NISKHI_1994_PROKKA/AY077834.1_Sheeppox_virus_NISKHI_1994:CDS	Protein A19	AY077834.1_Sheeppox_virus_NISKHI_1994:c102970-102746	KGOPFGHK_00106

DiscRep_SUB:FEATURE_LOCATION_CONFLICT::Coding region xref gene does not exist
../../../CURRENT/PANGROWTH/SEQS/AY077834.1_Sheeppox_virus_NISKHI_1994_PROKKA/AY077834.1_Sheeppox_virus_NISKHI_1994:CDS	hypothetical protein	AY077834.1_Sheeppox_virus_NISKHI_1994:c103129-102971	KGOPFGHK_00107

DiscRep_SUB:FEATURE_LOCATION_CONFLICT::Coding region xref gene does not exist
../../../CURRENT/PANGROWTH/SEQS/AY077834.1_Sheeppox_virus_NISKHI_1994_PROKKA/AY077834.1_Sheeppox_virus_NISKHI_1994:CDS	DNA polymerase processivity factor component A20	AY077834.1_Sheeppox_virus_NISKHI_1994:103317-104609	KGOPFGHK_00108

DiscRep_SUB:FEATURE_LOCATION_CONFLICT::Coding region xref gene does not exist
../../../CURRENT/PANGROWTH/SEQS/AY077834.1_Sheeppox_virus_NISKHI_1994_PROKKA/AY077834.1_Sheeppox_virus_NISKHI_1994:CDS	Resolvase A22	AY077834.1_Sheeppox_virus_NISKHI_1994:104578-105084	KGOPFGHK_00109

DiscRep_SUB:FEATURE_LOCATION_CONFLICT::Coding region xref gene does not exist
../../../CURRENT/PANGROWTH/SEQS/AY077834.1_Sheeppox_virus_NISKHI_1994_PROKKA/AY077834.1_Sheeppox_virus_NISKHI_1994:CDS	Intermediate transcription factor 3 large subunit	AY077834.1_Sheeppox_virus_NISKHI_1994:105109-106266	KGOPFGHK_00110

DiscRep_SUB:FEATURE_LOCATION_CONFLICT::Coding region xref gene does not exist
../../../CURRENT/PANGROWTH/SEQS/AY077834.1_Sheeppox_virus_NISKHI_1994_PROKKA/AY077834.1_Sheeppox_virus_NISKHI_1994:CDS	DNA-directed RNA polymerase 133 kDa polypeptide	AY077834.1_Sheeppox_virus_NISKHI_1994:106297-109767	KGOPFGHK_00111

DiscRep_SUB:FEATURE_LOCATION_CONFLICT::Coding region xref gene does not exist
../../../CURRENT/PANGROWTH/SEQS/AY077834.1_Sheeppox_virus_NISKHI_1994_PROKKA/AY077834.1_Sheeppox_virus_NISKHI_1994:CDS	hypothetical protein	AY077834.1_Sheeppox_virus_NISKHI_1994:c110229-109780	KGOPFGHK_00112

DiscRep_SUB:FEATURE_LOCATION_CONFLICT::Coding region xref gene does not exist
../../../CURRENT/PANGROWTH/SEQS/AY077834.1_Sheeppox_virus_NISKHI_1994_PROKKA/AY077834.1_Sheeppox_virus_NISKHI_1994:CDS	Envelope protein A28	AY077834.1_Sheeppox_virus_NISKHI_1994:c110652-110230	KGOPFGHK_00113

DiscRep_SUB:FEATURE_LOCATION_CONFLICT::Coding region xref gene does not exist
../../../CURRENT/PANGROWTH/SEQS/AY077834.1_Sheeppox_virus_NISKHI_1994_PROKKA/AY077834.1_Sheeppox_virus_NISKHI_1994:CDS	DNA-directed RNA polymerase 35 kDa subunit	AY077834.1_Sheeppox_virus_NISKHI_1994:c111564-110653	KGOPFGHK_00114

DiscRep_SUB:FEATURE_LOCATION_CONFLICT::Coding region xref gene does not exist
../../../CURRENT/PANGROWTH/SEQS/AY077834.1_Sheeppox_virus_NISKHI_1994_PROKKA/AY077834.1_Sheeppox_virus_NISKHI_1994:CDS	hypothetical protein	AY077834.1_Sheeppox_virus_NISKHI_1994:c111757-111533	KGOPFGHK_00115

DiscRep_SUB:FEATURE_LOCATION_CONFLICT::Coding region xref gene does not exist
../../../CURRENT/PANGROWTH/SEQS/AY077834.1_Sheeppox_virus_NISKHI_1994_PROKKA/AY077834.1_Sheeppox_virus_NISKHI_1994:CDS	hypothetical protein	AY077834.1_Sheeppox_virus_NISKHI_1994:c111911-111786	KGOPFGHK_00116

DiscRep_SUB:FEATURE_LOCATION_CONFLICT::Coding region xref gene does not exist
../../../CURRENT/PANGROWTH/SEQS/AY077834.1_Sheeppox_virus_NISKHI_1994_PROKKA/AY077834.1_Sheeppox_virus_NISKHI_1994:CDS	Protein A32	AY077834.1_Sheeppox_virus_NISKHI_1994:c112702-111932	KGOPFGHK_00117

DiscRep_SUB:FEATURE_LOCATION_CONFLICT::Coding region xref gene does not exist
../../../CURRENT/PANGROWTH/SEQS/AY077834.1_Sheeppox_virus_NISKHI_1994_PROKKA/AY077834.1_Sheeppox_virus_NISKHI_1994:CDS	Protein A33	AY077834.1_Sheeppox_virus_NISKHI_1994:112835-113425	KGOPFGHK_00118

DiscRep_SUB:FEATURE_LOCATION_CONFLICT::Coding region xref gene does not exist
../../../CURRENT/PANGROWTH/SEQS/AY077834.1_Sheeppox_virus_NISKHI_1994_PROKKA/AY077834.1_Sheeppox_virus_NISKHI_1994:CDS	Protein A34	AY077834.1_Sheeppox_virus_NISKHI_1994:113458-113973	KGOPFGHK_00119

DiscRep_SUB:FEATURE_LOCATION_CONFLICT::Coding region xref gene does not exist
../../../CURRENT/PANGROWTH/SEQS/AY077834.1_Sheeppox_virus_NISKHI_1994_PROKKA/AY077834.1_Sheeppox_virus_NISKHI_1994:CDS	Protein A35	AY077834.1_Sheeppox_virus_NISKHI_1994:114001-114576	KGOPFGHK_00120

DiscRep_SUB:FEATURE_LOCATION_CONFLICT::Coding region xref gene does not exist
../../../CURRENT/PANGROWTH/SEQS/AY077834.1_Sheeppox_virus_NISKHI_1994_PROKKA/AY077834.1_Sheeppox_virus_NISKHI_1994:CDS	hypothetical protein	AY077834.1_Sheeppox_virus_NISKHI_1994:114613-115479	KGOPFGHK_00121

DiscRep_SUB:FEATURE_LOCATION_CONFLICT::Coding region xref gene does not exist
../../../CURRENT/PANGROWTH/SEQS/AY077834.1_Sheeppox_virus_NISKHI_1994_PROKKA/AY077834.1_Sheeppox_virus_NISKHI_1994:CDS	hypothetical protein	AY077834.1_Sheeppox_virus_NISKHI_1994:115535-116053	KGOPFGHK_00122

DiscRep_SUB:FEATURE_LOCATION_CONFLICT::Coding region xref gene does not exist
../../../CURRENT/PANGROWTH/SEQS/AY077834.1_Sheeppox_virus_NISKHI_1994_PROKKA/AY077834.1_Sheeppox_virus_NISKHI_1994:CDS	hypothetical protein	AY077834.1_Sheeppox_virus_NISKHI_1994:116082-116885	KGOPFGHK_00123

DiscRep_SUB:FEATURE_LOCATION_CONFLICT::Coding region xref gene does not exist
../../../CURRENT/PANGROWTH/SEQS/AY077834.1_Sheeppox_virus_NISKHI_1994_PROKKA/AY077834.1_Sheeppox_virus_NISKHI_1994:CDS	hypothetical protein	AY077834.1_Sheeppox_virus_NISKHI_1994:c117794-116889	KGOPFGHK_00124

DiscRep_SUB:FEATURE_LOCATION_CONFLICT::Coding region xref gene does not exist
../../../CURRENT/PANGROWTH/SEQS/AY077834.1_Sheeppox_virus_NISKHI_1994_PROKKA/AY077834.1_Sheeppox_virus_NISKHI_1994:CDS	hypothetical protein	AY077834.1_Sheeppox_virus_NISKHI_1994:117893-118213	KGOPFGHK_00125

DiscRep_SUB:FEATURE_LOCATION_CONFLICT::Coding region xref gene does not exist
../../../CURRENT/PANGROWTH/SEQS/AY077834.1_Sheeppox_virus_NISKHI_1994_PROKKA/AY077834.1_Sheeppox_virus_NISKHI_1994:CDS	hypothetical protein	AY077834.1_Sheeppox_virus_NISKHI_1994:118200-118295	KGOPFGHK_00126

DiscRep_SUB:FEATURE_LOCATION_CONFLICT::Coding region xref gene does not exist
../../../CURRENT/PANGROWTH/SEQS/AY077834.1_Sheeppox_virus_NISKHI_1994_PROKKA/AY077834.1_Sheeppox_virus_NISKHI_1994:CDS	hypothetical protein	AY077834.1_Sheeppox_virus_NISKHI_1994:118282-118515	KGOPFGHK_00127

DiscRep_SUB:FEATURE_LOCATION_CONFLICT::Coding region xref gene does not exist
../../../CURRENT/PANGROWTH/SEQS/AY077834.1_Sheeppox_virus_NISKHI_1994_PROKKA/AY077834.1_Sheeppox_virus_NISKHI_1994:CDS	hypothetical protein	AY077834.1_Sheeppox_virus_NISKHI_1994:118581-119066	KGOPFGHK_00128

DiscRep_SUB:FEATURE_LOCATION_CONFLICT::Coding region xref gene does not exist
../../../CURRENT/PANGROWTH/SEQS/AY077834.1_Sheeppox_virus_NISKHI_1994_PROKKA/AY077834.1_Sheeppox_virus_NISKHI_1994:CDS	DNA ligase	AY077834.1_Sheeppox_virus_NISKHI_1994:119677-121350	KGOPFGHK_00129

DiscRep_SUB:FEATURE_LOCATION_CONFLICT::Coding region xref gene does not exist
../../../CURRENT/PANGROWTH/SEQS/AY077834.1_Sheeppox_virus_NISKHI_1994_PROKKA/AY077834.1_Sheeppox_virus_NISKHI_1994:CDS	hypothetical protein	AY077834.1_Sheeppox_virus_NISKHI_1994:121589-127549	KGOPFGHK_00130

DiscRep_SUB:FEATURE_LOCATION_CONFLICT::Coding region xref gene does not exist
../../../CURRENT/PANGROWTH/SEQS/AY077834.1_Sheeppox_virus_NISKHI_1994_PROKKA/AY077834.1_Sheeppox_virus_NISKHI_1994:CDS	Soluble interferon alpha/beta receptor B18	AY077834.1_Sheeppox_virus_NISKHI_1994:127612-128694	KGOPFGHK_00131

DiscRep_SUB:FEATURE_LOCATION_CONFLICT::Coding region xref gene does not exist
../../../CURRENT/PANGROWTH/SEQS/AY077834.1_Sheeppox_virus_NISKHI_1994_PROKKA/AY077834.1_Sheeppox_virus_NISKHI_1994:CDS	hypothetical protein	AY077834.1_Sheeppox_virus_NISKHI_1994:129254-130261	KGOPFGHK_00132

DiscRep_SUB:FEATURE_LOCATION_CONFLICT::Coding region xref gene does not exist
../../../CURRENT/PANGROWTH/SEQS/AY077834.1_Sheeppox_virus_NISKHI_1994_PROKKA/AY077834.1_Sheeppox_virus_NISKHI_1994:CDS	hypothetical protein	AY077834.1_Sheeppox_virus_NISKHI_1994:130294-130836	KGOPFGHK_00133

DiscRep_SUB:FEATURE_LOCATION_CONFLICT::Coding region xref gene does not exist
../../../CURRENT/PANGROWTH/SEQS/AY077834.1_Sheeppox_virus_NISKHI_1994_PROKKA/AY077834.1_Sheeppox_virus_NISKHI_1994:CDS	B1 kinase	AY077834.1_Sheeppox_virus_NISKHI_1994:130875-131792	KGOPFGHK_00134

DiscRep_SUB:FEATURE_LOCATION_CONFLICT::Coding region xref gene does not exist
../../../CURRENT/PANGROWTH/SEQS/AY077834.1_Sheeppox_virus_NISKHI_1994_PROKKA/AY077834.1_Sheeppox_virus_NISKHI_1994:CDS	hypothetical protein	AY077834.1_Sheeppox_virus_NISKHI_1994:131823-132545	KGOPFGHK_00135

DiscRep_SUB:FEATURE_LOCATION_CONFLICT::Coding region xref gene does not exist
../../../CURRENT/PANGROWTH/SEQS/AY077834.1_Sheeppox_virus_NISKHI_1994_PROKKA/AY077834.1_Sheeppox_virus_NISKHI_1994:CDS	Protein B5	AY077834.1_Sheeppox_virus_NISKHI_1994:132594-133274	KGOPFGHK_00136

DiscRep_SUB:FEATURE_LOCATION_CONFLICT::Coding region xref gene does not exist
../../../CURRENT/PANGROWTH/SEQS/AY077834.1_Sheeppox_virus_NISKHI_1994_PROKKA/AY077834.1_Sheeppox_virus_NISKHI_1994:CDS	hypothetical protein	AY077834.1_Sheeppox_virus_NISKHI_1994:133276-133683	KGOPFGHK_00137

DiscRep_SUB:FEATURE_LOCATION_CONFLICT::Coding region xref gene does not exist
../../../CURRENT/PANGROWTH/SEQS/AY077834.1_Sheeppox_virus_NISKHI_1994_PROKKA/AY077834.1_Sheeppox_virus_NISKHI_1994:CDS	hypothetical protein	AY077834.1_Sheeppox_virus_NISKHI_1994:133720-134628	KGOPFGHK_00138

DiscRep_SUB:FEATURE_LOCATION_CONFLICT::Coding region xref gene does not exist
../../../CURRENT/PANGROWTH/SEQS/AY077834.1_Sheeppox_virus_NISKHI_1994_PROKKA/AY077834.1_Sheeppox_virus_NISKHI_1994:CDS	Kelch repeat and BTB domain-containing protein A55	AY077834.1_Sheeppox_virus_NISKHI_1994:134792-136435	KGOPFGHK_00139

DiscRep_SUB:FEATURE_LOCATION_CONFLICT::Coding region xref gene does not exist
../../../CURRENT/PANGROWTH/SEQS/AY077834.1_Sheeppox_virus_NISKHI_1994_PROKKA/AY077834.1_Sheeppox_virus_NISKHI_1994:CDS	hypothetical protein	AY077834.1_Sheeppox_virus_NISKHI_1994:136463-137215	KGOPFGHK_00140

DiscRep_SUB:FEATURE_LOCATION_CONFLICT::Coding region xref gene does not exist
../../../CURRENT/PANGROWTH/SEQS/AY077834.1_Sheeppox_virus_NISKHI_1994_PROKKA/AY077834.1_Sheeppox_virus_NISKHI_1994:CDS	Ankyrin repeat domain-containing protein M-T5	AY077834.1_Sheeppox_virus_NISKHI_1994:137264-138379	KGOPFGHK_00141

DiscRep_SUB:FEATURE_LOCATION_CONFLICT::Coding region xref gene does not exist
../../../CURRENT/PANGROWTH/SEQS/AY077834.1_Sheeppox_virus_NISKHI_1994_PROKKA/AY077834.1_Sheeppox_virus_NISKHI_1994:CDS	Envelope phospholipase F13	AY077834.1_Sheeppox_virus_NISKHI_1994:138501-139733	KGOPFGHK_00142

DiscRep_SUB:FEATURE_LOCATION_CONFLICT::Coding region xref gene does not exist
../../../CURRENT/PANGROWTH/SEQS/AY077834.1_Sheeppox_virus_NISKHI_1994_PROKKA/AY077834.1_Sheeppox_virus_NISKHI_1994:CDS	Ankyrin repeat domain-containing protein M-T5	AY077834.1_Sheeppox_virus_NISKHI_1994:139798-141294	KGOPFGHK_00143

DiscRep_SUB:FEATURE_LOCATION_CONFLICT::Coding region xref gene does not exist
../../../CURRENT/PANGROWTH/SEQS/AY077834.1_Sheeppox_virus_NISKHI_1994_PROKKA/AY077834.1_Sheeppox_virus_NISKHI_1994:CDS	hypothetical protein	AY077834.1_Sheeppox_virus_NISKHI_1994:141342-141692	KGOPFGHK_00144

DiscRep_SUB:FEATURE_LOCATION_CONFLICT::Coding region xref gene does not exist
../../../CURRENT/PANGROWTH/SEQS/AY077834.1_Sheeppox_virus_NISKHI_1994_PROKKA/AY077834.1_Sheeppox_virus_NISKHI_1994:CDS	hypothetical protein	AY077834.1_Sheeppox_virus_NISKHI_1994:142150-142686	KGOPFGHK_00145

DiscRep_SUB:FEATURE_LOCATION_CONFLICT::Coding region xref gene does not exist
../../../CURRENT/PANGROWTH/SEQS/AY077834.1_Sheeppox_virus_NISKHI_1994_PROKKA/AY077834.1_Sheeppox_virus_NISKHI_1994:CDS	Serine proteinase inhibitor 2	AY077834.1_Sheeppox_virus_NISKHI_1994:142707-143720	KGOPFGHK_00146

DiscRep_SUB:FEATURE_LOCATION_CONFLICT::Coding region xref gene does not exist
../../../CURRENT/PANGROWTH/SEQS/AY077834.1_Sheeppox_virus_NISKHI_1994_PROKKA/AY077834.1_Sheeppox_virus_NISKHI_1994:CDS	hypothetical protein	AY077834.1_Sheeppox_virus_NISKHI_1994:143760-144245	KGOPFGHK_00147

DiscRep_SUB:FEATURE_LOCATION_CONFLICT::Coding region xref gene does not exist
../../../CURRENT/PANGROWTH/SEQS/AY077834.1_Sheeppox_virus_NISKHI_1994_PROKKA/AY077834.1_Sheeppox_virus_NISKHI_1994:CDS	Kelch repeat and BTB domain-containing protein A55	AY077834.1_Sheeppox_virus_NISKHI_1994:144286-145944	KGOPFGHK_00148

DiscRep_SUB:FEATURE_LOCATION_CONFLICT::Coding region xref gene does not exist
../../../CURRENT/PANGROWTH/SEQS/AY077834.1_Sheeppox_virus_NISKHI_1994_PROKKA/AY077834.1_Sheeppox_virus_NISKHI_1994:CDS	Ankyrin repeat domain-containing protein M-T5	AY077834.1_Sheeppox_virus_NISKHI_1994:146015-147469	KGOPFGHK_00149

DiscRep_SUB:FEATURE_LOCATION_CONFLICT::Coding region xref gene does not exist
../../../CURRENT/PANGROWTH/SEQS/AY077834.1_Sheeppox_virus_NISKHI_1994_PROKKA/AY077834.1_Sheeppox_virus_NISKHI_1994:CDS	hypothetical protein	AY077834.1_Sheeppox_virus_NISKHI_1994:147796-148518	KGOPFGHK_00150

DiscRep_ALL:SUSPECT_PRODUCT_NAMES::3 product_names contain suspect phrase or characters
DiscRep_SUB:SUSPECT_PRODUCT_NAMES::May contain database identifier more appropriate in note; remove from product name
DiscRep_SUB:SUSPECT_PRODUCT_NAMES::1 features contains three or more numbers together that may be identifiers more appropriate in note
../../../CURRENT/PANGROWTH/SEQS/AY077834.1_Sheeppox_virus_NISKHI_1994_PROKKA/AY077834.1_Sheeppox_virus_NISKHI_1994:CDS	DNA-directed RNA polymerase 133 kDa polypeptide	AY077834.1_Sheeppox_virus_NISKHI_1994:106297-109767	KGOPFGHK_00111

DiscRep_SUB:SUSPECT_PRODUCT_NAMES::use protein instead of gene as appropriate
DiscRep_SUB:SUSPECT_PRODUCT_NAMES::2 features contains 'gene'
../../../CURRENT/PANGROWTH/SEQS/AY077834.1_Sheeppox_virus_NISKHI_1994_PROKKA/AY077834.1_Sheeppox_virus_NISKHI_1994:CDS	Viral late gene transcription factor 2	AY077834.1_Sheeppox_virus_NISKHI_1994:c85737-85285	KGOPFGHK_00087
../../../CURRENT/PANGROWTH/SEQS/AY077834.1_Sheeppox_virus_NISKHI_1994_PROKKA/AY077834.1_Sheeppox_virus_NISKHI_1994:CDS	Viral late gene transcription factor 3	AY077834.1_Sheeppox_virus_NISKHI_1994:c86450-85767	KGOPFGHK_00088

DiscRep_ALL:DISC_QUALITY_SCORES::Quality scores are missing on all sequences.

DiscRep_ALL:ONCALLER_COMMENT_PRESENT::1 comment descriptors were found (all same)
../../../CURRENT/PANGROWTH/SEQS/AY077834.1_Sheeppox_virus_NISKHI_1994_PROKKA/AY077834.1_Sheeppox_virus_NISKHI_1994:AY077834.1_Sheeppox_virus_NISKHI_1994:Annotated using prokka 1.14.6 from https://github.com/tseemann/prokka

DiscRep_ALL:SHORT_PROT_SEQUENCES::5 protein sequences are shorter than 50 aa.
../../../CURRENT/PANGROWTH/SEQS/AY077834.1_Sheeppox_virus_NISKHI_1994_PROKKA/AY077834.1_Sheeppox_virus_NISKHI_1994:AY077834.1_Sheeppox_virus_NISKHI_199> (length 31)
../../../CURRENT/PANGROWTH/SEQS/AY077834.1_Sheeppox_virus_NISKHI_1994_PROKKA/AY077834.1_Sheeppox_virus_NISKHI_1994:AY077834.1_Sheeppox_virus_NISKHI_199> (length 45)
../../../CURRENT/PANGROWTH/SEQS/AY077834.1_Sheeppox_virus_NISKHI_1994_PROKKA/AY077834.1_Sheeppox_virus_NISKHI_1994:AY077834.1_Sheeppox_virus_NISKHI_199> (length 48)
../../../CURRENT/PANGROWTH/SEQS/AY077834.1_Sheeppox_virus_NISKHI_1994_PROKKA/AY077834.1_Sheeppox_virus_NISKHI_1994:AY077834.1_Sheeppox_virus_NISKHI_199> (length 41)
../../../CURRENT/PANGROWTH/SEQS/AY077834.1_Sheeppox_virus_NISKHI_1994_PROKKA/AY077834.1_Sheeppox_virus_NISKHI_1994:AY077834.1_Sheeppox_virus_NISKHI_199> (length 31)

DiscRep_ALL:MISSING_GENOMEASSEMBLY_COMMENTS::1 bioseqs are missing GenomeAssembly structured comments
../../../CURRENT/PANGROWTH/SEQS/AY077834.1_Sheeppox_virus_NISKHI_1994_PROKKA/AY077834.1_Sheeppox_virus_NISKHI_1994:AY077834.1_Sheeppox_virus_NISKHI_1994 (length 149662, 2001 gap)

DiscRep_ALL:MOLTYPE_NOT_MRNA::1 molecule types are not set as mRNA.
../../../CURRENT/PANGROWTH/SEQS/AY077834.1_Sheeppox_virus_NISKHI_1994_PROKKA/AY077834.1_Sheeppox_virus_NISKHI_1994:AY077834.1_Sheeppox_virus_NISKHI_1994 (length 149662, 2001 gap)

DiscRep_ALL:TECHNIQUE_NOT_TSA::1 technique are not set as TSA
../../../CURRENT/PANGROWTH/SEQS/AY077834.1_Sheeppox_virus_NISKHI_1994_PROKKA/AY077834.1_Sheeppox_virus_NISKHI_1994:AY077834.1_Sheeppox_virus_NISKHI_1994 (length 149662, 2001 gap)

DiscRep_ALL:MISSING_STRUCTURED_COMMENT::1 sequences do not include structured comments.
../../../CURRENT/PANGROWTH/SEQS/AY077834.1_Sheeppox_virus_NISKHI_1994_PROKKA/AY077834.1_Sheeppox_virus_NISKHI_1994:AY077834.1_Sheeppox_virus_NISKHI_1994 (length 149662, 2001 gap)

DiscRep_ALL:MISSING_PROJECT::151 sequences do not include project.
../../../CURRENT/PANGROWTH/SEQS/AY077834.1_Sheeppox_virus_NISKHI_1994_PROKKA/AY077834.1_Sheeppox_virus_NISKHI_1994:AY077834.1_Sheeppox_virus_NISKHI_1994 (length 149662, 2001 gap)
../../../CURRENT/PANGROWTH/SEQS/AY077834.1_Sheeppox_virus_NISKHI_1994_PROKKA/AY077834.1_Sheeppox_virus_NISKHI_1994:AY077834.1_Sheeppox_virus_NISKHI_199> (length 240)
../../../CURRENT/PANGROWTH/SEQS/AY077834.1_Sheeppox_virus_NISKHI_1994_PROKKA/AY077834.1_Sheeppox_virus_NISKHI_1994:AY077834.1_Sheeppox_virus_NISKHI_199> (length 168)
../../../CURRENT/PANGROWTH/SEQS/AY077834.1_Sheeppox_virus_NISKHI_1994_PROKKA/AY077834.1_Sheeppox_virus_NISKHI_1994:AY077834.1_Sheeppox_virus_NISKHI_199> (length 231)
../../../CURRENT/PANGROWTH/SEQS/AY077834.1_Sheeppox_virus_NISKHI_1994_PROKKA/AY077834.1_Sheeppox_virus_NISKHI_1994:AY077834.1_Sheeppox_virus_NISKHI_199> (length 355)
../../../CURRENT/PANGROWTH/SEQS/AY077834.1_Sheeppox_virus_NISKHI_1994_PROKKA/AY077834.1_Sheeppox_virus_NISKHI_1994:AY077834.1_Sheeppox_virus_NISKHI_199> (length 275)
../../../CURRENT/PANGROWTH/SEQS/AY077834.1_Sheeppox_virus_NISKHI_1994_PROKKA/AY077834.1_Sheeppox_virus_NISKHI_1994:AY077834.1_Sheeppox_virus_NISKHI_199> (length 51)
../../../CURRENT/PANGROWTH/SEQS/AY077834.1_Sheeppox_virus_NISKHI_1994_PROKKA/AY077834.1_Sheeppox_virus_NISKHI_1994:AY077834.1_Sheeppox_virus_NISKHI_199> (length 162)
../../../CURRENT/PANGROWTH/SEQS/AY077834.1_Sheeppox_virus_NISKHI_1994_PROKKA/AY077834.1_Sheeppox_virus_NISKHI_1994:AY077834.1_Sheeppox_virus_NISKHI_199> (length 374)
../../../CURRENT/PANGROWTH/SEQS/AY077834.1_Sheeppox_virus_NISKHI_1994_PROKKA/AY077834.1_Sheeppox_virus_NISKHI_1994:AY077834.1_Sheeppox_virus_NISKHI_199> (length 211)
../../../CURRENT/PANGROWTH/SEQS/AY077834.1_Sheeppox_virus_NISKHI_1994_PROKKA/AY077834.1_Sheeppox_virus_NISKHI_1994:AY077834.1_Sheeppox_virus_NISKHI_199> (length 89)
../../../CURRENT/PANGROWTH/SEQS/AY077834.1_Sheeppox_virus_NISKHI_1994_PROKKA/AY077834.1_Sheeppox_virus_NISKHI_1994:AY077834.1_Sheeppox_virus_NISKHI_199> (length 161)
../../../CURRENT/PANGROWTH/SEQS/AY077834.1_Sheeppox_virus_NISKHI_1994_PROKKA/AY077834.1_Sheeppox_virus_NISKHI_1994:AY077834.1_Sheeppox_virus_NISKHI_199> (length 100)
../../../CURRENT/PANGROWTH/SEQS/AY077834.1_Sheeppox_virus_NISKHI_1994_PROKKA/AY077834.1_Sheeppox_virus_NISKHI_1994:AY077834.1_Sheeppox_virus_NISKHI_199> (length 176)
../../../CURRENT/PANGROWTH/SEQS/AY077834.1_Sheeppox_virus_NISKHI_1994_PROKKA/AY077834.1_Sheeppox_virus_NISKHI_1994:AY077834.1_Sheeppox_virus_NISKHI_199> (length 146)
../../../CURRENT/PANGROWTH/SEQS/AY077834.1_Sheeppox_virus_NISKHI_1994_PROKKA/AY077834.1_Sheeppox_virus_NISKHI_1994:AY077834.1_Sheeppox_virus_NISKHI_199> (length 569)
../../../CURRENT/PANGROWTH/SEQS/AY077834.1_Sheeppox_virus_NISKHI_1994_PROKKA/AY077834.1_Sheeppox_virus_NISKHI_1994:AY077834.1_Sheeppox_virus_NISKHI_199> (length 321)
../../../CURRENT/PANGROWTH/SEQS/AY077834.1_Sheeppox_virus_NISKHI_1994_PROKKA/AY077834.1_Sheeppox_virus_NISKHI_1994:AY077834.1_Sheeppox_virus_NISKHI_199> (length 31)
../../../CURRENT/PANGROWTH/SEQS/AY077834.1_Sheeppox_virus_NISKHI_1994_PROKKA/AY077834.1_Sheeppox_virus_NISKHI_1994:AY077834.1_Sheeppox_virus_NISKHI_199> (length 103)
../../../CURRENT/PANGROWTH/SEQS/AY077834.1_Sheeppox_virus_NISKHI_1994_PROKKA/AY077834.1_Sheeppox_virus_NISKHI_1994:AY077834.1_Sheeppox_virus_NISKHI_199> (length 72)
../../../CURRENT/PANGROWTH/SEQS/AY077834.1_Sheeppox_virus_NISKHI_1994_PROKKA/AY077834.1_Sheeppox_virus_NISKHI_1994:AY077834.1_Sheeppox_virus_NISKHI_199> (length 216)
../../../CURRENT/PANGROWTH/SEQS/AY077834.1_Sheeppox_virus_NISKHI_1994_PROKKA/AY077834.1_Sheeppox_virus_NISKHI_1994:AY077834.1_Sheeppox_virus_NISKHI_199> (length 447)
../../../CURRENT/PANGROWTH/SEQS/AY077834.1_Sheeppox_virus_NISKHI_1994_PROKKA/AY077834.1_Sheeppox_virus_NISKHI_1994:AY077834.1_Sheeppox_virus_NISKHI_199> (length 45)
../../../CURRENT/PANGROWTH/SEQS/AY077834.1_Sheeppox_virus_NISKHI_1994_PROKKA/AY077834.1_Sheeppox_virus_NISKHI_1994:AY077834.1_Sheeppox_virus_NISKHI_199> (length 640)
../../../CURRENT/PANGROWTH/SEQS/AY077834.1_Sheeppox_virus_NISKHI_1994_PROKKA/AY077834.1_Sheeppox_virus_NISKHI_1994:AY077834.1_Sheeppox_virus_NISKHI_199> (length 370)
../../../CURRENT/PANGROWTH/SEQS/AY077834.1_Sheeppox_virus_NISKHI_1994_PROKKA/AY077834.1_Sheeppox_virus_NISKHI_1994:AY077834.1_Sheeppox_virus_NISKHI_199> (length 48)
../../../CURRENT/PANGROWTH/SEQS/AY077834.1_Sheeppox_virus_NISKHI_1994_PROKKA/AY077834.1_Sheeppox_virus_NISKHI_1994:AY077834.1_Sheeppox_virus_NISKHI_199> (length 145)
../../../CURRENT/PANGROWTH/SEQS/AY077834.1_Sheeppox_virus_NISKHI_1994_PROKKA/AY077834.1_Sheeppox_virus_NISKHI_1994:AY077834.1_Sheeppox_virus_NISKHI_199> (length 219)
../../../CURRENT/PANGROWTH/SEQS/AY077834.1_Sheeppox_virus_NISKHI_1994_PROKKA/AY077834.1_Sheeppox_virus_NISKHI_1994:AY077834.1_Sheeppox_virus_NISKHI_199> (length 104)
../../../CURRENT/PANGROWTH/SEQS/AY077834.1_Sheeppox_virus_NISKHI_1994_PROKKA/AY077834.1_Sheeppox_virus_NISKHI_1994:AY077834.1_Sheeppox_virus_NISKHI_199> (length 474)
../../../CURRENT/PANGROWTH/SEQS/AY077834.1_Sheeppox_virus_NISKHI_1994_PROKKA/AY077834.1_Sheeppox_virus_NISKHI_1994:AY077834.1_Sheeppox_virus_NISKHI_199> (length 735)
../../../CURRENT/PANGROWTH/SEQS/AY077834.1_Sheeppox_virus_NISKHI_1994_PROKKA/AY077834.1_Sheeppox_virus_NISKHI_1994:AY077834.1_Sheeppox_virus_NISKHI_199> (length 177)
../../../CURRENT/PANGROWTH/SEQS/AY077834.1_Sheeppox_virus_NISKHI_1994_PROKKA/AY077834.1_Sheeppox_virus_NISKHI_1994:AY077834.1_Sheeppox_virus_NISKHI_199> (length 194)
../../../CURRENT/PANGROWTH/SEQS/AY077834.1_Sheeppox_virus_NISKHI_1994_PROKKA/AY077834.1_Sheeppox_virus_NISKHI_1994:AY077834.1_Sheeppox_virus_NISKHI_199> (length 377)
../../../CURRENT/PANGROWTH/SEQS/AY077834.1_Sheeppox_virus_NISKHI_1994_PROKKA/AY077834.1_Sheeppox_virus_NISKHI_1994:AY077834.1_Sheeppox_virus_NISKHI_199> (length 566)
../../../CURRENT/PANGROWTH/SEQS/AY077834.1_Sheeppox_virus_NISKHI_1994_PROKKA/AY077834.1_Sheeppox_virus_NISKHI_1994:AY077834.1_Sheeppox_virus_NISKHI_199> (length 265)
../../../CURRENT/PANGROWTH/SEQS/AY077834.1_Sheeppox_virus_NISKHI_1994_PROKKA/AY077834.1_Sheeppox_virus_NISKHI_1994:AY077834.1_Sheeppox_virus_NISKHI_199> (length 1010)
../../../CURRENT/PANGROWTH/SEQS/AY077834.1_Sheeppox_virus_NISKHI_1994_PROKKA/AY077834.1_Sheeppox_virus_NISKHI_1994:AY077834.1_Sheeppox_virus_NISKHI_199> (length 95)
../../../CURRENT/PANGROWTH/SEQS/AY077834.1_Sheeppox_virus_NISKHI_1994_PROKKA/AY077834.1_Sheeppox_virus_NISKHI_1994:AY077834.1_Sheeppox_virus_NISKHI_199> (length 130)
../../../CURRENT/PANGROWTH/SEQS/AY077834.1_Sheeppox_virus_NISKHI_1994_PROKKA/AY077834.1_Sheeppox_virus_NISKHI_1994:AY077834.1_Sheeppox_virus_NISKHI_199> (length 684)
../../../CURRENT/PANGROWTH/SEQS/AY077834.1_Sheeppox_virus_NISKHI_1994_PROKKA/AY077834.1_Sheeppox_virus_NISKHI_1994:AY077834.1_Sheeppox_virus_NISKHI_199> (length 314)
../../../CURRENT/PANGROWTH/SEQS/AY077834.1_Sheeppox_virus_NISKHI_1994_PROKKA/AY077834.1_Sheeppox_virus_NISKHI_1994:AY077834.1_Sheeppox_virus_NISKHI_199> (length 71)
../../../CURRENT/PANGROWTH/SEQS/AY077834.1_Sheeppox_virus_NISKHI_1994_PROKKA/AY077834.1_Sheeppox_virus_NISKHI_1994:AY077834.1_Sheeppox_virus_NISKHI_199> (length 276)
../../../CURRENT/PANGROWTH/SEQS/AY077834.1_Sheeppox_virus_NISKHI_1994_PROKKA/AY077834.1_Sheeppox_virus_NISKHI_1994:AY077834.1_Sheeppox_virus_NISKHI_199> (length 78)
../../../CURRENT/PANGROWTH/SEQS/AY077834.1_Sheeppox_virus_NISKHI_1994_PROKKA/AY077834.1_Sheeppox_virus_NISKHI_1994:AY077834.1_Sheeppox_virus_NISKHI_199> (length 394)
../../../CURRENT/PANGROWTH/SEQS/AY077834.1_Sheeppox_virus_NISKHI_1994_PROKKA/AY077834.1_Sheeppox_virus_NISKHI_1994:AY077834.1_Sheeppox_virus_NISKHI_199> (length 433)
../../../CURRENT/PANGROWTH/SEQS/AY077834.1_Sheeppox_virus_NISKHI_1994_PROKKA/AY077834.1_Sheeppox_virus_NISKHI_1994:AY077834.1_Sheeppox_virus_NISKHI_199> (length 676)
../../../CURRENT/PANGROWTH/SEQS/AY077834.1_Sheeppox_virus_NISKHI_1994_PROKKA/AY077834.1_Sheeppox_virus_NISKHI_1994:AY077834.1_Sheeppox_virus_NISKHI_199> (length 595)
../../../CURRENT/PANGROWTH/SEQS/AY077834.1_Sheeppox_virus_NISKHI_1994_PROKKA/AY077834.1_Sheeppox_virus_NISKHI_1994:AY077834.1_Sheeppox_virus_NISKHI_199> (length 81)
../../../CURRENT/PANGROWTH/SEQS/AY077834.1_Sheeppox_virus_NISKHI_1994_PROKKA/AY077834.1_Sheeppox_virus_NISKHI_1994:AY077834.1_Sheeppox_virus_NISKHI_199> (length 222)
../../../CURRENT/PANGROWTH/SEQS/AY077834.1_Sheeppox_virus_NISKHI_1994_PROKKA/AY077834.1_Sheeppox_virus_NISKHI_1994:AY077834.1_Sheeppox_virus_NISKHI_199> (length 126)
../../../CURRENT/PANGROWTH/SEQS/AY077834.1_Sheeppox_virus_NISKHI_1994_PROKKA/AY077834.1_Sheeppox_virus_NISKHI_1994:AY077834.1_Sheeppox_virus_NISKHI_199> (length 437)
../../../CURRENT/PANGROWTH/SEQS/AY077834.1_Sheeppox_virus_NISKHI_1994_PROKKA/AY077834.1_Sheeppox_virus_NISKHI_1994:AY077834.1_Sheeppox_virus_NISKHI_199> (length 63)
../../../CURRENT/PANGROWTH/SEQS/AY077834.1_Sheeppox_virus_NISKHI_1994_PROKKA/AY077834.1_Sheeppox_virus_NISKHI_1994:AY077834.1_Sheeppox_virus_NISKHI_199> (length 174)
../../../CURRENT/PANGROWTH/SEQS/AY077834.1_Sheeppox_virus_NISKHI_1994_PROKKA/AY077834.1_Sheeppox_virus_NISKHI_1994:AY077834.1_Sheeppox_virus_NISKHI_199> (length 372)
../../../CURRENT/PANGROWTH/SEQS/AY077834.1_Sheeppox_virus_NISKHI_1994_PROKKA/AY077834.1_Sheeppox_virus_NISKHI_1994:AY077834.1_Sheeppox_virus_NISKHI_199> (length 260)
../../../CURRENT/PANGROWTH/SEQS/AY077834.1_Sheeppox_virus_NISKHI_1994_PROKKA/AY077834.1_Sheeppox_virus_NISKHI_1994:AY077834.1_Sheeppox_virus_NISKHI_199> (length 337)
../../../CURRENT/PANGROWTH/SEQS/AY077834.1_Sheeppox_virus_NISKHI_1994_PROKKA/AY077834.1_Sheeppox_virus_NISKHI_1994:AY077834.1_Sheeppox_virus_NISKHI_199> (length 245)
../../../CURRENT/PANGROWTH/SEQS/AY077834.1_Sheeppox_virus_NISKHI_1994_PROKKA/AY077834.1_Sheeppox_virus_NISKHI_1994:AY077834.1_Sheeppox_virus_NISKHI_199> (length 92)
../../../CURRENT/PANGROWTH/SEQS/AY077834.1_Sheeppox_virus_NISKHI_1994_PROKKA/AY077834.1_Sheeppox_virus_NISKHI_1994:AY077834.1_Sheeppox_virus_NISKHI_199> (length 318)
../../../CURRENT/PANGROWTH/SEQS/AY077834.1_Sheeppox_virus_NISKHI_1994_PROKKA/AY077834.1_Sheeppox_virus_NISKHI_1994:AY077834.1_Sheeppox_virus_NISKHI_199> (length 253)
../../../CURRENT/PANGROWTH/SEQS/AY077834.1_Sheeppox_virus_NISKHI_1994_PROKKA/AY077834.1_Sheeppox_virus_NISKHI_1994:AY077834.1_Sheeppox_virus_NISKHI_199> (length 132)
../../../CURRENT/PANGROWTH/SEQS/AY077834.1_Sheeppox_virus_NISKHI_1994_PROKKA/AY077834.1_Sheeppox_virus_NISKHI_1994:AY077834.1_Sheeppox_virus_NISKHI_199> (length 147)
../../../CURRENT/PANGROWTH/SEQS/AY077834.1_Sheeppox_virus_NISKHI_1994_PROKKA/AY077834.1_Sheeppox_virus_NISKHI_1994:AY077834.1_Sheeppox_virus_NISKHI_199> (length 177)
../../../CURRENT/PANGROWTH/SEQS/AY077834.1_Sheeppox_virus_NISKHI_1994_PROKKA/AY077834.1_Sheeppox_virus_NISKHI_1994:AY077834.1_Sheeppox_virus_NISKHI_199> (length 197)
../../../CURRENT/PANGROWTH/SEQS/AY077834.1_Sheeppox_virus_NISKHI_1994_PROKKA/AY077834.1_Sheeppox_virus_NISKHI_1994:AY077834.1_Sheeppox_virus_NISKHI_199> (length 328)
../../../CURRENT/PANGROWTH/SEQS/AY077834.1_Sheeppox_virus_NISKHI_1994_PROKKA/AY077834.1_Sheeppox_virus_NISKHI_1994:AY077834.1_Sheeppox_virus_NISKHI_199> (length 133)
../../../CURRENT/PANGROWTH/SEQS/AY077834.1_Sheeppox_virus_NISKHI_1994_PROKKA/AY077834.1_Sheeppox_virus_NISKHI_1994:AY077834.1_Sheeppox_virus_NISKHI_199> (length 1285)
../../../CURRENT/PANGROWTH/SEQS/AY077834.1_Sheeppox_virus_NISKHI_1994_PROKKA/AY077834.1_Sheeppox_virus_NISKHI_1994:AY077834.1_Sheeppox_virus_NISKHI_199> (length 171)
../../../CURRENT/PANGROWTH/SEQS/AY077834.1_Sheeppox_virus_NISKHI_1994_PROKKA/AY077834.1_Sheeppox_virus_NISKHI_1994:AY077834.1_Sheeppox_virus_NISKHI_199> (length 190)
../../../CURRENT/PANGROWTH/SEQS/AY077834.1_Sheeppox_virus_NISKHI_1994_PROKKA/AY077834.1_Sheeppox_virus_NISKHI_1994:AY077834.1_Sheeppox_virus_NISKHI_199> (length 323)
../../../CURRENT/PANGROWTH/SEQS/AY077834.1_Sheeppox_virus_NISKHI_1994_PROKKA/AY077834.1_Sheeppox_virus_NISKHI_1994:AY077834.1_Sheeppox_virus_NISKHI_199> (length 798)
../../../CURRENT/PANGROWTH/SEQS/AY077834.1_Sheeppox_virus_NISKHI_1994_PROKKA/AY077834.1_Sheeppox_virus_NISKHI_1994:AY077834.1_Sheeppox_virus_NISKHI_199> (length 226)
../../../CURRENT/PANGROWTH/SEQS/AY077834.1_Sheeppox_virus_NISKHI_1994_PROKKA/AY077834.1_Sheeppox_virus_NISKHI_1994:AY077834.1_Sheeppox_virus_NISKHI_199> (length 317)
../../../CURRENT/PANGROWTH/SEQS/AY077834.1_Sheeppox_virus_NISKHI_1994_PROKKA/AY077834.1_Sheeppox_virus_NISKHI_1994:AY077834.1_Sheeppox_virus_NISKHI_199> (length 147)
../../../CURRENT/PANGROWTH/SEQS/AY077834.1_Sheeppox_virus_NISKHI_1994_PROKKA/AY077834.1_Sheeppox_virus_NISKHI_1994:AY077834.1_Sheeppox_virus_NISKHI_199> (length 842)
../../../CURRENT/PANGROWTH/SEQS/AY077834.1_Sheeppox_virus_NISKHI_1994_PROKKA/AY077834.1_Sheeppox_virus_NISKHI_1994:AY077834.1_Sheeppox_virus_NISKHI_199> (length 155)
../../../CURRENT/PANGROWTH/SEQS/AY077834.1_Sheeppox_virus_NISKHI_1994_PROKKA/AY077834.1_Sheeppox_virus_NISKHI_1994:AY077834.1_Sheeppox_virus_NISKHI_199> (length 245)
../../../CURRENT/PANGROWTH/SEQS/AY077834.1_Sheeppox_virus_NISKHI_1994_PROKKA/AY077834.1_Sheeppox_virus_NISKHI_1994:AY077834.1_Sheeppox_virus_NISKHI_199> (length 218)
../../../CURRENT/PANGROWTH/SEQS/AY077834.1_Sheeppox_virus_NISKHI_1994_PROKKA/AY077834.1_Sheeppox_virus_NISKHI_1994:AY077834.1_Sheeppox_virus_NISKHI_199> (length 786)
../../../CURRENT/PANGROWTH/SEQS/AY077834.1_Sheeppox_virus_NISKHI_1994_PROKKA/AY077834.1_Sheeppox_virus_NISKHI_1994:AY077834.1_Sheeppox_virus_NISKHI_199> (length 635)
../../../CURRENT/PANGROWTH/SEQS/AY077834.1_Sheeppox_virus_NISKHI_1994_PROKKA/AY077834.1_Sheeppox_virus_NISKHI_1994:AY077834.1_Sheeppox_virus_NISKHI_199> (length 163)
../../../CURRENT/PANGROWTH/SEQS/AY077834.1_Sheeppox_virus_NISKHI_1994_PROKKA/AY077834.1_Sheeppox_virus_NISKHI_1994:AY077834.1_Sheeppox_virus_NISKHI_199> (length 226)
../../../CURRENT/PANGROWTH/SEQS/AY077834.1_Sheeppox_virus_NISKHI_1994_PROKKA/AY077834.1_Sheeppox_virus_NISKHI_1994:AY077834.1_Sheeppox_virus_NISKHI_199> (length 253)
../../../CURRENT/PANGROWTH/SEQS/AY077834.1_Sheeppox_virus_NISKHI_1994_PROKKA/AY077834.1_Sheeppox_virus_NISKHI_1994:AY077834.1_Sheeppox_virus_NISKHI_199> (length 635)
../../../CURRENT/PANGROWTH/SEQS/AY077834.1_Sheeppox_virus_NISKHI_1994_PROKKA/AY077834.1_Sheeppox_virus_NISKHI_1994:AY077834.1_Sheeppox_virus_NISKHI_199> (length 287)
../../../CURRENT/PANGROWTH/SEQS/AY077834.1_Sheeppox_virus_NISKHI_1994_PROKKA/AY077834.1_Sheeppox_virus_NISKHI_1994:AY077834.1_Sheeppox_virus_NISKHI_199> (length 549)
../../../CURRENT/PANGROWTH/SEQS/AY077834.1_Sheeppox_virus_NISKHI_1994_PROKKA/AY077834.1_Sheeppox_virus_NISKHI_1994:AY077834.1_Sheeppox_virus_NISKHI_199> (length 150)
../../../CURRENT/PANGROWTH/SEQS/AY077834.1_Sheeppox_virus_NISKHI_1994_PROKKA/AY077834.1_Sheeppox_virus_NISKHI_1994:AY077834.1_Sheeppox_virus_NISKHI_199> (length 227)
../../../CURRENT/PANGROWTH/SEQS/AY077834.1_Sheeppox_virus_NISKHI_1994_PROKKA/AY077834.1_Sheeppox_virus_NISKHI_1994:AY077834.1_Sheeppox_virus_NISKHI_199> (length 75)
../../../CURRENT/PANGROWTH/SEQS/AY077834.1_Sheeppox_virus_NISKHI_1994_PROKKA/AY077834.1_Sheeppox_virus_NISKHI_1994:AY077834.1_Sheeppox_virus_NISKHI_199> (length 661)
../../../CURRENT/PANGROWTH/SEQS/AY077834.1_Sheeppox_virus_NISKHI_1994_PROKKA/AY077834.1_Sheeppox_virus_NISKHI_1994:AY077834.1_Sheeppox_virus_NISKHI_199> (length 161)
../../../CURRENT/PANGROWTH/SEQS/AY077834.1_Sheeppox_virus_NISKHI_1994_PROKKA/AY077834.1_Sheeppox_virus_NISKHI_1994:AY077834.1_Sheeppox_virus_NISKHI_199> (length 167)
../../../CURRENT/PANGROWTH/SEQS/AY077834.1_Sheeppox_virus_NISKHI_1994_PROKKA/AY077834.1_Sheeppox_virus_NISKHI_1994:AY077834.1_Sheeppox_virus_NISKHI_199> (length 375)
../../../CURRENT/PANGROWTH/SEQS/AY077834.1_Sheeppox_virus_NISKHI_1994_PROKKA/AY077834.1_Sheeppox_virus_NISKHI_1994:AY077834.1_Sheeppox_virus_NISKHI_199> (length 714)
../../../CURRENT/PANGROWTH/SEQS/AY077834.1_Sheeppox_virus_NISKHI_1994_PROKKA/AY077834.1_Sheeppox_virus_NISKHI_1994:AY077834.1_Sheeppox_virus_NISKHI_199> (length 290)
../../../CURRENT/PANGROWTH/SEQS/AY077834.1_Sheeppox_virus_NISKHI_1994_PROKKA/AY077834.1_Sheeppox_virus_NISKHI_1994:AY077834.1_Sheeppox_virus_NISKHI_199> (length 78)
../../../CURRENT/PANGROWTH/SEQS/AY077834.1_Sheeppox_virus_NISKHI_1994_PROKKA/AY077834.1_Sheeppox_virus_NISKHI_1994:AY077834.1_Sheeppox_virus_NISKHI_199> (length 903)
../../../CURRENT/PANGROWTH/SEQS/AY077834.1_Sheeppox_virus_NISKHI_1994_PROKKA/AY077834.1_Sheeppox_virus_NISKHI_1994:AY077834.1_Sheeppox_virus_NISKHI_199> (length 317)
../../../CURRENT/PANGROWTH/SEQS/AY077834.1_Sheeppox_virus_NISKHI_1994_PROKKA/AY077834.1_Sheeppox_virus_NISKHI_1994:AY077834.1_Sheeppox_virus_NISKHI_199> (length 190)
../../../CURRENT/PANGROWTH/SEQS/AY077834.1_Sheeppox_virus_NISKHI_1994_PROKKA/AY077834.1_Sheeppox_virus_NISKHI_1994:AY077834.1_Sheeppox_virus_NISKHI_199> (length 67)
../../../CURRENT/PANGROWTH/SEQS/AY077834.1_Sheeppox_virus_NISKHI_1994_PROKKA/AY077834.1_Sheeppox_virus_NISKHI_1994:AY077834.1_Sheeppox_virus_NISKHI_199> (length 95)
../../../CURRENT/PANGROWTH/SEQS/AY077834.1_Sheeppox_virus_NISKHI_1994_PROKKA/AY077834.1_Sheeppox_virus_NISKHI_1994:AY077834.1_Sheeppox_virus_NISKHI_199> (length 95)
../../../CURRENT/PANGROWTH/SEQS/AY077834.1_Sheeppox_virus_NISKHI_1994_PROKKA/AY077834.1_Sheeppox_virus_NISKHI_1994:AY077834.1_Sheeppox_virus_NISKHI_199> (length 377)
../../../CURRENT/PANGROWTH/SEQS/AY077834.1_Sheeppox_virus_NISKHI_1994_PROKKA/AY077834.1_Sheeppox_virus_NISKHI_1994:AY077834.1_Sheeppox_virus_NISKHI_199> (length 194)
../../../CURRENT/PANGROWTH/SEQS/AY077834.1_Sheeppox_virus_NISKHI_1994_PROKKA/AY077834.1_Sheeppox_virus_NISKHI_1994:AY077834.1_Sheeppox_virus_NISKHI_199> (length 480)
../../../CURRENT/PANGROWTH/SEQS/AY077834.1_Sheeppox_virus_NISKHI_1994_PROKKA/AY077834.1_Sheeppox_virus_NISKHI_1994:AY077834.1_Sheeppox_virus_NISKHI_199> (length 74)
../../../CURRENT/PANGROWTH/SEQS/AY077834.1_Sheeppox_virus_NISKHI_1994_PROKKA/AY077834.1_Sheeppox_virus_NISKHI_1994:AY077834.1_Sheeppox_virus_NISKHI_199> (length 52)
../../../CURRENT/PANGROWTH/SEQS/AY077834.1_Sheeppox_virus_NISKHI_1994_PROKKA/AY077834.1_Sheeppox_virus_NISKHI_1994:AY077834.1_Sheeppox_virus_NISKHI_199> (length 430)
../../../CURRENT/PANGROWTH/SEQS/AY077834.1_Sheeppox_virus_NISKHI_1994_PROKKA/AY077834.1_Sheeppox_virus_NISKHI_1994:AY077834.1_Sheeppox_virus_NISKHI_199> (length 168)
../../../CURRENT/PANGROWTH/SEQS/AY077834.1_Sheeppox_virus_NISKHI_1994_PROKKA/AY077834.1_Sheeppox_virus_NISKHI_1994:AY077834.1_Sheeppox_virus_NISKHI_199> (length 385)
../../../CURRENT/PANGROWTH/SEQS/AY077834.1_Sheeppox_virus_NISKHI_1994_PROKKA/AY077834.1_Sheeppox_virus_NISKHI_1994:AY077834.1_Sheeppox_virus_NISKHI_199> (length 1156)
../../../CURRENT/PANGROWTH/SEQS/AY077834.1_Sheeppox_virus_NISKHI_1994_PROKKA/AY077834.1_Sheeppox_virus_NISKHI_1994:AY077834.1_Sheeppox_virus_NISKHI_199> (length 149)
../../../CURRENT/PANGROWTH/SEQS/AY077834.1_Sheeppox_virus_NISKHI_1994_PROKKA/AY077834.1_Sheeppox_virus_NISKHI_1994:AY077834.1_Sheeppox_virus_NISKHI_199> (length 140)
../../../CURRENT/PANGROWTH/SEQS/AY077834.1_Sheeppox_virus_NISKHI_1994_PROKKA/AY077834.1_Sheeppox_virus_NISKHI_1994:AY077834.1_Sheeppox_virus_NISKHI_199> (length 303)
../../../CURRENT/PANGROWTH/SEQS/AY077834.1_Sheeppox_virus_NISKHI_1994_PROKKA/AY077834.1_Sheeppox_virus_NISKHI_1994:AY077834.1_Sheeppox_virus_NISKHI_199> (length 74)
../../../CURRENT/PANGROWTH/SEQS/AY077834.1_Sheeppox_virus_NISKHI_1994_PROKKA/AY077834.1_Sheeppox_virus_NISKHI_1994:AY077834.1_Sheeppox_virus_NISKHI_199> (length 41)
../../../CURRENT/PANGROWTH/SEQS/AY077834.1_Sheeppox_virus_NISKHI_1994_PROKKA/AY077834.1_Sheeppox_virus_NISKHI_1994:AY077834.1_Sheeppox_virus_NISKHI_199> (length 256)
../../../CURRENT/PANGROWTH/SEQS/AY077834.1_Sheeppox_virus_NISKHI_1994_PROKKA/AY077834.1_Sheeppox_virus_NISKHI_1994:AY077834.1_Sheeppox_virus_NISKHI_199> (length 196)
../../../CURRENT/PANGROWTH/SEQS/AY077834.1_Sheeppox_virus_NISKHI_1994_PROKKA/AY077834.1_Sheeppox_virus_NISKHI_1994:AY077834.1_Sheeppox_virus_NISKHI_199> (length 171)
../../../CURRENT/PANGROWTH/SEQS/AY077834.1_Sheeppox_virus_NISKHI_1994_PROKKA/AY077834.1_Sheeppox_virus_NISKHI_1994:AY077834.1_Sheeppox_virus_NISKHI_199> (length 191)
../../../CURRENT/PANGROWTH/SEQS/AY077834.1_Sheeppox_virus_NISKHI_1994_PROKKA/AY077834.1_Sheeppox_virus_NISKHI_1994:AY077834.1_Sheeppox_virus_NISKHI_199> (length 288)
../../../CURRENT/PANGROWTH/SEQS/AY077834.1_Sheeppox_virus_NISKHI_1994_PROKKA/AY077834.1_Sheeppox_virus_NISKHI_1994:AY077834.1_Sheeppox_virus_NISKHI_199> (length 172)
../../../CURRENT/PANGROWTH/SEQS/AY077834.1_Sheeppox_virus_NISKHI_1994_PROKKA/AY077834.1_Sheeppox_virus_NISKHI_1994:AY077834.1_Sheeppox_virus_NISKHI_199> (length 267)
../../../CURRENT/PANGROWTH/SEQS/AY077834.1_Sheeppox_virus_NISKHI_1994_PROKKA/AY077834.1_Sheeppox_virus_NISKHI_1994:AY077834.1_Sheeppox_virus_NISKHI_199> (length 301)
../../../CURRENT/PANGROWTH/SEQS/AY077834.1_Sheeppox_virus_NISKHI_1994_PROKKA/AY077834.1_Sheeppox_virus_NISKHI_1994:AY077834.1_Sheeppox_virus_NISKHI_199> (length 106)
../../../CURRENT/PANGROWTH/SEQS/AY077834.1_Sheeppox_virus_NISKHI_1994_PROKKA/AY077834.1_Sheeppox_virus_NISKHI_1994:AY077834.1_Sheeppox_virus_NISKHI_199> (length 31)
../../../CURRENT/PANGROWTH/SEQS/AY077834.1_Sheeppox_virus_NISKHI_1994_PROKKA/AY077834.1_Sheeppox_virus_NISKHI_1994:AY077834.1_Sheeppox_virus_NISKHI_199> (length 77)
../../../CURRENT/PANGROWTH/SEQS/AY077834.1_Sheeppox_virus_NISKHI_1994_PROKKA/AY077834.1_Sheeppox_virus_NISKHI_1994:AY077834.1_Sheeppox_virus_NISKHI_199> (length 161)
../../../CURRENT/PANGROWTH/SEQS/AY077834.1_Sheeppox_virus_NISKHI_1994_PROKKA/AY077834.1_Sheeppox_virus_NISKHI_1994:AY077834.1_Sheeppox_virus_NISKHI_199> (length 557)
../../../CURRENT/PANGROWTH/SEQS/AY077834.1_Sheeppox_virus_NISKHI_1994_PROKKA/AY077834.1_Sheeppox_virus_NISKHI_1994:AY077834.1_Sheeppox_virus_NISKHI_199> (length 1986)
../../../CURRENT/PANGROWTH/SEQS/AY077834.1_Sheeppox_virus_NISKHI_1994_PROKKA/AY077834.1_Sheeppox_virus_NISKHI_1994:AY077834.1_Sheeppox_virus_NISKHI_199> (length 360)
../../../CURRENT/PANGROWTH/SEQS/AY077834.1_Sheeppox_virus_NISKHI_1994_PROKKA/AY077834.1_Sheeppox_virus_NISKHI_1994:AY077834.1_Sheeppox_virus_NISKHI_199> (length 335)
../../../CURRENT/PANGROWTH/SEQS/AY077834.1_Sheeppox_virus_NISKHI_1994_PROKKA/AY077834.1_Sheeppox_virus_NISKHI_1994:AY077834.1_Sheeppox_virus_NISKHI_199> (length 180)
../../../CURRENT/PANGROWTH/SEQS/AY077834.1_Sheeppox_virus_NISKHI_1994_PROKKA/AY077834.1_Sheeppox_virus_NISKHI_1994:AY077834.1_Sheeppox_virus_NISKHI_199> (length 305)
../../../CURRENT/PANGROWTH/SEQS/AY077834.1_Sheeppox_virus_NISKHI_1994_PROKKA/AY077834.1_Sheeppox_virus_NISKHI_1994:AY077834.1_Sheeppox_virus_NISKHI_199> (length 240)
../../../CURRENT/PANGROWTH/SEQS/AY077834.1_Sheeppox_virus_NISKHI_1994_PROKKA/AY077834.1_Sheeppox_virus_NISKHI_1994:AY077834.1_Sheeppox_virus_NISKHI_199> (length 226)
../../../CURRENT/PANGROWTH/SEQS/AY077834.1_Sheeppox_virus_NISKHI_1994_PROKKA/AY077834.1_Sheeppox_virus_NISKHI_1994:AY077834.1_Sheeppox_virus_NISKHI_199> (length 135)
../../../CURRENT/PANGROWTH/SEQS/AY077834.1_Sheeppox_virus_NISKHI_1994_PROKKA/AY077834.1_Sheeppox_virus_NISKHI_1994:AY077834.1_Sheeppox_virus_NISKHI_199> (length 302)
../../../CURRENT/PANGROWTH/SEQS/AY077834.1_Sheeppox_virus_NISKHI_1994_PROKKA/AY077834.1_Sheeppox_virus_NISKHI_1994:AY077834.1_Sheeppox_virus_NISKHI_199> (length 547)
../../../CURRENT/PANGROWTH/SEQS/AY077834.1_Sheeppox_virus_NISKHI_1994_PROKKA/AY077834.1_Sheeppox_virus_NISKHI_1994:AY077834.1_Sheeppox_virus_NISKHI_199> (length 250)
../../../CURRENT/PANGROWTH/SEQS/AY077834.1_Sheeppox_virus_NISKHI_1994_PROKKA/AY077834.1_Sheeppox_virus_NISKHI_1994:AY077834.1_Sheeppox_virus_NISKHI_199> (length 371)
../../../CURRENT/PANGROWTH/SEQS/AY077834.1_Sheeppox_virus_NISKHI_1994_PROKKA/AY077834.1_Sheeppox_virus_NISKHI_1994:AY077834.1_Sheeppox_virus_NISKHI_199> (length 410)
../../../CURRENT/PANGROWTH/SEQS/AY077834.1_Sheeppox_virus_NISKHI_1994_PROKKA/AY077834.1_Sheeppox_virus_NISKHI_1994:AY077834.1_Sheeppox_virus_NISKHI_199> (length 498)
../../../CURRENT/PANGROWTH/SEQS/AY077834.1_Sheeppox_virus_NISKHI_1994_PROKKA/AY077834.1_Sheeppox_virus_NISKHI_1994:AY077834.1_Sheeppox_virus_NISKHI_199> (length 116)
../../../CURRENT/PANGROWTH/SEQS/AY077834.1_Sheeppox_virus_NISKHI_1994_PROKKA/AY077834.1_Sheeppox_virus_NISKHI_1994:AY077834.1_Sheeppox_virus_NISKHI_199> (length 178)
../../../CURRENT/PANGROWTH/SEQS/AY077834.1_Sheeppox_virus_NISKHI_1994_PROKKA/AY077834.1_Sheeppox_virus_NISKHI_1994:AY077834.1_Sheeppox_virus_NISKHI_199> (length 337)
../../../CURRENT/PANGROWTH/SEQS/AY077834.1_Sheeppox_virus_NISKHI_1994_PROKKA/AY077834.1_Sheeppox_virus_NISKHI_1994:AY077834.1_Sheeppox_virus_NISKHI_199> (length 161)
../../../CURRENT/PANGROWTH/SEQS/AY077834.1_Sheeppox_virus_NISKHI_1994_PROKKA/AY077834.1_Sheeppox_virus_NISKHI_1994:AY077834.1_Sheeppox_virus_NISKHI_199> (length 552)
../../../CURRENT/PANGROWTH/SEQS/AY077834.1_Sheeppox_virus_NISKHI_1994_PROKKA/AY077834.1_Sheeppox_virus_NISKHI_1994:AY077834.1_Sheeppox_virus_NISKHI_199> (length 484)
../../../CURRENT/PANGROWTH/SEQS/AY077834.1_Sheeppox_virus_NISKHI_1994_PROKKA/AY077834.1_Sheeppox_virus_NISKHI_1994:AY077834.1_Sheeppox_virus_NISKHI_199> (length 240)

DiscRep_ALL:DISC_INCONSISTENT_MOLINFO_TECH::Molinfo Technique Report (some missing, all same)
DiscRep_SUB:DISC_INCONSISTENT_MOLINFO_TECH::technique (all missing)
DiscRep_SUB:DISC_INCONSISTENT_MOLINFO_TECH::1 Molinfos are missing field technique
../../../CURRENT/PANGROWTH/SEQS/AY077834.1_Sheeppox_virus_NISKHI_1994_PROKKA/AY077834.1_Sheeppox_virus_NISKHI_1994:AY077834.1_Sheeppox_virus_NISKHI_1994 (length 149662, 2001 gap)

DiscRep_ALL:DISC_GAPS::1 sequences contain gaps
../../../CURRENT/PANGROWTH/SEQS/AY077834.1_Sheeppox_virus_NISKHI_1994_PROKKA/AY077834.1_Sheeppox_virus_NISKHI_1994:AY077834.1_Sheeppox_virus_NISKHI_1994 (length 149662, 2001 gap)

