-------------------------------------
PRODIGAL v2.6.3 [February, 2016]         
Univ of Tenn / Oak Ridge National Lab
Doug Hyatt, Loren Hauser, et al.     
-------------------------------------
Request:  Single Genome, Phase:  Training
Reading in the sequence(s) to train...1947857 bp seq created, 24.86 pct GC
Locating all potential starts and stops...23345 nodes
Looking for GC bias in different frames...frame bias scores: 2.43 0.49 0.07
Building initial set of genes to train from...done!
Creating coding model and scoring nodes...done!
Examining upstream regions and training starts...done!
-------------------------------------
Request:  Single Genome, Phase:  Gene Finding
Finding genes in sequence #1 (149599 bp)...done!
Finding genes in sequence #2 (150578 bp)...done!
Finding genes in sequence #3 (150458 bp)...done!
Finding genes in sequence #4 (150347 bp)...done!
Finding genes in sequence #5 (150404 bp)...done!
Finding genes in sequence #6 (149955 bp)...done!
Finding genes in sequence #7 (150358 bp)...done!
Finding genes in sequence #8 (150381 bp)...done!
Finding genes in sequence #9 (147959 bp)...done!
Finding genes in sequence #10 (148146 bp)...done!
Finding genes in sequence #11 (150194 bp)...done!
Finding genes in sequence #12 (149723 bp)...done!
Finding genes in sequence #13 (149599 bp)...done!
