Discrepancy Report Results

Summary
FATAL: MISSING_PROTEIN_ID:150 proteins have invalid IDs.
DISC_SOURCE_QUALS_ASNDISC:strain (all present, all unique)
DISC_SOURCE_QUALS_ASNDISC:taxname (all present, all unique)
DISC_FEATURE_COUNT:CDS: 150 present
DISC_COUNT_NUCLEOTIDES:1 nucleotide Bioseqs are present
FEATURE_LOCATION_CONFLICT:150 features have inconsistent gene locations.
SUSPECT_PRODUCT_NAMES:3 product_names contain suspect phrase or characters
	May contain database identifier more appropriate in note; remove from product name
		1 features contains three or more numbers together that may be identifiers more appropriate in note
	use protein instead of gene as appropriate
		2 features contains 'gene'
DISC_QUALITY_SCORES:Quality scores are missing on all sequences.
ONCALLER_COMMENT_PRESENT:1 comment descriptors were found (all same)
SHORT_PROT_SEQUENCES:4 protein sequences are shorter than 50 aa.
MISSING_GENOMEASSEMBLY_COMMENTS:1 bioseqs are missing GenomeAssembly structured comments
MOLTYPE_NOT_MRNA:1 molecule types are not set as mRNA.
TECHNIQUE_NOT_TSA:1 technique are not set as TSA
MISSING_STRUCTURED_COMMENT:1 sequences do not include structured comments.
MISSING_PROJECT:151 sequences do not include project.
DISC_INCONSISTENT_MOLINFO_TECH:Molinfo Technique Report (some missing, all same)
DISC_GAPS:1 sequences contain gaps


Detailed Report

FATAL: DiscRep_ALL:MISSING_PROTEIN_ID::150 proteins have invalid IDs.
../../../CURRENT/PANGROWTH/SEQS/MN072624.1_Goatpox_virus_Sudan_goat_PROKKA/MN072624.1_Goatpox_virus_Sudan_goat:MN072624.1_Goatpox_virus_Sudan_goat_1 (length 240)
../../../CURRENT/PANGROWTH/SEQS/MN072624.1_Goatpox_virus_Sudan_goat_PROKKA/MN072624.1_Goatpox_virus_Sudan_goat:MN072624.1_Goatpox_virus_Sudan_goat_2 (length 73)
../../../CURRENT/PANGROWTH/SEQS/MN072624.1_Goatpox_virus_Sudan_goat_PROKKA/MN072624.1_Goatpox_virus_Sudan_goat:MN072624.1_Goatpox_virus_Sudan_goat_3 (length 170)
../../../CURRENT/PANGROWTH/SEQS/MN072624.1_Goatpox_virus_Sudan_goat_PROKKA/MN072624.1_Goatpox_virus_Sudan_goat:MN072624.1_Goatpox_virus_Sudan_goat_4 (length 231)
../../../CURRENT/PANGROWTH/SEQS/MN072624.1_Goatpox_virus_Sudan_goat_PROKKA/MN072624.1_Goatpox_virus_Sudan_goat:MN072624.1_Goatpox_virus_Sudan_goat_5 (length 355)
../../../CURRENT/PANGROWTH/SEQS/MN072624.1_Goatpox_virus_Sudan_goat_PROKKA/MN072624.1_Goatpox_virus_Sudan_goat:MN072624.1_Goatpox_virus_Sudan_goat_6 (length 275)
../../../CURRENT/PANGROWTH/SEQS/MN072624.1_Goatpox_virus_Sudan_goat_PROKKA/MN072624.1_Goatpox_virus_Sudan_goat:MN072624.1_Goatpox_virus_Sudan_goat_7 (length 162)
../../../CURRENT/PANGROWTH/SEQS/MN072624.1_Goatpox_virus_Sudan_goat_PROKKA/MN072624.1_Goatpox_virus_Sudan_goat:MN072624.1_Goatpox_virus_Sudan_goat_8 (length 381)
../../../CURRENT/PANGROWTH/SEQS/MN072624.1_Goatpox_virus_Sudan_goat_PROKKA/MN072624.1_Goatpox_virus_Sudan_goat:MN072624.1_Goatpox_virus_Sudan_goat_9 (length 211)
../../../CURRENT/PANGROWTH/SEQS/MN072624.1_Goatpox_virus_Sudan_goat_PROKKA/MN072624.1_Goatpox_virus_Sudan_goat:MN072624.1_Goatpox_virus_Sudan_goat_> (length 89)
../../../CURRENT/PANGROWTH/SEQS/MN072624.1_Goatpox_virus_Sudan_goat_PROKKA/MN072624.1_Goatpox_virus_Sudan_goat:MN072624.1_Goatpox_virus_Sudan_goat_> (length 161)
../../../CURRENT/PANGROWTH/SEQS/MN072624.1_Goatpox_virus_Sudan_goat_PROKKA/MN072624.1_Goatpox_virus_Sudan_goat:MN072624.1_Goatpox_virus_Sudan_goat_> (length 100)
../../../CURRENT/PANGROWTH/SEQS/MN072624.1_Goatpox_virus_Sudan_goat_PROKKA/MN072624.1_Goatpox_virus_Sudan_goat:MN072624.1_Goatpox_virus_Sudan_goat_> (length 176)
../../../CURRENT/PANGROWTH/SEQS/MN072624.1_Goatpox_virus_Sudan_goat_PROKKA/MN072624.1_Goatpox_virus_Sudan_goat:MN072624.1_Goatpox_virus_Sudan_goat_> (length 146)
../../../CURRENT/PANGROWTH/SEQS/MN072624.1_Goatpox_virus_Sudan_goat_PROKKA/MN072624.1_Goatpox_virus_Sudan_goat:MN072624.1_Goatpox_virus_Sudan_goat_> (length 562)
../../../CURRENT/PANGROWTH/SEQS/MN072624.1_Goatpox_virus_Sudan_goat_PROKKA/MN072624.1_Goatpox_virus_Sudan_goat:MN072624.1_Goatpox_virus_Sudan_goat_> (length 321)
../../../CURRENT/PANGROWTH/SEQS/MN072624.1_Goatpox_virus_Sudan_goat_PROKKA/MN072624.1_Goatpox_virus_Sudan_goat:MN072624.1_Goatpox_virus_Sudan_goat_> (length 31)
../../../CURRENT/PANGROWTH/SEQS/MN072624.1_Goatpox_virus_Sudan_goat_PROKKA/MN072624.1_Goatpox_virus_Sudan_goat:MN072624.1_Goatpox_virus_Sudan_goat_> (length 106)
../../../CURRENT/PANGROWTH/SEQS/MN072624.1_Goatpox_virus_Sudan_goat_PROKKA/MN072624.1_Goatpox_virus_Sudan_goat:MN072624.1_Goatpox_virus_Sudan_goat_> (length 72)
../../../CURRENT/PANGROWTH/SEQS/MN072624.1_Goatpox_virus_Sudan_goat_PROKKA/MN072624.1_Goatpox_virus_Sudan_goat:MN072624.1_Goatpox_virus_Sudan_goat_> (length 216)
../../../CURRENT/PANGROWTH/SEQS/MN072624.1_Goatpox_virus_Sudan_goat_PROKKA/MN072624.1_Goatpox_virus_Sudan_goat:MN072624.1_Goatpox_virus_Sudan_goat_> (length 447)
../../../CURRENT/PANGROWTH/SEQS/MN072624.1_Goatpox_virus_Sudan_goat_PROKKA/MN072624.1_Goatpox_virus_Sudan_goat:MN072624.1_Goatpox_virus_Sudan_goat_> (length 49)
../../../CURRENT/PANGROWTH/SEQS/MN072624.1_Goatpox_virus_Sudan_goat_PROKKA/MN072624.1_Goatpox_virus_Sudan_goat:MN072624.1_Goatpox_virus_Sudan_goat_> (length 60)
../../../CURRENT/PANGROWTH/SEQS/MN072624.1_Goatpox_virus_Sudan_goat_PROKKA/MN072624.1_Goatpox_virus_Sudan_goat:MN072624.1_Goatpox_virus_Sudan_goat_> (length 639)
../../../CURRENT/PANGROWTH/SEQS/MN072624.1_Goatpox_virus_Sudan_goat_PROKKA/MN072624.1_Goatpox_virus_Sudan_goat:MN072624.1_Goatpox_virus_Sudan_goat_> (length 370)
../../../CURRENT/PANGROWTH/SEQS/MN072624.1_Goatpox_virus_Sudan_goat_PROKKA/MN072624.1_Goatpox_virus_Sudan_goat:MN072624.1_Goatpox_virus_Sudan_goat_> (length 48)
../../../CURRENT/PANGROWTH/SEQS/MN072624.1_Goatpox_virus_Sudan_goat_PROKKA/MN072624.1_Goatpox_virus_Sudan_goat:MN072624.1_Goatpox_virus_Sudan_goat_> (length 145)
../../../CURRENT/PANGROWTH/SEQS/MN072624.1_Goatpox_virus_Sudan_goat_PROKKA/MN072624.1_Goatpox_virus_Sudan_goat:MN072624.1_Goatpox_virus_Sudan_goat_> (length 219)
../../../CURRENT/PANGROWTH/SEQS/MN072624.1_Goatpox_virus_Sudan_goat_PROKKA/MN072624.1_Goatpox_virus_Sudan_goat:MN072624.1_Goatpox_virus_Sudan_goat_> (length 104)
../../../CURRENT/PANGROWTH/SEQS/MN072624.1_Goatpox_virus_Sudan_goat_PROKKA/MN072624.1_Goatpox_virus_Sudan_goat:MN072624.1_Goatpox_virus_Sudan_goat_> (length 474)
../../../CURRENT/PANGROWTH/SEQS/MN072624.1_Goatpox_virus_Sudan_goat_PROKKA/MN072624.1_Goatpox_virus_Sudan_goat:MN072624.1_Goatpox_virus_Sudan_goat_> (length 735)
../../../CURRENT/PANGROWTH/SEQS/MN072624.1_Goatpox_virus_Sudan_goat_PROKKA/MN072624.1_Goatpox_virus_Sudan_goat:MN072624.1_Goatpox_virus_Sudan_goat_> (length 177)
../../../CURRENT/PANGROWTH/SEQS/MN072624.1_Goatpox_virus_Sudan_goat_PROKKA/MN072624.1_Goatpox_virus_Sudan_goat:MN072624.1_Goatpox_virus_Sudan_goat_> (length 201)
../../../CURRENT/PANGROWTH/SEQS/MN072624.1_Goatpox_virus_Sudan_goat_PROKKA/MN072624.1_Goatpox_virus_Sudan_goat:MN072624.1_Goatpox_virus_Sudan_goat_> (length 377)
../../../CURRENT/PANGROWTH/SEQS/MN072624.1_Goatpox_virus_Sudan_goat_PROKKA/MN072624.1_Goatpox_virus_Sudan_goat:MN072624.1_Goatpox_virus_Sudan_goat_> (length 566)
../../../CURRENT/PANGROWTH/SEQS/MN072624.1_Goatpox_virus_Sudan_goat_PROKKA/MN072624.1_Goatpox_virus_Sudan_goat:MN072624.1_Goatpox_virus_Sudan_goat_> (length 265)
../../../CURRENT/PANGROWTH/SEQS/MN072624.1_Goatpox_virus_Sudan_goat_PROKKA/MN072624.1_Goatpox_virus_Sudan_goat:MN072624.1_Goatpox_virus_Sudan_goat_> (length 1010)
../../../CURRENT/PANGROWTH/SEQS/MN072624.1_Goatpox_virus_Sudan_goat_PROKKA/MN072624.1_Goatpox_virus_Sudan_goat:MN072624.1_Goatpox_virus_Sudan_goat_> (length 95)
../../../CURRENT/PANGROWTH/SEQS/MN072624.1_Goatpox_virus_Sudan_goat_PROKKA/MN072624.1_Goatpox_virus_Sudan_goat:MN072624.1_Goatpox_virus_Sudan_goat_> (length 130)
../../../CURRENT/PANGROWTH/SEQS/MN072624.1_Goatpox_virus_Sudan_goat_PROKKA/MN072624.1_Goatpox_virus_Sudan_goat:MN072624.1_Goatpox_virus_Sudan_goat_> (length 683)
../../../CURRENT/PANGROWTH/SEQS/MN072624.1_Goatpox_virus_Sudan_goat_PROKKA/MN072624.1_Goatpox_virus_Sudan_goat:MN072624.1_Goatpox_virus_Sudan_goat_> (length 314)
../../../CURRENT/PANGROWTH/SEQS/MN072624.1_Goatpox_virus_Sudan_goat_PROKKA/MN072624.1_Goatpox_virus_Sudan_goat:MN072624.1_Goatpox_virus_Sudan_goat_> (length 71)
../../../CURRENT/PANGROWTH/SEQS/MN072624.1_Goatpox_virus_Sudan_goat_PROKKA/MN072624.1_Goatpox_virus_Sudan_goat:MN072624.1_Goatpox_virus_Sudan_goat_> (length 276)
../../../CURRENT/PANGROWTH/SEQS/MN072624.1_Goatpox_virus_Sudan_goat_PROKKA/MN072624.1_Goatpox_virus_Sudan_goat:MN072624.1_Goatpox_virus_Sudan_goat_> (length 78)
../../../CURRENT/PANGROWTH/SEQS/MN072624.1_Goatpox_virus_Sudan_goat_PROKKA/MN072624.1_Goatpox_virus_Sudan_goat:MN072624.1_Goatpox_virus_Sudan_goat_> (length 394)
../../../CURRENT/PANGROWTH/SEQS/MN072624.1_Goatpox_virus_Sudan_goat_PROKKA/MN072624.1_Goatpox_virus_Sudan_goat:MN072624.1_Goatpox_virus_Sudan_goat_> (length 433)
../../../CURRENT/PANGROWTH/SEQS/MN072624.1_Goatpox_virus_Sudan_goat_PROKKA/MN072624.1_Goatpox_virus_Sudan_goat:MN072624.1_Goatpox_virus_Sudan_goat_> (length 676)
../../../CURRENT/PANGROWTH/SEQS/MN072624.1_Goatpox_virus_Sudan_goat_PROKKA/MN072624.1_Goatpox_virus_Sudan_goat:MN072624.1_Goatpox_virus_Sudan_goat_> (length 595)
../../../CURRENT/PANGROWTH/SEQS/MN072624.1_Goatpox_virus_Sudan_goat_PROKKA/MN072624.1_Goatpox_virus_Sudan_goat:MN072624.1_Goatpox_virus_Sudan_goat_> (length 81)
../../../CURRENT/PANGROWTH/SEQS/MN072624.1_Goatpox_virus_Sudan_goat_PROKKA/MN072624.1_Goatpox_virus_Sudan_goat:MN072624.1_Goatpox_virus_Sudan_goat_> (length 222)
../../../CURRENT/PANGROWTH/SEQS/MN072624.1_Goatpox_virus_Sudan_goat_PROKKA/MN072624.1_Goatpox_virus_Sudan_goat:MN072624.1_Goatpox_virus_Sudan_goat_> (length 126)
../../../CURRENT/PANGROWTH/SEQS/MN072624.1_Goatpox_virus_Sudan_goat_PROKKA/MN072624.1_Goatpox_virus_Sudan_goat:MN072624.1_Goatpox_virus_Sudan_goat_> (length 437)
../../../CURRENT/PANGROWTH/SEQS/MN072624.1_Goatpox_virus_Sudan_goat_PROKKA/MN072624.1_Goatpox_virus_Sudan_goat:MN072624.1_Goatpox_virus_Sudan_goat_> (length 63)
../../../CURRENT/PANGROWTH/SEQS/MN072624.1_Goatpox_virus_Sudan_goat_PROKKA/MN072624.1_Goatpox_virus_Sudan_goat:MN072624.1_Goatpox_virus_Sudan_goat_> (length 174)
../../../CURRENT/PANGROWTH/SEQS/MN072624.1_Goatpox_virus_Sudan_goat_PROKKA/MN072624.1_Goatpox_virus_Sudan_goat:MN072624.1_Goatpox_virus_Sudan_goat_> (length 373)
../../../CURRENT/PANGROWTH/SEQS/MN072624.1_Goatpox_virus_Sudan_goat_PROKKA/MN072624.1_Goatpox_virus_Sudan_goat:MN072624.1_Goatpox_virus_Sudan_goat_> (length 260)
../../../CURRENT/PANGROWTH/SEQS/MN072624.1_Goatpox_virus_Sudan_goat_PROKKA/MN072624.1_Goatpox_virus_Sudan_goat:MN072624.1_Goatpox_virus_Sudan_goat_> (length 336)
../../../CURRENT/PANGROWTH/SEQS/MN072624.1_Goatpox_virus_Sudan_goat_PROKKA/MN072624.1_Goatpox_virus_Sudan_goat:MN072624.1_Goatpox_virus_Sudan_goat_> (length 245)
../../../CURRENT/PANGROWTH/SEQS/MN072624.1_Goatpox_virus_Sudan_goat_PROKKA/MN072624.1_Goatpox_virus_Sudan_goat:MN072624.1_Goatpox_virus_Sudan_goat_> (length 92)
../../../CURRENT/PANGROWTH/SEQS/MN072624.1_Goatpox_virus_Sudan_goat_PROKKA/MN072624.1_Goatpox_virus_Sudan_goat:MN072624.1_Goatpox_virus_Sudan_goat_> (length 318)
../../../CURRENT/PANGROWTH/SEQS/MN072624.1_Goatpox_virus_Sudan_goat_PROKKA/MN072624.1_Goatpox_virus_Sudan_goat:MN072624.1_Goatpox_virus_Sudan_goat_> (length 253)
../../../CURRENT/PANGROWTH/SEQS/MN072624.1_Goatpox_virus_Sudan_goat_PROKKA/MN072624.1_Goatpox_virus_Sudan_goat:MN072624.1_Goatpox_virus_Sudan_goat_> (length 131)
../../../CURRENT/PANGROWTH/SEQS/MN072624.1_Goatpox_virus_Sudan_goat_PROKKA/MN072624.1_Goatpox_virus_Sudan_goat:MN072624.1_Goatpox_virus_Sudan_goat_> (length 147)
../../../CURRENT/PANGROWTH/SEQS/MN072624.1_Goatpox_virus_Sudan_goat_PROKKA/MN072624.1_Goatpox_virus_Sudan_goat:MN072624.1_Goatpox_virus_Sudan_goat_> (length 177)
../../../CURRENT/PANGROWTH/SEQS/MN072624.1_Goatpox_virus_Sudan_goat_PROKKA/MN072624.1_Goatpox_virus_Sudan_goat:MN072624.1_Goatpox_virus_Sudan_goat_> (length 197)
../../../CURRENT/PANGROWTH/SEQS/MN072624.1_Goatpox_virus_Sudan_goat_PROKKA/MN072624.1_Goatpox_virus_Sudan_goat:MN072624.1_Goatpox_virus_Sudan_goat_> (length 333)
../../../CURRENT/PANGROWTH/SEQS/MN072624.1_Goatpox_virus_Sudan_goat_PROKKA/MN072624.1_Goatpox_virus_Sudan_goat:MN072624.1_Goatpox_virus_Sudan_goat_> (length 133)
../../../CURRENT/PANGROWTH/SEQS/MN072624.1_Goatpox_virus_Sudan_goat_PROKKA/MN072624.1_Goatpox_virus_Sudan_goat:MN072624.1_Goatpox_virus_Sudan_goat_> (length 1285)
../../../CURRENT/PANGROWTH/SEQS/MN072624.1_Goatpox_virus_Sudan_goat_PROKKA/MN072624.1_Goatpox_virus_Sudan_goat:MN072624.1_Goatpox_virus_Sudan_goat_> (length 171)
../../../CURRENT/PANGROWTH/SEQS/MN072624.1_Goatpox_virus_Sudan_goat_PROKKA/MN072624.1_Goatpox_virus_Sudan_goat:MN072624.1_Goatpox_virus_Sudan_goat_> (length 190)
../../../CURRENT/PANGROWTH/SEQS/MN072624.1_Goatpox_virus_Sudan_goat_PROKKA/MN072624.1_Goatpox_virus_Sudan_goat:MN072624.1_Goatpox_virus_Sudan_goat_> (length 322)
../../../CURRENT/PANGROWTH/SEQS/MN072624.1_Goatpox_virus_Sudan_goat_PROKKA/MN072624.1_Goatpox_virus_Sudan_goat:MN072624.1_Goatpox_virus_Sudan_goat_> (length 798)
../../../CURRENT/PANGROWTH/SEQS/MN072624.1_Goatpox_virus_Sudan_goat_PROKKA/MN072624.1_Goatpox_virus_Sudan_goat:MN072624.1_Goatpox_virus_Sudan_goat_> (length 232)
../../../CURRENT/PANGROWTH/SEQS/MN072624.1_Goatpox_virus_Sudan_goat_PROKKA/MN072624.1_Goatpox_virus_Sudan_goat:MN072624.1_Goatpox_virus_Sudan_goat_> (length 317)
../../../CURRENT/PANGROWTH/SEQS/MN072624.1_Goatpox_virus_Sudan_goat_PROKKA/MN072624.1_Goatpox_virus_Sudan_goat:MN072624.1_Goatpox_virus_Sudan_goat_> (length 147)
../../../CURRENT/PANGROWTH/SEQS/MN072624.1_Goatpox_virus_Sudan_goat_PROKKA/MN072624.1_Goatpox_virus_Sudan_goat:MN072624.1_Goatpox_virus_Sudan_goat_> (length 842)
../../../CURRENT/PANGROWTH/SEQS/MN072624.1_Goatpox_virus_Sudan_goat_PROKKA/MN072624.1_Goatpox_virus_Sudan_goat:MN072624.1_Goatpox_virus_Sudan_goat_> (length 155)
../../../CURRENT/PANGROWTH/SEQS/MN072624.1_Goatpox_virus_Sudan_goat_PROKKA/MN072624.1_Goatpox_virus_Sudan_goat:MN072624.1_Goatpox_virus_Sudan_goat_> (length 245)
../../../CURRENT/PANGROWTH/SEQS/MN072624.1_Goatpox_virus_Sudan_goat_PROKKA/MN072624.1_Goatpox_virus_Sudan_goat:MN072624.1_Goatpox_virus_Sudan_goat_> (length 218)
../../../CURRENT/PANGROWTH/SEQS/MN072624.1_Goatpox_virus_Sudan_goat_PROKKA/MN072624.1_Goatpox_virus_Sudan_goat:MN072624.1_Goatpox_virus_Sudan_goat_> (length 786)
../../../CURRENT/PANGROWTH/SEQS/MN072624.1_Goatpox_virus_Sudan_goat_PROKKA/MN072624.1_Goatpox_virus_Sudan_goat:MN072624.1_Goatpox_virus_Sudan_goat_> (length 635)
../../../CURRENT/PANGROWTH/SEQS/MN072624.1_Goatpox_virus_Sudan_goat_PROKKA/MN072624.1_Goatpox_virus_Sudan_goat:MN072624.1_Goatpox_virus_Sudan_goat_> (length 163)
../../../CURRENT/PANGROWTH/SEQS/MN072624.1_Goatpox_virus_Sudan_goat_PROKKA/MN072624.1_Goatpox_virus_Sudan_goat:MN072624.1_Goatpox_virus_Sudan_goat_> (length 213)
../../../CURRENT/PANGROWTH/SEQS/MN072624.1_Goatpox_virus_Sudan_goat_PROKKA/MN072624.1_Goatpox_virus_Sudan_goat:MN072624.1_Goatpox_virus_Sudan_goat_> (length 253)
../../../CURRENT/PANGROWTH/SEQS/MN072624.1_Goatpox_virus_Sudan_goat_PROKKA/MN072624.1_Goatpox_virus_Sudan_goat:MN072624.1_Goatpox_virus_Sudan_goat_> (length 635)
../../../CURRENT/PANGROWTH/SEQS/MN072624.1_Goatpox_virus_Sudan_goat_PROKKA/MN072624.1_Goatpox_virus_Sudan_goat:MN072624.1_Goatpox_virus_Sudan_goat_> (length 287)
../../../CURRENT/PANGROWTH/SEQS/MN072624.1_Goatpox_virus_Sudan_goat_PROKKA/MN072624.1_Goatpox_virus_Sudan_goat:MN072624.1_Goatpox_virus_Sudan_goat_> (length 549)
../../../CURRENT/PANGROWTH/SEQS/MN072624.1_Goatpox_virus_Sudan_goat_PROKKA/MN072624.1_Goatpox_virus_Sudan_goat:MN072624.1_Goatpox_virus_Sudan_goat_> (length 150)
../../../CURRENT/PANGROWTH/SEQS/MN072624.1_Goatpox_virus_Sudan_goat_PROKKA/MN072624.1_Goatpox_virus_Sudan_goat:MN072624.1_Goatpox_virus_Sudan_goat_> (length 232)
../../../CURRENT/PANGROWTH/SEQS/MN072624.1_Goatpox_virus_Sudan_goat_PROKKA/MN072624.1_Goatpox_virus_Sudan_goat:MN072624.1_Goatpox_virus_Sudan_goat_> (length 75)
../../../CURRENT/PANGROWTH/SEQS/MN072624.1_Goatpox_virus_Sudan_goat_PROKKA/MN072624.1_Goatpox_virus_Sudan_goat:MN072624.1_Goatpox_virus_Sudan_goat_> (length 661)
../../../CURRENT/PANGROWTH/SEQS/MN072624.1_Goatpox_virus_Sudan_goat_PROKKA/MN072624.1_Goatpox_virus_Sudan_goat:MN072624.1_Goatpox_virus_Sudan_goat_> (length 161)
../../../CURRENT/PANGROWTH/SEQS/MN072624.1_Goatpox_virus_Sudan_goat_PROKKA/MN072624.1_Goatpox_virus_Sudan_goat:MN072624.1_Goatpox_virus_Sudan_goat_> (length 169)
../../../CURRENT/PANGROWTH/SEQS/MN072624.1_Goatpox_virus_Sudan_goat_PROKKA/MN072624.1_Goatpox_virus_Sudan_goat:MN072624.1_Goatpox_virus_Sudan_goat_> (length 375)
../../../CURRENT/PANGROWTH/SEQS/MN072624.1_Goatpox_virus_Sudan_goat_PROKKA/MN072624.1_Goatpox_virus_Sudan_goat:MN072624.1_Goatpox_virus_Sudan_goat_> (length 714)
../../../CURRENT/PANGROWTH/SEQS/MN072624.1_Goatpox_virus_Sudan_goat_PROKKA/MN072624.1_Goatpox_virus_Sudan_goat:MN072624.1_Goatpox_virus_Sudan_goat_> (length 292)
../../../CURRENT/PANGROWTH/SEQS/MN072624.1_Goatpox_virus_Sudan_goat_PROKKA/MN072624.1_Goatpox_virus_Sudan_goat:MN072624.1_Goatpox_virus_Sudan_goat_> (length 78)
../../../CURRENT/PANGROWTH/SEQS/MN072624.1_Goatpox_virus_Sudan_goat_PROKKA/MN072624.1_Goatpox_virus_Sudan_goat:MN072624.1_Goatpox_virus_Sudan_goat_> (length 904)
../../../CURRENT/PANGROWTH/SEQS/MN072624.1_Goatpox_virus_Sudan_goat_PROKKA/MN072624.1_Goatpox_virus_Sudan_goat:MN072624.1_Goatpox_virus_Sudan_goat_> (length 317)
../../../CURRENT/PANGROWTH/SEQS/MN072624.1_Goatpox_virus_Sudan_goat_PROKKA/MN072624.1_Goatpox_virus_Sudan_goat:MN072624.1_Goatpox_virus_Sudan_goat_> (length 190)
../../../CURRENT/PANGROWTH/SEQS/MN072624.1_Goatpox_virus_Sudan_goat_PROKKA/MN072624.1_Goatpox_virus_Sudan_goat:MN072624.1_Goatpox_virus_Sudan_goat_> (length 67)
../../../CURRENT/PANGROWTH/SEQS/MN072624.1_Goatpox_virus_Sudan_goat_PROKKA/MN072624.1_Goatpox_virus_Sudan_goat:MN072624.1_Goatpox_virus_Sudan_goat_> (length 95)
../../../CURRENT/PANGROWTH/SEQS/MN072624.1_Goatpox_virus_Sudan_goat_PROKKA/MN072624.1_Goatpox_virus_Sudan_goat:MN072624.1_Goatpox_virus_Sudan_goat_> (length 95)
../../../CURRENT/PANGROWTH/SEQS/MN072624.1_Goatpox_virus_Sudan_goat_PROKKA/MN072624.1_Goatpox_virus_Sudan_goat:MN072624.1_Goatpox_virus_Sudan_goat_> (length 377)
../../../CURRENT/PANGROWTH/SEQS/MN072624.1_Goatpox_virus_Sudan_goat_PROKKA/MN072624.1_Goatpox_virus_Sudan_goat:MN072624.1_Goatpox_virus_Sudan_goat_> (length 193)
../../../CURRENT/PANGROWTH/SEQS/MN072624.1_Goatpox_virus_Sudan_goat_PROKKA/MN072624.1_Goatpox_virus_Sudan_goat:MN072624.1_Goatpox_virus_Sudan_goat_> (length 480)
../../../CURRENT/PANGROWTH/SEQS/MN072624.1_Goatpox_virus_Sudan_goat_PROKKA/MN072624.1_Goatpox_virus_Sudan_goat:MN072624.1_Goatpox_virus_Sudan_goat_> (length 74)
../../../CURRENT/PANGROWTH/SEQS/MN072624.1_Goatpox_virus_Sudan_goat_PROKKA/MN072624.1_Goatpox_virus_Sudan_goat:MN072624.1_Goatpox_virus_Sudan_goat_> (length 52)
../../../CURRENT/PANGROWTH/SEQS/MN072624.1_Goatpox_virus_Sudan_goat_PROKKA/MN072624.1_Goatpox_virus_Sudan_goat:MN072624.1_Goatpox_virus_Sudan_goat_> (length 430)
../../../CURRENT/PANGROWTH/SEQS/MN072624.1_Goatpox_virus_Sudan_goat_PROKKA/MN072624.1_Goatpox_virus_Sudan_goat:MN072624.1_Goatpox_virus_Sudan_goat_> (length 166)
../../../CURRENT/PANGROWTH/SEQS/MN072624.1_Goatpox_virus_Sudan_goat_PROKKA/MN072624.1_Goatpox_virus_Sudan_goat:MN072624.1_Goatpox_virus_Sudan_goat_> (length 385)
../../../CURRENT/PANGROWTH/SEQS/MN072624.1_Goatpox_virus_Sudan_goat_PROKKA/MN072624.1_Goatpox_virus_Sudan_goat:MN072624.1_Goatpox_virus_Sudan_goat_> (length 1156)
../../../CURRENT/PANGROWTH/SEQS/MN072624.1_Goatpox_virus_Sudan_goat_PROKKA/MN072624.1_Goatpox_virus_Sudan_goat:MN072624.1_Goatpox_virus_Sudan_goat_> (length 148)
../../../CURRENT/PANGROWTH/SEQS/MN072624.1_Goatpox_virus_Sudan_goat_PROKKA/MN072624.1_Goatpox_virus_Sudan_goat:MN072624.1_Goatpox_virus_Sudan_goat_> (length 140)
../../../CURRENT/PANGROWTH/SEQS/MN072624.1_Goatpox_virus_Sudan_goat_PROKKA/MN072624.1_Goatpox_virus_Sudan_goat:MN072624.1_Goatpox_virus_Sudan_goat_> (length 303)
../../../CURRENT/PANGROWTH/SEQS/MN072624.1_Goatpox_virus_Sudan_goat_PROKKA/MN072624.1_Goatpox_virus_Sudan_goat:MN072624.1_Goatpox_virus_Sudan_goat_> (length 74)
../../../CURRENT/PANGROWTH/SEQS/MN072624.1_Goatpox_virus_Sudan_goat_PROKKA/MN072624.1_Goatpox_virus_Sudan_goat:MN072624.1_Goatpox_virus_Sudan_goat_> (length 41)
../../../CURRENT/PANGROWTH/SEQS/MN072624.1_Goatpox_virus_Sudan_goat_PROKKA/MN072624.1_Goatpox_virus_Sudan_goat:MN072624.1_Goatpox_virus_Sudan_goat_> (length 253)
../../../CURRENT/PANGROWTH/SEQS/MN072624.1_Goatpox_virus_Sudan_goat_PROKKA/MN072624.1_Goatpox_virus_Sudan_goat:MN072624.1_Goatpox_virus_Sudan_goat_> (length 198)
../../../CURRENT/PANGROWTH/SEQS/MN072624.1_Goatpox_virus_Sudan_goat_PROKKA/MN072624.1_Goatpox_virus_Sudan_goat:MN072624.1_Goatpox_virus_Sudan_goat_> (length 171)
../../../CURRENT/PANGROWTH/SEQS/MN072624.1_Goatpox_virus_Sudan_goat_PROKKA/MN072624.1_Goatpox_virus_Sudan_goat:MN072624.1_Goatpox_virus_Sudan_goat_> (length 191)
../../../CURRENT/PANGROWTH/SEQS/MN072624.1_Goatpox_virus_Sudan_goat_PROKKA/MN072624.1_Goatpox_virus_Sudan_goat:MN072624.1_Goatpox_virus_Sudan_goat_> (length 288)
../../../CURRENT/PANGROWTH/SEQS/MN072624.1_Goatpox_virus_Sudan_goat_PROKKA/MN072624.1_Goatpox_virus_Sudan_goat:MN072624.1_Goatpox_virus_Sudan_goat_> (length 172)
../../../CURRENT/PANGROWTH/SEQS/MN072624.1_Goatpox_virus_Sudan_goat_PROKKA/MN072624.1_Goatpox_virus_Sudan_goat:MN072624.1_Goatpox_virus_Sudan_goat_> (length 273)
../../../CURRENT/PANGROWTH/SEQS/MN072624.1_Goatpox_virus_Sudan_goat_PROKKA/MN072624.1_Goatpox_virus_Sudan_goat:MN072624.1_Goatpox_virus_Sudan_goat_> (length 301)
../../../CURRENT/PANGROWTH/SEQS/MN072624.1_Goatpox_virus_Sudan_goat_PROKKA/MN072624.1_Goatpox_virus_Sudan_goat:MN072624.1_Goatpox_virus_Sudan_goat_> (length 116)
../../../CURRENT/PANGROWTH/SEQS/MN072624.1_Goatpox_virus_Sudan_goat_PROKKA/MN072624.1_Goatpox_virus_Sudan_goat:MN072624.1_Goatpox_virus_Sudan_goat_> (length 81)
../../../CURRENT/PANGROWTH/SEQS/MN072624.1_Goatpox_virus_Sudan_goat_PROKKA/MN072624.1_Goatpox_virus_Sudan_goat:MN072624.1_Goatpox_virus_Sudan_goat_> (length 161)
../../../CURRENT/PANGROWTH/SEQS/MN072624.1_Goatpox_virus_Sudan_goat_PROKKA/MN072624.1_Goatpox_virus_Sudan_goat:MN072624.1_Goatpox_virus_Sudan_goat_> (length 554)
../../../CURRENT/PANGROWTH/SEQS/MN072624.1_Goatpox_virus_Sudan_goat_PROKKA/MN072624.1_Goatpox_virus_Sudan_goat:MN072624.1_Goatpox_virus_Sudan_goat_> (length 2024)
../../../CURRENT/PANGROWTH/SEQS/MN072624.1_Goatpox_virus_Sudan_goat_PROKKA/MN072624.1_Goatpox_virus_Sudan_goat:MN072624.1_Goatpox_virus_Sudan_goat_> (length 361)
../../../CURRENT/PANGROWTH/SEQS/MN072624.1_Goatpox_virus_Sudan_goat_PROKKA/MN072624.1_Goatpox_virus_Sudan_goat:MN072624.1_Goatpox_virus_Sudan_goat_> (length 153)
../../../CURRENT/PANGROWTH/SEQS/MN072624.1_Goatpox_virus_Sudan_goat_PROKKA/MN072624.1_Goatpox_virus_Sudan_goat:MN072624.1_Goatpox_virus_Sudan_goat_> (length 335)
../../../CURRENT/PANGROWTH/SEQS/MN072624.1_Goatpox_virus_Sudan_goat_PROKKA/MN072624.1_Goatpox_virus_Sudan_goat:MN072624.1_Goatpox_virus_Sudan_goat_> (length 195)
../../../CURRENT/PANGROWTH/SEQS/MN072624.1_Goatpox_virus_Sudan_goat_PROKKA/MN072624.1_Goatpox_virus_Sudan_goat:MN072624.1_Goatpox_virus_Sudan_goat_> (length 305)
../../../CURRENT/PANGROWTH/SEQS/MN072624.1_Goatpox_virus_Sudan_goat_PROKKA/MN072624.1_Goatpox_virus_Sudan_goat:MN072624.1_Goatpox_virus_Sudan_goat_> (length 240)
../../../CURRENT/PANGROWTH/SEQS/MN072624.1_Goatpox_virus_Sudan_goat_PROKKA/MN072624.1_Goatpox_virus_Sudan_goat:MN072624.1_Goatpox_virus_Sudan_goat_> (length 225)
../../../CURRENT/PANGROWTH/SEQS/MN072624.1_Goatpox_virus_Sudan_goat_PROKKA/MN072624.1_Goatpox_virus_Sudan_goat:MN072624.1_Goatpox_virus_Sudan_goat_> (length 135)
../../../CURRENT/PANGROWTH/SEQS/MN072624.1_Goatpox_virus_Sudan_goat_PROKKA/MN072624.1_Goatpox_virus_Sudan_goat:MN072624.1_Goatpox_virus_Sudan_goat_> (length 302)
../../../CURRENT/PANGROWTH/SEQS/MN072624.1_Goatpox_virus_Sudan_goat_PROKKA/MN072624.1_Goatpox_virus_Sudan_goat:MN072624.1_Goatpox_virus_Sudan_goat_> (length 547)
../../../CURRENT/PANGROWTH/SEQS/MN072624.1_Goatpox_virus_Sudan_goat_PROKKA/MN072624.1_Goatpox_virus_Sudan_goat:MN072624.1_Goatpox_virus_Sudan_goat_> (length 634)
../../../CURRENT/PANGROWTH/SEQS/MN072624.1_Goatpox_virus_Sudan_goat_PROKKA/MN072624.1_Goatpox_virus_Sudan_goat:MN072624.1_Goatpox_virus_Sudan_goat_> (length 412)
../../../CURRENT/PANGROWTH/SEQS/MN072624.1_Goatpox_virus_Sudan_goat_PROKKA/MN072624.1_Goatpox_virus_Sudan_goat:MN072624.1_Goatpox_virus_Sudan_goat_> (length 498)
../../../CURRENT/PANGROWTH/SEQS/MN072624.1_Goatpox_virus_Sudan_goat_PROKKA/MN072624.1_Goatpox_virus_Sudan_goat:MN072624.1_Goatpox_virus_Sudan_goat_> (length 447)
../../../CURRENT/PANGROWTH/SEQS/MN072624.1_Goatpox_virus_Sudan_goat_PROKKA/MN072624.1_Goatpox_virus_Sudan_goat:MN072624.1_Goatpox_virus_Sudan_goat_> (length 337)
../../../CURRENT/PANGROWTH/SEQS/MN072624.1_Goatpox_virus_Sudan_goat_PROKKA/MN072624.1_Goatpox_virus_Sudan_goat:MN072624.1_Goatpox_virus_Sudan_goat_> (length 161)
../../../CURRENT/PANGROWTH/SEQS/MN072624.1_Goatpox_virus_Sudan_goat_PROKKA/MN072624.1_Goatpox_virus_Sudan_goat:MN072624.1_Goatpox_virus_Sudan_goat_> (length 552)
../../../CURRENT/PANGROWTH/SEQS/MN072624.1_Goatpox_virus_Sudan_goat_PROKKA/MN072624.1_Goatpox_virus_Sudan_goat:MN072624.1_Goatpox_virus_Sudan_goat_> (length 448)
../../../CURRENT/PANGROWTH/SEQS/MN072624.1_Goatpox_virus_Sudan_goat_PROKKA/MN072624.1_Goatpox_virus_Sudan_goat:MN072624.1_Goatpox_virus_Sudan_goat_> (length 73)
../../../CURRENT/PANGROWTH/SEQS/MN072624.1_Goatpox_virus_Sudan_goat_PROKKA/MN072624.1_Goatpox_virus_Sudan_goat:MN072624.1_Goatpox_virus_Sudan_goat_> (length 240)

DiscRep_ALL:DISC_SOURCE_QUALS_ASNDISC::strain (all present, all unique)
DiscRep_SUB:DISC_SOURCE_QUALS_ASNDISC::1 sources have unique values for strain
DiscRep_ALL:DISC_SOURCE_QUALS_ASNDISC::taxname (all present, all unique)
DiscRep_SUB:DISC_SOURCE_QUALS_ASNDISC::1 sources have unique values for taxname
DiscRep_ALL:DISC_FEATURE_COUNT::CDS: 150 present
DiscRep_ALL:DISC_COUNT_NUCLEOTIDES::1 nucleotide Bioseqs are present
../../../CURRENT/PANGROWTH/SEQS/MN072624.1_Goatpox_virus_Sudan_goat_PROKKA/MN072624.1_Goatpox_virus_Sudan_goat:MN072624.1_Goatpox_virus_Sudan_goat (length 150347, 2001 gap)

DiscRep_ALL:FEATURE_LOCATION_CONFLICT::150 features have inconsistent gene locations.
DiscRep_SUB:FEATURE_LOCATION_CONFLICT::Coding region xref gene does not exist
../../../CURRENT/PANGROWTH/SEQS/MN072624.1_Goatpox_virus_Sudan_goat_PROKKA/MN072624.1_Goatpox_virus_Sudan_goat:CDS	hypothetical protein	MN072624.1_Goatpox_virus_Sudan_goat:c2060-1338	AAMCOKHH_00001

DiscRep_SUB:FEATURE_LOCATION_CONFLICT::Coding region xref gene does not exist
../../../CURRENT/PANGROWTH/SEQS/MN072624.1_Goatpox_virus_Sudan_goat_PROKKA/MN072624.1_Goatpox_virus_Sudan_goat:CDS	hypothetical protein	MN072624.1_Goatpox_virus_Sudan_goat:c2269-2048	AAMCOKHH_00002

DiscRep_SUB:FEATURE_LOCATION_CONFLICT::Coding region xref gene does not exist
../../../CURRENT/PANGROWTH/SEQS/MN072624.1_Goatpox_virus_Sudan_goat_PROKKA/MN072624.1_Goatpox_virus_Sudan_goat:CDS	Viral interleukin-10	MN072624.1_Goatpox_virus_Sudan_goat:2336-2848	AAMCOKHH_00003

DiscRep_SUB:FEATURE_LOCATION_CONFLICT::Coding region xref gene does not exist
../../../CURRENT/PANGROWTH/SEQS/MN072624.1_Goatpox_virus_Sudan_goat_PROKKA/MN072624.1_Goatpox_virus_Sudan_goat:CDS	hypothetical protein	MN072624.1_Goatpox_virus_Sudan_goat:c3554-2859	AAMCOKHH_00004

DiscRep_SUB:FEATURE_LOCATION_CONFLICT::Coding region xref gene does not exist
../../../CURRENT/PANGROWTH/SEQS/MN072624.1_Goatpox_virus_Sudan_goat_PROKKA/MN072624.1_Goatpox_virus_Sudan_goat:CDS	hypothetical protein	MN072624.1_Goatpox_virus_Sudan_goat:c4643-3576	AAMCOKHH_00005

DiscRep_SUB:FEATURE_LOCATION_CONFLICT::Coding region xref gene does not exist
../../../CURRENT/PANGROWTH/SEQS/MN072624.1_Goatpox_virus_Sudan_goat_PROKKA/MN072624.1_Goatpox_virus_Sudan_goat:CDS	Soluble interferon gamma receptor B8	MN072624.1_Goatpox_virus_Sudan_goat:c5556-4729	AAMCOKHH_00006

DiscRep_SUB:FEATURE_LOCATION_CONFLICT::Coding region xref gene does not exist
../../../CURRENT/PANGROWTH/SEQS/MN072624.1_Goatpox_virus_Sudan_goat_PROKKA/MN072624.1_Goatpox_virus_Sudan_goat:CDS	hypothetical protein	MN072624.1_Goatpox_virus_Sudan_goat:c6766-6278	AAMCOKHH_00007

DiscRep_SUB:FEATURE_LOCATION_CONFLICT::Coding region xref gene does not exist
../../../CURRENT/PANGROWTH/SEQS/MN072624.1_Goatpox_virus_Sudan_goat_PROKKA/MN072624.1_Goatpox_virus_Sudan_goat:CDS	hypothetical protein	MN072624.1_Goatpox_virus_Sudan_goat:c7959-6814	AAMCOKHH_00008

DiscRep_SUB:FEATURE_LOCATION_CONFLICT::Coding region xref gene does not exist
../../../CURRENT/PANGROWTH/SEQS/MN072624.1_Goatpox_virus_Sudan_goat_PROKKA/MN072624.1_Goatpox_virus_Sudan_goat:CDS	hypothetical protein	MN072624.1_Goatpox_virus_Sudan_goat:c8698-8063	AAMCOKHH_00009

DiscRep_SUB:FEATURE_LOCATION_CONFLICT::Coding region xref gene does not exist
../../../CURRENT/PANGROWTH/SEQS/MN072624.1_Goatpox_virus_Sudan_goat_PROKKA/MN072624.1_Goatpox_virus_Sudan_goat:CDS	Protein K3	MN072624.1_Goatpox_virus_Sudan_goat:c10070-9801	AAMCOKHH_00010

DiscRep_SUB:FEATURE_LOCATION_CONFLICT::Coding region xref gene does not exist
../../../CURRENT/PANGROWTH/SEQS/MN072624.1_Goatpox_virus_Sudan_goat_PROKKA/MN072624.1_Goatpox_virus_Sudan_goat:CDS	hypothetical protein	MN072624.1_Goatpox_virus_Sudan_goat:c10542-10057	AAMCOKHH_00011

DiscRep_SUB:FEATURE_LOCATION_CONFLICT::Coding region xref gene does not exist
../../../CURRENT/PANGROWTH/SEQS/MN072624.1_Goatpox_virus_Sudan_goat_PROKKA/MN072624.1_Goatpox_virus_Sudan_goat:CDS	hypothetical protein	MN072624.1_Goatpox_virus_Sudan_goat:c10849-10547	AAMCOKHH_00012

DiscRep_SUB:FEATURE_LOCATION_CONFLICT::Coding region xref gene does not exist
../../../CURRENT/PANGROWTH/SEQS/MN072624.1_Goatpox_virus_Sudan_goat_PROKKA/MN072624.1_Goatpox_virus_Sudan_goat:CDS	hypothetical protein	MN072624.1_Goatpox_virus_Sudan_goat:c11370-10840	AAMCOKHH_00013

DiscRep_SUB:FEATURE_LOCATION_CONFLICT::Coding region xref gene does not exist
../../../CURRENT/PANGROWTH/SEQS/MN072624.1_Goatpox_virus_Sudan_goat_PROKKA/MN072624.1_Goatpox_virus_Sudan_goat:CDS	Deoxyuridine 5'-triphosphate nucleotidohydrolase	MN072624.1_Goatpox_virus_Sudan_goat:c11849-11409	AAMCOKHH_00014

DiscRep_SUB:FEATURE_LOCATION_CONFLICT::Coding region xref gene does not exist
../../../CURRENT/PANGROWTH/SEQS/MN072624.1_Goatpox_virus_Sudan_goat_PROKKA/MN072624.1_Goatpox_virus_Sudan_goat:CDS	Kelch repeat protein F3	MN072624.1_Goatpox_virus_Sudan_goat:c13577-11889	AAMCOKHH_00015

DiscRep_SUB:FEATURE_LOCATION_CONFLICT::Coding region xref gene does not exist
../../../CURRENT/PANGROWTH/SEQS/MN072624.1_Goatpox_virus_Sudan_goat_PROKKA/MN072624.1_Goatpox_virus_Sudan_goat:CDS	Ribonucleoside-diphosphate reductase small chain	MN072624.1_Goatpox_virus_Sudan_goat:c14607-13642	AAMCOKHH_00016

DiscRep_SUB:FEATURE_LOCATION_CONFLICT::Coding region xref gene does not exist
../../../CURRENT/PANGROWTH/SEQS/MN072624.1_Goatpox_virus_Sudan_goat_PROKKA/MN072624.1_Goatpox_virus_Sudan_goat:CDS	hypothetical protein	MN072624.1_Goatpox_virus_Sudan_goat:c14743-14648	AAMCOKHH_00017

DiscRep_SUB:FEATURE_LOCATION_CONFLICT::Coding region xref gene does not exist
../../../CURRENT/PANGROWTH/SEQS/MN072624.1_Goatpox_virus_Sudan_goat_PROKKA/MN072624.1_Goatpox_virus_Sudan_goat:CDS	hypothetical protein	MN072624.1_Goatpox_virus_Sudan_goat:c15273-14953	AAMCOKHH_00018

DiscRep_SUB:FEATURE_LOCATION_CONFLICT::Coding region xref gene does not exist
../../../CURRENT/PANGROWTH/SEQS/MN072624.1_Goatpox_virus_Sudan_goat_PROKKA/MN072624.1_Goatpox_virus_Sudan_goat:CDS	hypothetical protein	MN072624.1_Goatpox_virus_Sudan_goat:c15697-15479	AAMCOKHH_00019

DiscRep_SUB:FEATURE_LOCATION_CONFLICT::Coding region xref gene does not exist
../../../CURRENT/PANGROWTH/SEQS/MN072624.1_Goatpox_virus_Sudan_goat_PROKKA/MN072624.1_Goatpox_virus_Sudan_goat:CDS	Protein F9	MN072624.1_Goatpox_virus_Sudan_goat:c16429-15779	AAMCOKHH_00020

DiscRep_SUB:FEATURE_LOCATION_CONFLICT::Coding region xref gene does not exist
../../../CURRENT/PANGROWTH/SEQS/MN072624.1_Goatpox_virus_Sudan_goat_PROKKA/MN072624.1_Goatpox_virus_Sudan_goat:CDS	Serine/threonine-protein kinase 2	MN072624.1_Goatpox_virus_Sudan_goat:c17750-16407	AAMCOKHH_00021

DiscRep_SUB:FEATURE_LOCATION_CONFLICT::Coding region xref gene does not exist
../../../CURRENT/PANGROWTH/SEQS/MN072624.1_Goatpox_virus_Sudan_goat_PROKKA/MN072624.1_Goatpox_virus_Sudan_goat:CDS	hypothetical protein	MN072624.1_Goatpox_virus_Sudan_goat:c18020-17871	AAMCOKHH_00022

DiscRep_SUB:FEATURE_LOCATION_CONFLICT::Coding region xref gene does not exist
../../../CURRENT/PANGROWTH/SEQS/MN072624.1_Goatpox_virus_Sudan_goat_PROKKA/MN072624.1_Goatpox_virus_Sudan_goat:CDS	hypothetical protein	MN072624.1_Goatpox_virus_Sudan_goat:c18680-18498	AAMCOKHH_00023

DiscRep_SUB:FEATURE_LOCATION_CONFLICT::Coding region xref gene does not exist
../../../CURRENT/PANGROWTH/SEQS/MN072624.1_Goatpox_virus_Sudan_goat_PROKKA/MN072624.1_Goatpox_virus_Sudan_goat:CDS	Protein F12	MN072624.1_Goatpox_virus_Sudan_goat:c20608-18689	AAMCOKHH_00024

DiscRep_SUB:FEATURE_LOCATION_CONFLICT::Coding region xref gene does not exist
../../../CURRENT/PANGROWTH/SEQS/MN072624.1_Goatpox_virus_Sudan_goat_PROKKA/MN072624.1_Goatpox_virus_Sudan_goat:CDS	Envelope phospholipase F13	MN072624.1_Goatpox_virus_Sudan_goat:c21727-20615	AAMCOKHH_00025

DiscRep_SUB:FEATURE_LOCATION_CONFLICT::Coding region xref gene does not exist
../../../CURRENT/PANGROWTH/SEQS/MN072624.1_Goatpox_virus_Sudan_goat_PROKKA/MN072624.1_Goatpox_virus_Sudan_goat:CDS	hypothetical protein	MN072624.1_Goatpox_virus_Sudan_goat:c21899-21753	AAMCOKHH_00026

DiscRep_SUB:FEATURE_LOCATION_CONFLICT::Coding region xref gene does not exist
../../../CURRENT/PANGROWTH/SEQS/MN072624.1_Goatpox_virus_Sudan_goat_PROKKA/MN072624.1_Goatpox_virus_Sudan_goat:CDS	hypothetical protein	MN072624.1_Goatpox_virus_Sudan_goat:c22365-21928	AAMCOKHH_00027

DiscRep_SUB:FEATURE_LOCATION_CONFLICT::Coding region xref gene does not exist
../../../CURRENT/PANGROWTH/SEQS/MN072624.1_Goatpox_virus_Sudan_goat_PROKKA/MN072624.1_Goatpox_virus_Sudan_goat:CDS	hypothetical protein	MN072624.1_Goatpox_virus_Sudan_goat:c23098-22439	AAMCOKHH_00028

DiscRep_SUB:FEATURE_LOCATION_CONFLICT::Coding region xref gene does not exist
../../../CURRENT/PANGROWTH/SEQS/MN072624.1_Goatpox_virus_Sudan_goat_PROKKA/MN072624.1_Goatpox_virus_Sudan_goat:CDS	Phosphoprotein F17	MN072624.1_Goatpox_virus_Sudan_goat:23174-23488	AAMCOKHH_00029

DiscRep_SUB:FEATURE_LOCATION_CONFLICT::Coding region xref gene does not exist
../../../CURRENT/PANGROWTH/SEQS/MN072624.1_Goatpox_virus_Sudan_goat_PROKKA/MN072624.1_Goatpox_virus_Sudan_goat:CDS	Poly(A) polymerase catalytic subunit	MN072624.1_Goatpox_virus_Sudan_goat:c24916-23492	AAMCOKHH_00030

DiscRep_SUB:FEATURE_LOCATION_CONFLICT::Coding region xref gene does not exist
../../../CURRENT/PANGROWTH/SEQS/MN072624.1_Goatpox_virus_Sudan_goat_PROKKA/MN072624.1_Goatpox_virus_Sudan_goat:CDS	Protein E2	MN072624.1_Goatpox_virus_Sudan_goat:c27120-24913	AAMCOKHH_00031

DiscRep_SUB:FEATURE_LOCATION_CONFLICT::Coding region xref gene does not exist
../../../CURRENT/PANGROWTH/SEQS/MN072624.1_Goatpox_virus_Sudan_goat_PROKKA/MN072624.1_Goatpox_virus_Sudan_goat:CDS	Protein E3	MN072624.1_Goatpox_virus_Sudan_goat:c27665-27132	AAMCOKHH_00032

DiscRep_SUB:FEATURE_LOCATION_CONFLICT::Coding region xref gene does not exist
../../../CURRENT/PANGROWTH/SEQS/MN072624.1_Goatpox_virus_Sudan_goat_PROKKA/MN072624.1_Goatpox_virus_Sudan_goat:CDS	hypothetical protein	MN072624.1_Goatpox_virus_Sudan_goat:c28332-27727	AAMCOKHH_00033

DiscRep_SUB:FEATURE_LOCATION_CONFLICT::Coding region xref gene does not exist
../../../CURRENT/PANGROWTH/SEQS/MN072624.1_Goatpox_virus_Sudan_goat_PROKKA/MN072624.1_Goatpox_virus_Sudan_goat:CDS	hypothetical protein	MN072624.1_Goatpox_virus_Sudan_goat:28414-29547	AAMCOKHH_00034

DiscRep_SUB:FEATURE_LOCATION_CONFLICT::Coding region xref gene does not exist
../../../CURRENT/PANGROWTH/SEQS/MN072624.1_Goatpox_virus_Sudan_goat_PROKKA/MN072624.1_Goatpox_virus_Sudan_goat:CDS	Protein E6	MN072624.1_Goatpox_virus_Sudan_goat:29559-31259	AAMCOKHH_00035

DiscRep_SUB:FEATURE_LOCATION_CONFLICT::Coding region xref gene does not exist
../../../CURRENT/PANGROWTH/SEQS/MN072624.1_Goatpox_virus_Sudan_goat_PROKKA/MN072624.1_Goatpox_virus_Sudan_goat:CDS	Protein E8	MN072624.1_Goatpox_virus_Sudan_goat:31269-32066	AAMCOKHH_00036

DiscRep_SUB:FEATURE_LOCATION_CONFLICT::Coding region xref gene does not exist
../../../CURRENT/PANGROWTH/SEQS/MN072624.1_Goatpox_virus_Sudan_goat_PROKKA/MN072624.1_Goatpox_virus_Sudan_goat:CDS	DNA polymerase	MN072624.1_Goatpox_virus_Sudan_goat:c35095-32063	AAMCOKHH_00037

DiscRep_SUB:FEATURE_LOCATION_CONFLICT::Coding region xref gene does not exist
../../../CURRENT/PANGROWTH/SEQS/MN072624.1_Goatpox_virus_Sudan_goat_PROKKA/MN072624.1_Goatpox_virus_Sudan_goat:CDS	putative FAD-linked sulfhydryl oxidase E10	MN072624.1_Goatpox_virus_Sudan_goat:35129-35416	AAMCOKHH_00038

DiscRep_SUB:FEATURE_LOCATION_CONFLICT::Coding region xref gene does not exist
../../../CURRENT/PANGROWTH/SEQS/MN072624.1_Goatpox_virus_Sudan_goat_PROKKA/MN072624.1_Goatpox_virus_Sudan_goat:CDS	Protein E11	MN072624.1_Goatpox_virus_Sudan_goat:c35805-35413	AAMCOKHH_00039

DiscRep_SUB:FEATURE_LOCATION_CONFLICT::Coding region xref gene does not exist
../../../CURRENT/PANGROWTH/SEQS/MN072624.1_Goatpox_virus_Sudan_goat_PROKKA/MN072624.1_Goatpox_virus_Sudan_goat:CDS	hypothetical protein	MN072624.1_Goatpox_virus_Sudan_goat:c37843-35792	AAMCOKHH_00040

DiscRep_SUB:FEATURE_LOCATION_CONFLICT::Coding region xref gene does not exist
../../../CURRENT/PANGROWTH/SEQS/MN072624.1_Goatpox_virus_Sudan_goat_PROKKA/MN072624.1_Goatpox_virus_Sudan_goat:CDS	Telomere-binding protein I1	MN072624.1_Goatpox_virus_Sudan_goat:c38902-37958	AAMCOKHH_00041

DiscRep_SUB:FEATURE_LOCATION_CONFLICT::Coding region xref gene does not exist
../../../CURRENT/PANGROWTH/SEQS/MN072624.1_Goatpox_virus_Sudan_goat_PROKKA/MN072624.1_Goatpox_virus_Sudan_goat:CDS	hypothetical protein	MN072624.1_Goatpox_virus_Sudan_goat:c39124-38909	AAMCOKHH_00042

DiscRep_SUB:FEATURE_LOCATION_CONFLICT::Coding region xref gene does not exist
../../../CURRENT/PANGROWTH/SEQS/MN072624.1_Goatpox_virus_Sudan_goat_PROKKA/MN072624.1_Goatpox_virus_Sudan_goat:CDS	Protein I3	MN072624.1_Goatpox_virus_Sudan_goat:c39955-39125	AAMCOKHH_00043

DiscRep_SUB:FEATURE_LOCATION_CONFLICT::Coding region xref gene does not exist
../../../CURRENT/PANGROWTH/SEQS/MN072624.1_Goatpox_virus_Sudan_goat_PROKKA/MN072624.1_Goatpox_virus_Sudan_goat:CDS	Protein I5	MN072624.1_Goatpox_virus_Sudan_goat:c40239-40003	AAMCOKHH_00044

DiscRep_SUB:FEATURE_LOCATION_CONFLICT::Coding region xref gene does not exist
../../../CURRENT/PANGROWTH/SEQS/MN072624.1_Goatpox_virus_Sudan_goat_PROKKA/MN072624.1_Goatpox_virus_Sudan_goat:CDS	Telomere-binding protein I6	MN072624.1_Goatpox_virus_Sudan_goat:c41444-40260	AAMCOKHH_00045

DiscRep_SUB:FEATURE_LOCATION_CONFLICT::Coding region xref gene does not exist
../../../CURRENT/PANGROWTH/SEQS/MN072624.1_Goatpox_virus_Sudan_goat_PROKKA/MN072624.1_Goatpox_virus_Sudan_goat:CDS	Core protease I7	MN072624.1_Goatpox_virus_Sudan_goat:c42738-41437	AAMCOKHH_00046

DiscRep_SUB:FEATURE_LOCATION_CONFLICT::Coding region xref gene does not exist
../../../CURRENT/PANGROWTH/SEQS/MN072624.1_Goatpox_virus_Sudan_goat_PROKKA/MN072624.1_Goatpox_virus_Sudan_goat:CDS	RNA helicase NPH-II	MN072624.1_Goatpox_virus_Sudan_goat:42744-44774	AAMCOKHH_00047

DiscRep_SUB:FEATURE_LOCATION_CONFLICT::Coding region xref gene does not exist
../../../CURRENT/PANGROWTH/SEQS/MN072624.1_Goatpox_virus_Sudan_goat_PROKKA/MN072624.1_Goatpox_virus_Sudan_goat:CDS	Metalloendopeptidase G1	MN072624.1_Goatpox_virus_Sudan_goat:c46558-44771	AAMCOKHH_00048

DiscRep_SUB:FEATURE_LOCATION_CONFLICT::Coding region xref gene does not exist
../../../CURRENT/PANGROWTH/SEQS/MN072624.1_Goatpox_virus_Sudan_goat_PROKKA/MN072624.1_Goatpox_virus_Sudan_goat:CDS	Protein G3	MN072624.1_Goatpox_virus_Sudan_goat:c46800-46555	AAMCOKHH_00049

DiscRep_SUB:FEATURE_LOCATION_CONFLICT::Coding region xref gene does not exist
../../../CURRENT/PANGROWTH/SEQS/MN072624.1_Goatpox_virus_Sudan_goat_PROKKA/MN072624.1_Goatpox_virus_Sudan_goat:CDS	Late transcription elongation factor G2	MN072624.1_Goatpox_virus_Sudan_goat:46881-47549	AAMCOKHH_00050

DiscRep_SUB:FEATURE_LOCATION_CONFLICT::Coding region xref gene does not exist
../../../CURRENT/PANGROWTH/SEQS/MN072624.1_Goatpox_virus_Sudan_goat_PROKKA/MN072624.1_Goatpox_virus_Sudan_goat:CDS	Glutaredoxin-2	MN072624.1_Goatpox_virus_Sudan_goat:c47893-47513	AAMCOKHH_00051

DiscRep_SUB:FEATURE_LOCATION_CONFLICT::Coding region xref gene does not exist
../../../CURRENT/PANGROWTH/SEQS/MN072624.1_Goatpox_virus_Sudan_goat_PROKKA/MN072624.1_Goatpox_virus_Sudan_goat:CDS	Putative nuclease G5	MN072624.1_Goatpox_virus_Sudan_goat:47896-49209	AAMCOKHH_00052

DiscRep_SUB:FEATURE_LOCATION_CONFLICT::Coding region xref gene does not exist
../../../CURRENT/PANGROWTH/SEQS/MN072624.1_Goatpox_virus_Sudan_goat_PROKKA/MN072624.1_Goatpox_virus_Sudan_goat:CDS	DNA-directed RNA polymerase 7 kDa subunit	MN072624.1_Goatpox_virus_Sudan_goat:49210-49401	AAMCOKHH_00053

DiscRep_SUB:FEATURE_LOCATION_CONFLICT::Coding region xref gene does not exist
../../../CURRENT/PANGROWTH/SEQS/MN072624.1_Goatpox_virus_Sudan_goat_PROKKA/MN072624.1_Goatpox_virus_Sudan_goat:CDS	hypothetical protein	MN072624.1_Goatpox_virus_Sudan_goat:49401-49925	AAMCOKHH_00054

DiscRep_SUB:FEATURE_LOCATION_CONFLICT::Coding region xref gene does not exist
../../../CURRENT/PANGROWTH/SEQS/MN072624.1_Goatpox_virus_Sudan_goat_PROKKA/MN072624.1_Goatpox_virus_Sudan_goat:CDS	Assembly protein G7	MN072624.1_Goatpox_virus_Sudan_goat:c51060-49939	AAMCOKHH_00055

DiscRep_SUB:FEATURE_LOCATION_CONFLICT::Coding region xref gene does not exist
../../../CURRENT/PANGROWTH/SEQS/MN072624.1_Goatpox_virus_Sudan_goat_PROKKA/MN072624.1_Goatpox_virus_Sudan_goat:CDS	Late transcription factor 1	MN072624.1_Goatpox_virus_Sudan_goat:51091-51873	AAMCOKHH_00056

DiscRep_SUB:FEATURE_LOCATION_CONFLICT::Coding region xref gene does not exist
../../../CURRENT/PANGROWTH/SEQS/MN072624.1_Goatpox_virus_Sudan_goat_PROKKA/MN072624.1_Goatpox_virus_Sudan_goat:CDS	Myristoylated protein G9	MN072624.1_Goatpox_virus_Sudan_goat:51900-52910	AAMCOKHH_00057

DiscRep_SUB:FEATURE_LOCATION_CONFLICT::Coding region xref gene does not exist
../../../CURRENT/PANGROWTH/SEQS/MN072624.1_Goatpox_virus_Sudan_goat_PROKKA/MN072624.1_Goatpox_virus_Sudan_goat:CDS	Protein L1	MN072624.1_Goatpox_virus_Sudan_goat:52911-53648	AAMCOKHH_00058

DiscRep_SUB:FEATURE_LOCATION_CONFLICT::Coding region xref gene does not exist
../../../CURRENT/PANGROWTH/SEQS/MN072624.1_Goatpox_virus_Sudan_goat_PROKKA/MN072624.1_Goatpox_virus_Sudan_goat:CDS	Protein L2	MN072624.1_Goatpox_virus_Sudan_goat:53679-53957	AAMCOKHH_00059

DiscRep_SUB:FEATURE_LOCATION_CONFLICT::Coding region xref gene does not exist
../../../CURRENT/PANGROWTH/SEQS/MN072624.1_Goatpox_virus_Sudan_goat_PROKKA/MN072624.1_Goatpox_virus_Sudan_goat:CDS	Protein L3	MN072624.1_Goatpox_virus_Sudan_goat:c54923-53967	AAMCOKHH_00060

DiscRep_SUB:FEATURE_LOCATION_CONFLICT::Coding region xref gene does not exist
../../../CURRENT/PANGROWTH/SEQS/MN072624.1_Goatpox_virus_Sudan_goat_PROKKA/MN072624.1_Goatpox_virus_Sudan_goat:CDS	Core protein VP8	MN072624.1_Goatpox_virus_Sudan_goat:54948-55709	AAMCOKHH_00061

DiscRep_SUB:FEATURE_LOCATION_CONFLICT::Coding region xref gene does not exist
../../../CURRENT/PANGROWTH/SEQS/MN072624.1_Goatpox_virus_Sudan_goat_PROKKA/MN072624.1_Goatpox_virus_Sudan_goat:CDS	Protein L5	MN072624.1_Goatpox_virus_Sudan_goat:55725-56120	AAMCOKHH_00062

DiscRep_SUB:FEATURE_LOCATION_CONFLICT::Coding region xref gene does not exist
../../../CURRENT/PANGROWTH/SEQS/MN072624.1_Goatpox_virus_Sudan_goat_PROKKA/MN072624.1_Goatpox_virus_Sudan_goat:CDS	Protein J1	MN072624.1_Goatpox_virus_Sudan_goat:56077-56520	AAMCOKHH_00063

DiscRep_SUB:FEATURE_LOCATION_CONFLICT::Coding region xref gene does not exist
../../../CURRENT/PANGROWTH/SEQS/MN072624.1_Goatpox_virus_Sudan_goat_PROKKA/MN072624.1_Goatpox_virus_Sudan_goat:CDS	Thymidine kinase	MN072624.1_Goatpox_virus_Sudan_goat:56547-57080	AAMCOKHH_00064

DiscRep_SUB:FEATURE_LOCATION_CONFLICT::Coding region xref gene does not exist
../../../CURRENT/PANGROWTH/SEQS/MN072624.1_Goatpox_virus_Sudan_goat_PROKKA/MN072624.1_Goatpox_virus_Sudan_goat:CDS	hypothetical protein	MN072624.1_Goatpox_virus_Sudan_goat:57153-57746	AAMCOKHH_00065

DiscRep_SUB:FEATURE_LOCATION_CONFLICT::Coding region xref gene does not exist
../../../CURRENT/PANGROWTH/SEQS/MN072624.1_Goatpox_virus_Sudan_goat_PROKKA/MN072624.1_Goatpox_virus_Sudan_goat:CDS	Cap-specific mRNA (nucleoside-2'-O-)-methyltransferase	MN072624.1_Goatpox_virus_Sudan_goat:57807-58808	AAMCOKHH_00066

DiscRep_SUB:FEATURE_LOCATION_CONFLICT::Coding region xref gene does not exist
../../../CURRENT/PANGROWTH/SEQS/MN072624.1_Goatpox_virus_Sudan_goat_PROKKA/MN072624.1_Goatpox_virus_Sudan_goat:CDS	Protein J5	MN072624.1_Goatpox_virus_Sudan_goat:c59687-59286	AAMCOKHH_00067

DiscRep_SUB:FEATURE_LOCATION_CONFLICT::Coding region xref gene does not exist
../../../CURRENT/PANGROWTH/SEQS/MN072624.1_Goatpox_virus_Sudan_goat_PROKKA/MN072624.1_Goatpox_virus_Sudan_goat:CDS	hypothetical protein	MN072624.1_Goatpox_virus_Sudan_goat:59776-63633	AAMCOKHH_00068

DiscRep_SUB:FEATURE_LOCATION_CONFLICT::Coding region xref gene does not exist
../../../CURRENT/PANGROWTH/SEQS/MN072624.1_Goatpox_virus_Sudan_goat_PROKKA/MN072624.1_Goatpox_virus_Sudan_goat:CDS	putative dual specificity protein phosphatase H1	MN072624.1_Goatpox_virus_Sudan_goat:c64153-63638	AAMCOKHH_00069

DiscRep_SUB:FEATURE_LOCATION_CONFLICT::Coding region xref gene does not exist
../../../CURRENT/PANGROWTH/SEQS/MN072624.1_Goatpox_virus_Sudan_goat_PROKKA/MN072624.1_Goatpox_virus_Sudan_goat:CDS	Protein H2	MN072624.1_Goatpox_virus_Sudan_goat:64169-64741	AAMCOKHH_00070

DiscRep_SUB:FEATURE_LOCATION_CONFLICT::Coding region xref gene does not exist
../../../CURRENT/PANGROWTH/SEQS/MN072624.1_Goatpox_virus_Sudan_goat_PROKKA/MN072624.1_Goatpox_virus_Sudan_goat:CDS	Envelope protein H3	MN072624.1_Goatpox_virus_Sudan_goat:c65706-64738	AAMCOKHH_00071

DiscRep_SUB:FEATURE_LOCATION_CONFLICT::Coding region xref gene does not exist
../../../CURRENT/PANGROWTH/SEQS/MN072624.1_Goatpox_virus_Sudan_goat_PROKKA/MN072624.1_Goatpox_virus_Sudan_goat:CDS	RNA polymerase-associated transcription-specificity factor RAP94	MN072624.1_Goatpox_virus_Sudan_goat:c68132-65736	AAMCOKHH_00072

DiscRep_SUB:FEATURE_LOCATION_CONFLICT::Coding region xref gene does not exist
../../../CURRENT/PANGROWTH/SEQS/MN072624.1_Goatpox_virus_Sudan_goat_PROKKA/MN072624.1_Goatpox_virus_Sudan_goat:CDS	Late transcription elongation factor H5	MN072624.1_Goatpox_virus_Sudan_goat:68274-68972	AAMCOKHH_00073

DiscRep_SUB:FEATURE_LOCATION_CONFLICT::Coding region xref gene does not exist
../../../CURRENT/PANGROWTH/SEQS/MN072624.1_Goatpox_virus_Sudan_goat_PROKKA/MN072624.1_Goatpox_virus_Sudan_goat:CDS	DNA topoisomerase 1B	MN072624.1_Goatpox_virus_Sudan_goat:69014-69967	AAMCOKHH_00074

DiscRep_SUB:FEATURE_LOCATION_CONFLICT::Coding region xref gene does not exist
../../../CURRENT/PANGROWTH/SEQS/MN072624.1_Goatpox_virus_Sudan_goat_PROKKA/MN072624.1_Goatpox_virus_Sudan_goat:CDS	Late protein H7	MN072624.1_Goatpox_virus_Sudan_goat:69987-70430	AAMCOKHH_00075

DiscRep_SUB:FEATURE_LOCATION_CONFLICT::Coding region xref gene does not exist
../../../CURRENT/PANGROWTH/SEQS/MN072624.1_Goatpox_virus_Sudan_goat_PROKKA/MN072624.1_Goatpox_virus_Sudan_goat:CDS	mRNA-capping enzyme catalytic subunit	MN072624.1_Goatpox_virus_Sudan_goat:70459-72987	AAMCOKHH_00076

DiscRep_SUB:FEATURE_LOCATION_CONFLICT::Coding region xref gene does not exist
../../../CURRENT/PANGROWTH/SEQS/MN072624.1_Goatpox_virus_Sudan_goat_PROKKA/MN072624.1_Goatpox_virus_Sudan_goat:CDS	Core protein D4	MN072624.1_Goatpox_virus_Sudan_goat:c73416-72949	AAMCOKHH_00077

DiscRep_SUB:FEATURE_LOCATION_CONFLICT::Coding region xref gene does not exist
../../../CURRENT/PANGROWTH/SEQS/MN072624.1_Goatpox_virus_Sudan_goat_PROKKA/MN072624.1_Goatpox_virus_Sudan_goat:CDS	27 kDa core protein	MN072624.1_Goatpox_virus_Sudan_goat:73418-74155	AAMCOKHH_00078

DiscRep_SUB:FEATURE_LOCATION_CONFLICT::Coding region xref gene does not exist
../../../CURRENT/PANGROWTH/SEQS/MN072624.1_Goatpox_virus_Sudan_goat_PROKKA/MN072624.1_Goatpox_virus_Sudan_goat:CDS	Uracil-DNA glycosylase	MN072624.1_Goatpox_virus_Sudan_goat:74152-74808	AAMCOKHH_00079

DiscRep_SUB:FEATURE_LOCATION_CONFLICT::Coding region xref gene does not exist
../../../CURRENT/PANGROWTH/SEQS/MN072624.1_Goatpox_virus_Sudan_goat_PROKKA/MN072624.1_Goatpox_virus_Sudan_goat:CDS	Primase D5	MN072624.1_Goatpox_virus_Sudan_goat:74851-77211	AAMCOKHH_00080

DiscRep_SUB:FEATURE_LOCATION_CONFLICT::Coding region xref gene does not exist
../../../CURRENT/PANGROWTH/SEQS/MN072624.1_Goatpox_virus_Sudan_goat_PROKKA/MN072624.1_Goatpox_virus_Sudan_goat:CDS	Early transcription factor 70 kDa subunit	MN072624.1_Goatpox_virus_Sudan_goat:77208-79115	AAMCOKHH_00081

DiscRep_SUB:FEATURE_LOCATION_CONFLICT::Coding region xref gene does not exist
../../../CURRENT/PANGROWTH/SEQS/MN072624.1_Goatpox_virus_Sudan_goat_PROKKA/MN072624.1_Goatpox_virus_Sudan_goat:CDS	DNA-directed RNA polymerase 18 kDa subunit	MN072624.1_Goatpox_virus_Sudan_goat:79140-79631	AAMCOKHH_00082

DiscRep_SUB:FEATURE_LOCATION_CONFLICT::Coding region xref gene does not exist
../../../CURRENT/PANGROWTH/SEQS/MN072624.1_Goatpox_virus_Sudan_goat_PROKKA/MN072624.1_Goatpox_virus_Sudan_goat:CDS	mRNA-decapping protein D9	MN072624.1_Goatpox_virus_Sudan_goat:79672-80313	AAMCOKHH_00083

DiscRep_SUB:FEATURE_LOCATION_CONFLICT::Coding region xref gene does not exist
../../../CURRENT/PANGROWTH/SEQS/MN072624.1_Goatpox_virus_Sudan_goat_PROKKA/MN072624.1_Goatpox_virus_Sudan_goat:CDS	mRNA-decapping protein D10	MN072624.1_Goatpox_virus_Sudan_goat:80313-81074	AAMCOKHH_00084

DiscRep_SUB:FEATURE_LOCATION_CONFLICT::Coding region xref gene does not exist
../../../CURRENT/PANGROWTH/SEQS/MN072624.1_Goatpox_virus_Sudan_goat_PROKKA/MN072624.1_Goatpox_virus_Sudan_goat:CDS	Nucleoside triphosphatase I	MN072624.1_Goatpox_virus_Sudan_goat:c82987-81080	AAMCOKHH_00085

DiscRep_SUB:FEATURE_LOCATION_CONFLICT::Coding region xref gene does not exist
../../../CURRENT/PANGROWTH/SEQS/MN072624.1_Goatpox_virus_Sudan_goat_PROKKA/MN072624.1_Goatpox_virus_Sudan_goat:CDS	mRNA-capping enzyme regulatory subunit	MN072624.1_Goatpox_virus_Sudan_goat:c83875-83012	AAMCOKHH_00086

DiscRep_SUB:FEATURE_LOCATION_CONFLICT::Coding region xref gene does not exist
../../../CURRENT/PANGROWTH/SEQS/MN072624.1_Goatpox_virus_Sudan_goat_PROKKA/MN072624.1_Goatpox_virus_Sudan_goat:CDS	Scaffold protein D13	MN072624.1_Goatpox_virus_Sudan_goat:c85564-83915	AAMCOKHH_00087

DiscRep_SUB:FEATURE_LOCATION_CONFLICT::Coding region xref gene does not exist
../../../CURRENT/PANGROWTH/SEQS/MN072624.1_Goatpox_virus_Sudan_goat_PROKKA/MN072624.1_Goatpox_virus_Sudan_goat:CDS	Viral late gene transcription factor 2	MN072624.1_Goatpox_virus_Sudan_goat:c86043-85591	AAMCOKHH_00088

DiscRep_SUB:FEATURE_LOCATION_CONFLICT::Coding region xref gene does not exist
../../../CURRENT/PANGROWTH/SEQS/MN072624.1_Goatpox_virus_Sudan_goat_PROKKA/MN072624.1_Goatpox_virus_Sudan_goat:CDS	Viral late gene transcription factor 3	MN072624.1_Goatpox_virus_Sudan_goat:c86771-86073	AAMCOKHH_00089

DiscRep_SUB:FEATURE_LOCATION_CONFLICT::Coding region xref gene does not exist
../../../CURRENT/PANGROWTH/SEQS/MN072624.1_Goatpox_virus_Sudan_goat_PROKKA/MN072624.1_Goatpox_virus_Sudan_goat:CDS	Protein A2.5	MN072624.1_Goatpox_virus_Sudan_goat:c86995-86768	AAMCOKHH_00090

DiscRep_SUB:FEATURE_LOCATION_CONFLICT::Coding region xref gene does not exist
../../../CURRENT/PANGROWTH/SEQS/MN072624.1_Goatpox_virus_Sudan_goat_PROKKA/MN072624.1_Goatpox_virus_Sudan_goat:CDS	Major core protein 4b	MN072624.1_Goatpox_virus_Sudan_goat:c88989-87004	AAMCOKHH_00091

DiscRep_SUB:FEATURE_LOCATION_CONFLICT::Coding region xref gene does not exist
../../../CURRENT/PANGROWTH/SEQS/MN072624.1_Goatpox_virus_Sudan_goat_PROKKA/MN072624.1_Goatpox_virus_Sudan_goat:CDS	hypothetical protein	MN072624.1_Goatpox_virus_Sudan_goat:c89550-89065	AAMCOKHH_00092

DiscRep_SUB:FEATURE_LOCATION_CONFLICT::Coding region xref gene does not exist
../../../CURRENT/PANGROWTH/SEQS/MN072624.1_Goatpox_virus_Sudan_goat_PROKKA/MN072624.1_Goatpox_virus_Sudan_goat:CDS	DNA-directed RNA polymerase 19 kDa subunit	MN072624.1_Goatpox_virus_Sudan_goat:89591-90100	AAMCOKHH_00093

DiscRep_SUB:FEATURE_LOCATION_CONFLICT::Coding region xref gene does not exist
../../../CURRENT/PANGROWTH/SEQS/MN072624.1_Goatpox_virus_Sudan_goat_PROKKA/MN072624.1_Goatpox_virus_Sudan_goat:CDS	Protein A6	MN072624.1_Goatpox_virus_Sudan_goat:c91224-90097	AAMCOKHH_00094

DiscRep_SUB:FEATURE_LOCATION_CONFLICT::Coding region xref gene does not exist
../../../CURRENT/PANGROWTH/SEQS/MN072624.1_Goatpox_virus_Sudan_goat_PROKKA/MN072624.1_Goatpox_virus_Sudan_goat:CDS	Early transcription factor 82 kDa subunit	MN072624.1_Goatpox_virus_Sudan_goat:c93389-91245	AAMCOKHH_00095

DiscRep_SUB:FEATURE_LOCATION_CONFLICT::Coding region xref gene does not exist
../../../CURRENT/PANGROWTH/SEQS/MN072624.1_Goatpox_virus_Sudan_goat_PROKKA/MN072624.1_Goatpox_virus_Sudan_goat:CDS	Intermediate transcription factor 3 small subunit	MN072624.1_Goatpox_virus_Sudan_goat:93446-94324	AAMCOKHH_00096

DiscRep_SUB:FEATURE_LOCATION_CONFLICT::Coding region xref gene does not exist
../../../CURRENT/PANGROWTH/SEQS/MN072624.1_Goatpox_virus_Sudan_goat_PROKKA/MN072624.1_Goatpox_virus_Sudan_goat:CDS	Virion membrane protein A9	MN072624.1_Goatpox_virus_Sudan_goat:c94564-94328	AAMCOKHH_00097

DiscRep_SUB:FEATURE_LOCATION_CONFLICT::Coding region xref gene does not exist
../../../CURRENT/PANGROWTH/SEQS/MN072624.1_Goatpox_virus_Sudan_goat_PROKKA/MN072624.1_Goatpox_virus_Sudan_goat:CDS	Major core protein 4a precursor	MN072624.1_Goatpox_virus_Sudan_goat:c97279-94565	AAMCOKHH_00098

DiscRep_SUB:FEATURE_LOCATION_CONFLICT::Coding region xref gene does not exist
../../../CURRENT/PANGROWTH/SEQS/MN072624.1_Goatpox_virus_Sudan_goat_PROKKA/MN072624.1_Goatpox_virus_Sudan_goat:CDS	Protein A11	MN072624.1_Goatpox_virus_Sudan_goat:97294-98247	AAMCOKHH_00099

DiscRep_SUB:FEATURE_LOCATION_CONFLICT::Coding region xref gene does not exist
../../../CURRENT/PANGROWTH/SEQS/MN072624.1_Goatpox_virus_Sudan_goat_PROKKA/MN072624.1_Goatpox_virus_Sudan_goat:CDS	25 kDa core protein A12L	MN072624.1_Goatpox_virus_Sudan_goat:c98816-98244	AAMCOKHH_00100

DiscRep_SUB:FEATURE_LOCATION_CONFLICT::Coding region xref gene does not exist
../../../CURRENT/PANGROWTH/SEQS/MN072624.1_Goatpox_virus_Sudan_goat_PROKKA/MN072624.1_Goatpox_virus_Sudan_goat:CDS	hypothetical protein	MN072624.1_Goatpox_virus_Sudan_goat:c99080-98877	AAMCOKHH_00101

DiscRep_SUB:FEATURE_LOCATION_CONFLICT::Coding region xref gene does not exist
../../../CURRENT/PANGROWTH/SEQS/MN072624.1_Goatpox_virus_Sudan_goat_PROKKA/MN072624.1_Goatpox_virus_Sudan_goat:CDS	Virion membrane protein A14	MN072624.1_Goatpox_virus_Sudan_goat:c99449-99162	AAMCOKHH_00102

DiscRep_SUB:FEATURE_LOCATION_CONFLICT::Coding region xref gene does not exist
../../../CURRENT/PANGROWTH/SEQS/MN072624.1_Goatpox_virus_Sudan_goat_PROKKA/MN072624.1_Goatpox_virus_Sudan_goat:CDS	Core protein A15	MN072624.1_Goatpox_virus_Sudan_goat:c99904-99617	AAMCOKHH_00103

DiscRep_SUB:FEATURE_LOCATION_CONFLICT::Coding region xref gene does not exist
../../../CURRENT/PANGROWTH/SEQS/MN072624.1_Goatpox_virus_Sudan_goat_PROKKA/MN072624.1_Goatpox_virus_Sudan_goat:CDS	Virion membrane protein A16	MN072624.1_Goatpox_virus_Sudan_goat:c101021-99888	AAMCOKHH_00104

DiscRep_SUB:FEATURE_LOCATION_CONFLICT::Coding region xref gene does not exist
../../../CURRENT/PANGROWTH/SEQS/MN072624.1_Goatpox_virus_Sudan_goat_PROKKA/MN072624.1_Goatpox_virus_Sudan_goat:CDS	Virion membrane protein A17 precursor	MN072624.1_Goatpox_virus_Sudan_goat:c101618-101037	AAMCOKHH_00105

DiscRep_SUB:FEATURE_LOCATION_CONFLICT::Coding region xref gene does not exist
../../../CURRENT/PANGROWTH/SEQS/MN072624.1_Goatpox_virus_Sudan_goat_PROKKA/MN072624.1_Goatpox_virus_Sudan_goat:CDS	Transcript termination protein A18	MN072624.1_Goatpox_virus_Sudan_goat:101633-103075	AAMCOKHH_00106

DiscRep_SUB:FEATURE_LOCATION_CONFLICT::Coding region xref gene does not exist
../../../CURRENT/PANGROWTH/SEQS/MN072624.1_Goatpox_virus_Sudan_goat_PROKKA/MN072624.1_Goatpox_virus_Sudan_goat:CDS	Protein A19	MN072624.1_Goatpox_virus_Sudan_goat:c103280-103056	AAMCOKHH_00107

DiscRep_SUB:FEATURE_LOCATION_CONFLICT::Coding region xref gene does not exist
../../../CURRENT/PANGROWTH/SEQS/MN072624.1_Goatpox_virus_Sudan_goat_PROKKA/MN072624.1_Goatpox_virus_Sudan_goat:CDS	hypothetical protein	MN072624.1_Goatpox_virus_Sudan_goat:c103439-103281	AAMCOKHH_00108

DiscRep_SUB:FEATURE_LOCATION_CONFLICT::Coding region xref gene does not exist
../../../CURRENT/PANGROWTH/SEQS/MN072624.1_Goatpox_virus_Sudan_goat_PROKKA/MN072624.1_Goatpox_virus_Sudan_goat:CDS	DNA polymerase processivity factor component A20	MN072624.1_Goatpox_virus_Sudan_goat:103627-104919	AAMCOKHH_00109

DiscRep_SUB:FEATURE_LOCATION_CONFLICT::Coding region xref gene does not exist
../../../CURRENT/PANGROWTH/SEQS/MN072624.1_Goatpox_virus_Sudan_goat_PROKKA/MN072624.1_Goatpox_virus_Sudan_goat:CDS	Resolvase A22	MN072624.1_Goatpox_virus_Sudan_goat:104888-105388	AAMCOKHH_00110

DiscRep_SUB:FEATURE_LOCATION_CONFLICT::Coding region xref gene does not exist
../../../CURRENT/PANGROWTH/SEQS/MN072624.1_Goatpox_virus_Sudan_goat_PROKKA/MN072624.1_Goatpox_virus_Sudan_goat:CDS	Intermediate transcription factor 3 large subunit	MN072624.1_Goatpox_virus_Sudan_goat:105423-106580	AAMCOKHH_00111

DiscRep_SUB:FEATURE_LOCATION_CONFLICT::Coding region xref gene does not exist
../../../CURRENT/PANGROWTH/SEQS/MN072624.1_Goatpox_virus_Sudan_goat_PROKKA/MN072624.1_Goatpox_virus_Sudan_goat:CDS	DNA-directed RNA polymerase 133 kDa polypeptide	MN072624.1_Goatpox_virus_Sudan_goat:106611-110081	AAMCOKHH_00112

DiscRep_SUB:FEATURE_LOCATION_CONFLICT::Coding region xref gene does not exist
../../../CURRENT/PANGROWTH/SEQS/MN072624.1_Goatpox_virus_Sudan_goat_PROKKA/MN072624.1_Goatpox_virus_Sudan_goat:CDS	hypothetical protein	MN072624.1_Goatpox_virus_Sudan_goat:c110541-110095	AAMCOKHH_00113

DiscRep_SUB:FEATURE_LOCATION_CONFLICT::Coding region xref gene does not exist
../../../CURRENT/PANGROWTH/SEQS/MN072624.1_Goatpox_virus_Sudan_goat_PROKKA/MN072624.1_Goatpox_virus_Sudan_goat:CDS	Envelope protein A28	MN072624.1_Goatpox_virus_Sudan_goat:c110964-110542	AAMCOKHH_00114

DiscRep_SUB:FEATURE_LOCATION_CONFLICT::Coding region xref gene does not exist
../../../CURRENT/PANGROWTH/SEQS/MN072624.1_Goatpox_virus_Sudan_goat_PROKKA/MN072624.1_Goatpox_virus_Sudan_goat:CDS	DNA-directed RNA polymerase 35 kDa subunit	MN072624.1_Goatpox_virus_Sudan_goat:c111876-110965	AAMCOKHH_00115

DiscRep_SUB:FEATURE_LOCATION_CONFLICT::Coding region xref gene does not exist
../../../CURRENT/PANGROWTH/SEQS/MN072624.1_Goatpox_virus_Sudan_goat_PROKKA/MN072624.1_Goatpox_virus_Sudan_goat:CDS	hypothetical protein	MN072624.1_Goatpox_virus_Sudan_goat:c112069-111845	AAMCOKHH_00116

DiscRep_SUB:FEATURE_LOCATION_CONFLICT::Coding region xref gene does not exist
../../../CURRENT/PANGROWTH/SEQS/MN072624.1_Goatpox_virus_Sudan_goat_PROKKA/MN072624.1_Goatpox_virus_Sudan_goat:CDS	hypothetical protein	MN072624.1_Goatpox_virus_Sudan_goat:c112223-112098	AAMCOKHH_00117

DiscRep_SUB:FEATURE_LOCATION_CONFLICT::Coding region xref gene does not exist
../../../CURRENT/PANGROWTH/SEQS/MN072624.1_Goatpox_virus_Sudan_goat_PROKKA/MN072624.1_Goatpox_virus_Sudan_goat:CDS	Protein A32	MN072624.1_Goatpox_virus_Sudan_goat:c113010-112249	AAMCOKHH_00118

DiscRep_SUB:FEATURE_LOCATION_CONFLICT::Coding region xref gene does not exist
../../../CURRENT/PANGROWTH/SEQS/MN072624.1_Goatpox_virus_Sudan_goat_PROKKA/MN072624.1_Goatpox_virus_Sudan_goat:CDS	Protein A33	MN072624.1_Goatpox_virus_Sudan_goat:113143-113739	AAMCOKHH_00119

DiscRep_SUB:FEATURE_LOCATION_CONFLICT::Coding region xref gene does not exist
../../../CURRENT/PANGROWTH/SEQS/MN072624.1_Goatpox_virus_Sudan_goat_PROKKA/MN072624.1_Goatpox_virus_Sudan_goat:CDS	Protein A34	MN072624.1_Goatpox_virus_Sudan_goat:113771-114286	AAMCOKHH_00120

DiscRep_SUB:FEATURE_LOCATION_CONFLICT::Coding region xref gene does not exist
../../../CURRENT/PANGROWTH/SEQS/MN072624.1_Goatpox_virus_Sudan_goat_PROKKA/MN072624.1_Goatpox_virus_Sudan_goat:CDS	Protein A35	MN072624.1_Goatpox_virus_Sudan_goat:114315-114890	AAMCOKHH_00121

DiscRep_SUB:FEATURE_LOCATION_CONFLICT::Coding region xref gene does not exist
../../../CURRENT/PANGROWTH/SEQS/MN072624.1_Goatpox_virus_Sudan_goat_PROKKA/MN072624.1_Goatpox_virus_Sudan_goat:CDS	hypothetical protein	MN072624.1_Goatpox_virus_Sudan_goat:114927-115793	AAMCOKHH_00122

DiscRep_SUB:FEATURE_LOCATION_CONFLICT::Coding region xref gene does not exist
../../../CURRENT/PANGROWTH/SEQS/MN072624.1_Goatpox_virus_Sudan_goat_PROKKA/MN072624.1_Goatpox_virus_Sudan_goat:CDS	hypothetical protein	MN072624.1_Goatpox_virus_Sudan_goat:115853-116371	AAMCOKHH_00123

DiscRep_SUB:FEATURE_LOCATION_CONFLICT::Coding region xref gene does not exist
../../../CURRENT/PANGROWTH/SEQS/MN072624.1_Goatpox_virus_Sudan_goat_PROKKA/MN072624.1_Goatpox_virus_Sudan_goat:CDS	hypothetical protein	MN072624.1_Goatpox_virus_Sudan_goat:116382-117203	AAMCOKHH_00124

DiscRep_SUB:FEATURE_LOCATION_CONFLICT::Coding region xref gene does not exist
../../../CURRENT/PANGROWTH/SEQS/MN072624.1_Goatpox_virus_Sudan_goat_PROKKA/MN072624.1_Goatpox_virus_Sudan_goat:CDS	hypothetical protein	MN072624.1_Goatpox_virus_Sudan_goat:c118111-117206	AAMCOKHH_00125

DiscRep_SUB:FEATURE_LOCATION_CONFLICT::Coding region xref gene does not exist
../../../CURRENT/PANGROWTH/SEQS/MN072624.1_Goatpox_virus_Sudan_goat_PROKKA/MN072624.1_Goatpox_virus_Sudan_goat:CDS	hypothetical protein	MN072624.1_Goatpox_virus_Sudan_goat:118210-118560	AAMCOKHH_00126

DiscRep_SUB:FEATURE_LOCATION_CONFLICT::Coding region xref gene does not exist
../../../CURRENT/PANGROWTH/SEQS/MN072624.1_Goatpox_virus_Sudan_goat_PROKKA/MN072624.1_Goatpox_virus_Sudan_goat:CDS	hypothetical protein	MN072624.1_Goatpox_virus_Sudan_goat:118630-118875	AAMCOKHH_00127

DiscRep_SUB:FEATURE_LOCATION_CONFLICT::Coding region xref gene does not exist
../../../CURRENT/PANGROWTH/SEQS/MN072624.1_Goatpox_virus_Sudan_goat_PROKKA/MN072624.1_Goatpox_virus_Sudan_goat:CDS	hypothetical protein	MN072624.1_Goatpox_virus_Sudan_goat:118931-119416	AAMCOKHH_00128

DiscRep_SUB:FEATURE_LOCATION_CONFLICT::Coding region xref gene does not exist
../../../CURRENT/PANGROWTH/SEQS/MN072624.1_Goatpox_virus_Sudan_goat_PROKKA/MN072624.1_Goatpox_virus_Sudan_goat:CDS	DNA ligase	MN072624.1_Goatpox_virus_Sudan_goat:119993-121657	AAMCOKHH_00129

DiscRep_SUB:FEATURE_LOCATION_CONFLICT::Coding region xref gene does not exist
../../../CURRENT/PANGROWTH/SEQS/MN072624.1_Goatpox_virus_Sudan_goat_PROKKA/MN072624.1_Goatpox_virus_Sudan_goat:CDS	hypothetical protein	MN072624.1_Goatpox_virus_Sudan_goat:121776-127850	AAMCOKHH_00130

DiscRep_SUB:FEATURE_LOCATION_CONFLICT::Coding region xref gene does not exist
../../../CURRENT/PANGROWTH/SEQS/MN072624.1_Goatpox_virus_Sudan_goat_PROKKA/MN072624.1_Goatpox_virus_Sudan_goat:CDS	Soluble interferon alpha/beta receptor B18	MN072624.1_Goatpox_virus_Sudan_goat:128041-129126	AAMCOKHH_00131

DiscRep_SUB:FEATURE_LOCATION_CONFLICT::Coding region xref gene does not exist
../../../CURRENT/PANGROWTH/SEQS/MN072624.1_Goatpox_virus_Sudan_goat_PROKKA/MN072624.1_Goatpox_virus_Sudan_goat:CDS	hypothetical protein	MN072624.1_Goatpox_virus_Sudan_goat:129170-129631	AAMCOKHH_00132

DiscRep_SUB:FEATURE_LOCATION_CONFLICT::Coding region xref gene does not exist
../../../CURRENT/PANGROWTH/SEQS/MN072624.1_Goatpox_virus_Sudan_goat_PROKKA/MN072624.1_Goatpox_virus_Sudan_goat:CDS	hypothetical protein	MN072624.1_Goatpox_virus_Sudan_goat:129696-130703	AAMCOKHH_00133

DiscRep_SUB:FEATURE_LOCATION_CONFLICT::Coding region xref gene does not exist
../../../CURRENT/PANGROWTH/SEQS/MN072624.1_Goatpox_virus_Sudan_goat_PROKKA/MN072624.1_Goatpox_virus_Sudan_goat:CDS	hypothetical protein	MN072624.1_Goatpox_virus_Sudan_goat:130734-131321	AAMCOKHH_00134

DiscRep_SUB:FEATURE_LOCATION_CONFLICT::Coding region xref gene does not exist
../../../CURRENT/PANGROWTH/SEQS/MN072624.1_Goatpox_virus_Sudan_goat_PROKKA/MN072624.1_Goatpox_virus_Sudan_goat:CDS	B1 kinase	MN072624.1_Goatpox_virus_Sudan_goat:131334-132251	AAMCOKHH_00135

DiscRep_SUB:FEATURE_LOCATION_CONFLICT::Coding region xref gene does not exist
../../../CURRENT/PANGROWTH/SEQS/MN072624.1_Goatpox_virus_Sudan_goat_PROKKA/MN072624.1_Goatpox_virus_Sudan_goat:CDS	hypothetical protein	MN072624.1_Goatpox_virus_Sudan_goat:132281-133003	AAMCOKHH_00136

DiscRep_SUB:FEATURE_LOCATION_CONFLICT::Coding region xref gene does not exist
../../../CURRENT/PANGROWTH/SEQS/MN072624.1_Goatpox_virus_Sudan_goat_PROKKA/MN072624.1_Goatpox_virus_Sudan_goat:CDS	hypothetical protein	MN072624.1_Goatpox_virus_Sudan_goat:133052-133729	AAMCOKHH_00137

DiscRep_SUB:FEATURE_LOCATION_CONFLICT::Coding region xref gene does not exist
../../../CURRENT/PANGROWTH/SEQS/MN072624.1_Goatpox_virus_Sudan_goat_PROKKA/MN072624.1_Goatpox_virus_Sudan_goat:CDS	hypothetical protein	MN072624.1_Goatpox_virus_Sudan_goat:133731-134138	AAMCOKHH_00138

DiscRep_SUB:FEATURE_LOCATION_CONFLICT::Coding region xref gene does not exist
../../../CURRENT/PANGROWTH/SEQS/MN072624.1_Goatpox_virus_Sudan_goat_PROKKA/MN072624.1_Goatpox_virus_Sudan_goat:CDS	hypothetical protein	MN072624.1_Goatpox_virus_Sudan_goat:134175-135083	AAMCOKHH_00139

DiscRep_SUB:FEATURE_LOCATION_CONFLICT::Coding region xref gene does not exist
../../../CURRENT/PANGROWTH/SEQS/MN072624.1_Goatpox_virus_Sudan_goat_PROKKA/MN072624.1_Goatpox_virus_Sudan_goat:CDS	Kelch repeat and BTB domain-containing protein A55	MN072624.1_Goatpox_virus_Sudan_goat:135232-136875	AAMCOKHH_00140

DiscRep_SUB:FEATURE_LOCATION_CONFLICT::Coding region xref gene does not exist
../../../CURRENT/PANGROWTH/SEQS/MN072624.1_Goatpox_virus_Sudan_goat_PROKKA/MN072624.1_Goatpox_virus_Sudan_goat:CDS	hypothetical protein	MN072624.1_Goatpox_virus_Sudan_goat:136922-138826	AAMCOKHH_00141

DiscRep_SUB:FEATURE_LOCATION_CONFLICT::Coding region xref gene does not exist
../../../CURRENT/PANGROWTH/SEQS/MN072624.1_Goatpox_virus_Sudan_goat_PROKKA/MN072624.1_Goatpox_virus_Sudan_goat:CDS	Envelope phospholipase F13	MN072624.1_Goatpox_virus_Sudan_goat:138951-140189	AAMCOKHH_00142

DiscRep_SUB:FEATURE_LOCATION_CONFLICT::Coding region xref gene does not exist
../../../CURRENT/PANGROWTH/SEQS/MN072624.1_Goatpox_virus_Sudan_goat_PROKKA/MN072624.1_Goatpox_virus_Sudan_goat:CDS	Ankyrin repeat domain-containing protein M-T5	MN072624.1_Goatpox_virus_Sudan_goat:140246-141742	AAMCOKHH_00143

DiscRep_SUB:FEATURE_LOCATION_CONFLICT::Coding region xref gene does not exist
../../../CURRENT/PANGROWTH/SEQS/MN072624.1_Goatpox_virus_Sudan_goat_PROKKA/MN072624.1_Goatpox_virus_Sudan_goat:CDS	Ankyrin repeat domain-containing protein M-T5	MN072624.1_Goatpox_virus_Sudan_goat:141790-143133	AAMCOKHH_00144

DiscRep_SUB:FEATURE_LOCATION_CONFLICT::Coding region xref gene does not exist
../../../CURRENT/PANGROWTH/SEQS/MN072624.1_Goatpox_virus_Sudan_goat_PROKKA/MN072624.1_Goatpox_virus_Sudan_goat:CDS	Serine proteinase inhibitor 2	MN072624.1_Goatpox_virus_Sudan_goat:143154-144167	AAMCOKHH_00145

DiscRep_SUB:FEATURE_LOCATION_CONFLICT::Coding region xref gene does not exist
../../../CURRENT/PANGROWTH/SEQS/MN072624.1_Goatpox_virus_Sudan_goat_PROKKA/MN072624.1_Goatpox_virus_Sudan_goat:CDS	hypothetical protein	MN072624.1_Goatpox_virus_Sudan_goat:144204-144689	AAMCOKHH_00146

DiscRep_SUB:FEATURE_LOCATION_CONFLICT::Coding region xref gene does not exist
../../../CURRENT/PANGROWTH/SEQS/MN072624.1_Goatpox_virus_Sudan_goat_PROKKA/MN072624.1_Goatpox_virus_Sudan_goat:CDS	Kelch repeat and BTB domain-containing protein A55	MN072624.1_Goatpox_virus_Sudan_goat:144730-146388	AAMCOKHH_00147

DiscRep_SUB:FEATURE_LOCATION_CONFLICT::Coding region xref gene does not exist
../../../CURRENT/PANGROWTH/SEQS/MN072624.1_Goatpox_virus_Sudan_goat_PROKKA/MN072624.1_Goatpox_virus_Sudan_goat:CDS	Ankyrin repeat domain-containing protein M-T5	MN072624.1_Goatpox_virus_Sudan_goat:146458-147804	AAMCOKHH_00148

DiscRep_SUB:FEATURE_LOCATION_CONFLICT::Coding region xref gene does not exist
../../../CURRENT/PANGROWTH/SEQS/MN072624.1_Goatpox_virus_Sudan_goat_PROKKA/MN072624.1_Goatpox_virus_Sudan_goat:CDS	hypothetical protein	MN072624.1_Goatpox_virus_Sudan_goat:148079-148300	AAMCOKHH_00149

DiscRep_SUB:FEATURE_LOCATION_CONFLICT::Coding region xref gene does not exist
../../../CURRENT/PANGROWTH/SEQS/MN072624.1_Goatpox_virus_Sudan_goat_PROKKA/MN072624.1_Goatpox_virus_Sudan_goat:CDS	hypothetical protein	MN072624.1_Goatpox_virus_Sudan_goat:148288-149010	AAMCOKHH_00150

DiscRep_ALL:SUSPECT_PRODUCT_NAMES::3 product_names contain suspect phrase or characters
DiscRep_SUB:SUSPECT_PRODUCT_NAMES::May contain database identifier more appropriate in note; remove from product name
DiscRep_SUB:SUSPECT_PRODUCT_NAMES::1 features contains three or more numbers together that may be identifiers more appropriate in note
../../../CURRENT/PANGROWTH/SEQS/MN072624.1_Goatpox_virus_Sudan_goat_PROKKA/MN072624.1_Goatpox_virus_Sudan_goat:CDS	DNA-directed RNA polymerase 133 kDa polypeptide	MN072624.1_Goatpox_virus_Sudan_goat:106611-110081	AAMCOKHH_00112

DiscRep_SUB:SUSPECT_PRODUCT_NAMES::use protein instead of gene as appropriate
DiscRep_SUB:SUSPECT_PRODUCT_NAMES::2 features contains 'gene'
../../../CURRENT/PANGROWTH/SEQS/MN072624.1_Goatpox_virus_Sudan_goat_PROKKA/MN072624.1_Goatpox_virus_Sudan_goat:CDS	Viral late gene transcription factor 2	MN072624.1_Goatpox_virus_Sudan_goat:c86043-85591	AAMCOKHH_00088
../../../CURRENT/PANGROWTH/SEQS/MN072624.1_Goatpox_virus_Sudan_goat_PROKKA/MN072624.1_Goatpox_virus_Sudan_goat:CDS	Viral late gene transcription factor 3	MN072624.1_Goatpox_virus_Sudan_goat:c86771-86073	AAMCOKHH_00089

DiscRep_ALL:DISC_QUALITY_SCORES::Quality scores are missing on all sequences.

DiscRep_ALL:ONCALLER_COMMENT_PRESENT::1 comment descriptors were found (all same)
../../../CURRENT/PANGROWTH/SEQS/MN072624.1_Goatpox_virus_Sudan_goat_PROKKA/MN072624.1_Goatpox_virus_Sudan_goat:MN072624.1_Goatpox_virus_Sudan_goat:Annotated using prokka 1.14.6 from https://github.com/tseemann/prokka

DiscRep_ALL:SHORT_PROT_SEQUENCES::4 protein sequences are shorter than 50 aa.
../../../CURRENT/PANGROWTH/SEQS/MN072624.1_Goatpox_virus_Sudan_goat_PROKKA/MN072624.1_Goatpox_virus_Sudan_goat:MN072624.1_Goatpox_virus_Sudan_goat_> (length 31)
../../../CURRENT/PANGROWTH/SEQS/MN072624.1_Goatpox_virus_Sudan_goat_PROKKA/MN072624.1_Goatpox_virus_Sudan_goat:MN072624.1_Goatpox_virus_Sudan_goat_> (length 49)
../../../CURRENT/PANGROWTH/SEQS/MN072624.1_Goatpox_virus_Sudan_goat_PROKKA/MN072624.1_Goatpox_virus_Sudan_goat:MN072624.1_Goatpox_virus_Sudan_goat_> (length 48)
../../../CURRENT/PANGROWTH/SEQS/MN072624.1_Goatpox_virus_Sudan_goat_PROKKA/MN072624.1_Goatpox_virus_Sudan_goat:MN072624.1_Goatpox_virus_Sudan_goat_> (length 41)

DiscRep_ALL:MISSING_GENOMEASSEMBLY_COMMENTS::1 bioseqs are missing GenomeAssembly structured comments
../../../CURRENT/PANGROWTH/SEQS/MN072624.1_Goatpox_virus_Sudan_goat_PROKKA/MN072624.1_Goatpox_virus_Sudan_goat:MN072624.1_Goatpox_virus_Sudan_goat (length 150347, 2001 gap)

DiscRep_ALL:MOLTYPE_NOT_MRNA::1 molecule types are not set as mRNA.
../../../CURRENT/PANGROWTH/SEQS/MN072624.1_Goatpox_virus_Sudan_goat_PROKKA/MN072624.1_Goatpox_virus_Sudan_goat:MN072624.1_Goatpox_virus_Sudan_goat (length 150347, 2001 gap)

DiscRep_ALL:TECHNIQUE_NOT_TSA::1 technique are not set as TSA
../../../CURRENT/PANGROWTH/SEQS/MN072624.1_Goatpox_virus_Sudan_goat_PROKKA/MN072624.1_Goatpox_virus_Sudan_goat:MN072624.1_Goatpox_virus_Sudan_goat (length 150347, 2001 gap)

DiscRep_ALL:MISSING_STRUCTURED_COMMENT::1 sequences do not include structured comments.
../../../CURRENT/PANGROWTH/SEQS/MN072624.1_Goatpox_virus_Sudan_goat_PROKKA/MN072624.1_Goatpox_virus_Sudan_goat:MN072624.1_Goatpox_virus_Sudan_goat (length 150347, 2001 gap)

DiscRep_ALL:MISSING_PROJECT::151 sequences do not include project.
../../../CURRENT/PANGROWTH/SEQS/MN072624.1_Goatpox_virus_Sudan_goat_PROKKA/MN072624.1_Goatpox_virus_Sudan_goat:MN072624.1_Goatpox_virus_Sudan_goat (length 150347, 2001 gap)
../../../CURRENT/PANGROWTH/SEQS/MN072624.1_Goatpox_virus_Sudan_goat_PROKKA/MN072624.1_Goatpox_virus_Sudan_goat:MN072624.1_Goatpox_virus_Sudan_goat_1 (length 240)
../../../CURRENT/PANGROWTH/SEQS/MN072624.1_Goatpox_virus_Sudan_goat_PROKKA/MN072624.1_Goatpox_virus_Sudan_goat:MN072624.1_Goatpox_virus_Sudan_goat_2 (length 73)
../../../CURRENT/PANGROWTH/SEQS/MN072624.1_Goatpox_virus_Sudan_goat_PROKKA/MN072624.1_Goatpox_virus_Sudan_goat:MN072624.1_Goatpox_virus_Sudan_goat_3 (length 170)
../../../CURRENT/PANGROWTH/SEQS/MN072624.1_Goatpox_virus_Sudan_goat_PROKKA/MN072624.1_Goatpox_virus_Sudan_goat:MN072624.1_Goatpox_virus_Sudan_goat_4 (length 231)
../../../CURRENT/PANGROWTH/SEQS/MN072624.1_Goatpox_virus_Sudan_goat_PROKKA/MN072624.1_Goatpox_virus_Sudan_goat:MN072624.1_Goatpox_virus_Sudan_goat_5 (length 355)
../../../CURRENT/PANGROWTH/SEQS/MN072624.1_Goatpox_virus_Sudan_goat_PROKKA/MN072624.1_Goatpox_virus_Sudan_goat:MN072624.1_Goatpox_virus_Sudan_goat_6 (length 275)
../../../CURRENT/PANGROWTH/SEQS/MN072624.1_Goatpox_virus_Sudan_goat_PROKKA/MN072624.1_Goatpox_virus_Sudan_goat:MN072624.1_Goatpox_virus_Sudan_goat_7 (length 162)
../../../CURRENT/PANGROWTH/SEQS/MN072624.1_Goatpox_virus_Sudan_goat_PROKKA/MN072624.1_Goatpox_virus_Sudan_goat:MN072624.1_Goatpox_virus_Sudan_goat_8 (length 381)
../../../CURRENT/PANGROWTH/SEQS/MN072624.1_Goatpox_virus_Sudan_goat_PROKKA/MN072624.1_Goatpox_virus_Sudan_goat:MN072624.1_Goatpox_virus_Sudan_goat_9 (length 211)
../../../CURRENT/PANGROWTH/SEQS/MN072624.1_Goatpox_virus_Sudan_goat_PROKKA/MN072624.1_Goatpox_virus_Sudan_goat:MN072624.1_Goatpox_virus_Sudan_goat_> (length 89)
../../../CURRENT/PANGROWTH/SEQS/MN072624.1_Goatpox_virus_Sudan_goat_PROKKA/MN072624.1_Goatpox_virus_Sudan_goat:MN072624.1_Goatpox_virus_Sudan_goat_> (length 161)
../../../CURRENT/PANGROWTH/SEQS/MN072624.1_Goatpox_virus_Sudan_goat_PROKKA/MN072624.1_Goatpox_virus_Sudan_goat:MN072624.1_Goatpox_virus_Sudan_goat_> (length 100)
../../../CURRENT/PANGROWTH/SEQS/MN072624.1_Goatpox_virus_Sudan_goat_PROKKA/MN072624.1_Goatpox_virus_Sudan_goat:MN072624.1_Goatpox_virus_Sudan_goat_> (length 176)
../../../CURRENT/PANGROWTH/SEQS/MN072624.1_Goatpox_virus_Sudan_goat_PROKKA/MN072624.1_Goatpox_virus_Sudan_goat:MN072624.1_Goatpox_virus_Sudan_goat_> (length 146)
../../../CURRENT/PANGROWTH/SEQS/MN072624.1_Goatpox_virus_Sudan_goat_PROKKA/MN072624.1_Goatpox_virus_Sudan_goat:MN072624.1_Goatpox_virus_Sudan_goat_> (length 562)
../../../CURRENT/PANGROWTH/SEQS/MN072624.1_Goatpox_virus_Sudan_goat_PROKKA/MN072624.1_Goatpox_virus_Sudan_goat:MN072624.1_Goatpox_virus_Sudan_goat_> (length 321)
../../../CURRENT/PANGROWTH/SEQS/MN072624.1_Goatpox_virus_Sudan_goat_PROKKA/MN072624.1_Goatpox_virus_Sudan_goat:MN072624.1_Goatpox_virus_Sudan_goat_> (length 31)
../../../CURRENT/PANGROWTH/SEQS/MN072624.1_Goatpox_virus_Sudan_goat_PROKKA/MN072624.1_Goatpox_virus_Sudan_goat:MN072624.1_Goatpox_virus_Sudan_goat_> (length 106)
../../../CURRENT/PANGROWTH/SEQS/MN072624.1_Goatpox_virus_Sudan_goat_PROKKA/MN072624.1_Goatpox_virus_Sudan_goat:MN072624.1_Goatpox_virus_Sudan_goat_> (length 72)
../../../CURRENT/PANGROWTH/SEQS/MN072624.1_Goatpox_virus_Sudan_goat_PROKKA/MN072624.1_Goatpox_virus_Sudan_goat:MN072624.1_Goatpox_virus_Sudan_goat_> (length 216)
../../../CURRENT/PANGROWTH/SEQS/MN072624.1_Goatpox_virus_Sudan_goat_PROKKA/MN072624.1_Goatpox_virus_Sudan_goat:MN072624.1_Goatpox_virus_Sudan_goat_> (length 447)
../../../CURRENT/PANGROWTH/SEQS/MN072624.1_Goatpox_virus_Sudan_goat_PROKKA/MN072624.1_Goatpox_virus_Sudan_goat:MN072624.1_Goatpox_virus_Sudan_goat_> (length 49)
../../../CURRENT/PANGROWTH/SEQS/MN072624.1_Goatpox_virus_Sudan_goat_PROKKA/MN072624.1_Goatpox_virus_Sudan_goat:MN072624.1_Goatpox_virus_Sudan_goat_> (length 60)
../../../CURRENT/PANGROWTH/SEQS/MN072624.1_Goatpox_virus_Sudan_goat_PROKKA/MN072624.1_Goatpox_virus_Sudan_goat:MN072624.1_Goatpox_virus_Sudan_goat_> (length 639)
../../../CURRENT/PANGROWTH/SEQS/MN072624.1_Goatpox_virus_Sudan_goat_PROKKA/MN072624.1_Goatpox_virus_Sudan_goat:MN072624.1_Goatpox_virus_Sudan_goat_> (length 370)
../../../CURRENT/PANGROWTH/SEQS/MN072624.1_Goatpox_virus_Sudan_goat_PROKKA/MN072624.1_Goatpox_virus_Sudan_goat:MN072624.1_Goatpox_virus_Sudan_goat_> (length 48)
../../../CURRENT/PANGROWTH/SEQS/MN072624.1_Goatpox_virus_Sudan_goat_PROKKA/MN072624.1_Goatpox_virus_Sudan_goat:MN072624.1_Goatpox_virus_Sudan_goat_> (length 145)
../../../CURRENT/PANGROWTH/SEQS/MN072624.1_Goatpox_virus_Sudan_goat_PROKKA/MN072624.1_Goatpox_virus_Sudan_goat:MN072624.1_Goatpox_virus_Sudan_goat_> (length 219)
../../../CURRENT/PANGROWTH/SEQS/MN072624.1_Goatpox_virus_Sudan_goat_PROKKA/MN072624.1_Goatpox_virus_Sudan_goat:MN072624.1_Goatpox_virus_Sudan_goat_> (length 104)
../../../CURRENT/PANGROWTH/SEQS/MN072624.1_Goatpox_virus_Sudan_goat_PROKKA/MN072624.1_Goatpox_virus_Sudan_goat:MN072624.1_Goatpox_virus_Sudan_goat_> (length 474)
../../../CURRENT/PANGROWTH/SEQS/MN072624.1_Goatpox_virus_Sudan_goat_PROKKA/MN072624.1_Goatpox_virus_Sudan_goat:MN072624.1_Goatpox_virus_Sudan_goat_> (length 735)
../../../CURRENT/PANGROWTH/SEQS/MN072624.1_Goatpox_virus_Sudan_goat_PROKKA/MN072624.1_Goatpox_virus_Sudan_goat:MN072624.1_Goatpox_virus_Sudan_goat_> (length 177)
../../../CURRENT/PANGROWTH/SEQS/MN072624.1_Goatpox_virus_Sudan_goat_PROKKA/MN072624.1_Goatpox_virus_Sudan_goat:MN072624.1_Goatpox_virus_Sudan_goat_> (length 201)
../../../CURRENT/PANGROWTH/SEQS/MN072624.1_Goatpox_virus_Sudan_goat_PROKKA/MN072624.1_Goatpox_virus_Sudan_goat:MN072624.1_Goatpox_virus_Sudan_goat_> (length 377)
../../../CURRENT/PANGROWTH/SEQS/MN072624.1_Goatpox_virus_Sudan_goat_PROKKA/MN072624.1_Goatpox_virus_Sudan_goat:MN072624.1_Goatpox_virus_Sudan_goat_> (length 566)
../../../CURRENT/PANGROWTH/SEQS/MN072624.1_Goatpox_virus_Sudan_goat_PROKKA/MN072624.1_Goatpox_virus_Sudan_goat:MN072624.1_Goatpox_virus_Sudan_goat_> (length 265)
../../../CURRENT/PANGROWTH/SEQS/MN072624.1_Goatpox_virus_Sudan_goat_PROKKA/MN072624.1_Goatpox_virus_Sudan_goat:MN072624.1_Goatpox_virus_Sudan_goat_> (length 1010)
../../../CURRENT/PANGROWTH/SEQS/MN072624.1_Goatpox_virus_Sudan_goat_PROKKA/MN072624.1_Goatpox_virus_Sudan_goat:MN072624.1_Goatpox_virus_Sudan_goat_> (length 95)
../../../CURRENT/PANGROWTH/SEQS/MN072624.1_Goatpox_virus_Sudan_goat_PROKKA/MN072624.1_Goatpox_virus_Sudan_goat:MN072624.1_Goatpox_virus_Sudan_goat_> (length 130)
../../../CURRENT/PANGROWTH/SEQS/MN072624.1_Goatpox_virus_Sudan_goat_PROKKA/MN072624.1_Goatpox_virus_Sudan_goat:MN072624.1_Goatpox_virus_Sudan_goat_> (length 683)
../../../CURRENT/PANGROWTH/SEQS/MN072624.1_Goatpox_virus_Sudan_goat_PROKKA/MN072624.1_Goatpox_virus_Sudan_goat:MN072624.1_Goatpox_virus_Sudan_goat_> (length 314)
../../../CURRENT/PANGROWTH/SEQS/MN072624.1_Goatpox_virus_Sudan_goat_PROKKA/MN072624.1_Goatpox_virus_Sudan_goat:MN072624.1_Goatpox_virus_Sudan_goat_> (length 71)
../../../CURRENT/PANGROWTH/SEQS/MN072624.1_Goatpox_virus_Sudan_goat_PROKKA/MN072624.1_Goatpox_virus_Sudan_goat:MN072624.1_Goatpox_virus_Sudan_goat_> (length 276)
../../../CURRENT/PANGROWTH/SEQS/MN072624.1_Goatpox_virus_Sudan_goat_PROKKA/MN072624.1_Goatpox_virus_Sudan_goat:MN072624.1_Goatpox_virus_Sudan_goat_> (length 78)
../../../CURRENT/PANGROWTH/SEQS/MN072624.1_Goatpox_virus_Sudan_goat_PROKKA/MN072624.1_Goatpox_virus_Sudan_goat:MN072624.1_Goatpox_virus_Sudan_goat_> (length 394)
../../../CURRENT/PANGROWTH/SEQS/MN072624.1_Goatpox_virus_Sudan_goat_PROKKA/MN072624.1_Goatpox_virus_Sudan_goat:MN072624.1_Goatpox_virus_Sudan_goat_> (length 433)
../../../CURRENT/PANGROWTH/SEQS/MN072624.1_Goatpox_virus_Sudan_goat_PROKKA/MN072624.1_Goatpox_virus_Sudan_goat:MN072624.1_Goatpox_virus_Sudan_goat_> (length 676)
../../../CURRENT/PANGROWTH/SEQS/MN072624.1_Goatpox_virus_Sudan_goat_PROKKA/MN072624.1_Goatpox_virus_Sudan_goat:MN072624.1_Goatpox_virus_Sudan_goat_> (length 595)
../../../CURRENT/PANGROWTH/SEQS/MN072624.1_Goatpox_virus_Sudan_goat_PROKKA/MN072624.1_Goatpox_virus_Sudan_goat:MN072624.1_Goatpox_virus_Sudan_goat_> (length 81)
../../../CURRENT/PANGROWTH/SEQS/MN072624.1_Goatpox_virus_Sudan_goat_PROKKA/MN072624.1_Goatpox_virus_Sudan_goat:MN072624.1_Goatpox_virus_Sudan_goat_> (length 222)
../../../CURRENT/PANGROWTH/SEQS/MN072624.1_Goatpox_virus_Sudan_goat_PROKKA/MN072624.1_Goatpox_virus_Sudan_goat:MN072624.1_Goatpox_virus_Sudan_goat_> (length 126)
../../../CURRENT/PANGROWTH/SEQS/MN072624.1_Goatpox_virus_Sudan_goat_PROKKA/MN072624.1_Goatpox_virus_Sudan_goat:MN072624.1_Goatpox_virus_Sudan_goat_> (length 437)
../../../CURRENT/PANGROWTH/SEQS/MN072624.1_Goatpox_virus_Sudan_goat_PROKKA/MN072624.1_Goatpox_virus_Sudan_goat:MN072624.1_Goatpox_virus_Sudan_goat_> (length 63)
../../../CURRENT/PANGROWTH/SEQS/MN072624.1_Goatpox_virus_Sudan_goat_PROKKA/MN072624.1_Goatpox_virus_Sudan_goat:MN072624.1_Goatpox_virus_Sudan_goat_> (length 174)
../../../CURRENT/PANGROWTH/SEQS/MN072624.1_Goatpox_virus_Sudan_goat_PROKKA/MN072624.1_Goatpox_virus_Sudan_goat:MN072624.1_Goatpox_virus_Sudan_goat_> (length 373)
../../../CURRENT/PANGROWTH/SEQS/MN072624.1_Goatpox_virus_Sudan_goat_PROKKA/MN072624.1_Goatpox_virus_Sudan_goat:MN072624.1_Goatpox_virus_Sudan_goat_> (length 260)
../../../CURRENT/PANGROWTH/SEQS/MN072624.1_Goatpox_virus_Sudan_goat_PROKKA/MN072624.1_Goatpox_virus_Sudan_goat:MN072624.1_Goatpox_virus_Sudan_goat_> (length 336)
../../../CURRENT/PANGROWTH/SEQS/MN072624.1_Goatpox_virus_Sudan_goat_PROKKA/MN072624.1_Goatpox_virus_Sudan_goat:MN072624.1_Goatpox_virus_Sudan_goat_> (length 245)
../../../CURRENT/PANGROWTH/SEQS/MN072624.1_Goatpox_virus_Sudan_goat_PROKKA/MN072624.1_Goatpox_virus_Sudan_goat:MN072624.1_Goatpox_virus_Sudan_goat_> (length 92)
../../../CURRENT/PANGROWTH/SEQS/MN072624.1_Goatpox_virus_Sudan_goat_PROKKA/MN072624.1_Goatpox_virus_Sudan_goat:MN072624.1_Goatpox_virus_Sudan_goat_> (length 318)
../../../CURRENT/PANGROWTH/SEQS/MN072624.1_Goatpox_virus_Sudan_goat_PROKKA/MN072624.1_Goatpox_virus_Sudan_goat:MN072624.1_Goatpox_virus_Sudan_goat_> (length 253)
../../../CURRENT/PANGROWTH/SEQS/MN072624.1_Goatpox_virus_Sudan_goat_PROKKA/MN072624.1_Goatpox_virus_Sudan_goat:MN072624.1_Goatpox_virus_Sudan_goat_> (length 131)
../../../CURRENT/PANGROWTH/SEQS/MN072624.1_Goatpox_virus_Sudan_goat_PROKKA/MN072624.1_Goatpox_virus_Sudan_goat:MN072624.1_Goatpox_virus_Sudan_goat_> (length 147)
../../../CURRENT/PANGROWTH/SEQS/MN072624.1_Goatpox_virus_Sudan_goat_PROKKA/MN072624.1_Goatpox_virus_Sudan_goat:MN072624.1_Goatpox_virus_Sudan_goat_> (length 177)
../../../CURRENT/PANGROWTH/SEQS/MN072624.1_Goatpox_virus_Sudan_goat_PROKKA/MN072624.1_Goatpox_virus_Sudan_goat:MN072624.1_Goatpox_virus_Sudan_goat_> (length 197)
../../../CURRENT/PANGROWTH/SEQS/MN072624.1_Goatpox_virus_Sudan_goat_PROKKA/MN072624.1_Goatpox_virus_Sudan_goat:MN072624.1_Goatpox_virus_Sudan_goat_> (length 333)
../../../CURRENT/PANGROWTH/SEQS/MN072624.1_Goatpox_virus_Sudan_goat_PROKKA/MN072624.1_Goatpox_virus_Sudan_goat:MN072624.1_Goatpox_virus_Sudan_goat_> (length 133)
../../../CURRENT/PANGROWTH/SEQS/MN072624.1_Goatpox_virus_Sudan_goat_PROKKA/MN072624.1_Goatpox_virus_Sudan_goat:MN072624.1_Goatpox_virus_Sudan_goat_> (length 1285)
../../../CURRENT/PANGROWTH/SEQS/MN072624.1_Goatpox_virus_Sudan_goat_PROKKA/MN072624.1_Goatpox_virus_Sudan_goat:MN072624.1_Goatpox_virus_Sudan_goat_> (length 171)
../../../CURRENT/PANGROWTH/SEQS/MN072624.1_Goatpox_virus_Sudan_goat_PROKKA/MN072624.1_Goatpox_virus_Sudan_goat:MN072624.1_Goatpox_virus_Sudan_goat_> (length 190)
../../../CURRENT/PANGROWTH/SEQS/MN072624.1_Goatpox_virus_Sudan_goat_PROKKA/MN072624.1_Goatpox_virus_Sudan_goat:MN072624.1_Goatpox_virus_Sudan_goat_> (length 322)
../../../CURRENT/PANGROWTH/SEQS/MN072624.1_Goatpox_virus_Sudan_goat_PROKKA/MN072624.1_Goatpox_virus_Sudan_goat:MN072624.1_Goatpox_virus_Sudan_goat_> (length 798)
../../../CURRENT/PANGROWTH/SEQS/MN072624.1_Goatpox_virus_Sudan_goat_PROKKA/MN072624.1_Goatpox_virus_Sudan_goat:MN072624.1_Goatpox_virus_Sudan_goat_> (length 232)
../../../CURRENT/PANGROWTH/SEQS/MN072624.1_Goatpox_virus_Sudan_goat_PROKKA/MN072624.1_Goatpox_virus_Sudan_goat:MN072624.1_Goatpox_virus_Sudan_goat_> (length 317)
../../../CURRENT/PANGROWTH/SEQS/MN072624.1_Goatpox_virus_Sudan_goat_PROKKA/MN072624.1_Goatpox_virus_Sudan_goat:MN072624.1_Goatpox_virus_Sudan_goat_> (length 147)
../../../CURRENT/PANGROWTH/SEQS/MN072624.1_Goatpox_virus_Sudan_goat_PROKKA/MN072624.1_Goatpox_virus_Sudan_goat:MN072624.1_Goatpox_virus_Sudan_goat_> (length 842)
../../../CURRENT/PANGROWTH/SEQS/MN072624.1_Goatpox_virus_Sudan_goat_PROKKA/MN072624.1_Goatpox_virus_Sudan_goat:MN072624.1_Goatpox_virus_Sudan_goat_> (length 155)
../../../CURRENT/PANGROWTH/SEQS/MN072624.1_Goatpox_virus_Sudan_goat_PROKKA/MN072624.1_Goatpox_virus_Sudan_goat:MN072624.1_Goatpox_virus_Sudan_goat_> (length 245)
../../../CURRENT/PANGROWTH/SEQS/MN072624.1_Goatpox_virus_Sudan_goat_PROKKA/MN072624.1_Goatpox_virus_Sudan_goat:MN072624.1_Goatpox_virus_Sudan_goat_> (length 218)
../../../CURRENT/PANGROWTH/SEQS/MN072624.1_Goatpox_virus_Sudan_goat_PROKKA/MN072624.1_Goatpox_virus_Sudan_goat:MN072624.1_Goatpox_virus_Sudan_goat_> (length 786)
../../../CURRENT/PANGROWTH/SEQS/MN072624.1_Goatpox_virus_Sudan_goat_PROKKA/MN072624.1_Goatpox_virus_Sudan_goat:MN072624.1_Goatpox_virus_Sudan_goat_> (length 635)
../../../CURRENT/PANGROWTH/SEQS/MN072624.1_Goatpox_virus_Sudan_goat_PROKKA/MN072624.1_Goatpox_virus_Sudan_goat:MN072624.1_Goatpox_virus_Sudan_goat_> (length 163)
../../../CURRENT/PANGROWTH/SEQS/MN072624.1_Goatpox_virus_Sudan_goat_PROKKA/MN072624.1_Goatpox_virus_Sudan_goat:MN072624.1_Goatpox_virus_Sudan_goat_> (length 213)
../../../CURRENT/PANGROWTH/SEQS/MN072624.1_Goatpox_virus_Sudan_goat_PROKKA/MN072624.1_Goatpox_virus_Sudan_goat:MN072624.1_Goatpox_virus_Sudan_goat_> (length 253)
../../../CURRENT/PANGROWTH/SEQS/MN072624.1_Goatpox_virus_Sudan_goat_PROKKA/MN072624.1_Goatpox_virus_Sudan_goat:MN072624.1_Goatpox_virus_Sudan_goat_> (length 635)
../../../CURRENT/PANGROWTH/SEQS/MN072624.1_Goatpox_virus_Sudan_goat_PROKKA/MN072624.1_Goatpox_virus_Sudan_goat:MN072624.1_Goatpox_virus_Sudan_goat_> (length 287)
../../../CURRENT/PANGROWTH/SEQS/MN072624.1_Goatpox_virus_Sudan_goat_PROKKA/MN072624.1_Goatpox_virus_Sudan_goat:MN072624.1_Goatpox_virus_Sudan_goat_> (length 549)
../../../CURRENT/PANGROWTH/SEQS/MN072624.1_Goatpox_virus_Sudan_goat_PROKKA/MN072624.1_Goatpox_virus_Sudan_goat:MN072624.1_Goatpox_virus_Sudan_goat_> (length 150)
../../../CURRENT/PANGROWTH/SEQS/MN072624.1_Goatpox_virus_Sudan_goat_PROKKA/MN072624.1_Goatpox_virus_Sudan_goat:MN072624.1_Goatpox_virus_Sudan_goat_> (length 232)
../../../CURRENT/PANGROWTH/SEQS/MN072624.1_Goatpox_virus_Sudan_goat_PROKKA/MN072624.1_Goatpox_virus_Sudan_goat:MN072624.1_Goatpox_virus_Sudan_goat_> (length 75)
../../../CURRENT/PANGROWTH/SEQS/MN072624.1_Goatpox_virus_Sudan_goat_PROKKA/MN072624.1_Goatpox_virus_Sudan_goat:MN072624.1_Goatpox_virus_Sudan_goat_> (length 661)
../../../CURRENT/PANGROWTH/SEQS/MN072624.1_Goatpox_virus_Sudan_goat_PROKKA/MN072624.1_Goatpox_virus_Sudan_goat:MN072624.1_Goatpox_virus_Sudan_goat_> (length 161)
../../../CURRENT/PANGROWTH/SEQS/MN072624.1_Goatpox_virus_Sudan_goat_PROKKA/MN072624.1_Goatpox_virus_Sudan_goat:MN072624.1_Goatpox_virus_Sudan_goat_> (length 169)
../../../CURRENT/PANGROWTH/SEQS/MN072624.1_Goatpox_virus_Sudan_goat_PROKKA/MN072624.1_Goatpox_virus_Sudan_goat:MN072624.1_Goatpox_virus_Sudan_goat_> (length 375)
../../../CURRENT/PANGROWTH/SEQS/MN072624.1_Goatpox_virus_Sudan_goat_PROKKA/MN072624.1_Goatpox_virus_Sudan_goat:MN072624.1_Goatpox_virus_Sudan_goat_> (length 714)
../../../CURRENT/PANGROWTH/SEQS/MN072624.1_Goatpox_virus_Sudan_goat_PROKKA/MN072624.1_Goatpox_virus_Sudan_goat:MN072624.1_Goatpox_virus_Sudan_goat_> (length 292)
../../../CURRENT/PANGROWTH/SEQS/MN072624.1_Goatpox_virus_Sudan_goat_PROKKA/MN072624.1_Goatpox_virus_Sudan_goat:MN072624.1_Goatpox_virus_Sudan_goat_> (length 78)
../../../CURRENT/PANGROWTH/SEQS/MN072624.1_Goatpox_virus_Sudan_goat_PROKKA/MN072624.1_Goatpox_virus_Sudan_goat:MN072624.1_Goatpox_virus_Sudan_goat_> (length 904)
../../../CURRENT/PANGROWTH/SEQS/MN072624.1_Goatpox_virus_Sudan_goat_PROKKA/MN072624.1_Goatpox_virus_Sudan_goat:MN072624.1_Goatpox_virus_Sudan_goat_> (length 317)
../../../CURRENT/PANGROWTH/SEQS/MN072624.1_Goatpox_virus_Sudan_goat_PROKKA/MN072624.1_Goatpox_virus_Sudan_goat:MN072624.1_Goatpox_virus_Sudan_goat_> (length 190)
../../../CURRENT/PANGROWTH/SEQS/MN072624.1_Goatpox_virus_Sudan_goat_PROKKA/MN072624.1_Goatpox_virus_Sudan_goat:MN072624.1_Goatpox_virus_Sudan_goat_> (length 67)
../../../CURRENT/PANGROWTH/SEQS/MN072624.1_Goatpox_virus_Sudan_goat_PROKKA/MN072624.1_Goatpox_virus_Sudan_goat:MN072624.1_Goatpox_virus_Sudan_goat_> (length 95)
../../../CURRENT/PANGROWTH/SEQS/MN072624.1_Goatpox_virus_Sudan_goat_PROKKA/MN072624.1_Goatpox_virus_Sudan_goat:MN072624.1_Goatpox_virus_Sudan_goat_> (length 95)
../../../CURRENT/PANGROWTH/SEQS/MN072624.1_Goatpox_virus_Sudan_goat_PROKKA/MN072624.1_Goatpox_virus_Sudan_goat:MN072624.1_Goatpox_virus_Sudan_goat_> (length 377)
../../../CURRENT/PANGROWTH/SEQS/MN072624.1_Goatpox_virus_Sudan_goat_PROKKA/MN072624.1_Goatpox_virus_Sudan_goat:MN072624.1_Goatpox_virus_Sudan_goat_> (length 193)
../../../CURRENT/PANGROWTH/SEQS/MN072624.1_Goatpox_virus_Sudan_goat_PROKKA/MN072624.1_Goatpox_virus_Sudan_goat:MN072624.1_Goatpox_virus_Sudan_goat_> (length 480)
../../../CURRENT/PANGROWTH/SEQS/MN072624.1_Goatpox_virus_Sudan_goat_PROKKA/MN072624.1_Goatpox_virus_Sudan_goat:MN072624.1_Goatpox_virus_Sudan_goat_> (length 74)
../../../CURRENT/PANGROWTH/SEQS/MN072624.1_Goatpox_virus_Sudan_goat_PROKKA/MN072624.1_Goatpox_virus_Sudan_goat:MN072624.1_Goatpox_virus_Sudan_goat_> (length 52)
../../../CURRENT/PANGROWTH/SEQS/MN072624.1_Goatpox_virus_Sudan_goat_PROKKA/MN072624.1_Goatpox_virus_Sudan_goat:MN072624.1_Goatpox_virus_Sudan_goat_> (length 430)
../../../CURRENT/PANGROWTH/SEQS/MN072624.1_Goatpox_virus_Sudan_goat_PROKKA/MN072624.1_Goatpox_virus_Sudan_goat:MN072624.1_Goatpox_virus_Sudan_goat_> (length 166)
../../../CURRENT/PANGROWTH/SEQS/MN072624.1_Goatpox_virus_Sudan_goat_PROKKA/MN072624.1_Goatpox_virus_Sudan_goat:MN072624.1_Goatpox_virus_Sudan_goat_> (length 385)
../../../CURRENT/PANGROWTH/SEQS/MN072624.1_Goatpox_virus_Sudan_goat_PROKKA/MN072624.1_Goatpox_virus_Sudan_goat:MN072624.1_Goatpox_virus_Sudan_goat_> (length 1156)
../../../CURRENT/PANGROWTH/SEQS/MN072624.1_Goatpox_virus_Sudan_goat_PROKKA/MN072624.1_Goatpox_virus_Sudan_goat:MN072624.1_Goatpox_virus_Sudan_goat_> (length 148)
../../../CURRENT/PANGROWTH/SEQS/MN072624.1_Goatpox_virus_Sudan_goat_PROKKA/MN072624.1_Goatpox_virus_Sudan_goat:MN072624.1_Goatpox_virus_Sudan_goat_> (length 140)
../../../CURRENT/PANGROWTH/SEQS/MN072624.1_Goatpox_virus_Sudan_goat_PROKKA/MN072624.1_Goatpox_virus_Sudan_goat:MN072624.1_Goatpox_virus_Sudan_goat_> (length 303)
../../../CURRENT/PANGROWTH/SEQS/MN072624.1_Goatpox_virus_Sudan_goat_PROKKA/MN072624.1_Goatpox_virus_Sudan_goat:MN072624.1_Goatpox_virus_Sudan_goat_> (length 74)
../../../CURRENT/PANGROWTH/SEQS/MN072624.1_Goatpox_virus_Sudan_goat_PROKKA/MN072624.1_Goatpox_virus_Sudan_goat:MN072624.1_Goatpox_virus_Sudan_goat_> (length 41)
../../../CURRENT/PANGROWTH/SEQS/MN072624.1_Goatpox_virus_Sudan_goat_PROKKA/MN072624.1_Goatpox_virus_Sudan_goat:MN072624.1_Goatpox_virus_Sudan_goat_> (length 253)
../../../CURRENT/PANGROWTH/SEQS/MN072624.1_Goatpox_virus_Sudan_goat_PROKKA/MN072624.1_Goatpox_virus_Sudan_goat:MN072624.1_Goatpox_virus_Sudan_goat_> (length 198)
../../../CURRENT/PANGROWTH/SEQS/MN072624.1_Goatpox_virus_Sudan_goat_PROKKA/MN072624.1_Goatpox_virus_Sudan_goat:MN072624.1_Goatpox_virus_Sudan_goat_> (length 171)
../../../CURRENT/PANGROWTH/SEQS/MN072624.1_Goatpox_virus_Sudan_goat_PROKKA/MN072624.1_Goatpox_virus_Sudan_goat:MN072624.1_Goatpox_virus_Sudan_goat_> (length 191)
../../../CURRENT/PANGROWTH/SEQS/MN072624.1_Goatpox_virus_Sudan_goat_PROKKA/MN072624.1_Goatpox_virus_Sudan_goat:MN072624.1_Goatpox_virus_Sudan_goat_> (length 288)
../../../CURRENT/PANGROWTH/SEQS/MN072624.1_Goatpox_virus_Sudan_goat_PROKKA/MN072624.1_Goatpox_virus_Sudan_goat:MN072624.1_Goatpox_virus_Sudan_goat_> (length 172)
../../../CURRENT/PANGROWTH/SEQS/MN072624.1_Goatpox_virus_Sudan_goat_PROKKA/MN072624.1_Goatpox_virus_Sudan_goat:MN072624.1_Goatpox_virus_Sudan_goat_> (length 273)
../../../CURRENT/PANGROWTH/SEQS/MN072624.1_Goatpox_virus_Sudan_goat_PROKKA/MN072624.1_Goatpox_virus_Sudan_goat:MN072624.1_Goatpox_virus_Sudan_goat_> (length 301)
../../../CURRENT/PANGROWTH/SEQS/MN072624.1_Goatpox_virus_Sudan_goat_PROKKA/MN072624.1_Goatpox_virus_Sudan_goat:MN072624.1_Goatpox_virus_Sudan_goat_> (length 116)
../../../CURRENT/PANGROWTH/SEQS/MN072624.1_Goatpox_virus_Sudan_goat_PROKKA/MN072624.1_Goatpox_virus_Sudan_goat:MN072624.1_Goatpox_virus_Sudan_goat_> (length 81)
../../../CURRENT/PANGROWTH/SEQS/MN072624.1_Goatpox_virus_Sudan_goat_PROKKA/MN072624.1_Goatpox_virus_Sudan_goat:MN072624.1_Goatpox_virus_Sudan_goat_> (length 161)
../../../CURRENT/PANGROWTH/SEQS/MN072624.1_Goatpox_virus_Sudan_goat_PROKKA/MN072624.1_Goatpox_virus_Sudan_goat:MN072624.1_Goatpox_virus_Sudan_goat_> (length 554)
../../../CURRENT/PANGROWTH/SEQS/MN072624.1_Goatpox_virus_Sudan_goat_PROKKA/MN072624.1_Goatpox_virus_Sudan_goat:MN072624.1_Goatpox_virus_Sudan_goat_> (length 2024)
../../../CURRENT/PANGROWTH/SEQS/MN072624.1_Goatpox_virus_Sudan_goat_PROKKA/MN072624.1_Goatpox_virus_Sudan_goat:MN072624.1_Goatpox_virus_Sudan_goat_> (length 361)
../../../CURRENT/PANGROWTH/SEQS/MN072624.1_Goatpox_virus_Sudan_goat_PROKKA/MN072624.1_Goatpox_virus_Sudan_goat:MN072624.1_Goatpox_virus_Sudan_goat_> (length 153)
../../../CURRENT/PANGROWTH/SEQS/MN072624.1_Goatpox_virus_Sudan_goat_PROKKA/MN072624.1_Goatpox_virus_Sudan_goat:MN072624.1_Goatpox_virus_Sudan_goat_> (length 335)
../../../CURRENT/PANGROWTH/SEQS/MN072624.1_Goatpox_virus_Sudan_goat_PROKKA/MN072624.1_Goatpox_virus_Sudan_goat:MN072624.1_Goatpox_virus_Sudan_goat_> (length 195)
../../../CURRENT/PANGROWTH/SEQS/MN072624.1_Goatpox_virus_Sudan_goat_PROKKA/MN072624.1_Goatpox_virus_Sudan_goat:MN072624.1_Goatpox_virus_Sudan_goat_> (length 305)
../../../CURRENT/PANGROWTH/SEQS/MN072624.1_Goatpox_virus_Sudan_goat_PROKKA/MN072624.1_Goatpox_virus_Sudan_goat:MN072624.1_Goatpox_virus_Sudan_goat_> (length 240)
../../../CURRENT/PANGROWTH/SEQS/MN072624.1_Goatpox_virus_Sudan_goat_PROKKA/MN072624.1_Goatpox_virus_Sudan_goat:MN072624.1_Goatpox_virus_Sudan_goat_> (length 225)
../../../CURRENT/PANGROWTH/SEQS/MN072624.1_Goatpox_virus_Sudan_goat_PROKKA/MN072624.1_Goatpox_virus_Sudan_goat:MN072624.1_Goatpox_virus_Sudan_goat_> (length 135)
../../../CURRENT/PANGROWTH/SEQS/MN072624.1_Goatpox_virus_Sudan_goat_PROKKA/MN072624.1_Goatpox_virus_Sudan_goat:MN072624.1_Goatpox_virus_Sudan_goat_> (length 302)
../../../CURRENT/PANGROWTH/SEQS/MN072624.1_Goatpox_virus_Sudan_goat_PROKKA/MN072624.1_Goatpox_virus_Sudan_goat:MN072624.1_Goatpox_virus_Sudan_goat_> (length 547)
../../../CURRENT/PANGROWTH/SEQS/MN072624.1_Goatpox_virus_Sudan_goat_PROKKA/MN072624.1_Goatpox_virus_Sudan_goat:MN072624.1_Goatpox_virus_Sudan_goat_> (length 634)
../../../CURRENT/PANGROWTH/SEQS/MN072624.1_Goatpox_virus_Sudan_goat_PROKKA/MN072624.1_Goatpox_virus_Sudan_goat:MN072624.1_Goatpox_virus_Sudan_goat_> (length 412)
../../../CURRENT/PANGROWTH/SEQS/MN072624.1_Goatpox_virus_Sudan_goat_PROKKA/MN072624.1_Goatpox_virus_Sudan_goat:MN072624.1_Goatpox_virus_Sudan_goat_> (length 498)
../../../CURRENT/PANGROWTH/SEQS/MN072624.1_Goatpox_virus_Sudan_goat_PROKKA/MN072624.1_Goatpox_virus_Sudan_goat:MN072624.1_Goatpox_virus_Sudan_goat_> (length 447)
../../../CURRENT/PANGROWTH/SEQS/MN072624.1_Goatpox_virus_Sudan_goat_PROKKA/MN072624.1_Goatpox_virus_Sudan_goat:MN072624.1_Goatpox_virus_Sudan_goat_> (length 337)
../../../CURRENT/PANGROWTH/SEQS/MN072624.1_Goatpox_virus_Sudan_goat_PROKKA/MN072624.1_Goatpox_virus_Sudan_goat:MN072624.1_Goatpox_virus_Sudan_goat_> (length 161)
../../../CURRENT/PANGROWTH/SEQS/MN072624.1_Goatpox_virus_Sudan_goat_PROKKA/MN072624.1_Goatpox_virus_Sudan_goat:MN072624.1_Goatpox_virus_Sudan_goat_> (length 552)
../../../CURRENT/PANGROWTH/SEQS/MN072624.1_Goatpox_virus_Sudan_goat_PROKKA/MN072624.1_Goatpox_virus_Sudan_goat:MN072624.1_Goatpox_virus_Sudan_goat_> (length 448)
../../../CURRENT/PANGROWTH/SEQS/MN072624.1_Goatpox_virus_Sudan_goat_PROKKA/MN072624.1_Goatpox_virus_Sudan_goat:MN072624.1_Goatpox_virus_Sudan_goat_> (length 73)
../../../CURRENT/PANGROWTH/SEQS/MN072624.1_Goatpox_virus_Sudan_goat_PROKKA/MN072624.1_Goatpox_virus_Sudan_goat:MN072624.1_Goatpox_virus_Sudan_goat_> (length 240)

DiscRep_ALL:DISC_INCONSISTENT_MOLINFO_TECH::Molinfo Technique Report (some missing, all same)
DiscRep_SUB:DISC_INCONSISTENT_MOLINFO_TECH::technique (all missing)
DiscRep_SUB:DISC_INCONSISTENT_MOLINFO_TECH::1 Molinfos are missing field technique
../../../CURRENT/PANGROWTH/SEQS/MN072624.1_Goatpox_virus_Sudan_goat_PROKKA/MN072624.1_Goatpox_virus_Sudan_goat:MN072624.1_Goatpox_virus_Sudan_goat (length 150347, 2001 gap)

DiscRep_ALL:DISC_GAPS::1 sequences contain gaps
../../../CURRENT/PANGROWTH/SEQS/MN072624.1_Goatpox_virus_Sudan_goat_PROKKA/MN072624.1_Goatpox_virus_Sudan_goat:MN072624.1_Goatpox_virus_Sudan_goat (length 150347, 2001 gap)

