#                                                                                                                                 --- full sequence --- -------------- this domain -------------   hmm coord   ali coord   env coord
# target name                                                             accession   tlen query name           accession   qlen   E-value  score  bias   #  of  c-Evalue  i-Evalue  score  bias  from    to  from    to  from    to  acc description of target
#                                                     ------------------- ---------- ----- -------------------- ---------- ----- --------- ------ ----- --- --- --------- --------- ------ ----- ----- ----- ----- ----- ----- ----- ---- ---------------------
MN072626.1_Sheeppox_virus_Abu_Gharib_Iraq_sheep_67                        -           1286 10at10240            -           1113         0 1690.1  53.4   1   1         0         0 1680.0  53.4     1  1105     1  1261     1  1269 0.90 # 59026 # 62883 # 1 # ID=20_67;partial=00;start_type=ATG;rbs_motif=AAAA;rbs_spacer=15bp;gc_cont=0.289
MN072627.1_Sheeppox_virus_Saudi_Arabia_vaccine_sheep_67                   -           1286 10at10240            -           1113         0 1690.1  53.4   1   1         0         0 1680.0  53.4     1  1105     1  1261     1  1269 0.90 # 59067 # 62924 # 1 # ID=19_67;partial=00;start_type=ATG;rbs_motif=AAAA;rbs_spacer=15bp;gc_cont=0.288
AY077834.1_Sheeppox_virus_NISKHI_1994_68                                  -           1286 10at10240            -           1113         0 1689.9  53.6   1   1         0         0 1679.8  53.6     1  1105     1  1261     1  1269 0.90 # 59474 # 63331 # 1 # ID=24_68;partial=00;start_type=ATG;rbs_motif=AAAA;rbs_spacer=15bp;gc_cont=0.288
MW020571.1_Sheeppox_virus_V104_sheep_68                                   -           1286 10at10240            -           1113         0 1689.9  53.6   1   1         0         0 1679.8  53.6     1  1105     1  1261     1  1269 0.90 # 59814 # 63671 # 1 # ID=14_68;partial=00;start_type=ATG;rbs_motif=AAAA;rbs_spacer=15bp;gc_cont=0.288
MW167070.1_Sheeppox_virus_V123_IndiaSurankote_2013_sheep_68               -           1286 10at10240            -           1113         0 1689.9  53.6   1   1         0         0 1679.8  53.6     1  1105     1  1261     1  1269 0.90 # 59737 # 63594 # 1 # ID=13_68;partial=00;start_type=ATG;rbs_motif=AAAA;rbs_spacer=15bp;gc_cont=0.288
AY077832.1_Sheeppox_virus_10700_99_TU_V02127_1970_sheep_67                -           1286 10at10240            -           1113         0 1689.8  53.9   1   1         0         0 1679.7  53.9     1  1105     1  1261     1  1269 0.90 # 59559 # 63416 # 1 # ID=23_67;partial=00;start_type=ATG;rbs_motif=AAAA;rbs_spacer=15bp;gc_cont=0.288
AY077833.1_Sheeppox_virus_A_1987_sheep_67                                 -           1286 10at10240            -           1113         0 1689.8  53.9   1   1         0         0 1679.7  53.9     1  1105     1  1261     1  1269 0.90 # 59668 # 63525 # 1 # ID=25_67;partial=00;start_type=ATG;rbs_motif=AAAA;rbs_spacer=15bp;gc_cont=0.288
KT438550.1_Sheeppox_virus_SPPV_GH_China_11_Apr_2013_Ovis_aries_67         -           1286 10at10240            -           1113         0 1689.8  53.9   1   1         0         0 1679.7  53.9     1  1105     1  1261     1  1269 0.90 # 59738 # 63595 # 1 # ID=22_67;partial=00;start_type=ATG;rbs_motif=AAAA;rbs_spacer=15bp;gc_cont=0.288
KT438551.1_Sheeppox_virus_SPPV_GL_China_11_Apr_2013_Ovis_aries_67         -           1286 10at10240            -           1113         0 1689.8  53.9   1   1         0         0 1679.7  53.9     1  1105     1  1261     1  1269 0.90 # 59734 # 63591 # 1 # ID=21_67;partial=00;start_type=ATG;rbs_motif=AAAA;rbs_spacer=15bp;gc_cont=0.288
MN072628.1_Sheeppox_virus_Nigeria_sheep_67                                -           1286 10at10240            -           1113         0 1689.8  53.9   1   1         0         0 1679.7  53.9     1  1105     1  1261     1  1269 0.90 # 59617 # 63474 # 1 # ID=18_67;partial=00;start_type=ATG;rbs_motif=AAAA;rbs_spacer=15bp;gc_cont=0.288
MN072629.1_Sheeppox_virus_Pendik_sheep_67                                 -           1286 10at10240            -           1113         0 1689.8  53.9   1   1         0         0 1679.7  53.9     1  1105     1  1261     1  1269 0.90 # 59727 # 63584 # 1 # ID=17_67;partial=00;start_type=ATG;rbs_motif=AAAA;rbs_spacer=15bp;gc_cont=0.288
MN072630.1_Sheeppox_virus_Saudi_Arabia_sheep_67                           -           1286 10at10240            -           1113         0 1689.8  53.9   1   1         0         0 1679.7  53.9     1  1105     1  1261     1  1269 0.90 # 59723 # 63580 # 1 # ID=16_67;partial=00;start_type=ATG;rbs_motif=AAAA;rbs_spacer=15bp;gc_cont=0.288
MN072631.1_Sheeppox_virus_Turkey_vaccine_sheep_67                         -           1286 10at10240            -           1113         0 1689.8  53.9   1   1         0         0 1679.7  53.9     1  1105     1  1261     1  1269 0.90 # 59725 # 63582 # 1 # ID=15_67;partial=00;start_type=ATG;rbs_motif=AAAA;rbs_spacer=15bp;gc_cont=0.288
MT137384.1_Sheeppox_virus_Srinagar_passage_40_vaccine_India_2000_sheep_68 -           1286 10at10240            -           1113         0 1689.8  53.9   1   1         0         0 1679.7  53.9     1  1105     1  1261     1  1269 0.90 # 59700 # 63557 # 1 # ID=11_68;partial=00;start_type=ATG;rbs_motif=AAAA;rbs_spacer=15bp;gc_cont=0.288
NC_004002.1_Sheeppox_virus_17077_99_1970_sheep_67                         -           1286 10at10240            -           1113         0 1689.8  53.9   1   1         0         0 1679.7  53.9     1  1105     1  1261     1  1269 0.90 # 59559 # 63416 # 1 # ID=7_67;partial=00;start_type=ATG;rbs_motif=AAAA;rbs_spacer=15bp;gc_cont=0.288
ON961655.1_Sheeppox_virus_Moscow_Russia_2018_ovine_68                     -           1286 10at10240            -           1113         0 1689.8  53.9   1   1         0         0 1679.7  53.9     1  1105     1  1261     1  1269 0.90 # 59636 # 63493 # 1 # ID=10_68;partial=00;start_type=ATG;rbs_motif=AAAA;rbs_spacer=15bp;gc_cont=0.288
ON961656.1_Sheeppox_virus_Moscow_Russia_2019_ovine_68                     -           1286 10at10240            -           1113         0 1689.8  53.9   1   1         0         0 1679.7  53.9     1  1105     1  1261     1  1269 0.90 # 59448 # 63305 # 1 # ID=9_68;partial=00;start_type=ATG;rbs_motif=AAAA;rbs_spacer=15bp;gc_cont=0.288
ON961657.1_Sheeppox_virus_Tula_Russia_2019_ovine_68                       -           1286 10at10240            -           1113         0 1689.8  53.9   1   1         0         0 1679.7  53.9     1  1105     1  1261     1  1269 0.90 # 59449 # 63306 # 1 # ID=8_68;partial=00;start_type=ATG;rbs_motif=AAAA;rbs_spacer=15bp;gc_cont=0.288
OQ434235.1_Sheeppox_virus_SPPV_Amur_Russia_2018_Russia_2018_Ovine_67      -           1286 10at10240            -           1113         0 1689.8  53.9   1   1         0         0 1679.7  53.9     1  1105     1  1261     1  1269 0.90 # 59469 # 63326 # 1 # ID=5_67;partial=00;start_type=ATG;rbs_motif=AAAA;rbs_spacer=15bp;gc_cont=0.288
OQ434237.1_Sheeppox_virus_SPPV_Kostroma_Russia_2020_Russia_2020_Ovine_68  -           1286 10at10240            -           1113         0 1689.8  53.9   1   1         0         0 1679.7  53.9     1  1105     1  1261     1  1269 0.90 # 59471 # 63328 # 1 # ID=3_68;partial=00;start_type=ATG;rbs_motif=AAAA;rbs_spacer=15bp;gc_cont=0.288
OQ434238.1_Sheeppox_virus_SPPV_Pskov_Russia_2019_Russia_2019_Ovine_68     -           1286 10at10240            -           1113         0 1689.8  53.9   1   1         0         0 1679.7  53.9     1  1105     1  1261     1  1269 0.90 # 59472 # 63329 # 1 # ID=2_68;partial=00;start_type=ATG;rbs_motif=AAAA;rbs_spacer=15bp;gc_cont=0.288
OQ434239.1_Sheeppox_virus_SPPV_Tver_Russia_2019_Russia_2019_Ovine_68      -           1286 10at10240            -           1113         0 1689.8  53.9   1   1         0         0 1679.7  53.9     1  1105     1  1261     1  1269 0.90 # 59473 # 63330 # 1 # ID=1_68;partial=00;start_type=ATG;rbs_motif=AAAA;rbs_spacer=15bp;gc_cont=0.288
OR239060.1_Sheeppox_virus_V330_United_Arab_Emirates_2017_sheep_68         -           1286 10at10240            -           1113         0 1689.8  53.9   1   1         0         0 1679.7  53.9     1  1105     1  1261     1  1269 0.90 # 59811 # 63668 # 1 # ID=6_68;partial=00;start_type=ATG;rbs_motif=AAAA;rbs_spacer=15bp;gc_cont=0.288
OQ434236.1_Sheeppox_virus_SPPV_Dagestan_Russia_2020_Russia_2020_Ovine_70  -           1286 10at10240            -           1113         0 1688.7  54.0   1   2         0         0 1484.8  45.0     1   944     1  1050     1  1059 0.93 # 59472 # 63329 # 1 # ID=4_70;partial=00;start_type=ATG;rbs_motif=AAAA;rbs_spacer=15bp;gc_cont=0.288
OQ434236.1_Sheeppox_virus_SPPV_Dagestan_Russia_2020_Russia_2020_Ovine_70  -           1286 10at10240            -           1113         0 1688.7  54.0   2   2   8.6e-65   1.3e-62  209.5   1.7   936  1105  1063  1261  1054  1267 0.87 # 59472 # 63329 # 1 # ID=4_70;partial=00;start_type=ATG;rbs_motif=AAAA;rbs_spacer=15bp;gc_cont=0.288
MW167071.1_Sheeppox_virus_V293_Egypt_2018_sheep_67                        -           1286 10at10240            -           1113         0 1688.3  54.1   1   1         0         0 1678.1  54.1     1  1105     1  1261     1  1269 0.90 # 59812 # 63669 # 1 # ID=12_67;partial=00;start_type=ATG;rbs_motif=AAAA;rbs_spacer=15bp;gc_cont=0.288
#
# Program:         hmmsearch
# Version:         3.3.2 (Nov 2020)
# Pipeline mode:   SEARCH
# Query file:      /mnt/lustre/RDS-live/downing/LSDV_PVG/SHEEPPOXVIRUS/busco_downloads/lineages/poxviridae_odb10/hmms/10at10240.hmm
# Target file:     /mnt/lustre/RDS-live/downing/LSDV_PVG/SHEEPPOXVIRUS/BUSCO/prodigal_output/predicted_genes/predicted.faa
# Option settings: hmmsearch --domtblout /mnt/lustre/RDS-live/downing/LSDV_PVG/SHEEPPOXVIRUS/BUSCO/run_poxviridae_odb10/hmmer_output/10at10240.out --cpu 1 /mnt/lustre/RDS-live/downing/LSDV_PVG/SHEEPPOXVIRUS/busco_downloads/lineages/poxviridae_odb10/hmms/10at10240.hmm /mnt/lustre/RDS-live/downing/LSDV_PVG/SHEEPPOXVIRUS/BUSCO/prodigal_output/predicted_genes/predicted.faa 
# Current dir:     /mnt/lustre/RDS-live/downing/LSDV_PVG/SHEEPPOXVIRUS
# Date:            Tue Apr 16 16:00:07 2024
# [ok]
