#                                                                                                                                 --- full sequence --- -------------- this domain -------------   hmm coord   ali coord   env coord
# target name                                                             accession   tlen query name           accession   qlen   E-value  score  bias   #  of  c-Evalue  i-Evalue  score  bias  from    to  from    to  from    to  acc description of target
#                                                     ------------------- ---------- ----- -------------------- ---------- ----- --------- ------ ----- --- --- --------- --------- ------ ----- ----- ----- ----- ----- ----- ----- ---- ---------------------
AY077832.1_Sheeppox_virus_10700_99_TU_V02127_1970_sheep_86                -            550 118at10240           -            455    8e-180  595.8  34.5   1   1  5.8e-181  8.7e-179  592.4  34.5     1   455     1   547     1   547 0.87 # 83700 # 85349 # -1 # ID=23_86;partial=00;start_type=ATG;rbs_motif=AATAA;rbs_spacer=3bp;gc_cont=0.293
AY077833.1_Sheeppox_virus_A_1987_sheep_86                                 -            550 118at10240           -            455    8e-180  595.8  34.5   1   1  5.8e-181  8.7e-179  592.4  34.5     1   455     1   547     1   547 0.87 # 83803 # 85452 # -1 # ID=25_86;partial=00;start_type=ATG;rbs_motif=AATAA;rbs_spacer=3bp;gc_cont=0.293
AY077834.1_Sheeppox_virus_NISKHI_1994_87                                  -            550 118at10240           -            455    8e-180  595.8  34.5   1   1  5.8e-181  8.7e-179  592.4  34.5     1   455     1   547     1   547 0.87 # 83609 # 85258 # -1 # ID=24_87;partial=00;start_type=ATG;rbs_motif=AATAA;rbs_spacer=3bp;gc_cont=0.293
KT438550.1_Sheeppox_virus_SPPV_GH_China_11_Apr_2013_Ovis_aries_86         -            550 118at10240           -            455    8e-180  595.8  34.5   1   1  5.8e-181  8.7e-179  592.4  34.5     1   455     1   547     1   547 0.87 # 83874 # 85523 # -1 # ID=22_86;partial=00;start_type=ATG;rbs_motif=AATAA;rbs_spacer=3bp;gc_cont=0.293
KT438551.1_Sheeppox_virus_SPPV_GL_China_11_Apr_2013_Ovis_aries_86         -            550 118at10240           -            455    8e-180  595.8  34.5   1   1  5.8e-181  8.7e-179  592.4  34.5     1   455     1   547     1   547 0.87 # 83870 # 85519 # -1 # ID=21_86;partial=00;start_type=ATG;rbs_motif=AATAA;rbs_spacer=3bp;gc_cont=0.293
MN072626.1_Sheeppox_virus_Abu_Gharib_Iraq_sheep_86                        -            550 118at10240           -            455    8e-180  595.8  34.5   1   1  5.8e-181  8.7e-179  592.4  34.5     1   455     1   547     1   547 0.87 # 83140 # 84789 # -1 # ID=20_86;partial=00;start_type=ATG;rbs_motif=AATAA;rbs_spacer=3bp;gc_cont=0.293
MN072627.1_Sheeppox_virus_Saudi_Arabia_vaccine_sheep_86                   -            550 118at10240           -            455    8e-180  595.8  34.5   1   1  5.8e-181  8.7e-179  592.4  34.5     1   455     1   547     1   547 0.87 # 83181 # 84830 # -1 # ID=19_86;partial=00;start_type=ATG;rbs_motif=AATAA;rbs_spacer=3bp;gc_cont=0.293
MN072628.1_Sheeppox_virus_Nigeria_sheep_86                                -            550 118at10240           -            455    8e-180  595.8  34.5   1   1  5.8e-181  8.7e-179  592.4  34.5     1   455     1   547     1   547 0.87 # 83753 # 85402 # -1 # ID=18_86;partial=00;start_type=ATG;rbs_motif=AATAA;rbs_spacer=3bp;gc_cont=0.293
MN072629.1_Sheeppox_virus_Pendik_sheep_86                                 -            550 118at10240           -            455    8e-180  595.8  34.5   1   1  5.8e-181  8.7e-179  592.4  34.5     1   455     1   547     1   547 0.87 # 83868 # 85517 # -1 # ID=17_86;partial=00;start_type=ATG;rbs_motif=AATAA;rbs_spacer=3bp;gc_cont=0.293
MN072630.1_Sheeppox_virus_Saudi_Arabia_sheep_86                           -            550 118at10240           -            455    8e-180  595.8  34.5   1   1  5.8e-181  8.7e-179  592.4  34.5     1   455     1   547     1   547 0.87 # 83858 # 85507 # -1 # ID=16_86;partial=00;start_type=ATG;rbs_motif=AATAA;rbs_spacer=3bp;gc_cont=0.293
MN072631.1_Sheeppox_virus_Turkey_vaccine_sheep_86                         -            550 118at10240           -            455    8e-180  595.8  34.5   1   1  5.8e-181  8.7e-179  592.4  34.5     1   455     1   547     1   547 0.87 # 83860 # 85509 # -1 # ID=15_86;partial=00;start_type=ATG;rbs_motif=AATAA;rbs_spacer=3bp;gc_cont=0.293
MT137384.1_Sheeppox_virus_Srinagar_passage_40_vaccine_India_2000_sheep_87 -            550 118at10240           -            455    8e-180  595.8  34.5   1   1  5.8e-181  8.7e-179  592.4  34.5     1   455     1   547     1   547 0.87 # 83835 # 85484 # -1 # ID=11_87;partial=00;start_type=ATG;rbs_motif=AATAA;rbs_spacer=3bp;gc_cont=0.293
MW020571.1_Sheeppox_virus_V104_sheep_87                                   -            550 118at10240           -            455    8e-180  595.8  34.5   1   1  5.8e-181  8.7e-179  592.4  34.5     1   455     1   547     1   547 0.87 # 83949 # 85598 # -1 # ID=14_87;partial=00;start_type=ATG;rbs_motif=AATAA;rbs_spacer=3bp;gc_cont=0.293
MW167070.1_Sheeppox_virus_V123_IndiaSurankote_2013_sheep_87               -            550 118at10240           -            455    8e-180  595.8  34.5   1   1  5.8e-181  8.7e-179  592.4  34.5     1   455     1   547     1   547 0.87 # 83872 # 85521 # -1 # ID=13_87;partial=00;start_type=ATG;rbs_motif=AATAA;rbs_spacer=3bp;gc_cont=0.293
MW167071.1_Sheeppox_virus_V293_Egypt_2018_sheep_86                        -            550 118at10240           -            455    8e-180  595.8  34.5   1   1  5.8e-181  8.7e-179  592.4  34.5     1   455     1   547     1   547 0.87 # 83953 # 85602 # -1 # ID=12_86;partial=00;start_type=ATG;rbs_motif=AATAA;rbs_spacer=3bp;gc_cont=0.293
NC_004002.1_Sheeppox_virus_17077_99_1970_sheep_86                         -            550 118at10240           -            455    8e-180  595.8  34.5   1   1  5.8e-181  8.7e-179  592.4  34.5     1   455     1   547     1   547 0.87 # 83700 # 85349 # -1 # ID=7_86;partial=00;start_type=ATG;rbs_motif=AATAA;rbs_spacer=3bp;gc_cont=0.293
ON961655.1_Sheeppox_virus_Moscow_Russia_2018_ovine_87                     -            550 118at10240           -            455    8e-180  595.8  34.5   1   1  5.8e-181  8.7e-179  592.4  34.5     1   455     1   547     1   547 0.87 # 83770 # 85419 # -1 # ID=10_87;partial=00;start_type=ATG;rbs_motif=AATAA;rbs_spacer=3bp;gc_cont=0.293
ON961656.1_Sheeppox_virus_Moscow_Russia_2019_ovine_87                     -            550 118at10240           -            455    8e-180  595.8  34.5   1   1  5.8e-181  8.7e-179  592.4  34.5     1   455     1   547     1   547 0.87 # 83582 # 85231 # -1 # ID=9_87;partial=00;start_type=ATG;rbs_motif=AATAA;rbs_spacer=3bp;gc_cont=0.293
ON961657.1_Sheeppox_virus_Tula_Russia_2019_ovine_87                       -            550 118at10240           -            455    8e-180  595.8  34.5   1   1  5.8e-181  8.7e-179  592.4  34.5     1   455     1   547     1   547 0.87 # 83583 # 85232 # -1 # ID=8_87;partial=00;start_type=ATG;rbs_motif=AATAA;rbs_spacer=3bp;gc_cont=0.293
OQ434235.1_Sheeppox_virus_SPPV_Amur_Russia_2018_Russia_2018_Ovine_86      -            550 118at10240           -            455    8e-180  595.8  34.5   1   1  5.8e-181  8.7e-179  592.4  34.5     1   455     1   547     1   547 0.87 # 83605 # 85254 # -1 # ID=5_86;partial=00;start_type=ATG;rbs_motif=AATAA;rbs_spacer=3bp;gc_cont=0.293
OQ434236.1_Sheeppox_virus_SPPV_Dagestan_Russia_2020_Russia_2020_Ovine_89  -            550 118at10240           -            455    8e-180  595.8  34.5   1   1  5.8e-181  8.7e-179  592.4  34.5     1   455     1   547     1   547 0.87 # 83606 # 85255 # -1 # ID=4_89;partial=00;start_type=ATG;rbs_motif=AATAA;rbs_spacer=3bp;gc_cont=0.293
OQ434237.1_Sheeppox_virus_SPPV_Kostroma_Russia_2020_Russia_2020_Ovine_87  -            550 118at10240           -            455    8e-180  595.8  34.5   1   1  5.8e-181  8.7e-179  592.4  34.5     1   455     1   547     1   547 0.87 # 83605 # 85254 # -1 # ID=3_87;partial=00;start_type=ATG;rbs_motif=AATAA;rbs_spacer=3bp;gc_cont=0.293
OQ434238.1_Sheeppox_virus_SPPV_Pskov_Russia_2019_Russia_2019_Ovine_87     -            550 118at10240           -            455    8e-180  595.8  34.5   1   1  5.8e-181  8.7e-179  592.4  34.5     1   455     1   547     1   547 0.87 # 83606 # 85255 # -1 # ID=2_87;partial=00;start_type=ATG;rbs_motif=AATAA;rbs_spacer=3bp;gc_cont=0.293
OQ434239.1_Sheeppox_virus_SPPV_Tver_Russia_2019_Russia_2019_Ovine_87      -            550 118at10240           -            455    8e-180  595.8  34.5   1   1  5.8e-181  8.7e-179  592.4  34.5     1   455     1   547     1   547 0.87 # 83607 # 85256 # -1 # ID=1_87;partial=00;start_type=ATG;rbs_motif=AATAA;rbs_spacer=3bp;gc_cont=0.293
OR239060.1_Sheeppox_virus_V330_United_Arab_Emirates_2017_sheep_87         -            550 118at10240           -            455    8e-180  595.8  34.5   1   1  5.8e-181  8.7e-179  592.4  34.5     1   455     1   547     1   547 0.87 # 83952 # 85601 # -1 # ID=6_87;partial=00;start_type=ATG;rbs_motif=AATAA;rbs_spacer=3bp;gc_cont=0.293
#
# Program:         hmmsearch
# Version:         3.3.2 (Nov 2020)
# Pipeline mode:   SEARCH
# Query file:      /mnt/lustre/RDS-live/downing/LSDV_PVG/SHEEPPOXVIRUS/busco_downloads/lineages/poxviridae_odb10/hmms/118at10240.hmm
# Target file:     /mnt/lustre/RDS-live/downing/LSDV_PVG/SHEEPPOXVIRUS/BUSCO/prodigal_output/predicted_genes/predicted.faa
# Option settings: hmmsearch --domtblout /mnt/lustre/RDS-live/downing/LSDV_PVG/SHEEPPOXVIRUS/BUSCO/run_poxviridae_odb10/hmmer_output/118at10240.out --cpu 1 /mnt/lustre/RDS-live/downing/LSDV_PVG/SHEEPPOXVIRUS/busco_downloads/lineages/poxviridae_odb10/hmms/118at10240.hmm /mnt/lustre/RDS-live/downing/LSDV_PVG/SHEEPPOXVIRUS/BUSCO/prodigal_output/predicted_genes/predicted.faa 
# Current dir:     /mnt/lustre/RDS-live/downing/LSDV_PVG/SHEEPPOXVIRUS
# Date:            Tue Apr 16 16:00:07 2024
# [ok]
