#                                                                                                                                  --- full sequence --- -------------- this domain -------------   hmm coord   ali coord   env coord
# target name                                                              accession   tlen query name           accession   qlen   E-value  score  bias   #  of  c-Evalue  i-Evalue  score  bias  from    to  from    to  from    to  acc description of target
#                                                      ------------------- ---------- ----- -------------------- ---------- ----- --------- ------ ----- --- --- --------- --------- ------ ----- ----- ----- ----- ----- ----- ----- ---- ---------------------
AY077833.1_Sheeppox_virus_A_1987_sheep_111                                 -           1157 14at10240            -           1026         0 1704.2  34.4   1   1         0         0 1703.8  34.4     1  1021     1  1131     1  1135 0.94 # 106494 # 109964 # 1 # ID=25_111;partial=00;start_type=ATG;rbs_motif=AAAA;rbs_spacer=15bp;gc_cont=0.294
MN072629.1_Sheeppox_virus_Pendik_sheep_111                                 -           1157 14at10240            -           1026         0 1704.2  34.4   1   1         0         0 1703.8  34.4     1  1021     1  1131     1  1135 0.94 # 106562 # 110032 # 1 # ID=17_111;partial=00;start_type=ATG;rbs_motif=AAAA;rbs_spacer=15bp;gc_cont=0.294
AY077832.1_Sheeppox_virus_10700_99_TU_V02127_1970_sheep_111                -           1157 14at10240            -           1026         0 1704.0  34.5   1   1         0         0 1703.7  34.5     1  1021     1  1131     1  1135 0.94 # 106394 # 109864 # 1 # ID=23_111;partial=00;start_type=ATG;rbs_motif=AAAA;rbs_spacer=15bp;gc_cont=0.294
AY077834.1_Sheeppox_virus_NISKHI_1994_112                                  -           1157 14at10240            -           1026         0 1704.0  34.5   1   1         0         0 1703.7  34.5     1  1021     1  1131     1  1135 0.94 # 106297 # 109767 # 1 # ID=24_112;partial=00;start_type=ATG;rbs_motif=AAAA;rbs_spacer=15bp;gc_cont=0.294
KT438550.1_Sheeppox_virus_SPPV_GH_China_11_Apr_2013_Ovis_aries_111         -           1157 14at10240            -           1026         0 1704.0  34.5   1   1         0         0 1703.7  34.5     1  1021     1  1131     1  1135 0.94 # 106565 # 110035 # 1 # ID=22_111;partial=00;start_type=ATG;rbs_motif=AAAA;rbs_spacer=15bp;gc_cont=0.294
KT438551.1_Sheeppox_virus_SPPV_GL_China_11_Apr_2013_Ovis_aries_111         -           1157 14at10240            -           1026         0 1704.0  34.5   1   1         0         0 1703.7  34.5     1  1021     1  1131     1  1135 0.94 # 106561 # 110031 # 1 # ID=21_111;partial=00;start_type=ATG;rbs_motif=AAAA;rbs_spacer=15bp;gc_cont=0.294
MN072626.1_Sheeppox_virus_Abu_Gharib_Iraq_sheep_111                        -           1157 14at10240            -           1026         0 1704.0  34.5   1   1         0         0 1703.7  34.5     1  1021     1  1131     1  1135 0.94 # 105834 # 109304 # 1 # ID=20_111;partial=00;start_type=ATG;rbs_motif=AAAA;rbs_spacer=15bp;gc_cont=0.294
MN072627.1_Sheeppox_virus_Saudi_Arabia_vaccine_sheep_111                   -           1157 14at10240            -           1026         0 1704.0  34.5   1   1         0         0 1703.7  34.5     1  1021     1  1131     1  1135 0.94 # 105876 # 109346 # 1 # ID=19_111;partial=00;start_type=ATG;rbs_motif=AAAA;rbs_spacer=15bp;gc_cont=0.294
MN072628.1_Sheeppox_virus_Nigeria_sheep_111                                -           1157 14at10240            -           1026         0 1704.0  34.5   1   1         0         0 1703.7  34.5     1  1021     1  1131     1  1135 0.94 # 106445 # 109915 # 1 # ID=18_111;partial=00;start_type=ATG;rbs_motif=AAAA;rbs_spacer=15bp;gc_cont=0.294
MN072630.1_Sheeppox_virus_Saudi_Arabia_sheep_111                           -           1157 14at10240            -           1026         0 1704.0  34.5   1   1         0         0 1703.7  34.5     1  1021     1  1131     1  1135 0.94 # 106546 # 110016 # 1 # ID=16_111;partial=00;start_type=ATG;rbs_motif=AAAA;rbs_spacer=15bp;gc_cont=0.294
MN072631.1_Sheeppox_virus_Turkey_vaccine_sheep_111                         -           1157 14at10240            -           1026         0 1704.0  34.5   1   1         0         0 1703.7  34.5     1  1021     1  1131     1  1135 0.94 # 106551 # 110021 # 1 # ID=15_111;partial=00;start_type=ATG;rbs_motif=AAAA;rbs_spacer=15bp;gc_cont=0.294
MT137384.1_Sheeppox_virus_Srinagar_passage_40_vaccine_India_2000_sheep_112 -           1157 14at10240            -           1026         0 1704.0  34.5   1   1         0         0 1703.7  34.5     1  1021     1  1131     1  1135 0.94 # 106524 # 109994 # 1 # ID=11_112;partial=00;start_type=ATG;rbs_motif=AAAA;rbs_spacer=15bp;gc_cont=0.294
MW020571.1_Sheeppox_virus_V104_sheep_112                                   -           1157 14at10240            -           1026         0 1704.0  34.5   1   1         0         0 1703.7  34.5     1  1021     1  1131     1  1135 0.94 # 106637 # 110107 # 1 # ID=14_112;partial=00;start_type=ATG;rbs_motif=AAAA;rbs_spacer=15bp;gc_cont=0.294
MW167070.1_Sheeppox_virus_V123_IndiaSurankote_2013_sheep_112               -           1157 14at10240            -           1026         0 1704.0  34.5   1   1         0         0 1703.7  34.5     1  1021     1  1131     1  1135 0.94 # 106564 # 110034 # 1 # ID=13_112;partial=00;start_type=ATG;rbs_motif=AAAA;rbs_spacer=15bp;gc_cont=0.294
MW167071.1_Sheeppox_virus_V293_Egypt_2018_sheep_111                        -           1157 14at10240            -           1026         0 1704.0  34.5   1   1         0         0 1703.7  34.5     1  1021     1  1131     1  1135 0.94 # 106644 # 110114 # 1 # ID=12_111;partial=00;start_type=ATG;rbs_motif=AAAA;rbs_spacer=15bp;gc_cont=0.294
NC_004002.1_Sheeppox_virus_17077_99_1970_sheep_111                         -           1157 14at10240            -           1026         0 1704.0  34.5   1   1         0         0 1703.7  34.5     1  1021     1  1131     1  1135 0.94 # 106394 # 109864 # 1 # ID=7_111;partial=00;start_type=ATG;rbs_motif=AAAA;rbs_spacer=15bp;gc_cont=0.294
ON961655.1_Sheeppox_virus_Moscow_Russia_2018_ovine_112                     -           1157 14at10240            -           1026         0 1704.0  34.5   1   1         0         0 1703.7  34.5     1  1021     1  1131     1  1135 0.94 # 106461 # 109931 # 1 # ID=10_112;partial=00;start_type=ATG;rbs_motif=AAAA;rbs_spacer=15bp;gc_cont=0.294
ON961656.1_Sheeppox_virus_Moscow_Russia_2019_ovine_112                     -           1157 14at10240            -           1026         0 1704.0  34.5   1   1         0         0 1703.7  34.5     1  1021     1  1131     1  1135 0.94 # 106273 # 109743 # 1 # ID=9_112;partial=00;start_type=ATG;rbs_motif=AAAA;rbs_spacer=15bp;gc_cont=0.294
ON961657.1_Sheeppox_virus_Tula_Russia_2019_ovine_112                       -           1157 14at10240            -           1026         0 1704.0  34.5   1   1         0         0 1703.7  34.5     1  1021     1  1131     1  1135 0.94 # 106274 # 109744 # 1 # ID=8_112;partial=00;start_type=ATG;rbs_motif=AAAA;rbs_spacer=15bp;gc_cont=0.294
OQ434235.1_Sheeppox_virus_SPPV_Amur_Russia_2018_Russia_2018_Ovine_111      -           1157 14at10240            -           1026         0 1704.0  34.5   1   1         0         0 1703.7  34.5     1  1021     1  1131     1  1135 0.94 # 106296 # 109766 # 1 # ID=5_111;partial=00;start_type=ATG;rbs_motif=AAAA;rbs_spacer=15bp;gc_cont=0.294
OQ434236.1_Sheeppox_virus_SPPV_Dagestan_Russia_2020_Russia_2020_Ovine_115  -           1157 14at10240            -           1026         0 1704.0  34.5   1   1         0         0 1703.7  34.5     1  1021     1  1131     1  1135 0.94 # 106296 # 109766 # 1 # ID=4_115;partial=00;start_type=ATG;rbs_motif=AAAA;rbs_spacer=15bp;gc_cont=0.294
OQ434237.1_Sheeppox_virus_SPPV_Kostroma_Russia_2020_Russia_2020_Ovine_112  -           1157 14at10240            -           1026         0 1704.0  34.5   1   1         0         0 1703.7  34.5     1  1021     1  1131     1  1135 0.94 # 106296 # 109766 # 1 # ID=3_112;partial=00;start_type=ATG;rbs_motif=AAAA;rbs_spacer=15bp;gc_cont=0.294
OQ434238.1_Sheeppox_virus_SPPV_Pskov_Russia_2019_Russia_2019_Ovine_112     -           1157 14at10240            -           1026         0 1704.0  34.5   1   1         0         0 1703.7  34.5     1  1021     1  1131     1  1135 0.94 # 106297 # 109767 # 1 # ID=2_112;partial=00;start_type=ATG;rbs_motif=AAAA;rbs_spacer=15bp;gc_cont=0.294
OQ434239.1_Sheeppox_virus_SPPV_Tver_Russia_2019_Russia_2019_Ovine_112      -           1157 14at10240            -           1026         0 1704.0  34.5   1   1         0         0 1703.7  34.5     1  1021     1  1131     1  1135 0.94 # 106298 # 109768 # 1 # ID=1_112;partial=00;start_type=ATG;rbs_motif=AAAA;rbs_spacer=15bp;gc_cont=0.294
OR239060.1_Sheeppox_virus_V330_United_Arab_Emirates_2017_sheep_112         -           1157 14at10240            -           1026         0 1704.0  34.5   1   1         0         0 1703.7  34.5     1  1021     1  1131     1  1135 0.94 # 106646 # 110116 # 1 # ID=6_112;partial=00;start_type=ATG;rbs_motif=AAAA;rbs_spacer=15bp;gc_cont=0.294
#
# Program:         hmmsearch
# Version:         3.3.2 (Nov 2020)
# Pipeline mode:   SEARCH
# Query file:      /mnt/lustre/RDS-live/downing/LSDV_PVG/SHEEPPOXVIRUS/busco_downloads/lineages/poxviridae_odb10/hmms/14at10240.hmm
# Target file:     /mnt/lustre/RDS-live/downing/LSDV_PVG/SHEEPPOXVIRUS/BUSCO/prodigal_output/predicted_genes/predicted.faa
# Option settings: hmmsearch --domtblout /mnt/lustre/RDS-live/downing/LSDV_PVG/SHEEPPOXVIRUS/BUSCO/run_poxviridae_odb10/hmmer_output/14at10240.out --cpu 1 /mnt/lustre/RDS-live/downing/LSDV_PVG/SHEEPPOXVIRUS/busco_downloads/lineages/poxviridae_odb10/hmms/14at10240.hmm /mnt/lustre/RDS-live/downing/LSDV_PVG/SHEEPPOXVIRUS/BUSCO/prodigal_output/predicted_genes/predicted.faa 
# Current dir:     /mnt/lustre/RDS-live/downing/LSDV_PVG/SHEEPPOXVIRUS
# Date:            Tue Apr 16 16:00:07 2024
# [ok]
