#                                                                                                                                 --- full sequence --- -------------- this domain -------------   hmm coord   ali coord   env coord
# target name                                                             accession   tlen query name           accession   qlen   E-value  score  bias   #  of  c-Evalue  i-Evalue  score  bias  from    to  from    to  from    to  acc description of target
#                                                     ------------------- ---------- ----- -------------------- ---------- ----- --------- ------ ----- --- --- --------- --------- ------ ----- ----- ----- ----- ----- ----- ----- ---- ---------------------
AY077832.1_Sheeppox_virus_10700_99_TU_V02127_1970_sheep_73                -            318 279at10240           -            258  8.2e-105  347.6  21.4   1   1  9.8e-107  1.5e-104  346.8  21.4     2   257     9   311     8   312 0.88 # 68791 # 69744 # 1 # ID=23_73;partial=00;start_type=ATG;rbs_motif=TTATT;rbs_spacer=11bp;gc_cont=0.247
AY077833.1_Sheeppox_virus_A_1987_sheep_73                                 -            318 279at10240           -            258  8.2e-105  347.6  21.4   1   1  9.8e-107  1.5e-104  346.8  21.4     2   257     9   311     8   312 0.88 # 68894 # 69847 # 1 # ID=25_73;partial=00;start_type=ATG;rbs_motif=TTATT;rbs_spacer=11bp;gc_cont=0.247
AY077834.1_Sheeppox_virus_NISKHI_1994_74                                  -            318 279at10240           -            258  8.2e-105  347.6  21.4   1   1  9.8e-107  1.5e-104  346.8  21.4     2   257     9   311     8   312 0.88 # 68700 # 69653 # 1 # ID=24_74;partial=00;start_type=ATG;rbs_motif=TTATT;rbs_spacer=11bp;gc_cont=0.247
KT438550.1_Sheeppox_virus_SPPV_GH_China_11_Apr_2013_Ovis_aries_73         -            318 279at10240           -            258  8.2e-105  347.6  21.4   1   1  9.8e-107  1.5e-104  346.8  21.4     2   257     9   311     8   312 0.88 # 68965 # 69918 # 1 # ID=22_73;partial=00;start_type=ATG;rbs_motif=TTATT;rbs_spacer=11bp;gc_cont=0.247
KT438551.1_Sheeppox_virus_SPPV_GL_China_11_Apr_2013_Ovis_aries_73         -            318 279at10240           -            258  8.2e-105  347.6  21.4   1   1  9.8e-107  1.5e-104  346.8  21.4     2   257     9   311     8   312 0.88 # 68961 # 69914 # 1 # ID=21_73;partial=00;start_type=ATG;rbs_motif=TTATT;rbs_spacer=11bp;gc_cont=0.247
MN072628.1_Sheeppox_virus_Nigeria_sheep_73                                -            318 279at10240           -            258  8.2e-105  347.6  21.4   1   1  9.8e-107  1.5e-104  346.8  21.4     2   257     9   311     8   312 0.88 # 68844 # 69797 # 1 # ID=18_73;partial=00;start_type=ATG;rbs_motif=TTATT;rbs_spacer=11bp;gc_cont=0.247
MN072629.1_Sheeppox_virus_Pendik_sheep_73                                 -            318 279at10240           -            258  8.2e-105  347.6  21.4   1   1  9.8e-107  1.5e-104  346.8  21.4     2   257     9   311     8   312 0.88 # 68959 # 69912 # 1 # ID=17_73;partial=00;start_type=ATG;rbs_motif=TTATT;rbs_spacer=11bp;gc_cont=0.247
MN072630.1_Sheeppox_virus_Saudi_Arabia_sheep_73                           -            318 279at10240           -            258  8.2e-105  347.6  21.4   1   1  9.8e-107  1.5e-104  346.8  21.4     2   257     9   311     8   312 0.88 # 68949 # 69902 # 1 # ID=16_73;partial=00;start_type=ATG;rbs_motif=TTATT;rbs_spacer=11bp;gc_cont=0.247
MN072631.1_Sheeppox_virus_Turkey_vaccine_sheep_73                         -            318 279at10240           -            258  8.2e-105  347.6  21.4   1   1  9.8e-107  1.5e-104  346.8  21.4     2   257     9   311     8   312 0.88 # 68951 # 69904 # 1 # ID=15_73;partial=00;start_type=ATG;rbs_motif=TTATT;rbs_spacer=11bp;gc_cont=0.247
MT137384.1_Sheeppox_virus_Srinagar_passage_40_vaccine_India_2000_sheep_74 -            318 279at10240           -            258  8.2e-105  347.6  21.4   1   1  9.8e-107  1.5e-104  346.8  21.4     2   257     9   311     8   312 0.88 # 68926 # 69879 # 1 # ID=11_74;partial=00;start_type=ATG;rbs_motif=TTATT;rbs_spacer=11bp;gc_cont=0.247
MW020571.1_Sheeppox_virus_V104_sheep_74                                   -            318 279at10240           -            258  8.2e-105  347.6  21.4   1   1  9.8e-107  1.5e-104  346.8  21.4     2   257     9   311     8   312 0.88 # 69040 # 69993 # 1 # ID=14_74;partial=00;start_type=ATG;rbs_motif=TTATT;rbs_spacer=11bp;gc_cont=0.247
MW167070.1_Sheeppox_virus_V123_IndiaSurankote_2013_sheep_74               -            318 279at10240           -            258  8.2e-105  347.6  21.4   1   1  9.8e-107  1.5e-104  346.8  21.4     2   257     9   311     8   312 0.88 # 68963 # 69916 # 1 # ID=13_74;partial=00;start_type=ATG;rbs_motif=TTATT;rbs_spacer=11bp;gc_cont=0.247
MW167071.1_Sheeppox_virus_V293_Egypt_2018_sheep_73                        -            318 279at10240           -            258  8.2e-105  347.6  21.4   1   1  9.8e-107  1.5e-104  346.8  21.4     2   257     9   311     8   312 0.88 # 69044 # 69997 # 1 # ID=12_73;partial=00;start_type=ATG;rbs_motif=TTATT;rbs_spacer=11bp;gc_cont=0.247
NC_004002.1_Sheeppox_virus_17077_99_1970_sheep_73                         -            318 279at10240           -            258  8.2e-105  347.6  21.4   1   1  9.8e-107  1.5e-104  346.8  21.4     2   257     9   311     8   312 0.88 # 68791 # 69744 # 1 # ID=7_73;partial=00;start_type=ATG;rbs_motif=TTATT;rbs_spacer=11bp;gc_cont=0.247
ON961655.1_Sheeppox_virus_Moscow_Russia_2018_ovine_74                     -            318 279at10240           -            258  8.2e-105  347.6  21.4   1   1  9.8e-107  1.5e-104  346.8  21.4     2   257     9   311     8   312 0.88 # 68861 # 69814 # 1 # ID=10_74;partial=00;start_type=ATG;rbs_motif=TTATT;rbs_spacer=11bp;gc_cont=0.247
ON961656.1_Sheeppox_virus_Moscow_Russia_2019_ovine_74                     -            318 279at10240           -            258  8.2e-105  347.6  21.4   1   1  9.8e-107  1.5e-104  346.8  21.4     2   257     9   311     8   312 0.88 # 68673 # 69626 # 1 # ID=9_74;partial=00;start_type=ATG;rbs_motif=TTATT;rbs_spacer=11bp;gc_cont=0.247
ON961657.1_Sheeppox_virus_Tula_Russia_2019_ovine_74                       -            318 279at10240           -            258  8.2e-105  347.6  21.4   1   1  9.8e-107  1.5e-104  346.8  21.4     2   257     9   311     8   312 0.88 # 68674 # 69627 # 1 # ID=8_74;partial=00;start_type=ATG;rbs_motif=TTATT;rbs_spacer=11bp;gc_cont=0.247
OQ434235.1_Sheeppox_virus_SPPV_Amur_Russia_2018_Russia_2018_Ovine_73      -            318 279at10240           -            258  8.2e-105  347.6  21.4   1   1  9.8e-107  1.5e-104  346.8  21.4     2   257     9   311     8   312 0.88 # 68696 # 69649 # 1 # ID=5_73;partial=00;start_type=ATG;rbs_motif=TTATT;rbs_spacer=11bp;gc_cont=0.247
OQ434236.1_Sheeppox_virus_SPPV_Dagestan_Russia_2020_Russia_2020_Ovine_76  -            318 279at10240           -            258  8.2e-105  347.6  21.4   1   1  9.8e-107  1.5e-104  346.8  21.4     2   257     9   311     8   312 0.88 # 68697 # 69650 # 1 # ID=4_76;partial=00;start_type=ATG;rbs_motif=TTATT;rbs_spacer=11bp;gc_cont=0.247
OQ434237.1_Sheeppox_virus_SPPV_Kostroma_Russia_2020_Russia_2020_Ovine_74  -            318 279at10240           -            258  8.2e-105  347.6  21.4   1   1  9.8e-107  1.5e-104  346.8  21.4     2   257     9   311     8   312 0.88 # 68696 # 69649 # 1 # ID=3_74;partial=00;start_type=ATG;rbs_motif=TTATT;rbs_spacer=11bp;gc_cont=0.247
OQ434238.1_Sheeppox_virus_SPPV_Pskov_Russia_2019_Russia_2019_Ovine_74     -            318 279at10240           -            258  8.2e-105  347.6  21.4   1   1  9.8e-107  1.5e-104  346.8  21.4     2   257     9   311     8   312 0.88 # 68697 # 69650 # 1 # ID=2_74;partial=00;start_type=ATG;rbs_motif=TTATT;rbs_spacer=11bp;gc_cont=0.247
OQ434239.1_Sheeppox_virus_SPPV_Tver_Russia_2019_Russia_2019_Ovine_74      -            318 279at10240           -            258  8.2e-105  347.6  21.4   1   1  9.8e-107  1.5e-104  346.8  21.4     2   257     9   311     8   312 0.88 # 68698 # 69651 # 1 # ID=1_74;partial=00;start_type=ATG;rbs_motif=TTATT;rbs_spacer=11bp;gc_cont=0.247
OR239060.1_Sheeppox_virus_V330_United_Arab_Emirates_2017_sheep_74         -            318 279at10240           -            258  8.2e-105  347.6  21.4   1   1  9.8e-107  1.5e-104  346.8  21.4     2   257     9   311     8   312 0.88 # 69043 # 69996 # 1 # ID=6_74;partial=00;start_type=ATG;rbs_motif=TTATT;rbs_spacer=11bp;gc_cont=0.247
MN072626.1_Sheeppox_virus_Abu_Gharib_Iraq_sheep_73                        -            318 279at10240           -            258  1.4e-104  346.9  20.8   1   1  1.6e-106  2.5e-104  346.1  20.8     2   257     9   311     8   312 0.87 # 68231 # 69184 # 1 # ID=20_73;partial=00;start_type=ATG;rbs_motif=TTATT;rbs_spacer=11bp;gc_cont=0.248
MN072627.1_Sheeppox_virus_Saudi_Arabia_vaccine_sheep_73                   -            318 279at10240           -            258  1.4e-104  346.9  20.8   1   1  1.6e-106  2.5e-104  346.1  20.8     2   257     9   311     8   312 0.87 # 68272 # 69225 # 1 # ID=19_73;partial=00;start_type=ATG;rbs_motif=TTATT;rbs_spacer=11bp;gc_cont=0.248
#
# Program:         hmmsearch
# Version:         3.3.2 (Nov 2020)
# Pipeline mode:   SEARCH
# Query file:      /mnt/lustre/RDS-live/downing/LSDV_PVG/SHEEPPOXVIRUS/busco_downloads/lineages/poxviridae_odb10/hmms/279at10240.hmm
# Target file:     /mnt/lustre/RDS-live/downing/LSDV_PVG/SHEEPPOXVIRUS/BUSCO/prodigal_output/predicted_genes/predicted.faa
# Option settings: hmmsearch --domtblout /mnt/lustre/RDS-live/downing/LSDV_PVG/SHEEPPOXVIRUS/BUSCO/run_poxviridae_odb10/hmmer_output/279at10240.out --cpu 1 /mnt/lustre/RDS-live/downing/LSDV_PVG/SHEEPPOXVIRUS/busco_downloads/lineages/poxviridae_odb10/hmms/279at10240.hmm /mnt/lustre/RDS-live/downing/LSDV_PVG/SHEEPPOXVIRUS/BUSCO/prodigal_output/predicted_genes/predicted.faa 
# Current dir:     /mnt/lustre/RDS-live/downing/LSDV_PVG/SHEEPPOXVIRUS
# Date:            Tue Apr 16 16:00:08 2024
# [ok]
