#                                                                                                                                 --- full sequence --- -------------- this domain -------------   hmm coord   ali coord   env coord
# target name                                                             accession   tlen query name           accession   qlen   E-value  score  bias   #  of  c-Evalue  i-Evalue  score  bias  from    to  from    to  from    to  acc description of target
#                                                     ------------------- ---------- ----- -------------------- ---------- ----- --------- ------ ----- --- --- --------- --------- ------ ----- ----- ----- ----- ----- ----- ----- ---- ---------------------
AY077832.1_Sheeppox_virus_10700_99_TU_V02127_1970_sheep_57                -            246 416at10240           -            205   4.1e-86  285.7  23.0   1   1   1.2e-86   8.8e-85  281.4  23.0     1   205     1   237     1   237 0.91 # 52684 # 53421 # 1 # ID=23_57;partial=00;start_type=ATG;rbs_motif=None;rbs_spacer=None;gc_cont=0.302
AY077833.1_Sheeppox_virus_A_1987_sheep_57                                 -            246 416at10240           -            205   4.1e-86  285.7  23.0   1   1   1.2e-86   8.8e-85  281.4  23.0     1   205     1   237     1   237 0.91 # 52792 # 53529 # 1 # ID=25_57;partial=00;start_type=ATG;rbs_motif=None;rbs_spacer=None;gc_cont=0.302
AY077834.1_Sheeppox_virus_NISKHI_1994_58                                  -            246 416at10240           -            205   4.1e-86  285.7  23.0   1   1   1.2e-86   8.8e-85  281.4  23.0     1   205     1   237     1   237 0.91 # 52598 # 53335 # 1 # ID=24_58;partial=00;start_type=ATG;rbs_motif=None;rbs_spacer=None;gc_cont=0.302
KT438550.1_Sheeppox_virus_SPPV_GH_China_11_Apr_2013_Ovis_aries_57         -            246 416at10240           -            205   4.1e-86  285.7  23.0   1   1   1.2e-86   8.8e-85  281.4  23.0     1   205     1   237     1   237 0.91 # 52864 # 53601 # 1 # ID=22_57;partial=00;start_type=ATG;rbs_motif=None;rbs_spacer=None;gc_cont=0.301
KT438551.1_Sheeppox_virus_SPPV_GL_China_11_Apr_2013_Ovis_aries_57         -            246 416at10240           -            205   4.1e-86  285.7  23.0   1   1   1.2e-86   8.8e-85  281.4  23.0     1   205     1   237     1   237 0.91 # 52860 # 53597 # 1 # ID=21_57;partial=00;start_type=ATG;rbs_motif=None;rbs_spacer=None;gc_cont=0.301
MN072626.1_Sheeppox_virus_Abu_Gharib_Iraq_sheep_57                        -            246 416at10240           -            205   4.1e-86  285.7  23.0   1   1   1.2e-86   8.8e-85  281.4  23.0     1   205     1   237     1   237 0.91 # 52152 # 52889 # 1 # ID=20_57;partial=00;start_type=ATG;rbs_motif=None;rbs_spacer=None;gc_cont=0.301
MN072627.1_Sheeppox_virus_Saudi_Arabia_vaccine_sheep_57                   -            246 416at10240           -            205   4.1e-86  285.7  23.0   1   1   1.2e-86   8.8e-85  281.4  23.0     1   205     1   237     1   237 0.91 # 52192 # 52929 # 1 # ID=19_57;partial=00;start_type=ATG;rbs_motif=None;rbs_spacer=None;gc_cont=0.301
MN072628.1_Sheeppox_virus_Nigeria_sheep_57                                -            246 416at10240           -            205   4.1e-86  285.7  23.0   1   1   1.2e-86   8.8e-85  281.4  23.0     1   205     1   237     1   237 0.91 # 52743 # 53480 # 1 # ID=18_57;partial=00;start_type=ATG;rbs_motif=None;rbs_spacer=None;gc_cont=0.302
MN072629.1_Sheeppox_virus_Pendik_sheep_57                                 -            246 416at10240           -            205   4.1e-86  285.7  23.0   1   1   1.2e-86   8.8e-85  281.4  23.0     1   205     1   237     1   237 0.91 # 52850 # 53587 # 1 # ID=17_57;partial=00;start_type=ATG;rbs_motif=None;rbs_spacer=None;gc_cont=0.302
MN072630.1_Sheeppox_virus_Saudi_Arabia_sheep_57                           -            246 416at10240           -            205   4.1e-86  285.7  23.0   1   1   1.2e-86   8.8e-85  281.4  23.0     1   205     1   237     1   237 0.91 # 52848 # 53585 # 1 # ID=16_57;partial=00;start_type=ATG;rbs_motif=None;rbs_spacer=None;gc_cont=0.302
MN072631.1_Sheeppox_virus_Turkey_vaccine_sheep_57                         -            246 416at10240           -            205   4.1e-86  285.7  23.0   1   1   1.2e-86   8.8e-85  281.4  23.0     1   205     1   237     1   237 0.91 # 52850 # 53587 # 1 # ID=15_57;partial=00;start_type=ATG;rbs_motif=None;rbs_spacer=None;gc_cont=0.302
MT137384.1_Sheeppox_virus_Srinagar_passage_40_vaccine_India_2000_sheep_58 -            246 416at10240           -            205   4.1e-86  285.7  23.0   1   1   1.2e-86   8.8e-85  281.4  23.0     1   205     1   237     1   237 0.91 # 52823 # 53560 # 1 # ID=11_58;partial=00;start_type=ATG;rbs_motif=None;rbs_spacer=None;gc_cont=0.302
MW020571.1_Sheeppox_virus_V104_sheep_58                                   -            246 416at10240           -            205   4.1e-86  285.7  23.0   1   1   1.2e-86   8.8e-85  281.4  23.0     1   205     1   237     1   237 0.91 # 52938 # 53675 # 1 # ID=14_58;partial=00;start_type=ATG;rbs_motif=None;rbs_spacer=None;gc_cont=0.302
MW167070.1_Sheeppox_virus_V123_IndiaSurankote_2013_sheep_58               -            246 416at10240           -            205   4.1e-86  285.7  23.0   1   1   1.2e-86   8.8e-85  281.4  23.0     1   205     1   237     1   237 0.91 # 52860 # 53597 # 1 # ID=13_58;partial=00;start_type=ATG;rbs_motif=None;rbs_spacer=None;gc_cont=0.302
MW167071.1_Sheeppox_virus_V293_Egypt_2018_sheep_57                        -            246 416at10240           -            205   4.1e-86  285.7  23.0   1   1   1.2e-86   8.8e-85  281.4  23.0     1   205     1   237     1   237 0.91 # 52937 # 53674 # 1 # ID=12_57;partial=00;start_type=ATG;rbs_motif=None;rbs_spacer=None;gc_cont=0.302
NC_004002.1_Sheeppox_virus_17077_99_1970_sheep_57                         -            246 416at10240           -            205   4.1e-86  285.7  23.0   1   1   1.2e-86   8.8e-85  281.4  23.0     1   205     1   237     1   237 0.91 # 52684 # 53421 # 1 # ID=7_57;partial=00;start_type=ATG;rbs_motif=None;rbs_spacer=None;gc_cont=0.302
ON961655.1_Sheeppox_virus_Moscow_Russia_2018_ovine_58                     -            246 416at10240           -            205   4.1e-86  285.7  23.0   1   1   1.2e-86   8.8e-85  281.4  23.0     1   205     1   237     1   237 0.91 # 52760 # 53497 # 1 # ID=10_58;partial=00;start_type=ATG;rbs_motif=None;rbs_spacer=None;gc_cont=0.302
ON961656.1_Sheeppox_virus_Moscow_Russia_2019_ovine_58                     -            246 416at10240           -            205   4.1e-86  285.7  23.0   1   1   1.2e-86   8.8e-85  281.4  23.0     1   205     1   237     1   237 0.91 # 52572 # 53309 # 1 # ID=9_58;partial=00;start_type=ATG;rbs_motif=None;rbs_spacer=None;gc_cont=0.302
ON961657.1_Sheeppox_virus_Tula_Russia_2019_ovine_58                       -            246 416at10240           -            205   4.1e-86  285.7  23.0   1   1   1.2e-86   8.8e-85  281.4  23.0     1   205     1   237     1   237 0.91 # 52572 # 53309 # 1 # ID=8_58;partial=00;start_type=ATG;rbs_motif=None;rbs_spacer=None;gc_cont=0.302
OQ434235.1_Sheeppox_virus_SPPV_Amur_Russia_2018_Russia_2018_Ovine_57      -            246 416at10240           -            205   4.1e-86  285.7  23.0   1   1   1.2e-86   8.8e-85  281.4  23.0     1   205     1   237     1   237 0.91 # 52595 # 53332 # 1 # ID=5_57;partial=00;start_type=ATG;rbs_motif=None;rbs_spacer=None;gc_cont=0.301
OQ434236.1_Sheeppox_virus_SPPV_Dagestan_Russia_2020_Russia_2020_Ovine_60  -            246 416at10240           -            205   4.1e-86  285.7  23.0   1   1   1.2e-86   8.8e-85  281.4  23.0     1   205     1   237     1   237 0.91 # 52596 # 53333 # 1 # ID=4_60;partial=00;start_type=ATG;rbs_motif=None;rbs_spacer=None;gc_cont=0.302
OQ434237.1_Sheeppox_virus_SPPV_Kostroma_Russia_2020_Russia_2020_Ovine_58  -            246 416at10240           -            205   4.1e-86  285.7  23.0   1   1   1.2e-86   8.8e-85  281.4  23.0     1   205     1   237     1   237 0.91 # 52595 # 53332 # 1 # ID=3_58;partial=00;start_type=ATG;rbs_motif=None;rbs_spacer=None;gc_cont=0.302
OQ434238.1_Sheeppox_virus_SPPV_Pskov_Russia_2019_Russia_2019_Ovine_58     -            246 416at10240           -            205   4.1e-86  285.7  23.0   1   1   1.2e-86   8.8e-85  281.4  23.0     1   205     1   237     1   237 0.91 # 52595 # 53332 # 1 # ID=2_58;partial=00;start_type=ATG;rbs_motif=None;rbs_spacer=None;gc_cont=0.302
OQ434239.1_Sheeppox_virus_SPPV_Tver_Russia_2019_Russia_2019_Ovine_58      -            246 416at10240           -            205   4.1e-86  285.7  23.0   1   1   1.2e-86   8.8e-85  281.4  23.0     1   205     1   237     1   237 0.91 # 52596 # 53333 # 1 # ID=1_58;partial=00;start_type=ATG;rbs_motif=None;rbs_spacer=None;gc_cont=0.302
OR239060.1_Sheeppox_virus_V330_United_Arab_Emirates_2017_sheep_58         -            246 416at10240           -            205   4.1e-86  285.7  23.0   1   1   1.2e-86   8.8e-85  281.4  23.0     1   205     1   237     1   237 0.91 # 52935 # 53672 # 1 # ID=6_58;partial=00;start_type=ATG;rbs_motif=None;rbs_spacer=None;gc_cont=0.302
AY077832.1_Sheeppox_virus_10700_99_TU_V02127_1970_sheep_21                -            217 416at10240           -            205   5.8e-14   50.1   2.3   1   1   1.1e-15   7.9e-14   49.7   2.3    30   157    29   158     6   181 0.83 # 15636 # 16286 # -1 # ID=23_21;partial=00;start_type=ATG;rbs_motif=TTT;rbs_spacer=15bp;gc_cont=0.260
AY077833.1_Sheeppox_virus_A_1987_sheep_21                                 -            217 416at10240           -            205   5.8e-14   50.1   2.3   1   1   1.1e-15   7.9e-14   49.7   2.3    30   157    29   158     6   181 0.83 # 15745 # 16395 # -1 # ID=25_21;partial=00;start_type=ATG;rbs_motif=TTT;rbs_spacer=15bp;gc_cont=0.260
AY077834.1_Sheeppox_virus_NISKHI_1994_21                                  -            217 416at10240           -            205   5.8e-14   50.1   2.3   1   1   1.1e-15   7.9e-14   49.7   2.3    30   157    29   158     6   181 0.83 # 15546 # 16196 # -1 # ID=24_21;partial=00;start_type=ATG;rbs_motif=TTT;rbs_spacer=15bp;gc_cont=0.260
KT438550.1_Sheeppox_virus_SPPV_GH_China_11_Apr_2013_Ovis_aries_21         -            217 416at10240           -            205   5.8e-14   50.1   2.3   1   1   1.1e-15   7.9e-14   49.7   2.3    30   157    29   158     6   181 0.83 # 15808 # 16458 # -1 # ID=22_21;partial=00;start_type=ATG;rbs_motif=TTT;rbs_spacer=15bp;gc_cont=0.260
KT438551.1_Sheeppox_virus_SPPV_GL_China_11_Apr_2013_Ovis_aries_21         -            217 416at10240           -            205   5.8e-14   50.1   2.3   1   1   1.1e-15   7.9e-14   49.7   2.3    30   157    29   158     6   181 0.83 # 15804 # 16454 # -1 # ID=21_21;partial=00;start_type=ATG;rbs_motif=TTT;rbs_spacer=15bp;gc_cont=0.260
MN072626.1_Sheeppox_virus_Abu_Gharib_Iraq_sheep_21                        -            217 416at10240           -            205   5.8e-14   50.1   2.3   1   1   1.1e-15   7.9e-14   49.7   2.3    30   157    29   158     6   181 0.83 # 15231 # 15881 # -1 # ID=20_21;partial=00;start_type=ATG;rbs_motif=TTT;rbs_spacer=15bp;gc_cont=0.260
MN072627.1_Sheeppox_virus_Saudi_Arabia_vaccine_sheep_21                   -            217 416at10240           -            205   5.8e-14   50.1   2.3   1   1   1.1e-15   7.9e-14   49.7   2.3    30   157    29   158     6   181 0.83 # 15273 # 15923 # -1 # ID=19_21;partial=00;start_type=ATG;rbs_motif=TTT;rbs_spacer=15bp;gc_cont=0.260
MN072628.1_Sheeppox_virus_Nigeria_sheep_21                                -            217 416at10240           -            205   5.8e-14   50.1   2.3   1   1   1.1e-15   7.9e-14   49.7   2.3    30   157    29   158     6   181 0.83 # 15695 # 16345 # -1 # ID=18_21;partial=00;start_type=ATG;rbs_motif=TTT;rbs_spacer=15bp;gc_cont=0.260
MN072629.1_Sheeppox_virus_Pendik_sheep_21                                 -            217 416at10240           -            205   5.8e-14   50.1   2.3   1   1   1.1e-15   7.9e-14   49.7   2.3    30   157    29   158     6   181 0.83 # 15808 # 16458 # -1 # ID=17_21;partial=00;start_type=ATG;rbs_motif=TTT;rbs_spacer=15bp;gc_cont=0.260
MN072630.1_Sheeppox_virus_Saudi_Arabia_sheep_21                           -            217 416at10240           -            205   5.8e-14   50.1   2.3   1   1   1.1e-15   7.9e-14   49.7   2.3    30   157    29   158     6   181 0.83 # 15799 # 16449 # -1 # ID=16_21;partial=00;start_type=ATG;rbs_motif=TTT;rbs_spacer=15bp;gc_cont=0.260
MN072631.1_Sheeppox_virus_Turkey_vaccine_sheep_21                         -            217 416at10240           -            205   5.8e-14   50.1   2.3   1   1   1.1e-15   7.9e-14   49.7   2.3    30   157    29   158     6   181 0.83 # 15798 # 16448 # -1 # ID=15_21;partial=00;start_type=ATG;rbs_motif=TTT;rbs_spacer=15bp;gc_cont=0.260
MT137384.1_Sheeppox_virus_Srinagar_passage_40_vaccine_India_2000_sheep_21 -            217 416at10240           -            205   5.8e-14   50.1   2.3   1   1   1.1e-15   7.9e-14   49.7   2.3    30   157    29   158     6   181 0.83 # 15773 # 16423 # -1 # ID=11_21;partial=00;start_type=ATG;rbs_motif=TTT;rbs_spacer=15bp;gc_cont=0.260
MW020571.1_Sheeppox_virus_V104_sheep_21                                   -            217 416at10240           -            205   5.8e-14   50.1   2.3   1   1   1.1e-15   7.9e-14   49.7   2.3    30   157    29   158     6   181 0.83 # 15886 # 16536 # -1 # ID=14_21;partial=00;start_type=ATG;rbs_motif=TTT;rbs_spacer=15bp;gc_cont=0.260
MW167070.1_Sheeppox_virus_V123_IndiaSurankote_2013_sheep_21               -            217 416at10240           -            205   5.8e-14   50.1   2.3   1   1   1.1e-15   7.9e-14   49.7   2.3    30   157    29   158     6   181 0.83 # 15810 # 16460 # -1 # ID=13_21;partial=00;start_type=ATG;rbs_motif=TTT;rbs_spacer=15bp;gc_cont=0.260
MW167071.1_Sheeppox_virus_V293_Egypt_2018_sheep_21                        -            217 416at10240           -            205   5.8e-14   50.1   2.3   1   1   1.1e-15   7.9e-14   49.7   2.3    30   157    29   158     6   181 0.83 # 15889 # 16539 # -1 # ID=12_21;partial=00;start_type=ATG;rbs_motif=TTT;rbs_spacer=15bp;gc_cont=0.260
NC_004002.1_Sheeppox_virus_17077_99_1970_sheep_21                         -            217 416at10240           -            205   5.8e-14   50.1   2.3   1   1   1.1e-15   7.9e-14   49.7   2.3    30   157    29   158     6   181 0.83 # 15636 # 16286 # -1 # ID=7_21;partial=00;start_type=ATG;rbs_motif=TTT;rbs_spacer=15bp;gc_cont=0.260
ON961655.1_Sheeppox_virus_Moscow_Russia_2018_ovine_21                     -            217 416at10240           -            205   5.8e-14   50.1   2.3   1   1   1.1e-15   7.9e-14   49.7   2.3    30   157    29   158     6   181 0.83 # 15711 # 16361 # -1 # ID=10_21;partial=00;start_type=ATG;rbs_motif=TTT;rbs_spacer=15bp;gc_cont=0.260
ON961656.1_Sheeppox_virus_Moscow_Russia_2019_ovine_21                     -            217 416at10240           -            205   5.8e-14   50.1   2.3   1   1   1.1e-15   7.9e-14   49.7   2.3    30   157    29   158     6   181 0.83 # 15523 # 16173 # -1 # ID=9_21;partial=00;start_type=ATG;rbs_motif=TTT;rbs_spacer=15bp;gc_cont=0.260
ON961657.1_Sheeppox_virus_Tula_Russia_2019_ovine_21                       -            217 416at10240           -            205   5.8e-14   50.1   2.3   1   1   1.1e-15   7.9e-14   49.7   2.3    30   157    29   158     6   181 0.83 # 15523 # 16173 # -1 # ID=8_21;partial=00;start_type=ATG;rbs_motif=TTT;rbs_spacer=15bp;gc_cont=0.260
OQ434235.1_Sheeppox_virus_SPPV_Amur_Russia_2018_Russia_2018_Ovine_21      -            217 416at10240           -            205   5.8e-14   50.1   2.3   1   1   1.1e-15   7.9e-14   49.7   2.3    30   157    29   158     6   181 0.83 # 15540 # 16190 # -1 # ID=5_21;partial=00;start_type=ATG;rbs_motif=TTT;rbs_spacer=15bp;gc_cont=0.260
OQ434236.1_Sheeppox_virus_SPPV_Dagestan_Russia_2020_Russia_2020_Ovine_21  -            217 416at10240           -            205   5.8e-14   50.1   2.3   1   1   1.1e-15   7.9e-14   49.7   2.3    30   157    29   158     6   181 0.83 # 15546 # 16196 # -1 # ID=4_21;partial=00;start_type=ATG;rbs_motif=TTT;rbs_spacer=15bp;gc_cont=0.260
OQ434237.1_Sheeppox_virus_SPPV_Kostroma_Russia_2020_Russia_2020_Ovine_21  -            217 416at10240           -            205   5.8e-14   50.1   2.3   1   1   1.1e-15   7.9e-14   49.7   2.3    30   157    29   158     6   181 0.83 # 15546 # 16196 # -1 # ID=3_21;partial=00;start_type=ATG;rbs_motif=TTT;rbs_spacer=15bp;gc_cont=0.260
OQ434238.1_Sheeppox_virus_SPPV_Pskov_Russia_2019_Russia_2019_Ovine_21     -            217 416at10240           -            205   5.8e-14   50.1   2.3   1   1   1.1e-15   7.9e-14   49.7   2.3    30   157    29   158     6   181 0.83 # 15546 # 16196 # -1 # ID=2_21;partial=00;start_type=ATG;rbs_motif=TTT;rbs_spacer=15bp;gc_cont=0.260
OQ434239.1_Sheeppox_virus_SPPV_Tver_Russia_2019_Russia_2019_Ovine_21      -            217 416at10240           -            205   5.8e-14   50.1   2.3   1   1   1.1e-15   7.9e-14   49.7   2.3    30   157    29   158     6   181 0.83 # 15547 # 16197 # -1 # ID=1_21;partial=00;start_type=ATG;rbs_motif=TTT;rbs_spacer=15bp;gc_cont=0.260
OR239060.1_Sheeppox_virus_V330_United_Arab_Emirates_2017_sheep_21         -            217 416at10240           -            205   5.8e-14   50.1   2.3   1   1   1.1e-15   7.9e-14   49.7   2.3    30   157    29   158     6   181 0.83 # 15891 # 16541 # -1 # ID=6_21;partial=00;start_type=ATG;rbs_motif=TTT;rbs_spacer=15bp;gc_cont=0.260
#
# Program:         hmmsearch
# Version:         3.3.2 (Nov 2020)
# Pipeline mode:   SEARCH
# Query file:      /mnt/lustre/RDS-live/downing/LSDV_PVG/SHEEPPOXVIRUS/busco_downloads/lineages/poxviridae_odb10/hmms/416at10240.hmm
# Target file:     /mnt/lustre/RDS-live/downing/LSDV_PVG/SHEEPPOXVIRUS/BUSCO/prodigal_output/predicted_genes/predicted.faa
# Option settings: hmmsearch --domtblout /mnt/lustre/RDS-live/downing/LSDV_PVG/SHEEPPOXVIRUS/BUSCO/run_poxviridae_odb10/hmmer_output/416at10240.out --cpu 1 /mnt/lustre/RDS-live/downing/LSDV_PVG/SHEEPPOXVIRUS/busco_downloads/lineages/poxviridae_odb10/hmms/416at10240.hmm /mnt/lustre/RDS-live/downing/LSDV_PVG/SHEEPPOXVIRUS/BUSCO/prodigal_output/predicted_genes/predicted.faa 
# Current dir:     /mnt/lustre/RDS-live/downing/LSDV_PVG/SHEEPPOXVIRUS
# Date:            Tue Apr 16 16:00:08 2024
# [ok]
