#                                                                                                                                 --- full sequence --- -------------- this domain -------------   hmm coord   ali coord   env coord
# target name                                                             accession   tlen query name           accession   qlen   E-value  score  bias   #  of  c-Evalue  i-Evalue  score  bias  from    to  from    to  from    to  acc description of target
#                                                     ------------------- ---------- ----- -------------------- ---------- ----- --------- ------ ----- --- --- --------- --------- ------ ----- ----- ----- ----- ----- ----- ----- ---- ---------------------
AY077832.1_Sheeppox_virus_10700_99_TU_V02127_1970_sheep_88                -            228 440at10240           -            196   7.7e-87  288.0  23.1   1   1   5.9e-89   8.9e-87  287.8  23.1     2   184    16   202    15   227 0.90 # 85858 # 86541 # -1 # ID=23_88;partial=00;start_type=ATG;rbs_motif=AAAA;rbs_spacer=14bp;gc_cont=0.232
AY077833.1_Sheeppox_virus_A_1987_sheep_88                                 -            228 440at10240           -            196   7.7e-87  288.0  23.1   1   1   5.9e-89   8.9e-87  287.8  23.1     2   184    16   202    15   227 0.90 # 85961 # 86644 # -1 # ID=25_88;partial=00;start_type=ATG;rbs_motif=AAAA;rbs_spacer=14bp;gc_cont=0.232
AY077834.1_Sheeppox_virus_NISKHI_1994_89                                  -            228 440at10240           -            196   7.7e-87  288.0  23.1   1   1   5.9e-89   8.9e-87  287.8  23.1     2   184    16   202    15   227 0.90 # 85767 # 86450 # -1 # ID=24_89;partial=00;start_type=ATG;rbs_motif=AAAA;rbs_spacer=14bp;gc_cont=0.232
KT438550.1_Sheeppox_virus_SPPV_GH_China_11_Apr_2013_Ovis_aries_88         -            228 440at10240           -            196   7.7e-87  288.0  23.1   1   1   5.9e-89   8.9e-87  287.8  23.1     2   184    16   202    15   227 0.90 # 86032 # 86715 # -1 # ID=22_88;partial=00;start_type=ATG;rbs_motif=AAAA;rbs_spacer=14bp;gc_cont=0.234
KT438551.1_Sheeppox_virus_SPPV_GL_China_11_Apr_2013_Ovis_aries_88         -            228 440at10240           -            196   7.7e-87  288.0  23.1   1   1   5.9e-89   8.9e-87  287.8  23.1     2   184    16   202    15   227 0.90 # 86028 # 86711 # -1 # ID=21_88;partial=00;start_type=ATG;rbs_motif=AAAA;rbs_spacer=14bp;gc_cont=0.234
MN072626.1_Sheeppox_virus_Abu_Gharib_Iraq_sheep_88                        -            228 440at10240           -            196   7.7e-87  288.0  23.1   1   1   5.9e-89   8.9e-87  287.8  23.1     2   184    16   202    15   227 0.90 # 85298 # 85981 # -1 # ID=20_88;partial=00;start_type=ATG;rbs_motif=AAAA;rbs_spacer=14bp;gc_cont=0.232
MN072627.1_Sheeppox_virus_Saudi_Arabia_vaccine_sheep_88                   -            228 440at10240           -            196   7.7e-87  288.0  23.1   1   1   5.9e-89   8.9e-87  287.8  23.1     2   184    16   202    15   227 0.90 # 85339 # 86022 # -1 # ID=19_88;partial=00;start_type=ATG;rbs_motif=AAAA;rbs_spacer=14bp;gc_cont=0.232
MN072628.1_Sheeppox_virus_Nigeria_sheep_88                                -            228 440at10240           -            196   7.7e-87  288.0  23.1   1   1   5.9e-89   8.9e-87  287.8  23.1     2   184    16   202    15   227 0.90 # 85911 # 86594 # -1 # ID=18_88;partial=00;start_type=ATG;rbs_motif=AAAA;rbs_spacer=14bp;gc_cont=0.232
MN072629.1_Sheeppox_virus_Pendik_sheep_88                                 -            228 440at10240           -            196   7.7e-87  288.0  23.1   1   1   5.9e-89   8.9e-87  287.8  23.1     2   184    16   202    15   227 0.90 # 86026 # 86709 # -1 # ID=17_88;partial=00;start_type=ATG;rbs_motif=AAAA;rbs_spacer=14bp;gc_cont=0.232
MN072630.1_Sheeppox_virus_Saudi_Arabia_sheep_88                           -            228 440at10240           -            196   7.7e-87  288.0  23.1   1   1   5.9e-89   8.9e-87  287.8  23.1     2   184    16   202    15   227 0.90 # 86016 # 86699 # -1 # ID=16_88;partial=00;start_type=ATG;rbs_motif=AAAA;rbs_spacer=14bp;gc_cont=0.232
MN072631.1_Sheeppox_virus_Turkey_vaccine_sheep_88                         -            228 440at10240           -            196   7.7e-87  288.0  23.1   1   1   5.9e-89   8.9e-87  287.8  23.1     2   184    16   202    15   227 0.90 # 86018 # 86701 # -1 # ID=15_88;partial=00;start_type=ATG;rbs_motif=AAAA;rbs_spacer=14bp;gc_cont=0.232
MT137384.1_Sheeppox_virus_Srinagar_passage_40_vaccine_India_2000_sheep_89 -            228 440at10240           -            196   7.7e-87  288.0  23.1   1   1   5.9e-89   8.9e-87  287.8  23.1     2   184    16   202    15   227 0.90 # 85993 # 86676 # -1 # ID=11_89;partial=00;start_type=ATG;rbs_motif=AAAA;rbs_spacer=14bp;gc_cont=0.232
MW020571.1_Sheeppox_virus_V104_sheep_89                                   -            228 440at10240           -            196   7.7e-87  288.0  23.1   1   1   5.9e-89   8.9e-87  287.8  23.1     2   184    16   202    15   227 0.90 # 86107 # 86790 # -1 # ID=14_89;partial=00;start_type=ATG;rbs_motif=AAAA;rbs_spacer=14bp;gc_cont=0.232
MW167071.1_Sheeppox_virus_V293_Egypt_2018_sheep_88                        -            228 440at10240           -            196   7.7e-87  288.0  23.1   1   1   5.9e-89   8.9e-87  287.8  23.1     2   184    16   202    15   227 0.90 # 86111 # 86794 # -1 # ID=12_88;partial=00;start_type=ATG;rbs_motif=AAAA;rbs_spacer=14bp;gc_cont=0.232
NC_004002.1_Sheeppox_virus_17077_99_1970_sheep_88                         -            228 440at10240           -            196   7.7e-87  288.0  23.1   1   1   5.9e-89   8.9e-87  287.8  23.1     2   184    16   202    15   227 0.90 # 85858 # 86541 # -1 # ID=7_88;partial=00;start_type=ATG;rbs_motif=AAAA;rbs_spacer=14bp;gc_cont=0.232
ON961655.1_Sheeppox_virus_Moscow_Russia_2018_ovine_89                     -            228 440at10240           -            196   7.7e-87  288.0  23.1   1   1   5.9e-89   8.9e-87  287.8  23.1     2   184    16   202    15   227 0.90 # 85928 # 86611 # -1 # ID=10_89;partial=00;start_type=ATG;rbs_motif=AAAA;rbs_spacer=14bp;gc_cont=0.232
ON961656.1_Sheeppox_virus_Moscow_Russia_2019_ovine_89                     -            228 440at10240           -            196   7.7e-87  288.0  23.1   1   1   5.9e-89   8.9e-87  287.8  23.1     2   184    16   202    15   227 0.90 # 85740 # 86423 # -1 # ID=9_89;partial=00;start_type=ATG;rbs_motif=AAAA;rbs_spacer=14bp;gc_cont=0.232
ON961657.1_Sheeppox_virus_Tula_Russia_2019_ovine_89                       -            228 440at10240           -            196   7.7e-87  288.0  23.1   1   1   5.9e-89   8.9e-87  287.8  23.1     2   184    16   202    15   227 0.90 # 85741 # 86424 # -1 # ID=8_89;partial=00;start_type=ATG;rbs_motif=AAAA;rbs_spacer=14bp;gc_cont=0.232
OQ434235.1_Sheeppox_virus_SPPV_Amur_Russia_2018_Russia_2018_Ovine_88      -            228 440at10240           -            196   7.7e-87  288.0  23.1   1   1   5.9e-89   8.9e-87  287.8  23.1     2   184    16   202    15   227 0.90 # 85763 # 86446 # -1 # ID=5_88;partial=00;start_type=ATG;rbs_motif=AAAA;rbs_spacer=14bp;gc_cont=0.232
OQ434236.1_Sheeppox_virus_SPPV_Dagestan_Russia_2020_Russia_2020_Ovine_91  -            228 440at10240           -            196   7.7e-87  288.0  23.1   1   1   5.9e-89   8.9e-87  287.8  23.1     2   184    16   202    15   227 0.90 # 85764 # 86447 # -1 # ID=4_91;partial=00;start_type=ATG;rbs_motif=AAAA;rbs_spacer=14bp;gc_cont=0.232
OQ434237.1_Sheeppox_virus_SPPV_Kostroma_Russia_2020_Russia_2020_Ovine_89  -            228 440at10240           -            196   7.7e-87  288.0  23.1   1   1   5.9e-89   8.9e-87  287.8  23.1     2   184    16   202    15   227 0.90 # 85763 # 86446 # -1 # ID=3_89;partial=00;start_type=ATG;rbs_motif=AAAA;rbs_spacer=14bp;gc_cont=0.232
OQ434238.1_Sheeppox_virus_SPPV_Pskov_Russia_2019_Russia_2019_Ovine_89     -            228 440at10240           -            196   7.7e-87  288.0  23.1   1   1   5.9e-89   8.9e-87  287.8  23.1     2   184    16   202    15   227 0.90 # 85764 # 86447 # -1 # ID=2_89;partial=00;start_type=ATG;rbs_motif=AAAA;rbs_spacer=14bp;gc_cont=0.232
OQ434239.1_Sheeppox_virus_SPPV_Tver_Russia_2019_Russia_2019_Ovine_89      -            228 440at10240           -            196   7.7e-87  288.0  23.1   1   1   5.9e-89   8.9e-87  287.8  23.1     2   184    16   202    15   227 0.90 # 85765 # 86448 # -1 # ID=1_89;partial=00;start_type=ATG;rbs_motif=AAAA;rbs_spacer=14bp;gc_cont=0.232
OR239060.1_Sheeppox_virus_V330_United_Arab_Emirates_2017_sheep_89         -            228 440at10240           -            196   7.7e-87  288.0  23.1   1   1   5.9e-89   8.9e-87  287.8  23.1     2   184    16   202    15   227 0.90 # 86110 # 86793 # -1 # ID=6_89;partial=00;start_type=ATG;rbs_motif=AAAA;rbs_spacer=14bp;gc_cont=0.232
MW167070.1_Sheeppox_virus_V123_IndiaSurankote_2013_sheep_89               -            228 440at10240           -            196     2e-86  286.7  23.1   1   1   1.5e-88   2.3e-86  286.4  23.1     2   184    16   202    15   227 0.90 # 86030 # 86713 # -1 # ID=13_89;partial=00;start_type=ATG;rbs_motif=AAAA;rbs_spacer=14bp;gc_cont=0.232
#
# Program:         hmmsearch
# Version:         3.3.2 (Nov 2020)
# Pipeline mode:   SEARCH
# Query file:      /mnt/lustre/RDS-live/downing/LSDV_PVG/SHEEPPOXVIRUS/busco_downloads/lineages/poxviridae_odb10/hmms/440at10240.hmm
# Target file:     /mnt/lustre/RDS-live/downing/LSDV_PVG/SHEEPPOXVIRUS/BUSCO/prodigal_output/predicted_genes/predicted.faa
# Option settings: hmmsearch --domtblout /mnt/lustre/RDS-live/downing/LSDV_PVG/SHEEPPOXVIRUS/BUSCO/run_poxviridae_odb10/hmmer_output/440at10240.out --cpu 1 /mnt/lustre/RDS-live/downing/LSDV_PVG/SHEEPPOXVIRUS/busco_downloads/lineages/poxviridae_odb10/hmms/440at10240.hmm /mnt/lustre/RDS-live/downing/LSDV_PVG/SHEEPPOXVIRUS/BUSCO/prodigal_output/predicted_genes/predicted.faa 
# Current dir:     /mnt/lustre/RDS-live/downing/LSDV_PVG/SHEEPPOXVIRUS
# Date:            Tue Apr 16 16:00:09 2024
# [ok]
