#                                                                                                                                 --- full sequence --- -------------- this domain -------------   hmm coord   ali coord   env coord
# target name                                                             accession   tlen query name           accession   qlen   E-value  score  bias   #  of  c-Evalue  i-Evalue  score  bias  from    to  from    to  from    to  acc description of target
#                                                     ------------------- ---------- ----- -------------------- ---------- ----- --------- ------ ----- --- --- --------- --------- ------ ----- ----- ----- ----- ----- ----- ----- ---- ---------------------
AY077833.1_Sheeppox_virus_A_1987_sheep_65                                 -            334 455at10240           -            249  1.3e-100  333.5   7.6   1   1  1.9e-102  2.8e-100  332.4   7.6     1   249     1   296     1   296 0.88 # 57700 # 58701 # 1 # ID=25_65;partial=00;start_type=ATG;rbs_motif=AAAA;rbs_spacer=13bp;gc_cont=0.268
MT137384.1_Sheeppox_virus_Srinagar_passage_40_vaccine_India_2000_sheep_66 -            334 455at10240           -            249  1.3e-100  333.5   7.6   1   1  1.9e-102  2.8e-100  332.4   7.6     1   249     1   296     1   296 0.88 # 57732 # 58733 # 1 # ID=11_66;partial=00;start_type=ATG;rbs_motif=AAAA;rbs_spacer=13bp;gc_cont=0.268
ON961655.1_Sheeppox_virus_Moscow_Russia_2018_ovine_66                     -            334 455at10240           -            249  1.3e-100  333.5   7.6   1   1  1.9e-102  2.8e-100  332.4   7.6     1   249     1   296     1   296 0.88 # 57668 # 58669 # 1 # ID=10_66;partial=00;start_type=ATG;rbs_motif=AAAA;rbs_spacer=13bp;gc_cont=0.268
ON961656.1_Sheeppox_virus_Moscow_Russia_2019_ovine_66                     -            334 455at10240           -            249  1.3e-100  333.5   7.6   1   1  1.9e-102  2.8e-100  332.4   7.6     1   249     1   296     1   296 0.88 # 57480 # 58481 # 1 # ID=9_66;partial=00;start_type=ATG;rbs_motif=AAAA;rbs_spacer=13bp;gc_cont=0.268
ON961657.1_Sheeppox_virus_Tula_Russia_2019_ovine_66                       -            334 455at10240           -            249  1.3e-100  333.5   7.6   1   1  1.9e-102  2.8e-100  332.4   7.6     1   249     1   296     1   296 0.88 # 57481 # 58482 # 1 # ID=8_66;partial=00;start_type=ATG;rbs_motif=AAAA;rbs_spacer=13bp;gc_cont=0.268
OQ434236.1_Sheeppox_virus_SPPV_Dagestan_Russia_2020_Russia_2020_Ovine_68  -            334 455at10240           -            249  1.3e-100  333.5   7.6   1   1  1.9e-102  2.8e-100  332.4   7.6     1   249     1   296     1   296 0.88 # 57504 # 58505 # 1 # ID=4_68;partial=00;start_type=ATG;rbs_motif=AAAA;rbs_spacer=13bp;gc_cont=0.268
OQ434237.1_Sheeppox_virus_SPPV_Kostroma_Russia_2020_Russia_2020_Ovine_66  -            334 455at10240           -            249  1.3e-100  333.5   7.6   1   1  1.9e-102  2.8e-100  332.4   7.6     1   249     1   296     1   296 0.88 # 57503 # 58504 # 1 # ID=3_66;partial=00;start_type=ATG;rbs_motif=AAAA;rbs_spacer=13bp;gc_cont=0.268
OQ434238.1_Sheeppox_virus_SPPV_Pskov_Russia_2019_Russia_2019_Ovine_66     -            334 455at10240           -            249  1.3e-100  333.5   7.6   1   1  1.9e-102  2.8e-100  332.4   7.6     1   249     1   296     1   296 0.88 # 57504 # 58505 # 1 # ID=2_66;partial=00;start_type=ATG;rbs_motif=AAAA;rbs_spacer=13bp;gc_cont=0.268
OQ434239.1_Sheeppox_virus_SPPV_Tver_Russia_2019_Russia_2019_Ovine_66      -            334 455at10240           -            249  1.3e-100  333.5   7.6   1   1  1.9e-102  2.8e-100  332.4   7.6     1   249     1   296     1   296 0.88 # 57505 # 58506 # 1 # ID=1_66;partial=00;start_type=ATG;rbs_motif=AAAA;rbs_spacer=13bp;gc_cont=0.268
AY077832.1_Sheeppox_virus_10700_99_TU_V02127_1970_sheep_65                -            329 455at10240           -            249   7.1e-99  327.8   7.8   1   1    1e-100   1.6e-98  326.7   7.8     6   249     1   291     1   291 0.88 # 57607 # 58593 # 1 # ID=23_65;partial=00;start_type=ATG;rbs_motif=AAAA;rbs_spacer=15bp;gc_cont=0.266
AY077834.1_Sheeppox_virus_NISKHI_1994_66                                  -            329 455at10240           -            249   7.1e-99  327.8   7.8   1   1    1e-100   1.6e-98  326.7   7.8     6   249     1   291     1   291 0.88 # 57521 # 58507 # 1 # ID=24_66;partial=00;start_type=ATG;rbs_motif=AAAA;rbs_spacer=15bp;gc_cont=0.266
KT438550.1_Sheeppox_virus_SPPV_GH_China_11_Apr_2013_Ovis_aries_65         -            329 455at10240           -            249   7.1e-99  327.8   7.8   1   1    1e-100   1.6e-98  326.7   7.8     6   249     1   291     1   291 0.88 # 57786 # 58772 # 1 # ID=22_65;partial=00;start_type=ATG;rbs_motif=AAAA;rbs_spacer=15bp;gc_cont=0.266
KT438551.1_Sheeppox_virus_SPPV_GL_China_11_Apr_2013_Ovis_aries_65         -            329 455at10240           -            249   7.1e-99  327.8   7.8   1   1    1e-100   1.6e-98  326.7   7.8     6   249     1   291     1   291 0.88 # 57782 # 58768 # 1 # ID=21_65;partial=00;start_type=ATG;rbs_motif=AAAA;rbs_spacer=15bp;gc_cont=0.266
MN072626.1_Sheeppox_virus_Abu_Gharib_Iraq_sheep_65                        -            329 455at10240           -            249   7.1e-99  327.8   7.8   1   1    1e-100   1.6e-98  326.7   7.8     6   249     1   291     1   291 0.88 # 57075 # 58061 # 1 # ID=20_65;partial=00;start_type=ATG;rbs_motif=AAAA;rbs_spacer=15bp;gc_cont=0.266
MN072627.1_Sheeppox_virus_Saudi_Arabia_vaccine_sheep_65                   -            329 455at10240           -            249   7.1e-99  327.8   7.8   1   1    1e-100   1.6e-98  326.7   7.8     6   249     1   291     1   291 0.88 # 57116 # 58102 # 1 # ID=19_65;partial=00;start_type=ATG;rbs_motif=AAAA;rbs_spacer=15bp;gc_cont=0.266
MN072628.1_Sheeppox_virus_Nigeria_sheep_65                                -            329 455at10240           -            249   7.1e-99  327.8   7.8   1   1    1e-100   1.6e-98  326.7   7.8     6   249     1   291     1   291 0.88 # 57665 # 58651 # 1 # ID=18_65;partial=00;start_type=ATG;rbs_motif=AAAA;rbs_spacer=15bp;gc_cont=0.266
MN072629.1_Sheeppox_virus_Pendik_sheep_65                                 -            329 455at10240           -            249   7.1e-99  327.8   7.8   1   1    1e-100   1.6e-98  326.7   7.8     6   249     1   291     1   291 0.88 # 57775 # 58761 # 1 # ID=17_65;partial=00;start_type=ATG;rbs_motif=AAAA;rbs_spacer=15bp;gc_cont=0.265
MN072630.1_Sheeppox_virus_Saudi_Arabia_sheep_65                           -            329 455at10240           -            249   7.1e-99  327.8   7.8   1   1    1e-100   1.6e-98  326.7   7.8     6   249     1   291     1   291 0.88 # 57770 # 58756 # 1 # ID=16_65;partial=00;start_type=ATG;rbs_motif=AAAA;rbs_spacer=15bp;gc_cont=0.266
MN072631.1_Sheeppox_virus_Turkey_vaccine_sheep_65                         -            329 455at10240           -            249   7.1e-99  327.8   7.8   1   1    1e-100   1.6e-98  326.7   7.8     6   249     1   291     1   291 0.88 # 57772 # 58758 # 1 # ID=15_65;partial=00;start_type=ATG;rbs_motif=AAAA;rbs_spacer=15bp;gc_cont=0.266
MW020571.1_Sheeppox_virus_V104_sheep_66                                   -            329 455at10240           -            249   7.1e-99  327.8   7.8   1   1    1e-100   1.6e-98  326.7   7.8     6   249     1   291     1   291 0.88 # 57861 # 58847 # 1 # ID=14_66;partial=00;start_type=ATG;rbs_motif=AAAA;rbs_spacer=15bp;gc_cont=0.266
MW167070.1_Sheeppox_virus_V123_IndiaSurankote_2013_sheep_66               -            329 455at10240           -            249   7.1e-99  327.8   7.8   1   1    1e-100   1.6e-98  326.7   7.8     6   249     1   291     1   291 0.88 # 57784 # 58770 # 1 # ID=13_66;partial=00;start_type=ATG;rbs_motif=AAAA;rbs_spacer=15bp;gc_cont=0.266
MW167071.1_Sheeppox_virus_V293_Egypt_2018_sheep_65                        -            329 455at10240           -            249   7.1e-99  327.8   7.8   1   1    1e-100   1.6e-98  326.7   7.8     6   249     1   291     1   291 0.88 # 57860 # 58846 # 1 # ID=12_65;partial=00;start_type=ATG;rbs_motif=AAAA;rbs_spacer=15bp;gc_cont=0.266
NC_004002.1_Sheeppox_virus_17077_99_1970_sheep_65                         -            329 455at10240           -            249   7.1e-99  327.8   7.8   1   1    1e-100   1.6e-98  326.7   7.8     6   249     1   291     1   291 0.88 # 57607 # 58593 # 1 # ID=7_65;partial=00;start_type=ATG;rbs_motif=AAAA;rbs_spacer=15bp;gc_cont=0.266
OQ434235.1_Sheeppox_virus_SPPV_Amur_Russia_2018_Russia_2018_Ovine_65      -            329 455at10240           -            249   7.1e-99  327.8   7.8   1   1    1e-100   1.6e-98  326.7   7.8     6   249     1   291     1   291 0.88 # 57517 # 58503 # 1 # ID=5_65;partial=00;start_type=ATG;rbs_motif=AAAA;rbs_spacer=15bp;gc_cont=0.266
OR239060.1_Sheeppox_virus_V330_United_Arab_Emirates_2017_sheep_66         -            329 455at10240           -            249   7.1e-99  327.8   7.8   1   1    1e-100   1.6e-98  326.7   7.8     6   249     1   291     1   291 0.88 # 57859 # 58845 # 1 # ID=6_66;partial=00;start_type=ATG;rbs_motif=AAAA;rbs_spacer=15bp;gc_cont=0.266
#
# Program:         hmmsearch
# Version:         3.3.2 (Nov 2020)
# Pipeline mode:   SEARCH
# Query file:      /mnt/lustre/RDS-live/downing/LSDV_PVG/SHEEPPOXVIRUS/busco_downloads/lineages/poxviridae_odb10/hmms/455at10240.hmm
# Target file:     /mnt/lustre/RDS-live/downing/LSDV_PVG/SHEEPPOXVIRUS/BUSCO/prodigal_output/predicted_genes/predicted.faa
# Option settings: hmmsearch --domtblout /mnt/lustre/RDS-live/downing/LSDV_PVG/SHEEPPOXVIRUS/BUSCO/run_poxviridae_odb10/hmmer_output/455at10240.out --cpu 1 /mnt/lustre/RDS-live/downing/LSDV_PVG/SHEEPPOXVIRUS/busco_downloads/lineages/poxviridae_odb10/hmms/455at10240.hmm /mnt/lustre/RDS-live/downing/LSDV_PVG/SHEEPPOXVIRUS/BUSCO/prodigal_output/predicted_genes/predicted.faa 
# Current dir:     /mnt/lustre/RDS-live/downing/LSDV_PVG/SHEEPPOXVIRUS
# Date:            Tue Apr 16 16:00:09 2024
# [ok]
