#                                                                                                                                 --- full sequence --- -------------- this domain -------------   hmm coord   ali coord   env coord
# target name                                                             accession   tlen query name           accession   qlen   E-value  score  bias   #  of  c-Evalue  i-Evalue  score  bias  from    to  from    to  from    to  acc description of target
#                                                     ------------------- ---------- ----- -------------------- ---------- ----- --------- ------ ----- --- --- --------- --------- ------ ----- ----- ----- ----- ----- ----- ----- ---- ---------------------
MN072627.1_Sheeppox_virus_Saudi_Arabia_vaccine_sheep_94                   -            715 53at10240            -            588  6.4e-244  808.7  62.3   1   1  2.2e-243  3.4e-241  799.7  62.3     1   588     1   685     1   685 0.90 # 90511 # 92655 # -1 # ID=19_94;partial=00;start_type=ATG;rbs_motif=None;rbs_spacer=None;gc_cont=0.256
AY077832.1_Sheeppox_virus_10700_99_TU_V02127_1970_sheep_94                -            715 53at10240            -            588    2e-243  807.1  62.4   1   1  2.5e-243  3.7e-241  799.6  62.4     1   588     1   685     1   685 0.90 # 91030 # 93174 # -1 # ID=23_94;partial=00;start_type=ATG;rbs_motif=None;rbs_spacer=None;gc_cont=0.256
AY077833.1_Sheeppox_virus_A_1987_sheep_94                                 -            715 53at10240            -            588    2e-243  807.1  62.4   1   1  2.5e-243  3.7e-241  799.6  62.4     1   588     1   685     1   685 0.90 # 91130 # 93274 # -1 # ID=25_94;partial=00;start_type=ATG;rbs_motif=None;rbs_spacer=None;gc_cont=0.255
AY077834.1_Sheeppox_virus_NISKHI_1994_95                                  -            715 53at10240            -            588    2e-243  807.1  62.4   1   1  2.5e-243  3.7e-241  799.6  62.4     1   588     1   685     1   685 0.90 # 90933 # 93077 # -1 # ID=24_95;partial=00;start_type=ATG;rbs_motif=None;rbs_spacer=None;gc_cont=0.255
KT438550.1_Sheeppox_virus_SPPV_GH_China_11_Apr_2013_Ovis_aries_94         -            715 53at10240            -            588    2e-243  807.1  62.4   1   1  2.5e-243  3.7e-241  799.6  62.4     1   588     1   685     1   685 0.90 # 91201 # 93345 # -1 # ID=22_94;partial=00;start_type=ATG;rbs_motif=None;rbs_spacer=None;gc_cont=0.255
KT438551.1_Sheeppox_virus_SPPV_GL_China_11_Apr_2013_Ovis_aries_94         -            715 53at10240            -            588    2e-243  807.1  62.4   1   1  2.5e-243  3.7e-241  799.6  62.4     1   588     1   685     1   685 0.90 # 91197 # 93341 # -1 # ID=21_94;partial=00;start_type=ATG;rbs_motif=None;rbs_spacer=None;gc_cont=0.255
MN072626.1_Sheeppox_virus_Abu_Gharib_Iraq_sheep_94                        -            715 53at10240            -            588    2e-243  807.1  62.4   1   1  2.5e-243  3.7e-241  799.6  62.4     1   588     1   685     1   685 0.90 # 90470 # 92614 # -1 # ID=20_94;partial=00;start_type=ATG;rbs_motif=None;rbs_spacer=None;gc_cont=0.256
MN072628.1_Sheeppox_virus_Nigeria_sheep_94                                -            715 53at10240            -            588    2e-243  807.1  62.4   1   1  2.5e-243  3.7e-241  799.6  62.4     1   588     1   685     1   685 0.90 # 91080 # 93224 # -1 # ID=18_94;partial=00;start_type=ATG;rbs_motif=None;rbs_spacer=None;gc_cont=0.256
MN072629.1_Sheeppox_virus_Pendik_sheep_94                                 -            715 53at10240            -            588    2e-243  807.1  62.4   1   1  2.5e-243  3.7e-241  799.6  62.4     1   588     1   685     1   685 0.90 # 91195 # 93339 # -1 # ID=17_94;partial=00;start_type=ATG;rbs_motif=None;rbs_spacer=None;gc_cont=0.256
MN072630.1_Sheeppox_virus_Saudi_Arabia_sheep_94                           -            715 53at10240            -            588    2e-243  807.1  62.4   1   1  2.5e-243  3.7e-241  799.6  62.4     1   588     1   685     1   685 0.90 # 91182 # 93326 # -1 # ID=16_94;partial=00;start_type=ATG;rbs_motif=None;rbs_spacer=None;gc_cont=0.255
MN072631.1_Sheeppox_virus_Turkey_vaccine_sheep_94                         -            715 53at10240            -            588    2e-243  807.1  62.4   1   1  2.5e-243  3.7e-241  799.6  62.4     1   588     1   685     1   685 0.90 # 91187 # 93331 # -1 # ID=15_94;partial=00;start_type=ATG;rbs_motif=None;rbs_spacer=None;gc_cont=0.255
MT137384.1_Sheeppox_virus_Srinagar_passage_40_vaccine_India_2000_sheep_95 -            715 53at10240            -            588    2e-243  807.1  62.4   1   1  2.5e-243  3.7e-241  799.6  62.4     1   588     1   685     1   685 0.90 # 91159 # 93303 # -1 # ID=11_95;partial=00;start_type=ATG;rbs_motif=None;rbs_spacer=None;gc_cont=0.255
MW020571.1_Sheeppox_virus_V104_sheep_95                                   -            715 53at10240            -            588    2e-243  807.1  62.4   1   1  2.5e-243  3.7e-241  799.6  62.4     1   588     1   685     1   685 0.90 # 91273 # 93417 # -1 # ID=14_95;partial=00;start_type=ATG;rbs_motif=None;rbs_spacer=None;gc_cont=0.255
MW167070.1_Sheeppox_virus_V123_IndiaSurankote_2013_sheep_95               -            715 53at10240            -            588    2e-243  807.1  62.4   1   1  2.5e-243  3.7e-241  799.6  62.4     1   588     1   685     1   685 0.90 # 91199 # 93343 # -1 # ID=13_95;partial=00;start_type=ATG;rbs_motif=None;rbs_spacer=None;gc_cont=0.255
MW167071.1_Sheeppox_virus_V293_Egypt_2018_sheep_94                        -            715 53at10240            -            588    2e-243  807.1  62.4   1   1  2.5e-243  3.7e-241  799.6  62.4     1   588     1   685     1   685 0.90 # 91280 # 93424 # -1 # ID=12_94;partial=00;start_type=ATG;rbs_motif=None;rbs_spacer=None;gc_cont=0.256
NC_004002.1_Sheeppox_virus_17077_99_1970_sheep_94                         -            715 53at10240            -            588    2e-243  807.1  62.4   1   1  2.5e-243  3.7e-241  799.6  62.4     1   588     1   685     1   685 0.90 # 91030 # 93174 # -1 # ID=7_94;partial=00;start_type=ATG;rbs_motif=None;rbs_spacer=None;gc_cont=0.256
ON961655.1_Sheeppox_virus_Moscow_Russia_2018_ovine_95                     -            715 53at10240            -            588    2e-243  807.1  62.4   1   1  2.5e-243  3.7e-241  799.6  62.4     1   588     1   685     1   685 0.90 # 91097 # 93241 # -1 # ID=10_95;partial=00;start_type=ATG;rbs_motif=None;rbs_spacer=None;gc_cont=0.255
ON961656.1_Sheeppox_virus_Moscow_Russia_2019_ovine_95                     -            715 53at10240            -            588    2e-243  807.1  62.4   1   1  2.5e-243  3.7e-241  799.6  62.4     1   588     1   685     1   685 0.90 # 90909 # 93053 # -1 # ID=9_95;partial=00;start_type=ATG;rbs_motif=None;rbs_spacer=None;gc_cont=0.255
ON961657.1_Sheeppox_virus_Tula_Russia_2019_ovine_95                       -            715 53at10240            -            588    2e-243  807.1  62.4   1   1  2.5e-243  3.7e-241  799.6  62.4     1   588     1   685     1   685 0.90 # 90910 # 93054 # -1 # ID=8_95;partial=00;start_type=ATG;rbs_motif=None;rbs_spacer=None;gc_cont=0.255
OQ434235.1_Sheeppox_virus_SPPV_Amur_Russia_2018_Russia_2018_Ovine_94      -            715 53at10240            -            588    2e-243  807.1  62.4   1   1  2.5e-243  3.7e-241  799.6  62.4     1   588     1   685     1   685 0.90 # 90932 # 93076 # -1 # ID=5_94;partial=00;start_type=ATG;rbs_motif=None;rbs_spacer=None;gc_cont=0.255
OQ434236.1_Sheeppox_virus_SPPV_Dagestan_Russia_2020_Russia_2020_Ovine_97  -            715 53at10240            -            588    2e-243  807.1  62.4   1   1  2.5e-243  3.7e-241  799.6  62.4     1   588     1   685     1   685 0.90 # 90933 # 93077 # -1 # ID=4_97;partial=00;start_type=ATG;rbs_motif=None;rbs_spacer=None;gc_cont=0.255
OQ434237.1_Sheeppox_virus_SPPV_Kostroma_Russia_2020_Russia_2020_Ovine_95  -            715 53at10240            -            588    2e-243  807.1  62.4   1   1  2.5e-243  3.7e-241  799.6  62.4     1   588     1   685     1   685 0.90 # 90932 # 93076 # -1 # ID=3_95;partial=00;start_type=ATG;rbs_motif=None;rbs_spacer=None;gc_cont=0.255
OQ434238.1_Sheeppox_virus_SPPV_Pskov_Russia_2019_Russia_2019_Ovine_95     -            715 53at10240            -            588    2e-243  807.1  62.4   1   1  2.5e-243  3.7e-241  799.6  62.4     1   588     1   685     1   685 0.90 # 90933 # 93077 # -1 # ID=2_95;partial=00;start_type=ATG;rbs_motif=None;rbs_spacer=None;gc_cont=0.255
OQ434239.1_Sheeppox_virus_SPPV_Tver_Russia_2019_Russia_2019_Ovine_95      -            715 53at10240            -            588    2e-243  807.1  62.4   1   1  2.5e-243  3.7e-241  799.6  62.4     1   588     1   685     1   685 0.90 # 90934 # 93078 # -1 # ID=1_95;partial=00;start_type=ATG;rbs_motif=None;rbs_spacer=None;gc_cont=0.255
OR239060.1_Sheeppox_virus_V330_United_Arab_Emirates_2017_sheep_95         -            715 53at10240            -            588    2e-243  807.1  62.4   1   1  2.5e-243  3.7e-241  799.6  62.4     1   588     1   685     1   685 0.90 # 91282 # 93426 # -1 # ID=6_95;partial=00;start_type=ATG;rbs_motif=None;rbs_spacer=None;gc_cont=0.256
#
# Program:         hmmsearch
# Version:         3.3.2 (Nov 2020)
# Pipeline mode:   SEARCH
# Query file:      /mnt/lustre/RDS-live/downing/LSDV_PVG/SHEEPPOXVIRUS/busco_downloads/lineages/poxviridae_odb10/hmms/53at10240.hmm
# Target file:     /mnt/lustre/RDS-live/downing/LSDV_PVG/SHEEPPOXVIRUS/BUSCO/prodigal_output/predicted_genes/predicted.faa
# Option settings: hmmsearch --domtblout /mnt/lustre/RDS-live/downing/LSDV_PVG/SHEEPPOXVIRUS/BUSCO/run_poxviridae_odb10/hmmer_output/53at10240.out --cpu 1 /mnt/lustre/RDS-live/downing/LSDV_PVG/SHEEPPOXVIRUS/busco_downloads/lineages/poxviridae_odb10/hmms/53at10240.hmm /mnt/lustre/RDS-live/downing/LSDV_PVG/SHEEPPOXVIRUS/BUSCO/prodigal_output/predicted_genes/predicted.faa 
# Current dir:     /mnt/lustre/RDS-live/downing/LSDV_PVG/SHEEPPOXVIRUS
# Date:            Tue Apr 16 16:00:10 2024
# [ok]
