#                                                                                                                                 --- full sequence --- -------------- this domain -------------   hmm coord   ali coord   env coord
# target name                                                             accession   tlen query name           accession   qlen   E-value  score  bias   #  of  c-Evalue  i-Evalue  score  bias  from    to  from    to  from    to  acc description of target
#                                                     ------------------- ---------- ----- -------------------- ---------- ----- --------- ------ ----- --- --- --------- --------- ------ ----- ----- ----- ----- ----- ----- ----- ---- ---------------------
MN072628.1_Sheeppox_virus_Nigeria_sheep_46                                -            677 58at10240            -            534  5.3e-200  663.4  36.4   1   2   1.3e-13   1.9e-11   41.1   3.1     4    61     8    70     4    79 0.78 # 42562 # 44592 # 1 # ID=18_46;partial=00;start_type=ATG;rbs_motif=None;rbs_spacer=None;gc_cont=0.250
MN072628.1_Sheeppox_virus_Nigeria_sheep_46                                -            677 58at10240            -            534  5.3e-200  663.4  36.4   2   2  2.2e-191  3.2e-189  627.8  25.6    50   524    97   652    81   661 0.86 # 42562 # 44592 # 1 # ID=18_46;partial=00;start_type=ATG;rbs_motif=None;rbs_spacer=None;gc_cont=0.250
AY077833.1_Sheeppox_virus_A_1987_sheep_46                                 -            677 58at10240            -            534    6e-200  663.2  36.2   1   2   1.3e-13   1.9e-11   41.1   3.1     4    61     8    70     4    79 0.78 # 42611 # 44641 # 1 # ID=25_46;partial=00;start_type=ATG;rbs_motif=None;rbs_spacer=None;gc_cont=0.251
AY077833.1_Sheeppox_virus_A_1987_sheep_46                                 -            677 58at10240            -            534    6e-200  663.2  36.2   2   2  2.5e-191  3.6e-189  627.6  25.4    50   524    97   652    81   661 0.86 # 42611 # 44641 # 1 # ID=25_46;partial=00;start_type=ATG;rbs_motif=None;rbs_spacer=None;gc_cont=0.251
AY077834.1_Sheeppox_virus_NISKHI_1994_47                                  -            677 58at10240            -            534    6e-200  663.2  36.2   1   2   1.3e-13   1.9e-11   41.1   3.1     4    61     8    70     4    79 0.78 # 42416 # 44446 # 1 # ID=24_47;partial=00;start_type=ATG;rbs_motif=None;rbs_spacer=None;gc_cont=0.251
AY077834.1_Sheeppox_virus_NISKHI_1994_47                                  -            677 58at10240            -            534    6e-200  663.2  36.2   2   2  2.5e-191  3.6e-189  627.6  25.4    50   524    97   652    81   661 0.86 # 42416 # 44446 # 1 # ID=24_47;partial=00;start_type=ATG;rbs_motif=None;rbs_spacer=None;gc_cont=0.251
MN072630.1_Sheeppox_virus_Saudi_Arabia_sheep_46                           -            677 58at10240            -            534    6e-200  663.2  36.2   1   2   1.3e-13   1.9e-11   41.1   3.1     4    61     8    70     4    79 0.78 # 42667 # 44697 # 1 # ID=16_46;partial=00;start_type=ATG;rbs_motif=None;rbs_spacer=None;gc_cont=0.251
MN072630.1_Sheeppox_virus_Saudi_Arabia_sheep_46                           -            677 58at10240            -            534    6e-200  663.2  36.2   2   2  2.5e-191  3.6e-189  627.6  25.4    50   524    97   652    81   661 0.86 # 42667 # 44697 # 1 # ID=16_46;partial=00;start_type=ATG;rbs_motif=None;rbs_spacer=None;gc_cont=0.251
MN072631.1_Sheeppox_virus_Turkey_vaccine_sheep_46                         -            677 58at10240            -            534    6e-200  663.2  36.2   1   2   1.3e-13   1.9e-11   41.1   3.1     4    61     8    70     4    79 0.78 # 42669 # 44699 # 1 # ID=15_46;partial=00;start_type=ATG;rbs_motif=None;rbs_spacer=None;gc_cont=0.251
MN072631.1_Sheeppox_virus_Turkey_vaccine_sheep_46                         -            677 58at10240            -            534    6e-200  663.2  36.2   2   2  2.5e-191  3.6e-189  627.6  25.4    50   524    97   652    81   661 0.86 # 42669 # 44699 # 1 # ID=15_46;partial=00;start_type=ATG;rbs_motif=None;rbs_spacer=None;gc_cont=0.251
MT137384.1_Sheeppox_virus_Srinagar_passage_40_vaccine_India_2000_sheep_47 -            677 58at10240            -            534    6e-200  663.2  36.2   1   2   1.3e-13   1.9e-11   41.1   3.1     4    61     8    70     4    79 0.78 # 42642 # 44672 # 1 # ID=11_47;partial=00;start_type=ATG;rbs_motif=None;rbs_spacer=None;gc_cont=0.251
MT137384.1_Sheeppox_virus_Srinagar_passage_40_vaccine_India_2000_sheep_47 -            677 58at10240            -            534    6e-200  663.2  36.2   2   2  2.5e-191  3.6e-189  627.6  25.4    50   524    97   652    81   661 0.86 # 42642 # 44672 # 1 # ID=11_47;partial=00;start_type=ATG;rbs_motif=None;rbs_spacer=None;gc_cont=0.251
MW020571.1_Sheeppox_virus_V104_sheep_47                                   -            677 58at10240            -            534    6e-200  663.2  36.2   1   2   1.3e-13   1.9e-11   41.1   3.1     4    61     8    70     4    79 0.78 # 42756 # 44786 # 1 # ID=14_47;partial=00;start_type=ATG;rbs_motif=None;rbs_spacer=None;gc_cont=0.251
MW020571.1_Sheeppox_virus_V104_sheep_47                                   -            677 58at10240            -            534    6e-200  663.2  36.2   2   2  2.5e-191  3.6e-189  627.6  25.4    50   524    97   652    81   661 0.86 # 42756 # 44786 # 1 # ID=14_47;partial=00;start_type=ATG;rbs_motif=None;rbs_spacer=None;gc_cont=0.251
MW167070.1_Sheeppox_virus_V123_IndiaSurankote_2013_sheep_47               -            677 58at10240            -            534    6e-200  663.2  36.2   1   2   1.3e-13   1.9e-11   41.1   3.1     4    61     8    70     4    79 0.78 # 42679 # 44709 # 1 # ID=13_47;partial=00;start_type=ATG;rbs_motif=None;rbs_spacer=None;gc_cont=0.251
MW167070.1_Sheeppox_virus_V123_IndiaSurankote_2013_sheep_47               -            677 58at10240            -            534    6e-200  663.2  36.2   2   2  2.5e-191  3.6e-189  627.6  25.4    50   524    97   652    81   661 0.86 # 42679 # 44709 # 1 # ID=13_47;partial=00;start_type=ATG;rbs_motif=None;rbs_spacer=None;gc_cont=0.251
ON961655.1_Sheeppox_virus_Moscow_Russia_2018_ovine_47                     -            677 58at10240            -            534  9.4e-200  662.6  35.8   1   2   1.3e-13   1.9e-11   41.1   3.1     4    61     8    70     4    79 0.78 # 42579 # 44609 # 1 # ID=10_47;partial=00;start_type=ATG;rbs_motif=None;rbs_spacer=None;gc_cont=0.251
ON961655.1_Sheeppox_virus_Moscow_Russia_2018_ovine_47                     -            677 58at10240            -            534  9.4e-200  662.6  35.8   2   2  3.9e-191  5.7e-189  627.0  25.1    50   524    97   652    81   661 0.86 # 42579 # 44609 # 1 # ID=10_47;partial=00;start_type=ATG;rbs_motif=None;rbs_spacer=None;gc_cont=0.251
ON961656.1_Sheeppox_virus_Moscow_Russia_2019_ovine_47                     -            677 58at10240            -            534  9.4e-200  662.6  35.8   1   2   1.3e-13   1.9e-11   41.1   3.1     4    61     8    70     4    79 0.78 # 42391 # 44421 # 1 # ID=9_47;partial=00;start_type=ATG;rbs_motif=None;rbs_spacer=None;gc_cont=0.251
ON961656.1_Sheeppox_virus_Moscow_Russia_2019_ovine_47                     -            677 58at10240            -            534  9.4e-200  662.6  35.8   2   2  3.9e-191  5.7e-189  627.0  25.1    50   524    97   652    81   661 0.86 # 42391 # 44421 # 1 # ID=9_47;partial=00;start_type=ATG;rbs_motif=None;rbs_spacer=None;gc_cont=0.251
ON961657.1_Sheeppox_virus_Tula_Russia_2019_ovine_47                       -            677 58at10240            -            534  9.4e-200  662.6  35.8   1   2   1.3e-13   1.9e-11   41.1   3.1     4    61     8    70     4    79 0.78 # 42391 # 44421 # 1 # ID=8_47;partial=00;start_type=ATG;rbs_motif=None;rbs_spacer=None;gc_cont=0.251
ON961657.1_Sheeppox_virus_Tula_Russia_2019_ovine_47                       -            677 58at10240            -            534  9.4e-200  662.6  35.8   2   2  3.9e-191  5.7e-189  627.0  25.1    50   524    97   652    81   661 0.86 # 42391 # 44421 # 1 # ID=8_47;partial=00;start_type=ATG;rbs_motif=None;rbs_spacer=None;gc_cont=0.251
OQ434237.1_Sheeppox_virus_SPPV_Kostroma_Russia_2020_Russia_2020_Ovine_47  -            677 58at10240            -            534  9.4e-200  662.6  35.8   1   2   1.3e-13   1.9e-11   41.1   3.1     4    61     8    70     4    79 0.78 # 42414 # 44444 # 1 # ID=3_47;partial=00;start_type=ATG;rbs_motif=None;rbs_spacer=None;gc_cont=0.251
OQ434237.1_Sheeppox_virus_SPPV_Kostroma_Russia_2020_Russia_2020_Ovine_47  -            677 58at10240            -            534  9.4e-200  662.6  35.8   2   2  3.9e-191  5.7e-189  627.0  25.1    50   524    97   652    81   661 0.86 # 42414 # 44444 # 1 # ID=3_47;partial=00;start_type=ATG;rbs_motif=None;rbs_spacer=None;gc_cont=0.251
OQ434238.1_Sheeppox_virus_SPPV_Pskov_Russia_2019_Russia_2019_Ovine_47     -            677 58at10240            -            534  9.4e-200  662.6  35.8   1   2   1.3e-13   1.9e-11   41.1   3.1     4    61     8    70     4    79 0.78 # 42414 # 44444 # 1 # ID=2_47;partial=00;start_type=ATG;rbs_motif=None;rbs_spacer=None;gc_cont=0.251
OQ434238.1_Sheeppox_virus_SPPV_Pskov_Russia_2019_Russia_2019_Ovine_47     -            677 58at10240            -            534  9.4e-200  662.6  35.8   2   2  3.9e-191  5.7e-189  627.0  25.1    50   524    97   652    81   661 0.86 # 42414 # 44444 # 1 # ID=2_47;partial=00;start_type=ATG;rbs_motif=None;rbs_spacer=None;gc_cont=0.251
OQ434239.1_Sheeppox_virus_SPPV_Tver_Russia_2019_Russia_2019_Ovine_47      -            677 58at10240            -            534  9.4e-200  662.6  35.8   1   2   1.3e-13   1.9e-11   41.1   3.1     4    61     8    70     4    79 0.78 # 42415 # 44445 # 1 # ID=1_47;partial=00;start_type=ATG;rbs_motif=None;rbs_spacer=None;gc_cont=0.251
OQ434239.1_Sheeppox_virus_SPPV_Tver_Russia_2019_Russia_2019_Ovine_47      -            677 58at10240            -            534  9.4e-200  662.6  35.8   2   2  3.9e-191  5.7e-189  627.0  25.1    50   524    97   652    81   661 0.86 # 42415 # 44445 # 1 # ID=1_47;partial=00;start_type=ATG;rbs_motif=None;rbs_spacer=None;gc_cont=0.251
AY077832.1_Sheeppox_virus_10700_99_TU_V02127_1970_sheep_46                -            677 58at10240            -            534    1e-199  662.5  35.5   1   2   1.3e-13   1.9e-11   41.1   3.1     4    61     8    70     4    79 0.78 # 42503 # 44533 # 1 # ID=23_46;partial=00;start_type=ATG;rbs_motif=None;rbs_spacer=None;gc_cont=0.252
AY077832.1_Sheeppox_virus_10700_99_TU_V02127_1970_sheep_46                -            677 58at10240            -            534    1e-199  662.5  35.5   2   2  4.3e-191  6.2e-189  626.9  24.7    50   524    97   652    81   661 0.86 # 42503 # 44533 # 1 # ID=23_46;partial=00;start_type=ATG;rbs_motif=None;rbs_spacer=None;gc_cont=0.252
KT438550.1_Sheeppox_virus_SPPV_GH_China_11_Apr_2013_Ovis_aries_46         -            677 58at10240            -            534    1e-199  662.5  35.5   1   2   1.3e-13   1.9e-11   41.1   3.1     4    61     8    70     4    79 0.78 # 42683 # 44713 # 1 # ID=22_46;partial=00;start_type=ATG;rbs_motif=None;rbs_spacer=None;gc_cont=0.251
KT438550.1_Sheeppox_virus_SPPV_GH_China_11_Apr_2013_Ovis_aries_46         -            677 58at10240            -            534    1e-199  662.5  35.5   2   2  4.3e-191  6.2e-189  626.9  24.7    50   524    97   652    81   661 0.86 # 42683 # 44713 # 1 # ID=22_46;partial=00;start_type=ATG;rbs_motif=None;rbs_spacer=None;gc_cont=0.251
KT438551.1_Sheeppox_virus_SPPV_GL_China_11_Apr_2013_Ovis_aries_46         -            677 58at10240            -            534    1e-199  662.5  35.5   1   2   1.3e-13   1.9e-11   41.1   3.1     4    61     8    70     4    79 0.78 # 42679 # 44709 # 1 # ID=21_46;partial=00;start_type=ATG;rbs_motif=None;rbs_spacer=None;gc_cont=0.251
KT438551.1_Sheeppox_virus_SPPV_GL_China_11_Apr_2013_Ovis_aries_46         -            677 58at10240            -            534    1e-199  662.5  35.5   2   2  4.3e-191  6.2e-189  626.9  24.7    50   524    97   652    81   661 0.86 # 42679 # 44709 # 1 # ID=21_46;partial=00;start_type=ATG;rbs_motif=None;rbs_spacer=None;gc_cont=0.251
MN072626.1_Sheeppox_virus_Abu_Gharib_Iraq_sheep_46                        -            677 58at10240            -            534    1e-199  662.5  35.5   1   2   1.3e-13   1.9e-11   41.1   3.1     4    61     8    70     4    79 0.78 # 41971 # 44001 # 1 # ID=20_46;partial=00;start_type=ATG;rbs_motif=None;rbs_spacer=None;gc_cont=0.252
MN072626.1_Sheeppox_virus_Abu_Gharib_Iraq_sheep_46                        -            677 58at10240            -            534    1e-199  662.5  35.5   2   2  4.3e-191  6.2e-189  626.9  24.7    50   524    97   652    81   661 0.86 # 41971 # 44001 # 1 # ID=20_46;partial=00;start_type=ATG;rbs_motif=None;rbs_spacer=None;gc_cont=0.252
MN072627.1_Sheeppox_virus_Saudi_Arabia_vaccine_sheep_46                   -            677 58at10240            -            534    1e-199  662.5  35.5   1   2   1.3e-13   1.9e-11   41.1   3.1     4    61     8    70     4    79 0.78 # 42011 # 44041 # 1 # ID=19_46;partial=00;start_type=ATG;rbs_motif=None;rbs_spacer=None;gc_cont=0.252
MN072627.1_Sheeppox_virus_Saudi_Arabia_vaccine_sheep_46                   -            677 58at10240            -            534    1e-199  662.5  35.5   2   2  4.3e-191  6.2e-189  626.9  24.7    50   524    97   652    81   661 0.86 # 42011 # 44041 # 1 # ID=19_46;partial=00;start_type=ATG;rbs_motif=None;rbs_spacer=None;gc_cont=0.252
MN072629.1_Sheeppox_virus_Pendik_sheep_46                                 -            677 58at10240            -            534    1e-199  662.5  35.5   1   2   1.3e-13   1.9e-11   41.1   3.1     4    61     8    70     4    79 0.78 # 42669 # 44699 # 1 # ID=17_46;partial=00;start_type=ATG;rbs_motif=None;rbs_spacer=None;gc_cont=0.252
MN072629.1_Sheeppox_virus_Pendik_sheep_46                                 -            677 58at10240            -            534    1e-199  662.5  35.5   2   2  4.3e-191  6.2e-189  626.9  24.7    50   524    97   652    81   661 0.86 # 42669 # 44699 # 1 # ID=17_46;partial=00;start_type=ATG;rbs_motif=None;rbs_spacer=None;gc_cont=0.252
MW167071.1_Sheeppox_virus_V293_Egypt_2018_sheep_46                        -            677 58at10240            -            534    1e-199  662.5  35.5   1   2   1.3e-13   1.9e-11   41.1   3.1     4    61     8    70     4    79 0.78 # 42756 # 44786 # 1 # ID=12_46;partial=00;start_type=ATG;rbs_motif=None;rbs_spacer=None;gc_cont=0.252
MW167071.1_Sheeppox_virus_V293_Egypt_2018_sheep_46                        -            677 58at10240            -            534    1e-199  662.5  35.5   2   2  4.3e-191  6.2e-189  626.9  24.7    50   524    97   652    81   661 0.86 # 42756 # 44786 # 1 # ID=12_46;partial=00;start_type=ATG;rbs_motif=None;rbs_spacer=None;gc_cont=0.252
NC_004002.1_Sheeppox_virus_17077_99_1970_sheep_46                         -            677 58at10240            -            534    1e-199  662.5  35.5   1   2   1.3e-13   1.9e-11   41.1   3.1     4    61     8    70     4    79 0.78 # 42503 # 44533 # 1 # ID=7_46;partial=00;start_type=ATG;rbs_motif=None;rbs_spacer=None;gc_cont=0.252
NC_004002.1_Sheeppox_virus_17077_99_1970_sheep_46                         -            677 58at10240            -            534    1e-199  662.5  35.5   2   2  4.3e-191  6.2e-189  626.9  24.7    50   524    97   652    81   661 0.86 # 42503 # 44533 # 1 # ID=7_46;partial=00;start_type=ATG;rbs_motif=None;rbs_spacer=None;gc_cont=0.252
OQ434235.1_Sheeppox_virus_SPPV_Amur_Russia_2018_Russia_2018_Ovine_46      -            677 58at10240            -            534    1e-199  662.5  35.5   1   2   1.3e-13   1.9e-11   41.1   3.1     4    61     8    70     4    79 0.78 # 42414 # 44444 # 1 # ID=5_46;partial=00;start_type=ATG;rbs_motif=None;rbs_spacer=None;gc_cont=0.252
OQ434235.1_Sheeppox_virus_SPPV_Amur_Russia_2018_Russia_2018_Ovine_46      -            677 58at10240            -            534    1e-199  662.5  35.5   2   2  4.3e-191  6.2e-189  626.9  24.7    50   524    97   652    81   661 0.86 # 42414 # 44444 # 1 # ID=5_46;partial=00;start_type=ATG;rbs_motif=None;rbs_spacer=None;gc_cont=0.252
OR239060.1_Sheeppox_virus_V330_United_Arab_Emirates_2017_sheep_47         -            677 58at10240            -            534    1e-199  662.5  35.5   1   2   1.3e-13   1.9e-11   41.1   3.1     4    61     8    70     4    79 0.78 # 42754 # 44784 # 1 # ID=6_47;partial=00;start_type=ATG;rbs_motif=None;rbs_spacer=None;gc_cont=0.253
OR239060.1_Sheeppox_virus_V330_United_Arab_Emirates_2017_sheep_47         -            677 58at10240            -            534    1e-199  662.5  35.5   2   2  4.3e-191  6.2e-189  626.9  24.7    50   524    97   652    81   661 0.86 # 42754 # 44784 # 1 # ID=6_47;partial=00;start_type=ATG;rbs_motif=None;rbs_spacer=None;gc_cont=0.253
OQ434236.1_Sheeppox_virus_SPPV_Dagestan_Russia_2020_Russia_2020_Ovine_49  -            350 58at10240            -            534  4.2e-106  353.5  15.0   1   1  3.6e-108  5.2e-106  353.2  15.0   244   527     1   327     1   334 0.86 # 43396 # 44445 # 1 # ID=4_49;partial=00;start_type=ATG;rbs_motif=None;rbs_spacer=None;gc_cont=0.250
OQ434236.1_Sheeppox_virus_SPPV_Dagestan_Russia_2020_Russia_2020_Ovine_48  -            318 58at10240            -            534   6.9e-88  293.4  15.2   1   2   4.3e-14   6.2e-12   42.7   3.0     4    62     8    71     4    80 0.78 # 42415 # 43368 # 1 # ID=4_48;partial=00;start_type=ATG;rbs_motif=None;rbs_spacer=None;gc_cont=0.258
OQ434236.1_Sheeppox_virus_SPPV_Dagestan_Russia_2020_Russia_2020_Ovine_48  -            318 58at10240            -            534   6.9e-88  293.4  15.2   2   2   1.3e-78   1.8e-76  255.7   5.4    49   236    96   317    62   317 0.84 # 42415 # 43368 # 1 # ID=4_48;partial=00;start_type=ATG;rbs_motif=None;rbs_spacer=None;gc_cont=0.258
#
# Program:         hmmsearch
# Version:         3.3.2 (Nov 2020)
# Pipeline mode:   SEARCH
# Query file:      /mnt/lustre/RDS-live/downing/LSDV_PVG/SHEEPPOXVIRUS/busco_downloads/lineages/poxviridae_odb10/hmms/58at10240.hmm
# Target file:     /mnt/lustre/RDS-live/downing/LSDV_PVG/SHEEPPOXVIRUS/BUSCO/prodigal_output/predicted_genes/predicted.faa
# Option settings: hmmsearch --domtblout /mnt/lustre/RDS-live/downing/LSDV_PVG/SHEEPPOXVIRUS/BUSCO/run_poxviridae_odb10/hmmer_output/58at10240.out --cpu 1 /mnt/lustre/RDS-live/downing/LSDV_PVG/SHEEPPOXVIRUS/busco_downloads/lineages/poxviridae_odb10/hmms/58at10240.hmm /mnt/lustre/RDS-live/downing/LSDV_PVG/SHEEPPOXVIRUS/BUSCO/prodigal_output/predicted_genes/predicted.faa 
# Current dir:     /mnt/lustre/RDS-live/downing/LSDV_PVG/SHEEPPOXVIRUS
# Date:            Tue Apr 16 16:00:10 2024
# [ok]
