#                                                                                                                                  --- full sequence --- -------------- this domain -------------   hmm coord   ali coord   env coord
# target name                                                              accession   tlen query name           accession   qlen   E-value  score  bias   #  of  c-Evalue  i-Evalue  score  bias  from    to  from    to  from    to  acc description of target
#                                                      ------------------- ---------- ----- -------------------- ---------- ----- --------- ------ ----- --- --- --------- --------- ------ ----- ----- ----- ----- ----- ----- ----- ---- ---------------------
AY077832.1_Sheeppox_virus_10700_99_TU_V02127_1970_sheep_113                -            141 696at10240           -            117   2.3e-42  141.6   5.3   1   1   2.2e-44   3.4e-42  141.1   5.3     1   116     1   139     1   140 0.88 # 110453 # 110875 # -1 # ID=23_113;partial=00;start_type=ATG;rbs_motif=TTATT;rbs_spacer=11bp;gc_cont=0.253
AY077833.1_Sheeppox_virus_A_1987_sheep_113                                 -            141 696at10240           -            117   2.3e-42  141.6   5.3   1   1   2.2e-44   3.4e-42  141.1   5.3     1   116     1   139     1   140 0.88 # 110427 # 110849 # -1 # ID=25_113;partial=00;start_type=ATG;rbs_motif=TTATT;rbs_spacer=11bp;gc_cont=0.253
AY077834.1_Sheeppox_virus_NISKHI_1994_114                                  -            141 696at10240           -            117   2.3e-42  141.6   5.3   1   1   2.2e-44   3.4e-42  141.1   5.3     1   116     1   139     1   140 0.88 # 110230 # 110652 # -1 # ID=24_114;partial=00;start_type=ATG;rbs_motif=TTATT;rbs_spacer=11bp;gc_cont=0.253
KT438550.1_Sheeppox_virus_SPPV_GH_China_11_Apr_2013_Ovis_aries_113         -            141 696at10240           -            117   2.3e-42  141.6   5.3   1   1   2.2e-44   3.4e-42  141.1   5.3     1   116     1   139     1   140 0.88 # 110498 # 110920 # -1 # ID=22_113;partial=00;start_type=ATG;rbs_motif=TTATT;rbs_spacer=11bp;gc_cont=0.253
KT438551.1_Sheeppox_virus_SPPV_GL_China_11_Apr_2013_Ovis_aries_113         -            141 696at10240           -            117   2.3e-42  141.6   5.3   1   1   2.2e-44   3.4e-42  141.1   5.3     1   116     1   139     1   140 0.88 # 110494 # 110916 # -1 # ID=21_113;partial=00;start_type=ATG;rbs_motif=TTATT;rbs_spacer=11bp;gc_cont=0.253
MN072626.1_Sheeppox_virus_Abu_Gharib_Iraq_sheep_113                        -            141 696at10240           -            117   2.3e-42  141.6   5.3   1   1   2.2e-44   3.4e-42  141.1   5.3     1   116     1   139     1   140 0.88 # 109767 # 110189 # -1 # ID=20_113;partial=00;start_type=ATG;rbs_motif=TTATT;rbs_spacer=11bp;gc_cont=0.253
MN072627.1_Sheeppox_virus_Saudi_Arabia_vaccine_sheep_113                   -            141 696at10240           -            117   2.3e-42  141.6   5.3   1   1   2.2e-44   3.4e-42  141.1   5.3     1   116     1   139     1   140 0.88 # 109809 # 110231 # -1 # ID=19_113;partial=00;start_type=ATG;rbs_motif=TTATT;rbs_spacer=11bp;gc_cont=0.253
MN072628.1_Sheeppox_virus_Nigeria_sheep_113                                -            141 696at10240           -            117   2.3e-42  141.6   5.3   1   1   2.2e-44   3.4e-42  141.1   5.3     1   116     1   139     1   140 0.88 # 110378 # 110800 # -1 # ID=18_113;partial=00;start_type=ATG;rbs_motif=TTATT;rbs_spacer=11bp;gc_cont=0.253
MN072629.1_Sheeppox_virus_Pendik_sheep_113                                 -            141 696at10240           -            117   2.3e-42  141.6   5.3   1   1   2.2e-44   3.4e-42  141.1   5.3     1   116     1   139     1   140 0.88 # 110621 # 111043 # -1 # ID=17_113;partial=00;start_type=ATG;rbs_motif=TTATT;rbs_spacer=11bp;gc_cont=0.253
MN072630.1_Sheeppox_virus_Saudi_Arabia_sheep_113                           -            141 696at10240           -            117   2.3e-42  141.6   5.3   1   1   2.2e-44   3.4e-42  141.1   5.3     1   116     1   139     1   140 0.88 # 110479 # 110901 # -1 # ID=16_113;partial=00;start_type=ATG;rbs_motif=TTATT;rbs_spacer=11bp;gc_cont=0.253
MN072631.1_Sheeppox_virus_Turkey_vaccine_sheep_113                         -            141 696at10240           -            117   2.3e-42  141.6   5.3   1   1   2.2e-44   3.4e-42  141.1   5.3     1   116     1   139     1   140 0.88 # 110484 # 110906 # -1 # ID=15_113;partial=00;start_type=ATG;rbs_motif=TTATT;rbs_spacer=11bp;gc_cont=0.253
MT137384.1_Sheeppox_virus_Srinagar_passage_40_vaccine_India_2000_sheep_114 -            141 696at10240           -            117   2.3e-42  141.6   5.3   1   1   2.2e-44   3.4e-42  141.1   5.3     1   116     1   139     1   140 0.88 # 110457 # 110879 # -1 # ID=11_114;partial=00;start_type=ATG;rbs_motif=TTATT;rbs_spacer=11bp;gc_cont=0.253
MW020571.1_Sheeppox_virus_V104_sheep_114                                   -            141 696at10240           -            117   2.3e-42  141.6   5.3   1   1   2.2e-44   3.4e-42  141.1   5.3     1   116     1   139     1   140 0.88 # 110699 # 111121 # -1 # ID=14_114;partial=00;start_type=ATG;rbs_motif=TTATT;rbs_spacer=11bp;gc_cont=0.253
MW167070.1_Sheeppox_virus_V123_IndiaSurankote_2013_sheep_114               -            141 696at10240           -            117   2.3e-42  141.6   5.3   1   1   2.2e-44   3.4e-42  141.1   5.3     1   116     1   139     1   140 0.88 # 110626 # 111048 # -1 # ID=13_114;partial=00;start_type=ATG;rbs_motif=TTATT;rbs_spacer=11bp;gc_cont=0.253
MW167071.1_Sheeppox_virus_V293_Egypt_2018_sheep_113                        -            141 696at10240           -            117   2.3e-42  141.6   5.3   1   1   2.2e-44   3.4e-42  141.1   5.3     1   116     1   139     1   140 0.88 # 110703 # 111125 # -1 # ID=12_113;partial=00;start_type=ATG;rbs_motif=TTATT;rbs_spacer=11bp;gc_cont=0.253
NC_004002.1_Sheeppox_virus_17077_99_1970_sheep_113                         -            141 696at10240           -            117   2.3e-42  141.6   5.3   1   1   2.2e-44   3.4e-42  141.1   5.3     1   116     1   139     1   140 0.88 # 110453 # 110875 # -1 # ID=7_113;partial=00;start_type=ATG;rbs_motif=TTATT;rbs_spacer=11bp;gc_cont=0.253
ON961655.1_Sheeppox_virus_Moscow_Russia_2018_ovine_114                     -            141 696at10240           -            117   2.3e-42  141.6   5.3   1   1   2.2e-44   3.4e-42  141.1   5.3     1   116     1   139     1   140 0.88 # 110394 # 110816 # -1 # ID=10_114;partial=00;start_type=ATG;rbs_motif=TTATT;rbs_spacer=11bp;gc_cont=0.251
ON961656.1_Sheeppox_virus_Moscow_Russia_2019_ovine_114                     -            141 696at10240           -            117   2.3e-42  141.6   5.3   1   1   2.2e-44   3.4e-42  141.1   5.3     1   116     1   139     1   140 0.88 # 110206 # 110628 # -1 # ID=9_114;partial=00;start_type=ATG;rbs_motif=TTATT;rbs_spacer=11bp;gc_cont=0.251
ON961657.1_Sheeppox_virus_Tula_Russia_2019_ovine_114                       -            141 696at10240           -            117   2.3e-42  141.6   5.3   1   1   2.2e-44   3.4e-42  141.1   5.3     1   116     1   139     1   140 0.88 # 110207 # 110629 # -1 # ID=8_114;partial=00;start_type=ATG;rbs_motif=TTATT;rbs_spacer=11bp;gc_cont=0.251
OQ434235.1_Sheeppox_virus_SPPV_Amur_Russia_2018_Russia_2018_Ovine_113      -            141 696at10240           -            117   2.3e-42  141.6   5.3   1   1   2.2e-44   3.4e-42  141.1   5.3     1   116     1   139     1   140 0.88 # 110229 # 110651 # -1 # ID=5_113;partial=00;start_type=ATG;rbs_motif=TTATT;rbs_spacer=11bp;gc_cont=0.253
OQ434236.1_Sheeppox_virus_SPPV_Dagestan_Russia_2020_Russia_2020_Ovine_117  -            141 696at10240           -            117   2.3e-42  141.6   5.3   1   1   2.2e-44   3.4e-42  141.1   5.3     1   116     1   139     1   140 0.88 # 110229 # 110651 # -1 # ID=4_117;partial=00;start_type=ATG;rbs_motif=TTATT;rbs_spacer=11bp;gc_cont=0.251
OQ434237.1_Sheeppox_virus_SPPV_Kostroma_Russia_2020_Russia_2020_Ovine_114  -            141 696at10240           -            117   2.3e-42  141.6   5.3   1   1   2.2e-44   3.4e-42  141.1   5.3     1   116     1   139     1   140 0.88 # 110229 # 110651 # -1 # ID=3_114;partial=00;start_type=ATG;rbs_motif=TTATT;rbs_spacer=11bp;gc_cont=0.251
OQ434238.1_Sheeppox_virus_SPPV_Pskov_Russia_2019_Russia_2019_Ovine_114     -            141 696at10240           -            117   2.3e-42  141.6   5.3   1   1   2.2e-44   3.4e-42  141.1   5.3     1   116     1   139     1   140 0.88 # 110230 # 110652 # -1 # ID=2_114;partial=00;start_type=ATG;rbs_motif=TTATT;rbs_spacer=11bp;gc_cont=0.251
OQ434239.1_Sheeppox_virus_SPPV_Tver_Russia_2019_Russia_2019_Ovine_114      -            141 696at10240           -            117   2.3e-42  141.6   5.3   1   1   2.2e-44   3.4e-42  141.1   5.3     1   116     1   139     1   140 0.88 # 110231 # 110653 # -1 # ID=1_114;partial=00;start_type=ATG;rbs_motif=TTATT;rbs_spacer=11bp;gc_cont=0.251
OR239060.1_Sheeppox_virus_V330_United_Arab_Emirates_2017_sheep_114         -            141 696at10240           -            117   2.3e-42  141.6   5.3   1   1   2.2e-44   3.4e-42  141.1   5.3     1   116     1   139     1   140 0.88 # 110708 # 111130 # -1 # ID=6_114;partial=00;start_type=ATG;rbs_motif=TTATT;rbs_spacer=11bp;gc_cont=0.251
#
# Program:         hmmsearch
# Version:         3.3.2 (Nov 2020)
# Pipeline mode:   SEARCH
# Query file:      /mnt/lustre/RDS-live/downing/LSDV_PVG/SHEEPPOXVIRUS/busco_downloads/lineages/poxviridae_odb10/hmms/696at10240.hmm
# Target file:     /mnt/lustre/RDS-live/downing/LSDV_PVG/SHEEPPOXVIRUS/BUSCO/prodigal_output/predicted_genes/predicted.faa
# Option settings: hmmsearch --domtblout /mnt/lustre/RDS-live/downing/LSDV_PVG/SHEEPPOXVIRUS/BUSCO/run_poxviridae_odb10/hmmer_output/696at10240.out --cpu 1 /mnt/lustre/RDS-live/downing/LSDV_PVG/SHEEPPOXVIRUS/busco_downloads/lineages/poxviridae_odb10/hmms/696at10240.hmm /mnt/lustre/RDS-live/downing/LSDV_PVG/SHEEPPOXVIRUS/BUSCO/prodigal_output/predicted_genes/predicted.faa 
# Current dir:     /mnt/lustre/RDS-live/downing/LSDV_PVG/SHEEPPOXVIRUS
# Date:            Tue Apr 16 16:00:10 2024
# [ok]
