#                                                                                                                                 --- full sequence --- -------------- this domain -------------   hmm coord   ali coord   env coord
# target name                                                             accession   tlen query name           accession   qlen   E-value  score  bias   #  of  c-Evalue  i-Evalue  score  bias  from    to  from    to  from    to  acc description of target
#                                                     ------------------- ---------- ----- -------------------- ---------- ----- --------- ------ ----- --- --- --------- --------- ------ ----- ----- ----- ----- ----- ----- ----- ---- ---------------------
AY077832.1_Sheeppox_virus_10700_99_TU_V02127_1970_sheep_37                -             96 705at10240           -             81     3e-37  124.5   5.6   1   1   3.2e-39   4.7e-37  123.9   5.6     1    79     1    86     1    89 0.95 # 34885 # 35172 # 1 # ID=23_37;partial=00;start_type=ATG;rbs_motif=AATAA;rbs_spacer=14bp;gc_cont=0.243
AY077833.1_Sheeppox_virus_A_1987_sheep_37                                 -             96 705at10240           -             81     3e-37  124.5   5.6   1   1   3.2e-39   4.7e-37  123.9   5.6     1    79     1    86     1    89 0.95 # 34993 # 35280 # 1 # ID=25_37;partial=00;start_type=ATG;rbs_motif=AATAA;rbs_spacer=14bp;gc_cont=0.243
KT438550.1_Sheeppox_virus_SPPV_GH_China_11_Apr_2013_Ovis_aries_37         -             96 705at10240           -             81     3e-37  124.5   5.6   1   1   3.2e-39   4.7e-37  123.9   5.6     1    79     1    86     1    89 0.95 # 35065 # 35352 # 1 # ID=22_37;partial=00;start_type=ATG;rbs_motif=AATAA;rbs_spacer=14bp;gc_cont=0.243
KT438551.1_Sheeppox_virus_SPPV_GL_China_11_Apr_2013_Ovis_aries_37         -             96 705at10240           -             81     3e-37  124.5   5.6   1   1   3.2e-39   4.7e-37  123.9   5.6     1    79     1    86     1    89 0.95 # 35061 # 35348 # 1 # ID=21_37;partial=00;start_type=ATG;rbs_motif=AATAA;rbs_spacer=14bp;gc_cont=0.243
MN072626.1_Sheeppox_virus_Abu_Gharib_Iraq_sheep_37                        -             96 705at10240           -             81     3e-37  124.5   5.6   1   1   3.2e-39   4.7e-37  123.9   5.6     1    79     1    86     1    89 0.95 # 34353 # 34640 # 1 # ID=20_37;partial=00;start_type=ATG;rbs_motif=AATAA;rbs_spacer=14bp;gc_cont=0.243
MN072627.1_Sheeppox_virus_Saudi_Arabia_vaccine_sheep_37                   -             96 705at10240           -             81     3e-37  124.5   5.6   1   1   3.2e-39   4.7e-37  123.9   5.6     1    79     1    86     1    89 0.95 # 34393 # 34680 # 1 # ID=19_37;partial=00;start_type=ATG;rbs_motif=AATAA;rbs_spacer=14bp;gc_cont=0.243
MN072628.1_Sheeppox_virus_Nigeria_sheep_37                                -             96 705at10240           -             81     3e-37  124.5   5.6   1   1   3.2e-39   4.7e-37  123.9   5.6     1    79     1    86     1    89 0.95 # 34944 # 35231 # 1 # ID=18_37;partial=00;start_type=ATG;rbs_motif=AATAA;rbs_spacer=14bp;gc_cont=0.243
MN072629.1_Sheeppox_virus_Pendik_sheep_37                                 -             96 705at10240           -             81     3e-37  124.5   5.6   1   1   3.2e-39   4.7e-37  123.9   5.6     1    79     1    86     1    89 0.95 # 35051 # 35338 # 1 # ID=17_37;partial=00;start_type=ATG;rbs_motif=AATAA;rbs_spacer=14bp;gc_cont=0.243
MN072630.1_Sheeppox_virus_Saudi_Arabia_sheep_37                           -             96 705at10240           -             81     3e-37  124.5   5.6   1   1   3.2e-39   4.7e-37  123.9   5.6     1    79     1    86     1    89 0.95 # 35049 # 35336 # 1 # ID=16_37;partial=00;start_type=ATG;rbs_motif=AATAA;rbs_spacer=14bp;gc_cont=0.243
MN072631.1_Sheeppox_virus_Turkey_vaccine_sheep_37                         -             96 705at10240           -             81     3e-37  124.5   5.6   1   1   3.2e-39   4.7e-37  123.9   5.6     1    79     1    86     1    89 0.95 # 35050 # 35337 # 1 # ID=15_37;partial=00;start_type=ATG;rbs_motif=AATAA;rbs_spacer=14bp;gc_cont=0.243
MT137384.1_Sheeppox_virus_Srinagar_passage_40_vaccine_India_2000_sheep_38 -             96 705at10240           -             81     3e-37  124.5   5.6   1   1   3.2e-39   4.7e-37  123.9   5.6     1    79     1    86     1    89 0.95 # 35024 # 35311 # 1 # ID=11_38;partial=00;start_type=ATG;rbs_motif=AATAA;rbs_spacer=14bp;gc_cont=0.243
MW167071.1_Sheeppox_virus_V293_Egypt_2018_sheep_37                        -             96 705at10240           -             81     3e-37  124.5   5.6   1   1   3.2e-39   4.7e-37  123.9   5.6     1    79     1    86     1    89 0.95 # 35138 # 35425 # 1 # ID=12_37;partial=00;start_type=ATG;rbs_motif=AATAA;rbs_spacer=14bp;gc_cont=0.243
NC_004002.1_Sheeppox_virus_17077_99_1970_sheep_37                         -             96 705at10240           -             81     3e-37  124.5   5.6   1   1   3.2e-39   4.7e-37  123.9   5.6     1    79     1    86     1    89 0.95 # 34885 # 35172 # 1 # ID=7_37;partial=00;start_type=ATG;rbs_motif=AATAA;rbs_spacer=14bp;gc_cont=0.243
ON961655.1_Sheeppox_virus_Moscow_Russia_2018_ovine_38                     -             96 705at10240           -             81     3e-37  124.5   5.6   1   1   3.2e-39   4.7e-37  123.9   5.6     1    79     1    86     1    89 0.95 # 34961 # 35248 # 1 # ID=10_38;partial=00;start_type=ATG;rbs_motif=AATAA;rbs_spacer=14bp;gc_cont=0.243
ON961656.1_Sheeppox_virus_Moscow_Russia_2019_ovine_38                     -             96 705at10240           -             81     3e-37  124.5   5.6   1   1   3.2e-39   4.7e-37  123.9   5.6     1    79     1    86     1    89 0.95 # 34773 # 35060 # 1 # ID=9_38;partial=00;start_type=ATG;rbs_motif=AATAA;rbs_spacer=14bp;gc_cont=0.243
ON961657.1_Sheeppox_virus_Tula_Russia_2019_ovine_38                       -             96 705at10240           -             81     3e-37  124.5   5.6   1   1   3.2e-39   4.7e-37  123.9   5.6     1    79     1    86     1    89 0.95 # 34773 # 35060 # 1 # ID=8_38;partial=00;start_type=ATG;rbs_motif=AATAA;rbs_spacer=14bp;gc_cont=0.243
OQ434235.1_Sheeppox_virus_SPPV_Amur_Russia_2018_Russia_2018_Ovine_37      -             96 705at10240           -             81     3e-37  124.5   5.6   1   1   3.2e-39   4.7e-37  123.9   5.6     1    79     1    86     1    89 0.95 # 34797 # 35084 # 1 # ID=5_37;partial=00;start_type=ATG;rbs_motif=AATAA;rbs_spacer=14bp;gc_cont=0.243
OQ434236.1_Sheeppox_virus_SPPV_Dagestan_Russia_2020_Russia_2020_Ovine_39  -             96 705at10240           -             81     3e-37  124.5   5.6   1   1   3.2e-39   4.7e-37  123.9   5.6     1    79     1    86     1    89 0.95 # 34796 # 35083 # 1 # ID=4_39;partial=00;start_type=ATG;rbs_motif=AATAA;rbs_spacer=14bp;gc_cont=0.243
OQ434237.1_Sheeppox_virus_SPPV_Kostroma_Russia_2020_Russia_2020_Ovine_38  -             96 705at10240           -             81     3e-37  124.5   5.6   1   1   3.2e-39   4.7e-37  123.9   5.6     1    79     1    86     1    89 0.95 # 34796 # 35083 # 1 # ID=3_38;partial=00;start_type=ATG;rbs_motif=AATAA;rbs_spacer=14bp;gc_cont=0.243
OQ434238.1_Sheeppox_virus_SPPV_Pskov_Russia_2019_Russia_2019_Ovine_38     -             96 705at10240           -             81     3e-37  124.5   5.6   1   1   3.2e-39   4.7e-37  123.9   5.6     1    79     1    86     1    89 0.95 # 34796 # 35083 # 1 # ID=2_38;partial=00;start_type=ATG;rbs_motif=AATAA;rbs_spacer=14bp;gc_cont=0.243
OQ434239.1_Sheeppox_virus_SPPV_Tver_Russia_2019_Russia_2019_Ovine_38      -             96 705at10240           -             81     3e-37  124.5   5.6   1   1   3.2e-39   4.7e-37  123.9   5.6     1    79     1    86     1    89 0.95 # 34797 # 35084 # 1 # ID=1_38;partial=00;start_type=ATG;rbs_motif=AATAA;rbs_spacer=14bp;gc_cont=0.243
OR239060.1_Sheeppox_virus_V330_United_Arab_Emirates_2017_sheep_38         -             96 705at10240           -             81     3e-37  124.5   5.6   1   1   3.2e-39   4.7e-37  123.9   5.6     1    79     1    86     1    89 0.95 # 35136 # 35423 # 1 # ID=6_38;partial=00;start_type=ATG;rbs_motif=AATAA;rbs_spacer=14bp;gc_cont=0.243
AY077834.1_Sheeppox_virus_NISKHI_1994_38                                  -             96 705at10240           -             81   4.4e-37  124.0   5.7   1   1   4.6e-39   6.9e-37  123.4   5.7     1    79     1    86     1    89 0.95 # 34797 # 35084 # 1 # ID=24_38;partial=00;start_type=ATG;rbs_motif=AATAA;rbs_spacer=14bp;gc_cont=0.243
MW020571.1_Sheeppox_virus_V104_sheep_38                                   -             96 705at10240           -             81   4.4e-37  124.0   5.7   1   1   4.6e-39   6.9e-37  123.4   5.7     1    79     1    86     1    89 0.95 # 35137 # 35424 # 1 # ID=14_38;partial=00;start_type=ATG;rbs_motif=AATAA;rbs_spacer=14bp;gc_cont=0.243
MW167070.1_Sheeppox_virus_V123_IndiaSurankote_2013_sheep_38               -             96 705at10240           -             81   4.4e-37  124.0   5.7   1   1   4.6e-39   6.9e-37  123.4   5.7     1    79     1    86     1    89 0.95 # 35060 # 35347 # 1 # ID=13_38;partial=00;start_type=ATG;rbs_motif=AATAA;rbs_spacer=14bp;gc_cont=0.243
#
# Program:         hmmsearch
# Version:         3.3.2 (Nov 2020)
# Pipeline mode:   SEARCH
# Query file:      /mnt/lustre/RDS-live/downing/LSDV_PVG/SHEEPPOXVIRUS/busco_downloads/lineages/poxviridae_odb10/hmms/705at10240.hmm
# Target file:     /mnt/lustre/RDS-live/downing/LSDV_PVG/SHEEPPOXVIRUS/BUSCO/prodigal_output/predicted_genes/predicted.faa
# Option settings: hmmsearch --domtblout /mnt/lustre/RDS-live/downing/LSDV_PVG/SHEEPPOXVIRUS/BUSCO/run_poxviridae_odb10/hmmer_output/705at10240.out --cpu 1 /mnt/lustre/RDS-live/downing/LSDV_PVG/SHEEPPOXVIRUS/busco_downloads/lineages/poxviridae_odb10/hmms/705at10240.hmm /mnt/lustre/RDS-live/downing/LSDV_PVG/SHEEPPOXVIRUS/BUSCO/prodigal_output/predicted_genes/predicted.faa 
# Current dir:     /mnt/lustre/RDS-live/downing/LSDV_PVG/SHEEPPOXVIRUS
# Date:            Tue Apr 16 16:00:10 2024
# [ok]
