Discrepancy Report Results

Summary
DISC_SOURCE_QUALS_ASNDISC:strain (all present, all unique)
DISC_SOURCE_QUALS_ASNDISC:taxname (all present, all unique)
DISC_FEATURE_COUNT:gene: 156 present
DISC_FEATURE_COUNT:CDS: 156 present
DISC_COUNT_NUCLEOTIDES:1 nucleotide Bioseqs are present
OVERLAPPING_GENES:30 genes overlap another gene on the same strand.
SUSPECT_PRODUCT_NAMES:3 product_names contain suspect phrase or characters
	May contain database identifier more appropriate in note; remove from product name
		1 features contains three or more numbers together that may be identifiers more appropriate in note
	use protein instead of gene as appropriate
		2 features contains 'gene'
DISC_QUALITY_SCORES:Quality scores are missing on all sequences.
DISC_BAD_BACTERIAL_GENE_NAME:35 bacterial genes do not start with lowercase letters
ONCALLER_COMMENT_PRESENT:1 comment descriptors were found (all same)
SHORT_PROT_SEQUENCES:2 protein sequences are shorter than 50 aa.
MISSING_GENOMEASSEMBLY_COMMENTS:1 bioseqs are missing GenomeAssembly structured comments
MOLTYPE_NOT_MRNA:1 molecule types are not set as mRNA.
TECHNIQUE_NOT_TSA:1 technique are not set as TSA
MISSING_STRUCTURED_COMMENT:1 sequences do not include structured comments.
MISSING_PROJECT:157 sequences do not include project.
DISC_INCONSISTENT_MOLINFO_TECH:Molinfo Technique Report (some missing, all same)
DISC_GAPS:1 sequences contain gaps


Detailed Report

DiscRep_ALL:DISC_SOURCE_QUALS_ASNDISC::strain (all present, all unique)
DiscRep_SUB:DISC_SOURCE_QUALS_ASNDISC::1 sources have unique values for strain
DiscRep_ALL:DISC_SOURCE_QUALS_ASNDISC::taxname (all present, all unique)
DiscRep_SUB:DISC_SOURCE_QUALS_ASNDISC::1 sources have unique values for taxname
DiscRep_ALL:DISC_FEATURE_COUNT::gene: 156 present
DiscRep_ALL:DISC_FEATURE_COUNT::CDS: 156 present
DiscRep_ALL:DISC_COUNT_NUCLEOTIDES::1 nucleotide Bioseqs are present
KX894508_PROKKA/KX894508:Prokka:KCBEBCIG_1 (length 150562, 601 gap)

DiscRep_ALL:OVERLAPPING_GENES::30 genes overlap another gene on the same strand.
KX894508_PROKKA/KX894508:Gene	KCBEBCIG_00013	KCBEBCIG_1:c10247-9978	KCBEBCIG_00013
KX894508_PROKKA/KX894508:Gene	KCBEBCIG_00014	KCBEBCIG_1:c10719-10234	KCBEBCIG_00014
KX894508_PROKKA/KX894508:Gene	KCBEBCIG_00015	KCBEBCIG_1:c11026-10757	KCBEBCIG_00015
KX894508_PROKKA/KX894508:Gene	KCBEBCIG_00016	KCBEBCIG_1:c11547-11017	KCBEBCIG_00016
KX894508_PROKKA/KX894508:Gene	KCBEBCIG_00024	KCBEBCIG_1:c16679-16029	KCBEBCIG_00024
KX894508_PROKKA/KX894508:Gene	VPK2	KCBEBCIG_1:c18000-16657	KCBEBCIG_00025
KX894508_PROKKA/KX894508:Gene	PAPL	KCBEBCIG_1:c25178-23754	KCBEBCIG_00034
KX894508_PROKKA/KX894508:Gene	KCBEBCIG_00035	KCBEBCIG_1:c27382-25175	KCBEBCIG_00035
KX894508_PROKKA/KX894508:Gene	KCBEBCIG_00043	KCBEBCIG_1:c36056-35664	KCBEBCIG_00043
KX894508_PROKKA/KX894508:Gene	KCBEBCIG_00044	KCBEBCIG_1:c38097-36043	KCBEBCIG_00044
KX894508_PROKKA/KX894508:Gene	KCBEBCIG_00049	KCBEBCIG_1:c41686-40502	KCBEBCIG_00049
KX894508_PROKKA/KX894508:Gene	KCBEBCIG_00050	KCBEBCIG_1:c42980-41679	KCBEBCIG_00050
KX894508_PROKKA/KX894508:Gene	KCBEBCIG_00052	KCBEBCIG_1:c46803-45013	KCBEBCIG_00052
KX894508_PROKKA/KX894508:Gene	KCBEBCIG_00053	KCBEBCIG_1:c47045-46800	KCBEBCIG_00053
KX894508_PROKKA/KX894508:Gene	RPO7	KCBEBCIG_1:49455-49646	KCBEBCIG_00057
KX894508_PROKKA/KX894508:Gene	KCBEBCIG_00058	KCBEBCIG_1:49646-50170	KCBEBCIG_00058
KX894508_PROKKA/KX894508:Gene	KCBEBCIG_00066	KCBEBCIG_1:55976-56371	KCBEBCIG_00066
KX894508_PROKKA/KX894508:Gene	KCBEBCIG_00067	KCBEBCIG_1:56328-56771	KCBEBCIG_00067
KX894508_PROKKA/KX894508:Gene	KCBEBCIG_00082	KCBEBCIG_1:73642-74379	KCBEBCIG_00082
KX894508_PROKKA/KX894508:Gene	UNG	KCBEBCIG_1:74376-75032	KCBEBCIG_00083
KX894508_PROKKA/KX894508:Gene	KCBEBCIG_00084	KCBEBCIG_1:75075-77435	KCBEBCIG_00084
KX894508_PROKKA/KX894508:Gene	VETFS	KCBEBCIG_1:77432-79339	KCBEBCIG_00085
KX894508_PROKKA/KX894508:Gene	D9R	KCBEBCIG_1:79896-80537	KCBEBCIG_00087
KX894508_PROKKA/KX894508:Gene	KCBEBCIG_00088	KCBEBCIG_1:80537-81298	KCBEBCIG_00088
KX894508_PROKKA/KX894508:Gene	KCBEBCIG_00107	KCBEBCIG_1:c100199-99912	KCBEBCIG_00107
KX894508_PROKKA/KX894508:Gene	KCBEBCIG_00108	KCBEBCIG_1:c101316-100183	KCBEBCIG_00108
KX894508_PROKKA/KX894508:Gene	KCBEBCIG_00113	KCBEBCIG_1:103931-105223	KCBEBCIG_00113
KX894508_PROKKA/KX894508:Gene	KCBEBCIG_00114	KCBEBCIG_1:105192-105698	KCBEBCIG_00114
KX894508_PROKKA/KX894508:Gene	KCBEBCIG_00119	KCBEBCIG_1:c112176-111265	KCBEBCIG_00119
KX894508_PROKKA/KX894508:Gene	KCBEBCIG_00120	KCBEBCIG_1:c112369-112145	KCBEBCIG_00120

DiscRep_ALL:SUSPECT_PRODUCT_NAMES::3 product_names contain suspect phrase or characters
DiscRep_SUB:SUSPECT_PRODUCT_NAMES::May contain database identifier more appropriate in note; remove from product name
DiscRep_SUB:SUSPECT_PRODUCT_NAMES::1 features contains three or more numbers together that may be identifiers more appropriate in note
KX894508_PROKKA/KX894508:CDS	DNA-directed RNA polymerase 133 kDa polypeptide	KCBEBCIG_1:106911-110381	KCBEBCIG_00116

DiscRep_SUB:SUSPECT_PRODUCT_NAMES::use protein instead of gene as appropriate
DiscRep_SUB:SUSPECT_PRODUCT_NAMES::2 features contains 'gene'
KX894508_PROKKA/KX894508:CDS	Viral late gene transcription factor 2	KCBEBCIG_1:c86270-85818	KCBEBCIG_00092
KX894508_PROKKA/KX894508:CDS	Viral late gene transcription factor 3	KCBEBCIG_1:c86983-86300	KCBEBCIG_00093

DiscRep_ALL:DISC_QUALITY_SCORES::Quality scores are missing on all sequences.

DiscRep_ALL:DISC_BAD_BACTERIAL_GENE_NAME::35 bacterial genes do not start with lowercase letters
KX894508_PROKKA/KX894508:Gene	BCRF1	KCBEBCIG_1:2452-2964	KCBEBCIG_00004
KX894508_PROKKA/KX894508:Gene	DUT	KCBEBCIG_1:c12026-11586	KCBEBCIG_00017
KX894508_PROKKA/KX894508:Gene	F4L	KCBEBCIG_1:c14816-13851	KCBEBCIG_00020
KX894508_PROKKA/KX894508:Gene	VPK2	KCBEBCIG_1:c18000-16657	KCBEBCIG_00025
KX894508_PROKKA/KX894508:Gene	PAPL	KCBEBCIG_1:c25178-23754	KCBEBCIG_00034
KX894508_PROKKA/KX894508:Gene	E3L	KCBEBCIG_1:c27927-27394	KCBEBCIG_00036
KX894508_PROKKA/KX894508:Gene	POL	KCBEBCIG_1:c35346-32314	KCBEBCIG_00041
KX894508_PROKKA/KX894508:Gene	I3L	KCBEBCIG_1:c40203-39373	KCBEBCIG_00047
KX894508_PROKKA/KX894508:Gene	NPH2	KCBEBCIG_1:42986-45016	KCBEBCIG_00051
KX894508_PROKKA/KX894508:Gene	G5R	KCBEBCIG_1:48141-49454	KCBEBCIG_00056
KX894508_PROKKA/KX894508:Gene	RPO7	KCBEBCIG_1:49455-49646	KCBEBCIG_00057
KX894508_PROKKA/KX894508:Gene	VLTF1	KCBEBCIG_1:51335-52117	KCBEBCIG_00060
KX894508_PROKKA/KX894508:Gene	L1R	KCBEBCIG_1:53155-53892	KCBEBCIG_00062
KX894508_PROKKA/KX894508:Gene	L4R	KCBEBCIG_1:55199-55960	KCBEBCIG_00065
KX894508_PROKKA/KX894508:Gene	TK	KCBEBCIG_1:56799-57332	KCBEBCIG_00068
KX894508_PROKKA/KX894508:Gene	PAPS	KCBEBCIG_1:58072-59058	KCBEBCIG_00070
KX894508_PROKKA/KX894508:Gene	H3L	KCBEBCIG_1:c65953-64985	KCBEBCIG_00075
KX894508_PROKKA/KX894508:Gene	TOP1	KCBEBCIG_1:69236-70189	KCBEBCIG_00078
KX894508_PROKKA/KX894508:Gene	H7R	KCBEBCIG_1:70209-70652	KCBEBCIG_00079
KX894508_PROKKA/KX894508:Gene	D4L	KCBEBCIG_1:c73640-73173	KCBEBCIG_00081
KX894508_PROKKA/KX894508:Gene	UNG	KCBEBCIG_1:74376-75032	KCBEBCIG_00083
KX894508_PROKKA/KX894508:Gene	VETFS	KCBEBCIG_1:77432-79339	KCBEBCIG_00085
KX894508_PROKKA/KX894508:Gene	D9R	KCBEBCIG_1:79896-80537	KCBEBCIG_00087
KX894508_PROKKA/KX894508:Gene	NPH1	KCBEBCIG_1:c83211-81304	KCBEBCIG_00089
KX894508_PROKKA/KX894508:Gene	VLTF2	KCBEBCIG_1:c86270-85818	KCBEBCIG_00092
KX894508_PROKKA/KX894508:Gene	VLTF3	KCBEBCIG_1:c86983-86300	KCBEBCIG_00093
KX894508_PROKKA/KX894508:Gene	A6L	KCBEBCIG_1:c91500-90373	KCBEBCIG_00098
KX894508_PROKKA/KX894508:Gene	VETFL	KCBEBCIG_1:c93665-91521	KCBEBCIG_00099
KX894508_PROKKA/KX894508:Gene	VITF3S	KCBEBCIG_1:93722-94594	KCBEBCIG_00100
KX894508_PROKKA/KX894508:Gene	VITF3L	KCBEBCIG_1:105723-106880	KCBEBCIG_00115
KX894508_PROKKA/KX894508:Gene	LIG	KCBEBCIG_1:120358-122031	KCBEBCIG_00134
KX894508_PROKKA/KX894508:Gene	VPK1	KCBEBCIG_1:131626-132543	KCBEBCIG_00140
KX894508_PROKKA/KX894508:Gene	KBTB1_1	KCBEBCIG_1:135541-137208	KCBEBCIG_00145
KX894508_PROKKA/KX894508:Gene	SERP2	KCBEBCIG_1:143479-144492	KCBEBCIG_00150
KX894508_PROKKA/KX894508:Gene	KBTB1_2	KCBEBCIG_1:145058-146713	KCBEBCIG_00152

DiscRep_ALL:ONCALLER_COMMENT_PRESENT::1 comment descriptors were found (all same)
KX894508_PROKKA/KX894508:Prokka:KCBEBCIG_1:Annotated using prokka 1.14.6 from https://github.com/tseemann/prokka

DiscRep_ALL:SHORT_PROT_SEQUENCES::2 protein sequences are shorter than 50 aa.
KX894508_PROKKA/KX894508:Prokka:KCBEBCIG_00030 (length 48)
KX894508_PROKKA/KX894508:Prokka:KCBEBCIG_00121 (length 41)

DiscRep_ALL:MISSING_GENOMEASSEMBLY_COMMENTS::1 bioseqs are missing GenomeAssembly structured comments
KX894508_PROKKA/KX894508:Prokka:KCBEBCIG_1 (length 150562, 601 gap)

DiscRep_ALL:MOLTYPE_NOT_MRNA::1 molecule types are not set as mRNA.
KX894508_PROKKA/KX894508:Prokka:KCBEBCIG_1 (length 150562, 601 gap)

DiscRep_ALL:TECHNIQUE_NOT_TSA::1 technique are not set as TSA
KX894508_PROKKA/KX894508:Prokka:KCBEBCIG_1 (length 150562, 601 gap)

DiscRep_ALL:MISSING_STRUCTURED_COMMENT::1 sequences do not include structured comments.
KX894508_PROKKA/KX894508:Prokka:KCBEBCIG_1 (length 150562, 601 gap)

DiscRep_ALL:MISSING_PROJECT::157 sequences do not include project.
KX894508_PROKKA/KX894508:Prokka:KCBEBCIG_1 (length 150562, 601 gap)
KX894508_PROKKA/KX894508:Prokka:KCBEBCIG_00001 (length 61)
KX894508_PROKKA/KX894508:Prokka:KCBEBCIG_00002 (length 99)
KX894508_PROKKA/KX894508:Prokka:KCBEBCIG_00003 (length 240)
KX894508_PROKKA/KX894508:Prokka:KCBEBCIG_00004 (length 170)
KX894508_PROKKA/KX894508:Prokka:KCBEBCIG_00005 (length 231)
KX894508_PROKKA/KX894508:Prokka:KCBEBCIG_00006 (length 355)
KX894508_PROKKA/KX894508:Prokka:KCBEBCIG_00007 (length 275)
KX894508_PROKKA/KX894508:Prokka:KCBEBCIG_00008 (length 230)
KX894508_PROKKA/KX894508:Prokka:KCBEBCIG_00009 (length 162)
KX894508_PROKKA/KX894508:Prokka:KCBEBCIG_00010 (length 377)
KX894508_PROKKA/KX894508:Prokka:KCBEBCIG_00011 (length 211)
KX894508_PROKKA/KX894508:Prokka:KCBEBCIG_00012 (length 341)
KX894508_PROKKA/KX894508:Prokka:KCBEBCIG_00013 (length 89)
KX894508_PROKKA/KX894508:Prokka:KCBEBCIG_00014 (length 161)
KX894508_PROKKA/KX894508:Prokka:KCBEBCIG_00015 (length 89)
KX894508_PROKKA/KX894508:Prokka:KCBEBCIG_00016 (length 176)
KX894508_PROKKA/KX894508:Prokka:KCBEBCIG_00017 (length 146)
KX894508_PROKKA/KX894508:Prokka:KCBEBCIG_00018 (length 290)
KX894508_PROKKA/KX894508:Prokka:KCBEBCIG_00019 (length 270)
KX894508_PROKKA/KX894508:Prokka:KCBEBCIG_00020 (length 321)
KX894508_PROKKA/KX894508:Prokka:KCBEBCIG_00021 (length 86)
KX894508_PROKKA/KX894508:Prokka:KCBEBCIG_00022 (length 114)
KX894508_PROKKA/KX894508:Prokka:KCBEBCIG_00023 (length 72)
KX894508_PROKKA/KX894508:Prokka:KCBEBCIG_00024 (length 216)
KX894508_PROKKA/KX894508:Prokka:KCBEBCIG_00025 (length 447)
KX894508_PROKKA/KX894508:Prokka:KCBEBCIG_00026 (length 124)
KX894508_PROKKA/KX894508:Prokka:KCBEBCIG_00027 (length 107)
KX894508_PROKKA/KX894508:Prokka:KCBEBCIG_00028 (length 638)
KX894508_PROKKA/KX894508:Prokka:KCBEBCIG_00029 (length 370)
KX894508_PROKKA/KX894508:Prokka:KCBEBCIG_00030 (length 48)
KX894508_PROKKA/KX894508:Prokka:KCBEBCIG_00031 (length 145)
KX894508_PROKKA/KX894508:Prokka:KCBEBCIG_00032 (length 219)
KX894508_PROKKA/KX894508:Prokka:KCBEBCIG_00033 (length 104)
KX894508_PROKKA/KX894508:Prokka:KCBEBCIG_00034 (length 474)
KX894508_PROKKA/KX894508:Prokka:KCBEBCIG_00035 (length 735)
KX894508_PROKKA/KX894508:Prokka:KCBEBCIG_00036 (length 177)
KX894508_PROKKA/KX894508:Prokka:KCBEBCIG_00037 (length 201)
KX894508_PROKKA/KX894508:Prokka:KCBEBCIG_00038 (length 374)
KX894508_PROKKA/KX894508:Prokka:KCBEBCIG_00039 (length 566)
KX894508_PROKKA/KX894508:Prokka:KCBEBCIG_00040 (length 266)
KX894508_PROKKA/KX894508:Prokka:KCBEBCIG_00041 (length 1010)
KX894508_PROKKA/KX894508:Prokka:KCBEBCIG_00042 (length 95)
KX894508_PROKKA/KX894508:Prokka:KCBEBCIG_00043 (length 130)
KX894508_PROKKA/KX894508:Prokka:KCBEBCIG_00044 (length 684)
KX894508_PROKKA/KX894508:Prokka:KCBEBCIG_00045 (length 314)
KX894508_PROKKA/KX894508:Prokka:KCBEBCIG_00046 (length 72)
KX894508_PROKKA/KX894508:Prokka:KCBEBCIG_00047 (length 276)
KX894508_PROKKA/KX894508:Prokka:KCBEBCIG_00048 (length 78)
KX894508_PROKKA/KX894508:Prokka:KCBEBCIG_00049 (length 394)
KX894508_PROKKA/KX894508:Prokka:KCBEBCIG_00050 (length 433)
KX894508_PROKKA/KX894508:Prokka:KCBEBCIG_00051 (length 676)
KX894508_PROKKA/KX894508:Prokka:KCBEBCIG_00052 (length 596)
KX894508_PROKKA/KX894508:Prokka:KCBEBCIG_00053 (length 81)
KX894508_PROKKA/KX894508:Prokka:KCBEBCIG_00054 (length 222)
KX894508_PROKKA/KX894508:Prokka:KCBEBCIG_00055 (length 126)
KX894508_PROKKA/KX894508:Prokka:KCBEBCIG_00056 (length 437)
KX894508_PROKKA/KX894508:Prokka:KCBEBCIG_00057 (length 63)
KX894508_PROKKA/KX894508:Prokka:KCBEBCIG_00058 (length 174)
KX894508_PROKKA/KX894508:Prokka:KCBEBCIG_00059 (length 373)
KX894508_PROKKA/KX894508:Prokka:KCBEBCIG_00060 (length 260)
KX894508_PROKKA/KX894508:Prokka:KCBEBCIG_00061 (length 336)
KX894508_PROKKA/KX894508:Prokka:KCBEBCIG_00062 (length 245)
KX894508_PROKKA/KX894508:Prokka:KCBEBCIG_00063 (length 92)
KX894508_PROKKA/KX894508:Prokka:KCBEBCIG_00064 (length 318)
KX894508_PROKKA/KX894508:Prokka:KCBEBCIG_00065 (length 253)
KX894508_PROKKA/KX894508:Prokka:KCBEBCIG_00066 (length 131)
KX894508_PROKKA/KX894508:Prokka:KCBEBCIG_00067 (length 147)
KX894508_PROKKA/KX894508:Prokka:KCBEBCIG_00068 (length 177)
KX894508_PROKKA/KX894508:Prokka:KCBEBCIG_00069 (length 197)
KX894508_PROKKA/KX894508:Prokka:KCBEBCIG_00070 (length 328)
KX894508_PROKKA/KX894508:Prokka:KCBEBCIG_00071 (length 133)
KX894508_PROKKA/KX894508:Prokka:KCBEBCIG_00072 (length 1285)
KX894508_PROKKA/KX894508:Prokka:KCBEBCIG_00073 (length 171)
KX894508_PROKKA/KX894508:Prokka:KCBEBCIG_00074 (length 190)
KX894508_PROKKA/KX894508:Prokka:KCBEBCIG_00075 (length 322)
KX894508_PROKKA/KX894508:Prokka:KCBEBCIG_00076 (length 798)
KX894508_PROKKA/KX894508:Prokka:KCBEBCIG_00077 (length 223)
KX894508_PROKKA/KX894508:Prokka:KCBEBCIG_00078 (length 317)
KX894508_PROKKA/KX894508:Prokka:KCBEBCIG_00079 (length 147)
KX894508_PROKKA/KX894508:Prokka:KCBEBCIG_00080 (length 842)
KX894508_PROKKA/KX894508:Prokka:KCBEBCIG_00081 (length 155)
KX894508_PROKKA/KX894508:Prokka:KCBEBCIG_00082 (length 245)
KX894508_PROKKA/KX894508:Prokka:KCBEBCIG_00083 (length 218)
KX894508_PROKKA/KX894508:Prokka:KCBEBCIG_00084 (length 786)
KX894508_PROKKA/KX894508:Prokka:KCBEBCIG_00085 (length 635)
KX894508_PROKKA/KX894508:Prokka:KCBEBCIG_00086 (length 163)
KX894508_PROKKA/KX894508:Prokka:KCBEBCIG_00087 (length 213)
KX894508_PROKKA/KX894508:Prokka:KCBEBCIG_00088 (length 253)
KX894508_PROKKA/KX894508:Prokka:KCBEBCIG_00089 (length 635)
KX894508_PROKKA/KX894508:Prokka:KCBEBCIG_00090 (length 287)
KX894508_PROKKA/KX894508:Prokka:KCBEBCIG_00091 (length 549)
KX894508_PROKKA/KX894508:Prokka:KCBEBCIG_00092 (length 150)
KX894508_PROKKA/KX894508:Prokka:KCBEBCIG_00093 (length 227)
KX894508_PROKKA/KX894508:Prokka:KCBEBCIG_00094 (length 75)
KX894508_PROKKA/KX894508:Prokka:KCBEBCIG_00095 (length 661)
KX894508_PROKKA/KX894508:Prokka:KCBEBCIG_00096 (length 161)
KX894508_PROKKA/KX894508:Prokka:KCBEBCIG_00097 (length 169)
KX894508_PROKKA/KX894508:Prokka:KCBEBCIG_00098 (length 375)
KX894508_PROKKA/KX894508:Prokka:KCBEBCIG_00099 (length 714)
KX894508_PROKKA/KX894508:Prokka:KCBEBCIG_00100 (length 290)
KX894508_PROKKA/KX894508:Prokka:KCBEBCIG_00101 (length 78)
KX894508_PROKKA/KX894508:Prokka:KCBEBCIG_00102 (length 904)
KX894508_PROKKA/KX894508:Prokka:KCBEBCIG_00103 (length 317)
KX894508_PROKKA/KX894508:Prokka:KCBEBCIG_00104 (length 190)
KX894508_PROKKA/KX894508:Prokka:KCBEBCIG_00105 (length 67)
KX894508_PROKKA/KX894508:Prokka:KCBEBCIG_00106 (length 95)
KX894508_PROKKA/KX894508:Prokka:KCBEBCIG_00107 (length 95)
KX894508_PROKKA/KX894508:Prokka:KCBEBCIG_00108 (length 377)
KX894508_PROKKA/KX894508:Prokka:KCBEBCIG_00109 (length 196)
KX894508_PROKKA/KX894508:Prokka:KCBEBCIG_00110 (length 480)
KX894508_PROKKA/KX894508:Prokka:KCBEBCIG_00111 (length 74)
KX894508_PROKKA/KX894508:Prokka:KCBEBCIG_00112 (length 52)
KX894508_PROKKA/KX894508:Prokka:KCBEBCIG_00113 (length 430)
KX894508_PROKKA/KX894508:Prokka:KCBEBCIG_00114 (length 168)
KX894508_PROKKA/KX894508:Prokka:KCBEBCIG_00115 (length 385)
KX894508_PROKKA/KX894508:Prokka:KCBEBCIG_00116 (length 1156)
KX894508_PROKKA/KX894508:Prokka:KCBEBCIG_00117 (length 148)
KX894508_PROKKA/KX894508:Prokka:KCBEBCIG_00118 (length 140)
KX894508_PROKKA/KX894508:Prokka:KCBEBCIG_00119 (length 303)
KX894508_PROKKA/KX894508:Prokka:KCBEBCIG_00120 (length 74)
KX894508_PROKKA/KX894508:Prokka:KCBEBCIG_00121 (length 41)
KX894508_PROKKA/KX894508:Prokka:KCBEBCIG_00122 (length 254)
KX894508_PROKKA/KX894508:Prokka:KCBEBCIG_00123 (length 196)
KX894508_PROKKA/KX894508:Prokka:KCBEBCIG_00124 (length 171)
KX894508_PROKKA/KX894508:Prokka:KCBEBCIG_00125 (length 191)
KX894508_PROKKA/KX894508:Prokka:KCBEBCIG_00126 (length 288)
KX894508_PROKKA/KX894508:Prokka:KCBEBCIG_00127 (length 181)
KX894508_PROKKA/KX894508:Prokka:KCBEBCIG_00128 (length 273)
KX894508_PROKKA/KX894508:Prokka:KCBEBCIG_00129 (length 301)
KX894508_PROKKA/KX894508:Prokka:KCBEBCIG_00130 (length 123)
KX894508_PROKKA/KX894508:Prokka:KCBEBCIG_00131 (length 81)
KX894508_PROKKA/KX894508:Prokka:KCBEBCIG_00132 (length 161)
KX894508_PROKKA/KX894508:Prokka:KCBEBCIG_00133 (length 176)
KX894508_PROKKA/KX894508:Prokka:KCBEBCIG_00134 (length 557)
KX894508_PROKKA/KX894508:Prokka:KCBEBCIG_00135 (length 1985)
KX894508_PROKKA/KX894508:Prokka:KCBEBCIG_00136 (length 360)
KX894508_PROKKA/KX894508:Prokka:KCBEBCIG_00137 (length 153)
KX894508_PROKKA/KX894508:Prokka:KCBEBCIG_00138 (length 335)
KX894508_PROKKA/KX894508:Prokka:KCBEBCIG_00139 (length 186)
KX894508_PROKKA/KX894508:Prokka:KCBEBCIG_00140 (length 305)
KX894508_PROKKA/KX894508:Prokka:KCBEBCIG_00141 (length 240)
KX894508_PROKKA/KX894508:Prokka:KCBEBCIG_00142 (length 224)
KX894508_PROKKA/KX894508:Prokka:KCBEBCIG_00143 (length 134)
KX894508_PROKKA/KX894508:Prokka:KCBEBCIG_00144 (length 302)
KX894508_PROKKA/KX894508:Prokka:KCBEBCIG_00145 (length 555)
KX894508_PROKKA/KX894508:Prokka:KCBEBCIG_00146 (length 634)
KX894508_PROKKA/KX894508:Prokka:KCBEBCIG_00147 (length 413)
KX894508_PROKKA/KX894508:Prokka:KCBEBCIG_00148 (length 498)
KX894508_PROKKA/KX894508:Prokka:KCBEBCIG_00149 (length 447)
KX894508_PROKKA/KX894508:Prokka:KCBEBCIG_00150 (length 337)
KX894508_PROKKA/KX894508:Prokka:KCBEBCIG_00151 (length 161)
KX894508_PROKKA/KX894508:Prokka:KCBEBCIG_00152 (length 551)
KX894508_PROKKA/KX894508:Prokka:KCBEBCIG_00153 (length 489)
KX894508_PROKKA/KX894508:Prokka:KCBEBCIG_00154 (length 91)
KX894508_PROKKA/KX894508:Prokka:KCBEBCIG_00155 (length 240)
KX894508_PROKKA/KX894508:Prokka:KCBEBCIG_00156 (length 99)

DiscRep_ALL:DISC_INCONSISTENT_MOLINFO_TECH::Molinfo Technique Report (some missing, all same)
DiscRep_SUB:DISC_INCONSISTENT_MOLINFO_TECH::technique (all missing)
DiscRep_SUB:DISC_INCONSISTENT_MOLINFO_TECH::1 Molinfos are missing field technique
KX894508_PROKKA/KX894508:Prokka:KCBEBCIG_1 (length 150562, 601 gap)

DiscRep_ALL:DISC_GAPS::1 sequences contain gaps
KX894508_PROKKA/KX894508:Prokka:KCBEBCIG_1 (length 150562, 601 gap)

