[11:40:05] This is prokka 1.14.6
[11:40:05] Written by Torsten Seemann <torsten.seemann@gmail.com>
[11:40:05] Homepage is https://github.com/tseemann/prokka
[11:40:05] Local time is Tue Apr 16 11:40:05 2024
[11:40:05] You are downing
[11:40:05] Operating system is linux
[11:40:05] You have BioPerl 1.7.8
[11:40:05] System has 64 cores.
[11:40:05] Will use maximum of 8 cores.
[11:40:05] Annotating as >>> Viruses <<<
[11:40:05] Generating locus_tag from '../../../CURRENT/PANGROWTH/SEQS/MN072629.1_Sheeppox_virus_Pendik_sheep.fa' contents.
[11:40:05] Setting --locustag NDKHMHIG from MD5 7d416120e2c00acf0e79c2734ec42090
[11:40:05] Creating new output folder: ../../../CURRENT/PANGROWTH/SEQS/MN072629.1_Sheeppox_virus_Pendik_sheep_PROKKA
[11:40:05] Running: mkdir -p \.\.\/\.\.\/\.\.\/CURRENT\/PANGROWTH\/SEQS\/MN072629\.1_Sheeppox_virus_Pendik_sheep_PROKKA
[11:40:05] Using filename prefix: MN072629.1_Sheeppox_virus_Pendik_sheep.XXX
[11:40:05] Setting HMMER_NCPU=1
[11:40:05] Writing log to: ../../../CURRENT/PANGROWTH/SEQS/MN072629.1_Sheeppox_virus_Pendik_sheep_PROKKA/MN072629.1_Sheeppox_virus_Pendik_sheep.log
[11:40:05] Command: /mnt/lustre/RDS-live/downing/miniconda3/envs/snippy/bin/prokka --kingdom Viruses --proteins KX894508.gb --gffver 3 --usegenus --outdir ../../../CURRENT/PANGROWTH/SEQS/MN072629.1_Sheeppox_virus_Pendik_sheep_PROKKA --force --genus Capripoxvirus --prefix MN072629.1_Sheeppox_virus_Pendik_sheep ../../../CURRENT/PANGROWTH/SEQS/MN072629.1_Sheeppox_virus_Pendik_sheep.fa
[11:40:05] Appending to PATH: /mnt/lustre/RDS-live/downing/miniconda3/envs/snippy/bin
[11:40:05] Looking for 'aragorn' - found /mnt/lustre/RDS-live/downing/miniconda3/envs/snippy/bin/aragorn
[11:40:05] Determined aragorn version is 001002 from 'ARAGORN v1.2.41 Dean Laslett'
[11:40:05] Looking for 'barrnap' - found /mnt/lustre/RDS-live/downing/miniconda3/envs/snippy/bin/barrnap
[11:40:05] Determined barrnap version is 000009 from 'barrnap 0.9'
[11:40:05] Looking for 'blastp' - found /mnt/lustre/RDS-live/downing/miniconda3/envs/snippy/bin/blastp
[11:40:05] Determined blastp version is 002013 from 'blastp: 2.13.0+'
[11:40:05] Looking for 'cmpress' - found /mnt/lustre/RDS-live/downing/miniconda3/envs/snippy/bin/cmpress
[11:40:05] Determined cmpress version is 001001 from '# INFERNAL 1.1.4 (Dec 2020)'
[11:40:05] Looking for 'cmscan' - found /mnt/lustre/RDS-live/downing/miniconda3/envs/snippy/bin/cmscan
[11:40:05] Determined cmscan version is 001001 from '# INFERNAL 1.1.4 (Dec 2020)'
[11:40:05] Looking for 'egrep' - found /usr/bin/egrep
[11:40:05] Looking for 'find' - found /usr/bin/find
[11:40:05] Looking for 'grep' - found /usr/bin/grep
[11:40:05] Looking for 'hmmpress' - found /mnt/lustre/RDS-live/downing/miniconda3/envs/snippy/bin/hmmpress
[11:40:05] Determined hmmpress version is 003003 from '# HMMER 3.3.2 (Nov 2020); http://hmmer.org/'
[11:40:05] Looking for 'hmmscan' - found /mnt/lustre/RDS-live/downing/miniconda3/envs/snippy/bin/hmmscan
[11:40:05] Determined hmmscan version is 003003 from '# HMMER 3.3.2 (Nov 2020); http://hmmer.org/'
[11:40:05] Looking for 'java' - found /mnt/lustre/RDS-live/downing/miniconda3/envs/snippy/bin/java
[11:40:05] Looking for 'makeblastdb' - found /mnt/lustre/RDS-live/downing/miniconda3/envs/snippy/bin/makeblastdb
[11:40:05] Determined makeblastdb version is 002013 from 'makeblastdb: 2.13.0+'
[11:40:05] Looking for 'minced' - found /mnt/lustre/RDS-live/downing/miniconda3/envs/snippy/bin/minced
[11:40:05] Determined minced version is 004002 from 'minced 0.4.2'
[11:40:05] Looking for 'parallel' - found /mnt/lustre/RDS-live/downing/miniconda3/envs/snippy/bin/parallel
[11:40:05] Determined parallel version is 20220922 from 'GNU parallel 20220922'
[11:40:05] Looking for 'prodigal' - found /mnt/lustre/RDS-live/downing/miniconda3/envs/snippy/bin/prodigal
[11:40:05] Determined prodigal version is 002006 from 'Prodigal V2.6.3: February, 2016'
[11:40:05] Looking for 'prokka-genbank_to_fasta_db' - found /mnt/lustre/RDS-live/downing/miniconda3/envs/snippy/bin/prokka-genbank_to_fasta_db
[11:40:05] Looking for 'sed' - found /cm/shared/apps/mambaforge/envs/R.4.2.2/bin/sed
[11:40:05] Looking for 'tbl2asn' - found /mnt/lustre/RDS-live/downing/miniconda3/envs/snippy/bin/tbl2asn
[11:40:05] Determined tbl2asn version is 025007 from 'tbl2asn 25.7   arguments:'
[11:40:05] Using genetic code table 1.
[11:40:05] Loading and checking input file: ../../../CURRENT/PANGROWTH/SEQS/MN072629.1_Sheeppox_virus_Pendik_sheep.fa
[11:40:05] Contig ID must <= 37 chars long: MN072629.1_Sheeppox_virus_Pendik_sheep
[11:40:05] Please rename your contigs OR try '--centre X --compliant' to generate clean contig names.
